<?xml version="1.0" encoding="UTF-8"?>
<testsuite name="com.epam.esm.controller.TagControllerTest" tests="6" skipped="0" failures="0" errors="0" timestamp="2021-11-09T23:17:55" hostname="RazorLTP" time="0.14">
  <properties/>
  <testcase name="deleteFailTest" classname="com.epam.esm.controller.TagControllerTest" time="0.015"/>
  <testcase name="deleteSuccessTest" classname="com.epam.esm.controller.TagControllerTest" time="0.012"/>
  <testcase name="createSuccessTest" classname="com.epam.esm.controller.TagControllerTest" time="0.023"/>
  <testcase name="getAllTest" classname="com.epam.esm.controller.TagControllerTest" time="0.059"/>
  <testcase name="createBadRequestTest" classname="com.epam.esm.controller.TagControllerTest" time="0.011"/>
  <testcase name="createConflictTest" classname="com.epam.esm.controller.TagControllerTest" time="0.017"/>
  <system-out><![CDATA[2021-11-10 02:17:55.397  INFO 34173 --- [    Test worker] .b.t.c.SpringBootTestContextBootstrapper : Neither @ContextConfiguration nor @ContextHierarchy found for test class [com.epam.esm.controller.TagControllerTest], using SpringBootContextLoader
2021-11-10 02:17:55.398  INFO 34173 --- [    Test worker] o.s.t.c.support.AbstractContextLoader    : Could not detect default resource locations for test class [com.epam.esm.controller.TagControllerTest]: no resource found for suffixes {-context.xml, Context.groovy}.
2021-11-10 02:17:55.403  INFO 34173 --- [    Test worker] .b.t.c.SpringBootTestContextBootstrapper : Loaded default TestExecutionListener class names from location [META-INF/spring.factories]: [org.springframework.boot.test.autoconfigure.restdocs.RestDocsTestExecutionListener, org.springframework.boot.test.autoconfigure.web.client.MockRestServiceServerResetTestExecutionListener, org.springframework.boot.test.autoconfigure.web.servlet.MockMvcPrintOnlyOnFailureTestExecutionListener, org.springframework.boot.test.autoconfigure.web.servlet.WebDriverTestExecutionListener, org.springframework.boot.test.autoconfigure.webservices.client.MockWebServiceServerTestExecutionListener, org.springframework.boot.test.mock.mockito.MockitoTestExecutionListener, org.springframework.boot.test.mock.mockito.ResetMocksTestExecutionListener, org.springframework.test.context.web.ServletTestExecutionListener, org.springframework.test.context.support.DirtiesContextBeforeModesTestExecutionListener, org.springframework.test.context.event.ApplicationEventsTestExecutionListener, org.springframework.test.context.support.DependencyInjectionTestExecutionListener, org.springframework.test.context.support.DirtiesContextTestExecutionListener, org.springframework.test.context.transaction.TransactionalTestExecutionListener, org.springframework.test.context.jdbc.SqlScriptsTestExecutionListener, org.springframework.test.context.event.EventPublishingTestExecutionListener]
2021-11-10 02:17:55.403  INFO 34173 --- [    Test worker] .b.t.c.SpringBootTestContextBootstrapper : Using TestExecutionListeners: [org.springframework.test.context.web.ServletTestExecutionListener@2e9205d4, org.springframework.test.context.support.DirtiesContextBeforeModesTestExecutionListener@1e8ba605, org.springframework.test.context.event.ApplicationEventsTestExecutionListener@8a6a3f8, org.springframework.boot.test.mock.mockito.MockitoTestExecutionListener@2bcf962f, org.springframework.boot.test.autoconfigure.SpringBootDependencyInjectionTestExecutionListener@15cd8a27, org.springframework.test.context.support.DirtiesContextTestExecutionListener@56b5ad15, org.springframework.test.context.transaction.TransactionalTestExecutionListener@6b317d58, org.springframework.test.context.jdbc.SqlScriptsTestExecutionListener@3c18e0ff, org.springframework.test.context.event.EventPublishingTestExecutionListener@457dc9e9, org.springframework.boot.test.autoconfigure.restdocs.RestDocsTestExecutionListener@3e5b0956, org.springframework.boot.test.autoconfigure.web.client.MockRestServiceServerResetTestExecutionListener@5e606878, org.springframework.boot.test.autoconfigure.web.servlet.MockMvcPrintOnlyOnFailureTestExecutionListener@25847453, org.springframework.boot.test.autoconfigure.web.servlet.WebDriverTestExecutionListener@e9dc38b, org.springframework.boot.test.autoconfigure.webservices.client.MockWebServiceServerTestExecutionListener@686a6ab7, org.springframework.boot.test.mock.mockito.ResetMocksTestExecutionListener@3594fc6a]
2021-11-10 02:17:55.407  INFO 34173 --- [    Test worker] o.s.t.c.transaction.TransactionContext   : Began transaction (1) for test context [DefaultTestContext@12deb1cc testClass = TagControllerTest, testInstance = com.epam.esm.controller.TagControllerTest@74b111a2, testMethod = deleteFailTest@TagControllerTest, testException = [null], mergedContextConfiguration = [WebMergedContextConfiguration@2e31487b testClass = TagControllerTest, locations = '{}', classes = '{class com.epam.esm.Application}', contextInitializerClasses = '[]', activeProfiles = '{}', propertySourceLocations = '{}', propertySourceProperties = '{org.springframework.boot.test.context.SpringBootTestContextBootstrapper=true}', contextCustomizers = set[org.springframework.boot.test.autoconfigure.actuate.metrics.MetricsExportContextCustomizerFactory$DisableMetricExportContextCustomizer@1b9f22eb, org.springframework.boot.test.autoconfigure.properties.PropertyMappingContextCustomizer@4b3fa0b3, org.springframework.boot.test.autoconfigure.web.servlet.WebDriverContextCustomizerFactory$Customizer@5266acfa, [ImportsContextCustomizer@4fae5623 key = [org.springframework.boot.test.autoconfigure.web.servlet.MockMvcAutoConfiguration, org.springframework.boot.test.autoconfigure.web.servlet.MockMvcWebClientAutoConfiguration, org.springframework.boot.test.autoconfigure.web.servlet.MockMvcWebDriverAutoConfiguration, org.springframework.boot.autoconfigure.security.oauth2.client.servlet.OAuth2ClientAutoConfiguration, org.springframework.boot.autoconfigure.security.oauth2.resource.servlet.OAuth2ResourceServerAutoConfiguration, org.springframework.boot.autoconfigure.security.servlet.SecurityAutoConfiguration, org.springframework.boot.autoconfigure.security.servlet.SecurityFilterAutoConfiguration, org.springframework.boot.autoconfigure.security.servlet.UserDetailsServiceAutoConfiguration, org.springframework.boot.test.autoconfigure.web.servlet.MockMvcSecurityConfiguration, com.epam.esm.configuration.ServiceTestConfiguration]], org.springframework.boot.test.context.filter.ExcludeFilterContextCustomizer@468d1e03, org.springframework.boot.test.json.DuplicateJsonObjectContextCustomizerFactory$DuplicateJsonObjectContextCustomizer@3ec7e4f6, org.springframework.boot.test.mock.mockito.MockitoContextCustomizer@0, org.springframework.boot.test.web.client.TestRestTemplateContextCustomizer@1cb5638c, org.springframework.boot.test.context.SpringBootTestArgs@1, org.springframework.boot.test.context.SpringBootTestWebEnvironment@63834dc], resourceBasePath = 'src/main/webapp', contextLoader = 'org.springframework.boot.test.context.SpringBootContextLoader', parent = [null]], attributes = map['org.springframework.test.context.web.ServletTestExecutionListener.activateListener' -> true, 'org.springframework.test.context.web.ServletTestExecutionListener.populatedRequestContextHolder' -> true, 'org.springframework.test.context.web.ServletTestExecutionListener.resetRequestContextHolder' -> true, 'org.springframework.test.context.event.ApplicationEventsTestExecutionListener.recordApplicationEvents' -> false]]; transaction manager [org.springframework.orm.jpa.JpaTransactionManager@4687dcf2]; rollback [true]
Hibernate: select tagentity0_.id as id1_4_0_, tagentity0_.name as name2_4_0_ from TagEntity tagentity0_ where tagentity0_.id=?
2021-11-10 02:17:55.420  INFO 34173 --- [    Test worker] i.StatisticalLoggingSessionEventListener : Session Metrics {
    425801 nanoseconds spent acquiring 1 JDBC connections;
    0 nanoseconds spent releasing 0 JDBC connections;
    297158 nanoseconds spent preparing 1 JDBC statements;
    145367 nanoseconds spent executing 1 JDBC statements;
    0 nanoseconds spent executing 0 JDBC batches;
    0 nanoseconds spent performing 0 L2C puts;
    0 nanoseconds spent performing 0 L2C hits;
    0 nanoseconds spent performing 0 L2C misses;
    0 nanoseconds spent executing 0 flushes (flushing a total of 0 entities and 0 collections);
    0 nanoseconds spent executing 0 partial-flushes (flushing a total of 0 entities and 0 collections)
}
2021-11-10 02:17:55.421  INFO 34173 --- [    Test worker] o.s.t.c.transaction.TransactionContext   : Rolled back transaction for test: [DefaultTestContext@12deb1cc testClass = TagControllerTest, testInstance = com.epam.esm.controller.TagControllerTest@74b111a2, testMethod = deleteFailTest@TagControllerTest, testException = [null], mergedContextConfiguration = [WebMergedContextConfiguration@2e31487b testClass = TagControllerTest, locations = '{}', classes = '{class com.epam.esm.Application}', contextInitializerClasses = '[]', activeProfiles = '{}', propertySourceLocations = '{}', propertySourceProperties = '{org.springframework.boot.test.context.SpringBootTestContextBootstrapper=true}', contextCustomizers = set[org.springframework.boot.test.autoconfigure.actuate.metrics.MetricsExportContextCustomizerFactory$DisableMetricExportContextCustomizer@1b9f22eb, org.springframework.boot.test.autoconfigure.properties.PropertyMappingContextCustomizer@4b3fa0b3, org.springframework.boot.test.autoconfigure.web.servlet.WebDriverContextCustomizerFactory$Customizer@5266acfa, [ImportsContextCustomizer@4fae5623 key = [org.springframework.boot.test.autoconfigure.web.servlet.MockMvcAutoConfiguration, org.springframework.boot.test.autoconfigure.web.servlet.MockMvcWebClientAutoConfiguration, org.springframework.boot.test.autoconfigure.web.servlet.MockMvcWebDriverAutoConfiguration, org.springframework.boot.autoconfigure.security.oauth2.client.servlet.OAuth2ClientAutoConfiguration, org.springframework.boot.autoconfigure.security.oauth2.resource.servlet.OAuth2ResourceServerAutoConfiguration, org.springframework.boot.autoconfigure.security.servlet.SecurityAutoConfiguration, org.springframework.boot.autoconfigure.security.servlet.SecurityFilterAutoConfiguration, org.springframework.boot.autoconfigure.security.servlet.UserDetailsServiceAutoConfiguration, org.springframework.boot.test.autoconfigure.web.servlet.MockMvcSecurityConfiguration, com.epam.esm.configuration.ServiceTestConfiguration]], org.springframework.boot.test.context.filter.ExcludeFilterContextCustomizer@468d1e03, org.springframework.boot.test.json.DuplicateJsonObjectContextCustomizerFactory$DuplicateJsonObjectContextCustomizer@3ec7e4f6, org.springframework.boot.test.mock.mockito.MockitoContextCustomizer@0, org.springframework.boot.test.web.client.TestRestTemplateContextCustomizer@1cb5638c, org.springframework.boot.test.context.SpringBootTestArgs@1, org.springframework.boot.test.context.SpringBootTestWebEnvironment@63834dc], resourceBasePath = 'src/main/webapp', contextLoader = 'org.springframework.boot.test.context.SpringBootContextLoader', parent = [null]], attributes = map['org.springframework.test.context.web.ServletTestExecutionListener.activateListener' -> true, 'org.springframework.test.context.web.ServletTestExecutionListener.populatedRequestContextHolder' -> true, 'org.springframework.test.context.web.ServletTestExecutionListener.resetRequestContextHolder' -> true, 'org.springframework.test.context.event.ApplicationEventsTestExecutionListener.recordApplicationEvents' -> false]]
2021-11-10 02:17:55.424  INFO 34173 --- [    Test worker] o.s.t.c.transaction.TransactionContext   : Began transaction (1) for test context [DefaultTestContext@12deb1cc testClass = TagControllerTest, testInstance = com.epam.esm.controller.TagControllerTest@5e3a011d, testMethod = deleteSuccessTest@TagControllerTest, testException = [null], mergedContextConfiguration = [WebMergedContextConfiguration@2e31487b testClass = TagControllerTest, locations = '{}', classes = '{class com.epam.esm.Application}', contextInitializerClasses = '[]', activeProfiles = '{}', propertySourceLocations = '{}', propertySourceProperties = '{org.springframework.boot.test.context.SpringBootTestContextBootstrapper=true}', contextCustomizers = set[org.springframework.boot.test.autoconfigure.actuate.metrics.MetricsExportContextCustomizerFactory$DisableMetricExportContextCustomizer@1b9f22eb, org.springframework.boot.test.autoconfigure.properties.PropertyMappingContextCustomizer@4b3fa0b3, org.springframework.boot.test.autoconfigure.web.servlet.WebDriverContextCustomizerFactory$Customizer@5266acfa, [ImportsContextCustomizer@4fae5623 key = [org.springframework.boot.test.autoconfigure.web.servlet.MockMvcAutoConfiguration, org.springframework.boot.test.autoconfigure.web.servlet.MockMvcWebClientAutoConfiguration, org.springframework.boot.test.autoconfigure.web.servlet.MockMvcWebDriverAutoConfiguration, org.springframework.boot.autoconfigure.security.oauth2.client.servlet.OAuth2ClientAutoConfiguration, org.springframework.boot.autoconfigure.security.oauth2.resource.servlet.OAuth2ResourceServerAutoConfiguration, org.springframework.boot.autoconfigure.security.servlet.SecurityAutoConfiguration, org.springframework.boot.autoconfigure.security.servlet.SecurityFilterAutoConfiguration, org.springframework.boot.autoconfigure.security.servlet.UserDetailsServiceAutoConfiguration, org.springframework.boot.test.autoconfigure.web.servlet.MockMvcSecurityConfiguration, com.epam.esm.configuration.ServiceTestConfiguration]], org.springframework.boot.test.context.filter.ExcludeFilterContextCustomizer@468d1e03, org.springframework.boot.test.json.DuplicateJsonObjectContextCustomizerFactory$DuplicateJsonObjectContextCustomizer@3ec7e4f6, org.springframework.boot.test.mock.mockito.MockitoContextCustomizer@0, org.springframework.boot.test.web.client.TestRestTemplateContextCustomizer@1cb5638c, org.springframework.boot.test.context.SpringBootTestArgs@1, org.springframework.boot.test.context.SpringBootTestWebEnvironment@63834dc], resourceBasePath = 'src/main/webapp', contextLoader = 'org.springframework.boot.test.context.SpringBootContextLoader', parent = [null]], attributes = map['org.springframework.test.context.web.ServletTestExecutionListener.activateListener' -> true, 'org.springframework.test.context.web.ServletTestExecutionListener.populatedRequestContextHolder' -> true, 'org.springframework.test.context.web.ServletTestExecutionListener.resetRequestContextHolder' -> true, 'org.springframework.test.context.event.ApplicationEventsTestExecutionListener.recordApplicationEvents' -> false]]; transaction manager [org.springframework.orm.jpa.JpaTransactionManager@4687dcf2]; rollback [true]
Hibernate: select tagentity0_.id as id1_4_, tagentity0_.name as name2_4_ from TagEntity tagentity0_ where tagentity0_.name=?
Hibernate: select tagentity0_.id as id1_4_, tagentity0_.name as name2_4_ from TagEntity tagentity0_ where tagentity0_.name=?
Hibernate: insert into TagEntity (id, name) values (null, ?)
2021-11-10 02:17:55.433  INFO 34173 --- [    Test worker] i.StatisticalLoggingSessionEventListener : Session Metrics {
    461670 nanoseconds spent acquiring 1 JDBC connections;
    0 nanoseconds spent releasing 0 JDBC connections;
    370752 nanoseconds spent preparing 3 JDBC statements;
    452261 nanoseconds spent executing 3 JDBC statements;
    0 nanoseconds spent executing 0 JDBC batches;
    0 nanoseconds spent performing 0 L2C puts;
    0 nanoseconds spent performing 0 L2C hits;
    0 nanoseconds spent performing 0 L2C misses;
    0 nanoseconds spent executing 0 flushes (flushing a total of 0 entities and 0 collections);
    10981 nanoseconds spent executing 2 partial-flushes (flushing a total of 0 entities and 0 collections)
}
2021-11-10 02:17:55.433  INFO 34173 --- [    Test worker] o.s.t.c.transaction.TransactionContext   : Rolled back transaction for test: [DefaultTestContext@12deb1cc testClass = TagControllerTest, testInstance = com.epam.esm.controller.TagControllerTest@5e3a011d, testMethod = deleteSuccessTest@TagControllerTest, testException = [null], mergedContextConfiguration = [WebMergedContextConfiguration@2e31487b testClass = TagControllerTest, locations = '{}', classes = '{class com.epam.esm.Application}', contextInitializerClasses = '[]', activeProfiles = '{}', propertySourceLocations = '{}', propertySourceProperties = '{org.springframework.boot.test.context.SpringBootTestContextBootstrapper=true}', contextCustomizers = set[org.springframework.boot.test.autoconfigure.actuate.metrics.MetricsExportContextCustomizerFactory$DisableMetricExportContextCustomizer@1b9f22eb, org.springframework.boot.test.autoconfigure.properties.PropertyMappingContextCustomizer@4b3fa0b3, org.springframework.boot.test.autoconfigure.web.servlet.WebDriverContextCustomizerFactory$Customizer@5266acfa, [ImportsContextCustomizer@4fae5623 key = [org.springframework.boot.test.autoconfigure.web.servlet.MockMvcAutoConfiguration, org.springframework.boot.test.autoconfigure.web.servlet.MockMvcWebClientAutoConfiguration, org.springframework.boot.test.autoconfigure.web.servlet.MockMvcWebDriverAutoConfiguration, org.springframework.boot.autoconfigure.security.oauth2.client.servlet.OAuth2ClientAutoConfiguration, org.springframework.boot.autoconfigure.security.oauth2.resource.servlet.OAuth2ResourceServerAutoConfiguration, org.springframework.boot.autoconfigure.security.servlet.SecurityAutoConfiguration, org.springframework.boot.autoconfigure.security.servlet.SecurityFilterAutoConfiguration, org.springframework.boot.autoconfigure.security.servlet.UserDetailsServiceAutoConfiguration, org.springframework.boot.test.autoconfigure.web.servlet.MockMvcSecurityConfiguration, com.epam.esm.configuration.ServiceTestConfiguration]], org.springframework.boot.test.context.filter.ExcludeFilterContextCustomizer@468d1e03, org.springframework.boot.test.json.DuplicateJsonObjectContextCustomizerFactory$DuplicateJsonObjectContextCustomizer@3ec7e4f6, org.springframework.boot.test.mock.mockito.MockitoContextCustomizer@0, org.springframework.boot.test.web.client.TestRestTemplateContextCustomizer@1cb5638c, org.springframework.boot.test.context.SpringBootTestArgs@1, org.springframework.boot.test.context.SpringBootTestWebEnvironment@63834dc], resourceBasePath = 'src/main/webapp', contextLoader = 'org.springframework.boot.test.context.SpringBootContextLoader', parent = [null]], attributes = map['org.springframework.test.context.web.ServletTestExecutionListener.activateListener' -> true, 'org.springframework.test.context.web.ServletTestExecutionListener.populatedRequestContextHolder' -> true, 'org.springframework.test.context.web.ServletTestExecutionListener.resetRequestContextHolder' -> true, 'org.springframework.test.context.event.ApplicationEventsTestExecutionListener.recordApplicationEvents' -> false]]
2021-11-10 02:17:55.436  INFO 34173 --- [    Test worker] o.s.t.c.transaction.TransactionContext   : Began transaction (1) for test context [DefaultTestContext@12deb1cc testClass = TagControllerTest, testInstance = com.epam.esm.controller.TagControllerTest@45e1203d, testMethod = createSuccessTest@TagControllerTest, testException = [null], mergedContextConfiguration = [WebMergedContextConfiguration@2e31487b testClass = TagControllerTest, locations = '{}', classes = '{class com.epam.esm.Application}', contextInitializerClasses = '[]', activeProfiles = '{}', propertySourceLocations = '{}', propertySourceProperties = '{org.springframework.boot.test.context.SpringBootTestContextBootstrapper=true}', contextCustomizers = set[org.springframework.boot.test.autoconfigure.actuate.metrics.MetricsExportContextCustomizerFactory$DisableMetricExportContextCustomizer@1b9f22eb, org.springframework.boot.test.autoconfigure.properties.PropertyMappingContextCustomizer@4b3fa0b3, org.springframework.boot.test.autoconfigure.web.servlet.WebDriverContextCustomizerFactory$Customizer@5266acfa, [ImportsContextCustomizer@4fae5623 key = [org.springframework.boot.test.autoconfigure.web.servlet.MockMvcAutoConfiguration, org.springframework.boot.test.autoconfigure.web.servlet.MockMvcWebClientAutoConfiguration, org.springframework.boot.test.autoconfigure.web.servlet.MockMvcWebDriverAutoConfiguration, org.springframework.boot.autoconfigure.security.oauth2.client.servlet.OAuth2ClientAutoConfiguration, org.springframework.boot.autoconfigure.security.oauth2.resource.servlet.OAuth2ResourceServerAutoConfiguration, org.springframework.boot.autoconfigure.security.servlet.SecurityAutoConfiguration, org.springframework.boot.autoconfigure.security.servlet.SecurityFilterAutoConfiguration, org.springframework.boot.autoconfigure.security.servlet.UserDetailsServiceAutoConfiguration, org.springframework.boot.test.autoconfigure.web.servlet.MockMvcSecurityConfiguration, com.epam.esm.configuration.ServiceTestConfiguration]], org.springframework.boot.test.context.filter.ExcludeFilterContextCustomizer@468d1e03, org.springframework.boot.test.json.DuplicateJsonObjectContextCustomizerFactory$DuplicateJsonObjectContextCustomizer@3ec7e4f6, org.springframework.boot.test.mock.mockito.MockitoContextCustomizer@0, org.springframework.boot.test.web.client.TestRestTemplateContextCustomizer@1cb5638c, org.springframework.boot.test.context.SpringBootTestArgs@1, org.springframework.boot.test.context.SpringBootTestWebEnvironment@63834dc], resourceBasePath = 'src/main/webapp', contextLoader = 'org.springframework.boot.test.context.SpringBootContextLoader', parent = [null]], attributes = map['org.springframework.test.context.web.ServletTestExecutionListener.activateListener' -> true, 'org.springframework.test.context.web.ServletTestExecutionListener.populatedRequestContextHolder' -> true, 'org.springframework.test.context.web.ServletTestExecutionListener.resetRequestContextHolder' -> true, 'org.springframework.test.context.event.ApplicationEventsTestExecutionListener.recordApplicationEvents' -> false]]; transaction manager [org.springframework.orm.jpa.JpaTransactionManager@4687dcf2]; rollback [true]
Hibernate: select tagentity0_.id as id1_4_, tagentity0_.name as name2_4_ from TagEntity tagentity0_ where tagentity0_.name=?
Hibernate: insert into TagEntity (id, name) values (null, ?)
2021-11-10 02:17:55.457  INFO 34173 --- [    Test worker] i.StatisticalLoggingSessionEventListener : Session Metrics {
    402735 nanoseconds spent acquiring 1 JDBC connections;
    0 nanoseconds spent releasing 0 JDBC connections;
    365765 nanoseconds spent preparing 2 JDBC statements;
    400399 nanoseconds spent executing 2 JDBC statements;
    0 nanoseconds spent executing 0 JDBC batches;
    0 nanoseconds spent performing 0 L2C puts;
    0 nanoseconds spent performing 0 L2C hits;
    0 nanoseconds spent performing 0 L2C misses;
    0 nanoseconds spent executing 0 flushes (flushing a total of 0 entities and 0 collections);
    5152 nanoseconds spent executing 1 partial-flushes (flushing a total of 0 entities and 0 collections)
}
2021-11-10 02:17:55.457  INFO 34173 --- [    Test worker] o.s.t.c.transaction.TransactionContext   : Rolled back transaction for test: [DefaultTestContext@12deb1cc testClass = TagControllerTest, testInstance = com.epam.esm.controller.TagControllerTest@45e1203d, testMethod = createSuccessTest@TagControllerTest, testException = [null], mergedContextConfiguration = [WebMergedContextConfiguration@2e31487b testClass = TagControllerTest, locations = '{}', classes = '{class com.epam.esm.Application}', contextInitializerClasses = '[]', activeProfiles = '{}', propertySourceLocations = '{}', propertySourceProperties = '{org.springframework.boot.test.context.SpringBootTestContextBootstrapper=true}', contextCustomizers = set[org.springframework.boot.test.autoconfigure.actuate.metrics.MetricsExportContextCustomizerFactory$DisableMetricExportContextCustomizer@1b9f22eb, org.springframework.boot.test.autoconfigure.properties.PropertyMappingContextCustomizer@4b3fa0b3, org.springframework.boot.test.autoconfigure.web.servlet.WebDriverContextCustomizerFactory$Customizer@5266acfa, [ImportsContextCustomizer@4fae5623 key = [org.springframework.boot.test.autoconfigure.web.servlet.MockMvcAutoConfiguration, org.springframework.boot.test.autoconfigure.web.servlet.MockMvcWebClientAutoConfiguration, org.springframework.boot.test.autoconfigure.web.servlet.MockMvcWebDriverAutoConfiguration, org.springframework.boot.autoconfigure.security.oauth2.client.servlet.OAuth2ClientAutoConfiguration, org.springframework.boot.autoconfigure.security.oauth2.resource.servlet.OAuth2ResourceServerAutoConfiguration, org.springframework.boot.autoconfigure.security.servlet.SecurityAutoConfiguration, org.springframework.boot.autoconfigure.security.servlet.SecurityFilterAutoConfiguration, org.springframework.boot.autoconfigure.security.servlet.UserDetailsServiceAutoConfiguration, org.springframework.boot.test.autoconfigure.web.servlet.MockMvcSecurityConfiguration, com.epam.esm.configuration.ServiceTestConfiguration]], org.springframework.boot.test.context.filter.ExcludeFilterContextCustomizer@468d1e03, org.springframework.boot.test.json.DuplicateJsonObjectContextCustomizerFactory$DuplicateJsonObjectContextCustomizer@3ec7e4f6, org.springframework.boot.test.mock.mockito.MockitoContextCustomizer@0, org.springframework.boot.test.web.client.TestRestTemplateContextCustomizer@1cb5638c, org.springframework.boot.test.context.SpringBootTestArgs@1, org.springframework.boot.test.context.SpringBootTestWebEnvironment@63834dc], resourceBasePath = 'src/main/webapp', contextLoader = 'org.springframework.boot.test.context.SpringBootContextLoader', parent = [null]], attributes = map['org.springframework.test.context.web.ServletTestExecutionListener.activateListener' -> true, 'org.springframework.test.context.web.ServletTestExecutionListener.populatedRequestContextHolder' -> true, 'org.springframework.test.context.web.ServletTestExecutionListener.resetRequestContextHolder' -> true, 'org.springframework.test.context.event.ApplicationEventsTestExecutionListener.recordApplicationEvents' -> false]]
2021-11-10 02:17:55.461  INFO 34173 --- [    Test worker] o.s.t.c.transaction.TransactionContext   : Began transaction (1) for test context [DefaultTestContext@12deb1cc testClass = TagControllerTest, testInstance = com.epam.esm.controller.TagControllerTest@30956eb3, testMethod = getAllTest@TagControllerTest, testException = [null], mergedContextConfiguration = [WebMergedContextConfiguration@2e31487b testClass = TagControllerTest, locations = '{}', classes = '{class com.epam.esm.Application}', contextInitializerClasses = '[]', activeProfiles = '{}', propertySourceLocations = '{}', propertySourceProperties = '{org.springframework.boot.test.context.SpringBootTestContextBootstrapper=true}', contextCustomizers = set[org.springframework.boot.test.autoconfigure.actuate.metrics.MetricsExportContextCustomizerFactory$DisableMetricExportContextCustomizer@1b9f22eb, org.springframework.boot.test.autoconfigure.properties.PropertyMappingContextCustomizer@4b3fa0b3, org.springframework.boot.test.autoconfigure.web.servlet.WebDriverContextCustomizerFactory$Customizer@5266acfa, [ImportsContextCustomizer@4fae5623 key = [org.springframework.boot.test.autoconfigure.web.servlet.MockMvcAutoConfiguration, org.springframework.boot.test.autoconfigure.web.servlet.MockMvcWebClientAutoConfiguration, org.springframework.boot.test.autoconfigure.web.servlet.MockMvcWebDriverAutoConfiguration, org.springframework.boot.autoconfigure.security.oauth2.client.servlet.OAuth2ClientAutoConfiguration, org.springframework.boot.autoconfigure.security.oauth2.resource.servlet.OAuth2ResourceServerAutoConfiguration, org.springframework.boot.autoconfigure.security.servlet.SecurityAutoConfiguration, org.springframework.boot.autoconfigure.security.servlet.SecurityFilterAutoConfiguration, org.springframework.boot.autoconfigure.security.servlet.UserDetailsServiceAutoConfiguration, org.springframework.boot.test.autoconfigure.web.servlet.MockMvcSecurityConfiguration, com.epam.esm.configuration.ServiceTestConfiguration]], org.springframework.boot.test.context.filter.ExcludeFilterContextCustomizer@468d1e03, org.springframework.boot.test.json.DuplicateJsonObjectContextCustomizerFactory$DuplicateJsonObjectContextCustomizer@3ec7e4f6, org.springframework.boot.test.mock.mockito.MockitoContextCustomizer@0, org.springframework.boot.test.web.client.TestRestTemplateContextCustomizer@1cb5638c, org.springframework.boot.test.context.SpringBootTestArgs@1, org.springframework.boot.test.context.SpringBootTestWebEnvironment@63834dc], resourceBasePath = 'src/main/webapp', contextLoader = 'org.springframework.boot.test.context.SpringBootContextLoader', parent = [null]], attributes = map['org.springframework.test.context.web.ServletTestExecutionListener.activateListener' -> true, 'org.springframework.test.context.web.ServletTestExecutionListener.populatedRequestContextHolder' -> true, 'org.springframework.test.context.web.ServletTestExecutionListener.resetRequestContextHolder' -> true, 'org.springframework.test.context.event.ApplicationEventsTestExecutionListener.recordApplicationEvents' -> false]]; transaction manager [org.springframework.orm.jpa.JpaTransactionManager@4687dcf2]; rollback [true]
Hibernate: select tagentity0_.id as id1_4_, tagentity0_.name as name2_4_ from TagEntity tagentity0_ where tagentity0_.name=?
Hibernate: select tagentity0_.id as id1_4_, tagentity0_.name as name2_4_ from TagEntity tagentity0_ where tagentity0_.name=?
Hibernate: insert into TagEntity (id, name) values (null, ?)
Hibernate: select tagentity0_.id as id1_4_, tagentity0_.name as name2_4_ from TagEntity tagentity0_ where tagentity0_.name=?
Hibernate: select tagentity0_.id as id1_4_, tagentity0_.name as name2_4_ from TagEntity tagentity0_ where tagentity0_.name=?
Hibernate: insert into TagEntity (id, name) values (null, ?)
Hibernate: select tagentity0_.id as id1_4_, tagentity0_.name as name2_4_ from TagEntity tagentity0_ where tagentity0_.name=?
Hibernate: select tagentity0_.id as id1_4_, tagentity0_.name as name2_4_ from TagEntity tagentity0_ where tagentity0_.name=?
Hibernate: insert into TagEntity (id, name) values (null, ?)
Hibernate: select tagentity0_.id as id1_4_, tagentity0_.name as name2_4_ from TagEntity tagentity0_ where tagentity0_.name=?
Hibernate: select tagentity0_.id as id1_4_, tagentity0_.name as name2_4_ from TagEntity tagentity0_ where tagentity0_.name=?
Hibernate: insert into TagEntity (id, name) values (null, ?)
Hibernate: select tagentity0_.id as id1_4_, tagentity0_.name as name2_4_ from TagEntity tagentity0_ where tagentity0_.name=?
Hibernate: select tagentity0_.id as id1_4_, tagentity0_.name as name2_4_ from TagEntity tagentity0_ where tagentity0_.name=?
Hibernate: insert into TagEntity (id, name) values (null, ?)
Hibernate: select tagentity0_.id as id1_4_, tagentity0_.name as name2_4_ from TagEntity tagentity0_ where tagentity0_.name=?
Hibernate: select tagentity0_.id as id1_4_, tagentity0_.name as name2_4_ from TagEntity tagentity0_ where tagentity0_.name=?
Hibernate: insert into TagEntity (id, name) values (null, ?)
Hibernate: select tagentity0_.id as id1_4_, tagentity0_.name as name2_4_ from TagEntity tagentity0_ where tagentity0_.name=?
Hibernate: select tagentity0_.id as id1_4_, tagentity0_.name as name2_4_ from TagEntity tagentity0_ where tagentity0_.name=?
Hibernate: insert into TagEntity (id, name) values (null, ?)
Hibernate: select tagentity0_.id as id1_4_, tagentity0_.name as name2_4_ from TagEntity tagentity0_ where tagentity0_.name=?
Hibernate: select tagentity0_.id as id1_4_, tagentity0_.name as name2_4_ from TagEntity tagentity0_ where tagentity0_.name=?
Hibernate: insert into TagEntity (id, name) values (null, ?)
Hibernate: select tagentity0_.id as id1_4_, tagentity0_.name as name2_4_ from TagEntity tagentity0_ where tagentity0_.name=?
Hibernate: select tagentity0_.id as id1_4_, tagentity0_.name as name2_4_ from TagEntity tagentity0_ where tagentity0_.name=?
Hibernate: insert into TagEntity (id, name) values (null, ?)
Hibernate: select tagentity0_.id as id1_4_, tagentity0_.name as name2_4_ from TagEntity tagentity0_ where tagentity0_.name=?
Hibernate: select tagentity0_.id as id1_4_, tagentity0_.name as name2_4_ from TagEntity tagentity0_ where tagentity0_.name=?
Hibernate: insert into TagEntity (id, name) values (null, ?)
Hibernate: select tagentity0_.id as id1_4_, tagentity0_.name as name2_4_ from TagEntity tagentity0_
2021-11-10 02:17:55.516  INFO 34173 --- [    Test worker] i.StatisticalLoggingSessionEventListener : Session Metrics {
    396179 nanoseconds spent acquiring 1 JDBC connections;
    0 nanoseconds spent releasing 0 JDBC connections;
    1431425 nanoseconds spent preparing 31 JDBC statements;
    6509815 nanoseconds spent executing 31 JDBC statements;
    0 nanoseconds spent executing 0 JDBC batches;
    0 nanoseconds spent performing 0 L2C puts;
    0 nanoseconds spent performing 0 L2C hits;
    0 nanoseconds spent performing 0 L2C misses;
    0 nanoseconds spent executing 0 flushes (flushing a total of 0 entities and 0 collections);
    5444249 nanoseconds spent executing 21 partial-flushes (flushing a total of 100 entities and 100 collections)
}
2021-11-10 02:17:55.516  INFO 34173 --- [    Test worker] o.s.t.c.transaction.TransactionContext   : Rolled back transaction for test: [DefaultTestContext@12deb1cc testClass = TagControllerTest, testInstance = com.epam.esm.controller.TagControllerTest@30956eb3, testMethod = getAllTest@TagControllerTest, testException = [null], mergedContextConfiguration = [WebMergedContextConfiguration@2e31487b testClass = TagControllerTest, locations = '{}', classes = '{class com.epam.esm.Application}', contextInitializerClasses = '[]', activeProfiles = '{}', propertySourceLocations = '{}', propertySourceProperties = '{org.springframework.boot.test.context.SpringBootTestContextBootstrapper=true}', contextCustomizers = set[org.springframework.boot.test.autoconfigure.actuate.metrics.MetricsExportContextCustomizerFactory$DisableMetricExportContextCustomizer@1b9f22eb, org.springframework.boot.test.autoconfigure.properties.PropertyMappingContextCustomizer@4b3fa0b3, org.springframework.boot.test.autoconfigure.web.servlet.WebDriverContextCustomizerFactory$Customizer@5266acfa, [ImportsContextCustomizer@4fae5623 key = [org.springframework.boot.test.autoconfigure.web.servlet.MockMvcAutoConfiguration, org.springframework.boot.test.autoconfigure.web.servlet.MockMvcWebClientAutoConfiguration, org.springframework.boot.test.autoconfigure.web.servlet.MockMvcWebDriverAutoConfiguration, org.springframework.boot.autoconfigure.security.oauth2.client.servlet.OAuth2ClientAutoConfiguration, org.springframework.boot.autoconfigure.security.oauth2.resource.servlet.OAuth2ResourceServerAutoConfiguration, org.springframework.boot.autoconfigure.security.servlet.SecurityAutoConfiguration, org.springframework.boot.autoconfigure.security.servlet.SecurityFilterAutoConfiguration, org.springframework.boot.autoconfigure.security.servlet.UserDetailsServiceAutoConfiguration, org.springframework.boot.test.autoconfigure.web.servlet.MockMvcSecurityConfiguration, com.epam.esm.configuration.ServiceTestConfiguration]], org.springframework.boot.test.context.filter.ExcludeFilterContextCustomizer@468d1e03, org.springframework.boot.test.json.DuplicateJsonObjectContextCustomizerFactory$DuplicateJsonObjectContextCustomizer@3ec7e4f6, org.springframework.boot.test.mock.mockito.MockitoContextCustomizer@0, org.springframework.boot.test.web.client.TestRestTemplateContextCustomizer@1cb5638c, org.springframework.boot.test.context.SpringBootTestArgs@1, org.springframework.boot.test.context.SpringBootTestWebEnvironment@63834dc], resourceBasePath = 'src/main/webapp', contextLoader = 'org.springframework.boot.test.context.SpringBootContextLoader', parent = [null]], attributes = map['org.springframework.test.context.web.ServletTestExecutionListener.activateListener' -> true, 'org.springframework.test.context.web.ServletTestExecutionListener.populatedRequestContextHolder' -> true, 'org.springframework.test.context.web.ServletTestExecutionListener.resetRequestContextHolder' -> true, 'org.springframework.test.context.event.ApplicationEventsTestExecutionListener.recordApplicationEvents' -> false]]
2021-11-10 02:17:55.519  INFO 34173 --- [    Test worker] o.s.t.c.transaction.TransactionContext   : Began transaction (1) for test context [DefaultTestContext@12deb1cc testClass = TagControllerTest, testInstance = com.epam.esm.controller.TagControllerTest@70e310c4, testMethod = createBadRequestTest@TagControllerTest, testException = [null], mergedContextConfiguration = [WebMergedContextConfiguration@2e31487b testClass = TagControllerTest, locations = '{}', classes = '{class com.epam.esm.Application}', contextInitializerClasses = '[]', activeProfiles = '{}', propertySourceLocations = '{}', propertySourceProperties = '{org.springframework.boot.test.context.SpringBootTestContextBootstrapper=true}', contextCustomizers = set[org.springframework.boot.test.autoconfigure.actuate.metrics.MetricsExportContextCustomizerFactory$DisableMetricExportContextCustomizer@1b9f22eb, org.springframework.boot.test.autoconfigure.properties.PropertyMappingContextCustomizer@4b3fa0b3, org.springframework.boot.test.autoconfigure.web.servlet.WebDriverContextCustomizerFactory$Customizer@5266acfa, [ImportsContextCustomizer@4fae5623 key = [org.springframework.boot.test.autoconfigure.web.servlet.MockMvcAutoConfiguration, org.springframework.boot.test.autoconfigure.web.servlet.MockMvcWebClientAutoConfiguration, org.springframework.boot.test.autoconfigure.web.servlet.MockMvcWebDriverAutoConfiguration, org.springframework.boot.autoconfigure.security.oauth2.client.servlet.OAuth2ClientAutoConfiguration, org.springframework.boot.autoconfigure.security.oauth2.resource.servlet.OAuth2ResourceServerAutoConfiguration, org.springframework.boot.autoconfigure.security.servlet.SecurityAutoConfiguration, org.springframework.boot.autoconfigure.security.servlet.SecurityFilterAutoConfiguration, org.springframework.boot.autoconfigure.security.servlet.UserDetailsServiceAutoConfiguration, org.springframework.boot.test.autoconfigure.web.servlet.MockMvcSecurityConfiguration, com.epam.esm.configuration.ServiceTestConfiguration]], org.springframework.boot.test.context.filter.ExcludeFilterContextCustomizer@468d1e03, org.springframework.boot.test.json.DuplicateJsonObjectContextCustomizerFactory$DuplicateJsonObjectContextCustomizer@3ec7e4f6, org.springframework.boot.test.mock.mockito.MockitoContextCustomizer@0, org.springframework.boot.test.web.client.TestRestTemplateContextCustomizer@1cb5638c, org.springframework.boot.test.context.SpringBootTestArgs@1, org.springframework.boot.test.context.SpringBootTestWebEnvironment@63834dc], resourceBasePath = 'src/main/webapp', contextLoader = 'org.springframework.boot.test.context.SpringBootContextLoader', parent = [null]], attributes = map['org.springframework.test.context.web.ServletTestExecutionListener.activateListener' -> true, 'org.springframework.test.context.web.ServletTestExecutionListener.populatedRequestContextHolder' -> true, 'org.springframework.test.context.web.ServletTestExecutionListener.resetRequestContextHolder' -> true, 'org.springframework.test.context.event.ApplicationEventsTestExecutionListener.recordApplicationEvents' -> false]]; transaction manager [org.springframework.orm.jpa.JpaTransactionManager@4687dcf2]; rollback [true]
2021-11-10 02:17:55.527  INFO 34173 --- [    Test worker] i.StatisticalLoggingSessionEventListener : Session Metrics {
    477184 nanoseconds spent acquiring 1 JDBC connections;
    0 nanoseconds spent releasing 0 JDBC connections;
    0 nanoseconds spent preparing 0 JDBC statements;
    0 nanoseconds spent executing 0 JDBC statements;
    0 nanoseconds spent executing 0 JDBC batches;
    0 nanoseconds spent performing 0 L2C puts;
    0 nanoseconds spent performing 0 L2C hits;
    0 nanoseconds spent performing 0 L2C misses;
    0 nanoseconds spent executing 0 flushes (flushing a total of 0 entities and 0 collections);
    0 nanoseconds spent executing 0 partial-flushes (flushing a total of 0 entities and 0 collections)
}
2021-11-10 02:17:55.528  INFO 34173 --- [    Test worker] o.s.t.c.transaction.TransactionContext   : Rolled back transaction for test: [DefaultTestContext@12deb1cc testClass = TagControllerTest, testInstance = com.epam.esm.controller.TagControllerTest@70e310c4, testMethod = createBadRequestTest@TagControllerTest, testException = [null], mergedContextConfiguration = [WebMergedContextConfiguration@2e31487b testClass = TagControllerTest, locations = '{}', classes = '{class com.epam.esm.Application}', contextInitializerClasses = '[]', activeProfiles = '{}', propertySourceLocations = '{}', propertySourceProperties = '{org.springframework.boot.test.context.SpringBootTestContextBootstrapper=true}', contextCustomizers = set[org.springframework.boot.test.autoconfigure.actuate.metrics.MetricsExportContextCustomizerFactory$DisableMetricExportContextCustomizer@1b9f22eb, org.springframework.boot.test.autoconfigure.properties.PropertyMappingContextCustomizer@4b3fa0b3, org.springframework.boot.test.autoconfigure.web.servlet.WebDriverContextCustomizerFactory$Customizer@5266acfa, [ImportsContextCustomizer@4fae5623 key = [org.springframework.boot.test.autoconfigure.web.servlet.MockMvcAutoConfiguration, org.springframework.boot.test.autoconfigure.web.servlet.MockMvcWebClientAutoConfiguration, org.springframework.boot.test.autoconfigure.web.servlet.MockMvcWebDriverAutoConfiguration, org.springframework.boot.autoconfigure.security.oauth2.client.servlet.OAuth2ClientAutoConfiguration, org.springframework.boot.autoconfigure.security.oauth2.resource.servlet.OAuth2ResourceServerAutoConfiguration, org.springframework.boot.autoconfigure.security.servlet.SecurityAutoConfiguration, org.springframework.boot.autoconfigure.security.servlet.SecurityFilterAutoConfiguration, org.springframework.boot.autoconfigure.security.servlet.UserDetailsServiceAutoConfiguration, org.springframework.boot.test.autoconfigure.web.servlet.MockMvcSecurityConfiguration, com.epam.esm.configuration.ServiceTestConfiguration]], org.springframework.boot.test.context.filter.ExcludeFilterContextCustomizer@468d1e03, org.springframework.boot.test.json.DuplicateJsonObjectContextCustomizerFactory$DuplicateJsonObjectContextCustomizer@3ec7e4f6, org.springframework.boot.test.mock.mockito.MockitoContextCustomizer@0, org.springframework.boot.test.web.client.TestRestTemplateContextCustomizer@1cb5638c, org.springframework.boot.test.context.SpringBootTestArgs@1, org.springframework.boot.test.context.SpringBootTestWebEnvironment@63834dc], resourceBasePath = 'src/main/webapp', contextLoader = 'org.springframework.boot.test.context.SpringBootContextLoader', parent = [null]], attributes = map['org.springframework.test.context.web.ServletTestExecutionListener.activateListener' -> true, 'org.springframework.test.context.web.ServletTestExecutionListener.populatedRequestContextHolder' -> true, 'org.springframework.test.context.web.ServletTestExecutionListener.resetRequestContextHolder' -> true, 'org.springframework.test.context.event.ApplicationEventsTestExecutionListener.recordApplicationEvents' -> false]]
2021-11-10 02:17:55.530  INFO 34173 --- [    Test worker] o.s.t.c.transaction.TransactionContext   : Began transaction (1) for test context [DefaultTestContext@12deb1cc testClass = TagControllerTest, testInstance = com.epam.esm.controller.TagControllerTest@37c927d4, testMethod = createConflictTest@TagControllerTest, testException = [null], mergedContextConfiguration = [WebMergedContextConfiguration@2e31487b testClass = TagControllerTest, locations = '{}', classes = '{class com.epam.esm.Application}', contextInitializerClasses = '[]', activeProfiles = '{}', propertySourceLocations = '{}', propertySourceProperties = '{org.springframework.boot.test.context.SpringBootTestContextBootstrapper=true}', contextCustomizers = set[org.springframework.boot.test.autoconfigure.actuate.metrics.MetricsExportContextCustomizerFactory$DisableMetricExportContextCustomizer@1b9f22eb, org.springframework.boot.test.autoconfigure.properties.PropertyMappingContextCustomizer@4b3fa0b3, org.springframework.boot.test.autoconfigure.web.servlet.WebDriverContextCustomizerFactory$Customizer@5266acfa, [ImportsContextCustomizer@4fae5623 key = [org.springframework.boot.test.autoconfigure.web.servlet.MockMvcAutoConfiguration, org.springframework.boot.test.autoconfigure.web.servlet.MockMvcWebClientAutoConfiguration, org.springframework.boot.test.autoconfigure.web.servlet.MockMvcWebDriverAutoConfiguration, org.springframework.boot.autoconfigure.security.oauth2.client.servlet.OAuth2ClientAutoConfiguration, org.springframework.boot.autoconfigure.security.oauth2.resource.servlet.OAuth2ResourceServerAutoConfiguration, org.springframework.boot.autoconfigure.security.servlet.SecurityAutoConfiguration, org.springframework.boot.autoconfigure.security.servlet.SecurityFilterAutoConfiguration, org.springframework.boot.autoconfigure.security.servlet.UserDetailsServiceAutoConfiguration, org.springframework.boot.test.autoconfigure.web.servlet.MockMvcSecurityConfiguration, com.epam.esm.configuration.ServiceTestConfiguration]], org.springframework.boot.test.context.filter.ExcludeFilterContextCustomizer@468d1e03, org.springframework.boot.test.json.DuplicateJsonObjectContextCustomizerFactory$DuplicateJsonObjectContextCustomizer@3ec7e4f6, org.springframework.boot.test.mock.mockito.MockitoContextCustomizer@0, org.springframework.boot.test.web.client.TestRestTemplateContextCustomizer@1cb5638c, org.springframework.boot.test.context.SpringBootTestArgs@1, org.springframework.boot.test.context.SpringBootTestWebEnvironment@63834dc], resourceBasePath = 'src/main/webapp', contextLoader = 'org.springframework.boot.test.context.SpringBootContextLoader', parent = [null]], attributes = map['org.springframework.test.context.web.ServletTestExecutionListener.activateListener' -> true, 'org.springframework.test.context.web.ServletTestExecutionListener.populatedRequestContextHolder' -> true, 'org.springframework.test.context.web.ServletTestExecutionListener.resetRequestContextHolder' -> true, 'org.springframework.test.context.event.ApplicationEventsTestExecutionListener.recordApplicationEvents' -> false]]; transaction manager [org.springframework.orm.jpa.JpaTransactionManager@4687dcf2]; rollback [true]
Hibernate: select tagentity0_.id as id1_4_, tagentity0_.name as name2_4_ from TagEntity tagentity0_ where tagentity0_.name=?
Hibernate: select tagentity0_.id as id1_4_, tagentity0_.name as name2_4_ from TagEntity tagentity0_ where tagentity0_.name=?
Hibernate: insert into TagEntity (id, name) values (null, ?)
Hibernate: select tagentity0_.id as id1_4_, tagentity0_.name as name2_4_ from TagEntity tagentity0_ where tagentity0_.name=?
2021-11-10 02:17:55.545  INFO 34173 --- [    Test worker] i.StatisticalLoggingSessionEventListener : Session Metrics {
    371599 nanoseconds spent acquiring 1 JDBC connections;
    0 nanoseconds spent releasing 0 JDBC connections;
    612660 nanoseconds spent preparing 4 JDBC statements;
    592001 nanoseconds spent executing 4 JDBC statements;
    0 nanoseconds spent executing 0 JDBC batches;
    0 nanoseconds spent performing 0 L2C puts;
    0 nanoseconds spent performing 0 L2C hits;
    0 nanoseconds spent performing 0 L2C misses;
    0 nanoseconds spent executing 0 flushes (flushing a total of 0 entities and 0 collections);
    116117 nanoseconds spent executing 3 partial-flushes (flushing a total of 1 entities and 1 collections)
}
2021-11-10 02:17:55.545  INFO 34173 --- [    Test worker] o.s.t.c.transaction.TransactionContext   : Rolled back transaction for test: [DefaultTestContext@12deb1cc testClass = TagControllerTest, testInstance = com.epam.esm.controller.TagControllerTest@37c927d4, testMethod = createConflictTest@TagControllerTest, testException = [null], mergedContextConfiguration = [WebMergedContextConfiguration@2e31487b testClass = TagControllerTest, locations = '{}', classes = '{class com.epam.esm.Application}', contextInitializerClasses = '[]', activeProfiles = '{}', propertySourceLocations = '{}', propertySourceProperties = '{org.springframework.boot.test.context.SpringBootTestContextBootstrapper=true}', contextCustomizers = set[org.springframework.boot.test.autoconfigure.actuate.metrics.MetricsExportContextCustomizerFactory$DisableMetricExportContextCustomizer@1b9f22eb, org.springframework.boot.test.autoconfigure.properties.PropertyMappingContextCustomizer@4b3fa0b3, org.springframework.boot.test.autoconfigure.web.servlet.WebDriverContextCustomizerFactory$Customizer@5266acfa, [ImportsContextCustomizer@4fae5623 key = [org.springframework.boot.test.autoconfigure.web.servlet.MockMvcAutoConfiguration, org.springframework.boot.test.autoconfigure.web.servlet.MockMvcWebClientAutoConfiguration, org.springframework.boot.test.autoconfigure.web.servlet.MockMvcWebDriverAutoConfiguration, org.springframework.boot.autoconfigure.security.oauth2.client.servlet.OAuth2ClientAutoConfiguration, org.springframework.boot.autoconfigure.security.oauth2.resource.servlet.OAuth2ResourceServerAutoConfiguration, org.springframework.boot.autoconfigure.security.servlet.SecurityAutoConfiguration, org.springframework.boot.autoconfigure.security.servlet.SecurityFilterAutoConfiguration, org.springframework.boot.autoconfigure.security.servlet.UserDetailsServiceAutoConfiguration, org.springframework.boot.test.autoconfigure.web.servlet.MockMvcSecurityConfiguration, com.epam.esm.configuration.ServiceTestConfiguration]], org.springframework.boot.test.context.filter.ExcludeFilterContextCustomizer@468d1e03, org.springframework.boot.test.json.DuplicateJsonObjectContextCustomizerFactory$DuplicateJsonObjectContextCustomizer@3ec7e4f6, org.springframework.boot.test.mock.mockito.MockitoContextCustomizer@0, org.springframework.boot.test.web.client.TestRestTemplateContextCustomizer@1cb5638c, org.springframework.boot.test.context.SpringBootTestArgs@1, org.springframework.boot.test.context.SpringBootTestWebEnvironment@63834dc], resourceBasePath = 'src/main/webapp', contextLoader = 'org.springframework.boot.test.context.SpringBootContextLoader', parent = [null]], attributes = map['org.springframework.test.context.web.ServletTestExecutionListener.activateListener' -> true, 'org.springframework.test.context.web.ServletTestExecutionListener.populatedRequestContextHolder' -> true, 'org.springframework.test.context.web.ServletTestExecutionListener.resetRequestContextHolder' -> true, 'org.springframework.test.context.event.ApplicationEventsTestExecutionListener.recordApplicationEvents' -> false]]
]]></system-out>
  <system-err><![CDATA[]]></system-err>
</testsuite>
