<?xml version="1.0" encoding="UTF-8"?>
<testsuite name="com.epam.esm.controller.TagControllerTest" tests="6" skipped="0" failures="0" errors="0" timestamp="2021-11-06T01:50:05" hostname="RazorLTP" time="0.637">
  <properties/>
  <testcase name="deleteFailTest" classname="com.epam.esm.controller.TagControllerTest" time="0.287"/>
  <testcase name="deleteSuccessTest" classname="com.epam.esm.controller.TagControllerTest" time="0.135"/>
  <testcase name="createSuccessTest" classname="com.epam.esm.controller.TagControllerTest" time="0.118"/>
  <testcase name="getAllTest" classname="com.epam.esm.controller.TagControllerTest" time="0.059"/>
  <testcase name="createBadRequestTest" classname="com.epam.esm.controller.TagControllerTest" time="0.019"/>
  <testcase name="createConflictTest" classname="com.epam.esm.controller.TagControllerTest" time="0.015"/>
  <system-out><![CDATA[04:50:01.228 [Test worker] DEBUG org.springframework.test.context.junit4.SpringJUnit4ClassRunner - SpringJUnit4ClassRunner constructor called with [class com.epam.esm.controller.TagControllerTest]
04:50:01.235 [Test worker] DEBUG org.springframework.test.context.BootstrapUtils - Instantiating CacheAwareContextLoaderDelegate from class [org.springframework.test.context.cache.DefaultCacheAwareContextLoaderDelegate]
04:50:01.243 [Test worker] DEBUG org.springframework.test.context.BootstrapUtils - Instantiating BootstrapContext using constructor [public org.springframework.test.context.support.DefaultBootstrapContext(java.lang.Class,org.springframework.test.context.CacheAwareContextLoaderDelegate)]
04:50:01.282 [Test worker] DEBUG org.springframework.test.context.BootstrapUtils - Instantiating TestContextBootstrapper for test class [com.epam.esm.controller.TagControllerTest] from class [org.springframework.boot.test.context.SpringBootTestContextBootstrapper]
04:50:01.292 [Test worker] INFO org.springframework.boot.test.context.SpringBootTestContextBootstrapper - Neither @ContextConfiguration nor @ContextHierarchy found for test class [com.epam.esm.controller.TagControllerTest], using SpringBootContextLoader
04:50:01.295 [Test worker] DEBUG org.springframework.test.context.support.AbstractContextLoader - Did not detect default resource location for test class [com.epam.esm.controller.TagControllerTest]: class path resource [com/epam/esm/controller/TagControllerTest-context.xml] does not exist
04:50:01.295 [Test worker] DEBUG org.springframework.test.context.support.AbstractContextLoader - Did not detect default resource location for test class [com.epam.esm.controller.TagControllerTest]: class path resource [com/epam/esm/controller/TagControllerTestContext.groovy] does not exist
04:50:01.296 [Test worker] INFO org.springframework.test.context.support.AbstractContextLoader - Could not detect default resource locations for test class [com.epam.esm.controller.TagControllerTest]: no resource found for suffixes {-context.xml, Context.groovy}.
04:50:01.349 [Test worker] DEBUG org.springframework.test.context.support.ActiveProfilesUtils - Could not find an 'annotation declaring class' for annotation type [org.springframework.test.context.ActiveProfiles] and class [com.epam.esm.controller.TagControllerTest]
04:50:01.455 [Test worker] DEBUG org.springframework.boot.test.context.SpringBootTestContextBootstrapper - @TestExecutionListeners is not present for class [com.epam.esm.controller.TagControllerTest]: using defaults.
04:50:01.455 [Test worker] INFO org.springframework.boot.test.context.SpringBootTestContextBootstrapper - Loaded default TestExecutionListener class names from location [META-INF/spring.factories]: [org.springframework.boot.test.autoconfigure.restdocs.RestDocsTestExecutionListener, org.springframework.boot.test.autoconfigure.web.client.MockRestServiceServerResetTestExecutionListener, org.springframework.boot.test.autoconfigure.web.servlet.MockMvcPrintOnlyOnFailureTestExecutionListener, org.springframework.boot.test.autoconfigure.web.servlet.WebDriverTestExecutionListener, org.springframework.boot.test.autoconfigure.webservices.client.MockWebServiceServerTestExecutionListener, org.springframework.boot.test.mock.mockito.MockitoTestExecutionListener, org.springframework.boot.test.mock.mockito.ResetMocksTestExecutionListener, org.springframework.test.context.web.ServletTestExecutionListener, org.springframework.test.context.support.DirtiesContextBeforeModesTestExecutionListener, org.springframework.test.context.event.ApplicationEventsTestExecutionListener, org.springframework.test.context.support.DependencyInjectionTestExecutionListener, org.springframework.test.context.support.DirtiesContextTestExecutionListener, org.springframework.test.context.transaction.TransactionalTestExecutionListener, org.springframework.test.context.jdbc.SqlScriptsTestExecutionListener, org.springframework.test.context.event.EventPublishingTestExecutionListener]
04:50:01.470 [Test worker] INFO org.springframework.boot.test.context.SpringBootTestContextBootstrapper - Using TestExecutionListeners: [org.springframework.test.context.web.ServletTestExecutionListener@c5c7d2e, org.springframework.test.context.support.DirtiesContextBeforeModesTestExecutionListener@442759d0, org.springframework.test.context.event.ApplicationEventsTestExecutionListener@564e72fa, org.springframework.boot.test.mock.mockito.MockitoTestExecutionListener@6ccc90db, org.springframework.boot.test.autoconfigure.SpringBootDependencyInjectionTestExecutionListener@3162561, org.springframework.test.context.support.DirtiesContextTestExecutionListener@7d81150a, org.springframework.test.context.transaction.TransactionalTestExecutionListener@58fd61e2, org.springframework.test.context.jdbc.SqlScriptsTestExecutionListener@50bf786e, org.springframework.test.context.event.EventPublishingTestExecutionListener@62307235, org.springframework.boot.test.autoconfigure.restdocs.RestDocsTestExecutionListener@176c123c, org.springframework.boot.test.autoconfigure.web.client.MockRestServiceServerResetTestExecutionListener@24ad9342, org.springframework.boot.test.autoconfigure.web.servlet.MockMvcPrintOnlyOnFailureTestExecutionListener@ffae3b1, org.springframework.boot.test.autoconfigure.web.servlet.WebDriverTestExecutionListener@6eba99a1, org.springframework.boot.test.autoconfigure.webservices.client.MockWebServiceServerTestExecutionListener@19308bb8, org.springframework.boot.test.mock.mockito.ResetMocksTestExecutionListener@514f2c5f]
04:50:01.471 [Test worker] DEBUG org.springframework.test.annotation.ProfileValueUtils - Retrieved @ProfileValueSourceConfiguration [null] for test class [com.epam.esm.controller.TagControllerTest]
04:50:01.472 [Test worker] DEBUG org.springframework.test.annotation.ProfileValueUtils - Retrieved ProfileValueSource type [class org.springframework.test.annotation.SystemProfileValueSource] for class [com.epam.esm.controller.TagControllerTest]
04:50:01.474 [Test worker] DEBUG org.springframework.test.annotation.ProfileValueUtils - Retrieved @ProfileValueSourceConfiguration [null] for test class [com.epam.esm.controller.TagControllerTest]
04:50:01.474 [Test worker] DEBUG org.springframework.test.annotation.ProfileValueUtils - Retrieved ProfileValueSource type [class org.springframework.test.annotation.SystemProfileValueSource] for class [com.epam.esm.controller.TagControllerTest]
04:50:01.475 [Test worker] DEBUG org.springframework.test.annotation.ProfileValueUtils - Retrieved @ProfileValueSourceConfiguration [null] for test class [com.epam.esm.controller.TagControllerTest]
04:50:01.476 [Test worker] DEBUG org.springframework.test.annotation.ProfileValueUtils - Retrieved ProfileValueSource type [class org.springframework.test.annotation.SystemProfileValueSource] for class [com.epam.esm.controller.TagControllerTest]
04:50:01.476 [Test worker] DEBUG org.springframework.test.annotation.ProfileValueUtils - Retrieved @ProfileValueSourceConfiguration [null] for test class [com.epam.esm.controller.TagControllerTest]
04:50:01.476 [Test worker] DEBUG org.springframework.test.annotation.ProfileValueUtils - Retrieved ProfileValueSource type [class org.springframework.test.annotation.SystemProfileValueSource] for class [com.epam.esm.controller.TagControllerTest]
04:50:01.481 [Test worker] DEBUG org.springframework.test.context.support.AbstractDirtiesContextTestExecutionListener - Before test class: context [DefaultTestContext@f516e10 testClass = TagControllerTest, testInstance = [null], testMethod = [null], testException = [null], mergedContextConfiguration = [WebMergedContextConfiguration@6f353c8a testClass = TagControllerTest, locations = '{}', classes = '{class com.epam.esm.Application}', contextInitializerClasses = '[]', activeProfiles = '{}', propertySourceLocations = '{}', propertySourceProperties = '{org.springframework.boot.test.context.SpringBootTestContextBootstrapper=true}', contextCustomizers = set[org.springframework.boot.test.autoconfigure.actuate.metrics.MetricsExportContextCustomizerFactory$DisableMetricExportContextCustomizer@5e3676b4, org.springframework.boot.test.autoconfigure.properties.PropertyMappingContextCustomizer@4b3fa0b3, org.springframework.boot.test.autoconfigure.web.servlet.WebDriverContextCustomizerFactory$Customizer@783a039, [ImportsContextCustomizer@191cc1ec key = [org.springframework.boot.test.autoconfigure.web.servlet.MockMvcAutoConfiguration, org.springframework.boot.test.autoconfigure.web.servlet.MockMvcWebClientAutoConfiguration, org.springframework.boot.test.autoconfigure.web.servlet.MockMvcWebDriverAutoConfiguration, org.springframework.boot.autoconfigure.security.oauth2.client.servlet.OAuth2ClientAutoConfiguration, org.springframework.boot.autoconfigure.security.oauth2.resource.servlet.OAuth2ResourceServerAutoConfiguration, org.springframework.boot.autoconfigure.security.servlet.SecurityAutoConfiguration, org.springframework.boot.autoconfigure.security.servlet.SecurityFilterAutoConfiguration, org.springframework.boot.autoconfigure.security.servlet.UserDetailsServiceAutoConfiguration, org.springframework.boot.test.autoconfigure.web.servlet.MockMvcSecurityConfiguration, com.epam.esm.configuration.ServiceTestConfiguration]], org.springframework.boot.test.context.filter.ExcludeFilterContextCustomizer@6d6f804e, org.springframework.boot.test.json.DuplicateJsonObjectContextCustomizerFactory$DuplicateJsonObjectContextCustomizer@1954235d, org.springframework.boot.test.mock.mockito.MockitoContextCustomizer@0, org.springframework.boot.test.web.client.TestRestTemplateContextCustomizer@4b3925a5, org.springframework.boot.test.context.SpringBootTestArgs@1, org.springframework.boot.test.context.SpringBootTestWebEnvironment@44aaea9d], resourceBasePath = 'src/main/webapp', contextLoader = 'org.springframework.boot.test.context.SpringBootContextLoader', parent = [null]], attributes = map['org.springframework.test.context.web.ServletTestExecutionListener.activateListener' -> true]], class annotated with @DirtiesContext [false] with mode [null].
04:50:01.483 [Test worker] DEBUG org.springframework.test.annotation.ProfileValueUtils - Retrieved @ProfileValueSourceConfiguration [null] for test class [com.epam.esm.controller.TagControllerTest]
04:50:01.484 [Test worker] DEBUG org.springframework.test.annotation.ProfileValueUtils - Retrieved ProfileValueSource type [class org.springframework.test.annotation.SystemProfileValueSource] for class [com.epam.esm.controller.TagControllerTest]
04:50:01.507 [Test worker] DEBUG org.springframework.test.context.support.TestPropertySourceUtils - Adding inlined properties to environment: {spring.jmx.enabled=false, org.springframework.boot.test.context.SpringBootTestContextBootstrapper=true}

  .   ____          _            __ _ _
 /\\ / ___'_ __ _ _(_)_ __  __ _ \ \ \ \
( ( )\___ | '_ | '_| | '_ \/ _` | \ \ \ \
 \\/  ___)| |_)| | | | | || (_| |  ) ) ) )
  '  |____| .__|_| |_|_| |_\__, | / / / /
 =========|_|==============|___/=/_/_/_/
 :: Spring Boot ::                (v2.5.2)

2021-11-06 04:50:01.813  INFO 30931 --- [    Test worker] c.epam.esm.controller.TagControllerTest  : Starting TagControllerTest using Java 13.0.7 on RazorLTP with PID 30931 (started by razor in /home/razor/Lab/task3/ThirdModule/web)
2021-11-06 04:50:01.818  INFO 30931 --- [    Test worker] c.epam.esm.controller.TagControllerTest  : No active profile set, falling back to default profiles: default
2021-11-06 04:50:02.755  INFO 30931 --- [    Test worker] .s.d.r.c.RepositoryConfigurationDelegate : Bootstrapping Spring Data JPA repositories in DEFAULT mode.
2021-11-06 04:50:02.778  INFO 30931 --- [    Test worker] .s.d.r.c.RepositoryConfigurationDelegate : Finished Spring Data repository scanning in 13 ms. Found 0 JPA repository interfaces.
2021-11-06 04:50:03.287  INFO 30931 --- [    Test worker] o.hibernate.jpa.internal.util.LogHelper  : HHH000204: Processing PersistenceUnitInfo [name: default]
2021-11-06 04:50:03.344  INFO 30931 --- [    Test worker] org.hibernate.Version                    : HHH000412: Hibernate ORM core version 5.4.32.Final
2021-11-06 04:50:03.476  INFO 30931 --- [    Test worker] o.hibernate.annotations.common.Version   : HCANN000001: Hibernate Commons Annotations {5.1.2.Final}
2021-11-06 04:50:03.763  INFO 30931 --- [    Test worker] org.hibernate.dialect.Dialect            : HHH000400: Using dialect: org.hibernate.dialect.H2Dialect
Hibernate: create table CertificateEntity (id bigint generated by default as identity, createDate timestamp, description varchar(255), duration integer not null, lastUpdateDate timestamp, name varchar(255), price double not null, primary key (id))
Hibernate: create table CertificateEntity_TagEntity (CertificateEntity_id bigint not null, tagEntities_id bigint not null)
Hibernate: create table OrderEntity (id bigint generated by default as identity, purchaseDate timestamp, summary double not null, owner_id bigint, primary key (id))
Hibernate: create table OrderEntity_CertificateEntity (OrderEntity_id bigint not null, certificateEntities_id bigint not null)
Hibernate: create table TagEntity (id bigint generated by default as identity, name varchar(255), primary key (id))
Hibernate: create table UserEntity (id bigint generated by default as identity, username varchar(255), primary key (id))
Hibernate: alter table CertificateEntity drop constraint if exists UK_4io0jhvdc8ko9e8bkkw0n443a
Hibernate: alter table CertificateEntity add constraint UK_4io0jhvdc8ko9e8bkkw0n443a unique (name)
Hibernate: alter table TagEntity drop constraint if exists UK_nju473xvkvj63irbn01bhcx4t
Hibernate: alter table TagEntity add constraint UK_nju473xvkvj63irbn01bhcx4t unique (name)
Hibernate: alter table CertificateEntity_TagEntity add constraint FKbvum6omumgn0swmkmk4c3657e foreign key (tagEntities_id) references TagEntity
Hibernate: alter table CertificateEntity_TagEntity add constraint FK5491dmfo7v0qf5q8tc8jo7t5r foreign key (CertificateEntity_id) references CertificateEntity
Hibernate: alter table OrderEntity add constraint FK9cgrikp7ml2kg2yt9epnsqufu foreign key (owner_id) references UserEntity
Hibernate: alter table OrderEntity_CertificateEntity add constraint FK29lv6m2jli6oko525tfbqiykr foreign key (certificateEntities_id) references CertificateEntity
Hibernate: alter table OrderEntity_CertificateEntity add constraint FKbd3ti9u2flbdqa1fb9hgwnq2o foreign key (OrderEntity_id) references OrderEntity
2021-11-06 04:50:04.559  INFO 30931 --- [    Test worker] o.h.e.t.j.p.i.JtaPlatformInitiator       : HHH000490: Using JtaPlatform implementation: [org.hibernate.engine.transaction.jta.platform.internal.NoJtaPlatform]
2021-11-06 04:50:04.569  INFO 30931 --- [    Test worker] j.LocalContainerEntityManagerFactoryBean : Initialized JPA EntityManagerFactory for persistence unit 'default'
2021-11-06 04:50:04.917  WARN 30931 --- [    Test worker] JpaBaseConfiguration$JpaWebConfiguration : spring.jpa.open-in-view is enabled by default. Therefore, database queries may be performed during view rendering. Explicitly configure spring.jpa.open-in-view to disable this warning
2021-11-06 04:50:05.818  INFO 30931 --- [    Test worker] o.s.b.t.m.w.SpringBootMockServletContext : Initializing Spring TestDispatcherServlet ''
2021-11-06 04:50:05.818  INFO 30931 --- [    Test worker] o.s.t.web.servlet.TestDispatcherServlet  : Initializing Servlet ''
2021-11-06 04:50:05.826  INFO 30931 --- [    Test worker] o.s.b.a.e.web.EndpointLinksResolver      : Exposing 1 endpoint(s) beneath base path '/actuator'
2021-11-06 04:50:05.850  INFO 30931 --- [    Test worker] o.s.t.web.servlet.TestDispatcherServlet  : Completed initialization in 32 ms
2021-11-06 04:50:05.884  INFO 30931 --- [    Test worker] c.epam.esm.controller.TagControllerTest  : Started TagControllerTest in 4.37 seconds (JVM running for 5.195)
2021-11-06 04:50:05.999  INFO 30931 --- [    Test worker] o.s.t.c.transaction.TransactionContext   : Began transaction (1) for test context [DefaultTestContext@f516e10 testClass = TagControllerTest, testInstance = com.epam.esm.controller.TagControllerTest@49ed3110, testMethod = deleteFailTest@TagControllerTest, testException = [null], mergedContextConfiguration = [WebMergedContextConfiguration@6f353c8a testClass = TagControllerTest, locations = '{}', classes = '{class com.epam.esm.Application}', contextInitializerClasses = '[]', activeProfiles = '{}', propertySourceLocations = '{}', propertySourceProperties = '{org.springframework.boot.test.context.SpringBootTestContextBootstrapper=true}', contextCustomizers = set[org.springframework.boot.test.autoconfigure.actuate.metrics.MetricsExportContextCustomizerFactory$DisableMetricExportContextCustomizer@5e3676b4, org.springframework.boot.test.autoconfigure.properties.PropertyMappingContextCustomizer@4b3fa0b3, org.springframework.boot.test.autoconfigure.web.servlet.WebDriverContextCustomizerFactory$Customizer@783a039, [ImportsContextCustomizer@191cc1ec key = [org.springframework.boot.test.autoconfigure.web.servlet.MockMvcAutoConfiguration, org.springframework.boot.test.autoconfigure.web.servlet.MockMvcWebClientAutoConfiguration, org.springframework.boot.test.autoconfigure.web.servlet.MockMvcWebDriverAutoConfiguration, org.springframework.boot.autoconfigure.security.oauth2.client.servlet.OAuth2ClientAutoConfiguration, org.springframework.boot.autoconfigure.security.oauth2.resource.servlet.OAuth2ResourceServerAutoConfiguration, org.springframework.boot.autoconfigure.security.servlet.SecurityAutoConfiguration, org.springframework.boot.autoconfigure.security.servlet.SecurityFilterAutoConfiguration, org.springframework.boot.autoconfigure.security.servlet.UserDetailsServiceAutoConfiguration, org.springframework.boot.test.autoconfigure.web.servlet.MockMvcSecurityConfiguration, com.epam.esm.configuration.ServiceTestConfiguration]], org.springframework.boot.test.context.filter.ExcludeFilterContextCustomizer@6d6f804e, org.springframework.boot.test.json.DuplicateJsonObjectContextCustomizerFactory$DuplicateJsonObjectContextCustomizer@1954235d, org.springframework.boot.test.mock.mockito.MockitoContextCustomizer@0, org.springframework.boot.test.web.client.TestRestTemplateContextCustomizer@4b3925a5, org.springframework.boot.test.context.SpringBootTestArgs@1, org.springframework.boot.test.context.SpringBootTestWebEnvironment@44aaea9d], resourceBasePath = 'src/main/webapp', contextLoader = 'org.springframework.boot.test.context.SpringBootContextLoader', parent = [null]], attributes = map['org.springframework.test.context.web.ServletTestExecutionListener.activateListener' -> true, 'org.springframework.test.context.web.ServletTestExecutionListener.populatedRequestContextHolder' -> true, 'org.springframework.test.context.web.ServletTestExecutionListener.resetRequestContextHolder' -> true, 'org.springframework.test.context.event.ApplicationEventsTestExecutionListener.recordApplicationEvents' -> false]]; transaction manager [org.springframework.orm.jpa.JpaTransactionManager@3b13a891]; rollback [true]
Hibernate: select tagentity0_.id as id1_4_0_, tagentity0_.name as name2_4_0_ from TagEntity tagentity0_ where tagentity0_.id=?
2021-11-06 04:50:06.224  INFO 30931 --- [    Test worker] i.StatisticalLoggingSessionEventListener : Session Metrics {
    572143 nanoseconds spent acquiring 1 JDBC connections;
    0 nanoseconds spent releasing 0 JDBC connections;
    356938 nanoseconds spent preparing 1 JDBC statements;
    218249 nanoseconds spent executing 1 JDBC statements;
    0 nanoseconds spent executing 0 JDBC batches;
    0 nanoseconds spent performing 0 L2C puts;
    0 nanoseconds spent performing 0 L2C hits;
    0 nanoseconds spent performing 0 L2C misses;
    0 nanoseconds spent executing 0 flushes (flushing a total of 0 entities and 0 collections);
    0 nanoseconds spent executing 0 partial-flushes (flushing a total of 0 entities and 0 collections)
}
2021-11-06 04:50:06.229  INFO 30931 --- [    Test worker] o.s.t.c.transaction.TransactionContext   : Rolled back transaction for test: [DefaultTestContext@f516e10 testClass = TagControllerTest, testInstance = com.epam.esm.controller.TagControllerTest@49ed3110, testMethod = deleteFailTest@TagControllerTest, testException = [null], mergedContextConfiguration = [WebMergedContextConfiguration@6f353c8a testClass = TagControllerTest, locations = '{}', classes = '{class com.epam.esm.Application}', contextInitializerClasses = '[]', activeProfiles = '{}', propertySourceLocations = '{}', propertySourceProperties = '{org.springframework.boot.test.context.SpringBootTestContextBootstrapper=true}', contextCustomizers = set[org.springframework.boot.test.autoconfigure.actuate.metrics.MetricsExportContextCustomizerFactory$DisableMetricExportContextCustomizer@5e3676b4, org.springframework.boot.test.autoconfigure.properties.PropertyMappingContextCustomizer@4b3fa0b3, org.springframework.boot.test.autoconfigure.web.servlet.WebDriverContextCustomizerFactory$Customizer@783a039, [ImportsContextCustomizer@191cc1ec key = [org.springframework.boot.test.autoconfigure.web.servlet.MockMvcAutoConfiguration, org.springframework.boot.test.autoconfigure.web.servlet.MockMvcWebClientAutoConfiguration, org.springframework.boot.test.autoconfigure.web.servlet.MockMvcWebDriverAutoConfiguration, org.springframework.boot.autoconfigure.security.oauth2.client.servlet.OAuth2ClientAutoConfiguration, org.springframework.boot.autoconfigure.security.oauth2.resource.servlet.OAuth2ResourceServerAutoConfiguration, org.springframework.boot.autoconfigure.security.servlet.SecurityAutoConfiguration, org.springframework.boot.autoconfigure.security.servlet.SecurityFilterAutoConfiguration, org.springframework.boot.autoconfigure.security.servlet.UserDetailsServiceAutoConfiguration, org.springframework.boot.test.autoconfigure.web.servlet.MockMvcSecurityConfiguration, com.epam.esm.configuration.ServiceTestConfiguration]], org.springframework.boot.test.context.filter.ExcludeFilterContextCustomizer@6d6f804e, org.springframework.boot.test.json.DuplicateJsonObjectContextCustomizerFactory$DuplicateJsonObjectContextCustomizer@1954235d, org.springframework.boot.test.mock.mockito.MockitoContextCustomizer@0, org.springframework.boot.test.web.client.TestRestTemplateContextCustomizer@4b3925a5, org.springframework.boot.test.context.SpringBootTestArgs@1, org.springframework.boot.test.context.SpringBootTestWebEnvironment@44aaea9d], resourceBasePath = 'src/main/webapp', contextLoader = 'org.springframework.boot.test.context.SpringBootContextLoader', parent = [null]], attributes = map['org.springframework.test.context.web.ServletTestExecutionListener.activateListener' -> true, 'org.springframework.test.context.web.ServletTestExecutionListener.populatedRequestContextHolder' -> true, 'org.springframework.test.context.web.ServletTestExecutionListener.resetRequestContextHolder' -> true, 'org.springframework.test.context.event.ApplicationEventsTestExecutionListener.recordApplicationEvents' -> false]]
2021-11-06 04:50:06.232  INFO 30931 --- [    Test worker] o.s.t.c.transaction.TransactionContext   : Began transaction (1) for test context [DefaultTestContext@f516e10 testClass = TagControllerTest, testInstance = com.epam.esm.controller.TagControllerTest@64471691, testMethod = deleteSuccessTest@TagControllerTest, testException = [null], mergedContextConfiguration = [WebMergedContextConfiguration@6f353c8a testClass = TagControllerTest, locations = '{}', classes = '{class com.epam.esm.Application}', contextInitializerClasses = '[]', activeProfiles = '{}', propertySourceLocations = '{}', propertySourceProperties = '{org.springframework.boot.test.context.SpringBootTestContextBootstrapper=true}', contextCustomizers = set[org.springframework.boot.test.autoconfigure.actuate.metrics.MetricsExportContextCustomizerFactory$DisableMetricExportContextCustomizer@5e3676b4, org.springframework.boot.test.autoconfigure.properties.PropertyMappingContextCustomizer@4b3fa0b3, org.springframework.boot.test.autoconfigure.web.servlet.WebDriverContextCustomizerFactory$Customizer@783a039, [ImportsContextCustomizer@191cc1ec key = [org.springframework.boot.test.autoconfigure.web.servlet.MockMvcAutoConfiguration, org.springframework.boot.test.autoconfigure.web.servlet.MockMvcWebClientAutoConfiguration, org.springframework.boot.test.autoconfigure.web.servlet.MockMvcWebDriverAutoConfiguration, org.springframework.boot.autoconfigure.security.oauth2.client.servlet.OAuth2ClientAutoConfiguration, org.springframework.boot.autoconfigure.security.oauth2.resource.servlet.OAuth2ResourceServerAutoConfiguration, org.springframework.boot.autoconfigure.security.servlet.SecurityAutoConfiguration, org.springframework.boot.autoconfigure.security.servlet.SecurityFilterAutoConfiguration, org.springframework.boot.autoconfigure.security.servlet.UserDetailsServiceAutoConfiguration, org.springframework.boot.test.autoconfigure.web.servlet.MockMvcSecurityConfiguration, com.epam.esm.configuration.ServiceTestConfiguration]], org.springframework.boot.test.context.filter.ExcludeFilterContextCustomizer@6d6f804e, org.springframework.boot.test.json.DuplicateJsonObjectContextCustomizerFactory$DuplicateJsonObjectContextCustomizer@1954235d, org.springframework.boot.test.mock.mockito.MockitoContextCustomizer@0, org.springframework.boot.test.web.client.TestRestTemplateContextCustomizer@4b3925a5, org.springframework.boot.test.context.SpringBootTestArgs@1, org.springframework.boot.test.context.SpringBootTestWebEnvironment@44aaea9d], resourceBasePath = 'src/main/webapp', contextLoader = 'org.springframework.boot.test.context.SpringBootContextLoader', parent = [null]], attributes = map['org.springframework.test.context.web.ServletTestExecutionListener.activateListener' -> true, 'org.springframework.test.context.web.ServletTestExecutionListener.populatedRequestContextHolder' -> true, 'org.springframework.test.context.web.ServletTestExecutionListener.resetRequestContextHolder' -> true, 'org.springframework.test.context.event.ApplicationEventsTestExecutionListener.recordApplicationEvents' -> false]]; transaction manager [org.springframework.orm.jpa.JpaTransactionManager@3b13a891]; rollback [true]
Hibernate: select tagentity0_.id as id1_4_, tagentity0_.name as name2_4_ from TagEntity tagentity0_ where tagentity0_.name=?
Hibernate: select tagentity0_.id as id1_4_, tagentity0_.name as name2_4_ from TagEntity tagentity0_ where tagentity0_.name=?
Hibernate: insert into TagEntity (id, name) values (null, ?)
2021-11-06 04:50:06.364  INFO 30931 --- [    Test worker] i.StatisticalLoggingSessionEventListener : Session Metrics {
    394727 nanoseconds spent acquiring 1 JDBC connections;
    0 nanoseconds spent releasing 0 JDBC connections;
    1159526 nanoseconds spent preparing 3 JDBC statements;
    2256151 nanoseconds spent executing 3 JDBC statements;
    0 nanoseconds spent executing 0 JDBC batches;
    0 nanoseconds spent performing 0 L2C puts;
    0 nanoseconds spent performing 0 L2C hits;
    0 nanoseconds spent performing 0 L2C misses;
    0 nanoseconds spent executing 0 flushes (flushing a total of 0 entities and 0 collections);
    28815 nanoseconds spent executing 2 partial-flushes (flushing a total of 0 entities and 0 collections)
}
2021-11-06 04:50:06.365  INFO 30931 --- [    Test worker] o.s.t.c.transaction.TransactionContext   : Rolled back transaction for test: [DefaultTestContext@f516e10 testClass = TagControllerTest, testInstance = com.epam.esm.controller.TagControllerTest@64471691, testMethod = deleteSuccessTest@TagControllerTest, testException = [null], mergedContextConfiguration = [WebMergedContextConfiguration@6f353c8a testClass = TagControllerTest, locations = '{}', classes = '{class com.epam.esm.Application}', contextInitializerClasses = '[]', activeProfiles = '{}', propertySourceLocations = '{}', propertySourceProperties = '{org.springframework.boot.test.context.SpringBootTestContextBootstrapper=true}', contextCustomizers = set[org.springframework.boot.test.autoconfigure.actuate.metrics.MetricsExportContextCustomizerFactory$DisableMetricExportContextCustomizer@5e3676b4, org.springframework.boot.test.autoconfigure.properties.PropertyMappingContextCustomizer@4b3fa0b3, org.springframework.boot.test.autoconfigure.web.servlet.WebDriverContextCustomizerFactory$Customizer@783a039, [ImportsContextCustomizer@191cc1ec key = [org.springframework.boot.test.autoconfigure.web.servlet.MockMvcAutoConfiguration, org.springframework.boot.test.autoconfigure.web.servlet.MockMvcWebClientAutoConfiguration, org.springframework.boot.test.autoconfigure.web.servlet.MockMvcWebDriverAutoConfiguration, org.springframework.boot.autoconfigure.security.oauth2.client.servlet.OAuth2ClientAutoConfiguration, org.springframework.boot.autoconfigure.security.oauth2.resource.servlet.OAuth2ResourceServerAutoConfiguration, org.springframework.boot.autoconfigure.security.servlet.SecurityAutoConfiguration, org.springframework.boot.autoconfigure.security.servlet.SecurityFilterAutoConfiguration, org.springframework.boot.autoconfigure.security.servlet.UserDetailsServiceAutoConfiguration, org.springframework.boot.test.autoconfigure.web.servlet.MockMvcSecurityConfiguration, com.epam.esm.configuration.ServiceTestConfiguration]], org.springframework.boot.test.context.filter.ExcludeFilterContextCustomizer@6d6f804e, org.springframework.boot.test.json.DuplicateJsonObjectContextCustomizerFactory$DuplicateJsonObjectContextCustomizer@1954235d, org.springframework.boot.test.mock.mockito.MockitoContextCustomizer@0, org.springframework.boot.test.web.client.TestRestTemplateContextCustomizer@4b3925a5, org.springframework.boot.test.context.SpringBootTestArgs@1, org.springframework.boot.test.context.SpringBootTestWebEnvironment@44aaea9d], resourceBasePath = 'src/main/webapp', contextLoader = 'org.springframework.boot.test.context.SpringBootContextLoader', parent = [null]], attributes = map['org.springframework.test.context.web.ServletTestExecutionListener.activateListener' -> true, 'org.springframework.test.context.web.ServletTestExecutionListener.populatedRequestContextHolder' -> true, 'org.springframework.test.context.web.ServletTestExecutionListener.resetRequestContextHolder' -> true, 'org.springframework.test.context.event.ApplicationEventsTestExecutionListener.recordApplicationEvents' -> false]]
2021-11-06 04:50:06.368  INFO 30931 --- [    Test worker] o.s.t.c.transaction.TransactionContext   : Began transaction (1) for test context [DefaultTestContext@f516e10 testClass = TagControllerTest, testInstance = com.epam.esm.controller.TagControllerTest@4db1546d, testMethod = createSuccessTest@TagControllerTest, testException = [null], mergedContextConfiguration = [WebMergedContextConfiguration@6f353c8a testClass = TagControllerTest, locations = '{}', classes = '{class com.epam.esm.Application}', contextInitializerClasses = '[]', activeProfiles = '{}', propertySourceLocations = '{}', propertySourceProperties = '{org.springframework.boot.test.context.SpringBootTestContextBootstrapper=true}', contextCustomizers = set[org.springframework.boot.test.autoconfigure.actuate.metrics.MetricsExportContextCustomizerFactory$DisableMetricExportContextCustomizer@5e3676b4, org.springframework.boot.test.autoconfigure.properties.PropertyMappingContextCustomizer@4b3fa0b3, org.springframework.boot.test.autoconfigure.web.servlet.WebDriverContextCustomizerFactory$Customizer@783a039, [ImportsContextCustomizer@191cc1ec key = [org.springframework.boot.test.autoconfigure.web.servlet.MockMvcAutoConfiguration, org.springframework.boot.test.autoconfigure.web.servlet.MockMvcWebClientAutoConfiguration, org.springframework.boot.test.autoconfigure.web.servlet.MockMvcWebDriverAutoConfiguration, org.springframework.boot.autoconfigure.security.oauth2.client.servlet.OAuth2ClientAutoConfiguration, org.springframework.boot.autoconfigure.security.oauth2.resource.servlet.OAuth2ResourceServerAutoConfiguration, org.springframework.boot.autoconfigure.security.servlet.SecurityAutoConfiguration, org.springframework.boot.autoconfigure.security.servlet.SecurityFilterAutoConfiguration, org.springframework.boot.autoconfigure.security.servlet.UserDetailsServiceAutoConfiguration, org.springframework.boot.test.autoconfigure.web.servlet.MockMvcSecurityConfiguration, com.epam.esm.configuration.ServiceTestConfiguration]], org.springframework.boot.test.context.filter.ExcludeFilterContextCustomizer@6d6f804e, org.springframework.boot.test.json.DuplicateJsonObjectContextCustomizerFactory$DuplicateJsonObjectContextCustomizer@1954235d, org.springframework.boot.test.mock.mockito.MockitoContextCustomizer@0, org.springframework.boot.test.web.client.TestRestTemplateContextCustomizer@4b3925a5, org.springframework.boot.test.context.SpringBootTestArgs@1, org.springframework.boot.test.context.SpringBootTestWebEnvironment@44aaea9d], resourceBasePath = 'src/main/webapp', contextLoader = 'org.springframework.boot.test.context.SpringBootContextLoader', parent = [null]], attributes = map['org.springframework.test.context.web.ServletTestExecutionListener.activateListener' -> true, 'org.springframework.test.context.web.ServletTestExecutionListener.populatedRequestContextHolder' -> true, 'org.springframework.test.context.web.ServletTestExecutionListener.resetRequestContextHolder' -> true, 'org.springframework.test.context.event.ApplicationEventsTestExecutionListener.recordApplicationEvents' -> false]]; transaction manager [org.springframework.orm.jpa.JpaTransactionManager@3b13a891]; rollback [true]
Hibernate: select tagentity0_.id as id1_4_, tagentity0_.name as name2_4_ from TagEntity tagentity0_ where tagentity0_.name=?
Hibernate: insert into TagEntity (id, name) values (null, ?)
2021-11-06 04:50:06.483  INFO 30931 --- [    Test worker] i.StatisticalLoggingSessionEventListener : Session Metrics {
    412344 nanoseconds spent acquiring 1 JDBC connections;
    0 nanoseconds spent releasing 0 JDBC connections;
    390454 nanoseconds spent preparing 2 JDBC statements;
    472515 nanoseconds spent executing 2 JDBC statements;
    0 nanoseconds spent executing 0 JDBC batches;
    0 nanoseconds spent performing 0 L2C puts;
    0 nanoseconds spent performing 0 L2C hits;
    0 nanoseconds spent performing 0 L2C misses;
    0 nanoseconds spent executing 0 flushes (flushing a total of 0 entities and 0 collections);
    6152 nanoseconds spent executing 1 partial-flushes (flushing a total of 0 entities and 0 collections)
}
2021-11-06 04:50:06.483  INFO 30931 --- [    Test worker] o.s.t.c.transaction.TransactionContext   : Rolled back transaction for test: [DefaultTestContext@f516e10 testClass = TagControllerTest, testInstance = com.epam.esm.controller.TagControllerTest@4db1546d, testMethod = createSuccessTest@TagControllerTest, testException = [null], mergedContextConfiguration = [WebMergedContextConfiguration@6f353c8a testClass = TagControllerTest, locations = '{}', classes = '{class com.epam.esm.Application}', contextInitializerClasses = '[]', activeProfiles = '{}', propertySourceLocations = '{}', propertySourceProperties = '{org.springframework.boot.test.context.SpringBootTestContextBootstrapper=true}', contextCustomizers = set[org.springframework.boot.test.autoconfigure.actuate.metrics.MetricsExportContextCustomizerFactory$DisableMetricExportContextCustomizer@5e3676b4, org.springframework.boot.test.autoconfigure.properties.PropertyMappingContextCustomizer@4b3fa0b3, org.springframework.boot.test.autoconfigure.web.servlet.WebDriverContextCustomizerFactory$Customizer@783a039, [ImportsContextCustomizer@191cc1ec key = [org.springframework.boot.test.autoconfigure.web.servlet.MockMvcAutoConfiguration, org.springframework.boot.test.autoconfigure.web.servlet.MockMvcWebClientAutoConfiguration, org.springframework.boot.test.autoconfigure.web.servlet.MockMvcWebDriverAutoConfiguration, org.springframework.boot.autoconfigure.security.oauth2.client.servlet.OAuth2ClientAutoConfiguration, org.springframework.boot.autoconfigure.security.oauth2.resource.servlet.OAuth2ResourceServerAutoConfiguration, org.springframework.boot.autoconfigure.security.servlet.SecurityAutoConfiguration, org.springframework.boot.autoconfigure.security.servlet.SecurityFilterAutoConfiguration, org.springframework.boot.autoconfigure.security.servlet.UserDetailsServiceAutoConfiguration, org.springframework.boot.test.autoconfigure.web.servlet.MockMvcSecurityConfiguration, com.epam.esm.configuration.ServiceTestConfiguration]], org.springframework.boot.test.context.filter.ExcludeFilterContextCustomizer@6d6f804e, org.springframework.boot.test.json.DuplicateJsonObjectContextCustomizerFactory$DuplicateJsonObjectContextCustomizer@1954235d, org.springframework.boot.test.mock.mockito.MockitoContextCustomizer@0, org.springframework.boot.test.web.client.TestRestTemplateContextCustomizer@4b3925a5, org.springframework.boot.test.context.SpringBootTestArgs@1, org.springframework.boot.test.context.SpringBootTestWebEnvironment@44aaea9d], resourceBasePath = 'src/main/webapp', contextLoader = 'org.springframework.boot.test.context.SpringBootContextLoader', parent = [null]], attributes = map['org.springframework.test.context.web.ServletTestExecutionListener.activateListener' -> true, 'org.springframework.test.context.web.ServletTestExecutionListener.populatedRequestContextHolder' -> true, 'org.springframework.test.context.web.ServletTestExecutionListener.resetRequestContextHolder' -> true, 'org.springframework.test.context.event.ApplicationEventsTestExecutionListener.recordApplicationEvents' -> false]]
2021-11-06 04:50:06.486  INFO 30931 --- [    Test worker] o.s.t.c.transaction.TransactionContext   : Began transaction (1) for test context [DefaultTestContext@f516e10 testClass = TagControllerTest, testInstance = com.epam.esm.controller.TagControllerTest@776799ea, testMethod = getAllTest@TagControllerTest, testException = [null], mergedContextConfiguration = [WebMergedContextConfiguration@6f353c8a testClass = TagControllerTest, locations = '{}', classes = '{class com.epam.esm.Application}', contextInitializerClasses = '[]', activeProfiles = '{}', propertySourceLocations = '{}', propertySourceProperties = '{org.springframework.boot.test.context.SpringBootTestContextBootstrapper=true}', contextCustomizers = set[org.springframework.boot.test.autoconfigure.actuate.metrics.MetricsExportContextCustomizerFactory$DisableMetricExportContextCustomizer@5e3676b4, org.springframework.boot.test.autoconfigure.properties.PropertyMappingContextCustomizer@4b3fa0b3, org.springframework.boot.test.autoconfigure.web.servlet.WebDriverContextCustomizerFactory$Customizer@783a039, [ImportsContextCustomizer@191cc1ec key = [org.springframework.boot.test.autoconfigure.web.servlet.MockMvcAutoConfiguration, org.springframework.boot.test.autoconfigure.web.servlet.MockMvcWebClientAutoConfiguration, org.springframework.boot.test.autoconfigure.web.servlet.MockMvcWebDriverAutoConfiguration, org.springframework.boot.autoconfigure.security.oauth2.client.servlet.OAuth2ClientAutoConfiguration, org.springframework.boot.autoconfigure.security.oauth2.resource.servlet.OAuth2ResourceServerAutoConfiguration, org.springframework.boot.autoconfigure.security.servlet.SecurityAutoConfiguration, org.springframework.boot.autoconfigure.security.servlet.SecurityFilterAutoConfiguration, org.springframework.boot.autoconfigure.security.servlet.UserDetailsServiceAutoConfiguration, org.springframework.boot.test.autoconfigure.web.servlet.MockMvcSecurityConfiguration, com.epam.esm.configuration.ServiceTestConfiguration]], org.springframework.boot.test.context.filter.ExcludeFilterContextCustomizer@6d6f804e, org.springframework.boot.test.json.DuplicateJsonObjectContextCustomizerFactory$DuplicateJsonObjectContextCustomizer@1954235d, org.springframework.boot.test.mock.mockito.MockitoContextCustomizer@0, org.springframework.boot.test.web.client.TestRestTemplateContextCustomizer@4b3925a5, org.springframework.boot.test.context.SpringBootTestArgs@1, org.springframework.boot.test.context.SpringBootTestWebEnvironment@44aaea9d], resourceBasePath = 'src/main/webapp', contextLoader = 'org.springframework.boot.test.context.SpringBootContextLoader', parent = [null]], attributes = map['org.springframework.test.context.web.ServletTestExecutionListener.activateListener' -> true, 'org.springframework.test.context.web.ServletTestExecutionListener.populatedRequestContextHolder' -> true, 'org.springframework.test.context.web.ServletTestExecutionListener.resetRequestContextHolder' -> true, 'org.springframework.test.context.event.ApplicationEventsTestExecutionListener.recordApplicationEvents' -> false]]; transaction manager [org.springframework.orm.jpa.JpaTransactionManager@3b13a891]; rollback [true]
Hibernate: select tagentity0_.id as id1_4_, tagentity0_.name as name2_4_ from TagEntity tagentity0_ where tagentity0_.name=?
Hibernate: select tagentity0_.id as id1_4_, tagentity0_.name as name2_4_ from TagEntity tagentity0_ where tagentity0_.name=?
Hibernate: insert into TagEntity (id, name) values (null, ?)
Hibernate: select tagentity0_.id as id1_4_, tagentity0_.name as name2_4_ from TagEntity tagentity0_ where tagentity0_.name=?
Hibernate: select tagentity0_.id as id1_4_, tagentity0_.name as name2_4_ from TagEntity tagentity0_ where tagentity0_.name=?
Hibernate: insert into TagEntity (id, name) values (null, ?)
Hibernate: select tagentity0_.id as id1_4_, tagentity0_.name as name2_4_ from TagEntity tagentity0_ where tagentity0_.name=?
Hibernate: select tagentity0_.id as id1_4_, tagentity0_.name as name2_4_ from TagEntity tagentity0_ where tagentity0_.name=?
Hibernate: insert into TagEntity (id, name) values (null, ?)
Hibernate: select tagentity0_.id as id1_4_, tagentity0_.name as name2_4_ from TagEntity tagentity0_ where tagentity0_.name=?
Hibernate: select tagentity0_.id as id1_4_, tagentity0_.name as name2_4_ from TagEntity tagentity0_ where tagentity0_.name=?
Hibernate: insert into TagEntity (id, name) values (null, ?)
Hibernate: select tagentity0_.id as id1_4_, tagentity0_.name as name2_4_ from TagEntity tagentity0_ where tagentity0_.name=?
Hibernate: select tagentity0_.id as id1_4_, tagentity0_.name as name2_4_ from TagEntity tagentity0_ where tagentity0_.name=?
Hibernate: insert into TagEntity (id, name) values (null, ?)
Hibernate: select tagentity0_.id as id1_4_, tagentity0_.name as name2_4_ from TagEntity tagentity0_ where tagentity0_.name=?
Hibernate: select tagentity0_.id as id1_4_, tagentity0_.name as name2_4_ from TagEntity tagentity0_ where tagentity0_.name=?
Hibernate: insert into TagEntity (id, name) values (null, ?)
Hibernate: select tagentity0_.id as id1_4_, tagentity0_.name as name2_4_ from TagEntity tagentity0_ where tagentity0_.name=?
Hibernate: select tagentity0_.id as id1_4_, tagentity0_.name as name2_4_ from TagEntity tagentity0_ where tagentity0_.name=?
Hibernate: insert into TagEntity (id, name) values (null, ?)
Hibernate: select tagentity0_.id as id1_4_, tagentity0_.name as name2_4_ from TagEntity tagentity0_ where tagentity0_.name=?
Hibernate: select tagentity0_.id as id1_4_, tagentity0_.name as name2_4_ from TagEntity tagentity0_ where tagentity0_.name=?
Hibernate: insert into TagEntity (id, name) values (null, ?)
Hibernate: select tagentity0_.id as id1_4_, tagentity0_.name as name2_4_ from TagEntity tagentity0_ where tagentity0_.name=?
Hibernate: select tagentity0_.id as id1_4_, tagentity0_.name as name2_4_ from TagEntity tagentity0_ where tagentity0_.name=?
Hibernate: insert into TagEntity (id, name) values (null, ?)
Hibernate: select tagentity0_.id as id1_4_, tagentity0_.name as name2_4_ from TagEntity tagentity0_ where tagentity0_.name=?
Hibernate: select tagentity0_.id as id1_4_, tagentity0_.name as name2_4_ from TagEntity tagentity0_ where tagentity0_.name=?
Hibernate: insert into TagEntity (id, name) values (null, ?)
Hibernate: select tagentity0_.id as id1_4_, tagentity0_.name as name2_4_ from TagEntity tagentity0_
2021-11-06 04:50:06.542  INFO 30931 --- [    Test worker] i.StatisticalLoggingSessionEventListener : Session Metrics {
    524065 nanoseconds spent acquiring 1 JDBC connections;
    0 nanoseconds spent releasing 0 JDBC connections;
    1269513 nanoseconds spent preparing 31 JDBC statements;
    5478561 nanoseconds spent executing 31 JDBC statements;
    0 nanoseconds spent executing 0 JDBC batches;
    0 nanoseconds spent performing 0 L2C puts;
    0 nanoseconds spent performing 0 L2C hits;
    0 nanoseconds spent performing 0 L2C misses;
    0 nanoseconds spent executing 0 flushes (flushing a total of 0 entities and 0 collections);
    9118480 nanoseconds spent executing 21 partial-flushes (flushing a total of 100 entities and 100 collections)
}
2021-11-06 04:50:06.543  INFO 30931 --- [    Test worker] o.s.t.c.transaction.TransactionContext   : Rolled back transaction for test: [DefaultTestContext@f516e10 testClass = TagControllerTest, testInstance = com.epam.esm.controller.TagControllerTest@776799ea, testMethod = getAllTest@TagControllerTest, testException = [null], mergedContextConfiguration = [WebMergedContextConfiguration@6f353c8a testClass = TagControllerTest, locations = '{}', classes = '{class com.epam.esm.Application}', contextInitializerClasses = '[]', activeProfiles = '{}', propertySourceLocations = '{}', propertySourceProperties = '{org.springframework.boot.test.context.SpringBootTestContextBootstrapper=true}', contextCustomizers = set[org.springframework.boot.test.autoconfigure.actuate.metrics.MetricsExportContextCustomizerFactory$DisableMetricExportContextCustomizer@5e3676b4, org.springframework.boot.test.autoconfigure.properties.PropertyMappingContextCustomizer@4b3fa0b3, org.springframework.boot.test.autoconfigure.web.servlet.WebDriverContextCustomizerFactory$Customizer@783a039, [ImportsContextCustomizer@191cc1ec key = [org.springframework.boot.test.autoconfigure.web.servlet.MockMvcAutoConfiguration, org.springframework.boot.test.autoconfigure.web.servlet.MockMvcWebClientAutoConfiguration, org.springframework.boot.test.autoconfigure.web.servlet.MockMvcWebDriverAutoConfiguration, org.springframework.boot.autoconfigure.security.oauth2.client.servlet.OAuth2ClientAutoConfiguration, org.springframework.boot.autoconfigure.security.oauth2.resource.servlet.OAuth2ResourceServerAutoConfiguration, org.springframework.boot.autoconfigure.security.servlet.SecurityAutoConfiguration, org.springframework.boot.autoconfigure.security.servlet.SecurityFilterAutoConfiguration, org.springframework.boot.autoconfigure.security.servlet.UserDetailsServiceAutoConfiguration, org.springframework.boot.test.autoconfigure.web.servlet.MockMvcSecurityConfiguration, com.epam.esm.configuration.ServiceTestConfiguration]], org.springframework.boot.test.context.filter.ExcludeFilterContextCustomizer@6d6f804e, org.springframework.boot.test.json.DuplicateJsonObjectContextCustomizerFactory$DuplicateJsonObjectContextCustomizer@1954235d, org.springframework.boot.test.mock.mockito.MockitoContextCustomizer@0, org.springframework.boot.test.web.client.TestRestTemplateContextCustomizer@4b3925a5, org.springframework.boot.test.context.SpringBootTestArgs@1, org.springframework.boot.test.context.SpringBootTestWebEnvironment@44aaea9d], resourceBasePath = 'src/main/webapp', contextLoader = 'org.springframework.boot.test.context.SpringBootContextLoader', parent = [null]], attributes = map['org.springframework.test.context.web.ServletTestExecutionListener.activateListener' -> true, 'org.springframework.test.context.web.ServletTestExecutionListener.populatedRequestContextHolder' -> true, 'org.springframework.test.context.web.ServletTestExecutionListener.resetRequestContextHolder' -> true, 'org.springframework.test.context.event.ApplicationEventsTestExecutionListener.recordApplicationEvents' -> false]]
2021-11-06 04:50:06.546  INFO 30931 --- [    Test worker] o.s.t.c.transaction.TransactionContext   : Began transaction (1) for test context [DefaultTestContext@f516e10 testClass = TagControllerTest, testInstance = com.epam.esm.controller.TagControllerTest@5d9b2b43, testMethod = createBadRequestTest@TagControllerTest, testException = [null], mergedContextConfiguration = [WebMergedContextConfiguration@6f353c8a testClass = TagControllerTest, locations = '{}', classes = '{class com.epam.esm.Application}', contextInitializerClasses = '[]', activeProfiles = '{}', propertySourceLocations = '{}', propertySourceProperties = '{org.springframework.boot.test.context.SpringBootTestContextBootstrapper=true}', contextCustomizers = set[org.springframework.boot.test.autoconfigure.actuate.metrics.MetricsExportContextCustomizerFactory$DisableMetricExportContextCustomizer@5e3676b4, org.springframework.boot.test.autoconfigure.properties.PropertyMappingContextCustomizer@4b3fa0b3, org.springframework.boot.test.autoconfigure.web.servlet.WebDriverContextCustomizerFactory$Customizer@783a039, [ImportsContextCustomizer@191cc1ec key = [org.springframework.boot.test.autoconfigure.web.servlet.MockMvcAutoConfiguration, org.springframework.boot.test.autoconfigure.web.servlet.MockMvcWebClientAutoConfiguration, org.springframework.boot.test.autoconfigure.web.servlet.MockMvcWebDriverAutoConfiguration, org.springframework.boot.autoconfigure.security.oauth2.client.servlet.OAuth2ClientAutoConfiguration, org.springframework.boot.autoconfigure.security.oauth2.resource.servlet.OAuth2ResourceServerAutoConfiguration, org.springframework.boot.autoconfigure.security.servlet.SecurityAutoConfiguration, org.springframework.boot.autoconfigure.security.servlet.SecurityFilterAutoConfiguration, org.springframework.boot.autoconfigure.security.servlet.UserDetailsServiceAutoConfiguration, org.springframework.boot.test.autoconfigure.web.servlet.MockMvcSecurityConfiguration, com.epam.esm.configuration.ServiceTestConfiguration]], org.springframework.boot.test.context.filter.ExcludeFilterContextCustomizer@6d6f804e, org.springframework.boot.test.json.DuplicateJsonObjectContextCustomizerFactory$DuplicateJsonObjectContextCustomizer@1954235d, org.springframework.boot.test.mock.mockito.MockitoContextCustomizer@0, org.springframework.boot.test.web.client.TestRestTemplateContextCustomizer@4b3925a5, org.springframework.boot.test.context.SpringBootTestArgs@1, org.springframework.boot.test.context.SpringBootTestWebEnvironment@44aaea9d], resourceBasePath = 'src/main/webapp', contextLoader = 'org.springframework.boot.test.context.SpringBootContextLoader', parent = [null]], attributes = map['org.springframework.test.context.web.ServletTestExecutionListener.activateListener' -> true, 'org.springframework.test.context.web.ServletTestExecutionListener.populatedRequestContextHolder' -> true, 'org.springframework.test.context.web.ServletTestExecutionListener.resetRequestContextHolder' -> true, 'org.springframework.test.context.event.ApplicationEventsTestExecutionListener.recordApplicationEvents' -> false]]; transaction manager [org.springframework.orm.jpa.JpaTransactionManager@3b13a891]; rollback [true]
2021-11-06 04:50:06.562  INFO 30931 --- [    Test worker] i.StatisticalLoggingSessionEventListener : Session Metrics {
    544777 nanoseconds spent acquiring 1 JDBC connections;
    0 nanoseconds spent releasing 0 JDBC connections;
    0 nanoseconds spent preparing 0 JDBC statements;
    0 nanoseconds spent executing 0 JDBC statements;
    0 nanoseconds spent executing 0 JDBC batches;
    0 nanoseconds spent performing 0 L2C puts;
    0 nanoseconds spent performing 0 L2C hits;
    0 nanoseconds spent performing 0 L2C misses;
    0 nanoseconds spent executing 0 flushes (flushing a total of 0 entities and 0 collections);
    0 nanoseconds spent executing 0 partial-flushes (flushing a total of 0 entities and 0 collections)
}
2021-11-06 04:50:06.563  INFO 30931 --- [    Test worker] o.s.t.c.transaction.TransactionContext   : Rolled back transaction for test: [DefaultTestContext@f516e10 testClass = TagControllerTest, testInstance = com.epam.esm.controller.TagControllerTest@5d9b2b43, testMethod = createBadRequestTest@TagControllerTest, testException = [null], mergedContextConfiguration = [WebMergedContextConfiguration@6f353c8a testClass = TagControllerTest, locations = '{}', classes = '{class com.epam.esm.Application}', contextInitializerClasses = '[]', activeProfiles = '{}', propertySourceLocations = '{}', propertySourceProperties = '{org.springframework.boot.test.context.SpringBootTestContextBootstrapper=true}', contextCustomizers = set[org.springframework.boot.test.autoconfigure.actuate.metrics.MetricsExportContextCustomizerFactory$DisableMetricExportContextCustomizer@5e3676b4, org.springframework.boot.test.autoconfigure.properties.PropertyMappingContextCustomizer@4b3fa0b3, org.springframework.boot.test.autoconfigure.web.servlet.WebDriverContextCustomizerFactory$Customizer@783a039, [ImportsContextCustomizer@191cc1ec key = [org.springframework.boot.test.autoconfigure.web.servlet.MockMvcAutoConfiguration, org.springframework.boot.test.autoconfigure.web.servlet.MockMvcWebClientAutoConfiguration, org.springframework.boot.test.autoconfigure.web.servlet.MockMvcWebDriverAutoConfiguration, org.springframework.boot.autoconfigure.security.oauth2.client.servlet.OAuth2ClientAutoConfiguration, org.springframework.boot.autoconfigure.security.oauth2.resource.servlet.OAuth2ResourceServerAutoConfiguration, org.springframework.boot.autoconfigure.security.servlet.SecurityAutoConfiguration, org.springframework.boot.autoconfigure.security.servlet.SecurityFilterAutoConfiguration, org.springframework.boot.autoconfigure.security.servlet.UserDetailsServiceAutoConfiguration, org.springframework.boot.test.autoconfigure.web.servlet.MockMvcSecurityConfiguration, com.epam.esm.configuration.ServiceTestConfiguration]], org.springframework.boot.test.context.filter.ExcludeFilterContextCustomizer@6d6f804e, org.springframework.boot.test.json.DuplicateJsonObjectContextCustomizerFactory$DuplicateJsonObjectContextCustomizer@1954235d, org.springframework.boot.test.mock.mockito.MockitoContextCustomizer@0, org.springframework.boot.test.web.client.TestRestTemplateContextCustomizer@4b3925a5, org.springframework.boot.test.context.SpringBootTestArgs@1, org.springframework.boot.test.context.SpringBootTestWebEnvironment@44aaea9d], resourceBasePath = 'src/main/webapp', contextLoader = 'org.springframework.boot.test.context.SpringBootContextLoader', parent = [null]], attributes = map['org.springframework.test.context.web.ServletTestExecutionListener.activateListener' -> true, 'org.springframework.test.context.web.ServletTestExecutionListener.populatedRequestContextHolder' -> true, 'org.springframework.test.context.web.ServletTestExecutionListener.resetRequestContextHolder' -> true, 'org.springframework.test.context.event.ApplicationEventsTestExecutionListener.recordApplicationEvents' -> false]]
2021-11-06 04:50:06.566  INFO 30931 --- [    Test worker] o.s.t.c.transaction.TransactionContext   : Began transaction (1) for test context [DefaultTestContext@f516e10 testClass = TagControllerTest, testInstance = com.epam.esm.controller.TagControllerTest@12a17079, testMethod = createConflictTest@TagControllerTest, testException = [null], mergedContextConfiguration = [WebMergedContextConfiguration@6f353c8a testClass = TagControllerTest, locations = '{}', classes = '{class com.epam.esm.Application}', contextInitializerClasses = '[]', activeProfiles = '{}', propertySourceLocations = '{}', propertySourceProperties = '{org.springframework.boot.test.context.SpringBootTestContextBootstrapper=true}', contextCustomizers = set[org.springframework.boot.test.autoconfigure.actuate.metrics.MetricsExportContextCustomizerFactory$DisableMetricExportContextCustomizer@5e3676b4, org.springframework.boot.test.autoconfigure.properties.PropertyMappingContextCustomizer@4b3fa0b3, org.springframework.boot.test.autoconfigure.web.servlet.WebDriverContextCustomizerFactory$Customizer@783a039, [ImportsContextCustomizer@191cc1ec key = [org.springframework.boot.test.autoconfigure.web.servlet.MockMvcAutoConfiguration, org.springframework.boot.test.autoconfigure.web.servlet.MockMvcWebClientAutoConfiguration, org.springframework.boot.test.autoconfigure.web.servlet.MockMvcWebDriverAutoConfiguration, org.springframework.boot.autoconfigure.security.oauth2.client.servlet.OAuth2ClientAutoConfiguration, org.springframework.boot.autoconfigure.security.oauth2.resource.servlet.OAuth2ResourceServerAutoConfiguration, org.springframework.boot.autoconfigure.security.servlet.SecurityAutoConfiguration, org.springframework.boot.autoconfigure.security.servlet.SecurityFilterAutoConfiguration, org.springframework.boot.autoconfigure.security.servlet.UserDetailsServiceAutoConfiguration, org.springframework.boot.test.autoconfigure.web.servlet.MockMvcSecurityConfiguration, com.epam.esm.configuration.ServiceTestConfiguration]], org.springframework.boot.test.context.filter.ExcludeFilterContextCustomizer@6d6f804e, org.springframework.boot.test.json.DuplicateJsonObjectContextCustomizerFactory$DuplicateJsonObjectContextCustomizer@1954235d, org.springframework.boot.test.mock.mockito.MockitoContextCustomizer@0, org.springframework.boot.test.web.client.TestRestTemplateContextCustomizer@4b3925a5, org.springframework.boot.test.context.SpringBootTestArgs@1, org.springframework.boot.test.context.SpringBootTestWebEnvironment@44aaea9d], resourceBasePath = 'src/main/webapp', contextLoader = 'org.springframework.boot.test.context.SpringBootContextLoader', parent = [null]], attributes = map['org.springframework.test.context.web.ServletTestExecutionListener.activateListener' -> true, 'org.springframework.test.context.web.ServletTestExecutionListener.populatedRequestContextHolder' -> true, 'org.springframework.test.context.web.ServletTestExecutionListener.resetRequestContextHolder' -> true, 'org.springframework.test.context.event.ApplicationEventsTestExecutionListener.recordApplicationEvents' -> false]]; transaction manager [org.springframework.orm.jpa.JpaTransactionManager@3b13a891]; rollback [true]
Hibernate: select tagentity0_.id as id1_4_, tagentity0_.name as name2_4_ from TagEntity tagentity0_ where tagentity0_.name=?
Hibernate: select tagentity0_.id as id1_4_, tagentity0_.name as name2_4_ from TagEntity tagentity0_ where tagentity0_.name=?
Hibernate: insert into TagEntity (id, name) values (null, ?)
Hibernate: select tagentity0_.id as id1_4_, tagentity0_.name as name2_4_ from TagEntity tagentity0_ where tagentity0_.name=?
2021-11-06 04:50:06.579  INFO 30931 --- [    Test worker] i.StatisticalLoggingSessionEventListener : Session Metrics {
    806106 nanoseconds spent acquiring 1 JDBC connections;
    0 nanoseconds spent releasing 0 JDBC connections;
    427271 nanoseconds spent preparing 4 JDBC statements;
    828359 nanoseconds spent executing 4 JDBC statements;
    0 nanoseconds spent executing 0 JDBC batches;
    0 nanoseconds spent performing 0 L2C puts;
    0 nanoseconds spent performing 0 L2C hits;
    0 nanoseconds spent performing 0 L2C misses;
    0 nanoseconds spent executing 0 flushes (flushing a total of 0 entities and 0 collections);
    137333 nanoseconds spent executing 3 partial-flushes (flushing a total of 1 entities and 1 collections)
}
2021-11-06 04:50:06.579  INFO 30931 --- [    Test worker] o.s.t.c.transaction.TransactionContext   : Rolled back transaction for test: [DefaultTestContext@f516e10 testClass = TagControllerTest, testInstance = com.epam.esm.controller.TagControllerTest@12a17079, testMethod = createConflictTest@TagControllerTest, testException = [null], mergedContextConfiguration = [WebMergedContextConfiguration@6f353c8a testClass = TagControllerTest, locations = '{}', classes = '{class com.epam.esm.Application}', contextInitializerClasses = '[]', activeProfiles = '{}', propertySourceLocations = '{}', propertySourceProperties = '{org.springframework.boot.test.context.SpringBootTestContextBootstrapper=true}', contextCustomizers = set[org.springframework.boot.test.autoconfigure.actuate.metrics.MetricsExportContextCustomizerFactory$DisableMetricExportContextCustomizer@5e3676b4, org.springframework.boot.test.autoconfigure.properties.PropertyMappingContextCustomizer@4b3fa0b3, org.springframework.boot.test.autoconfigure.web.servlet.WebDriverContextCustomizerFactory$Customizer@783a039, [ImportsContextCustomizer@191cc1ec key = [org.springframework.boot.test.autoconfigure.web.servlet.MockMvcAutoConfiguration, org.springframework.boot.test.autoconfigure.web.servlet.MockMvcWebClientAutoConfiguration, org.springframework.boot.test.autoconfigure.web.servlet.MockMvcWebDriverAutoConfiguration, org.springframework.boot.autoconfigure.security.oauth2.client.servlet.OAuth2ClientAutoConfiguration, org.springframework.boot.autoconfigure.security.oauth2.resource.servlet.OAuth2ResourceServerAutoConfiguration, org.springframework.boot.autoconfigure.security.servlet.SecurityAutoConfiguration, org.springframework.boot.autoconfigure.security.servlet.SecurityFilterAutoConfiguration, org.springframework.boot.autoconfigure.security.servlet.UserDetailsServiceAutoConfiguration, org.springframework.boot.test.autoconfigure.web.servlet.MockMvcSecurityConfiguration, com.epam.esm.configuration.ServiceTestConfiguration]], org.springframework.boot.test.context.filter.ExcludeFilterContextCustomizer@6d6f804e, org.springframework.boot.test.json.DuplicateJsonObjectContextCustomizerFactory$DuplicateJsonObjectContextCustomizer@1954235d, org.springframework.boot.test.mock.mockito.MockitoContextCustomizer@0, org.springframework.boot.test.web.client.TestRestTemplateContextCustomizer@4b3925a5, org.springframework.boot.test.context.SpringBootTestArgs@1, org.springframework.boot.test.context.SpringBootTestWebEnvironment@44aaea9d], resourceBasePath = 'src/main/webapp', contextLoader = 'org.springframework.boot.test.context.SpringBootContextLoader', parent = [null]], attributes = map['org.springframework.test.context.web.ServletTestExecutionListener.activateListener' -> true, 'org.springframework.test.context.web.ServletTestExecutionListener.populatedRequestContextHolder' -> true, 'org.springframework.test.context.web.ServletTestExecutionListener.resetRequestContextHolder' -> true, 'org.springframework.test.context.event.ApplicationEventsTestExecutionListener.recordApplicationEvents' -> false]]
]]></system-out>
  <system-err><![CDATA[]]></system-err>
</testsuite>
