<?xml version="1.0" encoding="UTF-8"?>
<testsuite name="com.epam.esm.dao.impl.CertificateDaoImplTest" tests="5" skipped="0" failures="0" errors="0" timestamp="2021-11-05T23:20:24" hostname="RazorLTP" time="0.512">
  <properties/>
  <testcase name="loadByIdTest()" classname="com.epam.esm.dao.impl.CertificateDaoImplTest" time="0.247"/>
  <testcase name="loadAllTest()" classname="com.epam.esm.dao.impl.CertificateDaoImplTest" time="0.212"/>
  <testcase name="loadByNameTest()" classname="com.epam.esm.dao.impl.CertificateDaoImplTest" time="0.015"/>
  <testcase name="createTest()" classname="com.epam.esm.dao.impl.CertificateDaoImplTest" time="0.013"/>
  <testcase name="deleteTest()" classname="com.epam.esm.dao.impl.CertificateDaoImplTest" time="0.015"/>
  <system-out><![CDATA[02:20:23.228 [Test worker] DEBUG org.springframework.test.context.BootstrapUtils - Instantiating CacheAwareContextLoaderDelegate from class [org.springframework.test.context.cache.DefaultCacheAwareContextLoaderDelegate]
02:20:23.239 [Test worker] DEBUG org.springframework.test.context.BootstrapUtils - Instantiating BootstrapContext using constructor [public org.springframework.test.context.support.DefaultBootstrapContext(java.lang.Class,org.springframework.test.context.CacheAwareContextLoaderDelegate)]
02:20:23.261 [Test worker] DEBUG org.springframework.test.context.BootstrapUtils - Instantiating TestContextBootstrapper for test class [com.epam.esm.dao.impl.CertificateDaoImplTest] from class [org.springframework.test.context.support.DefaultTestContextBootstrapper]
02:20:23.285 [Test worker] DEBUG org.springframework.test.context.support.AbstractDelegatingSmartContextLoader - Delegating to AnnotationConfigContextLoader to process context configuration [ContextConfigurationAttributes@22cc66d0 declaringClass = 'com.epam.esm.dao.impl.CertificateDaoImplTest', classes = '{class com.epam.esm.configuration.DaoTestConfiguration}', locations = '{}', inheritLocations = true, initializers = '{}', inheritInitializers = true, name = [null], contextLoaderClass = 'org.springframework.test.context.ContextLoader'].
02:20:23.320 [Test worker] DEBUG org.springframework.test.context.support.ActiveProfilesUtils - Could not find an 'annotation declaring class' for annotation type [org.springframework.test.context.ActiveProfiles] and class [com.epam.esm.dao.impl.CertificateDaoImplTest]
02:20:23.321 [Test worker] DEBUG org.springframework.test.context.support.DefaultTestContextBootstrapper - @TestExecutionListeners is not present for class [com.epam.esm.dao.impl.CertificateDaoImplTest]: using defaults.
02:20:23.321 [Test worker] INFO org.springframework.test.context.support.DefaultTestContextBootstrapper - Loaded default TestExecutionListener class names from location [META-INF/spring.factories]: [org.springframework.boot.test.autoconfigure.restdocs.RestDocsTestExecutionListener, org.springframework.boot.test.autoconfigure.web.client.MockRestServiceServerResetTestExecutionListener, org.springframework.boot.test.autoconfigure.web.servlet.MockMvcPrintOnlyOnFailureTestExecutionListener, org.springframework.boot.test.autoconfigure.web.servlet.WebDriverTestExecutionListener, org.springframework.boot.test.autoconfigure.webservices.client.MockWebServiceServerTestExecutionListener, org.springframework.boot.test.mock.mockito.MockitoTestExecutionListener, org.springframework.boot.test.mock.mockito.ResetMocksTestExecutionListener, org.springframework.test.context.web.ServletTestExecutionListener, org.springframework.test.context.support.DirtiesContextBeforeModesTestExecutionListener, org.springframework.test.context.event.ApplicationEventsTestExecutionListener, org.springframework.test.context.support.DependencyInjectionTestExecutionListener, org.springframework.test.context.support.DirtiesContextTestExecutionListener, org.springframework.test.context.transaction.TransactionalTestExecutionListener, org.springframework.test.context.jdbc.SqlScriptsTestExecutionListener, org.springframework.test.context.event.EventPublishingTestExecutionListener]
02:20:23.327 [Test worker] DEBUG org.springframework.test.context.support.DefaultTestContextBootstrapper - Skipping candidate TestExecutionListener [org.springframework.test.context.web.ServletTestExecutionListener] due to a missing dependency. Specify custom listener classes or make the default listener classes and their required dependencies available. Offending class: [javax/servlet/ServletContext]
02:20:23.333 [Test worker] INFO org.springframework.test.context.support.DefaultTestContextBootstrapper - Using TestExecutionListeners: [org.springframework.test.context.support.DirtiesContextBeforeModesTestExecutionListener@43a9564d, org.springframework.test.context.event.ApplicationEventsTestExecutionListener@2ba80af4, org.springframework.boot.test.mock.mockito.MockitoTestExecutionListener@12f58f24, org.springframework.test.context.support.DependencyInjectionTestExecutionListener@ba5a6d3, org.springframework.test.context.support.DirtiesContextTestExecutionListener@2b792d4, org.springframework.test.context.transaction.TransactionalTestExecutionListener@6923d7dc, org.springframework.test.context.jdbc.SqlScriptsTestExecutionListener@5711e973, org.springframework.test.context.event.EventPublishingTestExecutionListener@71244e7c, org.springframework.boot.test.autoconfigure.restdocs.RestDocsTestExecutionListener@4f3b43be, org.springframework.boot.test.autoconfigure.web.client.MockRestServiceServerResetTestExecutionListener@3851f0b2, org.springframework.boot.test.autoconfigure.web.servlet.MockMvcPrintOnlyOnFailureTestExecutionListener@60d3dcba, org.springframework.boot.test.autoconfigure.web.servlet.WebDriverTestExecutionListener@33573972, org.springframework.boot.test.autoconfigure.webservices.client.MockWebServiceServerTestExecutionListener@2664aa15, org.springframework.boot.test.mock.mockito.ResetMocksTestExecutionListener@11071a0b]
02:20:23.335 [Test worker] DEBUG org.springframework.test.context.support.AbstractDirtiesContextTestExecutionListener - Before test class: context [DefaultTestContext@29934d06 testClass = CertificateDaoImplTest, testInstance = [null], testMethod = [null], testException = [null], mergedContextConfiguration = [MergedContextConfiguration@1d733d37 testClass = CertificateDaoImplTest, locations = '{}', classes = '{class com.epam.esm.configuration.DaoTestConfiguration}', contextInitializerClasses = '[]', activeProfiles = '{}', propertySourceLocations = '{}', propertySourceProperties = '{}', contextCustomizers = set[org.springframework.boot.test.autoconfigure.actuate.metrics.MetricsExportContextCustomizerFactory$DisableMetricExportContextCustomizer@491e42b4, org.springframework.boot.test.autoconfigure.properties.PropertyMappingContextCustomizer@0, org.springframework.boot.test.autoconfigure.web.servlet.WebDriverContextCustomizerFactory$Customizer@1970d49a, org.springframework.boot.test.context.filter.ExcludeFilterContextCustomizer@178e422e, org.springframework.boot.test.json.DuplicateJsonObjectContextCustomizerFactory$DuplicateJsonObjectContextCustomizer@1cf9c2c, org.springframework.boot.test.mock.mockito.MockitoContextCustomizer@0], contextLoader = 'org.springframework.test.context.support.DelegatingSmartContextLoader', parent = [null]], attributes = map[[empty]]], class annotated with @DirtiesContext [false] with mode [null].
02:20:23.345 [Test worker] DEBUG org.springframework.test.context.support.DependencyInjectionTestExecutionListener - Performing dependency injection for test context [[DefaultTestContext@29934d06 testClass = CertificateDaoImplTest, testInstance = com.epam.esm.dao.impl.CertificateDaoImplTest@ae25bce, testMethod = [null], testException = [null], mergedContextConfiguration = [MergedContextConfiguration@1d733d37 testClass = CertificateDaoImplTest, locations = '{}', classes = '{class com.epam.esm.configuration.DaoTestConfiguration}', contextInitializerClasses = '[]', activeProfiles = '{}', propertySourceLocations = '{}', propertySourceProperties = '{}', contextCustomizers = set[org.springframework.boot.test.autoconfigure.actuate.metrics.MetricsExportContextCustomizerFactory$DisableMetricExportContextCustomizer@491e42b4, org.springframework.boot.test.autoconfigure.properties.PropertyMappingContextCustomizer@0, org.springframework.boot.test.autoconfigure.web.servlet.WebDriverContextCustomizerFactory$Customizer@1970d49a, org.springframework.boot.test.context.filter.ExcludeFilterContextCustomizer@178e422e, org.springframework.boot.test.json.DuplicateJsonObjectContextCustomizerFactory$DuplicateJsonObjectContextCustomizer@1cf9c2c, org.springframework.boot.test.mock.mockito.MockitoContextCustomizer@0], contextLoader = 'org.springframework.test.context.support.DelegatingSmartContextLoader', parent = [null]], attributes = map['org.springframework.test.context.event.ApplicationEventsTestExecutionListener.recordApplicationEvents' -> false]]].
02:20:23.346 [Test worker] DEBUG org.springframework.test.context.support.AbstractDelegatingSmartContextLoader - Delegating to AnnotationConfigContextLoader to load context from [MergedContextConfiguration@1d733d37 testClass = CertificateDaoImplTest, locations = '{}', classes = '{class com.epam.esm.configuration.DaoTestConfiguration}', contextInitializerClasses = '[]', activeProfiles = '{}', propertySourceLocations = '{}', propertySourceProperties = '{}', contextCustomizers = set[org.springframework.boot.test.autoconfigure.actuate.metrics.MetricsExportContextCustomizerFactory$DisableMetricExportContextCustomizer@491e42b4, org.springframework.boot.test.autoconfigure.properties.PropertyMappingContextCustomizer@0, org.springframework.boot.test.autoconfigure.web.servlet.WebDriverContextCustomizerFactory$Customizer@1970d49a, org.springframework.boot.test.context.filter.ExcludeFilterContextCustomizer@178e422e, org.springframework.boot.test.json.DuplicateJsonObjectContextCustomizerFactory$DuplicateJsonObjectContextCustomizer@1cf9c2c, org.springframework.boot.test.mock.mockito.MockitoContextCustomizer@0], contextLoader = 'org.springframework.test.context.support.DelegatingSmartContextLoader', parent = [null]].
02:20:23.346 [Test worker] DEBUG org.springframework.test.context.support.AbstractGenericContextLoader - Loading ApplicationContext for merged context configuration [[MergedContextConfiguration@1d733d37 testClass = CertificateDaoImplTest, locations = '{}', classes = '{class com.epam.esm.configuration.DaoTestConfiguration}', contextInitializerClasses = '[]', activeProfiles = '{}', propertySourceLocations = '{}', propertySourceProperties = '{}', contextCustomizers = set[org.springframework.boot.test.autoconfigure.actuate.metrics.MetricsExportContextCustomizerFactory$DisableMetricExportContextCustomizer@491e42b4, org.springframework.boot.test.autoconfigure.properties.PropertyMappingContextCustomizer@0, org.springframework.boot.test.autoconfigure.web.servlet.WebDriverContextCustomizerFactory$Customizer@1970d49a, org.springframework.boot.test.context.filter.ExcludeFilterContextCustomizer@178e422e, org.springframework.boot.test.json.DuplicateJsonObjectContextCustomizerFactory$DuplicateJsonObjectContextCustomizer@1cf9c2c, org.springframework.boot.test.mock.mockito.MockitoContextCustomizer@0], contextLoader = 'org.springframework.test.context.support.DelegatingSmartContextLoader', parent = [null]]].
02:20:23.372 [Test worker] DEBUG org.springframework.core.env.StandardEnvironment - Activating profiles []
02:20:23.372 [Test worker] DEBUG org.springframework.test.context.support.AnnotationConfigContextLoader - Registering component classes: {class com.epam.esm.configuration.DaoTestConfiguration}
02:20:23.406 [Test worker] DEBUG org.springframework.context.support.GenericApplicationContext - Refreshing org.springframework.context.support.GenericApplicationContext@6bb2c5ee
02:20:23.415 [Test worker] DEBUG org.springframework.beans.factory.support.DefaultListableBeanFactory - Creating shared instance of singleton bean 'org.springframework.context.annotation.internalConfigurationAnnotationProcessor'
02:20:23.458 [Test worker] DEBUG org.springframework.context.annotation.ClassPathBeanDefinitionScanner - Identified candidate component class: file [/home/razor/Lab/task3/ThirdModule/dao/build/classes/java/main/com/epam/esm/configuration/DaoConfiguration.class]
02:20:23.460 [Test worker] DEBUG org.springframework.context.annotation.ClassPathBeanDefinitionScanner - Ignored because not a concrete top-level class: file [/home/razor/Lab/task3/ThirdModule/dao/build/classes/java/main/com/epam/esm/dao/CertificateDao.class]
02:20:23.460 [Test worker] DEBUG org.springframework.context.annotation.ClassPathBeanDefinitionScanner - Ignored because not a concrete top-level class: file [/home/razor/Lab/task3/ThirdModule/dao/build/classes/java/main/com/epam/esm/dao/OrderDao.class]
02:20:23.460 [Test worker] DEBUG org.springframework.context.annotation.ClassPathBeanDefinitionScanner - Ignored because not a concrete top-level class: file [/home/razor/Lab/task3/ThirdModule/dao/build/classes/java/main/com/epam/esm/dao/TagDao.class]
02:20:23.460 [Test worker] DEBUG org.springframework.context.annotation.ClassPathBeanDefinitionScanner - Ignored because not a concrete top-level class: file [/home/razor/Lab/task3/ThirdModule/dao/build/classes/java/main/com/epam/esm/dao/UserDao.class]
02:20:23.461 [Test worker] DEBUG org.springframework.context.annotation.ClassPathBeanDefinitionScanner - Identified candidate component class: file [/home/razor/Lab/task3/ThirdModule/dao/build/classes/java/main/com/epam/esm/dao/impl/CertificateDaoImpl.class]
02:20:23.461 [Test worker] DEBUG org.springframework.context.annotation.ClassPathBeanDefinitionScanner - Identified candidate component class: file [/home/razor/Lab/task3/ThirdModule/dao/build/classes/java/main/com/epam/esm/dao/impl/OrderDaoImpl.class]
02:20:23.461 [Test worker] DEBUG org.springframework.context.annotation.ClassPathBeanDefinitionScanner - Identified candidate component class: file [/home/razor/Lab/task3/ThirdModule/dao/build/classes/java/main/com/epam/esm/dao/impl/TagDaoImpl.class]
02:20:23.462 [Test worker] DEBUG org.springframework.context.annotation.ClassPathBeanDefinitionScanner - Identified candidate component class: file [/home/razor/Lab/task3/ThirdModule/dao/build/classes/java/main/com/epam/esm/dao/impl/UserDaoImpl.class]
02:20:23.559 [Test worker] DEBUG org.springframework.beans.factory.support.DefaultListableBeanFactory - Creating shared instance of singleton bean 'org.springframework.boot.test.mock.mockito.MockitoPostProcessor'
02:20:23.573 [Test worker] DEBUG org.springframework.beans.factory.support.DefaultListableBeanFactory - Creating shared instance of singleton bean 'org.springframework.context.event.internalEventListenerProcessor'
02:20:23.574 [Test worker] DEBUG org.springframework.beans.factory.support.DefaultListableBeanFactory - Creating shared instance of singleton bean 'org.springframework.context.event.internalEventListenerFactory'
02:20:23.575 [Test worker] DEBUG org.springframework.beans.factory.support.DefaultListableBeanFactory - Creating shared instance of singleton bean 'org.springframework.transaction.config.internalTransactionalEventListenerFactory'
02:20:23.576 [Test worker] DEBUG org.springframework.beans.factory.support.DefaultListableBeanFactory - Creating shared instance of singleton bean 'org.springframework.context.annotation.internalAutowiredAnnotationProcessor'
02:20:23.579 [Test worker] DEBUG org.springframework.beans.factory.support.DefaultListableBeanFactory - Creating shared instance of singleton bean 'org.springframework.context.annotation.internalCommonAnnotationProcessor'
02:20:23.582 [Test worker] DEBUG org.springframework.beans.factory.support.DefaultListableBeanFactory - Creating shared instance of singleton bean 'org.springframework.context.annotation.internalPersistenceAnnotationProcessor'
02:20:23.583 [Test worker] DEBUG org.springframework.beans.factory.support.DefaultListableBeanFactory - Creating shared instance of singleton bean 'org.springframework.boot.test.mock.mockito.MockitoPostProcessor$SpyPostProcessor'
02:20:23.584 [Test worker] DEBUG org.springframework.beans.factory.support.DefaultListableBeanFactory - Creating shared instance of singleton bean 'org.springframework.aop.config.internalAutoProxyCreator'
02:20:23.619 [Test worker] DEBUG org.springframework.beans.factory.support.DefaultListableBeanFactory - Creating shared instance of singleton bean 'entityManagerFactory'
02:20:23.619 [Test worker] DEBUG org.springframework.beans.factory.support.DefaultListableBeanFactory - Creating shared instance of singleton bean 'daoTestConfiguration'
02:20:23.624 [Test worker] DEBUG org.springframework.beans.factory.support.DefaultListableBeanFactory - Creating shared instance of singleton bean 'org.springframework.transaction.config.internalTransactionAdvisor'
02:20:23.624 [Test worker] DEBUG org.springframework.beans.factory.support.DefaultListableBeanFactory - Creating shared instance of singleton bean 'org.springframework.transaction.annotation.ProxyTransactionManagementConfiguration'
02:20:23.634 [Test worker] DEBUG org.springframework.beans.factory.support.DefaultListableBeanFactory - Creating shared instance of singleton bean 'transactionAttributeSource'
02:20:23.640 [Test worker] DEBUG org.springframework.beans.factory.support.DefaultListableBeanFactory - Creating shared instance of singleton bean 'transactionInterceptor'
02:20:23.640 [Test worker] DEBUG org.springframework.beans.factory.support.DefaultListableBeanFactory - Autowiring by type from bean name 'transactionInterceptor' via factory method to bean named 'transactionAttributeSource'
02:20:23.650 [Test worker] DEBUG org.springframework.beans.factory.support.DefaultListableBeanFactory - Autowiring by type from bean name 'org.springframework.transaction.config.internalTransactionAdvisor' via factory method to bean named 'transactionAttributeSource'
02:20:23.650 [Test worker] DEBUG org.springframework.beans.factory.support.DefaultListableBeanFactory - Autowiring by type from bean name 'org.springframework.transaction.config.internalTransactionAdvisor' via factory method to bean named 'transactionInterceptor'
02:20:23.671 [Test worker] DEBUG org.springframework.beans.factory.support.DefaultListableBeanFactory - Creating shared instance of singleton bean 'dataSource'
02:20:23.675 [Test worker] DEBUG org.springframework.jdbc.datasource.DriverManagerDataSource - Loaded JDBC driver: org.h2.Driver
02:20:23.748 [Test worker] DEBUG org.jboss.logging - Logging Provider: org.jboss.logging.Log4j2LoggerProvider
02:20:23.770 [Test worker] DEBUG org.springframework.orm.jpa.LocalContainerEntityManagerFactoryBean - Building JPA container EntityManagerFactory for persistence unit 'default'
02:20:23.787 [Test worker] DEBUG org.hibernate.jpa.internal.util.LogHelper - PersistenceUnitInfo [
	name: default
	persistence provider classname: null
	classloader: jdk.internal.loader.ClassLoaders$AppClassLoader@68de145
	excludeUnlistedClasses: true
	JTA datasource: null
	Non JTA datasource: org.springframework.jdbc.datasource.DriverManagerDataSource@4eae449f
	Transaction type: RESOURCE_LOCAL
	PU root URL: file:/home/razor/Lab/task3/ThirdModule/dao/build/classes/java/test/
	Shared Cache Mode: UNSPECIFIED
	Validation Mode: AUTO
	Jar files URLs []
	Managed classes names [
		com.epam.esm.model.entity.CertificateEntity
		com.epam.esm.model.entity.OrderEntity
		com.epam.esm.model.entity.TagEntity
		com.epam.esm.model.entity.UserEntity]
	Mapping files names []
	Properties []
02:20:23.798 [Test worker] DEBUG org.hibernate.integrator.internal.IntegratorServiceImpl - Adding Integrator [org.hibernate.cfg.beanvalidation.BeanValidationIntegrator].
02:20:23.799 [Test worker] DEBUG org.hibernate.integrator.internal.IntegratorServiceImpl - Adding Integrator [org.hibernate.secure.spi.JaccIntegrator].
02:20:23.801 [Test worker] DEBUG org.hibernate.integrator.internal.IntegratorServiceImpl - Adding Integrator [org.hibernate.cache.internal.CollectionCacheInvalidator].
02:20:23.830 [Test worker] INFO org.hibernate.Version - HHH000412: Hibernate ORM core version 5.4.32.Final
02:20:23.831 [Test worker] DEBUG org.hibernate.cfg.Environment - HHH000206: hibernate.properties not found
02:20:23.921 [Test worker] DEBUG org.hibernate.service.spi.ServiceBinding - Overriding existing service binding [org.hibernate.secure.spi.JaccService]
02:20:23.928 [Test worker] DEBUG org.hibernate.cache.internal.RegionFactoryInitiator - Cannot default RegionFactory based on registered strategies as `[]` RegionFactory strategies were registered
02:20:23.929 [Test worker] DEBUG org.hibernate.cache.internal.RegionFactoryInitiator - Cache region factory : org.hibernate.cache.internal.NoCachingRegionFactory
02:20:23.941 [Test worker] INFO org.hibernate.annotations.common.Version - HCANN000001: Hibernate Commons Annotations {5.1.2.Final}
02:20:23.962 [Test worker] DEBUG org.hibernate.type.BasicTypeRegistry - Adding type registration boolean -> org.hibernate.type.BooleanType@660a0387
02:20:23.962 [Test worker] DEBUG org.hibernate.type.BasicTypeRegistry - Adding type registration boolean -> org.hibernate.type.BooleanType@660a0387
02:20:23.962 [Test worker] DEBUG org.hibernate.type.BasicTypeRegistry - Adding type registration java.lang.Boolean -> org.hibernate.type.BooleanType@660a0387
02:20:23.963 [Test worker] DEBUG org.hibernate.type.BasicTypeRegistry - Adding type registration numeric_boolean -> org.hibernate.type.NumericBooleanType@140c433c
02:20:23.964 [Test worker] DEBUG org.hibernate.type.BasicTypeRegistry - Adding type registration true_false -> org.hibernate.type.TrueFalseType@33a3c878
02:20:23.964 [Test worker] DEBUG org.hibernate.type.BasicTypeRegistry - Adding type registration yes_no -> org.hibernate.type.YesNoType@187e3bc3
02:20:23.965 [Test worker] DEBUG org.hibernate.type.BasicTypeRegistry - Adding type registration byte -> org.hibernate.type.ByteType@51059791
02:20:23.965 [Test worker] DEBUG org.hibernate.type.BasicTypeRegistry - Adding type registration byte -> org.hibernate.type.ByteType@51059791
02:20:23.965 [Test worker] DEBUG org.hibernate.type.BasicTypeRegistry - Adding type registration java.lang.Byte -> org.hibernate.type.ByteType@51059791
02:20:23.966 [Test worker] DEBUG org.hibernate.type.BasicTypeRegistry - Adding type registration character -> org.hibernate.type.CharacterType@5b684bdc
02:20:23.966 [Test worker] DEBUG org.hibernate.type.BasicTypeRegistry - Adding type registration char -> org.hibernate.type.CharacterType@5b684bdc
02:20:23.966 [Test worker] DEBUG org.hibernate.type.BasicTypeRegistry - Adding type registration java.lang.Character -> org.hibernate.type.CharacterType@5b684bdc
02:20:23.967 [Test worker] DEBUG org.hibernate.type.BasicTypeRegistry - Adding type registration short -> org.hibernate.type.ShortType@3bf0f51c
02:20:23.968 [Test worker] DEBUG org.hibernate.type.BasicTypeRegistry - Adding type registration short -> org.hibernate.type.ShortType@3bf0f51c
02:20:23.968 [Test worker] DEBUG org.hibernate.type.BasicTypeRegistry - Adding type registration java.lang.Short -> org.hibernate.type.ShortType@3bf0f51c
02:20:23.969 [Test worker] DEBUG org.hibernate.type.BasicTypeRegistry - Adding type registration integer -> org.hibernate.type.IntegerType@f2b159c
02:20:23.969 [Test worker] DEBUG org.hibernate.type.BasicTypeRegistry - Adding type registration int -> org.hibernate.type.IntegerType@f2b159c
02:20:23.969 [Test worker] DEBUG org.hibernate.type.BasicTypeRegistry - Adding type registration java.lang.Integer -> org.hibernate.type.IntegerType@f2b159c
02:20:23.970 [Test worker] DEBUG org.hibernate.type.BasicTypeRegistry - Adding type registration long -> org.hibernate.type.LongType@65b54577
02:20:23.970 [Test worker] DEBUG org.hibernate.type.BasicTypeRegistry - Adding type registration long -> org.hibernate.type.LongType@65b54577
02:20:23.970 [Test worker] DEBUG org.hibernate.type.BasicTypeRegistry - Adding type registration java.lang.Long -> org.hibernate.type.LongType@65b54577
02:20:23.971 [Test worker] DEBUG org.hibernate.type.BasicTypeRegistry - Adding type registration float -> org.hibernate.type.FloatType@1348da8d
02:20:23.971 [Test worker] DEBUG org.hibernate.type.BasicTypeRegistry - Adding type registration float -> org.hibernate.type.FloatType@1348da8d
02:20:23.972 [Test worker] DEBUG org.hibernate.type.BasicTypeRegistry - Adding type registration java.lang.Float -> org.hibernate.type.FloatType@1348da8d
02:20:23.972 [Test worker] DEBUG org.hibernate.type.BasicTypeRegistry - Adding type registration double -> org.hibernate.type.DoubleType@180277b5
02:20:23.972 [Test worker] DEBUG org.hibernate.type.BasicTypeRegistry - Adding type registration double -> org.hibernate.type.DoubleType@180277b5
02:20:23.973 [Test worker] DEBUG org.hibernate.type.BasicTypeRegistry - Adding type registration java.lang.Double -> org.hibernate.type.DoubleType@180277b5
02:20:23.974 [Test worker] DEBUG org.hibernate.type.BasicTypeRegistry - Adding type registration big_decimal -> org.hibernate.type.BigDecimalType@69b085d7
02:20:23.975 [Test worker] DEBUG org.hibernate.type.BasicTypeRegistry - Adding type registration java.math.BigDecimal -> org.hibernate.type.BigDecimalType@69b085d7
02:20:23.976 [Test worker] DEBUG org.hibernate.type.BasicTypeRegistry - Adding type registration big_integer -> org.hibernate.type.BigIntegerType@713793f8
02:20:23.976 [Test worker] DEBUG org.hibernate.type.BasicTypeRegistry - Adding type registration java.math.BigInteger -> org.hibernate.type.BigIntegerType@713793f8
02:20:23.977 [Test worker] DEBUG org.hibernate.type.BasicTypeRegistry - Adding type registration string -> org.hibernate.type.StringType@304dba7
02:20:23.977 [Test worker] DEBUG org.hibernate.type.BasicTypeRegistry - Adding type registration java.lang.String -> org.hibernate.type.StringType@304dba7
02:20:23.978 [Test worker] DEBUG org.hibernate.type.BasicTypeRegistry - Adding type registration nstring -> org.hibernate.type.StringNVarcharType@6739d2b3
02:20:23.979 [Test worker] DEBUG org.hibernate.type.BasicTypeRegistry - Adding type registration ncharacter -> org.hibernate.type.CharacterNCharType@620b84a9
02:20:23.980 [Test worker] DEBUG org.hibernate.type.BasicTypeRegistry - Adding type registration url -> org.hibernate.type.UrlType@451901ff
02:20:23.980 [Test worker] DEBUG org.hibernate.type.BasicTypeRegistry - Adding type registration java.net.URL -> org.hibernate.type.UrlType@451901ff
02:20:23.981 [Test worker] DEBUG org.hibernate.type.BasicTypeRegistry - Adding type registration Duration -> org.hibernate.type.DurationType@580d919b
02:20:23.981 [Test worker] DEBUG org.hibernate.type.BasicTypeRegistry - Adding type registration java.time.Duration -> org.hibernate.type.DurationType@580d919b
02:20:23.991 [Test worker] DEBUG org.hibernate.type.BasicTypeRegistry - Adding type registration Instant -> org.hibernate.type.InstantType@22b228af
02:20:23.991 [Test worker] DEBUG org.hibernate.type.BasicTypeRegistry - Adding type registration java.time.Instant -> org.hibernate.type.InstantType@22b228af
02:20:23.992 [Test worker] DEBUG org.hibernate.type.BasicTypeRegistry - Adding type registration LocalDateTime -> org.hibernate.type.LocalDateTimeType@5ae3bfea
02:20:23.992 [Test worker] DEBUG org.hibernate.type.BasicTypeRegistry - Adding type registration java.time.LocalDateTime -> org.hibernate.type.LocalDateTimeType@5ae3bfea
02:20:23.994 [Test worker] DEBUG org.hibernate.type.BasicTypeRegistry - Adding type registration LocalDate -> org.hibernate.type.LocalDateType@65642338
02:20:23.994 [Test worker] DEBUG org.hibernate.type.BasicTypeRegistry - Adding type registration java.time.LocalDate -> org.hibernate.type.LocalDateType@65642338
02:20:23.995 [Test worker] DEBUG org.hibernate.type.BasicTypeRegistry - Adding type registration LocalTime -> org.hibernate.type.LocalTimeType@57b9684
02:20:23.995 [Test worker] DEBUG org.hibernate.type.BasicTypeRegistry - Adding type registration java.time.LocalTime -> org.hibernate.type.LocalTimeType@57b9684
02:20:23.996 [Test worker] DEBUG org.hibernate.type.BasicTypeRegistry - Adding type registration OffsetDateTime -> org.hibernate.type.OffsetDateTimeType@18ac911b
02:20:23.996 [Test worker] DEBUG org.hibernate.type.BasicTypeRegistry - Adding type registration java.time.OffsetDateTime -> org.hibernate.type.OffsetDateTimeType@18ac911b
02:20:23.998 [Test worker] DEBUG org.hibernate.type.BasicTypeRegistry - Adding type registration OffsetTime -> org.hibernate.type.OffsetTimeType@463b935c
02:20:23.998 [Test worker] DEBUG org.hibernate.type.BasicTypeRegistry - Adding type registration java.time.OffsetTime -> org.hibernate.type.OffsetTimeType@463b935c
02:20:23.999 [Test worker] DEBUG org.hibernate.type.BasicTypeRegistry - Adding type registration ZonedDateTime -> org.hibernate.type.ZonedDateTimeType@3bff3e36
02:20:24.000 [Test worker] DEBUG org.hibernate.type.BasicTypeRegistry - Adding type registration java.time.ZonedDateTime -> org.hibernate.type.ZonedDateTimeType@3bff3e36
02:20:24.001 [Test worker] DEBUG org.hibernate.type.BasicTypeRegistry - Adding type registration date -> org.hibernate.type.DateType@5bb67f67
02:20:24.001 [Test worker] DEBUG org.hibernate.type.BasicTypeRegistry - Adding type registration java.sql.Date -> org.hibernate.type.DateType@5bb67f67
02:20:24.002 [Test worker] DEBUG org.hibernate.type.BasicTypeRegistry - Adding type registration time -> org.hibernate.type.TimeType@558588a2
02:20:24.002 [Test worker] DEBUG org.hibernate.type.BasicTypeRegistry - Adding type registration java.sql.Time -> org.hibernate.type.TimeType@558588a2
02:20:24.003 [Test worker] DEBUG org.hibernate.type.BasicTypeRegistry - Adding type registration timestamp -> org.hibernate.type.TimestampType@31f967a5
02:20:24.003 [Test worker] DEBUG org.hibernate.type.BasicTypeRegistry - Adding type registration java.sql.Timestamp -> org.hibernate.type.TimestampType@31f967a5
02:20:24.003 [Test worker] DEBUG org.hibernate.type.BasicTypeRegistry - Adding type registration java.util.Date -> org.hibernate.type.TimestampType@31f967a5
02:20:24.004 [Test worker] DEBUG org.hibernate.type.BasicTypeRegistry - Adding type registration dbtimestamp -> org.hibernate.type.DbTimestampType@5ccef675
02:20:24.005 [Test worker] DEBUG org.hibernate.type.BasicTypeRegistry - Adding type registration calendar -> org.hibernate.type.CalendarType@2b7774d
02:20:24.005 [Test worker] DEBUG org.hibernate.type.BasicTypeRegistry - Adding type registration java.util.Calendar -> org.hibernate.type.CalendarType@2b7774d
02:20:24.005 [Test worker] DEBUG org.hibernate.type.BasicTypeRegistry - Adding type registration java.util.GregorianCalendar -> org.hibernate.type.CalendarType@2b7774d
02:20:24.006 [Test worker] DEBUG org.hibernate.type.BasicTypeRegistry - Adding type registration calendar_date -> org.hibernate.type.CalendarDateType@5f33c8b3
02:20:24.007 [Test worker] DEBUG org.hibernate.type.BasicTypeRegistry - Adding type registration calendar_time -> org.hibernate.type.CalendarTimeType@3738b8ea
02:20:24.008 [Test worker] DEBUG org.hibernate.type.BasicTypeRegistry - Adding type registration locale -> org.hibernate.type.LocaleType@3ea329bd
02:20:24.008 [Test worker] DEBUG org.hibernate.type.BasicTypeRegistry - Adding type registration java.util.Locale -> org.hibernate.type.LocaleType@3ea329bd
02:20:24.009 [Test worker] DEBUG org.hibernate.type.BasicTypeRegistry - Adding type registration currency -> org.hibernate.type.CurrencyType@5a196263
02:20:24.009 [Test worker] DEBUG org.hibernate.type.BasicTypeRegistry - Adding type registration java.util.Currency -> org.hibernate.type.CurrencyType@5a196263
02:20:24.010 [Test worker] DEBUG org.hibernate.type.BasicTypeRegistry - Adding type registration timezone -> org.hibernate.type.TimeZoneType@db6d334
02:20:24.010 [Test worker] DEBUG org.hibernate.type.BasicTypeRegistry - Adding type registration java.util.TimeZone -> org.hibernate.type.TimeZoneType@db6d334
02:20:24.010 [Test worker] DEBUG org.hibernate.type.BasicTypeRegistry - Adding type registration class -> org.hibernate.type.ClassType@53f26d4b
02:20:24.010 [Test worker] DEBUG org.hibernate.type.BasicTypeRegistry - Adding type registration java.lang.Class -> org.hibernate.type.ClassType@53f26d4b
02:20:24.011 [Test worker] DEBUG org.hibernate.type.BasicTypeRegistry - Adding type registration uuid-binary -> org.hibernate.type.UUIDBinaryType@46171975
02:20:24.011 [Test worker] DEBUG org.hibernate.type.BasicTypeRegistry - Adding type registration java.util.UUID -> org.hibernate.type.UUIDBinaryType@46171975
02:20:24.011 [Test worker] DEBUG org.hibernate.type.BasicTypeRegistry - Adding type registration uuid-char -> org.hibernate.type.UUIDCharType@2a0dc1a4
02:20:24.012 [Test worker] DEBUG org.hibernate.type.BasicTypeRegistry - Adding type registration binary -> org.hibernate.type.BinaryType@14ab6194
02:20:24.012 [Test worker] DEBUG org.hibernate.type.BasicTypeRegistry - Adding type registration byte[] -> org.hibernate.type.BinaryType@14ab6194
02:20:24.012 [Test worker] DEBUG org.hibernate.type.BasicTypeRegistry - Adding type registration [B -> org.hibernate.type.BinaryType@14ab6194
02:20:24.013 [Test worker] DEBUG org.hibernate.type.BasicTypeRegistry - Adding type registration wrapper-binary -> org.hibernate.type.WrapperBinaryType@9f549b4
02:20:24.013 [Test worker] DEBUG org.hibernate.type.BasicTypeRegistry - Adding type registration Byte[] -> org.hibernate.type.WrapperBinaryType@9f549b4
02:20:24.013 [Test worker] DEBUG org.hibernate.type.BasicTypeRegistry - Adding type registration [Ljava.lang.Byte; -> org.hibernate.type.WrapperBinaryType@9f549b4
02:20:24.014 [Test worker] DEBUG org.hibernate.type.BasicTypeRegistry - Adding type registration row_version -> org.hibernate.type.RowVersionType@7638e360
02:20:24.015 [Test worker] DEBUG org.hibernate.type.BasicTypeRegistry - Adding type registration image -> org.hibernate.type.ImageType@561a905c
02:20:24.015 [Test worker] DEBUG org.hibernate.type.BasicTypeRegistry - Adding type registration characters -> org.hibernate.type.CharArrayType@251f7943
02:20:24.016 [Test worker] DEBUG org.hibernate.type.BasicTypeRegistry - Adding type registration char[] -> org.hibernate.type.CharArrayType@251f7943
02:20:24.016 [Test worker] DEBUG org.hibernate.type.BasicTypeRegistry - Adding type registration [C -> org.hibernate.type.CharArrayType@251f7943
02:20:24.016 [Test worker] DEBUG org.hibernate.type.BasicTypeRegistry - Adding type registration wrapper-characters -> org.hibernate.type.CharacterArrayType@39594e85
02:20:24.016 [Test worker] DEBUG org.hibernate.type.BasicTypeRegistry - Adding type registration [Ljava.lang.Character; -> org.hibernate.type.CharacterArrayType@39594e85
02:20:24.017 [Test worker] DEBUG org.hibernate.type.BasicTypeRegistry - Adding type registration Character[] -> org.hibernate.type.CharacterArrayType@39594e85
02:20:24.017 [Test worker] DEBUG org.hibernate.type.BasicTypeRegistry - Adding type registration text -> org.hibernate.type.TextType@27c0c3f1
02:20:24.017 [Test worker] DEBUG org.hibernate.type.BasicTypeRegistry - Adding type registration ntext -> org.hibernate.type.NTextType@14eaa240
02:20:24.018 [Test worker] DEBUG org.hibernate.type.BasicTypeRegistry - Adding type registration blob -> org.hibernate.type.BlobType@3fab1ba
02:20:24.018 [Test worker] DEBUG org.hibernate.type.BasicTypeRegistry - Adding type registration java.sql.Blob -> org.hibernate.type.BlobType@3fab1ba
02:20:24.019 [Test worker] DEBUG org.hibernate.type.BasicTypeRegistry - Adding type registration materialized_blob -> org.hibernate.type.MaterializedBlobType@3fc7c79e
02:20:24.020 [Test worker] DEBUG org.hibernate.type.BasicTypeRegistry - Adding type registration clob -> org.hibernate.type.ClobType@2bc6f4fb
02:20:24.020 [Test worker] DEBUG org.hibernate.type.BasicTypeRegistry - Adding type registration java.sql.Clob -> org.hibernate.type.ClobType@2bc6f4fb
02:20:24.021 [Test worker] DEBUG org.hibernate.type.BasicTypeRegistry - Adding type registration nclob -> org.hibernate.type.NClobType@6aa3f13
02:20:24.021 [Test worker] DEBUG org.hibernate.type.BasicTypeRegistry - Adding type registration java.sql.NClob -> org.hibernate.type.NClobType@6aa3f13
02:20:24.022 [Test worker] DEBUG org.hibernate.type.BasicTypeRegistry - Adding type registration materialized_clob -> org.hibernate.type.MaterializedClobType@48687711
02:20:24.022 [Test worker] DEBUG org.hibernate.type.BasicTypeRegistry - Adding type registration materialized_nclob -> org.hibernate.type.MaterializedNClobType@5c0f5347
02:20:24.023 [Test worker] DEBUG org.hibernate.type.BasicTypeRegistry - Adding type registration serializable -> org.hibernate.type.SerializableType@4b0e6403
02:20:24.025 [Test worker] DEBUG org.hibernate.type.BasicTypeRegistry - Adding type registration object -> org.hibernate.type.ObjectType@4cb7b716
02:20:24.025 [Test worker] DEBUG org.hibernate.type.BasicTypeRegistry - Adding type registration java.lang.Object -> org.hibernate.type.ObjectType@4cb7b716
02:20:24.026 [Test worker] DEBUG org.hibernate.type.BasicTypeRegistry - Adding type registration imm_date -> org.hibernate.type.AdaptedImmutableType@11f33c74
02:20:24.026 [Test worker] DEBUG org.hibernate.type.BasicTypeRegistry - Adding type registration imm_time -> org.hibernate.type.AdaptedImmutableType@4affbbe9
02:20:24.026 [Test worker] DEBUG org.hibernate.type.BasicTypeRegistry - Adding type registration imm_timestamp -> org.hibernate.type.AdaptedImmutableType@3978168e
02:20:24.026 [Test worker] DEBUG org.hibernate.type.BasicTypeRegistry - Adding type registration imm_dbtimestamp -> org.hibernate.type.AdaptedImmutableType@303fd74d
02:20:24.026 [Test worker] DEBUG org.hibernate.type.BasicTypeRegistry - Adding type registration imm_calendar -> org.hibernate.type.AdaptedImmutableType@38a74da2
02:20:24.026 [Test worker] DEBUG org.hibernate.type.BasicTypeRegistry - Adding type registration imm_calendar_date -> org.hibernate.type.AdaptedImmutableType@f3099ac
02:20:24.026 [Test worker] DEBUG org.hibernate.type.BasicTypeRegistry - Adding type registration imm_binary -> org.hibernate.type.AdaptedImmutableType@768522a2
02:20:24.026 [Test worker] DEBUG org.hibernate.type.BasicTypeRegistry - Adding type registration imm_serializable -> org.hibernate.type.AdaptedImmutableType@384e0680
02:20:24.034 [Test worker] DEBUG org.hibernate.boot.internal.BootstrapContextImpl - Injecting JPA temp ClassLoader [org.springframework.instrument.classloading.SimpleThrowawayClassLoader@2c4792d5] into BootstrapContext; was [null]
02:20:24.034 [Test worker] DEBUG org.hibernate.boot.internal.ClassLoaderAccessImpl - ClassLoaderAccessImpl#injectTempClassLoader(org.springframework.instrument.classloading.SimpleThrowawayClassLoader@2c4792d5) [was null]
02:20:24.035 [Test worker] DEBUG org.hibernate.boot.internal.BootstrapContextImpl - Injecting ScanEnvironment [org.hibernate.jpa.boot.internal.StandardJpaScanEnvironmentImpl@14b0f6cc] into BootstrapContext; was [null]
02:20:24.035 [Test worker] DEBUG org.hibernate.boot.internal.BootstrapContextImpl - Injecting ScanOptions [org.hibernate.boot.archive.scan.internal.StandardScanOptions@65123631] into BootstrapContext; was [org.hibernate.boot.archive.scan.internal.StandardScanOptions@8d04937]
02:20:24.074 [Test worker] DEBUG org.hibernate.boot.internal.BootstrapContextImpl - Injecting JPA temp ClassLoader [null] into BootstrapContext; was [org.springframework.instrument.classloading.SimpleThrowawayClassLoader@2c4792d5]
02:20:24.075 [Test worker] DEBUG org.hibernate.boot.internal.ClassLoaderAccessImpl - ClassLoaderAccessImpl#injectTempClassLoader(null) [was org.springframework.instrument.classloading.SimpleThrowawayClassLoader@2c4792d5]
02:20:24.081 [Test worker] DEBUG org.hibernate.id.factory.internal.DefaultIdentifierGeneratorFactory - Registering IdentifierGenerator strategy [uuid2] -> [org.hibernate.id.UUIDGenerator]
02:20:24.082 [Test worker] DEBUG org.hibernate.id.factory.internal.DefaultIdentifierGeneratorFactory - Registering IdentifierGenerator strategy [guid] -> [org.hibernate.id.GUIDGenerator]
02:20:24.082 [Test worker] DEBUG org.hibernate.id.factory.internal.DefaultIdentifierGeneratorFactory - Registering IdentifierGenerator strategy [uuid] -> [org.hibernate.id.UUIDHexGenerator]
02:20:24.082 [Test worker] DEBUG org.hibernate.id.factory.internal.DefaultIdentifierGeneratorFactory - Registering IdentifierGenerator strategy [uuid.hex] -> [org.hibernate.id.UUIDHexGenerator]
02:20:24.083 [Test worker] DEBUG org.hibernate.id.factory.internal.DefaultIdentifierGeneratorFactory - Registering IdentifierGenerator strategy [assigned] -> [org.hibernate.id.Assigned]
02:20:24.083 [Test worker] DEBUG org.hibernate.id.factory.internal.DefaultIdentifierGeneratorFactory - Registering IdentifierGenerator strategy [identity] -> [org.hibernate.id.IdentityGenerator]
02:20:24.084 [Test worker] DEBUG org.hibernate.id.factory.internal.DefaultIdentifierGeneratorFactory - Registering IdentifierGenerator strategy [select] -> [org.hibernate.id.SelectGenerator]
02:20:24.084 [Test worker] DEBUG org.hibernate.id.factory.internal.DefaultIdentifierGeneratorFactory - Registering IdentifierGenerator strategy [sequence] -> [org.hibernate.id.enhanced.SequenceStyleGenerator]
02:20:24.085 [Test worker] DEBUG org.hibernate.id.factory.internal.DefaultIdentifierGeneratorFactory - Registering IdentifierGenerator strategy [seqhilo] -> [org.hibernate.id.SequenceHiLoGenerator]
02:20:24.085 [Test worker] DEBUG org.hibernate.id.factory.internal.DefaultIdentifierGeneratorFactory - Registering IdentifierGenerator strategy [increment] -> [org.hibernate.id.IncrementGenerator]
02:20:24.086 [Test worker] DEBUG org.hibernate.id.factory.internal.DefaultIdentifierGeneratorFactory - Registering IdentifierGenerator strategy [foreign] -> [org.hibernate.id.ForeignGenerator]
02:20:24.086 [Test worker] DEBUG org.hibernate.id.factory.internal.DefaultIdentifierGeneratorFactory - Registering IdentifierGenerator strategy [sequence-identity] -> [org.hibernate.id.SequenceIdentityGenerator]
02:20:24.086 [Test worker] DEBUG org.hibernate.id.factory.internal.DefaultIdentifierGeneratorFactory - Registering IdentifierGenerator strategy [enhanced-sequence] -> [org.hibernate.id.enhanced.SequenceStyleGenerator]
02:20:24.087 [Test worker] DEBUG org.hibernate.id.factory.internal.DefaultIdentifierGeneratorFactory - Registering IdentifierGenerator strategy [enhanced-table] -> [org.hibernate.id.enhanced.TableGenerator]
02:20:24.091 [Test worker] DEBUG org.springframework.jdbc.datasource.DriverManagerDataSource - Creating new JDBC DriverManager Connection to [jdbc:h2:mem:second;DB_CLOSE_DELAY=-1]
02:20:24.214 [Test worker] DEBUG org.hibernate.engine.jdbc.env.internal.JdbcEnvironmentInitiator - Database ->
       name : H2
    version : 1.4.200 (2019-10-14)
      major : 1
      minor : 4
02:20:24.214 [Test worker] DEBUG org.hibernate.engine.jdbc.env.internal.JdbcEnvironmentInitiator - Driver ->
       name : H2 JDBC Driver
    version : 1.4.200 (2019-10-14)
      major : 1
      minor : 4
02:20:24.214 [Test worker] DEBUG org.hibernate.engine.jdbc.env.internal.JdbcEnvironmentInitiator - JDBC version : 4.1
02:20:24.222 [Test worker] INFO org.hibernate.dialect.Dialect - HHH000400: Using dialect: org.hibernate.dialect.H2Dialect
02:20:24.250 [Test worker] DEBUG org.hibernate.engine.jdbc.env.spi.IdentifierHelperBuilder - JDBC driver metadata reported database stores quoted identifiers in neither upper, lower nor mixed case
02:20:24.272 [Test worker] DEBUG org.hibernate.boot.model.relational.Namespace - Created database namespace [logicalName=Name{catalog=null, schema=null}, physicalName=Name{catalog=null, schema=null}]
02:20:24.274 [Test worker] DEBUG org.hibernate.type.spi.TypeConfiguration$Scope - Scoping TypeConfiguration [org.hibernate.type.spi.TypeConfiguration@4b65788b] to MetadataBuildingContext [org.hibernate.boot.internal.MetadataBuildingContextRootImpl@1bd72a88]
02:20:24.310 [Test worker] DEBUG org.hibernate.cfg.AnnotationBinder - Binding entity from annotated class: com.epam.esm.model.entity.CertificateEntity
02:20:24.321 [Test worker] DEBUG org.hibernate.cfg.Ejb3Column - Binding column: Ejb3DiscriminatorColumn{logicalColumnName'DTYPE', discriminatorTypeName='string'}
02:20:24.324 [Test worker] DEBUG org.hibernate.cfg.annotations.EntityBinder - Import with entity name CertificateEntity
02:20:24.327 [Test worker] DEBUG org.hibernate.cfg.annotations.EntityBinder - Bind entity com.epam.esm.model.entity.CertificateEntity on table CertificateEntity
02:20:24.342 [Test worker] DEBUG org.hibernate.cfg.Ejb3Column - Binding column: Ejb3Column{table=org.hibernate.mapping.Table(CertificateEntity), mappingColumn=id, insertable=true, updatable=true, unique=false}
02:20:24.343 [Test worker] DEBUG org.hibernate.boot.internal.ClassLoaderAccessImpl - Not known whether passed class name [com.epam.esm.model.entity.CertificateEntity] is safe
02:20:24.343 [Test worker] DEBUG org.hibernate.boot.internal.ClassLoaderAccessImpl - No temp ClassLoader provided; using live ClassLoader for loading potentially unsafe class : com.epam.esm.model.entity.CertificateEntity
02:20:24.344 [Test worker] DEBUG org.hibernate.cfg.annotations.PropertyBinder - MetadataSourceProcessor property id with lazy=false
02:20:24.345 [Test worker] DEBUG org.hibernate.cfg.AbstractPropertyHolder - Attempting to locate auto-apply AttributeConverter for property [com.epam.esm.model.entity.CertificateEntity:id]
02:20:24.347 [Test worker] DEBUG org.hibernate.cfg.annotations.SimpleValueBinder - building SimpleValue for id
02:20:24.348 [Test worker] DEBUG org.hibernate.cfg.annotations.PropertyBinder - Building property id
02:20:24.350 [Test worker] DEBUG org.hibernate.cfg.BinderHelper - #makeIdGenerator(org.hibernate.mapping.SimpleValue([org.hibernate.mapping.Column(id)]), id, identity, , ...)
02:20:24.351 [Test worker] DEBUG org.hibernate.cfg.Ejb3Column - Binding column: Ejb3Column{table=org.hibernate.mapping.Table(CertificateEntity), mappingColumn=createDate, insertable=true, updatable=true, unique=false}
02:20:24.351 [Test worker] DEBUG org.hibernate.cfg.annotations.PropertyBinder - MetadataSourceProcessor property createDate with lazy=false
02:20:24.351 [Test worker] DEBUG org.hibernate.cfg.AbstractPropertyHolder - Attempting to locate auto-apply AttributeConverter for property [com.epam.esm.model.entity.CertificateEntity:createDate]
02:20:24.352 [Test worker] DEBUG org.hibernate.cfg.annotations.SimpleValueBinder - building SimpleValue for createDate
02:20:24.352 [Test worker] DEBUG org.hibernate.cfg.annotations.PropertyBinder - Building property createDate
02:20:24.352 [Test worker] DEBUG org.hibernate.cfg.Ejb3Column - Binding column: Ejb3Column{table=org.hibernate.mapping.Table(CertificateEntity), mappingColumn=description, insertable=true, updatable=true, unique=false}
02:20:24.352 [Test worker] DEBUG org.hibernate.cfg.annotations.PropertyBinder - MetadataSourceProcessor property description with lazy=false
02:20:24.352 [Test worker] DEBUG org.hibernate.cfg.AbstractPropertyHolder - Attempting to locate auto-apply AttributeConverter for property [com.epam.esm.model.entity.CertificateEntity:description]
02:20:24.352 [Test worker] DEBUG org.hibernate.cfg.annotations.SimpleValueBinder - building SimpleValue for description
02:20:24.352 [Test worker] DEBUG org.hibernate.cfg.annotations.PropertyBinder - Building property description
02:20:24.353 [Test worker] DEBUG org.hibernate.cfg.Ejb3Column - Binding column: Ejb3Column{table=org.hibernate.mapping.Table(CertificateEntity), mappingColumn=duration, insertable=true, updatable=true, unique=false}
02:20:24.353 [Test worker] DEBUG org.hibernate.cfg.annotations.PropertyBinder - MetadataSourceProcessor property duration with lazy=false
02:20:24.353 [Test worker] DEBUG org.hibernate.cfg.AbstractPropertyHolder - Attempting to locate auto-apply AttributeConverter for property [com.epam.esm.model.entity.CertificateEntity:duration]
02:20:24.353 [Test worker] DEBUG org.hibernate.cfg.annotations.SimpleValueBinder - building SimpleValue for duration
02:20:24.353 [Test worker] DEBUG org.hibernate.cfg.annotations.PropertyBinder - Building property duration
02:20:24.354 [Test worker] DEBUG org.hibernate.cfg.Ejb3Column - Binding column: Ejb3Column{table=org.hibernate.mapping.Table(CertificateEntity), mappingColumn=lastUpdateDate, insertable=true, updatable=true, unique=false}
02:20:24.354 [Test worker] DEBUG org.hibernate.cfg.annotations.PropertyBinder - MetadataSourceProcessor property lastUpdateDate with lazy=false
02:20:24.354 [Test worker] DEBUG org.hibernate.cfg.AbstractPropertyHolder - Attempting to locate auto-apply AttributeConverter for property [com.epam.esm.model.entity.CertificateEntity:lastUpdateDate]
02:20:24.354 [Test worker] DEBUG org.hibernate.cfg.annotations.SimpleValueBinder - building SimpleValue for lastUpdateDate
02:20:24.354 [Test worker] DEBUG org.hibernate.cfg.annotations.PropertyBinder - Building property lastUpdateDate
02:20:24.354 [Test worker] DEBUG org.hibernate.cfg.Ejb3Column - Binding column: Ejb3Column{table=org.hibernate.mapping.Table(CertificateEntity), mappingColumn=name, insertable=true, updatable=true, unique=true}
02:20:24.355 [Test worker] DEBUG org.hibernate.cfg.annotations.PropertyBinder - MetadataSourceProcessor property name with lazy=false
02:20:24.355 [Test worker] DEBUG org.hibernate.cfg.AbstractPropertyHolder - Attempting to locate auto-apply AttributeConverter for property [com.epam.esm.model.entity.CertificateEntity:name]
02:20:24.355 [Test worker] DEBUG org.hibernate.cfg.annotations.SimpleValueBinder - building SimpleValue for name
02:20:24.355 [Test worker] DEBUG org.hibernate.cfg.annotations.PropertyBinder - Building property name
02:20:24.355 [Test worker] DEBUG org.hibernate.cfg.Ejb3Column - Binding column: Ejb3Column{table=org.hibernate.mapping.Table(CertificateEntity), mappingColumn=price, insertable=true, updatable=true, unique=false}
02:20:24.355 [Test worker] DEBUG org.hibernate.cfg.annotations.PropertyBinder - MetadataSourceProcessor property price with lazy=false
02:20:24.356 [Test worker] DEBUG org.hibernate.cfg.AbstractPropertyHolder - Attempting to locate auto-apply AttributeConverter for property [com.epam.esm.model.entity.CertificateEntity:price]
02:20:24.356 [Test worker] DEBUG org.hibernate.cfg.annotations.SimpleValueBinder - building SimpleValue for price
02:20:24.356 [Test worker] DEBUG org.hibernate.cfg.annotations.PropertyBinder - Building property price
02:20:24.358 [Test worker] DEBUG org.hibernate.cfg.Ejb3Column - Binding column: Ejb3Column{table=org.hibernate.mapping.Table(CertificateEntity), mappingColumn=null, insertable=true, updatable=true, unique=false}
02:20:24.365 [Test worker] DEBUG org.hibernate.cfg.Ejb3Column - Binding column: Ejb3Column{table=org.hibernate.mapping.Table(CertificateEntity), mappingColumn=element, insertable=true, updatable=true, unique=false}
02:20:24.366 [Test worker] DEBUG org.hibernate.cfg.Ejb3Column - Binding column: Ejb3Column{table=org.hibernate.mapping.Table(CertificateEntity), mappingColumn=tagEntities_KEY, insertable=true, updatable=true, unique=false}
02:20:24.367 [Test worker] DEBUG org.hibernate.cfg.Ejb3Column - Binding column: Ejb3JoinColumn{logicalColumnName='tagEntities_KEY', referencedColumn='null', mappedBy='null'}
02:20:24.367 [Test worker] DEBUG org.hibernate.cfg.Ejb3Column - Binding column: Ejb3JoinColumn{logicalColumnName='null', referencedColumn='null', mappedBy=''}
02:20:24.368 [Test worker] DEBUG org.hibernate.cfg.Ejb3Column - Binding column: Ejb3JoinColumn{logicalColumnName='null', referencedColumn='null', mappedBy=''}
02:20:24.368 [Test worker] DEBUG org.hibernate.cfg.annotations.CollectionBinder - Collection role: com.epam.esm.model.entity.CertificateEntity.tagEntities
02:20:24.369 [Test worker] DEBUG org.hibernate.cfg.annotations.PropertyBinder - Building property tagEntities
02:20:24.370 [Test worker] DEBUG org.hibernate.cfg.AnnotationBinder - Binding entity from annotated class: com.epam.esm.model.entity.OrderEntity
02:20:24.371 [Test worker] DEBUG org.hibernate.cfg.Ejb3Column - Binding column: Ejb3DiscriminatorColumn{logicalColumnName'DTYPE', discriminatorTypeName='string'}
02:20:24.371 [Test worker] DEBUG org.hibernate.cfg.annotations.EntityBinder - Import with entity name OrderEntity
02:20:24.371 [Test worker] DEBUG org.hibernate.cfg.annotations.EntityBinder - Bind entity com.epam.esm.model.entity.OrderEntity on table OrderEntity
02:20:24.373 [Test worker] DEBUG org.hibernate.cfg.Ejb3Column - Binding column: Ejb3Column{table=org.hibernate.mapping.Table(OrderEntity), mappingColumn=id, insertable=true, updatable=true, unique=false}
02:20:24.373 [Test worker] DEBUG org.hibernate.boot.internal.ClassLoaderAccessImpl - Not known whether passed class name [com.epam.esm.model.entity.OrderEntity] is safe
02:20:24.373 [Test worker] DEBUG org.hibernate.boot.internal.ClassLoaderAccessImpl - No temp ClassLoader provided; using live ClassLoader for loading potentially unsafe class : com.epam.esm.model.entity.OrderEntity
02:20:24.373 [Test worker] DEBUG org.hibernate.cfg.annotations.PropertyBinder - MetadataSourceProcessor property id with lazy=false
02:20:24.373 [Test worker] DEBUG org.hibernate.cfg.AbstractPropertyHolder - Attempting to locate auto-apply AttributeConverter for property [com.epam.esm.model.entity.OrderEntity:id]
02:20:24.373 [Test worker] DEBUG org.hibernate.cfg.annotations.SimpleValueBinder - building SimpleValue for id
02:20:24.373 [Test worker] DEBUG org.hibernate.cfg.annotations.PropertyBinder - Building property id
02:20:24.374 [Test worker] DEBUG org.hibernate.cfg.BinderHelper - #makeIdGenerator(org.hibernate.mapping.SimpleValue([org.hibernate.mapping.Column(id)]), id, identity, , ...)
02:20:24.374 [Test worker] DEBUG org.hibernate.cfg.Ejb3Column - Binding column: Ejb3Column{table=org.hibernate.mapping.Table(OrderEntity), mappingColumn=null, insertable=true, updatable=true, unique=false}
02:20:24.374 [Test worker] DEBUG org.hibernate.cfg.Ejb3Column - Binding column: Ejb3Column{table=org.hibernate.mapping.Table(OrderEntity), mappingColumn=element, insertable=true, updatable=true, unique=false}
02:20:24.374 [Test worker] DEBUG org.hibernate.cfg.Ejb3Column - Binding column: Ejb3Column{table=org.hibernate.mapping.Table(OrderEntity), mappingColumn=certificateEntities_KEY, insertable=true, updatable=true, unique=false}
02:20:24.374 [Test worker] DEBUG org.hibernate.cfg.Ejb3Column - Binding column: Ejb3JoinColumn{logicalColumnName='certificateEntities_KEY', referencedColumn='null', mappedBy='null'}
02:20:24.374 [Test worker] DEBUG org.hibernate.cfg.Ejb3Column - Binding column: Ejb3JoinColumn{logicalColumnName='null', referencedColumn='null', mappedBy=''}
02:20:24.374 [Test worker] DEBUG org.hibernate.cfg.Ejb3Column - Binding column: Ejb3JoinColumn{logicalColumnName='null', referencedColumn='null', mappedBy=''}
02:20:24.374 [Test worker] DEBUG org.hibernate.cfg.annotations.CollectionBinder - Collection role: com.epam.esm.model.entity.OrderEntity.certificateEntities
02:20:24.374 [Test worker] DEBUG org.hibernate.cfg.annotations.PropertyBinder - Building property certificateEntities
02:20:24.374 [Test worker] DEBUG org.hibernate.cfg.Ejb3Column - Binding column: Ejb3JoinColumn{logicalColumnName='null', referencedColumn='null', mappedBy='null'}
02:20:24.375 [Test worker] DEBUG org.hibernate.cfg.Ejb3Column - Binding column: Ejb3Column{table=org.hibernate.mapping.Table(OrderEntity), mappingColumn=owner, insertable=true, updatable=true, unique=false}
02:20:24.376 [Test worker] DEBUG org.hibernate.cfg.annotations.PropertyBinder - Building property owner
02:20:24.376 [Test worker] DEBUG org.hibernate.cfg.Ejb3Column - Binding column: Ejb3Column{table=org.hibernate.mapping.Table(OrderEntity), mappingColumn=purchaseDate, insertable=true, updatable=true, unique=false}
02:20:24.376 [Test worker] DEBUG org.hibernate.cfg.annotations.PropertyBinder - MetadataSourceProcessor property purchaseDate with lazy=false
02:20:24.376 [Test worker] DEBUG org.hibernate.cfg.AbstractPropertyHolder - Attempting to locate auto-apply AttributeConverter for property [com.epam.esm.model.entity.OrderEntity:purchaseDate]
02:20:24.376 [Test worker] DEBUG org.hibernate.cfg.annotations.SimpleValueBinder - building SimpleValue for purchaseDate
02:20:24.376 [Test worker] DEBUG org.hibernate.cfg.annotations.PropertyBinder - Building property purchaseDate
02:20:24.376 [Test worker] DEBUG org.hibernate.cfg.Ejb3Column - Binding column: Ejb3Column{table=org.hibernate.mapping.Table(OrderEntity), mappingColumn=summary, insertable=true, updatable=true, unique=false}
02:20:24.376 [Test worker] DEBUG org.hibernate.cfg.annotations.PropertyBinder - MetadataSourceProcessor property summary with lazy=false
02:20:24.377 [Test worker] DEBUG org.hibernate.cfg.AbstractPropertyHolder - Attempting to locate auto-apply AttributeConverter for property [com.epam.esm.model.entity.OrderEntity:summary]
02:20:24.377 [Test worker] DEBUG org.hibernate.cfg.annotations.SimpleValueBinder - building SimpleValue for summary
02:20:24.377 [Test worker] DEBUG org.hibernate.cfg.annotations.PropertyBinder - Building property summary
02:20:24.377 [Test worker] DEBUG org.hibernate.cfg.AnnotationBinder - Binding entity from annotated class: com.epam.esm.model.entity.TagEntity
02:20:24.377 [Test worker] DEBUG org.hibernate.cfg.Ejb3Column - Binding column: Ejb3DiscriminatorColumn{logicalColumnName'DTYPE', discriminatorTypeName='string'}
02:20:24.377 [Test worker] DEBUG org.hibernate.cfg.annotations.EntityBinder - Import with entity name TagEntity
02:20:24.377 [Test worker] DEBUG org.hibernate.cfg.annotations.EntityBinder - Bind entity com.epam.esm.model.entity.TagEntity on table TagEntity
02:20:24.378 [Test worker] DEBUG org.hibernate.cfg.Ejb3Column - Binding column: Ejb3Column{table=org.hibernate.mapping.Table(TagEntity), mappingColumn=id, insertable=true, updatable=true, unique=false}
02:20:24.378 [Test worker] DEBUG org.hibernate.boot.internal.ClassLoaderAccessImpl - Not known whether passed class name [com.epam.esm.model.entity.TagEntity] is safe
02:20:24.378 [Test worker] DEBUG org.hibernate.boot.internal.ClassLoaderAccessImpl - No temp ClassLoader provided; using live ClassLoader for loading potentially unsafe class : com.epam.esm.model.entity.TagEntity
02:20:24.378 [Test worker] DEBUG org.hibernate.cfg.annotations.PropertyBinder - MetadataSourceProcessor property id with lazy=false
02:20:24.378 [Test worker] DEBUG org.hibernate.cfg.AbstractPropertyHolder - Attempting to locate auto-apply AttributeConverter for property [com.epam.esm.model.entity.TagEntity:id]
02:20:24.378 [Test worker] DEBUG org.hibernate.cfg.annotations.SimpleValueBinder - building SimpleValue for id
02:20:24.378 [Test worker] DEBUG org.hibernate.cfg.annotations.PropertyBinder - Building property id
02:20:24.378 [Test worker] DEBUG org.hibernate.cfg.BinderHelper - #makeIdGenerator(org.hibernate.mapping.SimpleValue([org.hibernate.mapping.Column(id)]), id, identity, , ...)
02:20:24.378 [Test worker] DEBUG org.hibernate.cfg.Ejb3Column - Binding column: Ejb3Column{table=org.hibernate.mapping.Table(TagEntity), mappingColumn=name, insertable=true, updatable=true, unique=true}
02:20:24.378 [Test worker] DEBUG org.hibernate.cfg.annotations.PropertyBinder - MetadataSourceProcessor property name with lazy=false
02:20:24.379 [Test worker] DEBUG org.hibernate.cfg.AbstractPropertyHolder - Attempting to locate auto-apply AttributeConverter for property [com.epam.esm.model.entity.TagEntity:name]
02:20:24.379 [Test worker] DEBUG org.hibernate.cfg.annotations.SimpleValueBinder - building SimpleValue for name
02:20:24.379 [Test worker] DEBUG org.hibernate.cfg.annotations.PropertyBinder - Building property name
02:20:24.379 [Test worker] DEBUG org.hibernate.cfg.AnnotationBinder - Binding entity from annotated class: com.epam.esm.model.entity.UserEntity
02:20:24.379 [Test worker] DEBUG org.hibernate.cfg.Ejb3Column - Binding column: Ejb3DiscriminatorColumn{logicalColumnName'DTYPE', discriminatorTypeName='string'}
02:20:24.379 [Test worker] DEBUG org.hibernate.cfg.annotations.EntityBinder - Import with entity name UserEntity
02:20:24.379 [Test worker] DEBUG org.hibernate.cfg.annotations.EntityBinder - Bind entity com.epam.esm.model.entity.UserEntity on table UserEntity
02:20:24.381 [Test worker] DEBUG org.hibernate.cfg.Ejb3Column - Binding column: Ejb3Column{table=org.hibernate.mapping.Table(UserEntity), mappingColumn=id, insertable=true, updatable=true, unique=false}
02:20:24.381 [Test worker] DEBUG org.hibernate.boot.internal.ClassLoaderAccessImpl - Not known whether passed class name [com.epam.esm.model.entity.UserEntity] is safe
02:20:24.381 [Test worker] DEBUG org.hibernate.boot.internal.ClassLoaderAccessImpl - No temp ClassLoader provided; using live ClassLoader for loading potentially unsafe class : com.epam.esm.model.entity.UserEntity
02:20:24.381 [Test worker] DEBUG org.hibernate.cfg.annotations.PropertyBinder - MetadataSourceProcessor property id with lazy=false
02:20:24.381 [Test worker] DEBUG org.hibernate.cfg.AbstractPropertyHolder - Attempting to locate auto-apply AttributeConverter for property [com.epam.esm.model.entity.UserEntity:id]
02:20:24.381 [Test worker] DEBUG org.hibernate.cfg.annotations.SimpleValueBinder - building SimpleValue for id
02:20:24.382 [Test worker] DEBUG org.hibernate.cfg.annotations.PropertyBinder - Building property id
02:20:24.382 [Test worker] DEBUG org.hibernate.cfg.BinderHelper - #makeIdGenerator(org.hibernate.mapping.SimpleValue([org.hibernate.mapping.Column(id)]), id, identity, , ...)
02:20:24.382 [Test worker] DEBUG org.hibernate.cfg.Ejb3Column - Binding column: Ejb3JoinColumn{logicalColumnName='null', referencedColumn='null', mappedBy='owner'}
02:20:24.382 [Test worker] DEBUG org.hibernate.cfg.Ejb3Column - Binding column: Ejb3Column{table=org.hibernate.mapping.Table(UserEntity), mappingColumn=orderEntities, insertable=true, updatable=true, unique=false}
02:20:24.382 [Test worker] DEBUG org.hibernate.cfg.Ejb3Column - Binding column: Ejb3Column{table=org.hibernate.mapping.Table(UserEntity), mappingColumn=null, insertable=true, updatable=true, unique=false}
02:20:24.382 [Test worker] DEBUG org.hibernate.cfg.Ejb3Column - Binding column: Ejb3Column{table=org.hibernate.mapping.Table(UserEntity), mappingColumn=element, insertable=true, updatable=true, unique=false}
02:20:24.382 [Test worker] DEBUG org.hibernate.cfg.Ejb3Column - Binding column: Ejb3Column{table=org.hibernate.mapping.Table(UserEntity), mappingColumn=orderEntities_KEY, insertable=true, updatable=true, unique=false}
02:20:24.382 [Test worker] DEBUG org.hibernate.cfg.Ejb3Column - Binding column: Ejb3JoinColumn{logicalColumnName='orderEntities_KEY', referencedColumn='null', mappedBy='null'}
02:20:24.382 [Test worker] DEBUG org.hibernate.cfg.Ejb3Column - Binding column: Ejb3JoinColumn{logicalColumnName='null', referencedColumn='null', mappedBy='owner'}
02:20:24.382 [Test worker] DEBUG org.hibernate.cfg.Ejb3Column - Binding column: Ejb3JoinColumn{logicalColumnName='null', referencedColumn='null', mappedBy='owner'}
02:20:24.382 [Test worker] DEBUG org.hibernate.cfg.annotations.CollectionBinder - Collection role: com.epam.esm.model.entity.UserEntity.orderEntities
02:20:24.383 [Test worker] DEBUG org.hibernate.cfg.annotations.PropertyBinder - Building property orderEntities
02:20:24.383 [Test worker] DEBUG org.hibernate.cfg.Ejb3Column - Binding column: Ejb3Column{table=org.hibernate.mapping.Table(UserEntity), mappingColumn=username, insertable=true, updatable=true, unique=false}
02:20:24.383 [Test worker] DEBUG org.hibernate.cfg.annotations.PropertyBinder - MetadataSourceProcessor property username with lazy=false
02:20:24.383 [Test worker] DEBUG org.hibernate.cfg.AbstractPropertyHolder - Attempting to locate auto-apply AttributeConverter for property [com.epam.esm.model.entity.UserEntity:username]
02:20:24.383 [Test worker] DEBUG org.hibernate.cfg.annotations.SimpleValueBinder - building SimpleValue for username
02:20:24.383 [Test worker] DEBUG org.hibernate.cfg.annotations.PropertyBinder - Building property username
02:20:24.384 [Test worker] DEBUG org.hibernate.cfg.annotations.SimpleValueBinder - Starting fillSimpleValue for id
02:20:24.384 [Test worker] DEBUG org.hibernate.cfg.annotations.SimpleValueBinder - Starting fillSimpleValue for createDate
02:20:24.384 [Test worker] DEBUG org.hibernate.cfg.annotations.SimpleValueBinder - Starting fillSimpleValue for description
02:20:24.384 [Test worker] DEBUG org.hibernate.cfg.annotations.SimpleValueBinder - Starting fillSimpleValue for duration
02:20:24.384 [Test worker] DEBUG org.hibernate.cfg.annotations.SimpleValueBinder - Starting fillSimpleValue for lastUpdateDate
02:20:24.384 [Test worker] DEBUG org.hibernate.cfg.annotations.SimpleValueBinder - Starting fillSimpleValue for name
02:20:24.384 [Test worker] DEBUG org.hibernate.cfg.annotations.SimpleValueBinder - Starting fillSimpleValue for price
02:20:24.384 [Test worker] DEBUG org.hibernate.cfg.annotations.SimpleValueBinder - Starting fillSimpleValue for id
02:20:24.384 [Test worker] DEBUG org.hibernate.cfg.annotations.SimpleValueBinder - Starting fillSimpleValue for purchaseDate
02:20:24.384 [Test worker] DEBUG org.hibernate.cfg.annotations.SimpleValueBinder - Starting fillSimpleValue for summary
02:20:24.385 [Test worker] DEBUG org.hibernate.cfg.annotations.SimpleValueBinder - Starting fillSimpleValue for id
02:20:24.385 [Test worker] DEBUG org.hibernate.cfg.annotations.SimpleValueBinder - Starting fillSimpleValue for name
02:20:24.385 [Test worker] DEBUG org.hibernate.cfg.annotations.SimpleValueBinder - Starting fillSimpleValue for id
02:20:24.385 [Test worker] DEBUG org.hibernate.cfg.annotations.SimpleValueBinder - Starting fillSimpleValue for username
02:20:24.388 [Test worker] DEBUG org.hibernate.mapping.PrimaryKey - Forcing column [id] to be non-null as it is part of the primary key for table [certificateentity]
02:20:24.388 [Test worker] DEBUG org.hibernate.mapping.PrimaryKey - Forcing column [id] to be non-null as it is part of the primary key for table [orderentity]
02:20:24.388 [Test worker] DEBUG org.hibernate.mapping.PrimaryKey - Forcing column [id] to be non-null as it is part of the primary key for table [tagentity]
02:20:24.388 [Test worker] DEBUG org.hibernate.mapping.PrimaryKey - Forcing column [id] to be non-null as it is part of the primary key for table [userentity]
02:20:24.388 [Test worker] DEBUG org.hibernate.cfg.CollectionSecondPass - Second pass for collection: com.epam.esm.model.entity.OrderEntity.certificateEntities
02:20:24.388 [Test worker] DEBUG org.hibernate.cfg.annotations.CollectionBinder - Binding as ManyToMany: com.epam.esm.model.entity.OrderEntity.certificateEntities
02:20:24.391 [Test worker] DEBUG org.hibernate.cfg.CollectionSecondPass - Mapped collection key: OrderEntity_id, element: certificateEntities_id
02:20:24.391 [Test worker] DEBUG org.hibernate.cfg.CollectionSecondPass - Second pass for collection: com.epam.esm.model.entity.CertificateEntity.tagEntities
02:20:24.391 [Test worker] DEBUG org.hibernate.cfg.annotations.CollectionBinder - Binding as ManyToMany: com.epam.esm.model.entity.CertificateEntity.tagEntities
02:20:24.391 [Test worker] DEBUG org.hibernate.cfg.CollectionSecondPass - Mapped collection key: CertificateEntity_id, element: tagEntities_id
02:20:24.391 [Test worker] DEBUG org.hibernate.cfg.CollectionSecondPass - Second pass for collection: com.epam.esm.model.entity.UserEntity.orderEntities
02:20:24.392 [Test worker] DEBUG org.hibernate.cfg.annotations.CollectionBinder - Binding a OneToMany: com.epam.esm.model.entity.UserEntity.orderEntities through a foreign key
02:20:24.392 [Test worker] DEBUG org.hibernate.cfg.annotations.CollectionBinder - Mapping collection: com.epam.esm.model.entity.UserEntity.orderEntities -> OrderEntity
02:20:24.392 [Test worker] DEBUG org.hibernate.cfg.annotations.TableBinder - Retrieving property com.epam.esm.model.entity.OrderEntity.owner
02:20:24.392 [Test worker] DEBUG org.hibernate.cfg.CollectionSecondPass - Mapped collection key: owner_id, one-to-many: com.epam.esm.model.entity.OrderEntity
02:20:24.392 [Test worker] DEBUG org.hibernate.boot.internal.InFlightMetadataCollectorImpl - Resolving reference to class: com.epam.esm.model.entity.TagEntity
02:20:24.394 [Test worker] DEBUG org.hibernate.boot.internal.InFlightMetadataCollectorImpl - Resolving reference to class: com.epam.esm.model.entity.CertificateEntity
02:20:24.394 [Test worker] DEBUG org.hibernate.boot.internal.InFlightMetadataCollectorImpl - Resolving reference to class: com.epam.esm.model.entity.UserEntity
02:20:24.394 [Test worker] DEBUG org.hibernate.boot.internal.InFlightMetadataCollectorImpl - Resolving reference to class: com.epam.esm.model.entity.CertificateEntity
02:20:24.394 [Test worker] DEBUG org.hibernate.boot.internal.InFlightMetadataCollectorImpl - Resolving reference to class: com.epam.esm.model.entity.OrderEntity
02:20:24.396 [Test worker] DEBUG org.hibernate.boot.internal.InFlightMetadataCollectorImpl - Resolving reference to class: com.epam.esm.model.entity.TagEntity
02:20:24.396 [Test worker] DEBUG org.hibernate.boot.internal.InFlightMetadataCollectorImpl - Resolving reference to class: com.epam.esm.model.entity.CertificateEntity
02:20:24.396 [Test worker] DEBUG org.hibernate.boot.internal.InFlightMetadataCollectorImpl - Resolving reference to class: com.epam.esm.model.entity.UserEntity
02:20:24.396 [Test worker] DEBUG org.hibernate.boot.internal.InFlightMetadataCollectorImpl - Resolving reference to class: com.epam.esm.model.entity.CertificateEntity
02:20:24.396 [Test worker] DEBUG org.hibernate.boot.internal.InFlightMetadataCollectorImpl - Resolving reference to class: com.epam.esm.model.entity.OrderEntity
02:20:24.421 [Test worker] DEBUG org.hibernate.internal.SessionFactoryImpl - Building session factory
02:20:24.422 [Test worker] DEBUG org.hibernate.cfg.Settings - SessionFactory name : null
02:20:24.422 [Test worker] DEBUG org.hibernate.cfg.Settings - Automatic flush during beforeCompletion(): enabled
02:20:24.422 [Test worker] DEBUG org.hibernate.cfg.Settings - Automatic session close at end of transaction: disabled
02:20:24.422 [Test worker] DEBUG org.hibernate.cfg.Settings - Statistics: enabled
02:20:24.422 [Test worker] DEBUG org.hibernate.cfg.Settings - Deleted entity synthetic identifier rollback: disabled
02:20:24.422 [Test worker] DEBUG org.hibernate.cfg.Settings - Default entity-mode: pojo
02:20:24.422 [Test worker] DEBUG org.hibernate.cfg.Settings - Check Nullability in Core (should be disabled when Bean Validation is on): enabled
02:20:24.422 [Test worker] DEBUG org.hibernate.cfg.Settings - Allow initialization of lazy state outside session : disabled
02:20:24.422 [Test worker] DEBUG org.hibernate.cfg.Settings - Using BatchFetchStyle : LEGACY
02:20:24.422 [Test worker] DEBUG org.hibernate.cfg.Settings - Default batch fetch size: -1
02:20:24.422 [Test worker] DEBUG org.hibernate.cfg.Settings - Maximum outer join fetch depth: null
02:20:24.422 [Test worker] DEBUG org.hibernate.cfg.Settings - Default null ordering: NONE
02:20:24.423 [Test worker] DEBUG org.hibernate.cfg.Settings - Order SQL updates by primary key: disabled
02:20:24.423 [Test worker] DEBUG org.hibernate.cfg.Settings - Order SQL inserts for batching: disabled
02:20:24.423 [Test worker] DEBUG org.hibernate.cfg.Settings - multi-tenancy strategy : NONE
02:20:24.423 [Test worker] DEBUG org.hibernate.cfg.Settings - JTA Track by Thread: enabled
02:20:24.423 [Test worker] DEBUG org.hibernate.cfg.Settings - Query language substitutions: {}
02:20:24.423 [Test worker] DEBUG org.hibernate.cfg.Settings - Named query checking : enabled
02:20:24.423 [Test worker] DEBUG org.hibernate.cfg.Settings - Second-level cache: disabled
02:20:24.423 [Test worker] DEBUG org.hibernate.cfg.Settings - Second-level query cache: disabled
02:20:24.423 [Test worker] DEBUG org.hibernate.cfg.Settings - Second-level query cache factory: null
02:20:24.423 [Test worker] DEBUG org.hibernate.cfg.Settings - Second-level cache region prefix: null
02:20:24.423 [Test worker] DEBUG org.hibernate.cfg.Settings - Optimize second-level cache for minimal puts: disabled
02:20:24.423 [Test worker] DEBUG org.hibernate.cfg.Settings - Structured second-level cache entries: disabled
02:20:24.423 [Test worker] DEBUG org.hibernate.cfg.Settings - Second-level cache direct-reference entries: disabled
02:20:24.423 [Test worker] DEBUG org.hibernate.cfg.Settings - Automatic eviction of collection cache: disabled
02:20:24.423 [Test worker] DEBUG org.hibernate.cfg.Settings - JDBC batch size: 15
02:20:24.423 [Test worker] DEBUG org.hibernate.cfg.Settings - JDBC batch updates for versioned data: enabled
02:20:24.423 [Test worker] DEBUG org.hibernate.cfg.Settings - Scrollable result sets: enabled
02:20:24.423 [Test worker] DEBUG org.hibernate.cfg.Settings - Wrap result sets: disabled
02:20:24.423 [Test worker] DEBUG org.hibernate.cfg.Settings - JDBC3 getGeneratedKeys(): enabled
02:20:24.423 [Test worker] DEBUG org.hibernate.cfg.Settings - JDBC result set fetch size: null
02:20:24.424 [Test worker] DEBUG org.hibernate.cfg.Settings - Connection release mode: ON_CLOSE
02:20:24.424 [Test worker] DEBUG org.hibernate.cfg.Settings - Generate SQL with comments: disabled
02:20:24.424 [Test worker] DEBUG org.hibernate.cfg.Settings - JPA compliance - query : disabled
02:20:24.424 [Test worker] DEBUG org.hibernate.cfg.Settings - JPA compliance - closed-handling : disabled
02:20:24.424 [Test worker] DEBUG org.hibernate.cfg.Settings - JPA compliance - lists : disabled
02:20:24.424 [Test worker] DEBUG org.hibernate.cfg.Settings - JPA compliance - transactions : disabled
02:20:24.487 [Test worker] DEBUG org.hibernate.internal.SessionFactoryImpl - Session factory constructed with filter configurations : {}
02:20:24.487 [Test worker] DEBUG org.hibernate.internal.SessionFactoryImpl - Instantiating session factory with properties: {java.specification.version=13, hibernate.connection.handling_mode=DELAYED_ACQUISITION_AND_HOLD, sun.jnu.encoding=UTF-8, hibernate.dialect=org.hibernate.dialect.H2Dialect, org.gradle.test.worker=3, java.class.path=/home/razor/.gradle/caches/7.1/workerMain/gradle-worker.jar:/home/razor/Lab/task3/ThirdModule/dao/build/classes/java/test:/home/razor/Lab/task3/ThirdModule/dao/build/resources/test:/home/razor/Lab/task3/ThirdModule/dao/build/classes/java/main:/home/razor/Lab/task3/ThirdModule/dao/build/resources/main:/home/razor/.gradle/caches/modules-2/files-2.1/mysql/mysql-connector-java/8.0.27/f1da9f10a3de6348725a413304aab6d0aa04f923/mysql-connector-java-8.0.27.jar:/home/razor/.gradle/caches/modules-2/files-2.1/org.projectlombok/lombok/1.18.20/18bcea7d5df4d49227b4a0743a536208ce4825bb/lombok-1.18.20.jar:/home/razor/.gradle/caches/modules-2/files-2.1/junit/junit/4.13.1/cdd00374f1fee76b11e2a9d127405aa3f6be5b6a/junit-4.13.1.jar:/home/razor/.gradle/caches/modules-2/files-2.1/org.springframework.boot/spring-boot-starter-data-jpa/2.5.6/8d7fe99c33e09390316749614d9795d80b49207b/spring-boot-starter-data-jpa-2.5.6.jar:/home/razor/.gradle/caches/modules-2/files-2.1/org.springframework.boot/spring-boot-starter-test/2.5.2/226e09262316b1ff101797346b2ca56432880353/spring-boot-starter-test-2.5.2.jar:/home/razor/.gradle/caches/modules-2/files-2.1/org.springframework.boot/spring-boot-starter-aop/2.5.2/1877448bb875154c2558e385f4590c648ada5f11/spring-boot-starter-aop-2.5.2.jar:/home/razor/.gradle/caches/modules-2/files-2.1/org.springframework.boot/spring-boot-starter-jdbc/2.5.2/de9142ad6a67d2ec7d58465ab8d2fcf759f24d25/spring-boot-starter-jdbc-2.5.2.jar:/home/razor/.gradle/caches/modules-2/files-2.1/org.springframework.boot/spring-boot-starter/2.5.2/5aa5345f60cd3fbca331c05015e0700553448d66/spring-boot-starter-2.5.2.jar:/home/razor/.gradle/caches/modules-2/files-2.1/com.h2database/h2/1.4.200/f7533fe7cb8e99c87a43d325a77b4b678ad9031a/h2-1.4.200.jar:/home/razor/.gradle/caches/modules-2/files-2.1/org.hamcrest/hamcrest-core/2.2/3f2bd07716a31c395e2837254f37f21f0f0ab24b/hamcrest-core-2.2.jar:/home/razor/.gradle/caches/modules-2/files-2.1/jakarta.transaction/jakarta.transaction-api/1.3.3/c4179d48720a1e87202115fbed6089bdc4195405/jakarta.transaction-api-1.3.3.jar:/home/razor/.gradle/caches/modules-2/files-2.1/jakarta.persistence/jakarta.persistence-api/2.2.3/8f6ea5daedc614f07a3654a455660145286f024e/jakarta.persistence-api-2.2.3.jar:/home/razor/.gradle/caches/modules-2/files-2.1/org.hibernate/hibernate-core/5.4.32.Final/99a5e10bf455337014c190e141ec631e9ff71663/hibernate-core-5.4.32.Final.jar:/home/razor/.gradle/caches/modules-2/files-2.1/org.springframework.data/spring-data-jpa/2.5.2/37a27171338da87485cdf66a40596195433d1db/spring-data-jpa-2.5.2.jar:/home/razor/.gradle/caches/modules-2/files-2.1/org.springframework/spring-aspects/5.3.8/863f531cc3ea9d82d391d17c8eb33732e7a864b6/spring-aspects-5.3.8.jar:/home/razor/.gradle/caches/modules-2/files-2.1/org.springframework.boot/spring-boot-test-autoconfigure/2.5.2/223f1311f59eecfd24980f9776bb39e1fef92c0e/spring-boot-test-autoconfigure-2.5.2.jar:/home/razor/.gradle/caches/modules-2/files-2.1/org.springframework.boot/spring-boot-autoconfigure/2.5.2/aa924c5d0d375f4b2b66f211704c24d40a7e647b/spring-boot-autoconfigure-2.5.2.jar:/home/razor/.gradle/caches/modules-2/files-2.1/org.springframework.boot/spring-boot-test/2.5.2/477509ac730e2fb8fe67c0d9f2d0bca21c4316df/spring-boot-test-2.5.2.jar:/home/razor/.gradle/caches/modules-2/files-2.1/org.springframework.boot/spring-boot/2.5.2/bd6dc87b5ad870dbf635d0c7d9a3006666c9e797/spring-boot-2.5.2.jar:/home/razor/.gradle/caches/modules-2/files-2.1/org.springframework.boot/spring-boot-starter-logging/2.5.2/8b94a1e350f68f8c3a7de6460e5691a84c8c157d/spring-boot-starter-logging-2.5.2.jar:/home/razor/.gradle/caches/modules-2/files-2.1/jakarta.annotation/jakarta.annotation-api/1.3.5/59eb84ee0d616332ff44aba065f3888cf002cd2d/jakarta.annotation-api-1.3.5.jar:/home/razor/.gradle/caches/modules-2/files-2.1/org.springframework/spring-test/5.3.8/4ce3ee7725d4ecd13b5c52d67bb0a76173f8a34d/spring-test-5.3.8.jar:/home/razor/.gradle/caches/modules-2/files-2.1/org.springframework/spring-context/5.3.8/c367a05423e963c222e38a6a88b97d44de3880ca/spring-context-5.3.8.jar:/home/razor/.gradle/caches/modules-2/files-2.1/org.springframework/spring-aop/5.3.8/1377f80f938b1fc7eabe9e6c4f6895e77e3bec40/spring-aop-5.3.8.jar:/home/razor/.gradle/caches/modules-2/files-2.1/org.springframework/spring-orm/5.3.8/bac8889d4621f2f47ee2b118ebbddf61dd299239/spring-orm-5.3.8.jar:/home/razor/.gradle/caches/modules-2/files-2.1/org.springframework/spring-jdbc/5.3.8/cf8b7a2be3565eed94f575ae640e22d9357c7dcd/spring-jdbc-5.3.8.jar:/home/razor/.gradle/caches/modules-2/files-2.1/org.springframework.data/spring-data-commons/2.5.2/25a00968c046736667e086ed9fd254f0e26e7ffc/spring-data-commons-2.5.2.jar:/home/razor/.gradle/caches/modules-2/files-2.1/org.springframework/spring-tx/5.3.8/3202859a7e9560110f1fe8284c28feb009c6f460/spring-tx-5.3.8.jar:/home/razor/.gradle/caches/modules-2/files-2.1/org.springframework/spring-beans/5.3.8/3d66fed1eebfcd119efcabc6218c813700a21ed/spring-beans-5.3.8.jar:/home/razor/.gradle/caches/modules-2/files-2.1/org.springframework/spring-expression/5.3.8/8a14547b76cbae3aeb02739e5b38e71835a6bbd8/spring-expression-5.3.8.jar:/home/razor/.gradle/caches/modules-2/files-2.1/org.springframework/spring-core/5.3.8/da9b87dacaa5bbf80fad0f7b483988372a00a152/spring-core-5.3.8.jar:/home/razor/.gradle/caches/modules-2/files-2.1/org.yaml/snakeyaml/1.28/7cae037c3014350c923776548e71c9feb7a69259/snakeyaml-1.28.jar:/home/razor/.gradle/caches/modules-2/files-2.1/com.jayway.jsonpath/json-path/2.5.0/c35ef29095125b51638d19120f63e2b56eff20e9/json-path-2.5.0.jar:/home/razor/.gradle/caches/modules-2/files-2.1/org.glassfish.jaxb/jaxb-runtime/2.3.4/5f3828d3a345ff3d8acb83f07ba04eccf59e15bb/jaxb-runtime-2.3.4.jar:/home/razor/.gradle/caches/modules-2/files-2.1/jakarta.xml.bind/jakarta.xml.bind-api/2.3.3/48e3b9cfc10752fba3521d6511f4165bea951801/jakarta.xml.bind-api-2.3.3.jar:/home/razor/.gradle/caches/modules-2/files-2.1/org.assertj/assertj-core/3.19.0/f64cb5690b85e68d5e1e6c6152bfb6e3840a452d/assertj-core-3.19.0.jar:/home/razor/.gradle/caches/modules-2/files-2.1/org.hamcrest/hamcrest/2.2/1820c0968dba3a11a1b30669bb1f01978a91dedc/hamcrest-2.2.jar:/home/razor/.gradle/caches/modules-2/files-2.1/org.mockito/mockito-junit-jupiter/3.9.0/871745ab6af5a269411ea3c1f99ced82ed079436/mockito-junit-jupiter-3.9.0.jar:/home/razor/.gradle/caches/modules-2/files-2.1/org.junit.jupiter/junit-jupiter-params/5.7.2/685f832f8c54dd40100f646d61aca88ed9545421/junit-jupiter-params-5.7.2.jar:/home/razor/.gradle/caches/modules-2/files-2.1/org.junit.jupiter/junit-jupiter-engine/5.7.2/9415680a889f00b8205a094c5c487bc69dc7077d/junit-jupiter-engine-5.7.2.jar:/home/razor/.gradle/caches/modules-2/files-2.1/org.junit.jupiter/junit-jupiter-api/5.7.2/f4b4079732a9c537983324cfa4e46655f21d2c56/junit-jupiter-api-5.7.2.jar:/home/razor/.gradle/caches/modules-2/files-2.1/org.junit.platform/junit-platform-engine/1.7.2/2573770b46b8a199ed5f6b0f96fb99e468bfe891/junit-platform-engine-1.7.2.jar:/home/razor/.gradle/caches/modules-2/files-2.1/org.junit.platform/junit-platform-commons/1.7.2/34adfea6c13fc4a996cf38cdad80800ce850d198/junit-platform-commons-1.7.2.jar:/home/razor/.gradle/caches/modules-2/files-2.1/org.junit.jupiter/junit-jupiter/5.7.2/62faa742964a9d8dab8fdb4a0eab7b01441c171f/junit-jupiter-5.7.2.jar:/home/razor/.gradle/caches/modules-2/files-2.1/org.mockito/mockito-core/3.9.0/b7573430aea743b26434b44f4f46272af613e660/mockito-core-3.9.0.jar:/home/razor/.gradle/caches/modules-2/files-2.1/org.skyscreamer/jsonassert/1.5.0/6c9d5fe2f59da598d9aefc1cfc6528ff3cf32df3/jsonassert-1.5.0.jar:/home/razor/.gradle/caches/modules-2/files-2.1/org.xmlunit/xmlunit-core/2.8.2/8e4e46b87afaaf9b6cfb8de778e473cf7aeb087f/xmlunit-core-2.8.2.jar:/home/razor/.gradle/caches/modules-2/files-2.1/org.aspectj/aspectjweaver/1.9.6/ee3b73aa16df35179255f17354d9dfd8e7822835/aspectjweaver-1.9.6.jar:/home/razor/.gradle/caches/modules-2/files-2.1/com.zaxxer/HikariCP/4.0.3/107cbdf0db6780a065f895ae9d8fbf3bb0e1c21f/HikariCP-4.0.3.jar:/home/razor/.gradle/caches/modules-2/files-2.1/org.hibernate.common/hibernate-commons-annotations/5.1.2.Final/e59ffdbc6ad09eeb33507b39ffcf287679a498c8/hibernate-commons-annotations-5.1.2.Final.jar:/home/razor/.gradle/caches/modules-2/files-2.1/org.jboss.logging/jboss-logging/3.4.2.Final/e517b8a93dd9962ed5481345e4d262fdd47c4217/jboss-logging-3.4.2.Final.jar:/home/razor/.gradle/caches/modules-2/files-2.1/org.javassist/javassist/3.27.0-GA/f63e6aa899e15eca8fdaa402a79af4c417252213/javassist-3.27.0-GA.jar:/home/razor/.gradle/caches/modules-2/files-2.1/net.bytebuddy/byte-buddy/1.10.22/ef45d7e2cd1c600d279704f492ed5ce2ceb6cdb5/byte-buddy-1.10.22.jar:/home/razor/.gradle/caches/modules-2/files-2.1/antlr/antlr/2.7.7/83cd2cd674a217ade95a4bb83a8a14f351f48bd0/antlr-2.7.7.jar:/home/razor/.gradle/caches/modules-2/files-2.1/org.jboss/jandex/2.2.3.Final/d3865101f0666b63586683bd811d754517f331ab/jandex-2.2.3.Final.jar:/home/razor/.gradle/caches/modules-2/files-2.1/com.fasterxml/classmate/1.5.1/3fe0bed568c62df5e89f4f174c101eab25345b6c/classmate-1.5.1.jar:/home/razor/.gradle/caches/modules-2/files-2.1/org.dom4j/dom4j/2.1.3/a75914155a9f5808963170ec20653668a2ffd2fd/dom4j-2.1.3.jar:/home/razor/.gradle/caches/modules-2/files-2.1/ch.qos.logback/logback-classic/1.2.3/7c4f3c474fb2c041d8028740440937705ebb473a/logback-classic-1.2.3.jar:/home/razor/.gradle/caches/modules-2/files-2.1/org.apache.logging.log4j/log4j-to-slf4j/2.14.1/ce8a86a3f50a4304749828ce68e7478cafbc8039/log4j-to-slf4j-2.14.1.jar:/home/razor/.gradle/caches/modules-2/files-2.1/org.slf4j/jul-to-slf4j/1.7.31/f9ff62d83a25a94c1619de06d4015e2797bc849c/jul-to-slf4j-1.7.31.jar:/home/razor/.gradle/caches/modules-2/files-2.1/org.slf4j/slf4j-api/1.7.31/9545c9cb71de4c18d97a91e32ef0be6f3f6661b7/slf4j-api-1.7.31.jar:/home/razor/.gradle/caches/modules-2/files-2.1/org.springframework/spring-jcl/5.3.8/a143c8618eb2be8674c3cf132d9a5c953bb5488/spring-jcl-5.3.8.jar:/home/razor/.gradle/caches/modules-2/files-2.1/net.minidev/json-smart/2.4.7/8d7f4c1530c07c54930935f3da85f48b83b3c109/json-smart-2.4.7.jar:/home/razor/.gradle/caches/modules-2/files-2.1/jakarta.activation/jakarta.activation-api/1.2.2/99f53adba383cb1bf7c3862844488574b559621f/jakarta.activation-api-1.2.2.jar:/home/razor/.gradle/caches/modules-2/files-2.1/net.bytebuddy/byte-buddy-agent/1.10.22/b01df6b71a882b9fde5a608a26e641cd399a4d83/byte-buddy-agent-1.10.22.jar:/home/razor/.gradle/caches/modules-2/files-2.1/org.objenesis/objenesis/3.2/7fadf57620c8b8abdf7519533e5527367cb51f09/objenesis-3.2.jar:/home/razor/.gradle/caches/modules-2/files-2.1/com.vaadin.external.google/android-json/0.0.20131108.vaadin1/fa26d351fe62a6a17f5cda1287c1c6110dec413f/android-json-0.0.20131108.vaadin1.jar:/home/razor/.gradle/caches/modules-2/files-2.1/org.glassfish.jaxb/txw2/2.3.4/257fa649d3137a1060d222aefb96b7d1dd5f1286/txw2-2.3.4.jar:/home/razor/.gradle/caches/modules-2/files-2.1/com.sun.istack/istack-commons-runtime/3.0.12/cbbe1a62b0cc6c85972e99d52aaee350153dc530/istack-commons-runtime-3.0.12.jar:/home/razor/.gradle/caches/modules-2/files-2.1/com.sun.activation/jakarta.activation/1.2.2/74548703f9851017ce2f556066659438019e7eb5/jakarta.activation-1.2.2.jar:/home/razor/.gradle/caches/modules-2/files-2.1/ch.qos.logback/logback-core/1.2.3/864344400c3d4d92dfeb0a305dc87d953677c03c/logback-core-1.2.3.jar:/home/razor/.gradle/caches/modules-2/files-2.1/org.apache.logging.log4j/log4j-api/2.14.1/cd8858fbbde69f46bce8db1152c18a43328aae78/log4j-api-2.14.1.jar:/home/razor/.gradle/caches/modules-2/files-2.1/net.minidev/accessors-smart/2.4.7/3970cfc505e6657ca60f3aa57c849f6043000d7a/accessors-smart-2.4.7.jar:/home/razor/.gradle/caches/modules-2/files-2.1/org.apiguardian/apiguardian-api/1.1.0/fc9dff4bb36d627bdc553de77e1f17efd790876c/apiguardian-api-1.1.0.jar:/home/razor/.gradle/caches/modules-2/files-2.1/org.opentest4j/opentest4j/1.2.0/28c11eb91f9b6d8e200631d46e20a7f407f2a046/opentest4j-1.2.0.jar:/home/razor/.gradle/caches/modules-2/files-2.1/org.ow2.asm/asm/9.1/a99500cf6eea30535eeac6be73899d048f8d12a8/asm-9.1.jar, java.vm.vendor=Private Build, sun.arch.data.model=64, user.variant=, java.vendor.url=Unknown, user.timezone=Europe/Minsk, java.vm.specification.version=13, os.name=Linux, hibernate.generate_statistics=true, javax.persistence.validation.mode=AUTO, user.country=US, sun.java.launcher=SUN_STANDARD, sun.boot.library.path=/usr/lib/jvm/java-13-openjdk-amd64/lib, sun.java.command=worker.org.gradle.process.internal.worker.GradleWorkerMain 'Gradle Test Executor 3', javax.persistence.nonJtaDataSource=org.springframework.jdbc.datasource.DriverManagerDataSource@4eae449f, javax.persistence.sharedCache.mode=UNSPECIFIED, jdk.debug=release, sun.cpu.endian=little, user.home=/home/razor, user.language=en, java.specification.vendor=Oracle Corporation, org.gradle.native=false, java.version.date=2021-04-20, java.home=/usr/lib/jvm/java-13-openjdk-amd64, file.separator=/, java.vm.compressedOopsMode=32-bit, line.separator=
, java.vm.specification.vendor=Oracle Corporation, java.specification.name=Java Platform API Specification, hibernate.transaction.coordinator_class=class org.hibernate.resource.transaction.backend.jdbc.internal.JdbcResourceLocalTransactionCoordinatorBuilderImpl, hibernate.hbm2ddl.auto=update, sun.management.compiler=HotSpot 64-Bit Tiered Compilers, java.runtime.version=13.0.7+5-Ubuntu-0ubuntu120.04, user.name=razor, path.separator=:, os.version=5.4.0-89-generic, java.runtime.name=OpenJDK Runtime Environment, file.encoding=UTF-8, hibernate.ejb.persistenceUnitName=default, java.vm.name=OpenJDK 64-Bit Server VM, hibernate.show_sql=true, java.vendor.url.bug=Unknown, java.io.tmpdir=/tmp, java.version=13.0.7, user.dir=/home/razor/Lab/task3/ThirdModule/dao, os.arch=amd64, java.vm.specification.name=Java Virtual Machine Specification, org.gradle.internal.worker.tmpdir=/home/razor/Lab/task3/ThirdModule/dao/build/tmp/test/work, hibernate.boot.CfgXmlAccessService.key=org.hibernate.boot.registry.StandardServiceRegistryBuilder$1@e280902, java.library.path=/usr/java/packages/lib:/usr/lib/x86_64-linux-gnu/jni:/lib/x86_64-linux-gnu:/usr/lib/x86_64-linux-gnu:/usr/lib/jni:/lib:/usr/lib, java.vendor=Private Build, java.vm.info=mixed mode, java.vm.version=13.0.7+5-Ubuntu-0ubuntu120.04, hibernate.bytecode.use_reflection_optimizer=false, sun.io.unicode.encoding=UnicodeLittle, hibernate.connection.datasource=org.springframework.jdbc.datasource.DriverManagerDataSource@4eae449f, java.class.version=57.0}
02:20:24.501 [Test worker] DEBUG org.hibernate.secure.spi.JaccIntegrator - Skipping JACC integration as it was not enabled
02:20:24.502 [Test worker] DEBUG org.hibernate.internal.SessionFactoryImpl - Instantiated session factory
02:20:24.503 [Test worker] DEBUG org.hibernate.type.spi.TypeConfiguration$Scope - Scoping TypeConfiguration [org.hibernate.type.spi.TypeConfiguration@4b65788b] to SessionFactoryImpl [org.hibernate.internal.SessionFactoryImpl@6a75fc47]
02:20:24.548 [Test worker] DEBUG org.hibernate.boot.internal.ClassLoaderAccessImpl - Not known whether passed class name [com.epam.esm.model.entity.CertificateEntity] is safe
02:20:24.549 [Test worker] DEBUG org.hibernate.boot.internal.ClassLoaderAccessImpl - No temp ClassLoader provided; using live ClassLoader for loading potentially unsafe class : com.epam.esm.model.entity.CertificateEntity
02:20:24.700 [Test worker] DEBUG org.hibernate.boot.internal.ClassLoaderAccessImpl - Not known whether passed class name [com.epam.esm.model.entity.TagEntity] is safe
02:20:24.700 [Test worker] DEBUG org.hibernate.boot.internal.ClassLoaderAccessImpl - No temp ClassLoader provided; using live ClassLoader for loading potentially unsafe class : com.epam.esm.model.entity.TagEntity
02:20:24.709 [Test worker] DEBUG org.hibernate.boot.internal.ClassLoaderAccessImpl - Not known whether passed class name [com.epam.esm.model.entity.UserEntity] is safe
02:20:24.709 [Test worker] DEBUG org.hibernate.boot.internal.ClassLoaderAccessImpl - No temp ClassLoader provided; using live ClassLoader for loading potentially unsafe class : com.epam.esm.model.entity.UserEntity
02:20:24.720 [Test worker] DEBUG org.hibernate.boot.internal.ClassLoaderAccessImpl - Not known whether passed class name [com.epam.esm.model.entity.OrderEntity] is safe
02:20:24.720 [Test worker] DEBUG org.hibernate.boot.internal.ClassLoaderAccessImpl - No temp ClassLoader provided; using live ClassLoader for loading potentially unsafe class : com.epam.esm.model.entity.OrderEntity
02:20:24.740 [Test worker] DEBUG org.hibernate.persister.collection.AbstractCollectionPersister - Static SQL for collection: com.epam.esm.model.entity.OrderEntity.certificateEntities
02:20:24.740 [Test worker] DEBUG org.hibernate.persister.collection.AbstractCollectionPersister -  Row insert: insert into OrderEntity_CertificateEntity (OrderEntity_id, certificateEntities_id) values (?, ?)
02:20:24.740 [Test worker] DEBUG org.hibernate.persister.collection.AbstractCollectionPersister -  Row update: update OrderEntity_CertificateEntity set certificateEntities_id=? where OrderEntity_id=? and certificateEntities_id=?
02:20:24.740 [Test worker] DEBUG org.hibernate.persister.collection.AbstractCollectionPersister -  Row delete: delete from OrderEntity_CertificateEntity where OrderEntity_id=? and certificateEntities_id=?
02:20:24.740 [Test worker] DEBUG org.hibernate.persister.collection.AbstractCollectionPersister -  One-shot delete: delete from OrderEntity_CertificateEntity where OrderEntity_id=?
02:20:24.740 [Test worker] DEBUG org.hibernate.persister.collection.AbstractCollectionPersister - Static SQL for collection: com.epam.esm.model.entity.CertificateEntity.tagEntities
02:20:24.740 [Test worker] DEBUG org.hibernate.persister.collection.AbstractCollectionPersister -  Row insert: insert into CertificateEntity_TagEntity (CertificateEntity_id, tagEntities_id) values (?, ?)
02:20:24.741 [Test worker] DEBUG org.hibernate.persister.collection.AbstractCollectionPersister -  Row update: update CertificateEntity_TagEntity set tagEntities_id=? where CertificateEntity_id=? and tagEntities_id=?
02:20:24.741 [Test worker] DEBUG org.hibernate.persister.collection.AbstractCollectionPersister -  Row delete: delete from CertificateEntity_TagEntity where CertificateEntity_id=? and tagEntities_id=?
02:20:24.741 [Test worker] DEBUG org.hibernate.persister.collection.AbstractCollectionPersister -  One-shot delete: delete from CertificateEntity_TagEntity where CertificateEntity_id=?
02:20:24.742 [Test worker] DEBUG org.hibernate.persister.collection.AbstractCollectionPersister - Static SQL for collection: com.epam.esm.model.entity.UserEntity.orderEntities
02:20:24.742 [Test worker] DEBUG org.hibernate.persister.collection.AbstractCollectionPersister -  Row insert: update OrderEntity set owner_id=? where id=?
02:20:24.742 [Test worker] DEBUG org.hibernate.persister.collection.AbstractCollectionPersister -  Row update: update OrderEntity set  where id=?
02:20:24.742 [Test worker] DEBUG org.hibernate.persister.collection.AbstractCollectionPersister -  Row delete: update OrderEntity set owner_id=null where owner_id=? and id=?
02:20:24.742 [Test worker] DEBUG org.hibernate.persister.collection.AbstractCollectionPersister -  One-shot delete: update OrderEntity set owner_id=null where owner_id=?
02:20:24.746 [Test worker] DEBUG org.hibernate.persister.entity.AbstractEntityPersister - Static SQL for entity: com.epam.esm.model.entity.CertificateEntity
02:20:24.746 [Test worker] DEBUG org.hibernate.persister.entity.AbstractEntityPersister -  Version select: select id from CertificateEntity where id =?
02:20:24.747 [Test worker] DEBUG org.hibernate.persister.entity.AbstractEntityPersister -  Snapshot select: select certificat_.id, certificat_.createDate as createda2_0_, certificat_.description as descript3_0_, certificat_.duration as duration4_0_, certificat_.lastUpdateDate as lastupda5_0_, certificat_.name as name6_0_, certificat_.price as price7_0_ from CertificateEntity certificat_ where certificat_.id=?
02:20:24.747 [Test worker] DEBUG org.hibernate.persister.entity.AbstractEntityPersister -  Insert 0: insert into CertificateEntity (createDate, description, duration, lastUpdateDate, name, price, id) values (?, ?, ?, ?, ?, ?, ?)
02:20:24.747 [Test worker] DEBUG org.hibernate.persister.entity.AbstractEntityPersister -  Update 0: update CertificateEntity set createDate=?, description=?, duration=?, lastUpdateDate=?, name=?, price=? where id=?
02:20:24.747 [Test worker] DEBUG org.hibernate.persister.entity.AbstractEntityPersister -  Delete 0: delete from CertificateEntity where id=?
02:20:24.747 [Test worker] DEBUG org.hibernate.persister.entity.AbstractEntityPersister -  Identity insert: insert into CertificateEntity (id, createDate, description, duration, lastUpdateDate, name, price) values (null, ?, ?, ?, ?, ?, ?)
02:20:24.769 [Test worker] DEBUG org.hibernate.loader.plan.build.internal.spaces.QuerySpacesImpl - Adding QuerySpace : uid = <gen:0> -> org.hibernate.loader.plan.build.internal.spaces.EntityQuerySpaceImpl@4199e89f]
02:20:24.770 [Test worker] DEBUG org.hibernate.persister.walking.spi.MetamodelGraphWalker - Visiting attribute path : createDate
02:20:24.770 [Test worker] DEBUG org.hibernate.persister.walking.spi.MetamodelGraphWalker - Visiting attribute path : description
02:20:24.770 [Test worker] DEBUG org.hibernate.persister.walking.spi.MetamodelGraphWalker - Visiting attribute path : duration
02:20:24.770 [Test worker] DEBUG org.hibernate.persister.walking.spi.MetamodelGraphWalker - Visiting attribute path : lastUpdateDate
02:20:24.771 [Test worker] DEBUG org.hibernate.persister.walking.spi.MetamodelGraphWalker - Visiting attribute path : name
02:20:24.771 [Test worker] DEBUG org.hibernate.persister.walking.spi.MetamodelGraphWalker - Visiting attribute path : price
02:20:24.771 [Test worker] DEBUG org.hibernate.persister.walking.spi.MetamodelGraphWalker - Visiting attribute path : tagEntities
02:20:24.774 [Test worker] DEBUG org.hibernate.loader.plan.build.internal.spaces.QuerySpacesImpl - Adding QuerySpace : uid = <gen:1> -> org.hibernate.loader.plan.build.internal.spaces.CollectionQuerySpaceImpl@2076e894]
02:20:24.778 [Test worker] DEBUG org.hibernate.loader.plan.build.internal.spaces.QuerySpacesImpl - Adding QuerySpace : uid = <gen:2> -> org.hibernate.loader.plan.build.internal.spaces.EntityQuerySpaceImpl@7f881a62]
02:20:24.779 [Test worker] DEBUG org.hibernate.persister.walking.spi.MetamodelGraphWalker - Visiting attribute path : tagEntities.name
02:20:24.779 [Test worker] DEBUG org.hibernate.loader.plan.build.internal.FetchStyleLoadPlanBuildingAssociationVisitationStrategy - Building LoadPlan...
02:20:24.788 [Test worker] DEBUG org.hibernate.loader.plan.exec.internal.LoadQueryJoinAndFetchProcessor - processing queryspace <gen:0>
02:20:24.795 [Test worker] DEBUG org.hibernate.loader.plan.build.spi.LoadPlanTreePrinter - LoadPlan(entity=com.epam.esm.model.entity.CertificateEntity)
    - Returns
       - EntityReturnImpl(entity=com.epam.esm.model.entity.CertificateEntity, querySpaceUid=<gen:0>, path=com.epam.esm.model.entity.CertificateEntity)
          - CollectionAttributeFetchImpl(collection=com.epam.esm.model.entity.CertificateEntity.tagEntities, querySpaceUid=<gen:1>, path=com.epam.esm.model.entity.CertificateEntity.tagEntities)
             - (collection element) CollectionFetchableElementEntityGraph(entity=com.epam.esm.model.entity.TagEntity, querySpaceUid=<gen:2>, path=com.epam.esm.model.entity.CertificateEntity.tagEntities.<elements>)
    - QuerySpaces
       - EntityQuerySpaceImpl(uid=<gen:0>, entity=com.epam.esm.model.entity.CertificateEntity)
          - SQL table alias mapping - certificat0_
          - alias suffix - 0_
          - suffixed key columns - {id1_0_0_}
          - JOIN (JoinDefinedByMetadata(tagEntities)) : <gen:0> -> <gen:1>
             - CollectionQuerySpaceImpl(uid=<gen:1>, collection=com.epam.esm.model.entity.CertificateEntity.tagEntities)
                - SQL table alias mapping - tagentitie1_
                - alias suffix - 1_
                - suffixed key columns - {certific1_1_1_}
                - entity-element alias suffix - 2_
                - 2_entity-element suffixed key columns - id1_4_2_
                - JOIN (JoinDefinedByMetadata(elements)) : <gen:1> -> <gen:2>
                   - EntityQuerySpaceImpl(uid=<gen:2>, entity=com.epam.esm.model.entity.TagEntity)
                      - SQL table alias mapping - tagentity2_
                      - alias suffix - 2_
                      - suffixed key columns - {id1_4_2_}

02:20:24.797 [Test worker] DEBUG org.hibernate.loader.entity.plan.EntityLoader - Static select for entity com.epam.esm.model.entity.CertificateEntity [NONE]: select certificat0_.id as id1_0_0_, certificat0_.createDate as createda2_0_0_, certificat0_.description as descript3_0_0_, certificat0_.duration as duration4_0_0_, certificat0_.lastUpdateDate as lastupda5_0_0_, certificat0_.name as name6_0_0_, certificat0_.price as price7_0_0_, tagentitie1_.CertificateEntity_id as certific1_1_1_, tagentity2_.id as tagentit2_1_1_, tagentity2_.id as id1_4_2_, tagentity2_.name as name2_4_2_ from CertificateEntity certificat0_ left outer join CertificateEntity_TagEntity tagentitie1_ on certificat0_.id=tagentitie1_.CertificateEntity_id left outer join TagEntity tagentity2_ on tagentitie1_.tagEntities_id=tagentity2_.id where certificat0_.id=?
02:20:24.798 [Test worker] DEBUG org.hibernate.persister.entity.AbstractEntityPersister - Static SQL for entity: com.epam.esm.model.entity.TagEntity
02:20:24.798 [Test worker] DEBUG org.hibernate.persister.entity.AbstractEntityPersister -  Version select: select id from TagEntity where id =?
02:20:24.798 [Test worker] DEBUG org.hibernate.persister.entity.AbstractEntityPersister -  Snapshot select: select tagentity_.id, tagentity_.name as name2_4_ from TagEntity tagentity_ where tagentity_.id=?
02:20:24.798 [Test worker] DEBUG org.hibernate.persister.entity.AbstractEntityPersister -  Insert 0: insert into TagEntity (name, id) values (?, ?)
02:20:24.798 [Test worker] DEBUG org.hibernate.persister.entity.AbstractEntityPersister -  Update 0: update TagEntity set name=? where id=?
02:20:24.798 [Test worker] DEBUG org.hibernate.persister.entity.AbstractEntityPersister -  Delete 0: delete from TagEntity where id=?
02:20:24.798 [Test worker] DEBUG org.hibernate.persister.entity.AbstractEntityPersister -  Identity insert: insert into TagEntity (id, name) values (null, ?)
02:20:24.798 [Test worker] DEBUG org.hibernate.loader.plan.build.internal.spaces.QuerySpacesImpl - Adding QuerySpace : uid = <gen:0> -> org.hibernate.loader.plan.build.internal.spaces.EntityQuerySpaceImpl@57c6aa92]
02:20:24.798 [Test worker] DEBUG org.hibernate.persister.walking.spi.MetamodelGraphWalker - Visiting attribute path : name
02:20:24.798 [Test worker] DEBUG org.hibernate.loader.plan.build.internal.FetchStyleLoadPlanBuildingAssociationVisitationStrategy - Building LoadPlan...
02:20:24.799 [Test worker] DEBUG org.hibernate.loader.plan.exec.internal.LoadQueryJoinAndFetchProcessor - processing queryspace <gen:0>
02:20:24.799 [Test worker] DEBUG org.hibernate.loader.plan.build.spi.LoadPlanTreePrinter - LoadPlan(entity=com.epam.esm.model.entity.TagEntity)
    - Returns
       - EntityReturnImpl(entity=com.epam.esm.model.entity.TagEntity, querySpaceUid=<gen:0>, path=com.epam.esm.model.entity.TagEntity)
    - QuerySpaces
       - EntityQuerySpaceImpl(uid=<gen:0>, entity=com.epam.esm.model.entity.TagEntity)
          - SQL table alias mapping - tagentity0_
          - alias suffix - 0_
          - suffixed key columns - {id1_4_0_}

02:20:24.799 [Test worker] DEBUG org.hibernate.loader.entity.plan.EntityLoader - Static select for entity com.epam.esm.model.entity.TagEntity [NONE]: select tagentity0_.id as id1_4_0_, tagentity0_.name as name2_4_0_ from TagEntity tagentity0_ where tagentity0_.id=?
02:20:24.799 [Test worker] DEBUG org.hibernate.persister.entity.AbstractEntityPersister - Static SQL for entity: com.epam.esm.model.entity.UserEntity
02:20:24.800 [Test worker] DEBUG org.hibernate.persister.entity.AbstractEntityPersister -  Version select: select id from UserEntity where id =?
02:20:24.800 [Test worker] DEBUG org.hibernate.persister.entity.AbstractEntityPersister -  Snapshot select: select userentity_.id, userentity_.username as username2_5_ from UserEntity userentity_ where userentity_.id=?
02:20:24.800 [Test worker] DEBUG org.hibernate.persister.entity.AbstractEntityPersister -  Insert 0: insert into UserEntity (username, id) values (?, ?)
02:20:24.800 [Test worker] DEBUG org.hibernate.persister.entity.AbstractEntityPersister -  Update 0: update UserEntity set username=? where id=?
02:20:24.800 [Test worker] DEBUG org.hibernate.persister.entity.AbstractEntityPersister -  Delete 0: delete from UserEntity where id=?
02:20:24.800 [Test worker] DEBUG org.hibernate.persister.entity.AbstractEntityPersister -  Identity insert: insert into UserEntity (id, username) values (null, ?)
02:20:24.800 [Test worker] DEBUG org.hibernate.loader.plan.build.internal.spaces.QuerySpacesImpl - Adding QuerySpace : uid = <gen:0> -> org.hibernate.loader.plan.build.internal.spaces.EntityQuerySpaceImpl@2cbd7227]
02:20:24.800 [Test worker] DEBUG org.hibernate.persister.walking.spi.MetamodelGraphWalker - Visiting attribute path : orderEntities
02:20:24.800 [Test worker] DEBUG org.hibernate.loader.plan.build.internal.spaces.QuerySpacesImpl - Adding QuerySpace : uid = <gen:1> -> org.hibernate.loader.plan.build.internal.spaces.CollectionQuerySpaceImpl@22dcade]
02:20:24.800 [Test worker] DEBUG org.hibernate.loader.plan.build.internal.spaces.QuerySpacesImpl - Adding QuerySpace : uid = <gen:2> -> org.hibernate.loader.plan.build.internal.spaces.EntityQuerySpaceImpl@18eaddd1]
02:20:24.801 [Test worker] DEBUG org.hibernate.persister.walking.spi.MetamodelGraphWalker - Visiting attribute path : orderEntities.certificateEntities
02:20:24.801 [Test worker] DEBUG org.hibernate.loader.plan.build.internal.spaces.QuerySpacesImpl - Adding QuerySpace : uid = <gen:3> -> org.hibernate.loader.plan.build.internal.spaces.CollectionQuerySpaceImpl@38b3c05a]
02:20:24.801 [Test worker] DEBUG org.hibernate.loader.plan.build.internal.spaces.QuerySpacesImpl - Adding QuerySpace : uid = <gen:4> -> org.hibernate.loader.plan.build.internal.spaces.EntityQuerySpaceImpl@76f996c8]
02:20:24.801 [Test worker] DEBUG org.hibernate.persister.walking.spi.MetamodelGraphWalker - Visiting attribute path : orderEntities.owner
02:20:24.801 [Test worker] DEBUG org.hibernate.persister.walking.spi.MetamodelGraphWalker - Property path deemed to be circular : orderEntities.owner
02:20:24.802 [Test worker] DEBUG org.hibernate.persister.walking.spi.MetamodelGraphWalker - Visiting attribute path : orderEntities.purchaseDate
02:20:24.802 [Test worker] DEBUG org.hibernate.persister.walking.spi.MetamodelGraphWalker - Visiting attribute path : orderEntities.summary
02:20:24.802 [Test worker] DEBUG org.hibernate.persister.walking.spi.MetamodelGraphWalker - Visiting attribute path : username
02:20:24.802 [Test worker] DEBUG org.hibernate.loader.plan.build.internal.FetchStyleLoadPlanBuildingAssociationVisitationStrategy - Building LoadPlan...
02:20:24.802 [Test worker] DEBUG org.hibernate.loader.plan.exec.internal.LoadQueryJoinAndFetchProcessor - processing queryspace <gen:0>
02:20:24.803 [Test worker] DEBUG org.hibernate.loader.plan.build.spi.LoadPlanTreePrinter - LoadPlan(entity=com.epam.esm.model.entity.UserEntity)
    - Returns
       - EntityReturnImpl(entity=com.epam.esm.model.entity.UserEntity, querySpaceUid=<gen:0>, path=com.epam.esm.model.entity.UserEntity)
          - CollectionAttributeFetchImpl(collection=com.epam.esm.model.entity.UserEntity.orderEntities, querySpaceUid=<gen:1>, path=com.epam.esm.model.entity.UserEntity.orderEntities)
             - (collection element) CollectionFetchableElementEntityGraph(entity=com.epam.esm.model.entity.OrderEntity, querySpaceUid=<gen:2>, path=com.epam.esm.model.entity.UserEntity.orderEntities.<elements>)
                - CollectionAttributeFetchImpl(collection=com.epam.esm.model.entity.OrderEntity.certificateEntities, querySpaceUid=<gen:3>, path=com.epam.esm.model.entity.UserEntity.orderEntities.<elements>.certificateEntities)
                   - (collection element) CollectionFetchableElementEntityGraph(entity=com.epam.esm.model.entity.CertificateEntity, querySpaceUid=<gen:4>, path=com.epam.esm.model.entity.UserEntity.orderEntities.<elements>.certificateEntities.<elements>)
    - QuerySpaces
       - EntityQuerySpaceImpl(uid=<gen:0>, entity=com.epam.esm.model.entity.UserEntity)
          - SQL table alias mapping - userentity0_
          - alias suffix - 0_
          - suffixed key columns - {id1_5_0_}
          - JOIN (JoinDefinedByMetadata(orderEntities)) : <gen:0> -> <gen:1>
             - CollectionQuerySpaceImpl(uid=<gen:1>, collection=com.epam.esm.model.entity.UserEntity.orderEntities)
                - SQL table alias mapping - orderentit1_
                - alias suffix - 1_
                - suffixed key columns - {owner_id4_2_1_}
                - entity-element alias suffix - 2_
                - 2_entity-element suffixed key columns - id1_2_2_
                - JOIN (JoinDefinedByMetadata(elements)) : <gen:1> -> <gen:2>
                   - EntityQuerySpaceImpl(uid=<gen:2>, entity=com.epam.esm.model.entity.OrderEntity)
                      - SQL table alias mapping - orderentit1_
                      - alias suffix - 2_
                      - suffixed key columns - {id1_2_2_}

02:20:24.803 [Test worker] DEBUG org.hibernate.loader.entity.plan.EntityLoader - Static select for entity com.epam.esm.model.entity.UserEntity [NONE]: select userentity0_.id as id1_5_0_, userentity0_.username as username2_5_0_, orderentit1_.owner_id as owner_id4_2_1_, orderentit1_.id as id1_2_1_, orderentit1_.id as id1_2_2_, orderentit1_.owner_id as owner_id4_2_2_, orderentit1_.purchaseDate as purchase2_2_2_, orderentit1_.summary as summary3_2_2_ from UserEntity userentity0_ left outer join OrderEntity orderentit1_ on userentity0_.id=orderentit1_.owner_id where userentity0_.id=?
02:20:24.804 [Test worker] DEBUG org.hibernate.persister.entity.AbstractEntityPersister - Static SQL for entity: com.epam.esm.model.entity.OrderEntity
02:20:24.804 [Test worker] DEBUG org.hibernate.persister.entity.AbstractEntityPersister -  Version select: select id from OrderEntity where id =?
02:20:24.804 [Test worker] DEBUG org.hibernate.persister.entity.AbstractEntityPersister -  Snapshot select: select orderentit_.id, orderentit_.owner_id as owner_id4_2_, orderentit_.purchaseDate as purchase2_2_, orderentit_.summary as summary3_2_ from OrderEntity orderentit_ where orderentit_.id=?
02:20:24.804 [Test worker] DEBUG org.hibernate.persister.entity.AbstractEntityPersister -  Insert 0: insert into OrderEntity (owner_id, purchaseDate, summary, id) values (?, ?, ?, ?)
02:20:24.804 [Test worker] DEBUG org.hibernate.persister.entity.AbstractEntityPersister -  Update 0: update OrderEntity set owner_id=?, purchaseDate=?, summary=? where id=?
02:20:24.804 [Test worker] DEBUG org.hibernate.persister.entity.AbstractEntityPersister -  Delete 0: delete from OrderEntity where id=?
02:20:24.804 [Test worker] DEBUG org.hibernate.persister.entity.AbstractEntityPersister -  Identity insert: insert into OrderEntity (id, owner_id, purchaseDate, summary) values (null, ?, ?, ?)
02:20:24.804 [Test worker] DEBUG org.hibernate.loader.plan.build.internal.spaces.QuerySpacesImpl - Adding QuerySpace : uid = <gen:0> -> org.hibernate.loader.plan.build.internal.spaces.EntityQuerySpaceImpl@135438a6]
02:20:24.804 [Test worker] DEBUG org.hibernate.persister.walking.spi.MetamodelGraphWalker - Visiting attribute path : certificateEntities
02:20:24.804 [Test worker] DEBUG org.hibernate.loader.plan.build.internal.spaces.QuerySpacesImpl - Adding QuerySpace : uid = <gen:1> -> org.hibernate.loader.plan.build.internal.spaces.CollectionQuerySpaceImpl@80662b1]
02:20:24.804 [Test worker] DEBUG org.hibernate.loader.plan.build.internal.spaces.QuerySpacesImpl - Adding QuerySpace : uid = <gen:2> -> org.hibernate.loader.plan.build.internal.spaces.EntityQuerySpaceImpl@435ee24f]
02:20:24.805 [Test worker] DEBUG org.hibernate.persister.walking.spi.MetamodelGraphWalker - Visiting attribute path : owner
02:20:24.805 [Test worker] DEBUG org.hibernate.loader.plan.build.internal.spaces.QuerySpacesImpl - Adding QuerySpace : uid = <gen:3> -> org.hibernate.loader.plan.build.internal.spaces.EntityQuerySpaceImpl@71fd638a]
02:20:24.805 [Test worker] DEBUG org.hibernate.persister.walking.spi.MetamodelGraphWalker - Visiting attribute path : owner.orderEntities
02:20:24.805 [Test worker] DEBUG org.hibernate.persister.walking.spi.MetamodelGraphWalker - Property path deemed to be circular : owner.orderEntities
02:20:24.806 [Test worker] DEBUG org.hibernate.persister.walking.spi.MetamodelGraphWalker - Visiting attribute path : owner.username
02:20:24.806 [Test worker] DEBUG org.hibernate.persister.walking.spi.MetamodelGraphWalker - Visiting attribute path : purchaseDate
02:20:24.806 [Test worker] DEBUG org.hibernate.persister.walking.spi.MetamodelGraphWalker - Visiting attribute path : summary
02:20:24.806 [Test worker] DEBUG org.hibernate.loader.plan.build.internal.FetchStyleLoadPlanBuildingAssociationVisitationStrategy - Building LoadPlan...
02:20:24.806 [Test worker] DEBUG org.hibernate.loader.plan.exec.internal.LoadQueryJoinAndFetchProcessor - processing queryspace <gen:0>
02:20:24.807 [Test worker] DEBUG org.hibernate.loader.plan.build.spi.LoadPlanTreePrinter - LoadPlan(entity=com.epam.esm.model.entity.OrderEntity)
    - Returns
       - EntityReturnImpl(entity=com.epam.esm.model.entity.OrderEntity, querySpaceUid=<gen:0>, path=com.epam.esm.model.entity.OrderEntity)
          - CollectionAttributeFetchImpl(collection=com.epam.esm.model.entity.OrderEntity.certificateEntities, querySpaceUid=<gen:1>, path=com.epam.esm.model.entity.OrderEntity.certificateEntities)
             - (collection element) CollectionFetchableElementEntityGraph(entity=com.epam.esm.model.entity.CertificateEntity, querySpaceUid=<gen:2>, path=com.epam.esm.model.entity.OrderEntity.certificateEntities.<elements>)
          - EntityAttributeFetchImpl(entity=com.epam.esm.model.entity.UserEntity, querySpaceUid=<gen:3>, path=com.epam.esm.model.entity.OrderEntity.owner)
    - QuerySpaces
       - EntityQuerySpaceImpl(uid=<gen:0>, entity=com.epam.esm.model.entity.OrderEntity)
          - SQL table alias mapping - orderentit0_
          - alias suffix - 0_
          - suffixed key columns - {id1_2_0_}
          - JOIN (JoinDefinedByMetadata(owner)) : <gen:0> -> <gen:3>
             - EntityQuerySpaceImpl(uid=<gen:3>, entity=com.epam.esm.model.entity.UserEntity)
                - SQL table alias mapping - userentity1_
                - alias suffix - 1_
                - suffixed key columns - {id1_5_1_}

02:20:24.807 [Test worker] DEBUG org.hibernate.loader.entity.plan.EntityLoader - Static select for entity com.epam.esm.model.entity.OrderEntity [NONE]: select orderentit0_.id as id1_2_0_, orderentit0_.owner_id as owner_id4_2_0_, orderentit0_.purchaseDate as purchase2_2_0_, orderentit0_.summary as summary3_2_0_, userentity1_.id as id1_5_1_, userentity1_.username as username2_5_1_ from OrderEntity orderentit0_ left outer join UserEntity userentity1_ on orderentit0_.owner_id=userentity1_.id where orderentit0_.id=?
02:20:24.811 [Test worker] DEBUG org.hibernate.loader.plan.build.internal.spaces.QuerySpacesImpl - Adding QuerySpace : uid = <gen:0> -> org.hibernate.loader.plan.build.internal.spaces.CollectionQuerySpaceImpl@766ad74c]
02:20:24.811 [Test worker] DEBUG org.hibernate.loader.plan.build.internal.spaces.QuerySpacesImpl - Adding QuerySpace : uid = <gen:1> -> org.hibernate.loader.plan.build.internal.spaces.EntityQuerySpaceImpl@70c97f9b]
02:20:24.812 [Test worker] DEBUG org.hibernate.persister.walking.spi.MetamodelGraphWalker - Visiting attribute path : createDate
02:20:24.812 [Test worker] DEBUG org.hibernate.persister.walking.spi.MetamodelGraphWalker - Visiting attribute path : description
02:20:24.812 [Test worker] DEBUG org.hibernate.persister.walking.spi.MetamodelGraphWalker - Visiting attribute path : duration
02:20:24.812 [Test worker] DEBUG org.hibernate.persister.walking.spi.MetamodelGraphWalker - Visiting attribute path : lastUpdateDate
02:20:24.812 [Test worker] DEBUG org.hibernate.persister.walking.spi.MetamodelGraphWalker - Visiting attribute path : name
02:20:24.812 [Test worker] DEBUG org.hibernate.persister.walking.spi.MetamodelGraphWalker - Visiting attribute path : price
02:20:24.812 [Test worker] DEBUG org.hibernate.persister.walking.spi.MetamodelGraphWalker - Visiting attribute path : tagEntities
02:20:24.812 [Test worker] DEBUG org.hibernate.loader.plan.build.internal.spaces.QuerySpacesImpl - Adding QuerySpace : uid = <gen:2> -> org.hibernate.loader.plan.build.internal.spaces.CollectionQuerySpaceImpl@72d46faa]
02:20:24.812 [Test worker] DEBUG org.hibernate.loader.plan.build.internal.spaces.QuerySpacesImpl - Adding QuerySpace : uid = <gen:3> -> org.hibernate.loader.plan.build.internal.spaces.EntityQuerySpaceImpl@49dae3cc]
02:20:24.812 [Test worker] DEBUG org.hibernate.loader.plan.build.internal.FetchStyleLoadPlanBuildingAssociationVisitationStrategy - Building LoadPlan...
02:20:24.814 [Test worker] DEBUG org.hibernate.loader.plan.exec.internal.LoadQueryJoinAndFetchProcessor - processing queryspace <gen:0>
02:20:24.814 [Test worker] DEBUG org.hibernate.loader.plan.build.spi.LoadPlanTreePrinter - LoadPlan(collection=com.epam.esm.model.entity.OrderEntity.certificateEntities)
    - Returns
       - CollectionReturnImpl(collection=com.epam.esm.model.entity.OrderEntity.certificateEntities, querySpaceUid=<gen:0>, path=[com.epam.esm.model.entity.OrderEntity.certificateEntities])
          - (collection element) CollectionFetchableElementEntityGraph(entity=com.epam.esm.model.entity.CertificateEntity, querySpaceUid=<gen:1>, path=[com.epam.esm.model.entity.OrderEntity.certificateEntities].<elements>)
             - CollectionAttributeFetchImpl(collection=com.epam.esm.model.entity.CertificateEntity.tagEntities, querySpaceUid=<gen:2>, path=[com.epam.esm.model.entity.OrderEntity.certificateEntities].<elements>.tagEntities)
                - (collection element) CollectionFetchableElementEntityGraph(entity=com.epam.esm.model.entity.TagEntity, querySpaceUid=<gen:3>, path=[com.epam.esm.model.entity.OrderEntity.certificateEntities].<elements>.tagEntities.<elements>)
    - QuerySpaces
       - CollectionQuerySpaceImpl(uid=<gen:0>, collection=com.epam.esm.model.entity.OrderEntity.certificateEntities)
          - SQL table alias mapping - certificat0_
          - alias suffix - 0_
          - suffixed key columns - {orderent1_3_0_}
          - entity-element alias suffix - 1_
          - 1_entity-element suffixed key columns - id1_0_1_
          - JOIN (JoinDefinedByMetadata(elements)) : <gen:0> -> <gen:1>
             - EntityQuerySpaceImpl(uid=<gen:1>, entity=com.epam.esm.model.entity.CertificateEntity)
                - SQL table alias mapping - certificat1_
                - alias suffix - 1_
                - suffixed key columns - {id1_0_1_}

02:20:24.815 [Test worker] DEBUG org.hibernate.loader.collection.plan.CollectionLoader - Static select for collection com.epam.esm.model.entity.OrderEntity.certificateEntities: select certificat0_.OrderEntity_id as orderent1_3_0_, certificat0_.certificateEntities_id as certific2_3_0_, certificat1_.id as id1_0_1_, certificat1_.createDate as createda2_0_1_, certificat1_.description as descript3_0_1_, certificat1_.duration as duration4_0_1_, certificat1_.lastUpdateDate as lastupda5_0_1_, certificat1_.name as name6_0_1_, certificat1_.price as price7_0_1_ from OrderEntity_CertificateEntity certificat0_ inner join CertificateEntity certificat1_ on certificat0_.certificateEntities_id=certificat1_.id where certificat0_.OrderEntity_id=?
02:20:24.815 [Test worker] DEBUG org.hibernate.loader.plan.build.internal.spaces.QuerySpacesImpl - Adding QuerySpace : uid = <gen:0> -> org.hibernate.loader.plan.build.internal.spaces.CollectionQuerySpaceImpl@3fd39c7e]
02:20:24.815 [Test worker] DEBUG org.hibernate.loader.plan.build.internal.spaces.QuerySpacesImpl - Adding QuerySpace : uid = <gen:1> -> org.hibernate.loader.plan.build.internal.spaces.EntityQuerySpaceImpl@508f69da]
02:20:24.815 [Test worker] DEBUG org.hibernate.persister.walking.spi.MetamodelGraphWalker - Visiting attribute path : name
02:20:24.816 [Test worker] DEBUG org.hibernate.loader.plan.build.internal.FetchStyleLoadPlanBuildingAssociationVisitationStrategy - Building LoadPlan...
02:20:24.816 [Test worker] DEBUG org.hibernate.loader.plan.exec.internal.LoadQueryJoinAndFetchProcessor - processing queryspace <gen:0>
02:20:24.816 [Test worker] DEBUG org.hibernate.loader.plan.build.spi.LoadPlanTreePrinter - LoadPlan(collection=com.epam.esm.model.entity.CertificateEntity.tagEntities)
    - Returns
       - CollectionReturnImpl(collection=com.epam.esm.model.entity.CertificateEntity.tagEntities, querySpaceUid=<gen:0>, path=[com.epam.esm.model.entity.CertificateEntity.tagEntities])
          - (collection element) CollectionFetchableElementEntityGraph(entity=com.epam.esm.model.entity.TagEntity, querySpaceUid=<gen:1>, path=[com.epam.esm.model.entity.CertificateEntity.tagEntities].<elements>)
    - QuerySpaces
       - CollectionQuerySpaceImpl(uid=<gen:0>, collection=com.epam.esm.model.entity.CertificateEntity.tagEntities)
          - SQL table alias mapping - tagentitie0_
          - alias suffix - 0_
          - suffixed key columns - {certific1_1_0_}
          - entity-element alias suffix - 1_
          - 1_entity-element suffixed key columns - id1_4_1_
          - JOIN (JoinDefinedByMetadata(elements)) : <gen:0> -> <gen:1>
             - EntityQuerySpaceImpl(uid=<gen:1>, entity=com.epam.esm.model.entity.TagEntity)
                - SQL table alias mapping - tagentity1_
                - alias suffix - 1_
                - suffixed key columns - {id1_4_1_}

02:20:24.817 [Test worker] DEBUG org.hibernate.loader.collection.plan.CollectionLoader - Static select for collection com.epam.esm.model.entity.CertificateEntity.tagEntities: select tagentitie0_.CertificateEntity_id as certific1_1_0_, tagentitie0_.tagEntities_id as tagentit2_1_0_, tagentity1_.id as id1_4_1_, tagentity1_.name as name2_4_1_ from CertificateEntity_TagEntity tagentitie0_ inner join TagEntity tagentity1_ on tagentitie0_.tagEntities_id=tagentity1_.id where tagentitie0_.CertificateEntity_id=?
02:20:24.817 [Test worker] DEBUG org.hibernate.loader.plan.build.internal.spaces.QuerySpacesImpl - Adding QuerySpace : uid = <gen:0> -> org.hibernate.loader.plan.build.internal.spaces.CollectionQuerySpaceImpl@6f29d60c]
02:20:24.817 [Test worker] DEBUG org.hibernate.loader.plan.build.internal.spaces.QuerySpacesImpl - Adding QuerySpace : uid = <gen:1> -> org.hibernate.loader.plan.build.internal.spaces.EntityQuerySpaceImpl@4443b38a]
02:20:24.817 [Test worker] DEBUG org.hibernate.persister.walking.spi.MetamodelGraphWalker - Visiting attribute path : certificateEntities
02:20:24.817 [Test worker] DEBUG org.hibernate.loader.plan.build.internal.spaces.QuerySpacesImpl - Adding QuerySpace : uid = <gen:2> -> org.hibernate.loader.plan.build.internal.spaces.CollectionQuerySpaceImpl@5921c697]
02:20:24.817 [Test worker] DEBUG org.hibernate.loader.plan.build.internal.spaces.QuerySpacesImpl - Adding QuerySpace : uid = <gen:3> -> org.hibernate.loader.plan.build.internal.spaces.EntityQuerySpaceImpl@a7e1da]
02:20:24.817 [Test worker] DEBUG org.hibernate.persister.walking.spi.MetamodelGraphWalker - Visiting attribute path : owner
02:20:24.817 [Test worker] DEBUG org.hibernate.persister.walking.spi.MetamodelGraphWalker - Property path deemed to be circular : owner
02:20:24.817 [Test worker] DEBUG org.hibernate.persister.walking.spi.MetamodelGraphWalker - Visiting attribute path : purchaseDate
02:20:24.817 [Test worker] DEBUG org.hibernate.persister.walking.spi.MetamodelGraphWalker - Visiting attribute path : summary
02:20:24.817 [Test worker] DEBUG org.hibernate.loader.plan.build.internal.FetchStyleLoadPlanBuildingAssociationVisitationStrategy - Building LoadPlan...
02:20:24.818 [Test worker] DEBUG org.hibernate.loader.plan.exec.internal.LoadQueryJoinAndFetchProcessor - processing queryspace <gen:0>
02:20:24.819 [Test worker] DEBUG org.hibernate.loader.plan.build.spi.LoadPlanTreePrinter - LoadPlan(collection=com.epam.esm.model.entity.UserEntity.orderEntities)
    - Returns
       - CollectionReturnImpl(collection=com.epam.esm.model.entity.UserEntity.orderEntities, querySpaceUid=<gen:0>, path=[com.epam.esm.model.entity.UserEntity.orderEntities])
          - (collection element) CollectionFetchableElementEntityGraph(entity=com.epam.esm.model.entity.OrderEntity, querySpaceUid=<gen:1>, path=[com.epam.esm.model.entity.UserEntity.orderEntities].<elements>)
             - CollectionAttributeFetchImpl(collection=com.epam.esm.model.entity.OrderEntity.certificateEntities, querySpaceUid=<gen:2>, path=[com.epam.esm.model.entity.UserEntity.orderEntities].<elements>.certificateEntities)
                - (collection element) CollectionFetchableElementEntityGraph(entity=com.epam.esm.model.entity.CertificateEntity, querySpaceUid=<gen:3>, path=[com.epam.esm.model.entity.UserEntity.orderEntities].<elements>.certificateEntities.<elements>)
    - QuerySpaces
       - CollectionQuerySpaceImpl(uid=<gen:0>, collection=com.epam.esm.model.entity.UserEntity.orderEntities)
          - SQL table alias mapping - orderentit0_
          - alias suffix - 0_
          - suffixed key columns - {owner_id4_2_0_}
          - entity-element alias suffix - 1_
          - 1_entity-element suffixed key columns - id1_2_1_
          - JOIN (JoinDefinedByMetadata(elements)) : <gen:0> -> <gen:1>
             - EntityQuerySpaceImpl(uid=<gen:1>, entity=com.epam.esm.model.entity.OrderEntity)
                - SQL table alias mapping - orderentit0_
                - alias suffix - 1_
                - suffixed key columns - {id1_2_1_}

02:20:24.819 [Test worker] DEBUG org.hibernate.loader.collection.plan.CollectionLoader - Static select for collection com.epam.esm.model.entity.UserEntity.orderEntities: select orderentit0_.owner_id as owner_id4_2_0_, orderentit0_.id as id1_2_0_, orderentit0_.id as id1_2_1_, orderentit0_.owner_id as owner_id4_2_1_, orderentit0_.purchaseDate as purchase2_2_1_, orderentit0_.summary as summary3_2_1_ from OrderEntity orderentit0_ where orderentit0_.owner_id=?
02:20:24.849 [Test worker] DEBUG org.springframework.jdbc.datasource.DriverManagerDataSource - Creating new JDBC DriverManager Connection to [jdbc:h2:mem:second;DB_CLOSE_DELAY=-1]
02:20:24.889 [Test worker] DEBUG org.hibernate.SQL - create table CertificateEntity (id bigint generated by default as identity, createDate timestamp, description varchar(255), duration integer not null, lastUpdateDate timestamp, name varchar(255), price double not null, primary key (id))
Hibernate: create table CertificateEntity (id bigint generated by default as identity, createDate timestamp, description varchar(255), duration integer not null, lastUpdateDate timestamp, name varchar(255), price double not null, primary key (id))
02:20:24.897 [Test worker] DEBUG org.hibernate.SQL - create table CertificateEntity_TagEntity (CertificateEntity_id bigint not null, tagEntities_id bigint not null)
Hibernate: create table CertificateEntity_TagEntity (CertificateEntity_id bigint not null, tagEntities_id bigint not null)
02:20:24.898 [Test worker] DEBUG org.hibernate.SQL - create table OrderEntity (id bigint generated by default as identity, purchaseDate timestamp, summary double not null, owner_id bigint, primary key (id))
Hibernate: create table OrderEntity (id bigint generated by default as identity, purchaseDate timestamp, summary double not null, owner_id bigint, primary key (id))
02:20:24.900 [Test worker] DEBUG org.hibernate.SQL - create table OrderEntity_CertificateEntity (OrderEntity_id bigint not null, certificateEntities_id bigint not null)
Hibernate: create table OrderEntity_CertificateEntity (OrderEntity_id bigint not null, certificateEntities_id bigint not null)
02:20:24.900 [Test worker] DEBUG org.hibernate.SQL - create table TagEntity (id bigint generated by default as identity, name varchar(255), primary key (id))
Hibernate: create table TagEntity (id bigint generated by default as identity, name varchar(255), primary key (id))
02:20:24.901 [Test worker] DEBUG org.hibernate.SQL - create table UserEntity (id bigint generated by default as identity, username varchar(255), primary key (id))
Hibernate: create table UserEntity (id bigint generated by default as identity, username varchar(255), primary key (id))
02:20:24.903 [Test worker] DEBUG org.hibernate.SQL - alter table CertificateEntity drop constraint if exists UK_4io0jhvdc8ko9e8bkkw0n443a
Hibernate: alter table CertificateEntity drop constraint if exists UK_4io0jhvdc8ko9e8bkkw0n443a
02:20:24.903 [Test worker] DEBUG org.hibernate.SQL - alter table CertificateEntity add constraint UK_4io0jhvdc8ko9e8bkkw0n443a unique (name)
Hibernate: alter table CertificateEntity add constraint UK_4io0jhvdc8ko9e8bkkw0n443a unique (name)
02:20:24.906 [Test worker] DEBUG org.hibernate.SQL - alter table TagEntity drop constraint if exists UK_nju473xvkvj63irbn01bhcx4t
Hibernate: alter table TagEntity drop constraint if exists UK_nju473xvkvj63irbn01bhcx4t
02:20:24.906 [Test worker] DEBUG org.hibernate.SQL - alter table TagEntity add constraint UK_nju473xvkvj63irbn01bhcx4t unique (name)
Hibernate: alter table TagEntity add constraint UK_nju473xvkvj63irbn01bhcx4t unique (name)
02:20:24.907 [Test worker] DEBUG org.hibernate.SQL - alter table CertificateEntity_TagEntity add constraint FKbvum6omumgn0swmkmk4c3657e foreign key (tagEntities_id) references TagEntity
Hibernate: alter table CertificateEntity_TagEntity add constraint FKbvum6omumgn0swmkmk4c3657e foreign key (tagEntities_id) references TagEntity
02:20:24.910 [Test worker] DEBUG org.hibernate.SQL - alter table CertificateEntity_TagEntity add constraint FK5491dmfo7v0qf5q8tc8jo7t5r foreign key (CertificateEntity_id) references CertificateEntity
Hibernate: alter table CertificateEntity_TagEntity add constraint FK5491dmfo7v0qf5q8tc8jo7t5r foreign key (CertificateEntity_id) references CertificateEntity
02:20:24.911 [Test worker] DEBUG org.hibernate.SQL - alter table OrderEntity add constraint FK9cgrikp7ml2kg2yt9epnsqufu foreign key (owner_id) references UserEntity
Hibernate: alter table OrderEntity add constraint FK9cgrikp7ml2kg2yt9epnsqufu foreign key (owner_id) references UserEntity
02:20:24.913 [Test worker] DEBUG org.hibernate.SQL - alter table OrderEntity_CertificateEntity add constraint FK29lv6m2jli6oko525tfbqiykr foreign key (certificateEntities_id) references CertificateEntity
Hibernate: alter table OrderEntity_CertificateEntity add constraint FK29lv6m2jli6oko525tfbqiykr foreign key (certificateEntities_id) references CertificateEntity
02:20:24.915 [Test worker] DEBUG org.hibernate.SQL - alter table OrderEntity_CertificateEntity add constraint FKbd3ti9u2flbdqa1fb9hgwnq2o foreign key (OrderEntity_id) references OrderEntity
Hibernate: alter table OrderEntity_CertificateEntity add constraint FKbd3ti9u2flbdqa1fb9hgwnq2o foreign key (OrderEntity_id) references OrderEntity
02:20:24.917 [Test worker] DEBUG org.hibernate.engine.transaction.jta.platform.internal.JtaPlatformInitiator - No JtaPlatform was specified, checking resolver
02:20:24.918 [Test worker] DEBUG org.hibernate.engine.transaction.jta.platform.internal.JtaPlatformResolverInitiator - No JtaPlatformResolver was specified, using default [org.hibernate.engine.transaction.jta.platform.internal.StandardJtaPlatformResolver]
02:20:24.922 [Test worker] DEBUG org.hibernate.engine.transaction.jta.platform.internal.StandardJtaPlatformResolver - Could not resolve JtaPlatform, using default [org.hibernate.engine.transaction.jta.platform.internal.NoJtaPlatform]
02:20:24.922 [Test worker] INFO org.hibernate.engine.transaction.jta.platform.internal.JtaPlatformInitiator - HHH000490: Using JtaPlatform implementation: [org.hibernate.engine.transaction.jta.platform.internal.NoJtaPlatform]
02:20:24.923 [Test worker] DEBUG org.hibernate.query.spi.NamedQueryRepository - Checking 0 named HQL queries
02:20:24.923 [Test worker] DEBUG org.hibernate.query.spi.NamedQueryRepository - Checking 0 named SQL queries
02:20:24.928 [Test worker] DEBUG org.hibernate.internal.SessionFactoryRegistry - Initializing SessionFactoryRegistry : org.hibernate.internal.SessionFactoryRegistry@44bd1b9e
02:20:24.928 [Test worker] DEBUG org.hibernate.internal.SessionFactoryRegistry - Registering SessionFactory: f1822d82-dc70-4137-9ea1-8f84b8df2015 (<unnamed>)
02:20:24.928 [Test worker] DEBUG org.hibernate.internal.SessionFactoryRegistry - Not binding SessionFactory to JNDI, no JNDI name configured
02:20:24.929 [Test worker] INFO org.springframework.orm.jpa.LocalContainerEntityManagerFactoryBean - Initialized JPA EntityManagerFactory for persistence unit 'default'
02:20:24.932 [Test worker] DEBUG org.springframework.beans.factory.support.DefaultListableBeanFactory - Creating shared instance of singleton bean 'daoConfiguration'
02:20:24.935 [Test worker] DEBUG org.springframework.beans.factory.support.DefaultListableBeanFactory - Creating shared instance of singleton bean 'certificateDaoImpl'
02:20:24.937 [Test worker] DEBUG org.springframework.beans.factory.support.DefaultListableBeanFactory - Creating shared instance of singleton bean 'tagDaoImpl'
02:20:24.960 [Test worker] DEBUG org.springframework.beans.factory.support.DefaultListableBeanFactory - Autowiring by type from bean name 'certificateDaoImpl' via constructor to bean named 'tagDaoImpl'
02:20:24.963 [Test worker] DEBUG org.springframework.beans.factory.support.DefaultListableBeanFactory - Creating shared instance of singleton bean 'orderDaoImpl'
02:20:24.963 [Test worker] DEBUG org.springframework.beans.factory.support.DefaultListableBeanFactory - Autowiring by type from bean name 'orderDaoImpl' via constructor to bean named 'certificateDaoImpl'
02:20:24.968 [Test worker] DEBUG org.springframework.beans.factory.support.DefaultListableBeanFactory - Creating shared instance of singleton bean 'userDaoImpl'
02:20:24.971 [Test worker] DEBUG org.springframework.beans.factory.support.DefaultListableBeanFactory - Creating shared instance of singleton bean 'transactionManager'
02:20:24.971 [Test worker] DEBUG org.springframework.beans.factory.support.DefaultListableBeanFactory - Autowiring by type from bean name 'transactionManager' via factory method to bean named 'entityManagerFactory'
02:20:24.991 [Test worker] DEBUG org.springframework.test.context.cache.DefaultCacheAwareContextLoaderDelegate - Storing ApplicationContext [1806878190] in cache under key [[MergedContextConfiguration@1d733d37 testClass = CertificateDaoImplTest, locations = '{}', classes = '{class com.epam.esm.configuration.DaoTestConfiguration}', contextInitializerClasses = '[]', activeProfiles = '{}', propertySourceLocations = '{}', propertySourceProperties = '{}', contextCustomizers = set[org.springframework.boot.test.autoconfigure.actuate.metrics.MetricsExportContextCustomizerFactory$DisableMetricExportContextCustomizer@491e42b4, org.springframework.boot.test.autoconfigure.properties.PropertyMappingContextCustomizer@0, org.springframework.boot.test.autoconfigure.web.servlet.WebDriverContextCustomizerFactory$Customizer@1970d49a, org.springframework.boot.test.context.filter.ExcludeFilterContextCustomizer@178e422e, org.springframework.boot.test.json.DuplicateJsonObjectContextCustomizerFactory$DuplicateJsonObjectContextCustomizer@1cf9c2c, org.springframework.boot.test.mock.mockito.MockitoContextCustomizer@0], contextLoader = 'org.springframework.test.context.support.DelegatingSmartContextLoader', parent = [null]]]
02:20:24.991 [Test worker] DEBUG org.springframework.test.context.cache - Spring test ApplicationContext cache statistics: [DefaultContextCache@6016e6b7 size = 1, maxSize = 32, parentContextCount = 0, hitCount = 0, missCount = 1]
02:20:24.996 [Test worker] DEBUG org.springframework.test.context.cache.DefaultCacheAwareContextLoaderDelegate - Retrieved ApplicationContext [1806878190] from cache with key [[MergedContextConfiguration@1d733d37 testClass = CertificateDaoImplTest, locations = '{}', classes = '{class com.epam.esm.configuration.DaoTestConfiguration}', contextInitializerClasses = '[]', activeProfiles = '{}', propertySourceLocations = '{}', propertySourceProperties = '{}', contextCustomizers = set[org.springframework.boot.test.autoconfigure.actuate.metrics.MetricsExportContextCustomizerFactory$DisableMetricExportContextCustomizer@491e42b4, org.springframework.boot.test.autoconfigure.properties.PropertyMappingContextCustomizer@0, org.springframework.boot.test.autoconfigure.web.servlet.WebDriverContextCustomizerFactory$Customizer@1970d49a, org.springframework.boot.test.context.filter.ExcludeFilterContextCustomizer@178e422e, org.springframework.boot.test.json.DuplicateJsonObjectContextCustomizerFactory$DuplicateJsonObjectContextCustomizer@1cf9c2c, org.springframework.boot.test.mock.mockito.MockitoContextCustomizer@0], contextLoader = 'org.springframework.test.context.support.DelegatingSmartContextLoader', parent = [null]]]
02:20:24.996 [Test worker] DEBUG org.springframework.test.context.cache - Spring test ApplicationContext cache statistics: [DefaultContextCache@6016e6b7 size = 1, maxSize = 32, parentContextCount = 0, hitCount = 1, missCount = 1]
02:20:24.999 [Test worker] DEBUG org.springframework.test.context.support.AbstractDirtiesContextTestExecutionListener - Before test method: context [DefaultTestContext@29934d06 testClass = CertificateDaoImplTest, testInstance = com.epam.esm.dao.impl.CertificateDaoImplTest@ae25bce, testMethod = loadByIdTest@CertificateDaoImplTest, testException = [null], mergedContextConfiguration = [MergedContextConfiguration@1d733d37 testClass = CertificateDaoImplTest, locations = '{}', classes = '{class com.epam.esm.configuration.DaoTestConfiguration}', contextInitializerClasses = '[]', activeProfiles = '{}', propertySourceLocations = '{}', propertySourceProperties = '{}', contextCustomizers = set[org.springframework.boot.test.autoconfigure.actuate.metrics.MetricsExportContextCustomizerFactory$DisableMetricExportContextCustomizer@491e42b4, org.springframework.boot.test.autoconfigure.properties.PropertyMappingContextCustomizer@0, org.springframework.boot.test.autoconfigure.web.servlet.WebDriverContextCustomizerFactory$Customizer@1970d49a, org.springframework.boot.test.context.filter.ExcludeFilterContextCustomizer@178e422e, org.springframework.boot.test.json.DuplicateJsonObjectContextCustomizerFactory$DuplicateJsonObjectContextCustomizer@1cf9c2c, org.springframework.boot.test.mock.mockito.MockitoContextCustomizer@0], contextLoader = 'org.springframework.test.context.support.DelegatingSmartContextLoader', parent = [null]], attributes = map['org.springframework.test.context.event.ApplicationEventsTestExecutionListener.recordApplicationEvents' -> false]], class annotated with @DirtiesContext [false] with mode [null], method annotated with @DirtiesContext [false] with mode [null].
02:20:25.002 [Test worker] DEBUG org.springframework.test.context.transaction.TransactionalTestExecutionListener - Explicit transaction definition [PROPAGATION_REQUIRED,ISOLATION_DEFAULT] found for test context [DefaultTestContext@29934d06 testClass = CertificateDaoImplTest, testInstance = com.epam.esm.dao.impl.CertificateDaoImplTest@ae25bce, testMethod = loadByIdTest@CertificateDaoImplTest, testException = [null], mergedContextConfiguration = [MergedContextConfiguration@1d733d37 testClass = CertificateDaoImplTest, locations = '{}', classes = '{class com.epam.esm.configuration.DaoTestConfiguration}', contextInitializerClasses = '[]', activeProfiles = '{}', propertySourceLocations = '{}', propertySourceProperties = '{}', contextCustomizers = set[org.springframework.boot.test.autoconfigure.actuate.metrics.MetricsExportContextCustomizerFactory$DisableMetricExportContextCustomizer@491e42b4, org.springframework.boot.test.autoconfigure.properties.PropertyMappingContextCustomizer@0, org.springframework.boot.test.autoconfigure.web.servlet.WebDriverContextCustomizerFactory$Customizer@1970d49a, org.springframework.boot.test.context.filter.ExcludeFilterContextCustomizer@178e422e, org.springframework.boot.test.json.DuplicateJsonObjectContextCustomizerFactory$DuplicateJsonObjectContextCustomizer@1cf9c2c, org.springframework.boot.test.mock.mockito.MockitoContextCustomizer@0], contextLoader = 'org.springframework.test.context.support.DelegatingSmartContextLoader', parent = [null]], attributes = map['org.springframework.test.context.event.ApplicationEventsTestExecutionListener.recordApplicationEvents' -> false]]
02:20:25.002 [Test worker] DEBUG org.springframework.test.context.cache.DefaultCacheAwareContextLoaderDelegate - Retrieved ApplicationContext [1806878190] from cache with key [[MergedContextConfiguration@1d733d37 testClass = CertificateDaoImplTest, locations = '{}', classes = '{class com.epam.esm.configuration.DaoTestConfiguration}', contextInitializerClasses = '[]', activeProfiles = '{}', propertySourceLocations = '{}', propertySourceProperties = '{}', contextCustomizers = set[org.springframework.boot.test.autoconfigure.actuate.metrics.MetricsExportContextCustomizerFactory$DisableMetricExportContextCustomizer@491e42b4, org.springframework.boot.test.autoconfigure.properties.PropertyMappingContextCustomizer@0, org.springframework.boot.test.autoconfigure.web.servlet.WebDriverContextCustomizerFactory$Customizer@1970d49a, org.springframework.boot.test.context.filter.ExcludeFilterContextCustomizer@178e422e, org.springframework.boot.test.json.DuplicateJsonObjectContextCustomizerFactory$DuplicateJsonObjectContextCustomizer@1cf9c2c, org.springframework.boot.test.mock.mockito.MockitoContextCustomizer@0], contextLoader = 'org.springframework.test.context.support.DelegatingSmartContextLoader', parent = [null]]]
02:20:25.002 [Test worker] DEBUG org.springframework.test.context.cache - Spring test ApplicationContext cache statistics: [DefaultContextCache@6016e6b7 size = 1, maxSize = 32, parentContextCount = 0, hitCount = 2, missCount = 1]
02:20:25.004 [Test worker] DEBUG org.springframework.test.context.transaction.TransactionalTestExecutionListener - No method-level @Rollback override: using default rollback [true] for test context [DefaultTestContext@29934d06 testClass = CertificateDaoImplTest, testInstance = com.epam.esm.dao.impl.CertificateDaoImplTest@ae25bce, testMethod = loadByIdTest@CertificateDaoImplTest, testException = [null], mergedContextConfiguration = [MergedContextConfiguration@1d733d37 testClass = CertificateDaoImplTest, locations = '{}', classes = '{class com.epam.esm.configuration.DaoTestConfiguration}', contextInitializerClasses = '[]', activeProfiles = '{}', propertySourceLocations = '{}', propertySourceProperties = '{}', contextCustomizers = set[org.springframework.boot.test.autoconfigure.actuate.metrics.MetricsExportContextCustomizerFactory$DisableMetricExportContextCustomizer@491e42b4, org.springframework.boot.test.autoconfigure.properties.PropertyMappingContextCustomizer@0, org.springframework.boot.test.autoconfigure.web.servlet.WebDriverContextCustomizerFactory$Customizer@1970d49a, org.springframework.boot.test.context.filter.ExcludeFilterContextCustomizer@178e422e, org.springframework.boot.test.json.DuplicateJsonObjectContextCustomizerFactory$DuplicateJsonObjectContextCustomizer@1cf9c2c, org.springframework.boot.test.mock.mockito.MockitoContextCustomizer@0], contextLoader = 'org.springframework.test.context.support.DelegatingSmartContextLoader', parent = [null]], attributes = map['org.springframework.test.context.event.ApplicationEventsTestExecutionListener.recordApplicationEvents' -> false]].
02:20:25.006 [Test worker] DEBUG org.springframework.orm.jpa.JpaTransactionManager - Creating new transaction with name [com.epam.esm.dao.impl.CertificateDaoImplTest.loadByIdTest]: PROPAGATION_REQUIRED,ISOLATION_DEFAULT
02:20:25.045 [Test worker] DEBUG org.hibernate.stat.internal.StatisticsInitiator - Statistics initialized [enabled=true]
02:20:25.048 [Test worker] DEBUG org.springframework.orm.jpa.JpaTransactionManager - Opened new EntityManager [SessionImpl(829943789<open>)] for JPA transaction
02:20:25.050 [Test worker] DEBUG org.hibernate.engine.transaction.internal.TransactionImpl - On TransactionImpl creation, JpaCompliance#isJpaTransactionComplianceEnabled == false
02:20:25.050 [Test worker] DEBUG org.hibernate.engine.transaction.internal.TransactionImpl - begin
02:20:25.050 [Test worker] DEBUG org.springframework.jdbc.datasource.DriverManagerDataSource - Creating new JDBC DriverManager Connection to [jdbc:h2:mem:second;DB_CLOSE_DELAY=-1]
02:20:25.052 [Test worker] DEBUG org.springframework.orm.jpa.JpaTransactionManager - Exposing JPA transaction as JDBC [org.springframework.orm.jpa.vendor.HibernateJpaDialect$HibernateConnectionHandle@2d93fa04]
02:20:25.052 [Test worker] INFO org.springframework.test.context.transaction.TransactionContext - Began transaction (1) for test context [DefaultTestContext@29934d06 testClass = CertificateDaoImplTest, testInstance = com.epam.esm.dao.impl.CertificateDaoImplTest@ae25bce, testMethod = loadByIdTest@CertificateDaoImplTest, testException = [null], mergedContextConfiguration = [MergedContextConfiguration@1d733d37 testClass = CertificateDaoImplTest, locations = '{}', classes = '{class com.epam.esm.configuration.DaoTestConfiguration}', contextInitializerClasses = '[]', activeProfiles = '{}', propertySourceLocations = '{}', propertySourceProperties = '{}', contextCustomizers = set[org.springframework.boot.test.autoconfigure.actuate.metrics.MetricsExportContextCustomizerFactory$DisableMetricExportContextCustomizer@491e42b4, org.springframework.boot.test.autoconfigure.properties.PropertyMappingContextCustomizer@0, org.springframework.boot.test.autoconfigure.web.servlet.WebDriverContextCustomizerFactory$Customizer@1970d49a, org.springframework.boot.test.context.filter.ExcludeFilterContextCustomizer@178e422e, org.springframework.boot.test.json.DuplicateJsonObjectContextCustomizerFactory$DuplicateJsonObjectContextCustomizer@1cf9c2c, org.springframework.boot.test.mock.mockito.MockitoContextCustomizer@0], contextLoader = 'org.springframework.test.context.support.DelegatingSmartContextLoader', parent = [null]], attributes = map['org.springframework.test.context.event.ApplicationEventsTestExecutionListener.recordApplicationEvents' -> false]]; transaction manager [org.springframework.orm.jpa.JpaTransactionManager@31334c89]; rollback [true]
02:20:25.056 [Test worker] DEBUG org.springframework.test.context.cache.DefaultCacheAwareContextLoaderDelegate - Retrieved ApplicationContext [1806878190] from cache with key [[MergedContextConfiguration@1d733d37 testClass = CertificateDaoImplTest, locations = '{}', classes = '{class com.epam.esm.configuration.DaoTestConfiguration}', contextInitializerClasses = '[]', activeProfiles = '{}', propertySourceLocations = '{}', propertySourceProperties = '{}', contextCustomizers = set[org.springframework.boot.test.autoconfigure.actuate.metrics.MetricsExportContextCustomizerFactory$DisableMetricExportContextCustomizer@491e42b4, org.springframework.boot.test.autoconfigure.properties.PropertyMappingContextCustomizer@0, org.springframework.boot.test.autoconfigure.web.servlet.WebDriverContextCustomizerFactory$Customizer@1970d49a, org.springframework.boot.test.context.filter.ExcludeFilterContextCustomizer@178e422e, org.springframework.boot.test.json.DuplicateJsonObjectContextCustomizerFactory$DuplicateJsonObjectContextCustomizer@1cf9c2c, org.springframework.boot.test.mock.mockito.MockitoContextCustomizer@0], contextLoader = 'org.springframework.test.context.support.DelegatingSmartContextLoader', parent = [null]]]
02:20:25.056 [Test worker] DEBUG org.springframework.test.context.cache - Spring test ApplicationContext cache statistics: [DefaultContextCache@6016e6b7 size = 1, maxSize = 32, parentContextCount = 0, hitCount = 3, missCount = 1]
02:20:25.057 [Test worker] DEBUG org.springframework.test.context.cache.DefaultCacheAwareContextLoaderDelegate - Retrieved ApplicationContext [1806878190] from cache with key [[MergedContextConfiguration@1d733d37 testClass = CertificateDaoImplTest, locations = '{}', classes = '{class com.epam.esm.configuration.DaoTestConfiguration}', contextInitializerClasses = '[]', activeProfiles = '{}', propertySourceLocations = '{}', propertySourceProperties = '{}', contextCustomizers = set[org.springframework.boot.test.autoconfigure.actuate.metrics.MetricsExportContextCustomizerFactory$DisableMetricExportContextCustomizer@491e42b4, org.springframework.boot.test.autoconfigure.properties.PropertyMappingContextCustomizer@0, org.springframework.boot.test.autoconfigure.web.servlet.WebDriverContextCustomizerFactory$Customizer@1970d49a, org.springframework.boot.test.context.filter.ExcludeFilterContextCustomizer@178e422e, org.springframework.boot.test.json.DuplicateJsonObjectContextCustomizerFactory$DuplicateJsonObjectContextCustomizer@1cf9c2c, org.springframework.boot.test.mock.mockito.MockitoContextCustomizer@0], contextLoader = 'org.springframework.test.context.support.DelegatingSmartContextLoader', parent = [null]]]
02:20:25.057 [Test worker] DEBUG org.springframework.test.context.cache - Spring test ApplicationContext cache statistics: [DefaultContextCache@6016e6b7 size = 1, maxSize = 32, parentContextCount = 0, hitCount = 4, missCount = 1]
02:20:25.189 [Test worker] DEBUG org.springframework.test.context.cache.DefaultCacheAwareContextLoaderDelegate - Retrieved ApplicationContext [1806878190] from cache with key [[MergedContextConfiguration@1d733d37 testClass = CertificateDaoImplTest, locations = '{}', classes = '{class com.epam.esm.configuration.DaoTestConfiguration}', contextInitializerClasses = '[]', activeProfiles = '{}', propertySourceLocations = '{}', propertySourceProperties = '{}', contextCustomizers = set[org.springframework.boot.test.autoconfigure.actuate.metrics.MetricsExportContextCustomizerFactory$DisableMetricExportContextCustomizer@491e42b4, org.springframework.boot.test.autoconfigure.properties.PropertyMappingContextCustomizer@0, org.springframework.boot.test.autoconfigure.web.servlet.WebDriverContextCustomizerFactory$Customizer@1970d49a, org.springframework.boot.test.context.filter.ExcludeFilterContextCustomizer@178e422e, org.springframework.boot.test.json.DuplicateJsonObjectContextCustomizerFactory$DuplicateJsonObjectContextCustomizer@1cf9c2c, org.springframework.boot.test.mock.mockito.MockitoContextCustomizer@0], contextLoader = 'org.springframework.test.context.support.DelegatingSmartContextLoader', parent = [null]]]
02:20:25.189 [Test worker] DEBUG org.springframework.test.context.cache - Spring test ApplicationContext cache statistics: [DefaultContextCache@6016e6b7 size = 1, maxSize = 32, parentContextCount = 0, hitCount = 5, missCount = 1]
02:20:25.211 [Test worker] DEBUG org.hibernate.engine.spi.ActionQueue - Executing identity-insert immediately
02:20:25.213 [Test worker] DEBUG org.hibernate.SQL - insert into CertificateEntity (id, createDate, description, duration, lastUpdateDate, name, price) values (null, ?, ?, ?, ?, ?, ?)
Hibernate: insert into CertificateEntity (id, createDate, description, duration, lastUpdateDate, name, price) values (null, ?, ?, ?, ?, ?, ?)
02:20:25.218 [Test worker] DEBUG org.hibernate.id.IdentifierGeneratorHelper - Natively generated identity: 1
02:20:25.219 [Test worker] DEBUG org.hibernate.resource.jdbc.internal.ResourceRegistryStandardImpl - HHH000387: ResultSet's statement was not registered
02:20:25.229 [Test worker] DEBUG org.springframework.test.context.cache.DefaultCacheAwareContextLoaderDelegate - Retrieved ApplicationContext [1806878190] from cache with key [[MergedContextConfiguration@1d733d37 testClass = CertificateDaoImplTest, locations = '{}', classes = '{class com.epam.esm.configuration.DaoTestConfiguration}', contextInitializerClasses = '[]', activeProfiles = '{}', propertySourceLocations = '{}', propertySourceProperties = '{}', contextCustomizers = set[org.springframework.boot.test.autoconfigure.actuate.metrics.MetricsExportContextCustomizerFactory$DisableMetricExportContextCustomizer@491e42b4, org.springframework.boot.test.autoconfigure.properties.PropertyMappingContextCustomizer@0, org.springframework.boot.test.autoconfigure.web.servlet.WebDriverContextCustomizerFactory$Customizer@1970d49a, org.springframework.boot.test.context.filter.ExcludeFilterContextCustomizer@178e422e, org.springframework.boot.test.json.DuplicateJsonObjectContextCustomizerFactory$DuplicateJsonObjectContextCustomizer@1cf9c2c, org.springframework.boot.test.mock.mockito.MockitoContextCustomizer@0], contextLoader = 'org.springframework.test.context.support.DelegatingSmartContextLoader', parent = [null]]]
02:20:25.229 [Test worker] DEBUG org.springframework.test.context.cache - Spring test ApplicationContext cache statistics: [DefaultContextCache@6016e6b7 size = 1, maxSize = 32, parentContextCount = 0, hitCount = 6, missCount = 1]
02:20:25.230 [Test worker] DEBUG org.springframework.test.context.cache.DefaultCacheAwareContextLoaderDelegate - Retrieved ApplicationContext [1806878190] from cache with key [[MergedContextConfiguration@1d733d37 testClass = CertificateDaoImplTest, locations = '{}', classes = '{class com.epam.esm.configuration.DaoTestConfiguration}', contextInitializerClasses = '[]', activeProfiles = '{}', propertySourceLocations = '{}', propertySourceProperties = '{}', contextCustomizers = set[org.springframework.boot.test.autoconfigure.actuate.metrics.MetricsExportContextCustomizerFactory$DisableMetricExportContextCustomizer@491e42b4, org.springframework.boot.test.autoconfigure.properties.PropertyMappingContextCustomizer@0, org.springframework.boot.test.autoconfigure.web.servlet.WebDriverContextCustomizerFactory$Customizer@1970d49a, org.springframework.boot.test.context.filter.ExcludeFilterContextCustomizer@178e422e, org.springframework.boot.test.json.DuplicateJsonObjectContextCustomizerFactory$DuplicateJsonObjectContextCustomizer@1cf9c2c, org.springframework.boot.test.mock.mockito.MockitoContextCustomizer@0], contextLoader = 'org.springframework.test.context.support.DelegatingSmartContextLoader', parent = [null]]]
02:20:25.230 [Test worker] DEBUG org.springframework.test.context.cache - Spring test ApplicationContext cache statistics: [DefaultContextCache@6016e6b7 size = 1, maxSize = 32, parentContextCount = 0, hitCount = 7, missCount = 1]
02:20:25.230 [Test worker] DEBUG org.springframework.test.context.cache.DefaultCacheAwareContextLoaderDelegate - Retrieved ApplicationContext [1806878190] from cache with key [[MergedContextConfiguration@1d733d37 testClass = CertificateDaoImplTest, locations = '{}', classes = '{class com.epam.esm.configuration.DaoTestConfiguration}', contextInitializerClasses = '[]', activeProfiles = '{}', propertySourceLocations = '{}', propertySourceProperties = '{}', contextCustomizers = set[org.springframework.boot.test.autoconfigure.actuate.metrics.MetricsExportContextCustomizerFactory$DisableMetricExportContextCustomizer@491e42b4, org.springframework.boot.test.autoconfigure.properties.PropertyMappingContextCustomizer@0, org.springframework.boot.test.autoconfigure.web.servlet.WebDriverContextCustomizerFactory$Customizer@1970d49a, org.springframework.boot.test.context.filter.ExcludeFilterContextCustomizer@178e422e, org.springframework.boot.test.json.DuplicateJsonObjectContextCustomizerFactory$DuplicateJsonObjectContextCustomizer@1cf9c2c, org.springframework.boot.test.mock.mockito.MockitoContextCustomizer@0], contextLoader = 'org.springframework.test.context.support.DelegatingSmartContextLoader', parent = [null]]]
02:20:25.230 [Test worker] DEBUG org.springframework.test.context.cache - Spring test ApplicationContext cache statistics: [DefaultContextCache@6016e6b7 size = 1, maxSize = 32, parentContextCount = 0, hitCount = 8, missCount = 1]
02:20:25.230 [Test worker] DEBUG org.springframework.test.context.cache.DefaultCacheAwareContextLoaderDelegate - Retrieved ApplicationContext [1806878190] from cache with key [[MergedContextConfiguration@1d733d37 testClass = CertificateDaoImplTest, locations = '{}', classes = '{class com.epam.esm.configuration.DaoTestConfiguration}', contextInitializerClasses = '[]', activeProfiles = '{}', propertySourceLocations = '{}', propertySourceProperties = '{}', contextCustomizers = set[org.springframework.boot.test.autoconfigure.actuate.metrics.MetricsExportContextCustomizerFactory$DisableMetricExportContextCustomizer@491e42b4, org.springframework.boot.test.autoconfigure.properties.PropertyMappingContextCustomizer@0, org.springframework.boot.test.autoconfigure.web.servlet.WebDriverContextCustomizerFactory$Customizer@1970d49a, org.springframework.boot.test.context.filter.ExcludeFilterContextCustomizer@178e422e, org.springframework.boot.test.json.DuplicateJsonObjectContextCustomizerFactory$DuplicateJsonObjectContextCustomizer@1cf9c2c, org.springframework.boot.test.mock.mockito.MockitoContextCustomizer@0], contextLoader = 'org.springframework.test.context.support.DelegatingSmartContextLoader', parent = [null]]]
02:20:25.230 [Test worker] DEBUG org.springframework.test.context.cache - Spring test ApplicationContext cache statistics: [DefaultContextCache@6016e6b7 size = 1, maxSize = 32, parentContextCount = 0, hitCount = 9, missCount = 1]
02:20:25.231 [Test worker] DEBUG org.springframework.test.context.cache.DefaultCacheAwareContextLoaderDelegate - Retrieved ApplicationContext [1806878190] from cache with key [[MergedContextConfiguration@1d733d37 testClass = CertificateDaoImplTest, locations = '{}', classes = '{class com.epam.esm.configuration.DaoTestConfiguration}', contextInitializerClasses = '[]', activeProfiles = '{}', propertySourceLocations = '{}', propertySourceProperties = '{}', contextCustomizers = set[org.springframework.boot.test.autoconfigure.actuate.metrics.MetricsExportContextCustomizerFactory$DisableMetricExportContextCustomizer@491e42b4, org.springframework.boot.test.autoconfigure.properties.PropertyMappingContextCustomizer@0, org.springframework.boot.test.autoconfigure.web.servlet.WebDriverContextCustomizerFactory$Customizer@1970d49a, org.springframework.boot.test.context.filter.ExcludeFilterContextCustomizer@178e422e, org.springframework.boot.test.json.DuplicateJsonObjectContextCustomizerFactory$DuplicateJsonObjectContextCustomizer@1cf9c2c, org.springframework.boot.test.mock.mockito.MockitoContextCustomizer@0], contextLoader = 'org.springframework.test.context.support.DelegatingSmartContextLoader', parent = [null]]]
02:20:25.231 [Test worker] DEBUG org.springframework.test.context.cache - Spring test ApplicationContext cache statistics: [DefaultContextCache@6016e6b7 size = 1, maxSize = 32, parentContextCount = 0, hitCount = 10, missCount = 1]
02:20:25.232 [Test worker] DEBUG org.springframework.test.context.cache.DefaultCacheAwareContextLoaderDelegate - Retrieved ApplicationContext [1806878190] from cache with key [[MergedContextConfiguration@1d733d37 testClass = CertificateDaoImplTest, locations = '{}', classes = '{class com.epam.esm.configuration.DaoTestConfiguration}', contextInitializerClasses = '[]', activeProfiles = '{}', propertySourceLocations = '{}', propertySourceProperties = '{}', contextCustomizers = set[org.springframework.boot.test.autoconfigure.actuate.metrics.MetricsExportContextCustomizerFactory$DisableMetricExportContextCustomizer@491e42b4, org.springframework.boot.test.autoconfigure.properties.PropertyMappingContextCustomizer@0, org.springframework.boot.test.autoconfigure.web.servlet.WebDriverContextCustomizerFactory$Customizer@1970d49a, org.springframework.boot.test.context.filter.ExcludeFilterContextCustomizer@178e422e, org.springframework.boot.test.json.DuplicateJsonObjectContextCustomizerFactory$DuplicateJsonObjectContextCustomizer@1cf9c2c, org.springframework.boot.test.mock.mockito.MockitoContextCustomizer@0], contextLoader = 'org.springframework.test.context.support.DelegatingSmartContextLoader', parent = [null]]]
02:20:25.232 [Test worker] DEBUG org.springframework.test.context.cache - Spring test ApplicationContext cache statistics: [DefaultContextCache@6016e6b7 size = 1, maxSize = 32, parentContextCount = 0, hitCount = 11, missCount = 1]
02:20:25.233 [Test worker] DEBUG org.springframework.orm.jpa.JpaTransactionManager - Initiating transaction rollback
02:20:25.233 [Test worker] DEBUG org.springframework.orm.jpa.JpaTransactionManager - Rolling back JPA transaction on EntityManager [SessionImpl(829943789<open>)]
02:20:25.233 [Test worker] DEBUG org.hibernate.engine.transaction.internal.TransactionImpl - rolling back
02:20:25.237 [Test worker] DEBUG org.springframework.orm.jpa.JpaTransactionManager - Closing JPA EntityManager [SessionImpl(829943789<open>)] after transaction
02:20:25.237 [Test worker] INFO org.hibernate.engine.internal.StatisticalLoggingSessionEventListener - Session Metrics {
    555101 nanoseconds spent acquiring 1 JDBC connections;
    0 nanoseconds spent releasing 0 JDBC connections;
    624317 nanoseconds spent preparing 1 JDBC statements;
    1810463 nanoseconds spent executing 1 JDBC statements;
    0 nanoseconds spent executing 0 JDBC batches;
    0 nanoseconds spent performing 0 L2C puts;
    0 nanoseconds spent performing 0 L2C hits;
    0 nanoseconds spent performing 0 L2C misses;
    0 nanoseconds spent executing 0 flushes (flushing a total of 0 entities and 0 collections);
    0 nanoseconds spent executing 0 partial-flushes (flushing a total of 0 entities and 0 collections)
}
02:20:25.238 [Test worker] INFO org.springframework.test.context.transaction.TransactionContext - Rolled back transaction for test: [DefaultTestContext@29934d06 testClass = CertificateDaoImplTest, testInstance = com.epam.esm.dao.impl.CertificateDaoImplTest@ae25bce, testMethod = loadByIdTest@CertificateDaoImplTest, testException = [null], mergedContextConfiguration = [MergedContextConfiguration@1d733d37 testClass = CertificateDaoImplTest, locations = '{}', classes = '{class com.epam.esm.configuration.DaoTestConfiguration}', contextInitializerClasses = '[]', activeProfiles = '{}', propertySourceLocations = '{}', propertySourceProperties = '{}', contextCustomizers = set[org.springframework.boot.test.autoconfigure.actuate.metrics.MetricsExportContextCustomizerFactory$DisableMetricExportContextCustomizer@491e42b4, org.springframework.boot.test.autoconfigure.properties.PropertyMappingContextCustomizer@0, org.springframework.boot.test.autoconfigure.web.servlet.WebDriverContextCustomizerFactory$Customizer@1970d49a, org.springframework.boot.test.context.filter.ExcludeFilterContextCustomizer@178e422e, org.springframework.boot.test.json.DuplicateJsonObjectContextCustomizerFactory$DuplicateJsonObjectContextCustomizer@1cf9c2c, org.springframework.boot.test.mock.mockito.MockitoContextCustomizer@0], contextLoader = 'org.springframework.test.context.support.DelegatingSmartContextLoader', parent = [null]], attributes = map['org.springframework.test.context.event.ApplicationEventsTestExecutionListener.recordApplicationEvents' -> false]]
02:20:25.238 [Test worker] DEBUG org.springframework.test.context.support.AbstractDirtiesContextTestExecutionListener - After test method: context [DefaultTestContext@29934d06 testClass = CertificateDaoImplTest, testInstance = com.epam.esm.dao.impl.CertificateDaoImplTest@ae25bce, testMethod = loadByIdTest@CertificateDaoImplTest, testException = [null], mergedContextConfiguration = [MergedContextConfiguration@1d733d37 testClass = CertificateDaoImplTest, locations = '{}', classes = '{class com.epam.esm.configuration.DaoTestConfiguration}', contextInitializerClasses = '[]', activeProfiles = '{}', propertySourceLocations = '{}', propertySourceProperties = '{}', contextCustomizers = set[org.springframework.boot.test.autoconfigure.actuate.metrics.MetricsExportContextCustomizerFactory$DisableMetricExportContextCustomizer@491e42b4, org.springframework.boot.test.autoconfigure.properties.PropertyMappingContextCustomizer@0, org.springframework.boot.test.autoconfigure.web.servlet.WebDriverContextCustomizerFactory$Customizer@1970d49a, org.springframework.boot.test.context.filter.ExcludeFilterContextCustomizer@178e422e, org.springframework.boot.test.json.DuplicateJsonObjectContextCustomizerFactory$DuplicateJsonObjectContextCustomizer@1cf9c2c, org.springframework.boot.test.mock.mockito.MockitoContextCustomizer@0], contextLoader = 'org.springframework.test.context.support.DelegatingSmartContextLoader', parent = [null]], attributes = map['org.springframework.test.context.event.ApplicationEventsTestExecutionListener.recordApplicationEvents' -> false]], class annotated with @DirtiesContext [false] with mode [null], method annotated with @DirtiesContext [false] with mode [null].
02:20:25.245 [Test worker] DEBUG org.springframework.test.context.support.DependencyInjectionTestExecutionListener - Performing dependency injection for test context [[DefaultTestContext@29934d06 testClass = CertificateDaoImplTest, testInstance = com.epam.esm.dao.impl.CertificateDaoImplTest@17568cb4, testMethod = [null], testException = [null], mergedContextConfiguration = [MergedContextConfiguration@1d733d37 testClass = CertificateDaoImplTest, locations = '{}', classes = '{class com.epam.esm.configuration.DaoTestConfiguration}', contextInitializerClasses = '[]', activeProfiles = '{}', propertySourceLocations = '{}', propertySourceProperties = '{}', contextCustomizers = set[org.springframework.boot.test.autoconfigure.actuate.metrics.MetricsExportContextCustomizerFactory$DisableMetricExportContextCustomizer@491e42b4, org.springframework.boot.test.autoconfigure.properties.PropertyMappingContextCustomizer@0, org.springframework.boot.test.autoconfigure.web.servlet.WebDriverContextCustomizerFactory$Customizer@1970d49a, org.springframework.boot.test.context.filter.ExcludeFilterContextCustomizer@178e422e, org.springframework.boot.test.json.DuplicateJsonObjectContextCustomizerFactory$DuplicateJsonObjectContextCustomizer@1cf9c2c, org.springframework.boot.test.mock.mockito.MockitoContextCustomizer@0], contextLoader = 'org.springframework.test.context.support.DelegatingSmartContextLoader', parent = [null]], attributes = map['org.springframework.test.context.event.ApplicationEventsTestExecutionListener.recordApplicationEvents' -> false]]].
02:20:25.245 [Test worker] DEBUG org.springframework.test.context.cache.DefaultCacheAwareContextLoaderDelegate - Retrieved ApplicationContext [1806878190] from cache with key [[MergedContextConfiguration@1d733d37 testClass = CertificateDaoImplTest, locations = '{}', classes = '{class com.epam.esm.configuration.DaoTestConfiguration}', contextInitializerClasses = '[]', activeProfiles = '{}', propertySourceLocations = '{}', propertySourceProperties = '{}', contextCustomizers = set[org.springframework.boot.test.autoconfigure.actuate.metrics.MetricsExportContextCustomizerFactory$DisableMetricExportContextCustomizer@491e42b4, org.springframework.boot.test.autoconfigure.properties.PropertyMappingContextCustomizer@0, org.springframework.boot.test.autoconfigure.web.servlet.WebDriverContextCustomizerFactory$Customizer@1970d49a, org.springframework.boot.test.context.filter.ExcludeFilterContextCustomizer@178e422e, org.springframework.boot.test.json.DuplicateJsonObjectContextCustomizerFactory$DuplicateJsonObjectContextCustomizer@1cf9c2c, org.springframework.boot.test.mock.mockito.MockitoContextCustomizer@0], contextLoader = 'org.springframework.test.context.support.DelegatingSmartContextLoader', parent = [null]]]
02:20:25.245 [Test worker] DEBUG org.springframework.test.context.cache - Spring test ApplicationContext cache statistics: [DefaultContextCache@6016e6b7 size = 1, maxSize = 32, parentContextCount = 0, hitCount = 12, missCount = 1]
02:20:25.246 [Test worker] DEBUG org.springframework.test.context.cache.DefaultCacheAwareContextLoaderDelegate - Retrieved ApplicationContext [1806878190] from cache with key [[MergedContextConfiguration@1d733d37 testClass = CertificateDaoImplTest, locations = '{}', classes = '{class com.epam.esm.configuration.DaoTestConfiguration}', contextInitializerClasses = '[]', activeProfiles = '{}', propertySourceLocations = '{}', propertySourceProperties = '{}', contextCustomizers = set[org.springframework.boot.test.autoconfigure.actuate.metrics.MetricsExportContextCustomizerFactory$DisableMetricExportContextCustomizer@491e42b4, org.springframework.boot.test.autoconfigure.properties.PropertyMappingContextCustomizer@0, org.springframework.boot.test.autoconfigure.web.servlet.WebDriverContextCustomizerFactory$Customizer@1970d49a, org.springframework.boot.test.context.filter.ExcludeFilterContextCustomizer@178e422e, org.springframework.boot.test.json.DuplicateJsonObjectContextCustomizerFactory$DuplicateJsonObjectContextCustomizer@1cf9c2c, org.springframework.boot.test.mock.mockito.MockitoContextCustomizer@0], contextLoader = 'org.springframework.test.context.support.DelegatingSmartContextLoader', parent = [null]]]
02:20:25.246 [Test worker] DEBUG org.springframework.test.context.cache - Spring test ApplicationContext cache statistics: [DefaultContextCache@6016e6b7 size = 1, maxSize = 32, parentContextCount = 0, hitCount = 13, missCount = 1]
02:20:25.247 [Test worker] DEBUG org.springframework.test.context.support.AbstractDirtiesContextTestExecutionListener - Before test method: context [DefaultTestContext@29934d06 testClass = CertificateDaoImplTest, testInstance = com.epam.esm.dao.impl.CertificateDaoImplTest@17568cb4, testMethod = loadAllTest@CertificateDaoImplTest, testException = [null], mergedContextConfiguration = [MergedContextConfiguration@1d733d37 testClass = CertificateDaoImplTest, locations = '{}', classes = '{class com.epam.esm.configuration.DaoTestConfiguration}', contextInitializerClasses = '[]', activeProfiles = '{}', propertySourceLocations = '{}', propertySourceProperties = '{}', contextCustomizers = set[org.springframework.boot.test.autoconfigure.actuate.metrics.MetricsExportContextCustomizerFactory$DisableMetricExportContextCustomizer@491e42b4, org.springframework.boot.test.autoconfigure.properties.PropertyMappingContextCustomizer@0, org.springframework.boot.test.autoconfigure.web.servlet.WebDriverContextCustomizerFactory$Customizer@1970d49a, org.springframework.boot.test.context.filter.ExcludeFilterContextCustomizer@178e422e, org.springframework.boot.test.json.DuplicateJsonObjectContextCustomizerFactory$DuplicateJsonObjectContextCustomizer@1cf9c2c, org.springframework.boot.test.mock.mockito.MockitoContextCustomizer@0], contextLoader = 'org.springframework.test.context.support.DelegatingSmartContextLoader', parent = [null]], attributes = map['org.springframework.test.context.event.ApplicationEventsTestExecutionListener.recordApplicationEvents' -> false]], class annotated with @DirtiesContext [false] with mode [null], method annotated with @DirtiesContext [false] with mode [null].
02:20:25.248 [Test worker] DEBUG org.springframework.test.context.transaction.TransactionalTestExecutionListener - Explicit transaction definition [PROPAGATION_REQUIRED,ISOLATION_DEFAULT] found for test context [DefaultTestContext@29934d06 testClass = CertificateDaoImplTest, testInstance = com.epam.esm.dao.impl.CertificateDaoImplTest@17568cb4, testMethod = loadAllTest@CertificateDaoImplTest, testException = [null], mergedContextConfiguration = [MergedContextConfiguration@1d733d37 testClass = CertificateDaoImplTest, locations = '{}', classes = '{class com.epam.esm.configuration.DaoTestConfiguration}', contextInitializerClasses = '[]', activeProfiles = '{}', propertySourceLocations = '{}', propertySourceProperties = '{}', contextCustomizers = set[org.springframework.boot.test.autoconfigure.actuate.metrics.MetricsExportContextCustomizerFactory$DisableMetricExportContextCustomizer@491e42b4, org.springframework.boot.test.autoconfigure.properties.PropertyMappingContextCustomizer@0, org.springframework.boot.test.autoconfigure.web.servlet.WebDriverContextCustomizerFactory$Customizer@1970d49a, org.springframework.boot.test.context.filter.ExcludeFilterContextCustomizer@178e422e, org.springframework.boot.test.json.DuplicateJsonObjectContextCustomizerFactory$DuplicateJsonObjectContextCustomizer@1cf9c2c, org.springframework.boot.test.mock.mockito.MockitoContextCustomizer@0], contextLoader = 'org.springframework.test.context.support.DelegatingSmartContextLoader', parent = [null]], attributes = map['org.springframework.test.context.event.ApplicationEventsTestExecutionListener.recordApplicationEvents' -> false]]
02:20:25.248 [Test worker] DEBUG org.springframework.test.context.cache.DefaultCacheAwareContextLoaderDelegate - Retrieved ApplicationContext [1806878190] from cache with key [[MergedContextConfiguration@1d733d37 testClass = CertificateDaoImplTest, locations = '{}', classes = '{class com.epam.esm.configuration.DaoTestConfiguration}', contextInitializerClasses = '[]', activeProfiles = '{}', propertySourceLocations = '{}', propertySourceProperties = '{}', contextCustomizers = set[org.springframework.boot.test.autoconfigure.actuate.metrics.MetricsExportContextCustomizerFactory$DisableMetricExportContextCustomizer@491e42b4, org.springframework.boot.test.autoconfigure.properties.PropertyMappingContextCustomizer@0, org.springframework.boot.test.autoconfigure.web.servlet.WebDriverContextCustomizerFactory$Customizer@1970d49a, org.springframework.boot.test.context.filter.ExcludeFilterContextCustomizer@178e422e, org.springframework.boot.test.json.DuplicateJsonObjectContextCustomizerFactory$DuplicateJsonObjectContextCustomizer@1cf9c2c, org.springframework.boot.test.mock.mockito.MockitoContextCustomizer@0], contextLoader = 'org.springframework.test.context.support.DelegatingSmartContextLoader', parent = [null]]]
02:20:25.248 [Test worker] DEBUG org.springframework.test.context.cache - Spring test ApplicationContext cache statistics: [DefaultContextCache@6016e6b7 size = 1, maxSize = 32, parentContextCount = 0, hitCount = 14, missCount = 1]
02:20:25.248 [Test worker] DEBUG org.springframework.test.context.transaction.TransactionalTestExecutionListener - No method-level @Rollback override: using default rollback [true] for test context [DefaultTestContext@29934d06 testClass = CertificateDaoImplTest, testInstance = com.epam.esm.dao.impl.CertificateDaoImplTest@17568cb4, testMethod = loadAllTest@CertificateDaoImplTest, testException = [null], mergedContextConfiguration = [MergedContextConfiguration@1d733d37 testClass = CertificateDaoImplTest, locations = '{}', classes = '{class com.epam.esm.configuration.DaoTestConfiguration}', contextInitializerClasses = '[]', activeProfiles = '{}', propertySourceLocations = '{}', propertySourceProperties = '{}', contextCustomizers = set[org.springframework.boot.test.autoconfigure.actuate.metrics.MetricsExportContextCustomizerFactory$DisableMetricExportContextCustomizer@491e42b4, org.springframework.boot.test.autoconfigure.properties.PropertyMappingContextCustomizer@0, org.springframework.boot.test.autoconfigure.web.servlet.WebDriverContextCustomizerFactory$Customizer@1970d49a, org.springframework.boot.test.context.filter.ExcludeFilterContextCustomizer@178e422e, org.springframework.boot.test.json.DuplicateJsonObjectContextCustomizerFactory$DuplicateJsonObjectContextCustomizer@1cf9c2c, org.springframework.boot.test.mock.mockito.MockitoContextCustomizer@0], contextLoader = 'org.springframework.test.context.support.DelegatingSmartContextLoader', parent = [null]], attributes = map['org.springframework.test.context.event.ApplicationEventsTestExecutionListener.recordApplicationEvents' -> false]].
02:20:25.249 [Test worker] DEBUG org.springframework.orm.jpa.JpaTransactionManager - Creating new transaction with name [com.epam.esm.dao.impl.CertificateDaoImplTest.loadAllTest]: PROPAGATION_REQUIRED,ISOLATION_DEFAULT
02:20:25.249 [Test worker] DEBUG org.springframework.orm.jpa.JpaTransactionManager - Opened new EntityManager [SessionImpl(832633792<open>)] for JPA transaction
02:20:25.249 [Test worker] DEBUG org.hibernate.engine.transaction.internal.TransactionImpl - On TransactionImpl creation, JpaCompliance#isJpaTransactionComplianceEnabled == false
02:20:25.249 [Test worker] DEBUG org.hibernate.engine.transaction.internal.TransactionImpl - begin
02:20:25.249 [Test worker] DEBUG org.springframework.jdbc.datasource.DriverManagerDataSource - Creating new JDBC DriverManager Connection to [jdbc:h2:mem:second;DB_CLOSE_DELAY=-1]
02:20:25.250 [Test worker] DEBUG org.springframework.orm.jpa.JpaTransactionManager - Exposing JPA transaction as JDBC [org.springframework.orm.jpa.vendor.HibernateJpaDialect$HibernateConnectionHandle@25ba5653]
02:20:25.250 [Test worker] INFO org.springframework.test.context.transaction.TransactionContext - Began transaction (1) for test context [DefaultTestContext@29934d06 testClass = CertificateDaoImplTest, testInstance = com.epam.esm.dao.impl.CertificateDaoImplTest@17568cb4, testMethod = loadAllTest@CertificateDaoImplTest, testException = [null], mergedContextConfiguration = [MergedContextConfiguration@1d733d37 testClass = CertificateDaoImplTest, locations = '{}', classes = '{class com.epam.esm.configuration.DaoTestConfiguration}', contextInitializerClasses = '[]', activeProfiles = '{}', propertySourceLocations = '{}', propertySourceProperties = '{}', contextCustomizers = set[org.springframework.boot.test.autoconfigure.actuate.metrics.MetricsExportContextCustomizerFactory$DisableMetricExportContextCustomizer@491e42b4, org.springframework.boot.test.autoconfigure.properties.PropertyMappingContextCustomizer@0, org.springframework.boot.test.autoconfigure.web.servlet.WebDriverContextCustomizerFactory$Customizer@1970d49a, org.springframework.boot.test.context.filter.ExcludeFilterContextCustomizer@178e422e, org.springframework.boot.test.json.DuplicateJsonObjectContextCustomizerFactory$DuplicateJsonObjectContextCustomizer@1cf9c2c, org.springframework.boot.test.mock.mockito.MockitoContextCustomizer@0], contextLoader = 'org.springframework.test.context.support.DelegatingSmartContextLoader', parent = [null]], attributes = map['org.springframework.test.context.event.ApplicationEventsTestExecutionListener.recordApplicationEvents' -> false]]; transaction manager [org.springframework.orm.jpa.JpaTransactionManager@31334c89]; rollback [true]
02:20:25.251 [Test worker] DEBUG org.springframework.test.context.cache.DefaultCacheAwareContextLoaderDelegate - Retrieved ApplicationContext [1806878190] from cache with key [[MergedContextConfiguration@1d733d37 testClass = CertificateDaoImplTest, locations = '{}', classes = '{class com.epam.esm.configuration.DaoTestConfiguration}', contextInitializerClasses = '[]', activeProfiles = '{}', propertySourceLocations = '{}', propertySourceProperties = '{}', contextCustomizers = set[org.springframework.boot.test.autoconfigure.actuate.metrics.MetricsExportContextCustomizerFactory$DisableMetricExportContextCustomizer@491e42b4, org.springframework.boot.test.autoconfigure.properties.PropertyMappingContextCustomizer@0, org.springframework.boot.test.autoconfigure.web.servlet.WebDriverContextCustomizerFactory$Customizer@1970d49a, org.springframework.boot.test.context.filter.ExcludeFilterContextCustomizer@178e422e, org.springframework.boot.test.json.DuplicateJsonObjectContextCustomizerFactory$DuplicateJsonObjectContextCustomizer@1cf9c2c, org.springframework.boot.test.mock.mockito.MockitoContextCustomizer@0], contextLoader = 'org.springframework.test.context.support.DelegatingSmartContextLoader', parent = [null]]]
02:20:25.251 [Test worker] DEBUG org.springframework.test.context.cache - Spring test ApplicationContext cache statistics: [DefaultContextCache@6016e6b7 size = 1, maxSize = 32, parentContextCount = 0, hitCount = 15, missCount = 1]
02:20:25.251 [Test worker] DEBUG org.springframework.test.context.cache.DefaultCacheAwareContextLoaderDelegate - Retrieved ApplicationContext [1806878190] from cache with key [[MergedContextConfiguration@1d733d37 testClass = CertificateDaoImplTest, locations = '{}', classes = '{class com.epam.esm.configuration.DaoTestConfiguration}', contextInitializerClasses = '[]', activeProfiles = '{}', propertySourceLocations = '{}', propertySourceProperties = '{}', contextCustomizers = set[org.springframework.boot.test.autoconfigure.actuate.metrics.MetricsExportContextCustomizerFactory$DisableMetricExportContextCustomizer@491e42b4, org.springframework.boot.test.autoconfigure.properties.PropertyMappingContextCustomizer@0, org.springframework.boot.test.autoconfigure.web.servlet.WebDriverContextCustomizerFactory$Customizer@1970d49a, org.springframework.boot.test.context.filter.ExcludeFilterContextCustomizer@178e422e, org.springframework.boot.test.json.DuplicateJsonObjectContextCustomizerFactory$DuplicateJsonObjectContextCustomizer@1cf9c2c, org.springframework.boot.test.mock.mockito.MockitoContextCustomizer@0], contextLoader = 'org.springframework.test.context.support.DelegatingSmartContextLoader', parent = [null]]]
02:20:25.251 [Test worker] DEBUG org.springframework.test.context.cache - Spring test ApplicationContext cache statistics: [DefaultContextCache@6016e6b7 size = 1, maxSize = 32, parentContextCount = 0, hitCount = 16, missCount = 1]
02:20:25.252 [Test worker] DEBUG org.springframework.test.context.cache.DefaultCacheAwareContextLoaderDelegate - Retrieved ApplicationContext [1806878190] from cache with key [[MergedContextConfiguration@1d733d37 testClass = CertificateDaoImplTest, locations = '{}', classes = '{class com.epam.esm.configuration.DaoTestConfiguration}', contextInitializerClasses = '[]', activeProfiles = '{}', propertySourceLocations = '{}', propertySourceProperties = '{}', contextCustomizers = set[org.springframework.boot.test.autoconfigure.actuate.metrics.MetricsExportContextCustomizerFactory$DisableMetricExportContextCustomizer@491e42b4, org.springframework.boot.test.autoconfigure.properties.PropertyMappingContextCustomizer@0, org.springframework.boot.test.autoconfigure.web.servlet.WebDriverContextCustomizerFactory$Customizer@1970d49a, org.springframework.boot.test.context.filter.ExcludeFilterContextCustomizer@178e422e, org.springframework.boot.test.json.DuplicateJsonObjectContextCustomizerFactory$DuplicateJsonObjectContextCustomizer@1cf9c2c, org.springframework.boot.test.mock.mockito.MockitoContextCustomizer@0], contextLoader = 'org.springframework.test.context.support.DelegatingSmartContextLoader', parent = [null]]]
02:20:25.252 [Test worker] DEBUG org.springframework.test.context.cache - Spring test ApplicationContext cache statistics: [DefaultContextCache@6016e6b7 size = 1, maxSize = 32, parentContextCount = 0, hitCount = 17, missCount = 1]
02:20:25.264 [Test worker] DEBUG org.hibernate.hql.internal.QueryTranslatorFactoryInitiator - QueryTranslatorFactory: org.hibernate.hql.internal.ast.ASTQueryTranslatorFactory@2c97ae6d
02:20:25.292 [Test worker] DEBUG org.hibernate.hql.internal.ast.QueryTranslatorImpl - parse() - HQL: SELECT cert FROM com.epam.esm.model.entity.CertificateEntity cert WHERE cert.name = ?1
02:20:25.298 [Test worker] DEBUG org.hibernate.hql.internal.ast.ErrorTracker - throwQueryException() : no errors
02:20:25.304 [Test worker] DEBUG org.hibernate.hql.internal.ast.QueryTranslatorImpl - --- HQL AST ---
 \-[QUERY] Node: 'query'
    +-[SELECT_FROM] Node: 'SELECT_FROM'
    |  +-[FROM] Node: 'FROM'
    |  |  \-[RANGE] Node: 'RANGE'
    |  |     +-[DOT] Node: '.'
    |  |     |  +-[DOT] Node: '.'
    |  |     |  |  +-[DOT] Node: '.'
    |  |     |  |  |  +-[DOT] Node: '.'
    |  |     |  |  |  |  +-[DOT] Node: '.'
    |  |     |  |  |  |  |  +-[IDENT] Node: 'com'
    |  |     |  |  |  |  |  \-[IDENT] Node: 'epam'
    |  |     |  |  |  |  \-[IDENT] Node: 'esm'
    |  |     |  |  |  \-[IDENT] Node: 'model'
    |  |     |  |  \-[IDENT] Node: 'entity'
    |  |     |  \-[IDENT] Node: 'CertificateEntity'
    |  |     \-[ALIAS] Node: 'cert'
    |  \-[SELECT] Node: 'SELECT'
    |     \-[IDENT] Node: 'cert'
    \-[WHERE] Node: 'WHERE'
       \-[EQ] Node: '='
          +-[DOT] Node: '.'
          |  +-[IDENT] Node: 'cert'
          |  \-[IDENT] Node: 'name'
          \-[PARAM] Node: '?'
             \-[NUM_INT] Node: '1'

02:20:25.321 [Test worker] DEBUG org.hibernate.hql.internal.antlr.HqlSqlBaseWalker - select << begin [level=1, statement=select]
02:20:25.332 [Test worker] DEBUG org.hibernate.hql.internal.ast.tree.FromElement - FromClause{level=1} : com.epam.esm.model.entity.CertificateEntity (cert) -> certificat0_
02:20:25.333 [Test worker] DEBUG org.hibernate.hql.internal.ast.tree.FromReferenceNode - Resolved : cert -> certificat0_.id
02:20:25.336 [Test worker] DEBUG org.hibernate.hql.internal.ast.tree.FromReferenceNode - Resolved : cert -> certificat0_.id
02:20:25.337 [Test worker] DEBUG org.hibernate.hql.internal.ast.tree.DotNode - getDataType() : name -> org.hibernate.type.StringType@304dba7
02:20:25.338 [Test worker] DEBUG org.hibernate.hql.internal.ast.tree.FromReferenceNode - Resolved : cert.name -> certificat0_.name
02:20:25.340 [Test worker] DEBUG org.hibernate.hql.internal.antlr.HqlSqlBaseWalker - select : finishing up [level=1, statement=select]
02:20:25.340 [Test worker] DEBUG org.hibernate.hql.internal.ast.HqlSqlWalker - processQuery() :  ( SELECT ( {select clause} certificat0_.id ) ( FromClause{level=1} CertificateEntity certificat0_ ) ( WHERE ( = ( certificat0_.name certificat0_.id name ) ? ) ) )
02:20:25.348 [Test worker] DEBUG org.hibernate.hql.internal.ast.util.JoinProcessor - Tables referenced from query nodes:
 \-QueryNode
    +-SelectClause
    | referencedTables(entity CertificateEntity): [CertificateEntity]
    |  +-IdentNode
    |  | persister: SingleTableEntityPersister(com.epam.esm.model.entity.CertificateEntity)
    |  | originalText: cert
    |  \-SqlFragment
    +-FromClause
    |  \-FromElement
    \-SqlNode
       \-BinaryLogicOperatorNode
          +-DotNode
          | persister: SingleTableEntityPersister(com.epam.esm.model.entity.CertificateEntity)
          | path: cert.name
          |  +-IdentNode
          |  | persister: SingleTableEntityPersister(com.epam.esm.model.entity.CertificateEntity)
          |  | originalText: cert
          |  \-IdentNode
          |    persister: null
          |    originalText: name
          \-ParameterNode

02:20:25.351 [Test worker] DEBUG org.hibernate.hql.internal.ast.util.JoinProcessor - Using FROM fragment [CertificateEntity certificat0_]
02:20:25.352 [Test worker] DEBUG org.hibernate.hql.internal.antlr.HqlSqlBaseWalker - select >> end [level=1, statement=select]
02:20:25.352 [Test worker] DEBUG org.hibernate.hql.internal.ast.QueryTranslatorImpl - --- SQL AST ---
 \-[SELECT] QueryNode: 'SELECT'  querySpaces (CertificateEntity)
    +-[SELECT_CLAUSE] SelectClause: '{select clause}'
    |  +-[ALIAS_REF] IdentNode: 'certificat0_.id as id1_0_' {alias=cert, className=com.epam.esm.model.entity.CertificateEntity, tableAlias=certificat0_}
    |  \-[SQL_TOKEN] SqlFragment: 'certificat0_.createDate as createda2_0_, certificat0_.description as descript3_0_, certificat0_.duration as duration4_0_, certificat0_.lastUpdateDate as lastupda5_0_, certificat0_.name as name6_0_, certificat0_.price as price7_0_'
    +-[FROM] FromClause: 'FROM' FromClause{level=1, fromElementCounter=1, fromElements=1, fromElementByClassAlias=[cert], fromElementByTableAlias=[certificat0_], fromElementsByPath=[], collectionJoinFromElementsByPath=[], impliedElements=[]}
    |  \-[FROM_FRAGMENT] FromElement: 'CertificateEntity certificat0_' FromElement{explicit,not a collection join,not a fetch join,fetch non-lazy properties,classAlias=cert,role=null,tableName=CertificateEntity,tableAlias=certificat0_,origin=null,columns={,className=com.epam.esm.model.entity.CertificateEntity}}
    \-[WHERE] SqlNode: 'WHERE'
       \-[EQ] BinaryLogicOperatorNode: '='
          +-[DOT] DotNode: 'certificat0_.name' {propertyName=name,dereferenceType=PRIMITIVE,getPropertyPath=name,path=cert.name,tableAlias=certificat0_,className=com.epam.esm.model.entity.CertificateEntity,classAlias=cert}
          |  +-[ALIAS_REF] IdentNode: 'certificat0_.id' {alias=cert, className=com.epam.esm.model.entity.CertificateEntity, tableAlias=certificat0_}
          |  \-[IDENT] IdentNode: 'name' {originalText=name}
          \-[PARAM] ParameterNode: '?' {label=1, expectedType=org.hibernate.type.StringType@304dba7}

02:20:25.353 [Test worker] DEBUG org.hibernate.hql.internal.ast.ErrorTracker - throwQueryException() : no errors
02:20:25.359 [Test worker] DEBUG org.hibernate.hql.internal.ast.QueryTranslatorImpl - HQL: SELECT cert FROM com.epam.esm.model.entity.CertificateEntity cert WHERE cert.name = ?1
02:20:25.359 [Test worker] DEBUG org.hibernate.hql.internal.ast.QueryTranslatorImpl - SQL: select certificat0_.id as id1_0_, certificat0_.createDate as createda2_0_, certificat0_.description as descript3_0_, certificat0_.duration as duration4_0_, certificat0_.lastUpdateDate as lastupda5_0_, certificat0_.name as name6_0_, certificat0_.price as price7_0_ from CertificateEntity certificat0_ where certificat0_.name=?
02:20:25.359 [Test worker] DEBUG org.hibernate.hql.internal.ast.ErrorTracker - throwQueryException() : no errors
02:20:25.377 [Test worker] DEBUG org.hibernate.SQL - select certificat0_.id as id1_0_, certificat0_.createDate as createda2_0_, certificat0_.description as descript3_0_, certificat0_.duration as duration4_0_, certificat0_.lastUpdateDate as lastupda5_0_, certificat0_.name as name6_0_, certificat0_.price as price7_0_ from CertificateEntity certificat0_ where certificat0_.name=?
Hibernate: select certificat0_.id as id1_0_, certificat0_.createDate as createda2_0_, certificat0_.description as descript3_0_, certificat0_.duration as duration4_0_, certificat0_.lastUpdateDate as lastupda5_0_, certificat0_.name as name6_0_, certificat0_.price as price7_0_ from CertificateEntity certificat0_ where certificat0_.name=?
02:20:25.379 [Test worker] DEBUG org.hibernate.stat.internal.StatisticsImpl - HHH000117: HQL: SELECT cert FROM CertificateEntity cert WHERE cert.name = ?1, time: 3ms, rows: 0
02:20:25.385 [Test worker] DEBUG org.hibernate.engine.spi.ActionQueue - Executing identity-insert immediately
02:20:25.386 [Test worker] DEBUG org.hibernate.SQL - insert into CertificateEntity (id, createDate, description, duration, lastUpdateDate, name, price) values (null, ?, ?, ?, ?, ?, ?)
Hibernate: insert into CertificateEntity (id, createDate, description, duration, lastUpdateDate, name, price) values (null, ?, ?, ?, ?, ?, ?)
02:20:25.387 [Test worker] DEBUG org.hibernate.id.IdentifierGeneratorHelper - Natively generated identity: 2
02:20:25.387 [Test worker] DEBUG org.hibernate.resource.jdbc.internal.ResourceRegistryStandardImpl - HHH000387: ResultSet's statement was not registered
02:20:25.388 [Test worker] DEBUG org.hibernate.event.internal.AbstractFlushingEventListener - Processing flush-time cascades
02:20:25.388 [Test worker] DEBUG org.hibernate.event.internal.AbstractFlushingEventListener - Dirty checking collections
02:20:25.394 [Test worker] DEBUG org.hibernate.engine.internal.Collections - Collection found: [com.epam.esm.model.entity.CertificateEntity.tagEntities#2], was: [<unreferenced>] (initialized)
02:20:25.398 [Test worker] DEBUG org.hibernate.event.internal.AbstractFlushingEventListener - Flushed: 0 insertions, 0 updates, 0 deletions to 1 objects
02:20:25.398 [Test worker] DEBUG org.hibernate.event.internal.AbstractFlushingEventListener - Flushed: 1 (re)creations, 0 updates, 0 removals to 1 collections
02:20:25.399 [Test worker] DEBUG org.hibernate.internal.util.EntityPrinter - Listing entities:
02:20:25.400 [Test worker] DEBUG org.hibernate.internal.util.EntityPrinter - com.epam.esm.model.entity.CertificateEntity{duration=0, lastUpdateDate=null, price=0.0, tagEntities=[], name=0, description=null, id=2, createDate=null}
02:20:25.400 [Test worker] DEBUG org.hibernate.SQL - select certificat0_.id as id1_0_, certificat0_.createDate as createda2_0_, certificat0_.description as descript3_0_, certificat0_.duration as duration4_0_, certificat0_.lastUpdateDate as lastupda5_0_, certificat0_.name as name6_0_, certificat0_.price as price7_0_ from CertificateEntity certificat0_ where certificat0_.name=?
Hibernate: select certificat0_.id as id1_0_, certificat0_.createDate as createda2_0_, certificat0_.description as descript3_0_, certificat0_.duration as duration4_0_, certificat0_.lastUpdateDate as lastupda5_0_, certificat0_.name as name6_0_, certificat0_.price as price7_0_ from CertificateEntity certificat0_ where certificat0_.name=?
02:20:25.401 [Test worker] DEBUG org.hibernate.stat.internal.StatisticsImpl - HHH000117: HQL: SELECT cert FROM CertificateEntity cert WHERE cert.name = ?1, time: 0ms, rows: 0
02:20:25.401 [Test worker] DEBUG org.hibernate.engine.spi.ActionQueue - Executing identity-insert immediately
02:20:25.401 [Test worker] DEBUG org.hibernate.SQL - insert into CertificateEntity (id, createDate, description, duration, lastUpdateDate, name, price) values (null, ?, ?, ?, ?, ?, ?)
Hibernate: insert into CertificateEntity (id, createDate, description, duration, lastUpdateDate, name, price) values (null, ?, ?, ?, ?, ?, ?)
02:20:25.402 [Test worker] DEBUG org.hibernate.id.IdentifierGeneratorHelper - Natively generated identity: 3
02:20:25.402 [Test worker] DEBUG org.hibernate.resource.jdbc.internal.ResourceRegistryStandardImpl - HHH000387: ResultSet's statement was not registered
02:20:25.403 [Test worker] DEBUG org.hibernate.event.internal.AbstractFlushingEventListener - Processing flush-time cascades
02:20:25.403 [Test worker] DEBUG org.hibernate.event.internal.AbstractFlushingEventListener - Dirty checking collections
02:20:25.403 [Test worker] DEBUG org.hibernate.engine.internal.Collections - Collection found: [com.epam.esm.model.entity.CertificateEntity.tagEntities#2], was: [<unreferenced>] (initialized)
02:20:25.403 [Test worker] DEBUG org.hibernate.engine.internal.Collections - Collection found: [com.epam.esm.model.entity.CertificateEntity.tagEntities#3], was: [<unreferenced>] (initialized)
02:20:25.403 [Test worker] DEBUG org.hibernate.event.internal.AbstractFlushingEventListener - Flushed: 0 insertions, 0 updates, 0 deletions to 2 objects
02:20:25.404 [Test worker] DEBUG org.hibernate.event.internal.AbstractFlushingEventListener - Flushed: 2 (re)creations, 0 updates, 0 removals to 2 collections
02:20:25.404 [Test worker] DEBUG org.hibernate.internal.util.EntityPrinter - Listing entities:
02:20:25.404 [Test worker] DEBUG org.hibernate.internal.util.EntityPrinter - com.epam.esm.model.entity.CertificateEntity{duration=0, lastUpdateDate=null, price=0.0, tagEntities=[], name=0, description=null, id=2, createDate=null}
02:20:25.404 [Test worker] DEBUG org.hibernate.internal.util.EntityPrinter - com.epam.esm.model.entity.CertificateEntity{duration=0, lastUpdateDate=null, price=0.0, tagEntities=[], name=1, description=null, id=3, createDate=null}
02:20:25.404 [Test worker] DEBUG org.hibernate.SQL - select certificat0_.id as id1_0_, certificat0_.createDate as createda2_0_, certificat0_.description as descript3_0_, certificat0_.duration as duration4_0_, certificat0_.lastUpdateDate as lastupda5_0_, certificat0_.name as name6_0_, certificat0_.price as price7_0_ from CertificateEntity certificat0_ where certificat0_.name=?
Hibernate: select certificat0_.id as id1_0_, certificat0_.createDate as createda2_0_, certificat0_.description as descript3_0_, certificat0_.duration as duration4_0_, certificat0_.lastUpdateDate as lastupda5_0_, certificat0_.name as name6_0_, certificat0_.price as price7_0_ from CertificateEntity certificat0_ where certificat0_.name=?
02:20:25.405 [Test worker] DEBUG org.hibernate.stat.internal.StatisticsImpl - HHH000117: HQL: SELECT cert FROM CertificateEntity cert WHERE cert.name = ?1, time: 0ms, rows: 0
02:20:25.405 [Test worker] DEBUG org.hibernate.engine.spi.ActionQueue - Executing identity-insert immediately
02:20:25.405 [Test worker] DEBUG org.hibernate.SQL - insert into CertificateEntity (id, createDate, description, duration, lastUpdateDate, name, price) values (null, ?, ?, ?, ?, ?, ?)
Hibernate: insert into CertificateEntity (id, createDate, description, duration, lastUpdateDate, name, price) values (null, ?, ?, ?, ?, ?, ?)
02:20:25.406 [Test worker] DEBUG org.hibernate.id.IdentifierGeneratorHelper - Natively generated identity: 4
02:20:25.406 [Test worker] DEBUG org.hibernate.resource.jdbc.internal.ResourceRegistryStandardImpl - HHH000387: ResultSet's statement was not registered
02:20:25.407 [Test worker] DEBUG org.hibernate.event.internal.AbstractFlushingEventListener - Processing flush-time cascades
02:20:25.407 [Test worker] DEBUG org.hibernate.event.internal.AbstractFlushingEventListener - Dirty checking collections
02:20:25.407 [Test worker] DEBUG org.hibernate.engine.internal.Collections - Collection found: [com.epam.esm.model.entity.CertificateEntity.tagEntities#2], was: [<unreferenced>] (initialized)
02:20:25.407 [Test worker] DEBUG org.hibernate.engine.internal.Collections - Collection found: [com.epam.esm.model.entity.CertificateEntity.tagEntities#3], was: [<unreferenced>] (initialized)
02:20:25.407 [Test worker] DEBUG org.hibernate.engine.internal.Collections - Collection found: [com.epam.esm.model.entity.CertificateEntity.tagEntities#4], was: [<unreferenced>] (initialized)
02:20:25.408 [Test worker] DEBUG org.hibernate.event.internal.AbstractFlushingEventListener - Flushed: 0 insertions, 0 updates, 0 deletions to 3 objects
02:20:25.408 [Test worker] DEBUG org.hibernate.event.internal.AbstractFlushingEventListener - Flushed: 3 (re)creations, 0 updates, 0 removals to 3 collections
02:20:25.408 [Test worker] DEBUG org.hibernate.internal.util.EntityPrinter - Listing entities:
02:20:25.408 [Test worker] DEBUG org.hibernate.internal.util.EntityPrinter - com.epam.esm.model.entity.CertificateEntity{duration=0, lastUpdateDate=null, price=0.0, tagEntities=[], name=0, description=null, id=2, createDate=null}
02:20:25.408 [Test worker] DEBUG org.hibernate.internal.util.EntityPrinter - com.epam.esm.model.entity.CertificateEntity{duration=0, lastUpdateDate=null, price=0.0, tagEntities=[], name=1, description=null, id=3, createDate=null}
02:20:25.408 [Test worker] DEBUG org.hibernate.internal.util.EntityPrinter - com.epam.esm.model.entity.CertificateEntity{duration=0, lastUpdateDate=null, price=0.0, tagEntities=[], name=2, description=null, id=4, createDate=null}
02:20:25.408 [Test worker] DEBUG org.hibernate.SQL - select certificat0_.id as id1_0_, certificat0_.createDate as createda2_0_, certificat0_.description as descript3_0_, certificat0_.duration as duration4_0_, certificat0_.lastUpdateDate as lastupda5_0_, certificat0_.name as name6_0_, certificat0_.price as price7_0_ from CertificateEntity certificat0_ where certificat0_.name=?
Hibernate: select certificat0_.id as id1_0_, certificat0_.createDate as createda2_0_, certificat0_.description as descript3_0_, certificat0_.duration as duration4_0_, certificat0_.lastUpdateDate as lastupda5_0_, certificat0_.name as name6_0_, certificat0_.price as price7_0_ from CertificateEntity certificat0_ where certificat0_.name=?
02:20:25.409 [Test worker] DEBUG org.hibernate.stat.internal.StatisticsImpl - HHH000117: HQL: SELECT cert FROM CertificateEntity cert WHERE cert.name = ?1, time: 0ms, rows: 0
02:20:25.409 [Test worker] DEBUG org.hibernate.engine.spi.ActionQueue - Executing identity-insert immediately
02:20:25.410 [Test worker] DEBUG org.hibernate.SQL - insert into CertificateEntity (id, createDate, description, duration, lastUpdateDate, name, price) values (null, ?, ?, ?, ?, ?, ?)
Hibernate: insert into CertificateEntity (id, createDate, description, duration, lastUpdateDate, name, price) values (null, ?, ?, ?, ?, ?, ?)
02:20:25.410 [Test worker] DEBUG org.hibernate.id.IdentifierGeneratorHelper - Natively generated identity: 5
02:20:25.410 [Test worker] DEBUG org.hibernate.resource.jdbc.internal.ResourceRegistryStandardImpl - HHH000387: ResultSet's statement was not registered
02:20:25.411 [Test worker] DEBUG org.hibernate.event.internal.AbstractFlushingEventListener - Processing flush-time cascades
02:20:25.411 [Test worker] DEBUG org.hibernate.event.internal.AbstractFlushingEventListener - Dirty checking collections
02:20:25.411 [Test worker] DEBUG org.hibernate.engine.internal.Collections - Collection found: [com.epam.esm.model.entity.CertificateEntity.tagEntities#2], was: [<unreferenced>] (initialized)
02:20:25.411 [Test worker] DEBUG org.hibernate.engine.internal.Collections - Collection found: [com.epam.esm.model.entity.CertificateEntity.tagEntities#3], was: [<unreferenced>] (initialized)
02:20:25.412 [Test worker] DEBUG org.hibernate.engine.internal.Collections - Collection found: [com.epam.esm.model.entity.CertificateEntity.tagEntities#4], was: [<unreferenced>] (initialized)
02:20:25.412 [Test worker] DEBUG org.hibernate.engine.internal.Collections - Collection found: [com.epam.esm.model.entity.CertificateEntity.tagEntities#5], was: [<unreferenced>] (initialized)
02:20:25.412 [Test worker] DEBUG org.hibernate.event.internal.AbstractFlushingEventListener - Flushed: 0 insertions, 0 updates, 0 deletions to 4 objects
02:20:25.412 [Test worker] DEBUG org.hibernate.event.internal.AbstractFlushingEventListener - Flushed: 4 (re)creations, 0 updates, 0 removals to 4 collections
02:20:25.412 [Test worker] DEBUG org.hibernate.internal.util.EntityPrinter - Listing entities:
02:20:25.412 [Test worker] DEBUG org.hibernate.internal.util.EntityPrinter - com.epam.esm.model.entity.CertificateEntity{duration=0, lastUpdateDate=null, price=0.0, tagEntities=[], name=0, description=null, id=2, createDate=null}
02:20:25.412 [Test worker] DEBUG org.hibernate.internal.util.EntityPrinter - com.epam.esm.model.entity.CertificateEntity{duration=0, lastUpdateDate=null, price=0.0, tagEntities=[], name=1, description=null, id=3, createDate=null}
02:20:25.413 [Test worker] DEBUG org.hibernate.internal.util.EntityPrinter - com.epam.esm.model.entity.CertificateEntity{duration=0, lastUpdateDate=null, price=0.0, tagEntities=[], name=2, description=null, id=4, createDate=null}
02:20:25.413 [Test worker] DEBUG org.hibernate.internal.util.EntityPrinter - com.epam.esm.model.entity.CertificateEntity{duration=0, lastUpdateDate=null, price=0.0, tagEntities=[], name=3, description=null, id=5, createDate=null}
02:20:25.413 [Test worker] DEBUG org.hibernate.SQL - select certificat0_.id as id1_0_, certificat0_.createDate as createda2_0_, certificat0_.description as descript3_0_, certificat0_.duration as duration4_0_, certificat0_.lastUpdateDate as lastupda5_0_, certificat0_.name as name6_0_, certificat0_.price as price7_0_ from CertificateEntity certificat0_ where certificat0_.name=?
Hibernate: select certificat0_.id as id1_0_, certificat0_.createDate as createda2_0_, certificat0_.description as descript3_0_, certificat0_.duration as duration4_0_, certificat0_.lastUpdateDate as lastupda5_0_, certificat0_.name as name6_0_, certificat0_.price as price7_0_ from CertificateEntity certificat0_ where certificat0_.name=?
02:20:25.414 [Test worker] DEBUG org.hibernate.stat.internal.StatisticsImpl - HHH000117: HQL: SELECT cert FROM CertificateEntity cert WHERE cert.name = ?1, time: 0ms, rows: 0
02:20:25.414 [Test worker] DEBUG org.hibernate.engine.spi.ActionQueue - Executing identity-insert immediately
02:20:25.414 [Test worker] DEBUG org.hibernate.SQL - insert into CertificateEntity (id, createDate, description, duration, lastUpdateDate, name, price) values (null, ?, ?, ?, ?, ?, ?)
Hibernate: insert into CertificateEntity (id, createDate, description, duration, lastUpdateDate, name, price) values (null, ?, ?, ?, ?, ?, ?)
02:20:25.415 [Test worker] DEBUG org.hibernate.id.IdentifierGeneratorHelper - Natively generated identity: 6
02:20:25.415 [Test worker] DEBUG org.hibernate.resource.jdbc.internal.ResourceRegistryStandardImpl - HHH000387: ResultSet's statement was not registered
02:20:25.416 [Test worker] DEBUG org.hibernate.event.internal.AbstractFlushingEventListener - Processing flush-time cascades
02:20:25.416 [Test worker] DEBUG org.hibernate.event.internal.AbstractFlushingEventListener - Dirty checking collections
02:20:25.416 [Test worker] DEBUG org.hibernate.engine.internal.Collections - Collection found: [com.epam.esm.model.entity.CertificateEntity.tagEntities#2], was: [<unreferenced>] (initialized)
02:20:25.417 [Test worker] DEBUG org.hibernate.engine.internal.Collections - Collection found: [com.epam.esm.model.entity.CertificateEntity.tagEntities#3], was: [<unreferenced>] (initialized)
02:20:25.417 [Test worker] DEBUG org.hibernate.engine.internal.Collections - Collection found: [com.epam.esm.model.entity.CertificateEntity.tagEntities#4], was: [<unreferenced>] (initialized)
02:20:25.417 [Test worker] DEBUG org.hibernate.engine.internal.Collections - Collection found: [com.epam.esm.model.entity.CertificateEntity.tagEntities#5], was: [<unreferenced>] (initialized)
02:20:25.417 [Test worker] DEBUG org.hibernate.engine.internal.Collections - Collection found: [com.epam.esm.model.entity.CertificateEntity.tagEntities#6], was: [<unreferenced>] (initialized)
02:20:25.417 [Test worker] DEBUG org.hibernate.event.internal.AbstractFlushingEventListener - Flushed: 0 insertions, 0 updates, 0 deletions to 5 objects
02:20:25.417 [Test worker] DEBUG org.hibernate.event.internal.AbstractFlushingEventListener - Flushed: 5 (re)creations, 0 updates, 0 removals to 5 collections
02:20:25.417 [Test worker] DEBUG org.hibernate.internal.util.EntityPrinter - Listing entities:
02:20:25.418 [Test worker] DEBUG org.hibernate.internal.util.EntityPrinter - com.epam.esm.model.entity.CertificateEntity{duration=0, lastUpdateDate=null, price=0.0, tagEntities=[], name=0, description=null, id=2, createDate=null}
02:20:25.418 [Test worker] DEBUG org.hibernate.internal.util.EntityPrinter - com.epam.esm.model.entity.CertificateEntity{duration=0, lastUpdateDate=null, price=0.0, tagEntities=[], name=1, description=null, id=3, createDate=null}
02:20:25.418 [Test worker] DEBUG org.hibernate.internal.util.EntityPrinter - com.epam.esm.model.entity.CertificateEntity{duration=0, lastUpdateDate=null, price=0.0, tagEntities=[], name=2, description=null, id=4, createDate=null}
02:20:25.418 [Test worker] DEBUG org.hibernate.internal.util.EntityPrinter - com.epam.esm.model.entity.CertificateEntity{duration=0, lastUpdateDate=null, price=0.0, tagEntities=[], name=3, description=null, id=5, createDate=null}
02:20:25.418 [Test worker] DEBUG org.hibernate.internal.util.EntityPrinter - com.epam.esm.model.entity.CertificateEntity{duration=0, lastUpdateDate=null, price=0.0, tagEntities=[], name=4, description=null, id=6, createDate=null}
02:20:25.418 [Test worker] DEBUG org.hibernate.SQL - select certificat0_.id as id1_0_, certificat0_.createDate as createda2_0_, certificat0_.description as descript3_0_, certificat0_.duration as duration4_0_, certificat0_.lastUpdateDate as lastupda5_0_, certificat0_.name as name6_0_, certificat0_.price as price7_0_ from CertificateEntity certificat0_ where certificat0_.name=?
Hibernate: select certificat0_.id as id1_0_, certificat0_.createDate as createda2_0_, certificat0_.description as descript3_0_, certificat0_.duration as duration4_0_, certificat0_.lastUpdateDate as lastupda5_0_, certificat0_.name as name6_0_, certificat0_.price as price7_0_ from CertificateEntity certificat0_ where certificat0_.name=?
02:20:25.419 [Test worker] DEBUG org.hibernate.stat.internal.StatisticsImpl - HHH000117: HQL: SELECT cert FROM CertificateEntity cert WHERE cert.name = ?1, time: 0ms, rows: 0
02:20:25.419 [Test worker] DEBUG org.hibernate.engine.spi.ActionQueue - Executing identity-insert immediately
02:20:25.419 [Test worker] DEBUG org.hibernate.SQL - insert into CertificateEntity (id, createDate, description, duration, lastUpdateDate, name, price) values (null, ?, ?, ?, ?, ?, ?)
Hibernate: insert into CertificateEntity (id, createDate, description, duration, lastUpdateDate, name, price) values (null, ?, ?, ?, ?, ?, ?)
02:20:25.420 [Test worker] DEBUG org.hibernate.id.IdentifierGeneratorHelper - Natively generated identity: 7
02:20:25.420 [Test worker] DEBUG org.hibernate.resource.jdbc.internal.ResourceRegistryStandardImpl - HHH000387: ResultSet's statement was not registered
02:20:25.421 [Test worker] DEBUG org.hibernate.event.internal.AbstractFlushingEventListener - Processing flush-time cascades
02:20:25.421 [Test worker] DEBUG org.hibernate.event.internal.AbstractFlushingEventListener - Dirty checking collections
02:20:25.421 [Test worker] DEBUG org.hibernate.engine.internal.Collections - Collection found: [com.epam.esm.model.entity.CertificateEntity.tagEntities#2], was: [<unreferenced>] (initialized)
02:20:25.421 [Test worker] DEBUG org.hibernate.engine.internal.Collections - Collection found: [com.epam.esm.model.entity.CertificateEntity.tagEntities#3], was: [<unreferenced>] (initialized)
02:20:25.421 [Test worker] DEBUG org.hibernate.engine.internal.Collections - Collection found: [com.epam.esm.model.entity.CertificateEntity.tagEntities#4], was: [<unreferenced>] (initialized)
02:20:25.422 [Test worker] DEBUG org.hibernate.engine.internal.Collections - Collection found: [com.epam.esm.model.entity.CertificateEntity.tagEntities#5], was: [<unreferenced>] (initialized)
02:20:25.422 [Test worker] DEBUG org.hibernate.engine.internal.Collections - Collection found: [com.epam.esm.model.entity.CertificateEntity.tagEntities#6], was: [<unreferenced>] (initialized)
02:20:25.422 [Test worker] DEBUG org.hibernate.engine.internal.Collections - Collection found: [com.epam.esm.model.entity.CertificateEntity.tagEntities#7], was: [<unreferenced>] (initialized)
02:20:25.422 [Test worker] DEBUG org.hibernate.event.internal.AbstractFlushingEventListener - Flushed: 0 insertions, 0 updates, 0 deletions to 6 objects
02:20:25.422 [Test worker] DEBUG org.hibernate.event.internal.AbstractFlushingEventListener - Flushed: 6 (re)creations, 0 updates, 0 removals to 6 collections
02:20:25.422 [Test worker] DEBUG org.hibernate.internal.util.EntityPrinter - Listing entities:
02:20:25.422 [Test worker] DEBUG org.hibernate.internal.util.EntityPrinter - com.epam.esm.model.entity.CertificateEntity{duration=0, lastUpdateDate=null, price=0.0, tagEntities=[], name=0, description=null, id=2, createDate=null}
02:20:25.422 [Test worker] DEBUG org.hibernate.internal.util.EntityPrinter - com.epam.esm.model.entity.CertificateEntity{duration=0, lastUpdateDate=null, price=0.0, tagEntities=[], name=1, description=null, id=3, createDate=null}
02:20:25.423 [Test worker] DEBUG org.hibernate.internal.util.EntityPrinter - com.epam.esm.model.entity.CertificateEntity{duration=0, lastUpdateDate=null, price=0.0, tagEntities=[], name=2, description=null, id=4, createDate=null}
02:20:25.423 [Test worker] DEBUG org.hibernate.internal.util.EntityPrinter - com.epam.esm.model.entity.CertificateEntity{duration=0, lastUpdateDate=null, price=0.0, tagEntities=[], name=3, description=null, id=5, createDate=null}
02:20:25.423 [Test worker] DEBUG org.hibernate.internal.util.EntityPrinter - com.epam.esm.model.entity.CertificateEntity{duration=0, lastUpdateDate=null, price=0.0, tagEntities=[], name=4, description=null, id=6, createDate=null}
02:20:25.423 [Test worker] DEBUG org.hibernate.internal.util.EntityPrinter - com.epam.esm.model.entity.CertificateEntity{duration=0, lastUpdateDate=null, price=0.0, tagEntities=[], name=5, description=null, id=7, createDate=null}
02:20:25.423 [Test worker] DEBUG org.hibernate.SQL - select certificat0_.id as id1_0_, certificat0_.createDate as createda2_0_, certificat0_.description as descript3_0_, certificat0_.duration as duration4_0_, certificat0_.lastUpdateDate as lastupda5_0_, certificat0_.name as name6_0_, certificat0_.price as price7_0_ from CertificateEntity certificat0_ where certificat0_.name=?
Hibernate: select certificat0_.id as id1_0_, certificat0_.createDate as createda2_0_, certificat0_.description as descript3_0_, certificat0_.duration as duration4_0_, certificat0_.lastUpdateDate as lastupda5_0_, certificat0_.name as name6_0_, certificat0_.price as price7_0_ from CertificateEntity certificat0_ where certificat0_.name=?
02:20:25.424 [Test worker] DEBUG org.hibernate.stat.internal.StatisticsImpl - HHH000117: HQL: SELECT cert FROM CertificateEntity cert WHERE cert.name = ?1, time: 0ms, rows: 0
02:20:25.424 [Test worker] DEBUG org.hibernate.engine.spi.ActionQueue - Executing identity-insert immediately
02:20:25.424 [Test worker] DEBUG org.hibernate.SQL - insert into CertificateEntity (id, createDate, description, duration, lastUpdateDate, name, price) values (null, ?, ?, ?, ?, ?, ?)
Hibernate: insert into CertificateEntity (id, createDate, description, duration, lastUpdateDate, name, price) values (null, ?, ?, ?, ?, ?, ?)
02:20:25.425 [Test worker] DEBUG org.hibernate.id.IdentifierGeneratorHelper - Natively generated identity: 8
02:20:25.425 [Test worker] DEBUG org.hibernate.resource.jdbc.internal.ResourceRegistryStandardImpl - HHH000387: ResultSet's statement was not registered
02:20:25.425 [Test worker] DEBUG org.hibernate.event.internal.AbstractFlushingEventListener - Processing flush-time cascades
02:20:25.426 [Test worker] DEBUG org.hibernate.event.internal.AbstractFlushingEventListener - Dirty checking collections
02:20:25.426 [Test worker] DEBUG org.hibernate.engine.internal.Collections - Collection found: [com.epam.esm.model.entity.CertificateEntity.tagEntities#2], was: [<unreferenced>] (initialized)
02:20:25.426 [Test worker] DEBUG org.hibernate.engine.internal.Collections - Collection found: [com.epam.esm.model.entity.CertificateEntity.tagEntities#3], was: [<unreferenced>] (initialized)
02:20:25.426 [Test worker] DEBUG org.hibernate.engine.internal.Collections - Collection found: [com.epam.esm.model.entity.CertificateEntity.tagEntities#4], was: [<unreferenced>] (initialized)
02:20:25.426 [Test worker] DEBUG org.hibernate.engine.internal.Collections - Collection found: [com.epam.esm.model.entity.CertificateEntity.tagEntities#5], was: [<unreferenced>] (initialized)
02:20:25.426 [Test worker] DEBUG org.hibernate.engine.internal.Collections - Collection found: [com.epam.esm.model.entity.CertificateEntity.tagEntities#6], was: [<unreferenced>] (initialized)
02:20:25.426 [Test worker] DEBUG org.hibernate.engine.internal.Collections - Collection found: [com.epam.esm.model.entity.CertificateEntity.tagEntities#7], was: [<unreferenced>] (initialized)
02:20:25.427 [Test worker] DEBUG org.hibernate.engine.internal.Collections - Collection found: [com.epam.esm.model.entity.CertificateEntity.tagEntities#8], was: [<unreferenced>] (initialized)
02:20:25.427 [Test worker] DEBUG org.hibernate.event.internal.AbstractFlushingEventListener - Flushed: 0 insertions, 0 updates, 0 deletions to 7 objects
02:20:25.427 [Test worker] DEBUG org.hibernate.event.internal.AbstractFlushingEventListener - Flushed: 7 (re)creations, 0 updates, 0 removals to 7 collections
02:20:25.427 [Test worker] DEBUG org.hibernate.internal.util.EntityPrinter - Listing entities:
02:20:25.427 [Test worker] DEBUG org.hibernate.internal.util.EntityPrinter - com.epam.esm.model.entity.CertificateEntity{duration=0, lastUpdateDate=null, price=0.0, tagEntities=[], name=4, description=null, id=6, createDate=null}
02:20:25.427 [Test worker] DEBUG org.hibernate.internal.util.EntityPrinter - com.epam.esm.model.entity.CertificateEntity{duration=0, lastUpdateDate=null, price=0.0, tagEntities=[], name=5, description=null, id=7, createDate=null}
02:20:25.427 [Test worker] DEBUG org.hibernate.internal.util.EntityPrinter - com.epam.esm.model.entity.CertificateEntity{duration=0, lastUpdateDate=null, price=0.0, tagEntities=[], name=6, description=null, id=8, createDate=null}
02:20:25.427 [Test worker] DEBUG org.hibernate.internal.util.EntityPrinter - com.epam.esm.model.entity.CertificateEntity{duration=0, lastUpdateDate=null, price=0.0, tagEntities=[], name=0, description=null, id=2, createDate=null}
02:20:25.427 [Test worker] DEBUG org.hibernate.internal.util.EntityPrinter - com.epam.esm.model.entity.CertificateEntity{duration=0, lastUpdateDate=null, price=0.0, tagEntities=[], name=1, description=null, id=3, createDate=null}
02:20:25.427 [Test worker] DEBUG org.hibernate.internal.util.EntityPrinter - com.epam.esm.model.entity.CertificateEntity{duration=0, lastUpdateDate=null, price=0.0, tagEntities=[], name=2, description=null, id=4, createDate=null}
02:20:25.427 [Test worker] DEBUG org.hibernate.internal.util.EntityPrinter - com.epam.esm.model.entity.CertificateEntity{duration=0, lastUpdateDate=null, price=0.0, tagEntities=[], name=3, description=null, id=5, createDate=null}
02:20:25.428 [Test worker] DEBUG org.hibernate.SQL - select certificat0_.id as id1_0_, certificat0_.createDate as createda2_0_, certificat0_.description as descript3_0_, certificat0_.duration as duration4_0_, certificat0_.lastUpdateDate as lastupda5_0_, certificat0_.name as name6_0_, certificat0_.price as price7_0_ from CertificateEntity certificat0_ where certificat0_.name=?
Hibernate: select certificat0_.id as id1_0_, certificat0_.createDate as createda2_0_, certificat0_.description as descript3_0_, certificat0_.duration as duration4_0_, certificat0_.lastUpdateDate as lastupda5_0_, certificat0_.name as name6_0_, certificat0_.price as price7_0_ from CertificateEntity certificat0_ where certificat0_.name=?
02:20:25.428 [Test worker] DEBUG org.hibernate.stat.internal.StatisticsImpl - HHH000117: HQL: SELECT cert FROM CertificateEntity cert WHERE cert.name = ?1, time: 0ms, rows: 0
02:20:25.429 [Test worker] DEBUG org.hibernate.engine.spi.ActionQueue - Executing identity-insert immediately
02:20:25.429 [Test worker] DEBUG org.hibernate.SQL - insert into CertificateEntity (id, createDate, description, duration, lastUpdateDate, name, price) values (null, ?, ?, ?, ?, ?, ?)
Hibernate: insert into CertificateEntity (id, createDate, description, duration, lastUpdateDate, name, price) values (null, ?, ?, ?, ?, ?, ?)
02:20:25.430 [Test worker] DEBUG org.hibernate.id.IdentifierGeneratorHelper - Natively generated identity: 9
02:20:25.430 [Test worker] DEBUG org.hibernate.resource.jdbc.internal.ResourceRegistryStandardImpl - HHH000387: ResultSet's statement was not registered
02:20:25.430 [Test worker] DEBUG org.hibernate.event.internal.AbstractFlushingEventListener - Processing flush-time cascades
02:20:25.430 [Test worker] DEBUG org.hibernate.event.internal.AbstractFlushingEventListener - Dirty checking collections
02:20:25.431 [Test worker] DEBUG org.hibernate.engine.internal.Collections - Collection found: [com.epam.esm.model.entity.CertificateEntity.tagEntities#2], was: [<unreferenced>] (initialized)
02:20:25.431 [Test worker] DEBUG org.hibernate.engine.internal.Collections - Collection found: [com.epam.esm.model.entity.CertificateEntity.tagEntities#3], was: [<unreferenced>] (initialized)
02:20:25.431 [Test worker] DEBUG org.hibernate.engine.internal.Collections - Collection found: [com.epam.esm.model.entity.CertificateEntity.tagEntities#4], was: [<unreferenced>] (initialized)
02:20:25.431 [Test worker] DEBUG org.hibernate.engine.internal.Collections - Collection found: [com.epam.esm.model.entity.CertificateEntity.tagEntities#5], was: [<unreferenced>] (initialized)
02:20:25.431 [Test worker] DEBUG org.hibernate.engine.internal.Collections - Collection found: [com.epam.esm.model.entity.CertificateEntity.tagEntities#6], was: [<unreferenced>] (initialized)
02:20:25.431 [Test worker] DEBUG org.hibernate.engine.internal.Collections - Collection found: [com.epam.esm.model.entity.CertificateEntity.tagEntities#7], was: [<unreferenced>] (initialized)
02:20:25.432 [Test worker] DEBUG org.hibernate.engine.internal.Collections - Collection found: [com.epam.esm.model.entity.CertificateEntity.tagEntities#8], was: [<unreferenced>] (initialized)
02:20:25.432 [Test worker] DEBUG org.hibernate.engine.internal.Collections - Collection found: [com.epam.esm.model.entity.CertificateEntity.tagEntities#9], was: [<unreferenced>] (initialized)
02:20:25.432 [Test worker] DEBUG org.hibernate.event.internal.AbstractFlushingEventListener - Flushed: 0 insertions, 0 updates, 0 deletions to 8 objects
02:20:25.432 [Test worker] DEBUG org.hibernate.event.internal.AbstractFlushingEventListener - Flushed: 8 (re)creations, 0 updates, 0 removals to 8 collections
02:20:25.432 [Test worker] DEBUG org.hibernate.internal.util.EntityPrinter - Listing entities:
02:20:25.432 [Test worker] DEBUG org.hibernate.internal.util.EntityPrinter - com.epam.esm.model.entity.CertificateEntity{duration=0, lastUpdateDate=null, price=0.0, tagEntities=[], name=4, description=null, id=6, createDate=null}
02:20:25.432 [Test worker] DEBUG org.hibernate.internal.util.EntityPrinter - com.epam.esm.model.entity.CertificateEntity{duration=0, lastUpdateDate=null, price=0.0, tagEntities=[], name=5, description=null, id=7, createDate=null}
02:20:25.432 [Test worker] DEBUG org.hibernate.internal.util.EntityPrinter - com.epam.esm.model.entity.CertificateEntity{duration=0, lastUpdateDate=null, price=0.0, tagEntities=[], name=6, description=null, id=8, createDate=null}
02:20:25.432 [Test worker] DEBUG org.hibernate.internal.util.EntityPrinter - com.epam.esm.model.entity.CertificateEntity{duration=0, lastUpdateDate=null, price=0.0, tagEntities=[], name=7, description=null, id=9, createDate=null}
02:20:25.432 [Test worker] DEBUG org.hibernate.internal.util.EntityPrinter - com.epam.esm.model.entity.CertificateEntity{duration=0, lastUpdateDate=null, price=0.0, tagEntities=[], name=0, description=null, id=2, createDate=null}
02:20:25.433 [Test worker] DEBUG org.hibernate.internal.util.EntityPrinter - com.epam.esm.model.entity.CertificateEntity{duration=0, lastUpdateDate=null, price=0.0, tagEntities=[], name=1, description=null, id=3, createDate=null}
02:20:25.433 [Test worker] DEBUG org.hibernate.internal.util.EntityPrinter - com.epam.esm.model.entity.CertificateEntity{duration=0, lastUpdateDate=null, price=0.0, tagEntities=[], name=2, description=null, id=4, createDate=null}
02:20:25.433 [Test worker] DEBUG org.hibernate.internal.util.EntityPrinter - com.epam.esm.model.entity.CertificateEntity{duration=0, lastUpdateDate=null, price=0.0, tagEntities=[], name=3, description=null, id=5, createDate=null}
02:20:25.433 [Test worker] DEBUG org.hibernate.SQL - select certificat0_.id as id1_0_, certificat0_.createDate as createda2_0_, certificat0_.description as descript3_0_, certificat0_.duration as duration4_0_, certificat0_.lastUpdateDate as lastupda5_0_, certificat0_.name as name6_0_, certificat0_.price as price7_0_ from CertificateEntity certificat0_ where certificat0_.name=?
Hibernate: select certificat0_.id as id1_0_, certificat0_.createDate as createda2_0_, certificat0_.description as descript3_0_, certificat0_.duration as duration4_0_, certificat0_.lastUpdateDate as lastupda5_0_, certificat0_.name as name6_0_, certificat0_.price as price7_0_ from CertificateEntity certificat0_ where certificat0_.name=?
02:20:25.433 [Test worker] DEBUG org.hibernate.stat.internal.StatisticsImpl - HHH000117: HQL: SELECT cert FROM CertificateEntity cert WHERE cert.name = ?1, time: 0ms, rows: 0
02:20:25.434 [Test worker] DEBUG org.hibernate.engine.spi.ActionQueue - Executing identity-insert immediately
02:20:25.434 [Test worker] DEBUG org.hibernate.SQL - insert into CertificateEntity (id, createDate, description, duration, lastUpdateDate, name, price) values (null, ?, ?, ?, ?, ?, ?)
Hibernate: insert into CertificateEntity (id, createDate, description, duration, lastUpdateDate, name, price) values (null, ?, ?, ?, ?, ?, ?)
02:20:25.435 [Test worker] DEBUG org.hibernate.id.IdentifierGeneratorHelper - Natively generated identity: 10
02:20:25.435 [Test worker] DEBUG org.hibernate.resource.jdbc.internal.ResourceRegistryStandardImpl - HHH000387: ResultSet's statement was not registered
02:20:25.435 [Test worker] DEBUG org.hibernate.event.internal.AbstractFlushingEventListener - Processing flush-time cascades
02:20:25.435 [Test worker] DEBUG org.hibernate.event.internal.AbstractFlushingEventListener - Dirty checking collections
02:20:25.436 [Test worker] DEBUG org.hibernate.engine.internal.Collections - Collection found: [com.epam.esm.model.entity.CertificateEntity.tagEntities#2], was: [<unreferenced>] (initialized)
02:20:25.436 [Test worker] DEBUG org.hibernate.engine.internal.Collections - Collection found: [com.epam.esm.model.entity.CertificateEntity.tagEntities#3], was: [<unreferenced>] (initialized)
02:20:25.436 [Test worker] DEBUG org.hibernate.engine.internal.Collections - Collection found: [com.epam.esm.model.entity.CertificateEntity.tagEntities#4], was: [<unreferenced>] (initialized)
02:20:25.436 [Test worker] DEBUG org.hibernate.engine.internal.Collections - Collection found: [com.epam.esm.model.entity.CertificateEntity.tagEntities#5], was: [<unreferenced>] (initialized)
02:20:25.436 [Test worker] DEBUG org.hibernate.engine.internal.Collections - Collection found: [com.epam.esm.model.entity.CertificateEntity.tagEntities#6], was: [<unreferenced>] (initialized)
02:20:25.437 [Test worker] DEBUG org.hibernate.engine.internal.Collections - Collection found: [com.epam.esm.model.entity.CertificateEntity.tagEntities#7], was: [<unreferenced>] (initialized)
02:20:25.437 [Test worker] DEBUG org.hibernate.engine.internal.Collections - Collection found: [com.epam.esm.model.entity.CertificateEntity.tagEntities#8], was: [<unreferenced>] (initialized)
02:20:25.437 [Test worker] DEBUG org.hibernate.engine.internal.Collections - Collection found: [com.epam.esm.model.entity.CertificateEntity.tagEntities#9], was: [<unreferenced>] (initialized)
02:20:25.437 [Test worker] DEBUG org.hibernate.engine.internal.Collections - Collection found: [com.epam.esm.model.entity.CertificateEntity.tagEntities#10], was: [<unreferenced>] (initialized)
02:20:25.437 [Test worker] DEBUG org.hibernate.event.internal.AbstractFlushingEventListener - Flushed: 0 insertions, 0 updates, 0 deletions to 9 objects
02:20:25.437 [Test worker] DEBUG org.hibernate.event.internal.AbstractFlushingEventListener - Flushed: 9 (re)creations, 0 updates, 0 removals to 9 collections
02:20:25.437 [Test worker] DEBUG org.hibernate.internal.util.EntityPrinter - Listing entities:
02:20:25.437 [Test worker] DEBUG org.hibernate.internal.util.EntityPrinter - com.epam.esm.model.entity.CertificateEntity{duration=0, lastUpdateDate=null, price=0.0, tagEntities=[], name=8, description=null, id=10, createDate=null}
02:20:25.438 [Test worker] DEBUG org.hibernate.internal.util.EntityPrinter - com.epam.esm.model.entity.CertificateEntity{duration=0, lastUpdateDate=null, price=0.0, tagEntities=[], name=4, description=null, id=6, createDate=null}
02:20:25.438 [Test worker] DEBUG org.hibernate.internal.util.EntityPrinter - com.epam.esm.model.entity.CertificateEntity{duration=0, lastUpdateDate=null, price=0.0, tagEntities=[], name=5, description=null, id=7, createDate=null}
02:20:25.438 [Test worker] DEBUG org.hibernate.internal.util.EntityPrinter - com.epam.esm.model.entity.CertificateEntity{duration=0, lastUpdateDate=null, price=0.0, tagEntities=[], name=6, description=null, id=8, createDate=null}
02:20:25.438 [Test worker] DEBUG org.hibernate.internal.util.EntityPrinter - com.epam.esm.model.entity.CertificateEntity{duration=0, lastUpdateDate=null, price=0.0, tagEntities=[], name=7, description=null, id=9, createDate=null}
02:20:25.438 [Test worker] DEBUG org.hibernate.internal.util.EntityPrinter - com.epam.esm.model.entity.CertificateEntity{duration=0, lastUpdateDate=null, price=0.0, tagEntities=[], name=0, description=null, id=2, createDate=null}
02:20:25.438 [Test worker] DEBUG org.hibernate.internal.util.EntityPrinter - com.epam.esm.model.entity.CertificateEntity{duration=0, lastUpdateDate=null, price=0.0, tagEntities=[], name=1, description=null, id=3, createDate=null}
02:20:25.438 [Test worker] DEBUG org.hibernate.internal.util.EntityPrinter - com.epam.esm.model.entity.CertificateEntity{duration=0, lastUpdateDate=null, price=0.0, tagEntities=[], name=2, description=null, id=4, createDate=null}
02:20:25.438 [Test worker] DEBUG org.hibernate.internal.util.EntityPrinter - com.epam.esm.model.entity.CertificateEntity{duration=0, lastUpdateDate=null, price=0.0, tagEntities=[], name=3, description=null, id=5, createDate=null}
02:20:25.438 [Test worker] DEBUG org.hibernate.SQL - select certificat0_.id as id1_0_, certificat0_.createDate as createda2_0_, certificat0_.description as descript3_0_, certificat0_.duration as duration4_0_, certificat0_.lastUpdateDate as lastupda5_0_, certificat0_.name as name6_0_, certificat0_.price as price7_0_ from CertificateEntity certificat0_ where certificat0_.name=?
Hibernate: select certificat0_.id as id1_0_, certificat0_.createDate as createda2_0_, certificat0_.description as descript3_0_, certificat0_.duration as duration4_0_, certificat0_.lastUpdateDate as lastupda5_0_, certificat0_.name as name6_0_, certificat0_.price as price7_0_ from CertificateEntity certificat0_ where certificat0_.name=?
02:20:25.439 [Test worker] DEBUG org.hibernate.stat.internal.StatisticsImpl - HHH000117: HQL: SELECT cert FROM CertificateEntity cert WHERE cert.name = ?1, time: 0ms, rows: 0
02:20:25.439 [Test worker] DEBUG org.hibernate.engine.spi.ActionQueue - Executing identity-insert immediately
02:20:25.439 [Test worker] DEBUG org.hibernate.SQL - insert into CertificateEntity (id, createDate, description, duration, lastUpdateDate, name, price) values (null, ?, ?, ?, ?, ?, ?)
Hibernate: insert into CertificateEntity (id, createDate, description, duration, lastUpdateDate, name, price) values (null, ?, ?, ?, ?, ?, ?)
02:20:25.440 [Test worker] DEBUG org.hibernate.id.IdentifierGeneratorHelper - Natively generated identity: 11
02:20:25.440 [Test worker] DEBUG org.hibernate.resource.jdbc.internal.ResourceRegistryStandardImpl - HHH000387: ResultSet's statement was not registered
02:20:25.441 [Test worker] DEBUG org.hibernate.hql.internal.ast.QueryTranslatorImpl - parse() - HQL: SELECT cert FROM com.epam.esm.model.entity.CertificateEntity cert
02:20:25.441 [Test worker] DEBUG org.hibernate.hql.internal.ast.ErrorTracker - throwQueryException() : no errors
02:20:25.442 [Test worker] DEBUG org.hibernate.hql.internal.ast.QueryTranslatorImpl - --- HQL AST ---
 \-[QUERY] Node: 'query'
    \-[SELECT_FROM] Node: 'SELECT_FROM'
       +-[FROM] Node: 'FROM'
       |  \-[RANGE] Node: 'RANGE'
       |     +-[DOT] Node: '.'
       |     |  +-[DOT] Node: '.'
       |     |  |  +-[DOT] Node: '.'
       |     |  |  |  +-[DOT] Node: '.'
       |     |  |  |  |  +-[DOT] Node: '.'
       |     |  |  |  |  |  +-[IDENT] Node: 'com'
       |     |  |  |  |  |  \-[IDENT] Node: 'epam'
       |     |  |  |  |  \-[IDENT] Node: 'esm'
       |     |  |  |  \-[IDENT] Node: 'model'
       |     |  |  \-[IDENT] Node: 'entity'
       |     |  \-[IDENT] Node: 'CertificateEntity'
       |     \-[ALIAS] Node: 'cert'
       \-[SELECT] Node: 'SELECT'
          \-[IDENT] Node: 'cert'

02:20:25.442 [Test worker] DEBUG org.hibernate.hql.internal.antlr.HqlSqlBaseWalker - select << begin [level=1, statement=select]
02:20:25.443 [Test worker] DEBUG org.hibernate.hql.internal.ast.tree.FromElement - FromClause{level=1} : com.epam.esm.model.entity.CertificateEntity (cert) -> certificat0_
02:20:25.443 [Test worker] DEBUG org.hibernate.hql.internal.ast.tree.FromReferenceNode - Resolved : cert -> certificat0_.id
02:20:25.443 [Test worker] DEBUG org.hibernate.hql.internal.antlr.HqlSqlBaseWalker - select : finishing up [level=1, statement=select]
02:20:25.443 [Test worker] DEBUG org.hibernate.hql.internal.ast.HqlSqlWalker - processQuery() :  ( SELECT ( {select clause} certificat0_.id ) ( FromClause{level=1} CertificateEntity certificat0_ ) )
02:20:25.444 [Test worker] DEBUG org.hibernate.hql.internal.ast.util.JoinProcessor - Tables referenced from query nodes:
 \-QueryNode
    +-SelectClause
    | referencedTables(entity CertificateEntity): [CertificateEntity]
    |  +-IdentNode
    |  | persister: SingleTableEntityPersister(com.epam.esm.model.entity.CertificateEntity)
    |  | originalText: cert
    |  \-SqlFragment
    \-FromClause
       \-FromElement

02:20:25.444 [Test worker] DEBUG org.hibernate.hql.internal.ast.util.JoinProcessor - Using FROM fragment [CertificateEntity certificat0_]
02:20:25.444 [Test worker] DEBUG org.hibernate.hql.internal.antlr.HqlSqlBaseWalker - select >> end [level=1, statement=select]
02:20:25.444 [Test worker] DEBUG org.hibernate.hql.internal.ast.QueryTranslatorImpl - --- SQL AST ---
 \-[SELECT] QueryNode: 'SELECT'  querySpaces (CertificateEntity)
    +-[SELECT_CLAUSE] SelectClause: '{select clause}'
    |  +-[ALIAS_REF] IdentNode: 'certificat0_.id as id1_0_' {alias=cert, className=com.epam.esm.model.entity.CertificateEntity, tableAlias=certificat0_}
    |  \-[SQL_TOKEN] SqlFragment: 'certificat0_.createDate as createda2_0_, certificat0_.description as descript3_0_, certificat0_.duration as duration4_0_, certificat0_.lastUpdateDate as lastupda5_0_, certificat0_.name as name6_0_, certificat0_.price as price7_0_'
    \-[FROM] FromClause: 'FROM' FromClause{level=1, fromElementCounter=1, fromElements=1, fromElementByClassAlias=[cert], fromElementByTableAlias=[certificat0_], fromElementsByPath=[], collectionJoinFromElementsByPath=[], impliedElements=[]}
       \-[FROM_FRAGMENT] FromElement: 'CertificateEntity certificat0_' FromElement{explicit,not a collection join,not a fetch join,fetch non-lazy properties,classAlias=cert,role=null,tableName=CertificateEntity,tableAlias=certificat0_,origin=null,columns={,className=com.epam.esm.model.entity.CertificateEntity}}

02:20:25.444 [Test worker] DEBUG org.hibernate.hql.internal.ast.ErrorTracker - throwQueryException() : no errors
02:20:25.444 [Test worker] DEBUG org.hibernate.hql.internal.ast.QueryTranslatorImpl - HQL: SELECT cert FROM com.epam.esm.model.entity.CertificateEntity cert
02:20:25.444 [Test worker] DEBUG org.hibernate.hql.internal.ast.QueryTranslatorImpl - SQL: select certificat0_.id as id1_0_, certificat0_.createDate as createda2_0_, certificat0_.description as descript3_0_, certificat0_.duration as duration4_0_, certificat0_.lastUpdateDate as lastupda5_0_, certificat0_.name as name6_0_, certificat0_.price as price7_0_ from CertificateEntity certificat0_
02:20:25.444 [Test worker] DEBUG org.hibernate.hql.internal.ast.ErrorTracker - throwQueryException() : no errors
02:20:25.445 [Test worker] DEBUG org.hibernate.event.internal.AbstractFlushingEventListener - Processing flush-time cascades
02:20:25.445 [Test worker] DEBUG org.hibernate.event.internal.AbstractFlushingEventListener - Dirty checking collections
02:20:25.445 [Test worker] DEBUG org.hibernate.engine.internal.Collections - Collection found: [com.epam.esm.model.entity.CertificateEntity.tagEntities#2], was: [<unreferenced>] (initialized)
02:20:25.445 [Test worker] DEBUG org.hibernate.engine.internal.Collections - Collection found: [com.epam.esm.model.entity.CertificateEntity.tagEntities#3], was: [<unreferenced>] (initialized)
02:20:25.446 [Test worker] DEBUG org.hibernate.engine.internal.Collections - Collection found: [com.epam.esm.model.entity.CertificateEntity.tagEntities#4], was: [<unreferenced>] (initialized)
02:20:25.446 [Test worker] DEBUG org.hibernate.engine.internal.Collections - Collection found: [com.epam.esm.model.entity.CertificateEntity.tagEntities#5], was: [<unreferenced>] (initialized)
02:20:25.446 [Test worker] DEBUG org.hibernate.engine.internal.Collections - Collection found: [com.epam.esm.model.entity.CertificateEntity.tagEntities#6], was: [<unreferenced>] (initialized)
02:20:25.446 [Test worker] DEBUG org.hibernate.engine.internal.Collections - Collection found: [com.epam.esm.model.entity.CertificateEntity.tagEntities#7], was: [<unreferenced>] (initialized)
02:20:25.446 [Test worker] DEBUG org.hibernate.engine.internal.Collections - Collection found: [com.epam.esm.model.entity.CertificateEntity.tagEntities#8], was: [<unreferenced>] (initialized)
02:20:25.446 [Test worker] DEBUG org.hibernate.engine.internal.Collections - Collection found: [com.epam.esm.model.entity.CertificateEntity.tagEntities#9], was: [<unreferenced>] (initialized)
02:20:25.446 [Test worker] DEBUG org.hibernate.engine.internal.Collections - Collection found: [com.epam.esm.model.entity.CertificateEntity.tagEntities#10], was: [<unreferenced>] (initialized)
02:20:25.447 [Test worker] DEBUG org.hibernate.engine.internal.Collections - Collection found: [com.epam.esm.model.entity.CertificateEntity.tagEntities#11], was: [<unreferenced>] (initialized)
02:20:25.447 [Test worker] DEBUG org.hibernate.event.internal.AbstractFlushingEventListener - Flushed: 0 insertions, 0 updates, 0 deletions to 10 objects
02:20:25.447 [Test worker] DEBUG org.hibernate.event.internal.AbstractFlushingEventListener - Flushed: 10 (re)creations, 0 updates, 0 removals to 10 collections
02:20:25.447 [Test worker] DEBUG org.hibernate.internal.util.EntityPrinter - Listing entities:
02:20:25.447 [Test worker] DEBUG org.hibernate.internal.util.EntityPrinter - com.epam.esm.model.entity.CertificateEntity{duration=0, lastUpdateDate=null, price=0.0, tagEntities=[], name=8, description=null, id=10, createDate=null}
02:20:25.447 [Test worker] DEBUG org.hibernate.internal.util.EntityPrinter - com.epam.esm.model.entity.CertificateEntity{duration=0, lastUpdateDate=null, price=0.0, tagEntities=[], name=9, description=null, id=11, createDate=null}
02:20:25.447 [Test worker] DEBUG org.hibernate.internal.util.EntityPrinter - com.epam.esm.model.entity.CertificateEntity{duration=0, lastUpdateDate=null, price=0.0, tagEntities=[], name=4, description=null, id=6, createDate=null}
02:20:25.447 [Test worker] DEBUG org.hibernate.internal.util.EntityPrinter - com.epam.esm.model.entity.CertificateEntity{duration=0, lastUpdateDate=null, price=0.0, tagEntities=[], name=5, description=null, id=7, createDate=null}
02:20:25.447 [Test worker] DEBUG org.hibernate.internal.util.EntityPrinter - com.epam.esm.model.entity.CertificateEntity{duration=0, lastUpdateDate=null, price=0.0, tagEntities=[], name=6, description=null, id=8, createDate=null}
02:20:25.447 [Test worker] DEBUG org.hibernate.internal.util.EntityPrinter - com.epam.esm.model.entity.CertificateEntity{duration=0, lastUpdateDate=null, price=0.0, tagEntities=[], name=7, description=null, id=9, createDate=null}
02:20:25.447 [Test worker] DEBUG org.hibernate.internal.util.EntityPrinter - com.epam.esm.model.entity.CertificateEntity{duration=0, lastUpdateDate=null, price=0.0, tagEntities=[], name=0, description=null, id=2, createDate=null}
02:20:25.447 [Test worker] DEBUG org.hibernate.internal.util.EntityPrinter - com.epam.esm.model.entity.CertificateEntity{duration=0, lastUpdateDate=null, price=0.0, tagEntities=[], name=1, description=null, id=3, createDate=null}
02:20:25.448 [Test worker] DEBUG org.hibernate.internal.util.EntityPrinter - com.epam.esm.model.entity.CertificateEntity{duration=0, lastUpdateDate=null, price=0.0, tagEntities=[], name=2, description=null, id=4, createDate=null}
02:20:25.448 [Test worker] DEBUG org.hibernate.internal.util.EntityPrinter - com.epam.esm.model.entity.CertificateEntity{duration=0, lastUpdateDate=null, price=0.0, tagEntities=[], name=3, description=null, id=5, createDate=null}
02:20:25.448 [Test worker] DEBUG org.hibernate.SQL - select certificat0_.id as id1_0_, certificat0_.createDate as createda2_0_, certificat0_.description as descript3_0_, certificat0_.duration as duration4_0_, certificat0_.lastUpdateDate as lastupda5_0_, certificat0_.name as name6_0_, certificat0_.price as price7_0_ from CertificateEntity certificat0_
Hibernate: select certificat0_.id as id1_0_, certificat0_.createDate as createda2_0_, certificat0_.description as descript3_0_, certificat0_.duration as duration4_0_, certificat0_.lastUpdateDate as lastupda5_0_, certificat0_.name as name6_0_, certificat0_.price as price7_0_ from CertificateEntity certificat0_
02:20:25.449 [Test worker] DEBUG org.hibernate.loader.Loader - Result set row: 0
02:20:25.450 [Test worker] DEBUG org.hibernate.loader.Loader - Result row: EntityKey[com.epam.esm.model.entity.CertificateEntity#2]
02:20:25.451 [Test worker] DEBUG org.hibernate.loader.Loader - Result set row: 1
02:20:25.451 [Test worker] DEBUG org.hibernate.loader.Loader - Result row: EntityKey[com.epam.esm.model.entity.CertificateEntity#3]
02:20:25.451 [Test worker] DEBUG org.hibernate.loader.Loader - Result set row: 2
02:20:25.451 [Test worker] DEBUG org.hibernate.loader.Loader - Result row: EntityKey[com.epam.esm.model.entity.CertificateEntity#4]
02:20:25.451 [Test worker] DEBUG org.hibernate.loader.Loader - Result set row: 3
02:20:25.451 [Test worker] DEBUG org.hibernate.loader.Loader - Result row: EntityKey[com.epam.esm.model.entity.CertificateEntity#5]
02:20:25.451 [Test worker] DEBUG org.hibernate.loader.Loader - Result set row: 4
02:20:25.451 [Test worker] DEBUG org.hibernate.loader.Loader - Result row: EntityKey[com.epam.esm.model.entity.CertificateEntity#6]
02:20:25.451 [Test worker] DEBUG org.hibernate.loader.Loader - Result set row: 5
02:20:25.451 [Test worker] DEBUG org.hibernate.loader.Loader - Result row: EntityKey[com.epam.esm.model.entity.CertificateEntity#7]
02:20:25.451 [Test worker] DEBUG org.hibernate.loader.Loader - Result set row: 6
02:20:25.451 [Test worker] DEBUG org.hibernate.loader.Loader - Result row: EntityKey[com.epam.esm.model.entity.CertificateEntity#8]
02:20:25.451 [Test worker] DEBUG org.hibernate.loader.Loader - Result set row: 7
02:20:25.451 [Test worker] DEBUG org.hibernate.loader.Loader - Result row: EntityKey[com.epam.esm.model.entity.CertificateEntity#9]
02:20:25.451 [Test worker] DEBUG org.hibernate.loader.Loader - Result set row: 8
02:20:25.452 [Test worker] DEBUG org.hibernate.loader.Loader - Result row: EntityKey[com.epam.esm.model.entity.CertificateEntity#10]
02:20:25.452 [Test worker] DEBUG org.hibernate.loader.Loader - Result set row: 9
02:20:25.452 [Test worker] DEBUG org.hibernate.loader.Loader - Result row: EntityKey[com.epam.esm.model.entity.CertificateEntity#11]
02:20:25.453 [Test worker] DEBUG org.hibernate.stat.internal.StatisticsImpl - HHH000117: HQL: SELECT cert FROM CertificateEntity cert, time: 4ms, rows: 10
02:20:25.453 [Test worker] DEBUG org.springframework.test.context.cache.DefaultCacheAwareContextLoaderDelegate - Retrieved ApplicationContext [1806878190] from cache with key [[MergedContextConfiguration@1d733d37 testClass = CertificateDaoImplTest, locations = '{}', classes = '{class com.epam.esm.configuration.DaoTestConfiguration}', contextInitializerClasses = '[]', activeProfiles = '{}', propertySourceLocations = '{}', propertySourceProperties = '{}', contextCustomizers = set[org.springframework.boot.test.autoconfigure.actuate.metrics.MetricsExportContextCustomizerFactory$DisableMetricExportContextCustomizer@491e42b4, org.springframework.boot.test.autoconfigure.properties.PropertyMappingContextCustomizer@0, org.springframework.boot.test.autoconfigure.web.servlet.WebDriverContextCustomizerFactory$Customizer@1970d49a, org.springframework.boot.test.context.filter.ExcludeFilterContextCustomizer@178e422e, org.springframework.boot.test.json.DuplicateJsonObjectContextCustomizerFactory$DuplicateJsonObjectContextCustomizer@1cf9c2c, org.springframework.boot.test.mock.mockito.MockitoContextCustomizer@0], contextLoader = 'org.springframework.test.context.support.DelegatingSmartContextLoader', parent = [null]]]
02:20:25.453 [Test worker] DEBUG org.springframework.test.context.cache - Spring test ApplicationContext cache statistics: [DefaultContextCache@6016e6b7 size = 1, maxSize = 32, parentContextCount = 0, hitCount = 18, missCount = 1]
02:20:25.453 [Test worker] DEBUG org.springframework.test.context.cache.DefaultCacheAwareContextLoaderDelegate - Retrieved ApplicationContext [1806878190] from cache with key [[MergedContextConfiguration@1d733d37 testClass = CertificateDaoImplTest, locations = '{}', classes = '{class com.epam.esm.configuration.DaoTestConfiguration}', contextInitializerClasses = '[]', activeProfiles = '{}', propertySourceLocations = '{}', propertySourceProperties = '{}', contextCustomizers = set[org.springframework.boot.test.autoconfigure.actuate.metrics.MetricsExportContextCustomizerFactory$DisableMetricExportContextCustomizer@491e42b4, org.springframework.boot.test.autoconfigure.properties.PropertyMappingContextCustomizer@0, org.springframework.boot.test.autoconfigure.web.servlet.WebDriverContextCustomizerFactory$Customizer@1970d49a, org.springframework.boot.test.context.filter.ExcludeFilterContextCustomizer@178e422e, org.springframework.boot.test.json.DuplicateJsonObjectContextCustomizerFactory$DuplicateJsonObjectContextCustomizer@1cf9c2c, org.springframework.boot.test.mock.mockito.MockitoContextCustomizer@0], contextLoader = 'org.springframework.test.context.support.DelegatingSmartContextLoader', parent = [null]]]
02:20:25.454 [Test worker] DEBUG org.springframework.test.context.cache - Spring test ApplicationContext cache statistics: [DefaultContextCache@6016e6b7 size = 1, maxSize = 32, parentContextCount = 0, hitCount = 19, missCount = 1]
02:20:25.454 [Test worker] DEBUG org.springframework.test.context.cache.DefaultCacheAwareContextLoaderDelegate - Retrieved ApplicationContext [1806878190] from cache with key [[MergedContextConfiguration@1d733d37 testClass = CertificateDaoImplTest, locations = '{}', classes = '{class com.epam.esm.configuration.DaoTestConfiguration}', contextInitializerClasses = '[]', activeProfiles = '{}', propertySourceLocations = '{}', propertySourceProperties = '{}', contextCustomizers = set[org.springframework.boot.test.autoconfigure.actuate.metrics.MetricsExportContextCustomizerFactory$DisableMetricExportContextCustomizer@491e42b4, org.springframework.boot.test.autoconfigure.properties.PropertyMappingContextCustomizer@0, org.springframework.boot.test.autoconfigure.web.servlet.WebDriverContextCustomizerFactory$Customizer@1970d49a, org.springframework.boot.test.context.filter.ExcludeFilterContextCustomizer@178e422e, org.springframework.boot.test.json.DuplicateJsonObjectContextCustomizerFactory$DuplicateJsonObjectContextCustomizer@1cf9c2c, org.springframework.boot.test.mock.mockito.MockitoContextCustomizer@0], contextLoader = 'org.springframework.test.context.support.DelegatingSmartContextLoader', parent = [null]]]
02:20:25.454 [Test worker] DEBUG org.springframework.test.context.cache - Spring test ApplicationContext cache statistics: [DefaultContextCache@6016e6b7 size = 1, maxSize = 32, parentContextCount = 0, hitCount = 20, missCount = 1]
02:20:25.455 [Test worker] DEBUG org.springframework.test.context.cache.DefaultCacheAwareContextLoaderDelegate - Retrieved ApplicationContext [1806878190] from cache with key [[MergedContextConfiguration@1d733d37 testClass = CertificateDaoImplTest, locations = '{}', classes = '{class com.epam.esm.configuration.DaoTestConfiguration}', contextInitializerClasses = '[]', activeProfiles = '{}', propertySourceLocations = '{}', propertySourceProperties = '{}', contextCustomizers = set[org.springframework.boot.test.autoconfigure.actuate.metrics.MetricsExportContextCustomizerFactory$DisableMetricExportContextCustomizer@491e42b4, org.springframework.boot.test.autoconfigure.properties.PropertyMappingContextCustomizer@0, org.springframework.boot.test.autoconfigure.web.servlet.WebDriverContextCustomizerFactory$Customizer@1970d49a, org.springframework.boot.test.context.filter.ExcludeFilterContextCustomizer@178e422e, org.springframework.boot.test.json.DuplicateJsonObjectContextCustomizerFactory$DuplicateJsonObjectContextCustomizer@1cf9c2c, org.springframework.boot.test.mock.mockito.MockitoContextCustomizer@0], contextLoader = 'org.springframework.test.context.support.DelegatingSmartContextLoader', parent = [null]]]
02:20:25.455 [Test worker] DEBUG org.springframework.test.context.cache - Spring test ApplicationContext cache statistics: [DefaultContextCache@6016e6b7 size = 1, maxSize = 32, parentContextCount = 0, hitCount = 21, missCount = 1]
02:20:25.455 [Test worker] DEBUG org.springframework.test.context.cache.DefaultCacheAwareContextLoaderDelegate - Retrieved ApplicationContext [1806878190] from cache with key [[MergedContextConfiguration@1d733d37 testClass = CertificateDaoImplTest, locations = '{}', classes = '{class com.epam.esm.configuration.DaoTestConfiguration}', contextInitializerClasses = '[]', activeProfiles = '{}', propertySourceLocations = '{}', propertySourceProperties = '{}', contextCustomizers = set[org.springframework.boot.test.autoconfigure.actuate.metrics.MetricsExportContextCustomizerFactory$DisableMetricExportContextCustomizer@491e42b4, org.springframework.boot.test.autoconfigure.properties.PropertyMappingContextCustomizer@0, org.springframework.boot.test.autoconfigure.web.servlet.WebDriverContextCustomizerFactory$Customizer@1970d49a, org.springframework.boot.test.context.filter.ExcludeFilterContextCustomizer@178e422e, org.springframework.boot.test.json.DuplicateJsonObjectContextCustomizerFactory$DuplicateJsonObjectContextCustomizer@1cf9c2c, org.springframework.boot.test.mock.mockito.MockitoContextCustomizer@0], contextLoader = 'org.springframework.test.context.support.DelegatingSmartContextLoader', parent = [null]]]
02:20:25.455 [Test worker] DEBUG org.springframework.test.context.cache - Spring test ApplicationContext cache statistics: [DefaultContextCache@6016e6b7 size = 1, maxSize = 32, parentContextCount = 0, hitCount = 22, missCount = 1]
02:20:25.456 [Test worker] DEBUG org.springframework.test.context.cache.DefaultCacheAwareContextLoaderDelegate - Retrieved ApplicationContext [1806878190] from cache with key [[MergedContextConfiguration@1d733d37 testClass = CertificateDaoImplTest, locations = '{}', classes = '{class com.epam.esm.configuration.DaoTestConfiguration}', contextInitializerClasses = '[]', activeProfiles = '{}', propertySourceLocations = '{}', propertySourceProperties = '{}', contextCustomizers = set[org.springframework.boot.test.autoconfigure.actuate.metrics.MetricsExportContextCustomizerFactory$DisableMetricExportContextCustomizer@491e42b4, org.springframework.boot.test.autoconfigure.properties.PropertyMappingContextCustomizer@0, org.springframework.boot.test.autoconfigure.web.servlet.WebDriverContextCustomizerFactory$Customizer@1970d49a, org.springframework.boot.test.context.filter.ExcludeFilterContextCustomizer@178e422e, org.springframework.boot.test.json.DuplicateJsonObjectContextCustomizerFactory$DuplicateJsonObjectContextCustomizer@1cf9c2c, org.springframework.boot.test.mock.mockito.MockitoContextCustomizer@0], contextLoader = 'org.springframework.test.context.support.DelegatingSmartContextLoader', parent = [null]]]
02:20:25.456 [Test worker] DEBUG org.springframework.test.context.cache - Spring test ApplicationContext cache statistics: [DefaultContextCache@6016e6b7 size = 1, maxSize = 32, parentContextCount = 0, hitCount = 23, missCount = 1]
02:20:25.456 [Test worker] DEBUG org.springframework.orm.jpa.JpaTransactionManager - Initiating transaction rollback
02:20:25.456 [Test worker] DEBUG org.springframework.orm.jpa.JpaTransactionManager - Rolling back JPA transaction on EntityManager [SessionImpl(832633792<open>)]
02:20:25.456 [Test worker] DEBUG org.hibernate.engine.transaction.internal.TransactionImpl - rolling back
02:20:25.457 [Test worker] DEBUG org.springframework.orm.jpa.JpaTransactionManager - Closing JPA EntityManager [SessionImpl(832633792<open>)] after transaction
02:20:25.458 [Test worker] INFO org.hibernate.engine.internal.StatisticalLoggingSessionEventListener - Session Metrics {
    785034 nanoseconds spent acquiring 1 JDBC connections;
    0 nanoseconds spent releasing 0 JDBC connections;
    2295848 nanoseconds spent preparing 21 JDBC statements;
    6218561 nanoseconds spent executing 21 JDBC statements;
    0 nanoseconds spent executing 0 JDBC batches;
    0 nanoseconds spent performing 0 L2C puts;
    0 nanoseconds spent performing 0 L2C hits;
    0 nanoseconds spent performing 0 L2C misses;
    0 nanoseconds spent executing 0 flushes (flushing a total of 0 entities and 0 collections);
    33111314 nanoseconds spent executing 11 partial-flushes (flushing a total of 55 entities and 55 collections)
}
02:20:25.458 [Test worker] INFO org.springframework.test.context.transaction.TransactionContext - Rolled back transaction for test: [DefaultTestContext@29934d06 testClass = CertificateDaoImplTest, testInstance = com.epam.esm.dao.impl.CertificateDaoImplTest@17568cb4, testMethod = loadAllTest@CertificateDaoImplTest, testException = [null], mergedContextConfiguration = [MergedContextConfiguration@1d733d37 testClass = CertificateDaoImplTest, locations = '{}', classes = '{class com.epam.esm.configuration.DaoTestConfiguration}', contextInitializerClasses = '[]', activeProfiles = '{}', propertySourceLocations = '{}', propertySourceProperties = '{}', contextCustomizers = set[org.springframework.boot.test.autoconfigure.actuate.metrics.MetricsExportContextCustomizerFactory$DisableMetricExportContextCustomizer@491e42b4, org.springframework.boot.test.autoconfigure.properties.PropertyMappingContextCustomizer@0, org.springframework.boot.test.autoconfigure.web.servlet.WebDriverContextCustomizerFactory$Customizer@1970d49a, org.springframework.boot.test.context.filter.ExcludeFilterContextCustomizer@178e422e, org.springframework.boot.test.json.DuplicateJsonObjectContextCustomizerFactory$DuplicateJsonObjectContextCustomizer@1cf9c2c, org.springframework.boot.test.mock.mockito.MockitoContextCustomizer@0], contextLoader = 'org.springframework.test.context.support.DelegatingSmartContextLoader', parent = [null]], attributes = map['org.springframework.test.context.event.ApplicationEventsTestExecutionListener.recordApplicationEvents' -> false]]
02:20:25.459 [Test worker] DEBUG org.springframework.test.context.support.AbstractDirtiesContextTestExecutionListener - After test method: context [DefaultTestContext@29934d06 testClass = CertificateDaoImplTest, testInstance = com.epam.esm.dao.impl.CertificateDaoImplTest@17568cb4, testMethod = loadAllTest@CertificateDaoImplTest, testException = [null], mergedContextConfiguration = [MergedContextConfiguration@1d733d37 testClass = CertificateDaoImplTest, locations = '{}', classes = '{class com.epam.esm.configuration.DaoTestConfiguration}', contextInitializerClasses = '[]', activeProfiles = '{}', propertySourceLocations = '{}', propertySourceProperties = '{}', contextCustomizers = set[org.springframework.boot.test.autoconfigure.actuate.metrics.MetricsExportContextCustomizerFactory$DisableMetricExportContextCustomizer@491e42b4, org.springframework.boot.test.autoconfigure.properties.PropertyMappingContextCustomizer@0, org.springframework.boot.test.autoconfigure.web.servlet.WebDriverContextCustomizerFactory$Customizer@1970d49a, org.springframework.boot.test.context.filter.ExcludeFilterContextCustomizer@178e422e, org.springframework.boot.test.json.DuplicateJsonObjectContextCustomizerFactory$DuplicateJsonObjectContextCustomizer@1cf9c2c, org.springframework.boot.test.mock.mockito.MockitoContextCustomizer@0], contextLoader = 'org.springframework.test.context.support.DelegatingSmartContextLoader', parent = [null]], attributes = map['org.springframework.test.context.event.ApplicationEventsTestExecutionListener.recordApplicationEvents' -> false]], class annotated with @DirtiesContext [false] with mode [null], method annotated with @DirtiesContext [false] with mode [null].
02:20:25.459 [Test worker] DEBUG org.springframework.test.context.support.DependencyInjectionTestExecutionListener - Performing dependency injection for test context [[DefaultTestContext@29934d06 testClass = CertificateDaoImplTest, testInstance = com.epam.esm.dao.impl.CertificateDaoImplTest@175711c3, testMethod = [null], testException = [null], mergedContextConfiguration = [MergedContextConfiguration@1d733d37 testClass = CertificateDaoImplTest, locations = '{}', classes = '{class com.epam.esm.configuration.DaoTestConfiguration}', contextInitializerClasses = '[]', activeProfiles = '{}', propertySourceLocations = '{}', propertySourceProperties = '{}', contextCustomizers = set[org.springframework.boot.test.autoconfigure.actuate.metrics.MetricsExportContextCustomizerFactory$DisableMetricExportContextCustomizer@491e42b4, org.springframework.boot.test.autoconfigure.properties.PropertyMappingContextCustomizer@0, org.springframework.boot.test.autoconfigure.web.servlet.WebDriverContextCustomizerFactory$Customizer@1970d49a, org.springframework.boot.test.context.filter.ExcludeFilterContextCustomizer@178e422e, org.springframework.boot.test.json.DuplicateJsonObjectContextCustomizerFactory$DuplicateJsonObjectContextCustomizer@1cf9c2c, org.springframework.boot.test.mock.mockito.MockitoContextCustomizer@0], contextLoader = 'org.springframework.test.context.support.DelegatingSmartContextLoader', parent = [null]], attributes = map['org.springframework.test.context.event.ApplicationEventsTestExecutionListener.recordApplicationEvents' -> false]]].
02:20:25.460 [Test worker] DEBUG org.springframework.test.context.cache.DefaultCacheAwareContextLoaderDelegate - Retrieved ApplicationContext [1806878190] from cache with key [[MergedContextConfiguration@1d733d37 testClass = CertificateDaoImplTest, locations = '{}', classes = '{class com.epam.esm.configuration.DaoTestConfiguration}', contextInitializerClasses = '[]', activeProfiles = '{}', propertySourceLocations = '{}', propertySourceProperties = '{}', contextCustomizers = set[org.springframework.boot.test.autoconfigure.actuate.metrics.MetricsExportContextCustomizerFactory$DisableMetricExportContextCustomizer@491e42b4, org.springframework.boot.test.autoconfigure.properties.PropertyMappingContextCustomizer@0, org.springframework.boot.test.autoconfigure.web.servlet.WebDriverContextCustomizerFactory$Customizer@1970d49a, org.springframework.boot.test.context.filter.ExcludeFilterContextCustomizer@178e422e, org.springframework.boot.test.json.DuplicateJsonObjectContextCustomizerFactory$DuplicateJsonObjectContextCustomizer@1cf9c2c, org.springframework.boot.test.mock.mockito.MockitoContextCustomizer@0], contextLoader = 'org.springframework.test.context.support.DelegatingSmartContextLoader', parent = [null]]]
02:20:25.460 [Test worker] DEBUG org.springframework.test.context.cache - Spring test ApplicationContext cache statistics: [DefaultContextCache@6016e6b7 size = 1, maxSize = 32, parentContextCount = 0, hitCount = 24, missCount = 1]
02:20:25.460 [Test worker] DEBUG org.springframework.test.context.cache.DefaultCacheAwareContextLoaderDelegate - Retrieved ApplicationContext [1806878190] from cache with key [[MergedContextConfiguration@1d733d37 testClass = CertificateDaoImplTest, locations = '{}', classes = '{class com.epam.esm.configuration.DaoTestConfiguration}', contextInitializerClasses = '[]', activeProfiles = '{}', propertySourceLocations = '{}', propertySourceProperties = '{}', contextCustomizers = set[org.springframework.boot.test.autoconfigure.actuate.metrics.MetricsExportContextCustomizerFactory$DisableMetricExportContextCustomizer@491e42b4, org.springframework.boot.test.autoconfigure.properties.PropertyMappingContextCustomizer@0, org.springframework.boot.test.autoconfigure.web.servlet.WebDriverContextCustomizerFactory$Customizer@1970d49a, org.springframework.boot.test.context.filter.ExcludeFilterContextCustomizer@178e422e, org.springframework.boot.test.json.DuplicateJsonObjectContextCustomizerFactory$DuplicateJsonObjectContextCustomizer@1cf9c2c, org.springframework.boot.test.mock.mockito.MockitoContextCustomizer@0], contextLoader = 'org.springframework.test.context.support.DelegatingSmartContextLoader', parent = [null]]]
02:20:25.460 [Test worker] DEBUG org.springframework.test.context.cache - Spring test ApplicationContext cache statistics: [DefaultContextCache@6016e6b7 size = 1, maxSize = 32, parentContextCount = 0, hitCount = 25, missCount = 1]
02:20:25.462 [Test worker] DEBUG org.springframework.test.context.support.AbstractDirtiesContextTestExecutionListener - Before test method: context [DefaultTestContext@29934d06 testClass = CertificateDaoImplTest, testInstance = com.epam.esm.dao.impl.CertificateDaoImplTest@175711c3, testMethod = loadByNameTest@CertificateDaoImplTest, testException = [null], mergedContextConfiguration = [MergedContextConfiguration@1d733d37 testClass = CertificateDaoImplTest, locations = '{}', classes = '{class com.epam.esm.configuration.DaoTestConfiguration}', contextInitializerClasses = '[]', activeProfiles = '{}', propertySourceLocations = '{}', propertySourceProperties = '{}', contextCustomizers = set[org.springframework.boot.test.autoconfigure.actuate.metrics.MetricsExportContextCustomizerFactory$DisableMetricExportContextCustomizer@491e42b4, org.springframework.boot.test.autoconfigure.properties.PropertyMappingContextCustomizer@0, org.springframework.boot.test.autoconfigure.web.servlet.WebDriverContextCustomizerFactory$Customizer@1970d49a, org.springframework.boot.test.context.filter.ExcludeFilterContextCustomizer@178e422e, org.springframework.boot.test.json.DuplicateJsonObjectContextCustomizerFactory$DuplicateJsonObjectContextCustomizer@1cf9c2c, org.springframework.boot.test.mock.mockito.MockitoContextCustomizer@0], contextLoader = 'org.springframework.test.context.support.DelegatingSmartContextLoader', parent = [null]], attributes = map['org.springframework.test.context.event.ApplicationEventsTestExecutionListener.recordApplicationEvents' -> false]], class annotated with @DirtiesContext [false] with mode [null], method annotated with @DirtiesContext [false] with mode [null].
02:20:25.462 [Test worker] DEBUG org.springframework.test.context.transaction.TransactionalTestExecutionListener - Explicit transaction definition [PROPAGATION_REQUIRED,ISOLATION_DEFAULT] found for test context [DefaultTestContext@29934d06 testClass = CertificateDaoImplTest, testInstance = com.epam.esm.dao.impl.CertificateDaoImplTest@175711c3, testMethod = loadByNameTest@CertificateDaoImplTest, testException = [null], mergedContextConfiguration = [MergedContextConfiguration@1d733d37 testClass = CertificateDaoImplTest, locations = '{}', classes = '{class com.epam.esm.configuration.DaoTestConfiguration}', contextInitializerClasses = '[]', activeProfiles = '{}', propertySourceLocations = '{}', propertySourceProperties = '{}', contextCustomizers = set[org.springframework.boot.test.autoconfigure.actuate.metrics.MetricsExportContextCustomizerFactory$DisableMetricExportContextCustomizer@491e42b4, org.springframework.boot.test.autoconfigure.properties.PropertyMappingContextCustomizer@0, org.springframework.boot.test.autoconfigure.web.servlet.WebDriverContextCustomizerFactory$Customizer@1970d49a, org.springframework.boot.test.context.filter.ExcludeFilterContextCustomizer@178e422e, org.springframework.boot.test.json.DuplicateJsonObjectContextCustomizerFactory$DuplicateJsonObjectContextCustomizer@1cf9c2c, org.springframework.boot.test.mock.mockito.MockitoContextCustomizer@0], contextLoader = 'org.springframework.test.context.support.DelegatingSmartContextLoader', parent = [null]], attributes = map['org.springframework.test.context.event.ApplicationEventsTestExecutionListener.recordApplicationEvents' -> false]]
02:20:25.462 [Test worker] DEBUG org.springframework.test.context.cache.DefaultCacheAwareContextLoaderDelegate - Retrieved ApplicationContext [1806878190] from cache with key [[MergedContextConfiguration@1d733d37 testClass = CertificateDaoImplTest, locations = '{}', classes = '{class com.epam.esm.configuration.DaoTestConfiguration}', contextInitializerClasses = '[]', activeProfiles = '{}', propertySourceLocations = '{}', propertySourceProperties = '{}', contextCustomizers = set[org.springframework.boot.test.autoconfigure.actuate.metrics.MetricsExportContextCustomizerFactory$DisableMetricExportContextCustomizer@491e42b4, org.springframework.boot.test.autoconfigure.properties.PropertyMappingContextCustomizer@0, org.springframework.boot.test.autoconfigure.web.servlet.WebDriverContextCustomizerFactory$Customizer@1970d49a, org.springframework.boot.test.context.filter.ExcludeFilterContextCustomizer@178e422e, org.springframework.boot.test.json.DuplicateJsonObjectContextCustomizerFactory$DuplicateJsonObjectContextCustomizer@1cf9c2c, org.springframework.boot.test.mock.mockito.MockitoContextCustomizer@0], contextLoader = 'org.springframework.test.context.support.DelegatingSmartContextLoader', parent = [null]]]
02:20:25.462 [Test worker] DEBUG org.springframework.test.context.cache - Spring test ApplicationContext cache statistics: [DefaultContextCache@6016e6b7 size = 1, maxSize = 32, parentContextCount = 0, hitCount = 26, missCount = 1]
02:20:25.463 [Test worker] DEBUG org.springframework.test.context.transaction.TransactionalTestExecutionListener - No method-level @Rollback override: using default rollback [true] for test context [DefaultTestContext@29934d06 testClass = CertificateDaoImplTest, testInstance = com.epam.esm.dao.impl.CertificateDaoImplTest@175711c3, testMethod = loadByNameTest@CertificateDaoImplTest, testException = [null], mergedContextConfiguration = [MergedContextConfiguration@1d733d37 testClass = CertificateDaoImplTest, locations = '{}', classes = '{class com.epam.esm.configuration.DaoTestConfiguration}', contextInitializerClasses = '[]', activeProfiles = '{}', propertySourceLocations = '{}', propertySourceProperties = '{}', contextCustomizers = set[org.springframework.boot.test.autoconfigure.actuate.metrics.MetricsExportContextCustomizerFactory$DisableMetricExportContextCustomizer@491e42b4, org.springframework.boot.test.autoconfigure.properties.PropertyMappingContextCustomizer@0, org.springframework.boot.test.autoconfigure.web.servlet.WebDriverContextCustomizerFactory$Customizer@1970d49a, org.springframework.boot.test.context.filter.ExcludeFilterContextCustomizer@178e422e, org.springframework.boot.test.json.DuplicateJsonObjectContextCustomizerFactory$DuplicateJsonObjectContextCustomizer@1cf9c2c, org.springframework.boot.test.mock.mockito.MockitoContextCustomizer@0], contextLoader = 'org.springframework.test.context.support.DelegatingSmartContextLoader', parent = [null]], attributes = map['org.springframework.test.context.event.ApplicationEventsTestExecutionListener.recordApplicationEvents' -> false]].
02:20:25.463 [Test worker] DEBUG org.springframework.orm.jpa.JpaTransactionManager - Creating new transaction with name [com.epam.esm.dao.impl.CertificateDaoImplTest.loadByNameTest]: PROPAGATION_REQUIRED,ISOLATION_DEFAULT
02:20:25.463 [Test worker] DEBUG org.springframework.orm.jpa.JpaTransactionManager - Opened new EntityManager [SessionImpl(241743966<open>)] for JPA transaction
02:20:25.463 [Test worker] DEBUG org.hibernate.engine.transaction.internal.TransactionImpl - On TransactionImpl creation, JpaCompliance#isJpaTransactionComplianceEnabled == false
02:20:25.463 [Test worker] DEBUG org.hibernate.engine.transaction.internal.TransactionImpl - begin
02:20:25.463 [Test worker] DEBUG org.springframework.jdbc.datasource.DriverManagerDataSource - Creating new JDBC DriverManager Connection to [jdbc:h2:mem:second;DB_CLOSE_DELAY=-1]
02:20:25.464 [Test worker] DEBUG org.springframework.orm.jpa.JpaTransactionManager - Exposing JPA transaction as JDBC [org.springframework.orm.jpa.vendor.HibernateJpaDialect$HibernateConnectionHandle@58299feb]
02:20:25.464 [Test worker] INFO org.springframework.test.context.transaction.TransactionContext - Began transaction (1) for test context [DefaultTestContext@29934d06 testClass = CertificateDaoImplTest, testInstance = com.epam.esm.dao.impl.CertificateDaoImplTest@175711c3, testMethod = loadByNameTest@CertificateDaoImplTest, testException = [null], mergedContextConfiguration = [MergedContextConfiguration@1d733d37 testClass = CertificateDaoImplTest, locations = '{}', classes = '{class com.epam.esm.configuration.DaoTestConfiguration}', contextInitializerClasses = '[]', activeProfiles = '{}', propertySourceLocations = '{}', propertySourceProperties = '{}', contextCustomizers = set[org.springframework.boot.test.autoconfigure.actuate.metrics.MetricsExportContextCustomizerFactory$DisableMetricExportContextCustomizer@491e42b4, org.springframework.boot.test.autoconfigure.properties.PropertyMappingContextCustomizer@0, org.springframework.boot.test.autoconfigure.web.servlet.WebDriverContextCustomizerFactory$Customizer@1970d49a, org.springframework.boot.test.context.filter.ExcludeFilterContextCustomizer@178e422e, org.springframework.boot.test.json.DuplicateJsonObjectContextCustomizerFactory$DuplicateJsonObjectContextCustomizer@1cf9c2c, org.springframework.boot.test.mock.mockito.MockitoContextCustomizer@0], contextLoader = 'org.springframework.test.context.support.DelegatingSmartContextLoader', parent = [null]], attributes = map['org.springframework.test.context.event.ApplicationEventsTestExecutionListener.recordApplicationEvents' -> false]]; transaction manager [org.springframework.orm.jpa.JpaTransactionManager@31334c89]; rollback [true]
02:20:25.465 [Test worker] DEBUG org.springframework.test.context.cache.DefaultCacheAwareContextLoaderDelegate - Retrieved ApplicationContext [1806878190] from cache with key [[MergedContextConfiguration@1d733d37 testClass = CertificateDaoImplTest, locations = '{}', classes = '{class com.epam.esm.configuration.DaoTestConfiguration}', contextInitializerClasses = '[]', activeProfiles = '{}', propertySourceLocations = '{}', propertySourceProperties = '{}', contextCustomizers = set[org.springframework.boot.test.autoconfigure.actuate.metrics.MetricsExportContextCustomizerFactory$DisableMetricExportContextCustomizer@491e42b4, org.springframework.boot.test.autoconfigure.properties.PropertyMappingContextCustomizer@0, org.springframework.boot.test.autoconfigure.web.servlet.WebDriverContextCustomizerFactory$Customizer@1970d49a, org.springframework.boot.test.context.filter.ExcludeFilterContextCustomizer@178e422e, org.springframework.boot.test.json.DuplicateJsonObjectContextCustomizerFactory$DuplicateJsonObjectContextCustomizer@1cf9c2c, org.springframework.boot.test.mock.mockito.MockitoContextCustomizer@0], contextLoader = 'org.springframework.test.context.support.DelegatingSmartContextLoader', parent = [null]]]
02:20:25.465 [Test worker] DEBUG org.springframework.test.context.cache - Spring test ApplicationContext cache statistics: [DefaultContextCache@6016e6b7 size = 1, maxSize = 32, parentContextCount = 0, hitCount = 27, missCount = 1]
02:20:25.465 [Test worker] DEBUG org.springframework.test.context.cache.DefaultCacheAwareContextLoaderDelegate - Retrieved ApplicationContext [1806878190] from cache with key [[MergedContextConfiguration@1d733d37 testClass = CertificateDaoImplTest, locations = '{}', classes = '{class com.epam.esm.configuration.DaoTestConfiguration}', contextInitializerClasses = '[]', activeProfiles = '{}', propertySourceLocations = '{}', propertySourceProperties = '{}', contextCustomizers = set[org.springframework.boot.test.autoconfigure.actuate.metrics.MetricsExportContextCustomizerFactory$DisableMetricExportContextCustomizer@491e42b4, org.springframework.boot.test.autoconfigure.properties.PropertyMappingContextCustomizer@0, org.springframework.boot.test.autoconfigure.web.servlet.WebDriverContextCustomizerFactory$Customizer@1970d49a, org.springframework.boot.test.context.filter.ExcludeFilterContextCustomizer@178e422e, org.springframework.boot.test.json.DuplicateJsonObjectContextCustomizerFactory$DuplicateJsonObjectContextCustomizer@1cf9c2c, org.springframework.boot.test.mock.mockito.MockitoContextCustomizer@0], contextLoader = 'org.springframework.test.context.support.DelegatingSmartContextLoader', parent = [null]]]
02:20:25.465 [Test worker] DEBUG org.springframework.test.context.cache - Spring test ApplicationContext cache statistics: [DefaultContextCache@6016e6b7 size = 1, maxSize = 32, parentContextCount = 0, hitCount = 28, missCount = 1]
02:20:25.466 [Test worker] DEBUG org.springframework.test.context.cache.DefaultCacheAwareContextLoaderDelegate - Retrieved ApplicationContext [1806878190] from cache with key [[MergedContextConfiguration@1d733d37 testClass = CertificateDaoImplTest, locations = '{}', classes = '{class com.epam.esm.configuration.DaoTestConfiguration}', contextInitializerClasses = '[]', activeProfiles = '{}', propertySourceLocations = '{}', propertySourceProperties = '{}', contextCustomizers = set[org.springframework.boot.test.autoconfigure.actuate.metrics.MetricsExportContextCustomizerFactory$DisableMetricExportContextCustomizer@491e42b4, org.springframework.boot.test.autoconfigure.properties.PropertyMappingContextCustomizer@0, org.springframework.boot.test.autoconfigure.web.servlet.WebDriverContextCustomizerFactory$Customizer@1970d49a, org.springframework.boot.test.context.filter.ExcludeFilterContextCustomizer@178e422e, org.springframework.boot.test.json.DuplicateJsonObjectContextCustomizerFactory$DuplicateJsonObjectContextCustomizer@1cf9c2c, org.springframework.boot.test.mock.mockito.MockitoContextCustomizer@0], contextLoader = 'org.springframework.test.context.support.DelegatingSmartContextLoader', parent = [null]]]
02:20:25.466 [Test worker] DEBUG org.springframework.test.context.cache - Spring test ApplicationContext cache statistics: [DefaultContextCache@6016e6b7 size = 1, maxSize = 32, parentContextCount = 0, hitCount = 29, missCount = 1]
02:20:25.467 [Test worker] DEBUG org.hibernate.engine.spi.ActionQueue - Executing identity-insert immediately
02:20:25.467 [Test worker] DEBUG org.hibernate.SQL - insert into CertificateEntity (id, createDate, description, duration, lastUpdateDate, name, price) values (null, ?, ?, ?, ?, ?, ?)
Hibernate: insert into CertificateEntity (id, createDate, description, duration, lastUpdateDate, name, price) values (null, ?, ?, ?, ?, ?, ?)
02:20:25.468 [Test worker] DEBUG org.hibernate.id.IdentifierGeneratorHelper - Natively generated identity: 12
02:20:25.468 [Test worker] DEBUG org.hibernate.resource.jdbc.internal.ResourceRegistryStandardImpl - HHH000387: ResultSet's statement was not registered
02:20:25.469 [Test worker] DEBUG org.hibernate.event.internal.AbstractFlushingEventListener - Processing flush-time cascades
02:20:25.469 [Test worker] DEBUG org.hibernate.event.internal.AbstractFlushingEventListener - Dirty checking collections
02:20:25.469 [Test worker] DEBUG org.hibernate.engine.internal.Collections - Collection found: [com.epam.esm.model.entity.CertificateEntity.tagEntities#12], was: [<unreferenced>] (initialized)
02:20:25.469 [Test worker] DEBUG org.hibernate.event.internal.AbstractFlushingEventListener - Flushed: 0 insertions, 0 updates, 0 deletions to 1 objects
02:20:25.469 [Test worker] DEBUG org.hibernate.event.internal.AbstractFlushingEventListener - Flushed: 1 (re)creations, 0 updates, 0 removals to 1 collections
02:20:25.469 [Test worker] DEBUG org.hibernate.internal.util.EntityPrinter - Listing entities:
02:20:25.469 [Test worker] DEBUG org.hibernate.internal.util.EntityPrinter - com.epam.esm.model.entity.CertificateEntity{duration=0, lastUpdateDate=null, price=0.0, tagEntities=[], name=Certificate1, description=null, id=12, createDate=null}
02:20:25.470 [Test worker] DEBUG org.hibernate.SQL - select certificat0_.id as id1_0_, certificat0_.createDate as createda2_0_, certificat0_.description as descript3_0_, certificat0_.duration as duration4_0_, certificat0_.lastUpdateDate as lastupda5_0_, certificat0_.name as name6_0_, certificat0_.price as price7_0_ from CertificateEntity certificat0_ where certificat0_.name=?
Hibernate: select certificat0_.id as id1_0_, certificat0_.createDate as createda2_0_, certificat0_.description as descript3_0_, certificat0_.duration as duration4_0_, certificat0_.lastUpdateDate as lastupda5_0_, certificat0_.name as name6_0_, certificat0_.price as price7_0_ from CertificateEntity certificat0_ where certificat0_.name=?
02:20:25.470 [Test worker] DEBUG org.hibernate.stat.internal.StatisticsImpl - HHH000117: HQL: SELECT cert FROM CertificateEntity cert WHERE cert.name = ?1, time: 0ms, rows: 0
02:20:25.471 [Test worker] DEBUG org.hibernate.loader.Loader - Result row: EntityKey[com.epam.esm.model.entity.CertificateEntity#12]
02:20:25.471 [Test worker] DEBUG org.springframework.test.context.cache.DefaultCacheAwareContextLoaderDelegate - Retrieved ApplicationContext [1806878190] from cache with key [[MergedContextConfiguration@1d733d37 testClass = CertificateDaoImplTest, locations = '{}', classes = '{class com.epam.esm.configuration.DaoTestConfiguration}', contextInitializerClasses = '[]', activeProfiles = '{}', propertySourceLocations = '{}', propertySourceProperties = '{}', contextCustomizers = set[org.springframework.boot.test.autoconfigure.actuate.metrics.MetricsExportContextCustomizerFactory$DisableMetricExportContextCustomizer@491e42b4, org.springframework.boot.test.autoconfigure.properties.PropertyMappingContextCustomizer@0, org.springframework.boot.test.autoconfigure.web.servlet.WebDriverContextCustomizerFactory$Customizer@1970d49a, org.springframework.boot.test.context.filter.ExcludeFilterContextCustomizer@178e422e, org.springframework.boot.test.json.DuplicateJsonObjectContextCustomizerFactory$DuplicateJsonObjectContextCustomizer@1cf9c2c, org.springframework.boot.test.mock.mockito.MockitoContextCustomizer@0], contextLoader = 'org.springframework.test.context.support.DelegatingSmartContextLoader', parent = [null]]]
02:20:25.471 [Test worker] DEBUG org.springframework.test.context.cache - Spring test ApplicationContext cache statistics: [DefaultContextCache@6016e6b7 size = 1, maxSize = 32, parentContextCount = 0, hitCount = 30, missCount = 1]
02:20:25.472 [Test worker] DEBUG org.springframework.test.context.cache.DefaultCacheAwareContextLoaderDelegate - Retrieved ApplicationContext [1806878190] from cache with key [[MergedContextConfiguration@1d733d37 testClass = CertificateDaoImplTest, locations = '{}', classes = '{class com.epam.esm.configuration.DaoTestConfiguration}', contextInitializerClasses = '[]', activeProfiles = '{}', propertySourceLocations = '{}', propertySourceProperties = '{}', contextCustomizers = set[org.springframework.boot.test.autoconfigure.actuate.metrics.MetricsExportContextCustomizerFactory$DisableMetricExportContextCustomizer@491e42b4, org.springframework.boot.test.autoconfigure.properties.PropertyMappingContextCustomizer@0, org.springframework.boot.test.autoconfigure.web.servlet.WebDriverContextCustomizerFactory$Customizer@1970d49a, org.springframework.boot.test.context.filter.ExcludeFilterContextCustomizer@178e422e, org.springframework.boot.test.json.DuplicateJsonObjectContextCustomizerFactory$DuplicateJsonObjectContextCustomizer@1cf9c2c, org.springframework.boot.test.mock.mockito.MockitoContextCustomizer@0], contextLoader = 'org.springframework.test.context.support.DelegatingSmartContextLoader', parent = [null]]]
02:20:25.472 [Test worker] DEBUG org.springframework.test.context.cache - Spring test ApplicationContext cache statistics: [DefaultContextCache@6016e6b7 size = 1, maxSize = 32, parentContextCount = 0, hitCount = 31, missCount = 1]
02:20:25.472 [Test worker] DEBUG org.springframework.test.context.cache.DefaultCacheAwareContextLoaderDelegate - Retrieved ApplicationContext [1806878190] from cache with key [[MergedContextConfiguration@1d733d37 testClass = CertificateDaoImplTest, locations = '{}', classes = '{class com.epam.esm.configuration.DaoTestConfiguration}', contextInitializerClasses = '[]', activeProfiles = '{}', propertySourceLocations = '{}', propertySourceProperties = '{}', contextCustomizers = set[org.springframework.boot.test.autoconfigure.actuate.metrics.MetricsExportContextCustomizerFactory$DisableMetricExportContextCustomizer@491e42b4, org.springframework.boot.test.autoconfigure.properties.PropertyMappingContextCustomizer@0, org.springframework.boot.test.autoconfigure.web.servlet.WebDriverContextCustomizerFactory$Customizer@1970d49a, org.springframework.boot.test.context.filter.ExcludeFilterContextCustomizer@178e422e, org.springframework.boot.test.json.DuplicateJsonObjectContextCustomizerFactory$DuplicateJsonObjectContextCustomizer@1cf9c2c, org.springframework.boot.test.mock.mockito.MockitoContextCustomizer@0], contextLoader = 'org.springframework.test.context.support.DelegatingSmartContextLoader', parent = [null]]]
02:20:25.472 [Test worker] DEBUG org.springframework.test.context.cache - Spring test ApplicationContext cache statistics: [DefaultContextCache@6016e6b7 size = 1, maxSize = 32, parentContextCount = 0, hitCount = 32, missCount = 1]
02:20:25.473 [Test worker] DEBUG org.springframework.test.context.cache.DefaultCacheAwareContextLoaderDelegate - Retrieved ApplicationContext [1806878190] from cache with key [[MergedContextConfiguration@1d733d37 testClass = CertificateDaoImplTest, locations = '{}', classes = '{class com.epam.esm.configuration.DaoTestConfiguration}', contextInitializerClasses = '[]', activeProfiles = '{}', propertySourceLocations = '{}', propertySourceProperties = '{}', contextCustomizers = set[org.springframework.boot.test.autoconfigure.actuate.metrics.MetricsExportContextCustomizerFactory$DisableMetricExportContextCustomizer@491e42b4, org.springframework.boot.test.autoconfigure.properties.PropertyMappingContextCustomizer@0, org.springframework.boot.test.autoconfigure.web.servlet.WebDriverContextCustomizerFactory$Customizer@1970d49a, org.springframework.boot.test.context.filter.ExcludeFilterContextCustomizer@178e422e, org.springframework.boot.test.json.DuplicateJsonObjectContextCustomizerFactory$DuplicateJsonObjectContextCustomizer@1cf9c2c, org.springframework.boot.test.mock.mockito.MockitoContextCustomizer@0], contextLoader = 'org.springframework.test.context.support.DelegatingSmartContextLoader', parent = [null]]]
02:20:25.473 [Test worker] DEBUG org.springframework.test.context.cache - Spring test ApplicationContext cache statistics: [DefaultContextCache@6016e6b7 size = 1, maxSize = 32, parentContextCount = 0, hitCount = 33, missCount = 1]
02:20:25.473 [Test worker] DEBUG org.springframework.test.context.cache.DefaultCacheAwareContextLoaderDelegate - Retrieved ApplicationContext [1806878190] from cache with key [[MergedContextConfiguration@1d733d37 testClass = CertificateDaoImplTest, locations = '{}', classes = '{class com.epam.esm.configuration.DaoTestConfiguration}', contextInitializerClasses = '[]', activeProfiles = '{}', propertySourceLocations = '{}', propertySourceProperties = '{}', contextCustomizers = set[org.springframework.boot.test.autoconfigure.actuate.metrics.MetricsExportContextCustomizerFactory$DisableMetricExportContextCustomizer@491e42b4, org.springframework.boot.test.autoconfigure.properties.PropertyMappingContextCustomizer@0, org.springframework.boot.test.autoconfigure.web.servlet.WebDriverContextCustomizerFactory$Customizer@1970d49a, org.springframework.boot.test.context.filter.ExcludeFilterContextCustomizer@178e422e, org.springframework.boot.test.json.DuplicateJsonObjectContextCustomizerFactory$DuplicateJsonObjectContextCustomizer@1cf9c2c, org.springframework.boot.test.mock.mockito.MockitoContextCustomizer@0], contextLoader = 'org.springframework.test.context.support.DelegatingSmartContextLoader', parent = [null]]]
02:20:25.473 [Test worker] DEBUG org.springframework.test.context.cache - Spring test ApplicationContext cache statistics: [DefaultContextCache@6016e6b7 size = 1, maxSize = 32, parentContextCount = 0, hitCount = 34, missCount = 1]
02:20:25.474 [Test worker] DEBUG org.springframework.test.context.cache.DefaultCacheAwareContextLoaderDelegate - Retrieved ApplicationContext [1806878190] from cache with key [[MergedContextConfiguration@1d733d37 testClass = CertificateDaoImplTest, locations = '{}', classes = '{class com.epam.esm.configuration.DaoTestConfiguration}', contextInitializerClasses = '[]', activeProfiles = '{}', propertySourceLocations = '{}', propertySourceProperties = '{}', contextCustomizers = set[org.springframework.boot.test.autoconfigure.actuate.metrics.MetricsExportContextCustomizerFactory$DisableMetricExportContextCustomizer@491e42b4, org.springframework.boot.test.autoconfigure.properties.PropertyMappingContextCustomizer@0, org.springframework.boot.test.autoconfigure.web.servlet.WebDriverContextCustomizerFactory$Customizer@1970d49a, org.springframework.boot.test.context.filter.ExcludeFilterContextCustomizer@178e422e, org.springframework.boot.test.json.DuplicateJsonObjectContextCustomizerFactory$DuplicateJsonObjectContextCustomizer@1cf9c2c, org.springframework.boot.test.mock.mockito.MockitoContextCustomizer@0], contextLoader = 'org.springframework.test.context.support.DelegatingSmartContextLoader', parent = [null]]]
02:20:25.474 [Test worker] DEBUG org.springframework.test.context.cache - Spring test ApplicationContext cache statistics: [DefaultContextCache@6016e6b7 size = 1, maxSize = 32, parentContextCount = 0, hitCount = 35, missCount = 1]
02:20:25.474 [Test worker] DEBUG org.springframework.orm.jpa.JpaTransactionManager - Initiating transaction rollback
02:20:25.474 [Test worker] DEBUG org.springframework.orm.jpa.JpaTransactionManager - Rolling back JPA transaction on EntityManager [SessionImpl(241743966<open>)]
02:20:25.474 [Test worker] DEBUG org.hibernate.engine.transaction.internal.TransactionImpl - rolling back
02:20:25.475 [Test worker] DEBUG org.springframework.orm.jpa.JpaTransactionManager - Closing JPA EntityManager [SessionImpl(241743966<open>)] after transaction
02:20:25.475 [Test worker] INFO org.hibernate.engine.internal.StatisticalLoggingSessionEventListener - Session Metrics {
    622156 nanoseconds spent acquiring 1 JDBC connections;
    0 nanoseconds spent releasing 0 JDBC connections;
    527273 nanoseconds spent preparing 2 JDBC statements;
    650522 nanoseconds spent executing 2 JDBC statements;
    0 nanoseconds spent executing 0 JDBC batches;
    0 nanoseconds spent performing 0 L2C puts;
    0 nanoseconds spent performing 0 L2C hits;
    0 nanoseconds spent performing 0 L2C misses;
    0 nanoseconds spent executing 0 flushes (flushing a total of 0 entities and 0 collections);
    711096 nanoseconds spent executing 1 partial-flushes (flushing a total of 1 entities and 1 collections)
}
02:20:25.475 [Test worker] INFO org.springframework.test.context.transaction.TransactionContext - Rolled back transaction for test: [DefaultTestContext@29934d06 testClass = CertificateDaoImplTest, testInstance = com.epam.esm.dao.impl.CertificateDaoImplTest@175711c3, testMethod = loadByNameTest@CertificateDaoImplTest, testException = [null], mergedContextConfiguration = [MergedContextConfiguration@1d733d37 testClass = CertificateDaoImplTest, locations = '{}', classes = '{class com.epam.esm.configuration.DaoTestConfiguration}', contextInitializerClasses = '[]', activeProfiles = '{}', propertySourceLocations = '{}', propertySourceProperties = '{}', contextCustomizers = set[org.springframework.boot.test.autoconfigure.actuate.metrics.MetricsExportContextCustomizerFactory$DisableMetricExportContextCustomizer@491e42b4, org.springframework.boot.test.autoconfigure.properties.PropertyMappingContextCustomizer@0, org.springframework.boot.test.autoconfigure.web.servlet.WebDriverContextCustomizerFactory$Customizer@1970d49a, org.springframework.boot.test.context.filter.ExcludeFilterContextCustomizer@178e422e, org.springframework.boot.test.json.DuplicateJsonObjectContextCustomizerFactory$DuplicateJsonObjectContextCustomizer@1cf9c2c, org.springframework.boot.test.mock.mockito.MockitoContextCustomizer@0], contextLoader = 'org.springframework.test.context.support.DelegatingSmartContextLoader', parent = [null]], attributes = map['org.springframework.test.context.event.ApplicationEventsTestExecutionListener.recordApplicationEvents' -> false]]
02:20:25.475 [Test worker] DEBUG org.springframework.test.context.support.AbstractDirtiesContextTestExecutionListener - After test method: context [DefaultTestContext@29934d06 testClass = CertificateDaoImplTest, testInstance = com.epam.esm.dao.impl.CertificateDaoImplTest@175711c3, testMethod = loadByNameTest@CertificateDaoImplTest, testException = [null], mergedContextConfiguration = [MergedContextConfiguration@1d733d37 testClass = CertificateDaoImplTest, locations = '{}', classes = '{class com.epam.esm.configuration.DaoTestConfiguration}', contextInitializerClasses = '[]', activeProfiles = '{}', propertySourceLocations = '{}', propertySourceProperties = '{}', contextCustomizers = set[org.springframework.boot.test.autoconfigure.actuate.metrics.MetricsExportContextCustomizerFactory$DisableMetricExportContextCustomizer@491e42b4, org.springframework.boot.test.autoconfigure.properties.PropertyMappingContextCustomizer@0, org.springframework.boot.test.autoconfigure.web.servlet.WebDriverContextCustomizerFactory$Customizer@1970d49a, org.springframework.boot.test.context.filter.ExcludeFilterContextCustomizer@178e422e, org.springframework.boot.test.json.DuplicateJsonObjectContextCustomizerFactory$DuplicateJsonObjectContextCustomizer@1cf9c2c, org.springframework.boot.test.mock.mockito.MockitoContextCustomizer@0], contextLoader = 'org.springframework.test.context.support.DelegatingSmartContextLoader', parent = [null]], attributes = map['org.springframework.test.context.event.ApplicationEventsTestExecutionListener.recordApplicationEvents' -> false]], class annotated with @DirtiesContext [false] with mode [null], method annotated with @DirtiesContext [false] with mode [null].
02:20:25.476 [Test worker] DEBUG org.springframework.test.context.support.DependencyInjectionTestExecutionListener - Performing dependency injection for test context [[DefaultTestContext@29934d06 testClass = CertificateDaoImplTest, testInstance = com.epam.esm.dao.impl.CertificateDaoImplTest@1c44aea, testMethod = [null], testException = [null], mergedContextConfiguration = [MergedContextConfiguration@1d733d37 testClass = CertificateDaoImplTest, locations = '{}', classes = '{class com.epam.esm.configuration.DaoTestConfiguration}', contextInitializerClasses = '[]', activeProfiles = '{}', propertySourceLocations = '{}', propertySourceProperties = '{}', contextCustomizers = set[org.springframework.boot.test.autoconfigure.actuate.metrics.MetricsExportContextCustomizerFactory$DisableMetricExportContextCustomizer@491e42b4, org.springframework.boot.test.autoconfigure.properties.PropertyMappingContextCustomizer@0, org.springframework.boot.test.autoconfigure.web.servlet.WebDriverContextCustomizerFactory$Customizer@1970d49a, org.springframework.boot.test.context.filter.ExcludeFilterContextCustomizer@178e422e, org.springframework.boot.test.json.DuplicateJsonObjectContextCustomizerFactory$DuplicateJsonObjectContextCustomizer@1cf9c2c, org.springframework.boot.test.mock.mockito.MockitoContextCustomizer@0], contextLoader = 'org.springframework.test.context.support.DelegatingSmartContextLoader', parent = [null]], attributes = map['org.springframework.test.context.event.ApplicationEventsTestExecutionListener.recordApplicationEvents' -> false]]].
02:20:25.477 [Test worker] DEBUG org.springframework.test.context.cache.DefaultCacheAwareContextLoaderDelegate - Retrieved ApplicationContext [1806878190] from cache with key [[MergedContextConfiguration@1d733d37 testClass = CertificateDaoImplTest, locations = '{}', classes = '{class com.epam.esm.configuration.DaoTestConfiguration}', contextInitializerClasses = '[]', activeProfiles = '{}', propertySourceLocations = '{}', propertySourceProperties = '{}', contextCustomizers = set[org.springframework.boot.test.autoconfigure.actuate.metrics.MetricsExportContextCustomizerFactory$DisableMetricExportContextCustomizer@491e42b4, org.springframework.boot.test.autoconfigure.properties.PropertyMappingContextCustomizer@0, org.springframework.boot.test.autoconfigure.web.servlet.WebDriverContextCustomizerFactory$Customizer@1970d49a, org.springframework.boot.test.context.filter.ExcludeFilterContextCustomizer@178e422e, org.springframework.boot.test.json.DuplicateJsonObjectContextCustomizerFactory$DuplicateJsonObjectContextCustomizer@1cf9c2c, org.springframework.boot.test.mock.mockito.MockitoContextCustomizer@0], contextLoader = 'org.springframework.test.context.support.DelegatingSmartContextLoader', parent = [null]]]
02:20:25.477 [Test worker] DEBUG org.springframework.test.context.cache - Spring test ApplicationContext cache statistics: [DefaultContextCache@6016e6b7 size = 1, maxSize = 32, parentContextCount = 0, hitCount = 36, missCount = 1]
02:20:25.478 [Test worker] DEBUG org.springframework.test.context.cache.DefaultCacheAwareContextLoaderDelegate - Retrieved ApplicationContext [1806878190] from cache with key [[MergedContextConfiguration@1d733d37 testClass = CertificateDaoImplTest, locations = '{}', classes = '{class com.epam.esm.configuration.DaoTestConfiguration}', contextInitializerClasses = '[]', activeProfiles = '{}', propertySourceLocations = '{}', propertySourceProperties = '{}', contextCustomizers = set[org.springframework.boot.test.autoconfigure.actuate.metrics.MetricsExportContextCustomizerFactory$DisableMetricExportContextCustomizer@491e42b4, org.springframework.boot.test.autoconfigure.properties.PropertyMappingContextCustomizer@0, org.springframework.boot.test.autoconfigure.web.servlet.WebDriverContextCustomizerFactory$Customizer@1970d49a, org.springframework.boot.test.context.filter.ExcludeFilterContextCustomizer@178e422e, org.springframework.boot.test.json.DuplicateJsonObjectContextCustomizerFactory$DuplicateJsonObjectContextCustomizer@1cf9c2c, org.springframework.boot.test.mock.mockito.MockitoContextCustomizer@0], contextLoader = 'org.springframework.test.context.support.DelegatingSmartContextLoader', parent = [null]]]
02:20:25.478 [Test worker] DEBUG org.springframework.test.context.cache - Spring test ApplicationContext cache statistics: [DefaultContextCache@6016e6b7 size = 1, maxSize = 32, parentContextCount = 0, hitCount = 37, missCount = 1]
02:20:25.479 [Test worker] DEBUG org.springframework.test.context.support.AbstractDirtiesContextTestExecutionListener - Before test method: context [DefaultTestContext@29934d06 testClass = CertificateDaoImplTest, testInstance = com.epam.esm.dao.impl.CertificateDaoImplTest@1c44aea, testMethod = createTest@CertificateDaoImplTest, testException = [null], mergedContextConfiguration = [MergedContextConfiguration@1d733d37 testClass = CertificateDaoImplTest, locations = '{}', classes = '{class com.epam.esm.configuration.DaoTestConfiguration}', contextInitializerClasses = '[]', activeProfiles = '{}', propertySourceLocations = '{}', propertySourceProperties = '{}', contextCustomizers = set[org.springframework.boot.test.autoconfigure.actuate.metrics.MetricsExportContextCustomizerFactory$DisableMetricExportContextCustomizer@491e42b4, org.springframework.boot.test.autoconfigure.properties.PropertyMappingContextCustomizer@0, org.springframework.boot.test.autoconfigure.web.servlet.WebDriverContextCustomizerFactory$Customizer@1970d49a, org.springframework.boot.test.context.filter.ExcludeFilterContextCustomizer@178e422e, org.springframework.boot.test.json.DuplicateJsonObjectContextCustomizerFactory$DuplicateJsonObjectContextCustomizer@1cf9c2c, org.springframework.boot.test.mock.mockito.MockitoContextCustomizer@0], contextLoader = 'org.springframework.test.context.support.DelegatingSmartContextLoader', parent = [null]], attributes = map['org.springframework.test.context.event.ApplicationEventsTestExecutionListener.recordApplicationEvents' -> false]], class annotated with @DirtiesContext [false] with mode [null], method annotated with @DirtiesContext [false] with mode [null].
02:20:25.479 [Test worker] DEBUG org.springframework.test.context.transaction.TransactionalTestExecutionListener - Explicit transaction definition [PROPAGATION_REQUIRED,ISOLATION_DEFAULT] found for test context [DefaultTestContext@29934d06 testClass = CertificateDaoImplTest, testInstance = com.epam.esm.dao.impl.CertificateDaoImplTest@1c44aea, testMethod = createTest@CertificateDaoImplTest, testException = [null], mergedContextConfiguration = [MergedContextConfiguration@1d733d37 testClass = CertificateDaoImplTest, locations = '{}', classes = '{class com.epam.esm.configuration.DaoTestConfiguration}', contextInitializerClasses = '[]', activeProfiles = '{}', propertySourceLocations = '{}', propertySourceProperties = '{}', contextCustomizers = set[org.springframework.boot.test.autoconfigure.actuate.metrics.MetricsExportContextCustomizerFactory$DisableMetricExportContextCustomizer@491e42b4, org.springframework.boot.test.autoconfigure.properties.PropertyMappingContextCustomizer@0, org.springframework.boot.test.autoconfigure.web.servlet.WebDriverContextCustomizerFactory$Customizer@1970d49a, org.springframework.boot.test.context.filter.ExcludeFilterContextCustomizer@178e422e, org.springframework.boot.test.json.DuplicateJsonObjectContextCustomizerFactory$DuplicateJsonObjectContextCustomizer@1cf9c2c, org.springframework.boot.test.mock.mockito.MockitoContextCustomizer@0], contextLoader = 'org.springframework.test.context.support.DelegatingSmartContextLoader', parent = [null]], attributes = map['org.springframework.test.context.event.ApplicationEventsTestExecutionListener.recordApplicationEvents' -> false]]
02:20:25.480 [Test worker] DEBUG org.springframework.test.context.cache.DefaultCacheAwareContextLoaderDelegate - Retrieved ApplicationContext [1806878190] from cache with key [[MergedContextConfiguration@1d733d37 testClass = CertificateDaoImplTest, locations = '{}', classes = '{class com.epam.esm.configuration.DaoTestConfiguration}', contextInitializerClasses = '[]', activeProfiles = '{}', propertySourceLocations = '{}', propertySourceProperties = '{}', contextCustomizers = set[org.springframework.boot.test.autoconfigure.actuate.metrics.MetricsExportContextCustomizerFactory$DisableMetricExportContextCustomizer@491e42b4, org.springframework.boot.test.autoconfigure.properties.PropertyMappingContextCustomizer@0, org.springframework.boot.test.autoconfigure.web.servlet.WebDriverContextCustomizerFactory$Customizer@1970d49a, org.springframework.boot.test.context.filter.ExcludeFilterContextCustomizer@178e422e, org.springframework.boot.test.json.DuplicateJsonObjectContextCustomizerFactory$DuplicateJsonObjectContextCustomizer@1cf9c2c, org.springframework.boot.test.mock.mockito.MockitoContextCustomizer@0], contextLoader = 'org.springframework.test.context.support.DelegatingSmartContextLoader', parent = [null]]]
02:20:25.480 [Test worker] DEBUG org.springframework.test.context.cache - Spring test ApplicationContext cache statistics: [DefaultContextCache@6016e6b7 size = 1, maxSize = 32, parentContextCount = 0, hitCount = 38, missCount = 1]
02:20:25.480 [Test worker] DEBUG org.springframework.test.context.transaction.TransactionalTestExecutionListener - No method-level @Rollback override: using default rollback [true] for test context [DefaultTestContext@29934d06 testClass = CertificateDaoImplTest, testInstance = com.epam.esm.dao.impl.CertificateDaoImplTest@1c44aea, testMethod = createTest@CertificateDaoImplTest, testException = [null], mergedContextConfiguration = [MergedContextConfiguration@1d733d37 testClass = CertificateDaoImplTest, locations = '{}', classes = '{class com.epam.esm.configuration.DaoTestConfiguration}', contextInitializerClasses = '[]', activeProfiles = '{}', propertySourceLocations = '{}', propertySourceProperties = '{}', contextCustomizers = set[org.springframework.boot.test.autoconfigure.actuate.metrics.MetricsExportContextCustomizerFactory$DisableMetricExportContextCustomizer@491e42b4, org.springframework.boot.test.autoconfigure.properties.PropertyMappingContextCustomizer@0, org.springframework.boot.test.autoconfigure.web.servlet.WebDriverContextCustomizerFactory$Customizer@1970d49a, org.springframework.boot.test.context.filter.ExcludeFilterContextCustomizer@178e422e, org.springframework.boot.test.json.DuplicateJsonObjectContextCustomizerFactory$DuplicateJsonObjectContextCustomizer@1cf9c2c, org.springframework.boot.test.mock.mockito.MockitoContextCustomizer@0], contextLoader = 'org.springframework.test.context.support.DelegatingSmartContextLoader', parent = [null]], attributes = map['org.springframework.test.context.event.ApplicationEventsTestExecutionListener.recordApplicationEvents' -> false]].
02:20:25.480 [Test worker] DEBUG org.springframework.orm.jpa.JpaTransactionManager - Creating new transaction with name [com.epam.esm.dao.impl.CertificateDaoImplTest.createTest]: PROPAGATION_REQUIRED,ISOLATION_DEFAULT
02:20:25.480 [Test worker] DEBUG org.springframework.orm.jpa.JpaTransactionManager - Opened new EntityManager [SessionImpl(555846785<open>)] for JPA transaction
02:20:25.480 [Test worker] DEBUG org.hibernate.engine.transaction.internal.TransactionImpl - On TransactionImpl creation, JpaCompliance#isJpaTransactionComplianceEnabled == false
02:20:25.480 [Test worker] DEBUG org.hibernate.engine.transaction.internal.TransactionImpl - begin
02:20:25.480 [Test worker] DEBUG org.springframework.jdbc.datasource.DriverManagerDataSource - Creating new JDBC DriverManager Connection to [jdbc:h2:mem:second;DB_CLOSE_DELAY=-1]
02:20:25.481 [Test worker] DEBUG org.springframework.orm.jpa.JpaTransactionManager - Exposing JPA transaction as JDBC [org.springframework.orm.jpa.vendor.HibernateJpaDialect$HibernateConnectionHandle@3b283296]
02:20:25.481 [Test worker] INFO org.springframework.test.context.transaction.TransactionContext - Began transaction (1) for test context [DefaultTestContext@29934d06 testClass = CertificateDaoImplTest, testInstance = com.epam.esm.dao.impl.CertificateDaoImplTest@1c44aea, testMethod = createTest@CertificateDaoImplTest, testException = [null], mergedContextConfiguration = [MergedContextConfiguration@1d733d37 testClass = CertificateDaoImplTest, locations = '{}', classes = '{class com.epam.esm.configuration.DaoTestConfiguration}', contextInitializerClasses = '[]', activeProfiles = '{}', propertySourceLocations = '{}', propertySourceProperties = '{}', contextCustomizers = set[org.springframework.boot.test.autoconfigure.actuate.metrics.MetricsExportContextCustomizerFactory$DisableMetricExportContextCustomizer@491e42b4, org.springframework.boot.test.autoconfigure.properties.PropertyMappingContextCustomizer@0, org.springframework.boot.test.autoconfigure.web.servlet.WebDriverContextCustomizerFactory$Customizer@1970d49a, org.springframework.boot.test.context.filter.ExcludeFilterContextCustomizer@178e422e, org.springframework.boot.test.json.DuplicateJsonObjectContextCustomizerFactory$DuplicateJsonObjectContextCustomizer@1cf9c2c, org.springframework.boot.test.mock.mockito.MockitoContextCustomizer@0], contextLoader = 'org.springframework.test.context.support.DelegatingSmartContextLoader', parent = [null]], attributes = map['org.springframework.test.context.event.ApplicationEventsTestExecutionListener.recordApplicationEvents' -> false]]; transaction manager [org.springframework.orm.jpa.JpaTransactionManager@31334c89]; rollback [true]
02:20:25.481 [Test worker] DEBUG org.springframework.test.context.cache.DefaultCacheAwareContextLoaderDelegate - Retrieved ApplicationContext [1806878190] from cache with key [[MergedContextConfiguration@1d733d37 testClass = CertificateDaoImplTest, locations = '{}', classes = '{class com.epam.esm.configuration.DaoTestConfiguration}', contextInitializerClasses = '[]', activeProfiles = '{}', propertySourceLocations = '{}', propertySourceProperties = '{}', contextCustomizers = set[org.springframework.boot.test.autoconfigure.actuate.metrics.MetricsExportContextCustomizerFactory$DisableMetricExportContextCustomizer@491e42b4, org.springframework.boot.test.autoconfigure.properties.PropertyMappingContextCustomizer@0, org.springframework.boot.test.autoconfigure.web.servlet.WebDriverContextCustomizerFactory$Customizer@1970d49a, org.springframework.boot.test.context.filter.ExcludeFilterContextCustomizer@178e422e, org.springframework.boot.test.json.DuplicateJsonObjectContextCustomizerFactory$DuplicateJsonObjectContextCustomizer@1cf9c2c, org.springframework.boot.test.mock.mockito.MockitoContextCustomizer@0], contextLoader = 'org.springframework.test.context.support.DelegatingSmartContextLoader', parent = [null]]]
02:20:25.482 [Test worker] DEBUG org.springframework.test.context.cache - Spring test ApplicationContext cache statistics: [DefaultContextCache@6016e6b7 size = 1, maxSize = 32, parentContextCount = 0, hitCount = 39, missCount = 1]
02:20:25.482 [Test worker] DEBUG org.springframework.test.context.cache.DefaultCacheAwareContextLoaderDelegate - Retrieved ApplicationContext [1806878190] from cache with key [[MergedContextConfiguration@1d733d37 testClass = CertificateDaoImplTest, locations = '{}', classes = '{class com.epam.esm.configuration.DaoTestConfiguration}', contextInitializerClasses = '[]', activeProfiles = '{}', propertySourceLocations = '{}', propertySourceProperties = '{}', contextCustomizers = set[org.springframework.boot.test.autoconfigure.actuate.metrics.MetricsExportContextCustomizerFactory$DisableMetricExportContextCustomizer@491e42b4, org.springframework.boot.test.autoconfigure.properties.PropertyMappingContextCustomizer@0, org.springframework.boot.test.autoconfigure.web.servlet.WebDriverContextCustomizerFactory$Customizer@1970d49a, org.springframework.boot.test.context.filter.ExcludeFilterContextCustomizer@178e422e, org.springframework.boot.test.json.DuplicateJsonObjectContextCustomizerFactory$DuplicateJsonObjectContextCustomizer@1cf9c2c, org.springframework.boot.test.mock.mockito.MockitoContextCustomizer@0], contextLoader = 'org.springframework.test.context.support.DelegatingSmartContextLoader', parent = [null]]]
02:20:25.482 [Test worker] DEBUG org.springframework.test.context.cache - Spring test ApplicationContext cache statistics: [DefaultContextCache@6016e6b7 size = 1, maxSize = 32, parentContextCount = 0, hitCount = 40, missCount = 1]
02:20:25.483 [Test worker] DEBUG org.springframework.test.context.cache.DefaultCacheAwareContextLoaderDelegate - Retrieved ApplicationContext [1806878190] from cache with key [[MergedContextConfiguration@1d733d37 testClass = CertificateDaoImplTest, locations = '{}', classes = '{class com.epam.esm.configuration.DaoTestConfiguration}', contextInitializerClasses = '[]', activeProfiles = '{}', propertySourceLocations = '{}', propertySourceProperties = '{}', contextCustomizers = set[org.springframework.boot.test.autoconfigure.actuate.metrics.MetricsExportContextCustomizerFactory$DisableMetricExportContextCustomizer@491e42b4, org.springframework.boot.test.autoconfigure.properties.PropertyMappingContextCustomizer@0, org.springframework.boot.test.autoconfigure.web.servlet.WebDriverContextCustomizerFactory$Customizer@1970d49a, org.springframework.boot.test.context.filter.ExcludeFilterContextCustomizer@178e422e, org.springframework.boot.test.json.DuplicateJsonObjectContextCustomizerFactory$DuplicateJsonObjectContextCustomizer@1cf9c2c, org.springframework.boot.test.mock.mockito.MockitoContextCustomizer@0], contextLoader = 'org.springframework.test.context.support.DelegatingSmartContextLoader', parent = [null]]]
02:20:25.483 [Test worker] DEBUG org.springframework.test.context.cache - Spring test ApplicationContext cache statistics: [DefaultContextCache@6016e6b7 size = 1, maxSize = 32, parentContextCount = 0, hitCount = 41, missCount = 1]
02:20:25.483 [Test worker] DEBUG org.hibernate.SQL - select certificat0_.id as id1_0_, certificat0_.createDate as createda2_0_, certificat0_.description as descript3_0_, certificat0_.duration as duration4_0_, certificat0_.lastUpdateDate as lastupda5_0_, certificat0_.name as name6_0_, certificat0_.price as price7_0_ from CertificateEntity certificat0_ where certificat0_.name=?
Hibernate: select certificat0_.id as id1_0_, certificat0_.createDate as createda2_0_, certificat0_.description as descript3_0_, certificat0_.duration as duration4_0_, certificat0_.lastUpdateDate as lastupda5_0_, certificat0_.name as name6_0_, certificat0_.price as price7_0_ from CertificateEntity certificat0_ where certificat0_.name=?
02:20:25.484 [Test worker] DEBUG org.hibernate.stat.internal.StatisticsImpl - HHH000117: HQL: SELECT cert FROM CertificateEntity cert WHERE cert.name = ?1, time: 0ms, rows: 0
02:20:25.485 [Test worker] DEBUG org.hibernate.engine.spi.ActionQueue - Executing identity-insert immediately
02:20:25.485 [Test worker] DEBUG org.hibernate.SQL - insert into CertificateEntity (id, createDate, description, duration, lastUpdateDate, name, price) values (null, ?, ?, ?, ?, ?, ?)
Hibernate: insert into CertificateEntity (id, createDate, description, duration, lastUpdateDate, name, price) values (null, ?, ?, ?, ?, ?, ?)
02:20:25.486 [Test worker] DEBUG org.hibernate.id.IdentifierGeneratorHelper - Natively generated identity: 13
02:20:25.486 [Test worker] DEBUG org.hibernate.resource.jdbc.internal.ResourceRegistryStandardImpl - HHH000387: ResultSet's statement was not registered
02:20:25.486 [Test worker] DEBUG org.hibernate.event.internal.AbstractFlushingEventListener - Processing flush-time cascades
02:20:25.486 [Test worker] DEBUG org.hibernate.event.internal.AbstractFlushingEventListener - Dirty checking collections
02:20:25.486 [Test worker] DEBUG org.hibernate.engine.internal.Collections - Collection found: [com.epam.esm.model.entity.CertificateEntity.tagEntities#13], was: [<unreferenced>] (initialized)
02:20:25.487 [Test worker] DEBUG org.hibernate.event.internal.AbstractFlushingEventListener - Flushed: 0 insertions, 0 updates, 0 deletions to 1 objects
02:20:25.487 [Test worker] DEBUG org.hibernate.event.internal.AbstractFlushingEventListener - Flushed: 1 (re)creations, 0 updates, 0 removals to 1 collections
02:20:25.487 [Test worker] DEBUG org.hibernate.internal.util.EntityPrinter - Listing entities:
02:20:25.487 [Test worker] DEBUG org.hibernate.internal.util.EntityPrinter - com.epam.esm.model.entity.CertificateEntity{duration=0, lastUpdateDate=null, price=0.0, tagEntities=[], name=Certificate1, description=null, id=13, createDate=null}
02:20:25.487 [Test worker] DEBUG org.hibernate.SQL - select certificat0_.id as id1_0_, certificat0_.createDate as createda2_0_, certificat0_.description as descript3_0_, certificat0_.duration as duration4_0_, certificat0_.lastUpdateDate as lastupda5_0_, certificat0_.name as name6_0_, certificat0_.price as price7_0_ from CertificateEntity certificat0_ where certificat0_.name=?
Hibernate: select certificat0_.id as id1_0_, certificat0_.createDate as createda2_0_, certificat0_.description as descript3_0_, certificat0_.duration as duration4_0_, certificat0_.lastUpdateDate as lastupda5_0_, certificat0_.name as name6_0_, certificat0_.price as price7_0_ from CertificateEntity certificat0_ where certificat0_.name=?
02:20:25.487 [Test worker] DEBUG org.hibernate.loader.Loader - Result set row: 0
02:20:25.488 [Test worker] DEBUG org.hibernate.loader.Loader - Result row: EntityKey[com.epam.esm.model.entity.CertificateEntity#13]
02:20:25.488 [Test worker] DEBUG org.hibernate.stat.internal.StatisticsImpl - HHH000117: HQL: SELECT cert FROM CertificateEntity cert WHERE cert.name = ?1, time: 0ms, rows: 1
02:20:25.488 [Test worker] DEBUG org.springframework.test.context.cache.DefaultCacheAwareContextLoaderDelegate - Retrieved ApplicationContext [1806878190] from cache with key [[MergedContextConfiguration@1d733d37 testClass = CertificateDaoImplTest, locations = '{}', classes = '{class com.epam.esm.configuration.DaoTestConfiguration}', contextInitializerClasses = '[]', activeProfiles = '{}', propertySourceLocations = '{}', propertySourceProperties = '{}', contextCustomizers = set[org.springframework.boot.test.autoconfigure.actuate.metrics.MetricsExportContextCustomizerFactory$DisableMetricExportContextCustomizer@491e42b4, org.springframework.boot.test.autoconfigure.properties.PropertyMappingContextCustomizer@0, org.springframework.boot.test.autoconfigure.web.servlet.WebDriverContextCustomizerFactory$Customizer@1970d49a, org.springframework.boot.test.context.filter.ExcludeFilterContextCustomizer@178e422e, org.springframework.boot.test.json.DuplicateJsonObjectContextCustomizerFactory$DuplicateJsonObjectContextCustomizer@1cf9c2c, org.springframework.boot.test.mock.mockito.MockitoContextCustomizer@0], contextLoader = 'org.springframework.test.context.support.DelegatingSmartContextLoader', parent = [null]]]
02:20:25.488 [Test worker] DEBUG org.springframework.test.context.cache - Spring test ApplicationContext cache statistics: [DefaultContextCache@6016e6b7 size = 1, maxSize = 32, parentContextCount = 0, hitCount = 42, missCount = 1]
02:20:25.489 [Test worker] DEBUG org.springframework.test.context.cache.DefaultCacheAwareContextLoaderDelegate - Retrieved ApplicationContext [1806878190] from cache with key [[MergedContextConfiguration@1d733d37 testClass = CertificateDaoImplTest, locations = '{}', classes = '{class com.epam.esm.configuration.DaoTestConfiguration}', contextInitializerClasses = '[]', activeProfiles = '{}', propertySourceLocations = '{}', propertySourceProperties = '{}', contextCustomizers = set[org.springframework.boot.test.autoconfigure.actuate.metrics.MetricsExportContextCustomizerFactory$DisableMetricExportContextCustomizer@491e42b4, org.springframework.boot.test.autoconfigure.properties.PropertyMappingContextCustomizer@0, org.springframework.boot.test.autoconfigure.web.servlet.WebDriverContextCustomizerFactory$Customizer@1970d49a, org.springframework.boot.test.context.filter.ExcludeFilterContextCustomizer@178e422e, org.springframework.boot.test.json.DuplicateJsonObjectContextCustomizerFactory$DuplicateJsonObjectContextCustomizer@1cf9c2c, org.springframework.boot.test.mock.mockito.MockitoContextCustomizer@0], contextLoader = 'org.springframework.test.context.support.DelegatingSmartContextLoader', parent = [null]]]
02:20:25.489 [Test worker] DEBUG org.springframework.test.context.cache - Spring test ApplicationContext cache statistics: [DefaultContextCache@6016e6b7 size = 1, maxSize = 32, parentContextCount = 0, hitCount = 43, missCount = 1]
02:20:25.489 [Test worker] DEBUG org.springframework.test.context.cache.DefaultCacheAwareContextLoaderDelegate - Retrieved ApplicationContext [1806878190] from cache with key [[MergedContextConfiguration@1d733d37 testClass = CertificateDaoImplTest, locations = '{}', classes = '{class com.epam.esm.configuration.DaoTestConfiguration}', contextInitializerClasses = '[]', activeProfiles = '{}', propertySourceLocations = '{}', propertySourceProperties = '{}', contextCustomizers = set[org.springframework.boot.test.autoconfigure.actuate.metrics.MetricsExportContextCustomizerFactory$DisableMetricExportContextCustomizer@491e42b4, org.springframework.boot.test.autoconfigure.properties.PropertyMappingContextCustomizer@0, org.springframework.boot.test.autoconfigure.web.servlet.WebDriverContextCustomizerFactory$Customizer@1970d49a, org.springframework.boot.test.context.filter.ExcludeFilterContextCustomizer@178e422e, org.springframework.boot.test.json.DuplicateJsonObjectContextCustomizerFactory$DuplicateJsonObjectContextCustomizer@1cf9c2c, org.springframework.boot.test.mock.mockito.MockitoContextCustomizer@0], contextLoader = 'org.springframework.test.context.support.DelegatingSmartContextLoader', parent = [null]]]
02:20:25.489 [Test worker] DEBUG org.springframework.test.context.cache - Spring test ApplicationContext cache statistics: [DefaultContextCache@6016e6b7 size = 1, maxSize = 32, parentContextCount = 0, hitCount = 44, missCount = 1]
02:20:25.489 [Test worker] DEBUG org.springframework.test.context.cache.DefaultCacheAwareContextLoaderDelegate - Retrieved ApplicationContext [1806878190] from cache with key [[MergedContextConfiguration@1d733d37 testClass = CertificateDaoImplTest, locations = '{}', classes = '{class com.epam.esm.configuration.DaoTestConfiguration}', contextInitializerClasses = '[]', activeProfiles = '{}', propertySourceLocations = '{}', propertySourceProperties = '{}', contextCustomizers = set[org.springframework.boot.test.autoconfigure.actuate.metrics.MetricsExportContextCustomizerFactory$DisableMetricExportContextCustomizer@491e42b4, org.springframework.boot.test.autoconfigure.properties.PropertyMappingContextCustomizer@0, org.springframework.boot.test.autoconfigure.web.servlet.WebDriverContextCustomizerFactory$Customizer@1970d49a, org.springframework.boot.test.context.filter.ExcludeFilterContextCustomizer@178e422e, org.springframework.boot.test.json.DuplicateJsonObjectContextCustomizerFactory$DuplicateJsonObjectContextCustomizer@1cf9c2c, org.springframework.boot.test.mock.mockito.MockitoContextCustomizer@0], contextLoader = 'org.springframework.test.context.support.DelegatingSmartContextLoader', parent = [null]]]
02:20:25.489 [Test worker] DEBUG org.springframework.test.context.cache - Spring test ApplicationContext cache statistics: [DefaultContextCache@6016e6b7 size = 1, maxSize = 32, parentContextCount = 0, hitCount = 45, missCount = 1]
02:20:25.489 [Test worker] DEBUG org.springframework.test.context.cache.DefaultCacheAwareContextLoaderDelegate - Retrieved ApplicationContext [1806878190] from cache with key [[MergedContextConfiguration@1d733d37 testClass = CertificateDaoImplTest, locations = '{}', classes = '{class com.epam.esm.configuration.DaoTestConfiguration}', contextInitializerClasses = '[]', activeProfiles = '{}', propertySourceLocations = '{}', propertySourceProperties = '{}', contextCustomizers = set[org.springframework.boot.test.autoconfigure.actuate.metrics.MetricsExportContextCustomizerFactory$DisableMetricExportContextCustomizer@491e42b4, org.springframework.boot.test.autoconfigure.properties.PropertyMappingContextCustomizer@0, org.springframework.boot.test.autoconfigure.web.servlet.WebDriverContextCustomizerFactory$Customizer@1970d49a, org.springframework.boot.test.context.filter.ExcludeFilterContextCustomizer@178e422e, org.springframework.boot.test.json.DuplicateJsonObjectContextCustomizerFactory$DuplicateJsonObjectContextCustomizer@1cf9c2c, org.springframework.boot.test.mock.mockito.MockitoContextCustomizer@0], contextLoader = 'org.springframework.test.context.support.DelegatingSmartContextLoader', parent = [null]]]
02:20:25.489 [Test worker] DEBUG org.springframework.test.context.cache - Spring test ApplicationContext cache statistics: [DefaultContextCache@6016e6b7 size = 1, maxSize = 32, parentContextCount = 0, hitCount = 46, missCount = 1]
02:20:25.490 [Test worker] DEBUG org.springframework.test.context.cache.DefaultCacheAwareContextLoaderDelegate - Retrieved ApplicationContext [1806878190] from cache with key [[MergedContextConfiguration@1d733d37 testClass = CertificateDaoImplTest, locations = '{}', classes = '{class com.epam.esm.configuration.DaoTestConfiguration}', contextInitializerClasses = '[]', activeProfiles = '{}', propertySourceLocations = '{}', propertySourceProperties = '{}', contextCustomizers = set[org.springframework.boot.test.autoconfigure.actuate.metrics.MetricsExportContextCustomizerFactory$DisableMetricExportContextCustomizer@491e42b4, org.springframework.boot.test.autoconfigure.properties.PropertyMappingContextCustomizer@0, org.springframework.boot.test.autoconfigure.web.servlet.WebDriverContextCustomizerFactory$Customizer@1970d49a, org.springframework.boot.test.context.filter.ExcludeFilterContextCustomizer@178e422e, org.springframework.boot.test.json.DuplicateJsonObjectContextCustomizerFactory$DuplicateJsonObjectContextCustomizer@1cf9c2c, org.springframework.boot.test.mock.mockito.MockitoContextCustomizer@0], contextLoader = 'org.springframework.test.context.support.DelegatingSmartContextLoader', parent = [null]]]
02:20:25.490 [Test worker] DEBUG org.springframework.test.context.cache - Spring test ApplicationContext cache statistics: [DefaultContextCache@6016e6b7 size = 1, maxSize = 32, parentContextCount = 0, hitCount = 47, missCount = 1]
02:20:25.490 [Test worker] DEBUG org.springframework.orm.jpa.JpaTransactionManager - Initiating transaction rollback
02:20:25.490 [Test worker] DEBUG org.springframework.orm.jpa.JpaTransactionManager - Rolling back JPA transaction on EntityManager [SessionImpl(555846785<open>)]
02:20:25.490 [Test worker] DEBUG org.hibernate.engine.transaction.internal.TransactionImpl - rolling back
02:20:25.491 [Test worker] DEBUG org.springframework.orm.jpa.JpaTransactionManager - Closing JPA EntityManager [SessionImpl(555846785<open>)] after transaction
02:20:25.491 [Test worker] INFO org.hibernate.engine.internal.StatisticalLoggingSessionEventListener - Session Metrics {
    529355 nanoseconds spent acquiring 1 JDBC connections;
    0 nanoseconds spent releasing 0 JDBC connections;
    440014 nanoseconds spent preparing 3 JDBC statements;
    799636 nanoseconds spent executing 3 JDBC statements;
    0 nanoseconds spent executing 0 JDBC batches;
    0 nanoseconds spent performing 0 L2C puts;
    0 nanoseconds spent performing 0 L2C hits;
    0 nanoseconds spent performing 0 L2C misses;
    0 nanoseconds spent executing 0 flushes (flushing a total of 0 entities and 0 collections);
    662025 nanoseconds spent executing 2 partial-flushes (flushing a total of 1 entities and 1 collections)
}
02:20:25.491 [Test worker] INFO org.springframework.test.context.transaction.TransactionContext - Rolled back transaction for test: [DefaultTestContext@29934d06 testClass = CertificateDaoImplTest, testInstance = com.epam.esm.dao.impl.CertificateDaoImplTest@1c44aea, testMethod = createTest@CertificateDaoImplTest, testException = [null], mergedContextConfiguration = [MergedContextConfiguration@1d733d37 testClass = CertificateDaoImplTest, locations = '{}', classes = '{class com.epam.esm.configuration.DaoTestConfiguration}', contextInitializerClasses = '[]', activeProfiles = '{}', propertySourceLocations = '{}', propertySourceProperties = '{}', contextCustomizers = set[org.springframework.boot.test.autoconfigure.actuate.metrics.MetricsExportContextCustomizerFactory$DisableMetricExportContextCustomizer@491e42b4, org.springframework.boot.test.autoconfigure.properties.PropertyMappingContextCustomizer@0, org.springframework.boot.test.autoconfigure.web.servlet.WebDriverContextCustomizerFactory$Customizer@1970d49a, org.springframework.boot.test.context.filter.ExcludeFilterContextCustomizer@178e422e, org.springframework.boot.test.json.DuplicateJsonObjectContextCustomizerFactory$DuplicateJsonObjectContextCustomizer@1cf9c2c, org.springframework.boot.test.mock.mockito.MockitoContextCustomizer@0], contextLoader = 'org.springframework.test.context.support.DelegatingSmartContextLoader', parent = [null]], attributes = map['org.springframework.test.context.event.ApplicationEventsTestExecutionListener.recordApplicationEvents' -> false]]
02:20:25.492 [Test worker] DEBUG org.springframework.test.context.support.AbstractDirtiesContextTestExecutionListener - After test method: context [DefaultTestContext@29934d06 testClass = CertificateDaoImplTest, testInstance = com.epam.esm.dao.impl.CertificateDaoImplTest@1c44aea, testMethod = createTest@CertificateDaoImplTest, testException = [null], mergedContextConfiguration = [MergedContextConfiguration@1d733d37 testClass = CertificateDaoImplTest, locations = '{}', classes = '{class com.epam.esm.configuration.DaoTestConfiguration}', contextInitializerClasses = '[]', activeProfiles = '{}', propertySourceLocations = '{}', propertySourceProperties = '{}', contextCustomizers = set[org.springframework.boot.test.autoconfigure.actuate.metrics.MetricsExportContextCustomizerFactory$DisableMetricExportContextCustomizer@491e42b4, org.springframework.boot.test.autoconfigure.properties.PropertyMappingContextCustomizer@0, org.springframework.boot.test.autoconfigure.web.servlet.WebDriverContextCustomizerFactory$Customizer@1970d49a, org.springframework.boot.test.context.filter.ExcludeFilterContextCustomizer@178e422e, org.springframework.boot.test.json.DuplicateJsonObjectContextCustomizerFactory$DuplicateJsonObjectContextCustomizer@1cf9c2c, org.springframework.boot.test.mock.mockito.MockitoContextCustomizer@0], contextLoader = 'org.springframework.test.context.support.DelegatingSmartContextLoader', parent = [null]], attributes = map['org.springframework.test.context.event.ApplicationEventsTestExecutionListener.recordApplicationEvents' -> false]], class annotated with @DirtiesContext [false] with mode [null], method annotated with @DirtiesContext [false] with mode [null].
02:20:25.492 [Test worker] DEBUG org.springframework.test.context.support.DependencyInjectionTestExecutionListener - Performing dependency injection for test context [[DefaultTestContext@29934d06 testClass = CertificateDaoImplTest, testInstance = com.epam.esm.dao.impl.CertificateDaoImplTest@2bbcbb1, testMethod = [null], testException = [null], mergedContextConfiguration = [MergedContextConfiguration@1d733d37 testClass = CertificateDaoImplTest, locations = '{}', classes = '{class com.epam.esm.configuration.DaoTestConfiguration}', contextInitializerClasses = '[]', activeProfiles = '{}', propertySourceLocations = '{}', propertySourceProperties = '{}', contextCustomizers = set[org.springframework.boot.test.autoconfigure.actuate.metrics.MetricsExportContextCustomizerFactory$DisableMetricExportContextCustomizer@491e42b4, org.springframework.boot.test.autoconfigure.properties.PropertyMappingContextCustomizer@0, org.springframework.boot.test.autoconfigure.web.servlet.WebDriverContextCustomizerFactory$Customizer@1970d49a, org.springframework.boot.test.context.filter.ExcludeFilterContextCustomizer@178e422e, org.springframework.boot.test.json.DuplicateJsonObjectContextCustomizerFactory$DuplicateJsonObjectContextCustomizer@1cf9c2c, org.springframework.boot.test.mock.mockito.MockitoContextCustomizer@0], contextLoader = 'org.springframework.test.context.support.DelegatingSmartContextLoader', parent = [null]], attributes = map['org.springframework.test.context.event.ApplicationEventsTestExecutionListener.recordApplicationEvents' -> false]]].
02:20:25.492 [Test worker] DEBUG org.springframework.test.context.cache.DefaultCacheAwareContextLoaderDelegate - Retrieved ApplicationContext [1806878190] from cache with key [[MergedContextConfiguration@1d733d37 testClass = CertificateDaoImplTest, locations = '{}', classes = '{class com.epam.esm.configuration.DaoTestConfiguration}', contextInitializerClasses = '[]', activeProfiles = '{}', propertySourceLocations = '{}', propertySourceProperties = '{}', contextCustomizers = set[org.springframework.boot.test.autoconfigure.actuate.metrics.MetricsExportContextCustomizerFactory$DisableMetricExportContextCustomizer@491e42b4, org.springframework.boot.test.autoconfigure.properties.PropertyMappingContextCustomizer@0, org.springframework.boot.test.autoconfigure.web.servlet.WebDriverContextCustomizerFactory$Customizer@1970d49a, org.springframework.boot.test.context.filter.ExcludeFilterContextCustomizer@178e422e, org.springframework.boot.test.json.DuplicateJsonObjectContextCustomizerFactory$DuplicateJsonObjectContextCustomizer@1cf9c2c, org.springframework.boot.test.mock.mockito.MockitoContextCustomizer@0], contextLoader = 'org.springframework.test.context.support.DelegatingSmartContextLoader', parent = [null]]]
02:20:25.493 [Test worker] DEBUG org.springframework.test.context.cache - Spring test ApplicationContext cache statistics: [DefaultContextCache@6016e6b7 size = 1, maxSize = 32, parentContextCount = 0, hitCount = 48, missCount = 1]
02:20:25.493 [Test worker] DEBUG org.springframework.test.context.cache.DefaultCacheAwareContextLoaderDelegate - Retrieved ApplicationContext [1806878190] from cache with key [[MergedContextConfiguration@1d733d37 testClass = CertificateDaoImplTest, locations = '{}', classes = '{class com.epam.esm.configuration.DaoTestConfiguration}', contextInitializerClasses = '[]', activeProfiles = '{}', propertySourceLocations = '{}', propertySourceProperties = '{}', contextCustomizers = set[org.springframework.boot.test.autoconfigure.actuate.metrics.MetricsExportContextCustomizerFactory$DisableMetricExportContextCustomizer@491e42b4, org.springframework.boot.test.autoconfigure.properties.PropertyMappingContextCustomizer@0, org.springframework.boot.test.autoconfigure.web.servlet.WebDriverContextCustomizerFactory$Customizer@1970d49a, org.springframework.boot.test.context.filter.ExcludeFilterContextCustomizer@178e422e, org.springframework.boot.test.json.DuplicateJsonObjectContextCustomizerFactory$DuplicateJsonObjectContextCustomizer@1cf9c2c, org.springframework.boot.test.mock.mockito.MockitoContextCustomizer@0], contextLoader = 'org.springframework.test.context.support.DelegatingSmartContextLoader', parent = [null]]]
02:20:25.493 [Test worker] DEBUG org.springframework.test.context.cache - Spring test ApplicationContext cache statistics: [DefaultContextCache@6016e6b7 size = 1, maxSize = 32, parentContextCount = 0, hitCount = 49, missCount = 1]
02:20:25.494 [Test worker] DEBUG org.springframework.test.context.support.AbstractDirtiesContextTestExecutionListener - Before test method: context [DefaultTestContext@29934d06 testClass = CertificateDaoImplTest, testInstance = com.epam.esm.dao.impl.CertificateDaoImplTest@2bbcbb1, testMethod = deleteTest@CertificateDaoImplTest, testException = [null], mergedContextConfiguration = [MergedContextConfiguration@1d733d37 testClass = CertificateDaoImplTest, locations = '{}', classes = '{class com.epam.esm.configuration.DaoTestConfiguration}', contextInitializerClasses = '[]', activeProfiles = '{}', propertySourceLocations = '{}', propertySourceProperties = '{}', contextCustomizers = set[org.springframework.boot.test.autoconfigure.actuate.metrics.MetricsExportContextCustomizerFactory$DisableMetricExportContextCustomizer@491e42b4, org.springframework.boot.test.autoconfigure.properties.PropertyMappingContextCustomizer@0, org.springframework.boot.test.autoconfigure.web.servlet.WebDriverContextCustomizerFactory$Customizer@1970d49a, org.springframework.boot.test.context.filter.ExcludeFilterContextCustomizer@178e422e, org.springframework.boot.test.json.DuplicateJsonObjectContextCustomizerFactory$DuplicateJsonObjectContextCustomizer@1cf9c2c, org.springframework.boot.test.mock.mockito.MockitoContextCustomizer@0], contextLoader = 'org.springframework.test.context.support.DelegatingSmartContextLoader', parent = [null]], attributes = map['org.springframework.test.context.event.ApplicationEventsTestExecutionListener.recordApplicationEvents' -> false]], class annotated with @DirtiesContext [false] with mode [null], method annotated with @DirtiesContext [false] with mode [null].
02:20:25.495 [Test worker] DEBUG org.springframework.test.context.transaction.TransactionalTestExecutionListener - Explicit transaction definition [PROPAGATION_REQUIRED,ISOLATION_DEFAULT] found for test context [DefaultTestContext@29934d06 testClass = CertificateDaoImplTest, testInstance = com.epam.esm.dao.impl.CertificateDaoImplTest@2bbcbb1, testMethod = deleteTest@CertificateDaoImplTest, testException = [null], mergedContextConfiguration = [MergedContextConfiguration@1d733d37 testClass = CertificateDaoImplTest, locations = '{}', classes = '{class com.epam.esm.configuration.DaoTestConfiguration}', contextInitializerClasses = '[]', activeProfiles = '{}', propertySourceLocations = '{}', propertySourceProperties = '{}', contextCustomizers = set[org.springframework.boot.test.autoconfigure.actuate.metrics.MetricsExportContextCustomizerFactory$DisableMetricExportContextCustomizer@491e42b4, org.springframework.boot.test.autoconfigure.properties.PropertyMappingContextCustomizer@0, org.springframework.boot.test.autoconfigure.web.servlet.WebDriverContextCustomizerFactory$Customizer@1970d49a, org.springframework.boot.test.context.filter.ExcludeFilterContextCustomizer@178e422e, org.springframework.boot.test.json.DuplicateJsonObjectContextCustomizerFactory$DuplicateJsonObjectContextCustomizer@1cf9c2c, org.springframework.boot.test.mock.mockito.MockitoContextCustomizer@0], contextLoader = 'org.springframework.test.context.support.DelegatingSmartContextLoader', parent = [null]], attributes = map['org.springframework.test.context.event.ApplicationEventsTestExecutionListener.recordApplicationEvents' -> false]]
02:20:25.495 [Test worker] DEBUG org.springframework.test.context.cache.DefaultCacheAwareContextLoaderDelegate - Retrieved ApplicationContext [1806878190] from cache with key [[MergedContextConfiguration@1d733d37 testClass = CertificateDaoImplTest, locations = '{}', classes = '{class com.epam.esm.configuration.DaoTestConfiguration}', contextInitializerClasses = '[]', activeProfiles = '{}', propertySourceLocations = '{}', propertySourceProperties = '{}', contextCustomizers = set[org.springframework.boot.test.autoconfigure.actuate.metrics.MetricsExportContextCustomizerFactory$DisableMetricExportContextCustomizer@491e42b4, org.springframework.boot.test.autoconfigure.properties.PropertyMappingContextCustomizer@0, org.springframework.boot.test.autoconfigure.web.servlet.WebDriverContextCustomizerFactory$Customizer@1970d49a, org.springframework.boot.test.context.filter.ExcludeFilterContextCustomizer@178e422e, org.springframework.boot.test.json.DuplicateJsonObjectContextCustomizerFactory$DuplicateJsonObjectContextCustomizer@1cf9c2c, org.springframework.boot.test.mock.mockito.MockitoContextCustomizer@0], contextLoader = 'org.springframework.test.context.support.DelegatingSmartContextLoader', parent = [null]]]
02:20:25.495 [Test worker] DEBUG org.springframework.test.context.cache - Spring test ApplicationContext cache statistics: [DefaultContextCache@6016e6b7 size = 1, maxSize = 32, parentContextCount = 0, hitCount = 50, missCount = 1]
02:20:25.495 [Test worker] DEBUG org.springframework.test.context.transaction.TransactionalTestExecutionListener - No method-level @Rollback override: using default rollback [true] for test context [DefaultTestContext@29934d06 testClass = CertificateDaoImplTest, testInstance = com.epam.esm.dao.impl.CertificateDaoImplTest@2bbcbb1, testMethod = deleteTest@CertificateDaoImplTest, testException = [null], mergedContextConfiguration = [MergedContextConfiguration@1d733d37 testClass = CertificateDaoImplTest, locations = '{}', classes = '{class com.epam.esm.configuration.DaoTestConfiguration}', contextInitializerClasses = '[]', activeProfiles = '{}', propertySourceLocations = '{}', propertySourceProperties = '{}', contextCustomizers = set[org.springframework.boot.test.autoconfigure.actuate.metrics.MetricsExportContextCustomizerFactory$DisableMetricExportContextCustomizer@491e42b4, org.springframework.boot.test.autoconfigure.properties.PropertyMappingContextCustomizer@0, org.springframework.boot.test.autoconfigure.web.servlet.WebDriverContextCustomizerFactory$Customizer@1970d49a, org.springframework.boot.test.context.filter.ExcludeFilterContextCustomizer@178e422e, org.springframework.boot.test.json.DuplicateJsonObjectContextCustomizerFactory$DuplicateJsonObjectContextCustomizer@1cf9c2c, org.springframework.boot.test.mock.mockito.MockitoContextCustomizer@0], contextLoader = 'org.springframework.test.context.support.DelegatingSmartContextLoader', parent = [null]], attributes = map['org.springframework.test.context.event.ApplicationEventsTestExecutionListener.recordApplicationEvents' -> false]].
02:20:25.495 [Test worker] DEBUG org.springframework.orm.jpa.JpaTransactionManager - Creating new transaction with name [com.epam.esm.dao.impl.CertificateDaoImplTest.deleteTest]: PROPAGATION_REQUIRED,ISOLATION_DEFAULT
02:20:25.495 [Test worker] DEBUG org.springframework.orm.jpa.JpaTransactionManager - Opened new EntityManager [SessionImpl(413497971<open>)] for JPA transaction
02:20:25.496 [Test worker] DEBUG org.hibernate.engine.transaction.internal.TransactionImpl - On TransactionImpl creation, JpaCompliance#isJpaTransactionComplianceEnabled == false
02:20:25.496 [Test worker] DEBUG org.hibernate.engine.transaction.internal.TransactionImpl - begin
02:20:25.496 [Test worker] DEBUG org.springframework.jdbc.datasource.DriverManagerDataSource - Creating new JDBC DriverManager Connection to [jdbc:h2:mem:second;DB_CLOSE_DELAY=-1]
02:20:25.496 [Test worker] DEBUG org.springframework.orm.jpa.JpaTransactionManager - Exposing JPA transaction as JDBC [org.springframework.orm.jpa.vendor.HibernateJpaDialect$HibernateConnectionHandle@5d84e267]
02:20:25.496 [Test worker] INFO org.springframework.test.context.transaction.TransactionContext - Began transaction (1) for test context [DefaultTestContext@29934d06 testClass = CertificateDaoImplTest, testInstance = com.epam.esm.dao.impl.CertificateDaoImplTest@2bbcbb1, testMethod = deleteTest@CertificateDaoImplTest, testException = [null], mergedContextConfiguration = [MergedContextConfiguration@1d733d37 testClass = CertificateDaoImplTest, locations = '{}', classes = '{class com.epam.esm.configuration.DaoTestConfiguration}', contextInitializerClasses = '[]', activeProfiles = '{}', propertySourceLocations = '{}', propertySourceProperties = '{}', contextCustomizers = set[org.springframework.boot.test.autoconfigure.actuate.metrics.MetricsExportContextCustomizerFactory$DisableMetricExportContextCustomizer@491e42b4, org.springframework.boot.test.autoconfigure.properties.PropertyMappingContextCustomizer@0, org.springframework.boot.test.autoconfigure.web.servlet.WebDriverContextCustomizerFactory$Customizer@1970d49a, org.springframework.boot.test.context.filter.ExcludeFilterContextCustomizer@178e422e, org.springframework.boot.test.json.DuplicateJsonObjectContextCustomizerFactory$DuplicateJsonObjectContextCustomizer@1cf9c2c, org.springframework.boot.test.mock.mockito.MockitoContextCustomizer@0], contextLoader = 'org.springframework.test.context.support.DelegatingSmartContextLoader', parent = [null]], attributes = map['org.springframework.test.context.event.ApplicationEventsTestExecutionListener.recordApplicationEvents' -> false]]; transaction manager [org.springframework.orm.jpa.JpaTransactionManager@31334c89]; rollback [true]
02:20:25.497 [Test worker] DEBUG org.springframework.test.context.cache.DefaultCacheAwareContextLoaderDelegate - Retrieved ApplicationContext [1806878190] from cache with key [[MergedContextConfiguration@1d733d37 testClass = CertificateDaoImplTest, locations = '{}', classes = '{class com.epam.esm.configuration.DaoTestConfiguration}', contextInitializerClasses = '[]', activeProfiles = '{}', propertySourceLocations = '{}', propertySourceProperties = '{}', contextCustomizers = set[org.springframework.boot.test.autoconfigure.actuate.metrics.MetricsExportContextCustomizerFactory$DisableMetricExportContextCustomizer@491e42b4, org.springframework.boot.test.autoconfigure.properties.PropertyMappingContextCustomizer@0, org.springframework.boot.test.autoconfigure.web.servlet.WebDriverContextCustomizerFactory$Customizer@1970d49a, org.springframework.boot.test.context.filter.ExcludeFilterContextCustomizer@178e422e, org.springframework.boot.test.json.DuplicateJsonObjectContextCustomizerFactory$DuplicateJsonObjectContextCustomizer@1cf9c2c, org.springframework.boot.test.mock.mockito.MockitoContextCustomizer@0], contextLoader = 'org.springframework.test.context.support.DelegatingSmartContextLoader', parent = [null]]]
02:20:25.497 [Test worker] DEBUG org.springframework.test.context.cache - Spring test ApplicationContext cache statistics: [DefaultContextCache@6016e6b7 size = 1, maxSize = 32, parentContextCount = 0, hitCount = 51, missCount = 1]
02:20:25.497 [Test worker] DEBUG org.springframework.test.context.cache.DefaultCacheAwareContextLoaderDelegate - Retrieved ApplicationContext [1806878190] from cache with key [[MergedContextConfiguration@1d733d37 testClass = CertificateDaoImplTest, locations = '{}', classes = '{class com.epam.esm.configuration.DaoTestConfiguration}', contextInitializerClasses = '[]', activeProfiles = '{}', propertySourceLocations = '{}', propertySourceProperties = '{}', contextCustomizers = set[org.springframework.boot.test.autoconfigure.actuate.metrics.MetricsExportContextCustomizerFactory$DisableMetricExportContextCustomizer@491e42b4, org.springframework.boot.test.autoconfigure.properties.PropertyMappingContextCustomizer@0, org.springframework.boot.test.autoconfigure.web.servlet.WebDriverContextCustomizerFactory$Customizer@1970d49a, org.springframework.boot.test.context.filter.ExcludeFilterContextCustomizer@178e422e, org.springframework.boot.test.json.DuplicateJsonObjectContextCustomizerFactory$DuplicateJsonObjectContextCustomizer@1cf9c2c, org.springframework.boot.test.mock.mockito.MockitoContextCustomizer@0], contextLoader = 'org.springframework.test.context.support.DelegatingSmartContextLoader', parent = [null]]]
02:20:25.497 [Test worker] DEBUG org.springframework.test.context.cache - Spring test ApplicationContext cache statistics: [DefaultContextCache@6016e6b7 size = 1, maxSize = 32, parentContextCount = 0, hitCount = 52, missCount = 1]
02:20:25.498 [Test worker] DEBUG org.springframework.test.context.cache.DefaultCacheAwareContextLoaderDelegate - Retrieved ApplicationContext [1806878190] from cache with key [[MergedContextConfiguration@1d733d37 testClass = CertificateDaoImplTest, locations = '{}', classes = '{class com.epam.esm.configuration.DaoTestConfiguration}', contextInitializerClasses = '[]', activeProfiles = '{}', propertySourceLocations = '{}', propertySourceProperties = '{}', contextCustomizers = set[org.springframework.boot.test.autoconfigure.actuate.metrics.MetricsExportContextCustomizerFactory$DisableMetricExportContextCustomizer@491e42b4, org.springframework.boot.test.autoconfigure.properties.PropertyMappingContextCustomizer@0, org.springframework.boot.test.autoconfigure.web.servlet.WebDriverContextCustomizerFactory$Customizer@1970d49a, org.springframework.boot.test.context.filter.ExcludeFilterContextCustomizer@178e422e, org.springframework.boot.test.json.DuplicateJsonObjectContextCustomizerFactory$DuplicateJsonObjectContextCustomizer@1cf9c2c, org.springframework.boot.test.mock.mockito.MockitoContextCustomizer@0], contextLoader = 'org.springframework.test.context.support.DelegatingSmartContextLoader', parent = [null]]]
02:20:25.498 [Test worker] DEBUG org.springframework.test.context.cache - Spring test ApplicationContext cache statistics: [DefaultContextCache@6016e6b7 size = 1, maxSize = 32, parentContextCount = 0, hitCount = 53, missCount = 1]
02:20:25.498 [Test worker] DEBUG org.hibernate.engine.spi.ActionQueue - Executing identity-insert immediately
02:20:25.498 [Test worker] DEBUG org.hibernate.SQL - insert into CertificateEntity (id, createDate, description, duration, lastUpdateDate, name, price) values (null, ?, ?, ?, ?, ?, ?)
Hibernate: insert into CertificateEntity (id, createDate, description, duration, lastUpdateDate, name, price) values (null, ?, ?, ?, ?, ?, ?)
02:20:25.499 [Test worker] DEBUG org.hibernate.id.IdentifierGeneratorHelper - Natively generated identity: 14
02:20:25.499 [Test worker] DEBUG org.hibernate.resource.jdbc.internal.ResourceRegistryStandardImpl - HHH000387: ResultSet's statement was not registered
02:20:25.500 [Test worker] DEBUG org.hibernate.SQL - select certificat0_.id as id1_0_0_, certificat0_.createDate as createda2_0_0_, certificat0_.description as descript3_0_0_, certificat0_.duration as duration4_0_0_, certificat0_.lastUpdateDate as lastupda5_0_0_, certificat0_.name as name6_0_0_, certificat0_.price as price7_0_0_, tagentitie1_.CertificateEntity_id as certific1_1_1_, tagentity2_.id as tagentit2_1_1_, tagentity2_.id as id1_4_2_, tagentity2_.name as name2_4_2_ from CertificateEntity certificat0_ left outer join CertificateEntity_TagEntity tagentitie1_ on certificat0_.id=tagentitie1_.CertificateEntity_id left outer join TagEntity tagentity2_ on tagentitie1_.tagEntities_id=tagentity2_.id where certificat0_.id=?
Hibernate: select certificat0_.id as id1_0_0_, certificat0_.createDate as createda2_0_0_, certificat0_.description as descript3_0_0_, certificat0_.duration as duration4_0_0_, certificat0_.lastUpdateDate as lastupda5_0_0_, certificat0_.name as name6_0_0_, certificat0_.price as price7_0_0_, tagentitie1_.CertificateEntity_id as certific1_1_1_, tagentity2_.id as tagentit2_1_1_, tagentity2_.id as id1_4_2_, tagentity2_.name as name2_4_2_ from CertificateEntity certificat0_ left outer join CertificateEntity_TagEntity tagentitie1_ on certificat0_.id=tagentitie1_.CertificateEntity_id left outer join TagEntity tagentity2_ on tagentitie1_.tagEntities_id=tagentity2_.id where certificat0_.id=?
02:20:25.503 [Test worker] DEBUG org.hibernate.engine.loading.internal.CollectionLoadContext - No collections were found in result set for role: com.epam.esm.model.entity.CertificateEntity.tagEntities
02:20:25.504 [Test worker] DEBUG org.hibernate.loader.entity.plan.AbstractLoadPlanBasedEntityLoader - Done entity load : com.epam.esm.model.entity.CertificateEntity#1
02:20:25.504 [Test worker] DEBUG org.hibernate.SQL - select certificat0_.id as id1_0_0_, certificat0_.createDate as createda2_0_0_, certificat0_.description as descript3_0_0_, certificat0_.duration as duration4_0_0_, certificat0_.lastUpdateDate as lastupda5_0_0_, certificat0_.name as name6_0_0_, certificat0_.price as price7_0_0_, tagentitie1_.CertificateEntity_id as certific1_1_1_, tagentity2_.id as tagentit2_1_1_, tagentity2_.id as id1_4_2_, tagentity2_.name as name2_4_2_ from CertificateEntity certificat0_ left outer join CertificateEntity_TagEntity tagentitie1_ on certificat0_.id=tagentitie1_.CertificateEntity_id left outer join TagEntity tagentity2_ on tagentitie1_.tagEntities_id=tagentity2_.id where certificat0_.id=?
Hibernate: select certificat0_.id as id1_0_0_, certificat0_.createDate as createda2_0_0_, certificat0_.description as descript3_0_0_, certificat0_.duration as duration4_0_0_, certificat0_.lastUpdateDate as lastupda5_0_0_, certificat0_.name as name6_0_0_, certificat0_.price as price7_0_0_, tagentitie1_.CertificateEntity_id as certific1_1_1_, tagentity2_.id as tagentit2_1_1_, tagentity2_.id as id1_4_2_, tagentity2_.name as name2_4_2_ from CertificateEntity certificat0_ left outer join CertificateEntity_TagEntity tagentitie1_ on certificat0_.id=tagentitie1_.CertificateEntity_id left outer join TagEntity tagentity2_ on tagentitie1_.tagEntities_id=tagentity2_.id where certificat0_.id=?
02:20:25.504 [Test worker] DEBUG org.hibernate.engine.loading.internal.CollectionLoadContext - No collections were found in result set for role: com.epam.esm.model.entity.CertificateEntity.tagEntities
02:20:25.504 [Test worker] DEBUG org.hibernate.loader.entity.plan.AbstractLoadPlanBasedEntityLoader - Done entity load : com.epam.esm.model.entity.CertificateEntity#1
02:20:25.504 [Test worker] DEBUG org.springframework.test.context.cache.DefaultCacheAwareContextLoaderDelegate - Retrieved ApplicationContext [1806878190] from cache with key [[MergedContextConfiguration@1d733d37 testClass = CertificateDaoImplTest, locations = '{}', classes = '{class com.epam.esm.configuration.DaoTestConfiguration}', contextInitializerClasses = '[]', activeProfiles = '{}', propertySourceLocations = '{}', propertySourceProperties = '{}', contextCustomizers = set[org.springframework.boot.test.autoconfigure.actuate.metrics.MetricsExportContextCustomizerFactory$DisableMetricExportContextCustomizer@491e42b4, org.springframework.boot.test.autoconfigure.properties.PropertyMappingContextCustomizer@0, org.springframework.boot.test.autoconfigure.web.servlet.WebDriverContextCustomizerFactory$Customizer@1970d49a, org.springframework.boot.test.context.filter.ExcludeFilterContextCustomizer@178e422e, org.springframework.boot.test.json.DuplicateJsonObjectContextCustomizerFactory$DuplicateJsonObjectContextCustomizer@1cf9c2c, org.springframework.boot.test.mock.mockito.MockitoContextCustomizer@0], contextLoader = 'org.springframework.test.context.support.DelegatingSmartContextLoader', parent = [null]]]
02:20:25.504 [Test worker] DEBUG org.springframework.test.context.cache - Spring test ApplicationContext cache statistics: [DefaultContextCache@6016e6b7 size = 1, maxSize = 32, parentContextCount = 0, hitCount = 54, missCount = 1]
02:20:25.505 [Test worker] DEBUG org.springframework.test.context.cache.DefaultCacheAwareContextLoaderDelegate - Retrieved ApplicationContext [1806878190] from cache with key [[MergedContextConfiguration@1d733d37 testClass = CertificateDaoImplTest, locations = '{}', classes = '{class com.epam.esm.configuration.DaoTestConfiguration}', contextInitializerClasses = '[]', activeProfiles = '{}', propertySourceLocations = '{}', propertySourceProperties = '{}', contextCustomizers = set[org.springframework.boot.test.autoconfigure.actuate.metrics.MetricsExportContextCustomizerFactory$DisableMetricExportContextCustomizer@491e42b4, org.springframework.boot.test.autoconfigure.properties.PropertyMappingContextCustomizer@0, org.springframework.boot.test.autoconfigure.web.servlet.WebDriverContextCustomizerFactory$Customizer@1970d49a, org.springframework.boot.test.context.filter.ExcludeFilterContextCustomizer@178e422e, org.springframework.boot.test.json.DuplicateJsonObjectContextCustomizerFactory$DuplicateJsonObjectContextCustomizer@1cf9c2c, org.springframework.boot.test.mock.mockito.MockitoContextCustomizer@0], contextLoader = 'org.springframework.test.context.support.DelegatingSmartContextLoader', parent = [null]]]
02:20:25.505 [Test worker] DEBUG org.springframework.test.context.cache - Spring test ApplicationContext cache statistics: [DefaultContextCache@6016e6b7 size = 1, maxSize = 32, parentContextCount = 0, hitCount = 55, missCount = 1]
02:20:25.505 [Test worker] DEBUG org.springframework.test.context.cache.DefaultCacheAwareContextLoaderDelegate - Retrieved ApplicationContext [1806878190] from cache with key [[MergedContextConfiguration@1d733d37 testClass = CertificateDaoImplTest, locations = '{}', classes = '{class com.epam.esm.configuration.DaoTestConfiguration}', contextInitializerClasses = '[]', activeProfiles = '{}', propertySourceLocations = '{}', propertySourceProperties = '{}', contextCustomizers = set[org.springframework.boot.test.autoconfigure.actuate.metrics.MetricsExportContextCustomizerFactory$DisableMetricExportContextCustomizer@491e42b4, org.springframework.boot.test.autoconfigure.properties.PropertyMappingContextCustomizer@0, org.springframework.boot.test.autoconfigure.web.servlet.WebDriverContextCustomizerFactory$Customizer@1970d49a, org.springframework.boot.test.context.filter.ExcludeFilterContextCustomizer@178e422e, org.springframework.boot.test.json.DuplicateJsonObjectContextCustomizerFactory$DuplicateJsonObjectContextCustomizer@1cf9c2c, org.springframework.boot.test.mock.mockito.MockitoContextCustomizer@0], contextLoader = 'org.springframework.test.context.support.DelegatingSmartContextLoader', parent = [null]]]
02:20:25.505 [Test worker] DEBUG org.springframework.test.context.cache - Spring test ApplicationContext cache statistics: [DefaultContextCache@6016e6b7 size = 1, maxSize = 32, parentContextCount = 0, hitCount = 56, missCount = 1]
02:20:25.505 [Test worker] DEBUG org.springframework.test.context.cache.DefaultCacheAwareContextLoaderDelegate - Retrieved ApplicationContext [1806878190] from cache with key [[MergedContextConfiguration@1d733d37 testClass = CertificateDaoImplTest, locations = '{}', classes = '{class com.epam.esm.configuration.DaoTestConfiguration}', contextInitializerClasses = '[]', activeProfiles = '{}', propertySourceLocations = '{}', propertySourceProperties = '{}', contextCustomizers = set[org.springframework.boot.test.autoconfigure.actuate.metrics.MetricsExportContextCustomizerFactory$DisableMetricExportContextCustomizer@491e42b4, org.springframework.boot.test.autoconfigure.properties.PropertyMappingContextCustomizer@0, org.springframework.boot.test.autoconfigure.web.servlet.WebDriverContextCustomizerFactory$Customizer@1970d49a, org.springframework.boot.test.context.filter.ExcludeFilterContextCustomizer@178e422e, org.springframework.boot.test.json.DuplicateJsonObjectContextCustomizerFactory$DuplicateJsonObjectContextCustomizer@1cf9c2c, org.springframework.boot.test.mock.mockito.MockitoContextCustomizer@0], contextLoader = 'org.springframework.test.context.support.DelegatingSmartContextLoader', parent = [null]]]
02:20:25.505 [Test worker] DEBUG org.springframework.test.context.cache - Spring test ApplicationContext cache statistics: [DefaultContextCache@6016e6b7 size = 1, maxSize = 32, parentContextCount = 0, hitCount = 57, missCount = 1]
02:20:25.506 [Test worker] DEBUG org.springframework.test.context.cache.DefaultCacheAwareContextLoaderDelegate - Retrieved ApplicationContext [1806878190] from cache with key [[MergedContextConfiguration@1d733d37 testClass = CertificateDaoImplTest, locations = '{}', classes = '{class com.epam.esm.configuration.DaoTestConfiguration}', contextInitializerClasses = '[]', activeProfiles = '{}', propertySourceLocations = '{}', propertySourceProperties = '{}', contextCustomizers = set[org.springframework.boot.test.autoconfigure.actuate.metrics.MetricsExportContextCustomizerFactory$DisableMetricExportContextCustomizer@491e42b4, org.springframework.boot.test.autoconfigure.properties.PropertyMappingContextCustomizer@0, org.springframework.boot.test.autoconfigure.web.servlet.WebDriverContextCustomizerFactory$Customizer@1970d49a, org.springframework.boot.test.context.filter.ExcludeFilterContextCustomizer@178e422e, org.springframework.boot.test.json.DuplicateJsonObjectContextCustomizerFactory$DuplicateJsonObjectContextCustomizer@1cf9c2c, org.springframework.boot.test.mock.mockito.MockitoContextCustomizer@0], contextLoader = 'org.springframework.test.context.support.DelegatingSmartContextLoader', parent = [null]]]
02:20:25.506 [Test worker] DEBUG org.springframework.test.context.cache - Spring test ApplicationContext cache statistics: [DefaultContextCache@6016e6b7 size = 1, maxSize = 32, parentContextCount = 0, hitCount = 58, missCount = 1]
02:20:25.506 [Test worker] DEBUG org.springframework.test.context.cache.DefaultCacheAwareContextLoaderDelegate - Retrieved ApplicationContext [1806878190] from cache with key [[MergedContextConfiguration@1d733d37 testClass = CertificateDaoImplTest, locations = '{}', classes = '{class com.epam.esm.configuration.DaoTestConfiguration}', contextInitializerClasses = '[]', activeProfiles = '{}', propertySourceLocations = '{}', propertySourceProperties = '{}', contextCustomizers = set[org.springframework.boot.test.autoconfigure.actuate.metrics.MetricsExportContextCustomizerFactory$DisableMetricExportContextCustomizer@491e42b4, org.springframework.boot.test.autoconfigure.properties.PropertyMappingContextCustomizer@0, org.springframework.boot.test.autoconfigure.web.servlet.WebDriverContextCustomizerFactory$Customizer@1970d49a, org.springframework.boot.test.context.filter.ExcludeFilterContextCustomizer@178e422e, org.springframework.boot.test.json.DuplicateJsonObjectContextCustomizerFactory$DuplicateJsonObjectContextCustomizer@1cf9c2c, org.springframework.boot.test.mock.mockito.MockitoContextCustomizer@0], contextLoader = 'org.springframework.test.context.support.DelegatingSmartContextLoader', parent = [null]]]
02:20:25.506 [Test worker] DEBUG org.springframework.test.context.cache - Spring test ApplicationContext cache statistics: [DefaultContextCache@6016e6b7 size = 1, maxSize = 32, parentContextCount = 0, hitCount = 59, missCount = 1]
02:20:25.506 [Test worker] DEBUG org.springframework.orm.jpa.JpaTransactionManager - Initiating transaction rollback
02:20:25.507 [Test worker] DEBUG org.springframework.orm.jpa.JpaTransactionManager - Rolling back JPA transaction on EntityManager [SessionImpl(413497971<open>)]
02:20:25.507 [Test worker] DEBUG org.hibernate.engine.transaction.internal.TransactionImpl - rolling back
02:20:25.507 [Test worker] DEBUG org.springframework.orm.jpa.JpaTransactionManager - Closing JPA EntityManager [SessionImpl(413497971<open>)] after transaction
02:20:25.507 [Test worker] INFO org.hibernate.engine.internal.StatisticalLoggingSessionEventListener - Session Metrics {
    414907 nanoseconds spent acquiring 1 JDBC connections;
    0 nanoseconds spent releasing 0 JDBC connections;
    932183 nanoseconds spent preparing 3 JDBC statements;
    616496 nanoseconds spent executing 3 JDBC statements;
    0 nanoseconds spent executing 0 JDBC batches;
    0 nanoseconds spent performing 0 L2C puts;
    0 nanoseconds spent performing 0 L2C hits;
    0 nanoseconds spent performing 0 L2C misses;
    0 nanoseconds spent executing 0 flushes (flushing a total of 0 entities and 0 collections);
    0 nanoseconds spent executing 0 partial-flushes (flushing a total of 0 entities and 0 collections)
}
02:20:25.508 [Test worker] INFO org.springframework.test.context.transaction.TransactionContext - Rolled back transaction for test: [DefaultTestContext@29934d06 testClass = CertificateDaoImplTest, testInstance = com.epam.esm.dao.impl.CertificateDaoImplTest@2bbcbb1, testMethod = deleteTest@CertificateDaoImplTest, testException = [null], mergedContextConfiguration = [MergedContextConfiguration@1d733d37 testClass = CertificateDaoImplTest, locations = '{}', classes = '{class com.epam.esm.configuration.DaoTestConfiguration}', contextInitializerClasses = '[]', activeProfiles = '{}', propertySourceLocations = '{}', propertySourceProperties = '{}', contextCustomizers = set[org.springframework.boot.test.autoconfigure.actuate.metrics.MetricsExportContextCustomizerFactory$DisableMetricExportContextCustomizer@491e42b4, org.springframework.boot.test.autoconfigure.properties.PropertyMappingContextCustomizer@0, org.springframework.boot.test.autoconfigure.web.servlet.WebDriverContextCustomizerFactory$Customizer@1970d49a, org.springframework.boot.test.context.filter.ExcludeFilterContextCustomizer@178e422e, org.springframework.boot.test.json.DuplicateJsonObjectContextCustomizerFactory$DuplicateJsonObjectContextCustomizer@1cf9c2c, org.springframework.boot.test.mock.mockito.MockitoContextCustomizer@0], contextLoader = 'org.springframework.test.context.support.DelegatingSmartContextLoader', parent = [null]], attributes = map['org.springframework.test.context.event.ApplicationEventsTestExecutionListener.recordApplicationEvents' -> false]]
02:20:25.508 [Test worker] DEBUG org.springframework.test.context.support.AbstractDirtiesContextTestExecutionListener - After test method: context [DefaultTestContext@29934d06 testClass = CertificateDaoImplTest, testInstance = com.epam.esm.dao.impl.CertificateDaoImplTest@2bbcbb1, testMethod = deleteTest@CertificateDaoImplTest, testException = [null], mergedContextConfiguration = [MergedContextConfiguration@1d733d37 testClass = CertificateDaoImplTest, locations = '{}', classes = '{class com.epam.esm.configuration.DaoTestConfiguration}', contextInitializerClasses = '[]', activeProfiles = '{}', propertySourceLocations = '{}', propertySourceProperties = '{}', contextCustomizers = set[org.springframework.boot.test.autoconfigure.actuate.metrics.MetricsExportContextCustomizerFactory$DisableMetricExportContextCustomizer@491e42b4, org.springframework.boot.test.autoconfigure.properties.PropertyMappingContextCustomizer@0, org.springframework.boot.test.autoconfigure.web.servlet.WebDriverContextCustomizerFactory$Customizer@1970d49a, org.springframework.boot.test.context.filter.ExcludeFilterContextCustomizer@178e422e, org.springframework.boot.test.json.DuplicateJsonObjectContextCustomizerFactory$DuplicateJsonObjectContextCustomizer@1cf9c2c, org.springframework.boot.test.mock.mockito.MockitoContextCustomizer@0], contextLoader = 'org.springframework.test.context.support.DelegatingSmartContextLoader', parent = [null]], attributes = map['org.springframework.test.context.event.ApplicationEventsTestExecutionListener.recordApplicationEvents' -> false]], class annotated with @DirtiesContext [false] with mode [null], method annotated with @DirtiesContext [false] with mode [null].
02:20:25.510 [Test worker] DEBUG org.springframework.test.context.cache.DefaultCacheAwareContextLoaderDelegate - Retrieved ApplicationContext [1806878190] from cache with key [[MergedContextConfiguration@1d733d37 testClass = CertificateDaoImplTest, locations = '{}', classes = '{class com.epam.esm.configuration.DaoTestConfiguration}', contextInitializerClasses = '[]', activeProfiles = '{}', propertySourceLocations = '{}', propertySourceProperties = '{}', contextCustomizers = set[org.springframework.boot.test.autoconfigure.actuate.metrics.MetricsExportContextCustomizerFactory$DisableMetricExportContextCustomizer@491e42b4, org.springframework.boot.test.autoconfigure.properties.PropertyMappingContextCustomizer@0, org.springframework.boot.test.autoconfigure.web.servlet.WebDriverContextCustomizerFactory$Customizer@1970d49a, org.springframework.boot.test.context.filter.ExcludeFilterContextCustomizer@178e422e, org.springframework.boot.test.json.DuplicateJsonObjectContextCustomizerFactory$DuplicateJsonObjectContextCustomizer@1cf9c2c, org.springframework.boot.test.mock.mockito.MockitoContextCustomizer@0], contextLoader = 'org.springframework.test.context.support.DelegatingSmartContextLoader', parent = [null]]]
02:20:25.510 [Test worker] DEBUG org.springframework.test.context.cache - Spring test ApplicationContext cache statistics: [DefaultContextCache@6016e6b7 size = 1, maxSize = 32, parentContextCount = 0, hitCount = 60, missCount = 1]
02:20:25.511 [Test worker] DEBUG org.springframework.test.context.support.AbstractDirtiesContextTestExecutionListener - After test class: context [DefaultTestContext@29934d06 testClass = CertificateDaoImplTest, testInstance = [null], testMethod = [null], testException = [null], mergedContextConfiguration = [MergedContextConfiguration@1d733d37 testClass = CertificateDaoImplTest, locations = '{}', classes = '{class com.epam.esm.configuration.DaoTestConfiguration}', contextInitializerClasses = '[]', activeProfiles = '{}', propertySourceLocations = '{}', propertySourceProperties = '{}', contextCustomizers = set[org.springframework.boot.test.autoconfigure.actuate.metrics.MetricsExportContextCustomizerFactory$DisableMetricExportContextCustomizer@491e42b4, org.springframework.boot.test.autoconfigure.properties.PropertyMappingContextCustomizer@0, org.springframework.boot.test.autoconfigure.web.servlet.WebDriverContextCustomizerFactory$Customizer@1970d49a, org.springframework.boot.test.context.filter.ExcludeFilterContextCustomizer@178e422e, org.springframework.boot.test.json.DuplicateJsonObjectContextCustomizerFactory$DuplicateJsonObjectContextCustomizer@1cf9c2c, org.springframework.boot.test.mock.mockito.MockitoContextCustomizer@0], contextLoader = 'org.springframework.test.context.support.DelegatingSmartContextLoader', parent = [null]], attributes = map['org.springframework.test.context.event.ApplicationEventsTestExecutionListener.recordApplicationEvents' -> false]], class annotated with @DirtiesContext [false] with mode [null].
]]></system-out>
  <system-err><![CDATA[]]></system-err>
</testsuite>
