<?xml version="1.0" encoding="UTF-8"?>
<testsuite name="com.epam.esm.dao.impl.CertificateDaoImplTest" tests="5" skipped="0" failures="0" errors="0" timestamp="2021-11-04T12:14:34" hostname="RazorLTP" time="4.998">
  <properties/>
  <testcase name="loadByIdTest()" classname="com.epam.esm.dao.impl.CertificateDaoImplTest" time="1.317"/>
  <testcase name="loadAllTest()" classname="com.epam.esm.dao.impl.CertificateDaoImplTest" time="3.592"/>
  <testcase name="loadByNameTest()" classname="com.epam.esm.dao.impl.CertificateDaoImplTest" time="0.025"/>
  <testcase name="createTest()" classname="com.epam.esm.dao.impl.CertificateDaoImplTest" time="0.029"/>
  <testcase name="deleteTest()" classname="com.epam.esm.dao.impl.CertificateDaoImplTest" time="0.024"/>
  <system-out><![CDATA[15:14:32.542 [Test worker] DEBUG org.springframework.test.context.BootstrapUtils - Instantiating CacheAwareContextLoaderDelegate from class [org.springframework.test.context.cache.DefaultCacheAwareContextLoaderDelegate]
15:14:32.553 [Test worker] DEBUG org.springframework.test.context.BootstrapUtils - Instantiating BootstrapContext using constructor [public org.springframework.test.context.support.DefaultBootstrapContext(java.lang.Class,org.springframework.test.context.CacheAwareContextLoaderDelegate)]
15:14:32.572 [Test worker] DEBUG org.springframework.test.context.BootstrapUtils - Instantiating TestContextBootstrapper for test class [com.epam.esm.dao.impl.CertificateDaoImplTest] from class [org.springframework.test.context.support.DefaultTestContextBootstrapper]
15:14:32.588 [Test worker] DEBUG org.springframework.test.context.support.AbstractDelegatingSmartContextLoader - Delegating to AnnotationConfigContextLoader to process context configuration [ContextConfigurationAttributes@695dd8a4 declaringClass = 'com.epam.esm.dao.impl.CertificateDaoImplTest', classes = '{class com.epam.esm.configuration.DaoTestConfiguration}', locations = '{}', inheritLocations = true, initializers = '{}', inheritInitializers = true, name = [null], contextLoaderClass = 'org.springframework.test.context.ContextLoader'].
15:14:32.622 [Test worker] DEBUG org.springframework.test.context.support.ActiveProfilesUtils - Could not find an 'annotation declaring class' for annotation type [org.springframework.test.context.ActiveProfiles] and class [com.epam.esm.dao.impl.CertificateDaoImplTest]
15:14:32.623 [Test worker] DEBUG org.springframework.test.context.support.DefaultTestContextBootstrapper - @TestExecutionListeners is not present for class [com.epam.esm.dao.impl.CertificateDaoImplTest]: using defaults.
15:14:32.623 [Test worker] INFO org.springframework.test.context.support.DefaultTestContextBootstrapper - Loaded default TestExecutionListener class names from location [META-INF/spring.factories]: [org.springframework.boot.test.autoconfigure.restdocs.RestDocsTestExecutionListener, org.springframework.boot.test.autoconfigure.web.client.MockRestServiceServerResetTestExecutionListener, org.springframework.boot.test.autoconfigure.web.servlet.MockMvcPrintOnlyOnFailureTestExecutionListener, org.springframework.boot.test.autoconfigure.web.servlet.WebDriverTestExecutionListener, org.springframework.boot.test.autoconfigure.webservices.client.MockWebServiceServerTestExecutionListener, org.springframework.boot.test.mock.mockito.MockitoTestExecutionListener, org.springframework.boot.test.mock.mockito.ResetMocksTestExecutionListener, org.springframework.test.context.web.ServletTestExecutionListener, org.springframework.test.context.support.DirtiesContextBeforeModesTestExecutionListener, org.springframework.test.context.event.ApplicationEventsTestExecutionListener, org.springframework.test.context.support.DependencyInjectionTestExecutionListener, org.springframework.test.context.support.DirtiesContextTestExecutionListener, org.springframework.test.context.transaction.TransactionalTestExecutionListener, org.springframework.test.context.jdbc.SqlScriptsTestExecutionListener, org.springframework.test.context.event.EventPublishingTestExecutionListener]
15:14:32.629 [Test worker] DEBUG org.springframework.test.context.support.DefaultTestContextBootstrapper - Skipping candidate TestExecutionListener [org.springframework.test.context.web.ServletTestExecutionListener] due to a missing dependency. Specify custom listener classes or make the default listener classes and their required dependencies available. Offending class: [javax/servlet/ServletContext]
15:14:32.635 [Test worker] INFO org.springframework.test.context.support.DefaultTestContextBootstrapper - Using TestExecutionListeners: [org.springframework.test.context.support.DirtiesContextBeforeModesTestExecutionListener@2ba80af4, org.springframework.test.context.event.ApplicationEventsTestExecutionListener@12f58f24, org.springframework.boot.test.mock.mockito.MockitoTestExecutionListener@ba5a6d3, org.springframework.test.context.support.DependencyInjectionTestExecutionListener@2b792d4, org.springframework.test.context.support.DirtiesContextTestExecutionListener@6923d7dc, org.springframework.test.context.transaction.TransactionalTestExecutionListener@5711e973, org.springframework.test.context.jdbc.SqlScriptsTestExecutionListener@71244e7c, org.springframework.test.context.event.EventPublishingTestExecutionListener@4f3b43be, org.springframework.boot.test.autoconfigure.restdocs.RestDocsTestExecutionListener@3851f0b2, org.springframework.boot.test.autoconfigure.web.client.MockRestServiceServerResetTestExecutionListener@60d3dcba, org.springframework.boot.test.autoconfigure.web.servlet.MockMvcPrintOnlyOnFailureTestExecutionListener@33573972, org.springframework.boot.test.autoconfigure.web.servlet.WebDriverTestExecutionListener@2664aa15, org.springframework.boot.test.autoconfigure.webservices.client.MockWebServiceServerTestExecutionListener@11071a0b, org.springframework.boot.test.mock.mockito.ResetMocksTestExecutionListener@6f4f329d]
15:14:32.636 [Test worker] DEBUG org.springframework.test.context.support.AbstractDirtiesContextTestExecutionListener - Before test class: context [DefaultTestContext@1d733d37 testClass = CertificateDaoImplTest, testInstance = [null], testMethod = [null], testException = [null], mergedContextConfiguration = [MergedContextConfiguration@b3f80a9 testClass = CertificateDaoImplTest, locations = '{}', classes = '{class com.epam.esm.configuration.DaoTestConfiguration}', contextInitializerClasses = '[]', activeProfiles = '{}', propertySourceLocations = '{}', propertySourceProperties = '{}', contextCustomizers = set[org.springframework.boot.test.autoconfigure.actuate.metrics.MetricsExportContextCustomizerFactory$DisableMetricExportContextCustomizer@1f1c04ac, org.springframework.boot.test.autoconfigure.properties.PropertyMappingContextCustomizer@0, org.springframework.boot.test.autoconfigure.web.servlet.WebDriverContextCustomizerFactory$Customizer@4a34a428, org.springframework.boot.test.context.filter.ExcludeFilterContextCustomizer@40a6b345, org.springframework.boot.test.json.DuplicateJsonObjectContextCustomizerFactory$DuplicateJsonObjectContextCustomizer@64b52109, org.springframework.boot.test.mock.mockito.MockitoContextCustomizer@0], contextLoader = 'org.springframework.test.context.support.DelegatingSmartContextLoader', parent = [null]], attributes = map[[empty]]], class annotated with @DirtiesContext [false] with mode [null].
15:14:32.647 [Test worker] DEBUG org.springframework.test.context.support.DependencyInjectionTestExecutionListener - Performing dependency injection for test context [[DefaultTestContext@1d733d37 testClass = CertificateDaoImplTest, testInstance = com.epam.esm.dao.impl.CertificateDaoImplTest@207b9f5b, testMethod = [null], testException = [null], mergedContextConfiguration = [MergedContextConfiguration@b3f80a9 testClass = CertificateDaoImplTest, locations = '{}', classes = '{class com.epam.esm.configuration.DaoTestConfiguration}', contextInitializerClasses = '[]', activeProfiles = '{}', propertySourceLocations = '{}', propertySourceProperties = '{}', contextCustomizers = set[org.springframework.boot.test.autoconfigure.actuate.metrics.MetricsExportContextCustomizerFactory$DisableMetricExportContextCustomizer@1f1c04ac, org.springframework.boot.test.autoconfigure.properties.PropertyMappingContextCustomizer@0, org.springframework.boot.test.autoconfigure.web.servlet.WebDriverContextCustomizerFactory$Customizer@4a34a428, org.springframework.boot.test.context.filter.ExcludeFilterContextCustomizer@40a6b345, org.springframework.boot.test.json.DuplicateJsonObjectContextCustomizerFactory$DuplicateJsonObjectContextCustomizer@64b52109, org.springframework.boot.test.mock.mockito.MockitoContextCustomizer@0], contextLoader = 'org.springframework.test.context.support.DelegatingSmartContextLoader', parent = [null]], attributes = map['org.springframework.test.context.event.ApplicationEventsTestExecutionListener.recordApplicationEvents' -> false]]].
15:14:32.647 [Test worker] DEBUG org.springframework.test.context.support.AbstractDelegatingSmartContextLoader - Delegating to AnnotationConfigContextLoader to load context from [MergedContextConfiguration@b3f80a9 testClass = CertificateDaoImplTest, locations = '{}', classes = '{class com.epam.esm.configuration.DaoTestConfiguration}', contextInitializerClasses = '[]', activeProfiles = '{}', propertySourceLocations = '{}', propertySourceProperties = '{}', contextCustomizers = set[org.springframework.boot.test.autoconfigure.actuate.metrics.MetricsExportContextCustomizerFactory$DisableMetricExportContextCustomizer@1f1c04ac, org.springframework.boot.test.autoconfigure.properties.PropertyMappingContextCustomizer@0, org.springframework.boot.test.autoconfigure.web.servlet.WebDriverContextCustomizerFactory$Customizer@4a34a428, org.springframework.boot.test.context.filter.ExcludeFilterContextCustomizer@40a6b345, org.springframework.boot.test.json.DuplicateJsonObjectContextCustomizerFactory$DuplicateJsonObjectContextCustomizer@64b52109, org.springframework.boot.test.mock.mockito.MockitoContextCustomizer@0], contextLoader = 'org.springframework.test.context.support.DelegatingSmartContextLoader', parent = [null]].
15:14:32.648 [Test worker] DEBUG org.springframework.test.context.support.AbstractGenericContextLoader - Loading ApplicationContext for merged context configuration [[MergedContextConfiguration@b3f80a9 testClass = CertificateDaoImplTest, locations = '{}', classes = '{class com.epam.esm.configuration.DaoTestConfiguration}', contextInitializerClasses = '[]', activeProfiles = '{}', propertySourceLocations = '{}', propertySourceProperties = '{}', contextCustomizers = set[org.springframework.boot.test.autoconfigure.actuate.metrics.MetricsExportContextCustomizerFactory$DisableMetricExportContextCustomizer@1f1c04ac, org.springframework.boot.test.autoconfigure.properties.PropertyMappingContextCustomizer@0, org.springframework.boot.test.autoconfigure.web.servlet.WebDriverContextCustomizerFactory$Customizer@4a34a428, org.springframework.boot.test.context.filter.ExcludeFilterContextCustomizer@40a6b345, org.springframework.boot.test.json.DuplicateJsonObjectContextCustomizerFactory$DuplicateJsonObjectContextCustomizer@64b52109, org.springframework.boot.test.mock.mockito.MockitoContextCustomizer@0], contextLoader = 'org.springframework.test.context.support.DelegatingSmartContextLoader', parent = [null]]].
15:14:32.686 [Test worker] DEBUG org.springframework.core.env.StandardEnvironment - Activating profiles []
15:14:32.686 [Test worker] DEBUG org.springframework.test.context.support.AnnotationConfigContextLoader - Registering component classes: {class com.epam.esm.configuration.DaoTestConfiguration}
15:14:32.720 [Test worker] DEBUG org.springframework.context.support.GenericApplicationContext - Refreshing org.springframework.context.support.GenericApplicationContext@75871b45
15:14:32.731 [Test worker] DEBUG org.springframework.beans.factory.support.DefaultListableBeanFactory - Creating shared instance of singleton bean 'org.springframework.context.annotation.internalConfigurationAnnotationProcessor'
15:14:32.776 [Test worker] DEBUG org.springframework.context.annotation.ClassPathBeanDefinitionScanner - Identified candidate component class: file [/home/razor/Lab/task3/ThirdModule/dao/build/classes/java/main/com/epam/esm/configuration/DaoConfiguration.class]
15:14:32.777 [Test worker] DEBUG org.springframework.context.annotation.ClassPathBeanDefinitionScanner - Ignored because not a concrete top-level class: file [/home/razor/Lab/task3/ThirdModule/dao/build/classes/java/main/com/epam/esm/dao/CertificateDao.class]
15:14:32.777 [Test worker] DEBUG org.springframework.context.annotation.ClassPathBeanDefinitionScanner - Ignored because not a concrete top-level class: file [/home/razor/Lab/task3/ThirdModule/dao/build/classes/java/main/com/epam/esm/dao/OrderDao.class]
15:14:32.777 [Test worker] DEBUG org.springframework.context.annotation.ClassPathBeanDefinitionScanner - Ignored because not a concrete top-level class: file [/home/razor/Lab/task3/ThirdModule/dao/build/classes/java/main/com/epam/esm/dao/TagDao.class]
15:14:32.778 [Test worker] DEBUG org.springframework.context.annotation.ClassPathBeanDefinitionScanner - Ignored because not a concrete top-level class: file [/home/razor/Lab/task3/ThirdModule/dao/build/classes/java/main/com/epam/esm/dao/UserDao.class]
15:14:32.778 [Test worker] DEBUG org.springframework.context.annotation.ClassPathBeanDefinitionScanner - Identified candidate component class: file [/home/razor/Lab/task3/ThirdModule/dao/build/classes/java/main/com/epam/esm/dao/impl/CertificateDaoImpl.class]
15:14:32.778 [Test worker] DEBUG org.springframework.context.annotation.ClassPathBeanDefinitionScanner - Identified candidate component class: file [/home/razor/Lab/task3/ThirdModule/dao/build/classes/java/main/com/epam/esm/dao/impl/OrderDaoImpl.class]
15:14:32.779 [Test worker] DEBUG org.springframework.context.annotation.ClassPathBeanDefinitionScanner - Identified candidate component class: file [/home/razor/Lab/task3/ThirdModule/dao/build/classes/java/main/com/epam/esm/dao/impl/TagDaoImpl.class]
15:14:32.779 [Test worker] DEBUG org.springframework.context.annotation.ClassPathBeanDefinitionScanner - Identified candidate component class: file [/home/razor/Lab/task3/ThirdModule/dao/build/classes/java/main/com/epam/esm/dao/impl/UserDaoImpl.class]
15:14:32.875 [Test worker] DEBUG org.springframework.beans.factory.support.DefaultListableBeanFactory - Creating shared instance of singleton bean 'org.springframework.boot.test.mock.mockito.MockitoPostProcessor'
15:14:32.889 [Test worker] DEBUG org.springframework.beans.factory.support.DefaultListableBeanFactory - Creating shared instance of singleton bean 'org.springframework.context.event.internalEventListenerProcessor'
15:14:32.891 [Test worker] DEBUG org.springframework.beans.factory.support.DefaultListableBeanFactory - Creating shared instance of singleton bean 'org.springframework.context.event.internalEventListenerFactory'
15:14:32.891 [Test worker] DEBUG org.springframework.beans.factory.support.DefaultListableBeanFactory - Creating shared instance of singleton bean 'org.springframework.transaction.config.internalTransactionalEventListenerFactory'
15:14:32.893 [Test worker] DEBUG org.springframework.beans.factory.support.DefaultListableBeanFactory - Creating shared instance of singleton bean 'org.springframework.context.annotation.internalAutowiredAnnotationProcessor'
15:14:32.895 [Test worker] DEBUG org.springframework.beans.factory.support.DefaultListableBeanFactory - Creating shared instance of singleton bean 'org.springframework.context.annotation.internalCommonAnnotationProcessor'
15:14:32.898 [Test worker] DEBUG org.springframework.beans.factory.support.DefaultListableBeanFactory - Creating shared instance of singleton bean 'org.springframework.context.annotation.internalPersistenceAnnotationProcessor'
15:14:32.899 [Test worker] DEBUG org.springframework.beans.factory.support.DefaultListableBeanFactory - Creating shared instance of singleton bean 'org.springframework.boot.test.mock.mockito.MockitoPostProcessor$SpyPostProcessor'
15:14:32.900 [Test worker] DEBUG org.springframework.beans.factory.support.DefaultListableBeanFactory - Creating shared instance of singleton bean 'org.springframework.aop.config.internalAutoProxyCreator'
15:14:32.934 [Test worker] DEBUG org.springframework.beans.factory.support.DefaultListableBeanFactory - Creating shared instance of singleton bean 'entityManagerFactory'
15:14:32.934 [Test worker] DEBUG org.springframework.beans.factory.support.DefaultListableBeanFactory - Creating shared instance of singleton bean 'daoTestConfiguration'
15:14:32.939 [Test worker] DEBUG org.springframework.beans.factory.support.DefaultListableBeanFactory - Creating shared instance of singleton bean 'org.springframework.transaction.config.internalTransactionAdvisor'
15:14:32.939 [Test worker] DEBUG org.springframework.beans.factory.support.DefaultListableBeanFactory - Creating shared instance of singleton bean 'org.springframework.transaction.annotation.ProxyTransactionManagementConfiguration'
15:14:32.949 [Test worker] DEBUG org.springframework.beans.factory.support.DefaultListableBeanFactory - Creating shared instance of singleton bean 'transactionAttributeSource'
15:14:32.954 [Test worker] DEBUG org.springframework.beans.factory.support.DefaultListableBeanFactory - Creating shared instance of singleton bean 'transactionInterceptor'
15:14:32.955 [Test worker] DEBUG org.springframework.beans.factory.support.DefaultListableBeanFactory - Autowiring by type from bean name 'transactionInterceptor' via factory method to bean named 'transactionAttributeSource'
15:14:32.964 [Test worker] DEBUG org.springframework.beans.factory.support.DefaultListableBeanFactory - Autowiring by type from bean name 'org.springframework.transaction.config.internalTransactionAdvisor' via factory method to bean named 'transactionAttributeSource'
15:14:32.964 [Test worker] DEBUG org.springframework.beans.factory.support.DefaultListableBeanFactory - Autowiring by type from bean name 'org.springframework.transaction.config.internalTransactionAdvisor' via factory method to bean named 'transactionInterceptor'
15:14:32.988 [Test worker] DEBUG org.springframework.beans.factory.support.DefaultListableBeanFactory - Creating shared instance of singleton bean 'dataSource'
15:14:32.992 [Test worker] DEBUG org.springframework.jdbc.datasource.DriverManagerDataSource - Loaded JDBC driver: org.h2.Driver
15:14:33.063 [Test worker] DEBUG org.jboss.logging - Logging Provider: org.jboss.logging.Log4j2LoggerProvider
15:14:33.094 [Test worker] DEBUG org.springframework.orm.jpa.LocalContainerEntityManagerFactoryBean - Building JPA container EntityManagerFactory for persistence unit 'default'
15:14:33.112 [Test worker] DEBUG org.hibernate.jpa.internal.util.LogHelper - PersistenceUnitInfo [
	name: default
	persistence provider classname: null
	classloader: jdk.internal.loader.ClassLoaders$AppClassLoader@68de145
	excludeUnlistedClasses: true
	JTA datasource: null
	Non JTA datasource: org.springframework.jdbc.datasource.DriverManagerDataSource@338189db
	Transaction type: RESOURCE_LOCAL
	PU root URL: file:/home/razor/Lab/task3/ThirdModule/dao/build/classes/java/test/
	Shared Cache Mode: UNSPECIFIED
	Validation Mode: AUTO
	Jar files URLs []
	Managed classes names [
		com.epam.esm.model.entity.CertificateEntity
		com.epam.esm.model.entity.OrderEntity
		com.epam.esm.model.entity.TagEntity
		com.epam.esm.model.entity.UserEntity]
	Mapping files names []
	Properties []
15:14:33.122 [Test worker] DEBUG org.hibernate.integrator.internal.IntegratorServiceImpl - Adding Integrator [org.hibernate.cfg.beanvalidation.BeanValidationIntegrator].
15:14:33.123 [Test worker] DEBUG org.hibernate.integrator.internal.IntegratorServiceImpl - Adding Integrator [org.hibernate.secure.spi.JaccIntegrator].
15:14:33.125 [Test worker] DEBUG org.hibernate.integrator.internal.IntegratorServiceImpl - Adding Integrator [org.hibernate.cache.internal.CollectionCacheInvalidator].
15:14:33.154 [Test worker] INFO org.hibernate.Version - HHH000412: Hibernate ORM core version 5.4.32.Final
15:14:33.155 [Test worker] DEBUG org.hibernate.cfg.Environment - HHH000206: hibernate.properties not found
15:14:33.238 [Test worker] DEBUG org.hibernate.service.spi.ServiceBinding - Overriding existing service binding [org.hibernate.secure.spi.JaccService]
15:14:33.246 [Test worker] DEBUG org.hibernate.cache.internal.RegionFactoryInitiator - Cannot default RegionFactory based on registered strategies as `[]` RegionFactory strategies were registered
15:14:33.246 [Test worker] DEBUG org.hibernate.cache.internal.RegionFactoryInitiator - Cache region factory : org.hibernate.cache.internal.NoCachingRegionFactory
15:14:33.260 [Test worker] INFO org.hibernate.annotations.common.Version - HCANN000001: Hibernate Commons Annotations {5.1.2.Final}
15:14:33.286 [Test worker] DEBUG org.hibernate.type.BasicTypeRegistry - Adding type registration boolean -> org.hibernate.type.BooleanType@66df96cd
15:14:33.287 [Test worker] DEBUG org.hibernate.type.BasicTypeRegistry - Adding type registration boolean -> org.hibernate.type.BooleanType@66df96cd
15:14:33.287 [Test worker] DEBUG org.hibernate.type.BasicTypeRegistry - Adding type registration java.lang.Boolean -> org.hibernate.type.BooleanType@66df96cd
15:14:33.288 [Test worker] DEBUG org.hibernate.type.BasicTypeRegistry - Adding type registration numeric_boolean -> org.hibernate.type.NumericBooleanType@29d0593f
15:14:33.288 [Test worker] DEBUG org.hibernate.type.BasicTypeRegistry - Adding type registration true_false -> org.hibernate.type.TrueFalseType@33cc8052
15:14:33.289 [Test worker] DEBUG org.hibernate.type.BasicTypeRegistry - Adding type registration yes_no -> org.hibernate.type.YesNoType@6cdc92dc
15:14:33.290 [Test worker] DEBUG org.hibernate.type.BasicTypeRegistry - Adding type registration byte -> org.hibernate.type.ByteType@2710e9fa
15:14:33.290 [Test worker] DEBUG org.hibernate.type.BasicTypeRegistry - Adding type registration byte -> org.hibernate.type.ByteType@2710e9fa
15:14:33.290 [Test worker] DEBUG org.hibernate.type.BasicTypeRegistry - Adding type registration java.lang.Byte -> org.hibernate.type.ByteType@2710e9fa
15:14:33.291 [Test worker] DEBUG org.hibernate.type.BasicTypeRegistry - Adding type registration character -> org.hibernate.type.CharacterType@112368a5
15:14:33.291 [Test worker] DEBUG org.hibernate.type.BasicTypeRegistry - Adding type registration char -> org.hibernate.type.CharacterType@112368a5
15:14:33.291 [Test worker] DEBUG org.hibernate.type.BasicTypeRegistry - Adding type registration java.lang.Character -> org.hibernate.type.CharacterType@112368a5
15:14:33.292 [Test worker] DEBUG org.hibernate.type.BasicTypeRegistry - Adding type registration short -> org.hibernate.type.ShortType@5367f76a
15:14:33.292 [Test worker] DEBUG org.hibernate.type.BasicTypeRegistry - Adding type registration short -> org.hibernate.type.ShortType@5367f76a
15:14:33.293 [Test worker] DEBUG org.hibernate.type.BasicTypeRegistry - Adding type registration java.lang.Short -> org.hibernate.type.ShortType@5367f76a
15:14:33.294 [Test worker] DEBUG org.hibernate.type.BasicTypeRegistry - Adding type registration integer -> org.hibernate.type.IntegerType@61bc14bc
15:14:33.294 [Test worker] DEBUG org.hibernate.type.BasicTypeRegistry - Adding type registration int -> org.hibernate.type.IntegerType@61bc14bc
15:14:33.294 [Test worker] DEBUG org.hibernate.type.BasicTypeRegistry - Adding type registration java.lang.Integer -> org.hibernate.type.IntegerType@61bc14bc
15:14:33.295 [Test worker] DEBUG org.hibernate.type.BasicTypeRegistry - Adding type registration long -> org.hibernate.type.LongType@42e0f3c
15:14:33.295 [Test worker] DEBUG org.hibernate.type.BasicTypeRegistry - Adding type registration long -> org.hibernate.type.LongType@42e0f3c
15:14:33.295 [Test worker] DEBUG org.hibernate.type.BasicTypeRegistry - Adding type registration java.lang.Long -> org.hibernate.type.LongType@42e0f3c
15:14:33.296 [Test worker] DEBUG org.hibernate.type.BasicTypeRegistry - Adding type registration float -> org.hibernate.type.FloatType@9539947
15:14:33.296 [Test worker] DEBUG org.hibernate.type.BasicTypeRegistry - Adding type registration float -> org.hibernate.type.FloatType@9539947
15:14:33.296 [Test worker] DEBUG org.hibernate.type.BasicTypeRegistry - Adding type registration java.lang.Float -> org.hibernate.type.FloatType@9539947
15:14:33.296 [Test worker] DEBUG org.hibernate.type.BasicTypeRegistry - Adding type registration double -> org.hibernate.type.DoubleType@2a91c89f
15:14:33.297 [Test worker] DEBUG org.hibernate.type.BasicTypeRegistry - Adding type registration double -> org.hibernate.type.DoubleType@2a91c89f
15:14:33.297 [Test worker] DEBUG org.hibernate.type.BasicTypeRegistry - Adding type registration java.lang.Double -> org.hibernate.type.DoubleType@2a91c89f
15:14:33.298 [Test worker] DEBUG org.hibernate.type.BasicTypeRegistry - Adding type registration big_decimal -> org.hibernate.type.BigDecimalType@6e93b59
15:14:33.298 [Test worker] DEBUG org.hibernate.type.BasicTypeRegistry - Adding type registration java.math.BigDecimal -> org.hibernate.type.BigDecimalType@6e93b59
15:14:33.300 [Test worker] DEBUG org.hibernate.type.BasicTypeRegistry - Adding type registration big_integer -> org.hibernate.type.BigIntegerType@191d2161
15:14:33.300 [Test worker] DEBUG org.hibernate.type.BasicTypeRegistry - Adding type registration java.math.BigInteger -> org.hibernate.type.BigIntegerType@191d2161
15:14:33.300 [Test worker] DEBUG org.hibernate.type.BasicTypeRegistry - Adding type registration string -> org.hibernate.type.StringType@2c1b2848
15:14:33.300 [Test worker] DEBUG org.hibernate.type.BasicTypeRegistry - Adding type registration java.lang.String -> org.hibernate.type.StringType@2c1b2848
15:14:33.301 [Test worker] DEBUG org.hibernate.type.BasicTypeRegistry - Adding type registration nstring -> org.hibernate.type.StringNVarcharType@17a7a9c8
15:14:33.301 [Test worker] DEBUG org.hibernate.type.BasicTypeRegistry - Adding type registration ncharacter -> org.hibernate.type.CharacterNCharType@4bdd10d
15:14:33.302 [Test worker] DEBUG org.hibernate.type.BasicTypeRegistry - Adding type registration url -> org.hibernate.type.UrlType@16e17593
15:14:33.302 [Test worker] DEBUG org.hibernate.type.BasicTypeRegistry - Adding type registration java.net.URL -> org.hibernate.type.UrlType@16e17593
15:14:33.303 [Test worker] DEBUG org.hibernate.type.BasicTypeRegistry - Adding type registration Duration -> org.hibernate.type.DurationType@692f9dde
15:14:33.303 [Test worker] DEBUG org.hibernate.type.BasicTypeRegistry - Adding type registration java.time.Duration -> org.hibernate.type.DurationType@692f9dde
15:14:33.310 [Test worker] DEBUG org.hibernate.type.BasicTypeRegistry - Adding type registration Instant -> org.hibernate.type.InstantType@586d3e87
15:14:33.310 [Test worker] DEBUG org.hibernate.type.BasicTypeRegistry - Adding type registration java.time.Instant -> org.hibernate.type.InstantType@586d3e87
15:14:33.311 [Test worker] DEBUG org.hibernate.type.BasicTypeRegistry - Adding type registration LocalDateTime -> org.hibernate.type.LocalDateTimeType@4aedc52e
15:14:33.311 [Test worker] DEBUG org.hibernate.type.BasicTypeRegistry - Adding type registration java.time.LocalDateTime -> org.hibernate.type.LocalDateTimeType@4aedc52e
15:14:33.313 [Test worker] DEBUG org.hibernate.type.BasicTypeRegistry - Adding type registration LocalDate -> org.hibernate.type.LocalDateType@5de698e4
15:14:33.313 [Test worker] DEBUG org.hibernate.type.BasicTypeRegistry - Adding type registration java.time.LocalDate -> org.hibernate.type.LocalDateType@5de698e4
15:14:33.314 [Test worker] DEBUG org.hibernate.type.BasicTypeRegistry - Adding type registration LocalTime -> org.hibernate.type.LocalTimeType@4d55088d
15:14:33.314 [Test worker] DEBUG org.hibernate.type.BasicTypeRegistry - Adding type registration java.time.LocalTime -> org.hibernate.type.LocalTimeType@4d55088d
15:14:33.315 [Test worker] DEBUG org.hibernate.type.BasicTypeRegistry - Adding type registration OffsetDateTime -> org.hibernate.type.OffsetDateTimeType@b93d84b
15:14:33.315 [Test worker] DEBUG org.hibernate.type.BasicTypeRegistry - Adding type registration java.time.OffsetDateTime -> org.hibernate.type.OffsetDateTimeType@b93d84b
15:14:33.316 [Test worker] DEBUG org.hibernate.type.BasicTypeRegistry - Adding type registration OffsetTime -> org.hibernate.type.OffsetTimeType@11b94886
15:14:33.316 [Test worker] DEBUG org.hibernate.type.BasicTypeRegistry - Adding type registration java.time.OffsetTime -> org.hibernate.type.OffsetTimeType@11b94886
15:14:33.318 [Test worker] DEBUG org.hibernate.type.BasicTypeRegistry - Adding type registration ZonedDateTime -> org.hibernate.type.ZonedDateTimeType@4dddaf8
15:14:33.318 [Test worker] DEBUG org.hibernate.type.BasicTypeRegistry - Adding type registration java.time.ZonedDateTime -> org.hibernate.type.ZonedDateTimeType@4dddaf8
15:14:33.319 [Test worker] DEBUG org.hibernate.type.BasicTypeRegistry - Adding type registration date -> org.hibernate.type.DateType@6262585a
15:14:33.319 [Test worker] DEBUG org.hibernate.type.BasicTypeRegistry - Adding type registration java.sql.Date -> org.hibernate.type.DateType@6262585a
15:14:33.320 [Test worker] DEBUG org.hibernate.type.BasicTypeRegistry - Adding type registration time -> org.hibernate.type.TimeType@540cf840
15:14:33.320 [Test worker] DEBUG org.hibernate.type.BasicTypeRegistry - Adding type registration java.sql.Time -> org.hibernate.type.TimeType@540cf840
15:14:33.321 [Test worker] DEBUG org.hibernate.type.BasicTypeRegistry - Adding type registration timestamp -> org.hibernate.type.TimestampType@7c538799
15:14:33.321 [Test worker] DEBUG org.hibernate.type.BasicTypeRegistry - Adding type registration java.sql.Timestamp -> org.hibernate.type.TimestampType@7c538799
15:14:33.321 [Test worker] DEBUG org.hibernate.type.BasicTypeRegistry - Adding type registration java.util.Date -> org.hibernate.type.TimestampType@7c538799
15:14:33.323 [Test worker] DEBUG org.hibernate.type.BasicTypeRegistry - Adding type registration dbtimestamp -> org.hibernate.type.DbTimestampType@68280311
15:14:33.323 [Test worker] DEBUG org.hibernate.type.BasicTypeRegistry - Adding type registration calendar -> org.hibernate.type.CalendarType@5f33c8b3
15:14:33.324 [Test worker] DEBUG org.hibernate.type.BasicTypeRegistry - Adding type registration java.util.Calendar -> org.hibernate.type.CalendarType@5f33c8b3
15:14:33.324 [Test worker] DEBUG org.hibernate.type.BasicTypeRegistry - Adding type registration java.util.GregorianCalendar -> org.hibernate.type.CalendarType@5f33c8b3
15:14:33.324 [Test worker] DEBUG org.hibernate.type.BasicTypeRegistry - Adding type registration calendar_date -> org.hibernate.type.CalendarDateType@74a31b14
15:14:33.325 [Test worker] DEBUG org.hibernate.type.BasicTypeRegistry - Adding type registration calendar_time -> org.hibernate.type.CalendarTimeType@489a92dd
15:14:33.326 [Test worker] DEBUG org.hibernate.type.BasicTypeRegistry - Adding type registration locale -> org.hibernate.type.LocaleType@3da4bcb2
15:14:33.326 [Test worker] DEBUG org.hibernate.type.BasicTypeRegistry - Adding type registration java.util.Locale -> org.hibernate.type.LocaleType@3da4bcb2
15:14:33.327 [Test worker] DEBUG org.hibernate.type.BasicTypeRegistry - Adding type registration currency -> org.hibernate.type.CurrencyType@2f000091
15:14:33.327 [Test worker] DEBUG org.hibernate.type.BasicTypeRegistry - Adding type registration java.util.Currency -> org.hibernate.type.CurrencyType@2f000091
15:14:33.328 [Test worker] DEBUG org.hibernate.type.BasicTypeRegistry - Adding type registration timezone -> org.hibernate.type.TimeZoneType@1ff7c5ce
15:14:33.328 [Test worker] DEBUG org.hibernate.type.BasicTypeRegistry - Adding type registration java.util.TimeZone -> org.hibernate.type.TimeZoneType@1ff7c5ce
15:14:33.328 [Test worker] DEBUG org.hibernate.type.BasicTypeRegistry - Adding type registration class -> org.hibernate.type.ClassType@458efb16
15:14:33.328 [Test worker] DEBUG org.hibernate.type.BasicTypeRegistry - Adding type registration java.lang.Class -> org.hibernate.type.ClassType@458efb16
15:14:33.329 [Test worker] DEBUG org.hibernate.type.BasicTypeRegistry - Adding type registration uuid-binary -> org.hibernate.type.UUIDBinaryType@5748fe42
15:14:33.329 [Test worker] DEBUG org.hibernate.type.BasicTypeRegistry - Adding type registration java.util.UUID -> org.hibernate.type.UUIDBinaryType@5748fe42
15:14:33.329 [Test worker] DEBUG org.hibernate.type.BasicTypeRegistry - Adding type registration uuid-char -> org.hibernate.type.UUIDCharType@455e6359
15:14:33.330 [Test worker] DEBUG org.hibernate.type.BasicTypeRegistry - Adding type registration binary -> org.hibernate.type.BinaryType@26987d35
15:14:33.330 [Test worker] DEBUG org.hibernate.type.BasicTypeRegistry - Adding type registration byte[] -> org.hibernate.type.BinaryType@26987d35
15:14:33.330 [Test worker] DEBUG org.hibernate.type.BasicTypeRegistry - Adding type registration [B -> org.hibernate.type.BinaryType@26987d35
15:14:33.331 [Test worker] DEBUG org.hibernate.type.BasicTypeRegistry - Adding type registration wrapper-binary -> org.hibernate.type.WrapperBinaryType@40027f83
15:14:33.331 [Test worker] DEBUG org.hibernate.type.BasicTypeRegistry - Adding type registration Byte[] -> org.hibernate.type.WrapperBinaryType@40027f83
15:14:33.331 [Test worker] DEBUG org.hibernate.type.BasicTypeRegistry - Adding type registration [Ljava.lang.Byte; -> org.hibernate.type.WrapperBinaryType@40027f83
15:14:33.332 [Test worker] DEBUG org.hibernate.type.BasicTypeRegistry - Adding type registration row_version -> org.hibernate.type.RowVersionType@56efdecd
15:14:33.332 [Test worker] DEBUG org.hibernate.type.BasicTypeRegistry - Adding type registration image -> org.hibernate.type.ImageType@665517be
15:14:33.332 [Test worker] DEBUG org.hibernate.type.BasicTypeRegistry - Adding type registration characters -> org.hibernate.type.CharArrayType@1c7d3205
15:14:33.333 [Test worker] DEBUG org.hibernate.type.BasicTypeRegistry - Adding type registration char[] -> org.hibernate.type.CharArrayType@1c7d3205
15:14:33.333 [Test worker] DEBUG org.hibernate.type.BasicTypeRegistry - Adding type registration [C -> org.hibernate.type.CharArrayType@1c7d3205
15:14:33.333 [Test worker] DEBUG org.hibernate.type.BasicTypeRegistry - Adding type registration wrapper-characters -> org.hibernate.type.CharacterArrayType@5ea65f28
15:14:33.333 [Test worker] DEBUG org.hibernate.type.BasicTypeRegistry - Adding type registration [Ljava.lang.Character; -> org.hibernate.type.CharacterArrayType@5ea65f28
15:14:33.334 [Test worker] DEBUG org.hibernate.type.BasicTypeRegistry - Adding type registration Character[] -> org.hibernate.type.CharacterArrayType@5ea65f28
15:14:33.334 [Test worker] DEBUG org.hibernate.type.BasicTypeRegistry - Adding type registration text -> org.hibernate.type.TextType@78d9e0ea
15:14:33.334 [Test worker] DEBUG org.hibernate.type.BasicTypeRegistry - Adding type registration ntext -> org.hibernate.type.NTextType@7e461d32
15:14:33.335 [Test worker] DEBUG org.hibernate.type.BasicTypeRegistry - Adding type registration blob -> org.hibernate.type.BlobType@65e5cc5f
15:14:33.335 [Test worker] DEBUG org.hibernate.type.BasicTypeRegistry - Adding type registration java.sql.Blob -> org.hibernate.type.BlobType@65e5cc5f
15:14:33.336 [Test worker] DEBUG org.hibernate.type.BasicTypeRegistry - Adding type registration materialized_blob -> org.hibernate.type.MaterializedBlobType@46843722
15:14:33.336 [Test worker] DEBUG org.hibernate.type.BasicTypeRegistry - Adding type registration clob -> org.hibernate.type.ClobType@77d38a83
15:14:33.337 [Test worker] DEBUG org.hibernate.type.BasicTypeRegistry - Adding type registration java.sql.Clob -> org.hibernate.type.ClobType@77d38a83
15:14:33.337 [Test worker] DEBUG org.hibernate.type.BasicTypeRegistry - Adding type registration nclob -> org.hibernate.type.NClobType@5c6ea09a
15:14:33.338 [Test worker] DEBUG org.hibernate.type.BasicTypeRegistry - Adding type registration java.sql.NClob -> org.hibernate.type.NClobType@5c6ea09a
15:14:33.338 [Test worker] DEBUG org.hibernate.type.BasicTypeRegistry - Adding type registration materialized_clob -> org.hibernate.type.MaterializedClobType@75cc522c
15:14:33.338 [Test worker] DEBUG org.hibernate.type.BasicTypeRegistry - Adding type registration materialized_nclob -> org.hibernate.type.MaterializedNClobType@12e3f9bb
15:14:33.339 [Test worker] DEBUG org.hibernate.type.BasicTypeRegistry - Adding type registration serializable -> org.hibernate.type.SerializableType@53e14304
15:14:33.341 [Test worker] DEBUG org.hibernate.type.BasicTypeRegistry - Adding type registration object -> org.hibernate.type.ObjectType@4affbbe9
15:14:33.341 [Test worker] DEBUG org.hibernate.type.BasicTypeRegistry - Adding type registration java.lang.Object -> org.hibernate.type.ObjectType@4affbbe9
15:14:33.342 [Test worker] DEBUG org.hibernate.type.BasicTypeRegistry - Adding type registration imm_date -> org.hibernate.type.AdaptedImmutableType@f3099ac
15:14:33.342 [Test worker] DEBUG org.hibernate.type.BasicTypeRegistry - Adding type registration imm_time -> org.hibernate.type.AdaptedImmutableType@768522a2
15:14:33.342 [Test worker] DEBUG org.hibernate.type.BasicTypeRegistry - Adding type registration imm_timestamp -> org.hibernate.type.AdaptedImmutableType@384e0680
15:14:33.342 [Test worker] DEBUG org.hibernate.type.BasicTypeRegistry - Adding type registration imm_dbtimestamp -> org.hibernate.type.AdaptedImmutableType@3a868676
15:14:33.342 [Test worker] DEBUG org.hibernate.type.BasicTypeRegistry - Adding type registration imm_calendar -> org.hibernate.type.AdaptedImmutableType@31709573
15:14:33.342 [Test worker] DEBUG org.hibernate.type.BasicTypeRegistry - Adding type registration imm_calendar_date -> org.hibernate.type.AdaptedImmutableType@6e3f21cd
15:14:33.342 [Test worker] DEBUG org.hibernate.type.BasicTypeRegistry - Adding type registration imm_binary -> org.hibernate.type.AdaptedImmutableType@268d508c
15:14:33.342 [Test worker] DEBUG org.hibernate.type.BasicTypeRegistry - Adding type registration imm_serializable -> org.hibernate.type.AdaptedImmutableType@28b6c71d
15:14:33.350 [Test worker] DEBUG org.hibernate.boot.internal.BootstrapContextImpl - Injecting JPA temp ClassLoader [org.springframework.instrument.classloading.SimpleThrowawayClassLoader@14b0f6cc] into BootstrapContext; was [null]
15:14:33.350 [Test worker] DEBUG org.hibernate.boot.internal.ClassLoaderAccessImpl - ClassLoaderAccessImpl#injectTempClassLoader(org.springframework.instrument.classloading.SimpleThrowawayClassLoader@14b0f6cc) [was null]
15:14:33.351 [Test worker] DEBUG org.hibernate.boot.internal.BootstrapContextImpl - Injecting ScanEnvironment [org.hibernate.jpa.boot.internal.StandardJpaScanEnvironmentImpl@1d78dda6] into BootstrapContext; was [null]
15:14:33.351 [Test worker] DEBUG org.hibernate.boot.internal.BootstrapContextImpl - Injecting ScanOptions [org.hibernate.boot.archive.scan.internal.StandardScanOptions@17eba6cf] into BootstrapContext; was [org.hibernate.boot.archive.scan.internal.StandardScanOptions@3fe9c4f9]
15:14:33.390 [Test worker] DEBUG org.hibernate.boot.internal.BootstrapContextImpl - Injecting JPA temp ClassLoader [null] into BootstrapContext; was [org.springframework.instrument.classloading.SimpleThrowawayClassLoader@14b0f6cc]
15:14:33.390 [Test worker] DEBUG org.hibernate.boot.internal.ClassLoaderAccessImpl - ClassLoaderAccessImpl#injectTempClassLoader(null) [was org.springframework.instrument.classloading.SimpleThrowawayClassLoader@14b0f6cc]
15:14:33.398 [Test worker] DEBUG org.hibernate.id.factory.internal.DefaultIdentifierGeneratorFactory - Registering IdentifierGenerator strategy [uuid2] -> [org.hibernate.id.UUIDGenerator]
15:14:33.398 [Test worker] DEBUG org.hibernate.id.factory.internal.DefaultIdentifierGeneratorFactory - Registering IdentifierGenerator strategy [guid] -> [org.hibernate.id.GUIDGenerator]
15:14:33.398 [Test worker] DEBUG org.hibernate.id.factory.internal.DefaultIdentifierGeneratorFactory - Registering IdentifierGenerator strategy [uuid] -> [org.hibernate.id.UUIDHexGenerator]
15:14:33.399 [Test worker] DEBUG org.hibernate.id.factory.internal.DefaultIdentifierGeneratorFactory - Registering IdentifierGenerator strategy [uuid.hex] -> [org.hibernate.id.UUIDHexGenerator]
15:14:33.399 [Test worker] DEBUG org.hibernate.id.factory.internal.DefaultIdentifierGeneratorFactory - Registering IdentifierGenerator strategy [assigned] -> [org.hibernate.id.Assigned]
15:14:33.400 [Test worker] DEBUG org.hibernate.id.factory.internal.DefaultIdentifierGeneratorFactory - Registering IdentifierGenerator strategy [identity] -> [org.hibernate.id.IdentityGenerator]
15:14:33.400 [Test worker] DEBUG org.hibernate.id.factory.internal.DefaultIdentifierGeneratorFactory - Registering IdentifierGenerator strategy [select] -> [org.hibernate.id.SelectGenerator]
15:14:33.401 [Test worker] DEBUG org.hibernate.id.factory.internal.DefaultIdentifierGeneratorFactory - Registering IdentifierGenerator strategy [sequence] -> [org.hibernate.id.enhanced.SequenceStyleGenerator]
15:14:33.401 [Test worker] DEBUG org.hibernate.id.factory.internal.DefaultIdentifierGeneratorFactory - Registering IdentifierGenerator strategy [seqhilo] -> [org.hibernate.id.SequenceHiLoGenerator]
15:14:33.402 [Test worker] DEBUG org.hibernate.id.factory.internal.DefaultIdentifierGeneratorFactory - Registering IdentifierGenerator strategy [increment] -> [org.hibernate.id.IncrementGenerator]
15:14:33.402 [Test worker] DEBUG org.hibernate.id.factory.internal.DefaultIdentifierGeneratorFactory - Registering IdentifierGenerator strategy [foreign] -> [org.hibernate.id.ForeignGenerator]
15:14:33.402 [Test worker] DEBUG org.hibernate.id.factory.internal.DefaultIdentifierGeneratorFactory - Registering IdentifierGenerator strategy [sequence-identity] -> [org.hibernate.id.SequenceIdentityGenerator]
15:14:33.402 [Test worker] DEBUG org.hibernate.id.factory.internal.DefaultIdentifierGeneratorFactory - Registering IdentifierGenerator strategy [enhanced-sequence] -> [org.hibernate.id.enhanced.SequenceStyleGenerator]
15:14:33.403 [Test worker] DEBUG org.hibernate.id.factory.internal.DefaultIdentifierGeneratorFactory - Registering IdentifierGenerator strategy [enhanced-table] -> [org.hibernate.id.enhanced.TableGenerator]
15:14:33.407 [Test worker] DEBUG org.springframework.jdbc.datasource.DriverManagerDataSource - Creating new JDBC DriverManager Connection to [jdbc:h2:mem:second;DB_CLOSE_DELAY=-1]
15:14:33.532 [Test worker] DEBUG org.hibernate.engine.jdbc.env.internal.JdbcEnvironmentInitiator - Database ->
       name : H2
    version : 1.4.200 (2019-10-14)
      major : 1
      minor : 4
15:14:33.532 [Test worker] DEBUG org.hibernate.engine.jdbc.env.internal.JdbcEnvironmentInitiator - Driver ->
       name : H2 JDBC Driver
    version : 1.4.200 (2019-10-14)
      major : 1
      minor : 4
15:14:33.532 [Test worker] DEBUG org.hibernate.engine.jdbc.env.internal.JdbcEnvironmentInitiator - JDBC version : 4.1
15:14:33.539 [Test worker] INFO org.hibernate.dialect.Dialect - HHH000400: Using dialect: org.hibernate.dialect.H2Dialect
15:14:33.567 [Test worker] DEBUG org.hibernate.engine.jdbc.env.spi.IdentifierHelperBuilder - JDBC driver metadata reported database stores quoted identifiers in neither upper, lower nor mixed case
15:14:33.594 [Test worker] DEBUG org.hibernate.boot.model.relational.Namespace - Created database namespace [logicalName=Name{catalog=null, schema=null}, physicalName=Name{catalog=null, schema=null}]
15:14:33.597 [Test worker] DEBUG org.hibernate.type.spi.TypeConfiguration$Scope - Scoping TypeConfiguration [org.hibernate.type.spi.TypeConfiguration@759cf8d7] to MetadataBuildingContext [org.hibernate.boot.internal.MetadataBuildingContextRootImpl@4d8d28d8]
15:14:33.633 [Test worker] DEBUG org.hibernate.cfg.AnnotationBinder - Binding entity from annotated class: com.epam.esm.model.entity.CertificateEntity
15:14:33.644 [Test worker] DEBUG org.hibernate.cfg.Ejb3Column - Binding column: Ejb3DiscriminatorColumn{logicalColumnName'DTYPE', discriminatorTypeName='string'}
15:14:33.647 [Test worker] DEBUG org.hibernate.cfg.annotations.EntityBinder - Import with entity name CertificateEntity
15:14:33.650 [Test worker] DEBUG org.hibernate.cfg.annotations.EntityBinder - Bind entity com.epam.esm.model.entity.CertificateEntity on table CertificateEntity
15:14:33.666 [Test worker] DEBUG org.hibernate.cfg.Ejb3Column - Binding column: Ejb3Column{table=org.hibernate.mapping.Table(CertificateEntity), mappingColumn=id, insertable=true, updatable=true, unique=false}
15:14:33.668 [Test worker] DEBUG org.hibernate.boot.internal.ClassLoaderAccessImpl - Not known whether passed class name [com.epam.esm.model.entity.CertificateEntity] is safe
15:14:33.668 [Test worker] DEBUG org.hibernate.boot.internal.ClassLoaderAccessImpl - No temp ClassLoader provided; using live ClassLoader for loading potentially unsafe class : com.epam.esm.model.entity.CertificateEntity
15:14:33.668 [Test worker] DEBUG org.hibernate.cfg.annotations.PropertyBinder - MetadataSourceProcessor property id with lazy=false
15:14:33.669 [Test worker] DEBUG org.hibernate.cfg.AbstractPropertyHolder - Attempting to locate auto-apply AttributeConverter for property [com.epam.esm.model.entity.CertificateEntity:id]
15:14:33.671 [Test worker] DEBUG org.hibernate.cfg.annotations.SimpleValueBinder - building SimpleValue for id
15:14:33.672 [Test worker] DEBUG org.hibernate.cfg.annotations.PropertyBinder - Building property id
15:14:33.674 [Test worker] DEBUG org.hibernate.cfg.BinderHelper - #makeIdGenerator(org.hibernate.mapping.SimpleValue([org.hibernate.mapping.Column(id)]), id, identity, , ...)
15:14:33.674 [Test worker] DEBUG org.hibernate.cfg.Ejb3Column - Binding column: Ejb3Column{table=org.hibernate.mapping.Table(CertificateEntity), mappingColumn=createDate, insertable=true, updatable=true, unique=false}
15:14:33.675 [Test worker] DEBUG org.hibernate.cfg.annotations.PropertyBinder - MetadataSourceProcessor property createDate with lazy=false
15:14:33.675 [Test worker] DEBUG org.hibernate.cfg.AbstractPropertyHolder - Attempting to locate auto-apply AttributeConverter for property [com.epam.esm.model.entity.CertificateEntity:createDate]
15:14:33.675 [Test worker] DEBUG org.hibernate.cfg.annotations.SimpleValueBinder - building SimpleValue for createDate
15:14:33.675 [Test worker] DEBUG org.hibernate.cfg.annotations.PropertyBinder - Building property createDate
15:14:33.675 [Test worker] DEBUG org.hibernate.cfg.Ejb3Column - Binding column: Ejb3Column{table=org.hibernate.mapping.Table(CertificateEntity), mappingColumn=description, insertable=true, updatable=true, unique=false}
15:14:33.676 [Test worker] DEBUG org.hibernate.cfg.annotations.PropertyBinder - MetadataSourceProcessor property description with lazy=false
15:14:33.676 [Test worker] DEBUG org.hibernate.cfg.AbstractPropertyHolder - Attempting to locate auto-apply AttributeConverter for property [com.epam.esm.model.entity.CertificateEntity:description]
15:14:33.676 [Test worker] DEBUG org.hibernate.cfg.annotations.SimpleValueBinder - building SimpleValue for description
15:14:33.676 [Test worker] DEBUG org.hibernate.cfg.annotations.PropertyBinder - Building property description
15:14:33.676 [Test worker] DEBUG org.hibernate.cfg.Ejb3Column - Binding column: Ejb3Column{table=org.hibernate.mapping.Table(CertificateEntity), mappingColumn=duration, insertable=true, updatable=true, unique=false}
15:14:33.676 [Test worker] DEBUG org.hibernate.cfg.annotations.PropertyBinder - MetadataSourceProcessor property duration with lazy=false
15:14:33.676 [Test worker] DEBUG org.hibernate.cfg.AbstractPropertyHolder - Attempting to locate auto-apply AttributeConverter for property [com.epam.esm.model.entity.CertificateEntity:duration]
15:14:33.677 [Test worker] DEBUG org.hibernate.cfg.annotations.SimpleValueBinder - building SimpleValue for duration
15:14:33.677 [Test worker] DEBUG org.hibernate.cfg.annotations.PropertyBinder - Building property duration
15:14:33.677 [Test worker] DEBUG org.hibernate.cfg.Ejb3Column - Binding column: Ejb3Column{table=org.hibernate.mapping.Table(CertificateEntity), mappingColumn=lastUpdateDate, insertable=true, updatable=true, unique=false}
15:14:33.677 [Test worker] DEBUG org.hibernate.cfg.annotations.PropertyBinder - MetadataSourceProcessor property lastUpdateDate with lazy=false
15:14:33.677 [Test worker] DEBUG org.hibernate.cfg.AbstractPropertyHolder - Attempting to locate auto-apply AttributeConverter for property [com.epam.esm.model.entity.CertificateEntity:lastUpdateDate]
15:14:33.677 [Test worker] DEBUG org.hibernate.cfg.annotations.SimpleValueBinder - building SimpleValue for lastUpdateDate
15:14:33.677 [Test worker] DEBUG org.hibernate.cfg.annotations.PropertyBinder - Building property lastUpdateDate
15:14:33.678 [Test worker] DEBUG org.hibernate.cfg.Ejb3Column - Binding column: Ejb3Column{table=org.hibernate.mapping.Table(CertificateEntity), mappingColumn=name, insertable=true, updatable=true, unique=true}
15:14:33.678 [Test worker] DEBUG org.hibernate.cfg.annotations.PropertyBinder - MetadataSourceProcessor property name with lazy=false
15:14:33.678 [Test worker] DEBUG org.hibernate.cfg.AbstractPropertyHolder - Attempting to locate auto-apply AttributeConverter for property [com.epam.esm.model.entity.CertificateEntity:name]
15:14:33.678 [Test worker] DEBUG org.hibernate.cfg.annotations.SimpleValueBinder - building SimpleValue for name
15:14:33.678 [Test worker] DEBUG org.hibernate.cfg.annotations.PropertyBinder - Building property name
15:14:33.679 [Test worker] DEBUG org.hibernate.cfg.Ejb3Column - Binding column: Ejb3Column{table=org.hibernate.mapping.Table(CertificateEntity), mappingColumn=price, insertable=true, updatable=true, unique=false}
15:14:33.679 [Test worker] DEBUG org.hibernate.cfg.annotations.PropertyBinder - MetadataSourceProcessor property price with lazy=false
15:14:33.679 [Test worker] DEBUG org.hibernate.cfg.AbstractPropertyHolder - Attempting to locate auto-apply AttributeConverter for property [com.epam.esm.model.entity.CertificateEntity:price]
15:14:33.679 [Test worker] DEBUG org.hibernate.cfg.annotations.SimpleValueBinder - building SimpleValue for price
15:14:33.679 [Test worker] DEBUG org.hibernate.cfg.annotations.PropertyBinder - Building property price
15:14:33.680 [Test worker] DEBUG org.hibernate.cfg.Ejb3Column - Binding column: Ejb3Column{table=org.hibernate.mapping.Table(CertificateEntity), mappingColumn=null, insertable=true, updatable=true, unique=false}
15:14:33.686 [Test worker] DEBUG org.hibernate.cfg.Ejb3Column - Binding column: Ejb3Column{table=org.hibernate.mapping.Table(CertificateEntity), mappingColumn=element, insertable=true, updatable=true, unique=false}
15:14:33.686 [Test worker] DEBUG org.hibernate.cfg.Ejb3Column - Binding column: Ejb3Column{table=org.hibernate.mapping.Table(CertificateEntity), mappingColumn=tagEntities_KEY, insertable=true, updatable=true, unique=false}
15:14:33.687 [Test worker] DEBUG org.hibernate.cfg.Ejb3Column - Binding column: Ejb3JoinColumn{logicalColumnName='tagEntities_KEY', referencedColumn='null', mappedBy='null'}
15:14:33.688 [Test worker] DEBUG org.hibernate.cfg.Ejb3Column - Binding column: Ejb3JoinColumn{logicalColumnName='null', referencedColumn='null', mappedBy=''}
15:14:33.688 [Test worker] DEBUG org.hibernate.cfg.Ejb3Column - Binding column: Ejb3JoinColumn{logicalColumnName='null', referencedColumn='null', mappedBy=''}
15:14:33.689 [Test worker] DEBUG org.hibernate.cfg.annotations.CollectionBinder - Collection role: com.epam.esm.model.entity.CertificateEntity.tagEntities
15:14:33.690 [Test worker] DEBUG org.hibernate.cfg.annotations.PropertyBinder - Building property tagEntities
15:14:33.692 [Test worker] DEBUG org.hibernate.cfg.AnnotationBinder - Binding entity from annotated class: com.epam.esm.model.entity.OrderEntity
15:14:33.692 [Test worker] DEBUG org.hibernate.cfg.Ejb3Column - Binding column: Ejb3DiscriminatorColumn{logicalColumnName'DTYPE', discriminatorTypeName='string'}
15:14:33.693 [Test worker] DEBUG org.hibernate.cfg.annotations.EntityBinder - Import with entity name OrderEntity
15:14:33.693 [Test worker] DEBUG org.hibernate.cfg.annotations.EntityBinder - Bind entity com.epam.esm.model.entity.OrderEntity on table OrderEntity
15:14:33.694 [Test worker] DEBUG org.hibernate.cfg.Ejb3Column - Binding column: Ejb3Column{table=org.hibernate.mapping.Table(OrderEntity), mappingColumn=id, insertable=true, updatable=true, unique=false}
15:14:33.695 [Test worker] DEBUG org.hibernate.boot.internal.ClassLoaderAccessImpl - Not known whether passed class name [com.epam.esm.model.entity.OrderEntity] is safe
15:14:33.695 [Test worker] DEBUG org.hibernate.boot.internal.ClassLoaderAccessImpl - No temp ClassLoader provided; using live ClassLoader for loading potentially unsafe class : com.epam.esm.model.entity.OrderEntity
15:14:33.695 [Test worker] DEBUG org.hibernate.cfg.annotations.PropertyBinder - MetadataSourceProcessor property id with lazy=false
15:14:33.695 [Test worker] DEBUG org.hibernate.cfg.AbstractPropertyHolder - Attempting to locate auto-apply AttributeConverter for property [com.epam.esm.model.entity.OrderEntity:id]
15:14:33.695 [Test worker] DEBUG org.hibernate.cfg.annotations.SimpleValueBinder - building SimpleValue for id
15:14:33.695 [Test worker] DEBUG org.hibernate.cfg.annotations.PropertyBinder - Building property id
15:14:33.696 [Test worker] DEBUG org.hibernate.cfg.BinderHelper - #makeIdGenerator(org.hibernate.mapping.SimpleValue([org.hibernate.mapping.Column(id)]), id, identity, , ...)
15:14:33.696 [Test worker] DEBUG org.hibernate.cfg.Ejb3Column - Binding column: Ejb3Column{table=org.hibernate.mapping.Table(OrderEntity), mappingColumn=null, insertable=true, updatable=true, unique=false}
15:14:33.696 [Test worker] DEBUG org.hibernate.cfg.Ejb3Column - Binding column: Ejb3Column{table=org.hibernate.mapping.Table(OrderEntity), mappingColumn=element, insertable=true, updatable=true, unique=false}
15:14:33.696 [Test worker] DEBUG org.hibernate.cfg.Ejb3Column - Binding column: Ejb3Column{table=org.hibernate.mapping.Table(OrderEntity), mappingColumn=certificateEntities_KEY, insertable=true, updatable=true, unique=false}
15:14:33.696 [Test worker] DEBUG org.hibernate.cfg.Ejb3Column - Binding column: Ejb3JoinColumn{logicalColumnName='certificateEntities_KEY', referencedColumn='null', mappedBy='null'}
15:14:33.697 [Test worker] DEBUG org.hibernate.cfg.Ejb3Column - Binding column: Ejb3JoinColumn{logicalColumnName='null', referencedColumn='null', mappedBy=''}
15:14:33.697 [Test worker] DEBUG org.hibernate.cfg.Ejb3Column - Binding column: Ejb3JoinColumn{logicalColumnName='null', referencedColumn='null', mappedBy=''}
15:14:33.697 [Test worker] DEBUG org.hibernate.cfg.annotations.CollectionBinder - Collection role: com.epam.esm.model.entity.OrderEntity.certificateEntities
15:14:33.697 [Test worker] DEBUG org.hibernate.cfg.annotations.PropertyBinder - Building property certificateEntities
15:14:33.697 [Test worker] DEBUG org.hibernate.cfg.Ejb3Column - Binding column: Ejb3Column{table=org.hibernate.mapping.Table(OrderEntity), mappingColumn=purchaseDate, insertable=true, updatable=true, unique=false}
15:14:33.697 [Test worker] DEBUG org.hibernate.cfg.annotations.PropertyBinder - MetadataSourceProcessor property purchaseDate with lazy=false
15:14:33.697 [Test worker] DEBUG org.hibernate.cfg.AbstractPropertyHolder - Attempting to locate auto-apply AttributeConverter for property [com.epam.esm.model.entity.OrderEntity:purchaseDate]
15:14:33.697 [Test worker] DEBUG org.hibernate.cfg.annotations.SimpleValueBinder - building SimpleValue for purchaseDate
15:14:33.697 [Test worker] DEBUG org.hibernate.cfg.annotations.PropertyBinder - Building property purchaseDate
15:14:33.698 [Test worker] DEBUG org.hibernate.cfg.Ejb3Column - Binding column: Ejb3Column{table=org.hibernate.mapping.Table(OrderEntity), mappingColumn=summary, insertable=true, updatable=true, unique=false}
15:14:33.698 [Test worker] DEBUG org.hibernate.cfg.annotations.PropertyBinder - MetadataSourceProcessor property summary with lazy=false
15:14:33.698 [Test worker] DEBUG org.hibernate.cfg.AbstractPropertyHolder - Attempting to locate auto-apply AttributeConverter for property [com.epam.esm.model.entity.OrderEntity:summary]
15:14:33.698 [Test worker] DEBUG org.hibernate.cfg.annotations.SimpleValueBinder - building SimpleValue for summary
15:14:33.698 [Test worker] DEBUG org.hibernate.cfg.annotations.PropertyBinder - Building property summary
15:14:33.698 [Test worker] DEBUG org.hibernate.cfg.AnnotationBinder - Binding entity from annotated class: com.epam.esm.model.entity.TagEntity
15:14:33.698 [Test worker] DEBUG org.hibernate.cfg.Ejb3Column - Binding column: Ejb3DiscriminatorColumn{logicalColumnName'DTYPE', discriminatorTypeName='string'}
15:14:33.698 [Test worker] DEBUG org.hibernate.cfg.annotations.EntityBinder - Import with entity name TagEntity
15:14:33.699 [Test worker] DEBUG org.hibernate.cfg.annotations.EntityBinder - Bind entity com.epam.esm.model.entity.TagEntity on table TagEntity
15:14:33.700 [Test worker] DEBUG org.hibernate.cfg.Ejb3Column - Binding column: Ejb3Column{table=org.hibernate.mapping.Table(TagEntity), mappingColumn=id, insertable=true, updatable=true, unique=false}
15:14:33.700 [Test worker] DEBUG org.hibernate.boot.internal.ClassLoaderAccessImpl - Not known whether passed class name [com.epam.esm.model.entity.TagEntity] is safe
15:14:33.700 [Test worker] DEBUG org.hibernate.boot.internal.ClassLoaderAccessImpl - No temp ClassLoader provided; using live ClassLoader for loading potentially unsafe class : com.epam.esm.model.entity.TagEntity
15:14:33.700 [Test worker] DEBUG org.hibernate.cfg.annotations.PropertyBinder - MetadataSourceProcessor property id with lazy=false
15:14:33.700 [Test worker] DEBUG org.hibernate.cfg.AbstractPropertyHolder - Attempting to locate auto-apply AttributeConverter for property [com.epam.esm.model.entity.TagEntity:id]
15:14:33.700 [Test worker] DEBUG org.hibernate.cfg.annotations.SimpleValueBinder - building SimpleValue for id
15:14:33.700 [Test worker] DEBUG org.hibernate.cfg.annotations.PropertyBinder - Building property id
15:14:33.700 [Test worker] DEBUG org.hibernate.cfg.BinderHelper - #makeIdGenerator(org.hibernate.mapping.SimpleValue([org.hibernate.mapping.Column(id)]), id, identity, , ...)
15:14:33.700 [Test worker] DEBUG org.hibernate.cfg.Ejb3Column - Binding column: Ejb3Column{table=org.hibernate.mapping.Table(TagEntity), mappingColumn=name, insertable=true, updatable=true, unique=true}
15:14:33.701 [Test worker] DEBUG org.hibernate.cfg.annotations.PropertyBinder - MetadataSourceProcessor property name with lazy=false
15:14:33.701 [Test worker] DEBUG org.hibernate.cfg.AbstractPropertyHolder - Attempting to locate auto-apply AttributeConverter for property [com.epam.esm.model.entity.TagEntity:name]
15:14:33.701 [Test worker] DEBUG org.hibernate.cfg.annotations.SimpleValueBinder - building SimpleValue for name
15:14:33.701 [Test worker] DEBUG org.hibernate.cfg.annotations.PropertyBinder - Building property name
15:14:33.701 [Test worker] DEBUG org.hibernate.cfg.AnnotationBinder - Binding entity from annotated class: com.epam.esm.model.entity.UserEntity
15:14:33.701 [Test worker] DEBUG org.hibernate.cfg.Ejb3Column - Binding column: Ejb3DiscriminatorColumn{logicalColumnName'DTYPE', discriminatorTypeName='string'}
15:14:33.701 [Test worker] DEBUG org.hibernate.cfg.annotations.EntityBinder - Import with entity name UserEntity
15:14:33.701 [Test worker] DEBUG org.hibernate.cfg.annotations.EntityBinder - Bind entity com.epam.esm.model.entity.UserEntity on table UserEntity
15:14:33.703 [Test worker] DEBUG org.hibernate.cfg.Ejb3Column - Binding column: Ejb3Column{table=org.hibernate.mapping.Table(UserEntity), mappingColumn=id, insertable=true, updatable=true, unique=false}
15:14:33.703 [Test worker] DEBUG org.hibernate.boot.internal.ClassLoaderAccessImpl - Not known whether passed class name [com.epam.esm.model.entity.UserEntity] is safe
15:14:33.703 [Test worker] DEBUG org.hibernate.boot.internal.ClassLoaderAccessImpl - No temp ClassLoader provided; using live ClassLoader for loading potentially unsafe class : com.epam.esm.model.entity.UserEntity
15:14:33.704 [Test worker] DEBUG org.hibernate.cfg.annotations.PropertyBinder - MetadataSourceProcessor property id with lazy=false
15:14:33.704 [Test worker] DEBUG org.hibernate.cfg.AbstractPropertyHolder - Attempting to locate auto-apply AttributeConverter for property [com.epam.esm.model.entity.UserEntity:id]
15:14:33.704 [Test worker] DEBUG org.hibernate.cfg.annotations.SimpleValueBinder - building SimpleValue for id
15:14:33.704 [Test worker] DEBUG org.hibernate.cfg.annotations.PropertyBinder - Building property id
15:14:33.704 [Test worker] DEBUG org.hibernate.cfg.BinderHelper - #makeIdGenerator(org.hibernate.mapping.SimpleValue([org.hibernate.mapping.Column(id)]), id, identity, , ...)
15:14:33.704 [Test worker] DEBUG org.hibernate.cfg.Ejb3Column - Binding column: Ejb3JoinColumn{logicalColumnName='null', referencedColumn='null', mappedBy=''}
15:14:33.704 [Test worker] DEBUG org.hibernate.cfg.Ejb3Column - Binding column: Ejb3Column{table=org.hibernate.mapping.Table(UserEntity), mappingColumn=orderEntities, insertable=true, updatable=true, unique=false}
15:14:33.704 [Test worker] DEBUG org.hibernate.cfg.Ejb3Column - Binding column: Ejb3Column{table=org.hibernate.mapping.Table(UserEntity), mappingColumn=null, insertable=true, updatable=true, unique=false}
15:14:33.705 [Test worker] DEBUG org.hibernate.cfg.Ejb3Column - Binding column: Ejb3Column{table=org.hibernate.mapping.Table(UserEntity), mappingColumn=element, insertable=true, updatable=true, unique=false}
15:14:33.705 [Test worker] DEBUG org.hibernate.cfg.Ejb3Column - Binding column: Ejb3Column{table=org.hibernate.mapping.Table(UserEntity), mappingColumn=orderEntities_KEY, insertable=true, updatable=true, unique=false}
15:14:33.705 [Test worker] DEBUG org.hibernate.cfg.Ejb3Column - Binding column: Ejb3JoinColumn{logicalColumnName='orderEntities_KEY', referencedColumn='null', mappedBy='null'}
15:14:33.705 [Test worker] DEBUG org.hibernate.cfg.Ejb3Column - Binding column: Ejb3JoinColumn{logicalColumnName='null', referencedColumn='null', mappedBy=''}
15:14:33.705 [Test worker] DEBUG org.hibernate.cfg.Ejb3Column - Binding column: Ejb3JoinColumn{logicalColumnName='null', referencedColumn='null', mappedBy=''}
15:14:33.705 [Test worker] DEBUG org.hibernate.cfg.annotations.CollectionBinder - Collection role: com.epam.esm.model.entity.UserEntity.orderEntities
15:14:33.705 [Test worker] DEBUG org.hibernate.cfg.annotations.PropertyBinder - Building property orderEntities
15:14:33.705 [Test worker] DEBUG org.hibernate.cfg.Ejb3Column - Binding column: Ejb3Column{table=org.hibernate.mapping.Table(UserEntity), mappingColumn=username, insertable=true, updatable=true, unique=false}
15:14:33.706 [Test worker] DEBUG org.hibernate.cfg.annotations.PropertyBinder - MetadataSourceProcessor property username with lazy=false
15:14:33.706 [Test worker] DEBUG org.hibernate.cfg.AbstractPropertyHolder - Attempting to locate auto-apply AttributeConverter for property [com.epam.esm.model.entity.UserEntity:username]
15:14:33.706 [Test worker] DEBUG org.hibernate.cfg.annotations.SimpleValueBinder - building SimpleValue for username
15:14:33.706 [Test worker] DEBUG org.hibernate.cfg.annotations.PropertyBinder - Building property username
15:14:33.707 [Test worker] DEBUG org.hibernate.cfg.annotations.SimpleValueBinder - Starting fillSimpleValue for id
15:14:33.707 [Test worker] DEBUG org.hibernate.cfg.annotations.SimpleValueBinder - Starting fillSimpleValue for createDate
15:14:33.707 [Test worker] DEBUG org.hibernate.cfg.annotations.SimpleValueBinder - Starting fillSimpleValue for description
15:14:33.707 [Test worker] DEBUG org.hibernate.cfg.annotations.SimpleValueBinder - Starting fillSimpleValue for duration
15:14:33.707 [Test worker] DEBUG org.hibernate.cfg.annotations.SimpleValueBinder - Starting fillSimpleValue for lastUpdateDate
15:14:33.707 [Test worker] DEBUG org.hibernate.cfg.annotations.SimpleValueBinder - Starting fillSimpleValue for name
15:14:33.707 [Test worker] DEBUG org.hibernate.cfg.annotations.SimpleValueBinder - Starting fillSimpleValue for price
15:14:33.707 [Test worker] DEBUG org.hibernate.cfg.annotations.SimpleValueBinder - Starting fillSimpleValue for id
15:14:33.707 [Test worker] DEBUG org.hibernate.cfg.annotations.SimpleValueBinder - Starting fillSimpleValue for purchaseDate
15:14:33.707 [Test worker] DEBUG org.hibernate.cfg.annotations.SimpleValueBinder - Starting fillSimpleValue for summary
15:14:33.707 [Test worker] DEBUG org.hibernate.cfg.annotations.SimpleValueBinder - Starting fillSimpleValue for id
15:14:33.708 [Test worker] DEBUG org.hibernate.cfg.annotations.SimpleValueBinder - Starting fillSimpleValue for name
15:14:33.708 [Test worker] DEBUG org.hibernate.cfg.annotations.SimpleValueBinder - Starting fillSimpleValue for id
15:14:33.708 [Test worker] DEBUG org.hibernate.cfg.annotations.SimpleValueBinder - Starting fillSimpleValue for username
15:14:33.709 [Test worker] DEBUG org.hibernate.mapping.PrimaryKey - Forcing column [id] to be non-null as it is part of the primary key for table [certificateentity]
15:14:33.709 [Test worker] DEBUG org.hibernate.mapping.PrimaryKey - Forcing column [id] to be non-null as it is part of the primary key for table [orderentity]
15:14:33.709 [Test worker] DEBUG org.hibernate.mapping.PrimaryKey - Forcing column [id] to be non-null as it is part of the primary key for table [tagentity]
15:14:33.709 [Test worker] DEBUG org.hibernate.mapping.PrimaryKey - Forcing column [id] to be non-null as it is part of the primary key for table [userentity]
15:14:33.709 [Test worker] DEBUG org.hibernate.cfg.CollectionSecondPass - Second pass for collection: com.epam.esm.model.entity.UserEntity.orderEntities
15:14:33.709 [Test worker] DEBUG org.hibernate.cfg.annotations.CollectionBinder - Binding a OneToMany: com.epam.esm.model.entity.UserEntity.orderEntities through an association table
15:14:33.715 [Test worker] DEBUG org.hibernate.cfg.CollectionSecondPass - Mapped collection key: UserEntity_id, element: orderEntities_id
15:14:33.716 [Test worker] DEBUG org.hibernate.cfg.CollectionSecondPass - Second pass for collection: com.epam.esm.model.entity.OrderEntity.certificateEntities
15:14:33.716 [Test worker] DEBUG org.hibernate.cfg.annotations.CollectionBinder - Binding as ManyToMany: com.epam.esm.model.entity.OrderEntity.certificateEntities
15:14:33.716 [Test worker] DEBUG org.hibernate.cfg.CollectionSecondPass - Mapped collection key: OrderEntity_id, element: certificateEntities_id
15:14:33.716 [Test worker] DEBUG org.hibernate.cfg.CollectionSecondPass - Second pass for collection: com.epam.esm.model.entity.CertificateEntity.tagEntities
15:14:33.716 [Test worker] DEBUG org.hibernate.cfg.annotations.CollectionBinder - Binding as ManyToMany: com.epam.esm.model.entity.CertificateEntity.tagEntities
15:14:33.716 [Test worker] DEBUG org.hibernate.cfg.CollectionSecondPass - Mapped collection key: CertificateEntity_id, element: tagEntities_id
15:14:33.717 [Test worker] DEBUG org.hibernate.boot.internal.InFlightMetadataCollectorImpl - Resolving reference to class: com.epam.esm.model.entity.TagEntity
15:14:33.718 [Test worker] DEBUG org.hibernate.boot.internal.InFlightMetadataCollectorImpl - Resolving reference to class: com.epam.esm.model.entity.CertificateEntity
15:14:33.718 [Test worker] DEBUG org.hibernate.boot.internal.InFlightMetadataCollectorImpl - Resolving reference to class: com.epam.esm.model.entity.CertificateEntity
15:14:33.718 [Test worker] DEBUG org.hibernate.boot.internal.InFlightMetadataCollectorImpl - Resolving reference to class: com.epam.esm.model.entity.OrderEntity
15:14:33.718 [Test worker] DEBUG org.hibernate.boot.internal.InFlightMetadataCollectorImpl - Resolving reference to class: com.epam.esm.model.entity.OrderEntity
15:14:33.719 [Test worker] DEBUG org.hibernate.boot.internal.InFlightMetadataCollectorImpl - Resolving reference to class: com.epam.esm.model.entity.UserEntity
15:14:33.720 [Test worker] DEBUG org.hibernate.boot.internal.InFlightMetadataCollectorImpl - Resolving reference to class: com.epam.esm.model.entity.TagEntity
15:14:33.720 [Test worker] DEBUG org.hibernate.boot.internal.InFlightMetadataCollectorImpl - Resolving reference to class: com.epam.esm.model.entity.CertificateEntity
15:14:33.720 [Test worker] DEBUG org.hibernate.boot.internal.InFlightMetadataCollectorImpl - Resolving reference to class: com.epam.esm.model.entity.CertificateEntity
15:14:33.720 [Test worker] DEBUG org.hibernate.boot.internal.InFlightMetadataCollectorImpl - Resolving reference to class: com.epam.esm.model.entity.OrderEntity
15:14:33.720 [Test worker] DEBUG org.hibernate.boot.internal.InFlightMetadataCollectorImpl - Resolving reference to class: com.epam.esm.model.entity.OrderEntity
15:14:33.720 [Test worker] DEBUG org.hibernate.boot.internal.InFlightMetadataCollectorImpl - Resolving reference to class: com.epam.esm.model.entity.UserEntity
15:14:33.741 [Test worker] DEBUG org.hibernate.internal.SessionFactoryImpl - Building session factory
15:14:33.741 [Test worker] DEBUG org.hibernate.cfg.Settings - SessionFactory name : null
15:14:33.741 [Test worker] DEBUG org.hibernate.cfg.Settings - Automatic flush during beforeCompletion(): enabled
15:14:33.741 [Test worker] DEBUG org.hibernate.cfg.Settings - Automatic session close at end of transaction: disabled
15:14:33.741 [Test worker] DEBUG org.hibernate.cfg.Settings - Statistics: enabled
15:14:33.742 [Test worker] DEBUG org.hibernate.cfg.Settings - Deleted entity synthetic identifier rollback: disabled
15:14:33.742 [Test worker] DEBUG org.hibernate.cfg.Settings - Default entity-mode: pojo
15:14:33.742 [Test worker] DEBUG org.hibernate.cfg.Settings - Check Nullability in Core (should be disabled when Bean Validation is on): enabled
15:14:33.742 [Test worker] DEBUG org.hibernate.cfg.Settings - Allow initialization of lazy state outside session : disabled
15:14:33.742 [Test worker] DEBUG org.hibernate.cfg.Settings - Using BatchFetchStyle : LEGACY
15:14:33.742 [Test worker] DEBUG org.hibernate.cfg.Settings - Default batch fetch size: -1
15:14:33.742 [Test worker] DEBUG org.hibernate.cfg.Settings - Maximum outer join fetch depth: null
15:14:33.742 [Test worker] DEBUG org.hibernate.cfg.Settings - Default null ordering: NONE
15:14:33.742 [Test worker] DEBUG org.hibernate.cfg.Settings - Order SQL updates by primary key: disabled
15:14:33.742 [Test worker] DEBUG org.hibernate.cfg.Settings - Order SQL inserts for batching: disabled
15:14:33.742 [Test worker] DEBUG org.hibernate.cfg.Settings - multi-tenancy strategy : NONE
15:14:33.742 [Test worker] DEBUG org.hibernate.cfg.Settings - JTA Track by Thread: enabled
15:14:33.742 [Test worker] DEBUG org.hibernate.cfg.Settings - Query language substitutions: {}
15:14:33.742 [Test worker] DEBUG org.hibernate.cfg.Settings - Named query checking : enabled
15:14:33.742 [Test worker] DEBUG org.hibernate.cfg.Settings - Second-level cache: disabled
15:14:33.743 [Test worker] DEBUG org.hibernate.cfg.Settings - Second-level query cache: disabled
15:14:33.743 [Test worker] DEBUG org.hibernate.cfg.Settings - Second-level query cache factory: null
15:14:33.743 [Test worker] DEBUG org.hibernate.cfg.Settings - Second-level cache region prefix: null
15:14:33.743 [Test worker] DEBUG org.hibernate.cfg.Settings - Optimize second-level cache for minimal puts: disabled
15:14:33.743 [Test worker] DEBUG org.hibernate.cfg.Settings - Structured second-level cache entries: disabled
15:14:33.743 [Test worker] DEBUG org.hibernate.cfg.Settings - Second-level cache direct-reference entries: disabled
15:14:33.743 [Test worker] DEBUG org.hibernate.cfg.Settings - Automatic eviction of collection cache: disabled
15:14:33.743 [Test worker] DEBUG org.hibernate.cfg.Settings - JDBC batch size: 15
15:14:33.743 [Test worker] DEBUG org.hibernate.cfg.Settings - JDBC batch updates for versioned data: enabled
15:14:33.743 [Test worker] DEBUG org.hibernate.cfg.Settings - Scrollable result sets: enabled
15:14:33.743 [Test worker] DEBUG org.hibernate.cfg.Settings - Wrap result sets: disabled
15:14:33.743 [Test worker] DEBUG org.hibernate.cfg.Settings - JDBC3 getGeneratedKeys(): enabled
15:14:33.743 [Test worker] DEBUG org.hibernate.cfg.Settings - JDBC result set fetch size: null
15:14:33.743 [Test worker] DEBUG org.hibernate.cfg.Settings - Connection release mode: ON_CLOSE
15:14:33.743 [Test worker] DEBUG org.hibernate.cfg.Settings - Generate SQL with comments: disabled
15:14:33.743 [Test worker] DEBUG org.hibernate.cfg.Settings - JPA compliance - query : disabled
15:14:33.744 [Test worker] DEBUG org.hibernate.cfg.Settings - JPA compliance - closed-handling : disabled
15:14:33.744 [Test worker] DEBUG org.hibernate.cfg.Settings - JPA compliance - lists : disabled
15:14:33.744 [Test worker] DEBUG org.hibernate.cfg.Settings - JPA compliance - transactions : disabled
15:14:33.791 [Test worker] DEBUG org.hibernate.internal.SessionFactoryImpl - Session factory constructed with filter configurations : {}
15:14:33.791 [Test worker] DEBUG org.hibernate.internal.SessionFactoryImpl - Instantiating session factory with properties: {java.specification.version=13, hibernate.connection.handling_mode=DELAYED_ACQUISITION_AND_HOLD, sun.jnu.encoding=UTF-8, hibernate.dialect=org.hibernate.dialect.H2Dialect, org.gradle.test.worker=4, java.class.path=/home/razor/.gradle/caches/7.1/workerMain/gradle-worker.jar:/home/razor/Lab/task3/ThirdModule/dao/build/classes/java/test:/home/razor/Lab/task3/ThirdModule/dao/build/resources/test:/home/razor/Lab/task3/ThirdModule/dao/build/classes/java/main:/home/razor/Lab/task3/ThirdModule/dao/build/resources/main:/home/razor/.gradle/caches/modules-2/files-2.1/mysql/mysql-connector-java/8.0.27/f1da9f10a3de6348725a413304aab6d0aa04f923/mysql-connector-java-8.0.27.jar:/home/razor/.gradle/caches/modules-2/files-2.1/org.projectlombok/lombok/1.18.20/18bcea7d5df4d49227b4a0743a536208ce4825bb/lombok-1.18.20.jar:/home/razor/.gradle/caches/modules-2/files-2.1/junit/junit/4.13.1/cdd00374f1fee76b11e2a9d127405aa3f6be5b6a/junit-4.13.1.jar:/home/razor/.gradle/caches/modules-2/files-2.1/org.springframework.boot/spring-boot-starter-data-jpa/2.5.6/8d7fe99c33e09390316749614d9795d80b49207b/spring-boot-starter-data-jpa-2.5.6.jar:/home/razor/.gradle/caches/modules-2/files-2.1/org.springframework.boot/spring-boot-starter-test/2.5.2/226e09262316b1ff101797346b2ca56432880353/spring-boot-starter-test-2.5.2.jar:/home/razor/.gradle/caches/modules-2/files-2.1/org.springframework.boot/spring-boot-starter-aop/2.5.2/1877448bb875154c2558e385f4590c648ada5f11/spring-boot-starter-aop-2.5.2.jar:/home/razor/.gradle/caches/modules-2/files-2.1/org.springframework.boot/spring-boot-starter-jdbc/2.5.2/de9142ad6a67d2ec7d58465ab8d2fcf759f24d25/spring-boot-starter-jdbc-2.5.2.jar:/home/razor/.gradle/caches/modules-2/files-2.1/org.springframework.boot/spring-boot-starter/2.5.2/5aa5345f60cd3fbca331c05015e0700553448d66/spring-boot-starter-2.5.2.jar:/home/razor/.gradle/caches/modules-2/files-2.1/com.h2database/h2/1.4.200/f7533fe7cb8e99c87a43d325a77b4b678ad9031a/h2-1.4.200.jar:/home/razor/.gradle/caches/modules-2/files-2.1/org.hamcrest/hamcrest-core/2.2/3f2bd07716a31c395e2837254f37f21f0f0ab24b/hamcrest-core-2.2.jar:/home/razor/.gradle/caches/modules-2/files-2.1/jakarta.transaction/jakarta.transaction-api/1.3.3/c4179d48720a1e87202115fbed6089bdc4195405/jakarta.transaction-api-1.3.3.jar:/home/razor/.gradle/caches/modules-2/files-2.1/jakarta.persistence/jakarta.persistence-api/2.2.3/8f6ea5daedc614f07a3654a455660145286f024e/jakarta.persistence-api-2.2.3.jar:/home/razor/.gradle/caches/modules-2/files-2.1/org.hibernate/hibernate-core/5.4.32.Final/99a5e10bf455337014c190e141ec631e9ff71663/hibernate-core-5.4.32.Final.jar:/home/razor/.gradle/caches/modules-2/files-2.1/org.springframework.data/spring-data-jpa/2.5.2/37a27171338da87485cdf66a40596195433d1db/spring-data-jpa-2.5.2.jar:/home/razor/.gradle/caches/modules-2/files-2.1/org.springframework/spring-aspects/5.3.8/863f531cc3ea9d82d391d17c8eb33732e7a864b6/spring-aspects-5.3.8.jar:/home/razor/.gradle/caches/modules-2/files-2.1/org.springframework.boot/spring-boot-test-autoconfigure/2.5.2/223f1311f59eecfd24980f9776bb39e1fef92c0e/spring-boot-test-autoconfigure-2.5.2.jar:/home/razor/.gradle/caches/modules-2/files-2.1/org.springframework.boot/spring-boot-autoconfigure/2.5.2/aa924c5d0d375f4b2b66f211704c24d40a7e647b/spring-boot-autoconfigure-2.5.2.jar:/home/razor/.gradle/caches/modules-2/files-2.1/org.springframework.boot/spring-boot-test/2.5.2/477509ac730e2fb8fe67c0d9f2d0bca21c4316df/spring-boot-test-2.5.2.jar:/home/razor/.gradle/caches/modules-2/files-2.1/org.springframework.boot/spring-boot/2.5.2/bd6dc87b5ad870dbf635d0c7d9a3006666c9e797/spring-boot-2.5.2.jar:/home/razor/.gradle/caches/modules-2/files-2.1/org.springframework.boot/spring-boot-starter-logging/2.5.2/8b94a1e350f68f8c3a7de6460e5691a84c8c157d/spring-boot-starter-logging-2.5.2.jar:/home/razor/.gradle/caches/modules-2/files-2.1/jakarta.annotation/jakarta.annotation-api/1.3.5/59eb84ee0d616332ff44aba065f3888cf002cd2d/jakarta.annotation-api-1.3.5.jar:/home/razor/.gradle/caches/modules-2/files-2.1/org.springframework/spring-test/5.3.8/4ce3ee7725d4ecd13b5c52d67bb0a76173f8a34d/spring-test-5.3.8.jar:/home/razor/.gradle/caches/modules-2/files-2.1/org.springframework/spring-context/5.3.8/c367a05423e963c222e38a6a88b97d44de3880ca/spring-context-5.3.8.jar:/home/razor/.gradle/caches/modules-2/files-2.1/org.springframework/spring-aop/5.3.8/1377f80f938b1fc7eabe9e6c4f6895e77e3bec40/spring-aop-5.3.8.jar:/home/razor/.gradle/caches/modules-2/files-2.1/org.springframework/spring-orm/5.3.8/bac8889d4621f2f47ee2b118ebbddf61dd299239/spring-orm-5.3.8.jar:/home/razor/.gradle/caches/modules-2/files-2.1/org.springframework/spring-jdbc/5.3.8/cf8b7a2be3565eed94f575ae640e22d9357c7dcd/spring-jdbc-5.3.8.jar:/home/razor/.gradle/caches/modules-2/files-2.1/org.springframework.data/spring-data-commons/2.5.2/25a00968c046736667e086ed9fd254f0e26e7ffc/spring-data-commons-2.5.2.jar:/home/razor/.gradle/caches/modules-2/files-2.1/org.springframework/spring-tx/5.3.8/3202859a7e9560110f1fe8284c28feb009c6f460/spring-tx-5.3.8.jar:/home/razor/.gradle/caches/modules-2/files-2.1/org.springframework/spring-beans/5.3.8/3d66fed1eebfcd119efcabc6218c813700a21ed/spring-beans-5.3.8.jar:/home/razor/.gradle/caches/modules-2/files-2.1/org.springframework/spring-expression/5.3.8/8a14547b76cbae3aeb02739e5b38e71835a6bbd8/spring-expression-5.3.8.jar:/home/razor/.gradle/caches/modules-2/files-2.1/org.springframework/spring-core/5.3.8/da9b87dacaa5bbf80fad0f7b483988372a00a152/spring-core-5.3.8.jar:/home/razor/.gradle/caches/modules-2/files-2.1/org.yaml/snakeyaml/1.28/7cae037c3014350c923776548e71c9feb7a69259/snakeyaml-1.28.jar:/home/razor/.gradle/caches/modules-2/files-2.1/com.jayway.jsonpath/json-path/2.5.0/c35ef29095125b51638d19120f63e2b56eff20e9/json-path-2.5.0.jar:/home/razor/.gradle/caches/modules-2/files-2.1/org.glassfish.jaxb/jaxb-runtime/2.3.4/5f3828d3a345ff3d8acb83f07ba04eccf59e15bb/jaxb-runtime-2.3.4.jar:/home/razor/.gradle/caches/modules-2/files-2.1/jakarta.xml.bind/jakarta.xml.bind-api/2.3.3/48e3b9cfc10752fba3521d6511f4165bea951801/jakarta.xml.bind-api-2.3.3.jar:/home/razor/.gradle/caches/modules-2/files-2.1/org.assertj/assertj-core/3.19.0/f64cb5690b85e68d5e1e6c6152bfb6e3840a452d/assertj-core-3.19.0.jar:/home/razor/.gradle/caches/modules-2/files-2.1/org.hamcrest/hamcrest/2.2/1820c0968dba3a11a1b30669bb1f01978a91dedc/hamcrest-2.2.jar:/home/razor/.gradle/caches/modules-2/files-2.1/org.mockito/mockito-junit-jupiter/3.9.0/871745ab6af5a269411ea3c1f99ced82ed079436/mockito-junit-jupiter-3.9.0.jar:/home/razor/.gradle/caches/modules-2/files-2.1/org.junit.jupiter/junit-jupiter-params/5.7.2/685f832f8c54dd40100f646d61aca88ed9545421/junit-jupiter-params-5.7.2.jar:/home/razor/.gradle/caches/modules-2/files-2.1/org.junit.jupiter/junit-jupiter-engine/5.7.2/9415680a889f00b8205a094c5c487bc69dc7077d/junit-jupiter-engine-5.7.2.jar:/home/razor/.gradle/caches/modules-2/files-2.1/org.junit.jupiter/junit-jupiter-api/5.7.2/f4b4079732a9c537983324cfa4e46655f21d2c56/junit-jupiter-api-5.7.2.jar:/home/razor/.gradle/caches/modules-2/files-2.1/org.junit.platform/junit-platform-engine/1.7.2/2573770b46b8a199ed5f6b0f96fb99e468bfe891/junit-platform-engine-1.7.2.jar:/home/razor/.gradle/caches/modules-2/files-2.1/org.junit.platform/junit-platform-commons/1.7.2/34adfea6c13fc4a996cf38cdad80800ce850d198/junit-platform-commons-1.7.2.jar:/home/razor/.gradle/caches/modules-2/files-2.1/org.junit.jupiter/junit-jupiter/5.7.2/62faa742964a9d8dab8fdb4a0eab7b01441c171f/junit-jupiter-5.7.2.jar:/home/razor/.gradle/caches/modules-2/files-2.1/org.mockito/mockito-core/3.9.0/b7573430aea743b26434b44f4f46272af613e660/mockito-core-3.9.0.jar:/home/razor/.gradle/caches/modules-2/files-2.1/org.skyscreamer/jsonassert/1.5.0/6c9d5fe2f59da598d9aefc1cfc6528ff3cf32df3/jsonassert-1.5.0.jar:/home/razor/.gradle/caches/modules-2/files-2.1/org.xmlunit/xmlunit-core/2.8.2/8e4e46b87afaaf9b6cfb8de778e473cf7aeb087f/xmlunit-core-2.8.2.jar:/home/razor/.gradle/caches/modules-2/files-2.1/org.aspectj/aspectjweaver/1.9.6/ee3b73aa16df35179255f17354d9dfd8e7822835/aspectjweaver-1.9.6.jar:/home/razor/.gradle/caches/modules-2/files-2.1/com.zaxxer/HikariCP/4.0.3/107cbdf0db6780a065f895ae9d8fbf3bb0e1c21f/HikariCP-4.0.3.jar:/home/razor/.gradle/caches/modules-2/files-2.1/org.hibernate.common/hibernate-commons-annotations/5.1.2.Final/e59ffdbc6ad09eeb33507b39ffcf287679a498c8/hibernate-commons-annotations-5.1.2.Final.jar:/home/razor/.gradle/caches/modules-2/files-2.1/org.jboss.logging/jboss-logging/3.4.2.Final/e517b8a93dd9962ed5481345e4d262fdd47c4217/jboss-logging-3.4.2.Final.jar:/home/razor/.gradle/caches/modules-2/files-2.1/org.javassist/javassist/3.27.0-GA/f63e6aa899e15eca8fdaa402a79af4c417252213/javassist-3.27.0-GA.jar:/home/razor/.gradle/caches/modules-2/files-2.1/net.bytebuddy/byte-buddy/1.10.22/ef45d7e2cd1c600d279704f492ed5ce2ceb6cdb5/byte-buddy-1.10.22.jar:/home/razor/.gradle/caches/modules-2/files-2.1/antlr/antlr/2.7.7/83cd2cd674a217ade95a4bb83a8a14f351f48bd0/antlr-2.7.7.jar:/home/razor/.gradle/caches/modules-2/files-2.1/org.jboss/jandex/2.2.3.Final/d3865101f0666b63586683bd811d754517f331ab/jandex-2.2.3.Final.jar:/home/razor/.gradle/caches/modules-2/files-2.1/com.fasterxml/classmate/1.5.1/3fe0bed568c62df5e89f4f174c101eab25345b6c/classmate-1.5.1.jar:/home/razor/.gradle/caches/modules-2/files-2.1/org.dom4j/dom4j/2.1.3/a75914155a9f5808963170ec20653668a2ffd2fd/dom4j-2.1.3.jar:/home/razor/.gradle/caches/modules-2/files-2.1/ch.qos.logback/logback-classic/1.2.3/7c4f3c474fb2c041d8028740440937705ebb473a/logback-classic-1.2.3.jar:/home/razor/.gradle/caches/modules-2/files-2.1/org.apache.logging.log4j/log4j-to-slf4j/2.14.1/ce8a86a3f50a4304749828ce68e7478cafbc8039/log4j-to-slf4j-2.14.1.jar:/home/razor/.gradle/caches/modules-2/files-2.1/org.slf4j/jul-to-slf4j/1.7.31/f9ff62d83a25a94c1619de06d4015e2797bc849c/jul-to-slf4j-1.7.31.jar:/home/razor/.gradle/caches/modules-2/files-2.1/org.slf4j/slf4j-api/1.7.31/9545c9cb71de4c18d97a91e32ef0be6f3f6661b7/slf4j-api-1.7.31.jar:/home/razor/.gradle/caches/modules-2/files-2.1/org.springframework/spring-jcl/5.3.8/a143c8618eb2be8674c3cf132d9a5c953bb5488/spring-jcl-5.3.8.jar:/home/razor/.gradle/caches/modules-2/files-2.1/net.minidev/json-smart/2.4.7/8d7f4c1530c07c54930935f3da85f48b83b3c109/json-smart-2.4.7.jar:/home/razor/.gradle/caches/modules-2/files-2.1/jakarta.activation/jakarta.activation-api/1.2.2/99f53adba383cb1bf7c3862844488574b559621f/jakarta.activation-api-1.2.2.jar:/home/razor/.gradle/caches/modules-2/files-2.1/net.bytebuddy/byte-buddy-agent/1.10.22/b01df6b71a882b9fde5a608a26e641cd399a4d83/byte-buddy-agent-1.10.22.jar:/home/razor/.gradle/caches/modules-2/files-2.1/org.objenesis/objenesis/3.2/7fadf57620c8b8abdf7519533e5527367cb51f09/objenesis-3.2.jar:/home/razor/.gradle/caches/modules-2/files-2.1/com.vaadin.external.google/android-json/0.0.20131108.vaadin1/fa26d351fe62a6a17f5cda1287c1c6110dec413f/android-json-0.0.20131108.vaadin1.jar:/home/razor/.gradle/caches/modules-2/files-2.1/org.glassfish.jaxb/txw2/2.3.4/257fa649d3137a1060d222aefb96b7d1dd5f1286/txw2-2.3.4.jar:/home/razor/.gradle/caches/modules-2/files-2.1/com.sun.istack/istack-commons-runtime/3.0.12/cbbe1a62b0cc6c85972e99d52aaee350153dc530/istack-commons-runtime-3.0.12.jar:/home/razor/.gradle/caches/modules-2/files-2.1/com.sun.activation/jakarta.activation/1.2.2/74548703f9851017ce2f556066659438019e7eb5/jakarta.activation-1.2.2.jar:/home/razor/.gradle/caches/modules-2/files-2.1/ch.qos.logback/logback-core/1.2.3/864344400c3d4d92dfeb0a305dc87d953677c03c/logback-core-1.2.3.jar:/home/razor/.gradle/caches/modules-2/files-2.1/org.apache.logging.log4j/log4j-api/2.14.1/cd8858fbbde69f46bce8db1152c18a43328aae78/log4j-api-2.14.1.jar:/home/razor/.gradle/caches/modules-2/files-2.1/net.minidev/accessors-smart/2.4.7/3970cfc505e6657ca60f3aa57c849f6043000d7a/accessors-smart-2.4.7.jar:/home/razor/.gradle/caches/modules-2/files-2.1/org.apiguardian/apiguardian-api/1.1.0/fc9dff4bb36d627bdc553de77e1f17efd790876c/apiguardian-api-1.1.0.jar:/home/razor/.gradle/caches/modules-2/files-2.1/org.opentest4j/opentest4j/1.2.0/28c11eb91f9b6d8e200631d46e20a7f407f2a046/opentest4j-1.2.0.jar:/home/razor/.gradle/caches/modules-2/files-2.1/org.ow2.asm/asm/9.1/a99500cf6eea30535eeac6be73899d048f8d12a8/asm-9.1.jar, java.vm.vendor=Private Build, sun.arch.data.model=64, user.variant=, java.vendor.url=Unknown, user.timezone=Europe/Minsk, java.vm.specification.version=13, os.name=Linux, hibernate.generate_statistics=true, javax.persistence.validation.mode=AUTO, user.country=US, sun.java.launcher=SUN_STANDARD, sun.boot.library.path=/usr/lib/jvm/java-13-openjdk-amd64/lib, sun.java.command=worker.org.gradle.process.internal.worker.GradleWorkerMain 'Gradle Test Executor 4', javax.persistence.nonJtaDataSource=org.springframework.jdbc.datasource.DriverManagerDataSource@338189db, javax.persistence.sharedCache.mode=UNSPECIFIED, jdk.debug=release, sun.cpu.endian=little, user.home=/home/razor, user.language=en, java.specification.vendor=Oracle Corporation, org.gradle.native=false, java.version.date=2021-04-20, java.home=/usr/lib/jvm/java-13-openjdk-amd64, file.separator=/, java.vm.compressedOopsMode=32-bit, line.separator=
, java.vm.specification.vendor=Oracle Corporation, java.specification.name=Java Platform API Specification, hibernate.transaction.coordinator_class=class org.hibernate.resource.transaction.backend.jdbc.internal.JdbcResourceLocalTransactionCoordinatorBuilderImpl, hibernate.hbm2ddl.auto=update, sun.management.compiler=HotSpot 64-Bit Tiered Compilers, java.runtime.version=13.0.7+5-Ubuntu-0ubuntu120.04, user.name=razor, path.separator=:, os.version=5.4.0-89-generic, java.runtime.name=OpenJDK Runtime Environment, file.encoding=UTF-8, hibernate.ejb.persistenceUnitName=default, java.vm.name=OpenJDK 64-Bit Server VM, hibernate.show_sql=true, java.vendor.url.bug=Unknown, java.io.tmpdir=/tmp, java.version=13.0.7, user.dir=/home/razor/Lab/task3/ThirdModule/dao, os.arch=amd64, java.vm.specification.name=Java Virtual Machine Specification, org.gradle.internal.worker.tmpdir=/home/razor/Lab/task3/ThirdModule/dao/build/tmp/test/work, hibernate.boot.CfgXmlAccessService.key=org.hibernate.boot.registry.StandardServiceRegistryBuilder$1@2f318137, java.library.path=/usr/java/packages/lib:/usr/lib/x86_64-linux-gnu/jni:/lib/x86_64-linux-gnu:/usr/lib/x86_64-linux-gnu:/usr/lib/jni:/lib:/usr/lib, java.vendor=Private Build, java.vm.info=mixed mode, java.vm.version=13.0.7+5-Ubuntu-0ubuntu120.04, hibernate.bytecode.use_reflection_optimizer=false, sun.io.unicode.encoding=UnicodeLittle, hibernate.connection.datasource=org.springframework.jdbc.datasource.DriverManagerDataSource@338189db, java.class.version=57.0}
15:14:33.805 [Test worker] DEBUG org.hibernate.secure.spi.JaccIntegrator - Skipping JACC integration as it was not enabled
15:14:33.806 [Test worker] DEBUG org.hibernate.internal.SessionFactoryImpl - Instantiated session factory
15:14:33.807 [Test worker] DEBUG org.hibernate.type.spi.TypeConfiguration$Scope - Scoping TypeConfiguration [org.hibernate.type.spi.TypeConfiguration@759cf8d7] to SessionFactoryImpl [org.hibernate.internal.SessionFactoryImpl@703e1658]
15:14:33.842 [Test worker] DEBUG org.hibernate.boot.internal.ClassLoaderAccessImpl - Not known whether passed class name [com.epam.esm.model.entity.CertificateEntity] is safe
15:14:33.842 [Test worker] DEBUG org.hibernate.boot.internal.ClassLoaderAccessImpl - No temp ClassLoader provided; using live ClassLoader for loading potentially unsafe class : com.epam.esm.model.entity.CertificateEntity
15:14:33.996 [Test worker] DEBUG org.hibernate.boot.internal.ClassLoaderAccessImpl - Not known whether passed class name [com.epam.esm.model.entity.TagEntity] is safe
15:14:33.996 [Test worker] DEBUG org.hibernate.boot.internal.ClassLoaderAccessImpl - No temp ClassLoader provided; using live ClassLoader for loading potentially unsafe class : com.epam.esm.model.entity.TagEntity
15:14:34.004 [Test worker] DEBUG org.hibernate.boot.internal.ClassLoaderAccessImpl - Not known whether passed class name [com.epam.esm.model.entity.UserEntity] is safe
15:14:34.004 [Test worker] DEBUG org.hibernate.boot.internal.ClassLoaderAccessImpl - No temp ClassLoader provided; using live ClassLoader for loading potentially unsafe class : com.epam.esm.model.entity.UserEntity
15:14:34.014 [Test worker] DEBUG org.hibernate.boot.internal.ClassLoaderAccessImpl - Not known whether passed class name [com.epam.esm.model.entity.OrderEntity] is safe
15:14:34.014 [Test worker] DEBUG org.hibernate.boot.internal.ClassLoaderAccessImpl - No temp ClassLoader provided; using live ClassLoader for loading potentially unsafe class : com.epam.esm.model.entity.OrderEntity
15:14:34.032 [Test worker] DEBUG org.hibernate.persister.collection.AbstractCollectionPersister - Static SQL for collection: com.epam.esm.model.entity.OrderEntity.certificateEntities
15:14:34.032 [Test worker] DEBUG org.hibernate.persister.collection.AbstractCollectionPersister -  Row insert: insert into OrderEntity_CertificateEntity (OrderEntity_id, certificateEntities_id) values (?, ?)
15:14:34.032 [Test worker] DEBUG org.hibernate.persister.collection.AbstractCollectionPersister -  Row update: update OrderEntity_CertificateEntity set certificateEntities_id=? where OrderEntity_id=? and certificateEntities_id=?
15:14:34.032 [Test worker] DEBUG org.hibernate.persister.collection.AbstractCollectionPersister -  Row delete: delete from OrderEntity_CertificateEntity where OrderEntity_id=? and certificateEntities_id=?
15:14:34.032 [Test worker] DEBUG org.hibernate.persister.collection.AbstractCollectionPersister -  One-shot delete: delete from OrderEntity_CertificateEntity where OrderEntity_id=?
15:14:34.032 [Test worker] DEBUG org.hibernate.persister.collection.AbstractCollectionPersister - Static SQL for collection: com.epam.esm.model.entity.CertificateEntity.tagEntities
15:14:34.033 [Test worker] DEBUG org.hibernate.persister.collection.AbstractCollectionPersister -  Row insert: insert into CertificateEntity_TagEntity (CertificateEntity_id, tagEntities_id) values (?, ?)
15:14:34.033 [Test worker] DEBUG org.hibernate.persister.collection.AbstractCollectionPersister -  Row update: update CertificateEntity_TagEntity set tagEntities_id=? where CertificateEntity_id=? and tagEntities_id=?
15:14:34.033 [Test worker] DEBUG org.hibernate.persister.collection.AbstractCollectionPersister -  Row delete: delete from CertificateEntity_TagEntity where CertificateEntity_id=? and tagEntities_id=?
15:14:34.033 [Test worker] DEBUG org.hibernate.persister.collection.AbstractCollectionPersister -  One-shot delete: delete from CertificateEntity_TagEntity where CertificateEntity_id=?
15:14:34.033 [Test worker] DEBUG org.hibernate.persister.collection.AbstractCollectionPersister - Static SQL for collection: com.epam.esm.model.entity.UserEntity.orderEntities
15:14:34.033 [Test worker] DEBUG org.hibernate.persister.collection.AbstractCollectionPersister -  Row insert: insert into UserEntity_OrderEntity (UserEntity_id, orderEntities_id) values (?, ?)
15:14:34.033 [Test worker] DEBUG org.hibernate.persister.collection.AbstractCollectionPersister -  Row update: update UserEntity_OrderEntity set orderEntities_id=? where UserEntity_id=? and orderEntities_id=?
15:14:34.033 [Test worker] DEBUG org.hibernate.persister.collection.AbstractCollectionPersister -  Row delete: delete from UserEntity_OrderEntity where UserEntity_id=? and orderEntities_id=?
15:14:34.033 [Test worker] DEBUG org.hibernate.persister.collection.AbstractCollectionPersister -  One-shot delete: delete from UserEntity_OrderEntity where UserEntity_id=?
15:14:34.037 [Test worker] DEBUG org.hibernate.persister.entity.AbstractEntityPersister - Static SQL for entity: com.epam.esm.model.entity.CertificateEntity
15:14:34.037 [Test worker] DEBUG org.hibernate.persister.entity.AbstractEntityPersister -  Version select: select id from CertificateEntity where id =?
15:14:34.037 [Test worker] DEBUG org.hibernate.persister.entity.AbstractEntityPersister -  Snapshot select: select certificat_.id, certificat_.createDate as createda2_0_, certificat_.description as descript3_0_, certificat_.duration as duration4_0_, certificat_.lastUpdateDate as lastupda5_0_, certificat_.name as name6_0_, certificat_.price as price7_0_ from CertificateEntity certificat_ where certificat_.id=?
15:14:34.037 [Test worker] DEBUG org.hibernate.persister.entity.AbstractEntityPersister -  Insert 0: insert into CertificateEntity (createDate, description, duration, lastUpdateDate, name, price, id) values (?, ?, ?, ?, ?, ?, ?)
15:14:34.037 [Test worker] DEBUG org.hibernate.persister.entity.AbstractEntityPersister -  Update 0: update CertificateEntity set createDate=?, description=?, duration=?, lastUpdateDate=?, name=?, price=? where id=?
15:14:34.037 [Test worker] DEBUG org.hibernate.persister.entity.AbstractEntityPersister -  Delete 0: delete from CertificateEntity where id=?
15:14:34.037 [Test worker] DEBUG org.hibernate.persister.entity.AbstractEntityPersister -  Identity insert: insert into CertificateEntity (id, createDate, description, duration, lastUpdateDate, name, price) values (null, ?, ?, ?, ?, ?, ?)
15:14:34.062 [Test worker] DEBUG org.hibernate.loader.plan.build.internal.spaces.QuerySpacesImpl - Adding QuerySpace : uid = <gen:0> -> org.hibernate.loader.plan.build.internal.spaces.EntityQuerySpaceImpl@592bb40a]
15:14:34.063 [Test worker] DEBUG org.hibernate.persister.walking.spi.MetamodelGraphWalker - Visiting attribute path : createDate
15:14:34.063 [Test worker] DEBUG org.hibernate.persister.walking.spi.MetamodelGraphWalker - Visiting attribute path : description
15:14:34.063 [Test worker] DEBUG org.hibernate.persister.walking.spi.MetamodelGraphWalker - Visiting attribute path : duration
15:14:34.063 [Test worker] DEBUG org.hibernate.persister.walking.spi.MetamodelGraphWalker - Visiting attribute path : lastUpdateDate
15:14:34.063 [Test worker] DEBUG org.hibernate.persister.walking.spi.MetamodelGraphWalker - Visiting attribute path : name
15:14:34.063 [Test worker] DEBUG org.hibernate.persister.walking.spi.MetamodelGraphWalker - Visiting attribute path : price
15:14:34.063 [Test worker] DEBUG org.hibernate.persister.walking.spi.MetamodelGraphWalker - Visiting attribute path : tagEntities
15:14:34.065 [Test worker] DEBUG org.hibernate.loader.plan.build.internal.spaces.QuerySpacesImpl - Adding QuerySpace : uid = <gen:1> -> org.hibernate.loader.plan.build.internal.spaces.CollectionQuerySpaceImpl@66963cff]
15:14:34.067 [Test worker] DEBUG org.hibernate.loader.plan.build.internal.spaces.QuerySpacesImpl - Adding QuerySpace : uid = <gen:2> -> org.hibernate.loader.plan.build.internal.spaces.EntityQuerySpaceImpl@5882d631]
15:14:34.068 [Test worker] DEBUG org.hibernate.persister.walking.spi.MetamodelGraphWalker - Visiting attribute path : tagEntities.name
15:14:34.068 [Test worker] DEBUG org.hibernate.loader.plan.build.internal.FetchStyleLoadPlanBuildingAssociationVisitationStrategy - Building LoadPlan...
15:14:34.074 [Test worker] DEBUG org.hibernate.loader.plan.exec.internal.LoadQueryJoinAndFetchProcessor - processing queryspace <gen:0>
15:14:34.079 [Test worker] DEBUG org.hibernate.loader.plan.build.spi.LoadPlanTreePrinter - LoadPlan(entity=com.epam.esm.model.entity.CertificateEntity)
    - Returns
       - EntityReturnImpl(entity=com.epam.esm.model.entity.CertificateEntity, querySpaceUid=<gen:0>, path=com.epam.esm.model.entity.CertificateEntity)
          - CollectionAttributeFetchImpl(collection=com.epam.esm.model.entity.CertificateEntity.tagEntities, querySpaceUid=<gen:1>, path=com.epam.esm.model.entity.CertificateEntity.tagEntities)
             - (collection element) CollectionFetchableElementEntityGraph(entity=com.epam.esm.model.entity.TagEntity, querySpaceUid=<gen:2>, path=com.epam.esm.model.entity.CertificateEntity.tagEntities.<elements>)
    - QuerySpaces
       - EntityQuerySpaceImpl(uid=<gen:0>, entity=com.epam.esm.model.entity.CertificateEntity)
          - SQL table alias mapping - certificat0_
          - alias suffix - 0_
          - suffixed key columns - {id1_0_0_}
          - JOIN (JoinDefinedByMetadata(tagEntities)) : <gen:0> -> <gen:1>
             - CollectionQuerySpaceImpl(uid=<gen:1>, collection=com.epam.esm.model.entity.CertificateEntity.tagEntities)
                - SQL table alias mapping - tagentitie1_
                - alias suffix - 1_
                - suffixed key columns - {certific1_1_1_}
                - entity-element alias suffix - 2_
                - 2_entity-element suffixed key columns - id1_4_2_
                - JOIN (JoinDefinedByMetadata(elements)) : <gen:1> -> <gen:2>
                   - EntityQuerySpaceImpl(uid=<gen:2>, entity=com.epam.esm.model.entity.TagEntity)
                      - SQL table alias mapping - tagentity2_
                      - alias suffix - 2_
                      - suffixed key columns - {id1_4_2_}

15:14:34.080 [Test worker] DEBUG org.hibernate.loader.entity.plan.EntityLoader - Static select for entity com.epam.esm.model.entity.CertificateEntity [NONE]: select certificat0_.id as id1_0_0_, certificat0_.createDate as createda2_0_0_, certificat0_.description as descript3_0_0_, certificat0_.duration as duration4_0_0_, certificat0_.lastUpdateDate as lastupda5_0_0_, certificat0_.name as name6_0_0_, certificat0_.price as price7_0_0_, tagentitie1_.CertificateEntity_id as certific1_1_1_, tagentity2_.id as tagentit2_1_1_, tagentity2_.id as id1_4_2_, tagentity2_.name as name2_4_2_ from CertificateEntity certificat0_ left outer join CertificateEntity_TagEntity tagentitie1_ on certificat0_.id=tagentitie1_.CertificateEntity_id left outer join TagEntity tagentity2_ on tagentitie1_.tagEntities_id=tagentity2_.id where certificat0_.id=?
15:14:34.081 [Test worker] DEBUG org.hibernate.persister.entity.AbstractEntityPersister - Static SQL for entity: com.epam.esm.model.entity.TagEntity
15:14:34.081 [Test worker] DEBUG org.hibernate.persister.entity.AbstractEntityPersister -  Version select: select id from TagEntity where id =?
15:14:34.081 [Test worker] DEBUG org.hibernate.persister.entity.AbstractEntityPersister -  Snapshot select: select tagentity_.id, tagentity_.name as name2_4_ from TagEntity tagentity_ where tagentity_.id=?
15:14:34.081 [Test worker] DEBUG org.hibernate.persister.entity.AbstractEntityPersister -  Insert 0: insert into TagEntity (name, id) values (?, ?)
15:14:34.081 [Test worker] DEBUG org.hibernate.persister.entity.AbstractEntityPersister -  Update 0: update TagEntity set name=? where id=?
15:14:34.081 [Test worker] DEBUG org.hibernate.persister.entity.AbstractEntityPersister -  Delete 0: delete from TagEntity where id=?
15:14:34.081 [Test worker] DEBUG org.hibernate.persister.entity.AbstractEntityPersister -  Identity insert: insert into TagEntity (id, name) values (null, ?)
15:14:34.081 [Test worker] DEBUG org.hibernate.loader.plan.build.internal.spaces.QuerySpacesImpl - Adding QuerySpace : uid = <gen:0> -> org.hibernate.loader.plan.build.internal.spaces.EntityQuerySpaceImpl@41f344df]
15:14:34.081 [Test worker] DEBUG org.hibernate.persister.walking.spi.MetamodelGraphWalker - Visiting attribute path : name
15:14:34.081 [Test worker] DEBUG org.hibernate.loader.plan.build.internal.FetchStyleLoadPlanBuildingAssociationVisitationStrategy - Building LoadPlan...
15:14:34.081 [Test worker] DEBUG org.hibernate.loader.plan.exec.internal.LoadQueryJoinAndFetchProcessor - processing queryspace <gen:0>
15:14:34.082 [Test worker] DEBUG org.hibernate.loader.plan.build.spi.LoadPlanTreePrinter - LoadPlan(entity=com.epam.esm.model.entity.TagEntity)
    - Returns
       - EntityReturnImpl(entity=com.epam.esm.model.entity.TagEntity, querySpaceUid=<gen:0>, path=com.epam.esm.model.entity.TagEntity)
    - QuerySpaces
       - EntityQuerySpaceImpl(uid=<gen:0>, entity=com.epam.esm.model.entity.TagEntity)
          - SQL table alias mapping - tagentity0_
          - alias suffix - 0_
          - suffixed key columns - {id1_4_0_}

15:14:34.082 [Test worker] DEBUG org.hibernate.loader.entity.plan.EntityLoader - Static select for entity com.epam.esm.model.entity.TagEntity [NONE]: select tagentity0_.id as id1_4_0_, tagentity0_.name as name2_4_0_ from TagEntity tagentity0_ where tagentity0_.id=?
15:14:34.082 [Test worker] DEBUG org.hibernate.persister.entity.AbstractEntityPersister - Static SQL for entity: com.epam.esm.model.entity.UserEntity
15:14:34.082 [Test worker] DEBUG org.hibernate.persister.entity.AbstractEntityPersister -  Version select: select id from UserEntity where id =?
15:14:34.082 [Test worker] DEBUG org.hibernate.persister.entity.AbstractEntityPersister -  Snapshot select: select userentity_.id, userentity_.username as username2_5_ from UserEntity userentity_ where userentity_.id=?
15:14:34.082 [Test worker] DEBUG org.hibernate.persister.entity.AbstractEntityPersister -  Insert 0: insert into UserEntity (username, id) values (?, ?)
15:14:34.082 [Test worker] DEBUG org.hibernate.persister.entity.AbstractEntityPersister -  Update 0: update UserEntity set username=? where id=?
15:14:34.082 [Test worker] DEBUG org.hibernate.persister.entity.AbstractEntityPersister -  Delete 0: delete from UserEntity where id=?
15:14:34.082 [Test worker] DEBUG org.hibernate.persister.entity.AbstractEntityPersister -  Identity insert: insert into UserEntity (id, username) values (null, ?)
15:14:34.082 [Test worker] DEBUG org.hibernate.loader.plan.build.internal.spaces.QuerySpacesImpl - Adding QuerySpace : uid = <gen:0> -> org.hibernate.loader.plan.build.internal.spaces.EntityQuerySpaceImpl@1868f0c]
15:14:34.082 [Test worker] DEBUG org.hibernate.persister.walking.spi.MetamodelGraphWalker - Visiting attribute path : orderEntities
15:14:34.083 [Test worker] DEBUG org.hibernate.loader.plan.build.internal.spaces.QuerySpacesImpl - Adding QuerySpace : uid = <gen:1> -> org.hibernate.loader.plan.build.internal.spaces.CollectionQuerySpaceImpl@37fdcd4d]
15:14:34.083 [Test worker] DEBUG org.hibernate.loader.plan.build.internal.spaces.QuerySpacesImpl - Adding QuerySpace : uid = <gen:2> -> org.hibernate.loader.plan.build.internal.spaces.EntityQuerySpaceImpl@7b366313]
15:14:34.083 [Test worker] DEBUG org.hibernate.persister.walking.spi.MetamodelGraphWalker - Visiting attribute path : orderEntities.certificateEntities
15:14:34.083 [Test worker] DEBUG org.hibernate.loader.plan.build.internal.spaces.QuerySpacesImpl - Adding QuerySpace : uid = <gen:3> -> org.hibernate.loader.plan.build.internal.spaces.CollectionQuerySpaceImpl@66fcc64e]
15:14:34.083 [Test worker] DEBUG org.hibernate.loader.plan.build.internal.spaces.QuerySpacesImpl - Adding QuerySpace : uid = <gen:4> -> org.hibernate.loader.plan.build.internal.spaces.EntityQuerySpaceImpl@2e1a0f79]
15:14:34.083 [Test worker] DEBUG org.hibernate.persister.walking.spi.MetamodelGraphWalker - Visiting attribute path : orderEntities.certificateEntities.createDate
15:14:34.083 [Test worker] DEBUG org.hibernate.persister.walking.spi.MetamodelGraphWalker - Visiting attribute path : orderEntities.certificateEntities.description
15:14:34.083 [Test worker] DEBUG org.hibernate.persister.walking.spi.MetamodelGraphWalker - Visiting attribute path : orderEntities.certificateEntities.duration
15:14:34.083 [Test worker] DEBUG org.hibernate.persister.walking.spi.MetamodelGraphWalker - Visiting attribute path : orderEntities.certificateEntities.lastUpdateDate
15:14:34.083 [Test worker] DEBUG org.hibernate.persister.walking.spi.MetamodelGraphWalker - Visiting attribute path : orderEntities.certificateEntities.name
15:14:34.083 [Test worker] DEBUG org.hibernate.persister.walking.spi.MetamodelGraphWalker - Visiting attribute path : orderEntities.certificateEntities.price
15:14:34.083 [Test worker] DEBUG org.hibernate.persister.walking.spi.MetamodelGraphWalker - Visiting attribute path : orderEntities.certificateEntities.tagEntities
15:14:34.083 [Test worker] DEBUG org.hibernate.loader.plan.build.internal.spaces.QuerySpacesImpl - Adding QuerySpace : uid = <gen:5> -> org.hibernate.loader.plan.build.internal.spaces.CollectionQuerySpaceImpl@23e0602a]
15:14:34.084 [Test worker] DEBUG org.hibernate.loader.plan.build.internal.spaces.QuerySpacesImpl - Adding QuerySpace : uid = <gen:6> -> org.hibernate.loader.plan.build.internal.spaces.EntityQuerySpaceImpl@5d7fd2e8]
15:14:34.084 [Test worker] DEBUG org.hibernate.persister.walking.spi.MetamodelGraphWalker - Visiting attribute path : orderEntities.certificateEntities.tagEntities.name
15:14:34.084 [Test worker] DEBUG org.hibernate.persister.walking.spi.MetamodelGraphWalker - Visiting attribute path : orderEntities.purchaseDate
15:14:34.084 [Test worker] DEBUG org.hibernate.persister.walking.spi.MetamodelGraphWalker - Visiting attribute path : orderEntities.summary
15:14:34.084 [Test worker] DEBUG org.hibernate.persister.walking.spi.MetamodelGraphWalker - Visiting attribute path : username
15:14:34.084 [Test worker] DEBUG org.hibernate.loader.plan.build.internal.FetchStyleLoadPlanBuildingAssociationVisitationStrategy - Building LoadPlan...
15:14:34.084 [Test worker] DEBUG org.hibernate.loader.plan.exec.internal.LoadQueryJoinAndFetchProcessor - processing queryspace <gen:0>
15:14:34.085 [Test worker] DEBUG org.hibernate.loader.plan.build.spi.LoadPlanTreePrinter - LoadPlan(entity=com.epam.esm.model.entity.UserEntity)
    - Returns
       - EntityReturnImpl(entity=com.epam.esm.model.entity.UserEntity, querySpaceUid=<gen:0>, path=com.epam.esm.model.entity.UserEntity)
          - CollectionAttributeFetchImpl(collection=com.epam.esm.model.entity.UserEntity.orderEntities, querySpaceUid=<gen:1>, path=com.epam.esm.model.entity.UserEntity.orderEntities)
             - (collection element) CollectionFetchableElementEntityGraph(entity=com.epam.esm.model.entity.OrderEntity, querySpaceUid=<gen:2>, path=com.epam.esm.model.entity.UserEntity.orderEntities.<elements>)
                - CollectionAttributeFetchImpl(collection=com.epam.esm.model.entity.OrderEntity.certificateEntities, querySpaceUid=<gen:3>, path=com.epam.esm.model.entity.UserEntity.orderEntities.<elements>.certificateEntities)
                   - (collection element) CollectionFetchableElementEntityGraph(entity=com.epam.esm.model.entity.CertificateEntity, querySpaceUid=<gen:4>, path=com.epam.esm.model.entity.UserEntity.orderEntities.<elements>.certificateEntities.<elements>)
                      - CollectionAttributeFetchImpl(collection=com.epam.esm.model.entity.CertificateEntity.tagEntities, querySpaceUid=<gen:5>, path=com.epam.esm.model.entity.UserEntity.orderEntities.<elements>.certificateEntities.<elements>.tagEntities)
                         - (collection element) CollectionFetchableElementEntityGraph(entity=com.epam.esm.model.entity.TagEntity, querySpaceUid=<gen:6>, path=com.epam.esm.model.entity.UserEntity.orderEntities.<elements>.certificateEntities.<elements>.tagEntities.<elements>)
    - QuerySpaces
       - EntityQuerySpaceImpl(uid=<gen:0>, entity=com.epam.esm.model.entity.UserEntity)
          - SQL table alias mapping - userentity0_
          - alias suffix - 0_
          - suffixed key columns - {id1_5_0_}
          - JOIN (JoinDefinedByMetadata(orderEntities)) : <gen:0> -> <gen:1>
             - CollectionQuerySpaceImpl(uid=<gen:1>, collection=com.epam.esm.model.entity.UserEntity.orderEntities)
                - SQL table alias mapping - orderentit1_
                - alias suffix - 1_
                - suffixed key columns - {userenti1_6_1_}
                - entity-element alias suffix - 2_
                - 2_entity-element suffixed key columns - id1_2_2_
                - JOIN (JoinDefinedByMetadata(elements)) : <gen:1> -> <gen:2>
                   - EntityQuerySpaceImpl(uid=<gen:2>, entity=com.epam.esm.model.entity.OrderEntity)
                      - SQL table alias mapping - orderentit2_
                      - alias suffix - 2_
                      - suffixed key columns - {id1_2_2_}
                      - JOIN (JoinDefinedByMetadata(certificateEntities)) : <gen:2> -> <gen:3>
                         - CollectionQuerySpaceImpl(uid=<gen:3>, collection=com.epam.esm.model.entity.OrderEntity.certificateEntities)
                            - SQL table alias mapping - certificat3_
                            - alias suffix - 3_
                            - suffixed key columns - {orderent1_3_3_}
                            - entity-element alias suffix - 4_
                            - 4_entity-element suffixed key columns - id1_0_4_
                            - JOIN (JoinDefinedByMetadata(elements)) : <gen:3> -> <gen:4>
                               - EntityQuerySpaceImpl(uid=<gen:4>, entity=com.epam.esm.model.entity.CertificateEntity)
                                  - SQL table alias mapping - certificat4_
                                  - alias suffix - 4_
                                  - suffixed key columns - {id1_0_4_}
                                  - JOIN (JoinDefinedByMetadata(tagEntities)) : <gen:4> -> <gen:5>
                                     - CollectionQuerySpaceImpl(uid=<gen:5>, collection=com.epam.esm.model.entity.CertificateEntity.tagEntities)
                                        - SQL table alias mapping - tagentitie5_
                                        - alias suffix - 5_
                                        - suffixed key columns - {certific1_1_5_}
                                        - entity-element alias suffix - 6_
                                        - 6_entity-element suffixed key columns - id1_4_6_
                                        - JOIN (JoinDefinedByMetadata(elements)) : <gen:5> -> <gen:6>
                                           - EntityQuerySpaceImpl(uid=<gen:6>, entity=com.epam.esm.model.entity.TagEntity)
                                              - SQL table alias mapping - tagentity6_
                                              - alias suffix - 6_
                                              - suffixed key columns - {id1_4_6_}

15:14:34.086 [Test worker] DEBUG org.hibernate.loader.entity.plan.EntityLoader - Static select for entity com.epam.esm.model.entity.UserEntity [NONE]: select userentity0_.id as id1_5_0_, userentity0_.username as username2_5_0_, orderentit1_.UserEntity_id as userenti1_6_1_, orderentit2_.id as orderent2_6_1_, orderentit2_.id as id1_2_2_, orderentit2_.purchaseDate as purchase2_2_2_, orderentit2_.summary as summary3_2_2_, certificat3_.OrderEntity_id as orderent1_3_3_, certificat4_.id as certific2_3_3_, certificat4_.id as id1_0_4_, certificat4_.createDate as createda2_0_4_, certificat4_.description as descript3_0_4_, certificat4_.duration as duration4_0_4_, certificat4_.lastUpdateDate as lastupda5_0_4_, certificat4_.name as name6_0_4_, certificat4_.price as price7_0_4_, tagentitie5_.CertificateEntity_id as certific1_1_5_, tagentity6_.id as tagentit2_1_5_, tagentity6_.id as id1_4_6_, tagentity6_.name as name2_4_6_ from UserEntity userentity0_ left outer join UserEntity_OrderEntity orderentit1_ on userentity0_.id=orderentit1_.UserEntity_id left outer join OrderEntity orderentit2_ on orderentit1_.orderEntities_id=orderentit2_.id left outer join OrderEntity_CertificateEntity certificat3_ on orderentit2_.id=certificat3_.OrderEntity_id left outer join CertificateEntity certificat4_ on certificat3_.certificateEntities_id=certificat4_.id left outer join CertificateEntity_TagEntity tagentitie5_ on certificat4_.id=tagentitie5_.CertificateEntity_id left outer join TagEntity tagentity6_ on tagentitie5_.tagEntities_id=tagentity6_.id where userentity0_.id=?
15:14:34.086 [Test worker] DEBUG org.hibernate.persister.entity.AbstractEntityPersister - Static SQL for entity: com.epam.esm.model.entity.OrderEntity
15:14:34.086 [Test worker] DEBUG org.hibernate.persister.entity.AbstractEntityPersister -  Version select: select id from OrderEntity where id =?
15:14:34.087 [Test worker] DEBUG org.hibernate.persister.entity.AbstractEntityPersister -  Snapshot select: select orderentit_.id, orderentit_.purchaseDate as purchase2_2_, orderentit_.summary as summary3_2_ from OrderEntity orderentit_ where orderentit_.id=?
15:14:34.087 [Test worker] DEBUG org.hibernate.persister.entity.AbstractEntityPersister -  Insert 0: insert into OrderEntity (purchaseDate, summary, id) values (?, ?, ?)
15:14:34.087 [Test worker] DEBUG org.hibernate.persister.entity.AbstractEntityPersister -  Update 0: update OrderEntity set purchaseDate=?, summary=? where id=?
15:14:34.087 [Test worker] DEBUG org.hibernate.persister.entity.AbstractEntityPersister -  Delete 0: delete from OrderEntity where id=?
15:14:34.087 [Test worker] DEBUG org.hibernate.persister.entity.AbstractEntityPersister -  Identity insert: insert into OrderEntity (id, purchaseDate, summary) values (null, ?, ?)
15:14:34.087 [Test worker] DEBUG org.hibernate.loader.plan.build.internal.spaces.QuerySpacesImpl - Adding QuerySpace : uid = <gen:0> -> org.hibernate.loader.plan.build.internal.spaces.EntityQuerySpaceImpl@57c6aa92]
15:14:34.087 [Test worker] DEBUG org.hibernate.persister.walking.spi.MetamodelGraphWalker - Visiting attribute path : certificateEntities
15:14:34.087 [Test worker] DEBUG org.hibernate.loader.plan.build.internal.spaces.QuerySpacesImpl - Adding QuerySpace : uid = <gen:1> -> org.hibernate.loader.plan.build.internal.spaces.CollectionQuerySpaceImpl@2cbd7227]
15:14:34.087 [Test worker] DEBUG org.hibernate.loader.plan.build.internal.spaces.QuerySpacesImpl - Adding QuerySpace : uid = <gen:2> -> org.hibernate.loader.plan.build.internal.spaces.EntityQuerySpaceImpl@60dd7e6d]
15:14:34.087 [Test worker] DEBUG org.hibernate.persister.walking.spi.MetamodelGraphWalker - Visiting attribute path : certificateEntities.createDate
15:14:34.087 [Test worker] DEBUG org.hibernate.persister.walking.spi.MetamodelGraphWalker - Visiting attribute path : certificateEntities.description
15:14:34.087 [Test worker] DEBUG org.hibernate.persister.walking.spi.MetamodelGraphWalker - Visiting attribute path : certificateEntities.duration
15:14:34.088 [Test worker] DEBUG org.hibernate.persister.walking.spi.MetamodelGraphWalker - Visiting attribute path : certificateEntities.lastUpdateDate
15:14:34.088 [Test worker] DEBUG org.hibernate.persister.walking.spi.MetamodelGraphWalker - Visiting attribute path : certificateEntities.name
15:14:34.088 [Test worker] DEBUG org.hibernate.persister.walking.spi.MetamodelGraphWalker - Visiting attribute path : certificateEntities.price
15:14:34.088 [Test worker] DEBUG org.hibernate.persister.walking.spi.MetamodelGraphWalker - Visiting attribute path : certificateEntities.tagEntities
15:14:34.088 [Test worker] DEBUG org.hibernate.loader.plan.build.internal.spaces.QuerySpacesImpl - Adding QuerySpace : uid = <gen:3> -> org.hibernate.loader.plan.build.internal.spaces.CollectionQuerySpaceImpl@5f01b8a1]
15:14:34.088 [Test worker] DEBUG org.hibernate.loader.plan.build.internal.spaces.QuerySpacesImpl - Adding QuerySpace : uid = <gen:4> -> org.hibernate.loader.plan.build.internal.spaces.EntityQuerySpaceImpl@54249b3a]
15:14:34.088 [Test worker] DEBUG org.hibernate.persister.walking.spi.MetamodelGraphWalker - Visiting attribute path : certificateEntities.tagEntities.name
15:14:34.088 [Test worker] DEBUG org.hibernate.persister.walking.spi.MetamodelGraphWalker - Visiting attribute path : purchaseDate
15:14:34.088 [Test worker] DEBUG org.hibernate.persister.walking.spi.MetamodelGraphWalker - Visiting attribute path : summary
15:14:34.088 [Test worker] DEBUG org.hibernate.loader.plan.build.internal.FetchStyleLoadPlanBuildingAssociationVisitationStrategy - Building LoadPlan...
15:14:34.088 [Test worker] DEBUG org.hibernate.loader.plan.exec.internal.LoadQueryJoinAndFetchProcessor - processing queryspace <gen:0>
15:14:34.089 [Test worker] DEBUG org.hibernate.loader.plan.build.spi.LoadPlanTreePrinter - LoadPlan(entity=com.epam.esm.model.entity.OrderEntity)
    - Returns
       - EntityReturnImpl(entity=com.epam.esm.model.entity.OrderEntity, querySpaceUid=<gen:0>, path=com.epam.esm.model.entity.OrderEntity)
          - CollectionAttributeFetchImpl(collection=com.epam.esm.model.entity.OrderEntity.certificateEntities, querySpaceUid=<gen:1>, path=com.epam.esm.model.entity.OrderEntity.certificateEntities)
             - (collection element) CollectionFetchableElementEntityGraph(entity=com.epam.esm.model.entity.CertificateEntity, querySpaceUid=<gen:2>, path=com.epam.esm.model.entity.OrderEntity.certificateEntities.<elements>)
                - CollectionAttributeFetchImpl(collection=com.epam.esm.model.entity.CertificateEntity.tagEntities, querySpaceUid=<gen:3>, path=com.epam.esm.model.entity.OrderEntity.certificateEntities.<elements>.tagEntities)
                   - (collection element) CollectionFetchableElementEntityGraph(entity=com.epam.esm.model.entity.TagEntity, querySpaceUid=<gen:4>, path=com.epam.esm.model.entity.OrderEntity.certificateEntities.<elements>.tagEntities.<elements>)
    - QuerySpaces
       - EntityQuerySpaceImpl(uid=<gen:0>, entity=com.epam.esm.model.entity.OrderEntity)
          - SQL table alias mapping - orderentit0_
          - alias suffix - 0_
          - suffixed key columns - {id1_2_0_}
          - JOIN (JoinDefinedByMetadata(certificateEntities)) : <gen:0> -> <gen:1>
             - CollectionQuerySpaceImpl(uid=<gen:1>, collection=com.epam.esm.model.entity.OrderEntity.certificateEntities)
                - SQL table alias mapping - certificat1_
                - alias suffix - 1_
                - suffixed key columns - {orderent1_3_1_}
                - entity-element alias suffix - 2_
                - 2_entity-element suffixed key columns - id1_0_2_
                - JOIN (JoinDefinedByMetadata(elements)) : <gen:1> -> <gen:2>
                   - EntityQuerySpaceImpl(uid=<gen:2>, entity=com.epam.esm.model.entity.CertificateEntity)
                      - SQL table alias mapping - certificat2_
                      - alias suffix - 2_
                      - suffixed key columns - {id1_0_2_}
                      - JOIN (JoinDefinedByMetadata(tagEntities)) : <gen:2> -> <gen:3>
                         - CollectionQuerySpaceImpl(uid=<gen:3>, collection=com.epam.esm.model.entity.CertificateEntity.tagEntities)
                            - SQL table alias mapping - tagentitie3_
                            - alias suffix - 3_
                            - suffixed key columns - {certific1_1_3_}
                            - entity-element alias suffix - 4_
                            - 4_entity-element suffixed key columns - id1_4_4_
                            - JOIN (JoinDefinedByMetadata(elements)) : <gen:3> -> <gen:4>
                               - EntityQuerySpaceImpl(uid=<gen:4>, entity=com.epam.esm.model.entity.TagEntity)
                                  - SQL table alias mapping - tagentity4_
                                  - alias suffix - 4_
                                  - suffixed key columns - {id1_4_4_}

15:14:34.090 [Test worker] DEBUG org.hibernate.loader.entity.plan.EntityLoader - Static select for entity com.epam.esm.model.entity.OrderEntity [NONE]: select orderentit0_.id as id1_2_0_, orderentit0_.purchaseDate as purchase2_2_0_, orderentit0_.summary as summary3_2_0_, certificat1_.OrderEntity_id as orderent1_3_1_, certificat2_.id as certific2_3_1_, certificat2_.id as id1_0_2_, certificat2_.createDate as createda2_0_2_, certificat2_.description as descript3_0_2_, certificat2_.duration as duration4_0_2_, certificat2_.lastUpdateDate as lastupda5_0_2_, certificat2_.name as name6_0_2_, certificat2_.price as price7_0_2_, tagentitie3_.CertificateEntity_id as certific1_1_3_, tagentity4_.id as tagentit2_1_3_, tagentity4_.id as id1_4_4_, tagentity4_.name as name2_4_4_ from OrderEntity orderentit0_ left outer join OrderEntity_CertificateEntity certificat1_ on orderentit0_.id=certificat1_.OrderEntity_id left outer join CertificateEntity certificat2_ on certificat1_.certificateEntities_id=certificat2_.id left outer join CertificateEntity_TagEntity tagentitie3_ on certificat2_.id=tagentitie3_.CertificateEntity_id left outer join TagEntity tagentity4_ on tagentitie3_.tagEntities_id=tagentity4_.id where orderentit0_.id=?
15:14:34.093 [Test worker] DEBUG org.hibernate.loader.plan.build.internal.spaces.QuerySpacesImpl - Adding QuerySpace : uid = <gen:0> -> org.hibernate.loader.plan.build.internal.spaces.CollectionQuerySpaceImpl@29a4d5cb]
15:14:34.093 [Test worker] DEBUG org.hibernate.loader.plan.build.internal.spaces.QuerySpacesImpl - Adding QuerySpace : uid = <gen:1> -> org.hibernate.loader.plan.build.internal.spaces.EntityQuerySpaceImpl@10e1092e]
15:14:34.093 [Test worker] DEBUG org.hibernate.persister.walking.spi.MetamodelGraphWalker - Visiting attribute path : createDate
15:14:34.093 [Test worker] DEBUG org.hibernate.persister.walking.spi.MetamodelGraphWalker - Visiting attribute path : description
15:14:34.093 [Test worker] DEBUG org.hibernate.persister.walking.spi.MetamodelGraphWalker - Visiting attribute path : duration
15:14:34.093 [Test worker] DEBUG org.hibernate.persister.walking.spi.MetamodelGraphWalker - Visiting attribute path : lastUpdateDate
15:14:34.093 [Test worker] DEBUG org.hibernate.persister.walking.spi.MetamodelGraphWalker - Visiting attribute path : name
15:14:34.093 [Test worker] DEBUG org.hibernate.persister.walking.spi.MetamodelGraphWalker - Visiting attribute path : price
15:14:34.093 [Test worker] DEBUG org.hibernate.persister.walking.spi.MetamodelGraphWalker - Visiting attribute path : tagEntities
15:14:34.094 [Test worker] DEBUG org.hibernate.loader.plan.build.internal.spaces.QuerySpacesImpl - Adding QuerySpace : uid = <gen:2> -> org.hibernate.loader.plan.build.internal.spaces.CollectionQuerySpaceImpl@1c908eb7]
15:14:34.094 [Test worker] DEBUG org.hibernate.loader.plan.build.internal.spaces.QuerySpacesImpl - Adding QuerySpace : uid = <gen:3> -> org.hibernate.loader.plan.build.internal.spaces.EntityQuerySpaceImpl@4204c72]
15:14:34.094 [Test worker] DEBUG org.hibernate.loader.plan.build.internal.FetchStyleLoadPlanBuildingAssociationVisitationStrategy - Building LoadPlan...
15:14:34.095 [Test worker] DEBUG org.hibernate.loader.plan.exec.internal.LoadQueryJoinAndFetchProcessor - processing queryspace <gen:0>
15:14:34.096 [Test worker] DEBUG org.hibernate.loader.plan.build.spi.LoadPlanTreePrinter - LoadPlan(collection=com.epam.esm.model.entity.OrderEntity.certificateEntities)
    - Returns
       - CollectionReturnImpl(collection=com.epam.esm.model.entity.OrderEntity.certificateEntities, querySpaceUid=<gen:0>, path=[com.epam.esm.model.entity.OrderEntity.certificateEntities])
          - (collection element) CollectionFetchableElementEntityGraph(entity=com.epam.esm.model.entity.CertificateEntity, querySpaceUid=<gen:1>, path=[com.epam.esm.model.entity.OrderEntity.certificateEntities].<elements>)
             - CollectionAttributeFetchImpl(collection=com.epam.esm.model.entity.CertificateEntity.tagEntities, querySpaceUid=<gen:2>, path=[com.epam.esm.model.entity.OrderEntity.certificateEntities].<elements>.tagEntities)
                - (collection element) CollectionFetchableElementEntityGraph(entity=com.epam.esm.model.entity.TagEntity, querySpaceUid=<gen:3>, path=[com.epam.esm.model.entity.OrderEntity.certificateEntities].<elements>.tagEntities.<elements>)
    - QuerySpaces
       - CollectionQuerySpaceImpl(uid=<gen:0>, collection=com.epam.esm.model.entity.OrderEntity.certificateEntities)
          - SQL table alias mapping - certificat0_
          - alias suffix - 0_
          - suffixed key columns - {orderent1_3_0_}
          - entity-element alias suffix - 1_
          - 1_entity-element suffixed key columns - id1_0_1_
          - JOIN (JoinDefinedByMetadata(elements)) : <gen:0> -> <gen:1>
             - EntityQuerySpaceImpl(uid=<gen:1>, entity=com.epam.esm.model.entity.CertificateEntity)
                - SQL table alias mapping - certificat1_
                - alias suffix - 1_
                - suffixed key columns - {id1_0_1_}

15:14:34.097 [Test worker] DEBUG org.hibernate.loader.collection.plan.CollectionLoader - Static select for collection com.epam.esm.model.entity.OrderEntity.certificateEntities: select certificat0_.OrderEntity_id as orderent1_3_0_, certificat0_.certificateEntities_id as certific2_3_0_, certificat1_.id as id1_0_1_, certificat1_.createDate as createda2_0_1_, certificat1_.description as descript3_0_1_, certificat1_.duration as duration4_0_1_, certificat1_.lastUpdateDate as lastupda5_0_1_, certificat1_.name as name6_0_1_, certificat1_.price as price7_0_1_ from OrderEntity_CertificateEntity certificat0_ inner join CertificateEntity certificat1_ on certificat0_.certificateEntities_id=certificat1_.id where certificat0_.OrderEntity_id=?
15:14:34.097 [Test worker] DEBUG org.hibernate.loader.plan.build.internal.spaces.QuerySpacesImpl - Adding QuerySpace : uid = <gen:0> -> org.hibernate.loader.plan.build.internal.spaces.CollectionQuerySpaceImpl@17519030]
15:14:34.097 [Test worker] DEBUG org.hibernate.loader.plan.build.internal.spaces.QuerySpacesImpl - Adding QuerySpace : uid = <gen:1> -> org.hibernate.loader.plan.build.internal.spaces.EntityQuerySpaceImpl@46a9044f]
15:14:34.097 [Test worker] DEBUG org.hibernate.persister.walking.spi.MetamodelGraphWalker - Visiting attribute path : name
15:14:34.097 [Test worker] DEBUG org.hibernate.loader.plan.build.internal.FetchStyleLoadPlanBuildingAssociationVisitationStrategy - Building LoadPlan...
15:14:34.097 [Test worker] DEBUG org.hibernate.loader.plan.exec.internal.LoadQueryJoinAndFetchProcessor - processing queryspace <gen:0>
15:14:34.097 [Test worker] DEBUG org.hibernate.loader.plan.build.spi.LoadPlanTreePrinter - LoadPlan(collection=com.epam.esm.model.entity.CertificateEntity.tagEntities)
    - Returns
       - CollectionReturnImpl(collection=com.epam.esm.model.entity.CertificateEntity.tagEntities, querySpaceUid=<gen:0>, path=[com.epam.esm.model.entity.CertificateEntity.tagEntities])
          - (collection element) CollectionFetchableElementEntityGraph(entity=com.epam.esm.model.entity.TagEntity, querySpaceUid=<gen:1>, path=[com.epam.esm.model.entity.CertificateEntity.tagEntities].<elements>)
    - QuerySpaces
       - CollectionQuerySpaceImpl(uid=<gen:0>, collection=com.epam.esm.model.entity.CertificateEntity.tagEntities)
          - SQL table alias mapping - tagentitie0_
          - alias suffix - 0_
          - suffixed key columns - {certific1_1_0_}
          - entity-element alias suffix - 1_
          - 1_entity-element suffixed key columns - id1_4_1_
          - JOIN (JoinDefinedByMetadata(elements)) : <gen:0> -> <gen:1>
             - EntityQuerySpaceImpl(uid=<gen:1>, entity=com.epam.esm.model.entity.TagEntity)
                - SQL table alias mapping - tagentity1_
                - alias suffix - 1_
                - suffixed key columns - {id1_4_1_}

15:14:34.098 [Test worker] DEBUG org.hibernate.loader.collection.plan.CollectionLoader - Static select for collection com.epam.esm.model.entity.CertificateEntity.tagEntities: select tagentitie0_.CertificateEntity_id as certific1_1_0_, tagentitie0_.tagEntities_id as tagentit2_1_0_, tagentity1_.id as id1_4_1_, tagentity1_.name as name2_4_1_ from CertificateEntity_TagEntity tagentitie0_ inner join TagEntity tagentity1_ on tagentitie0_.tagEntities_id=tagentity1_.id where tagentitie0_.CertificateEntity_id=?
15:14:34.098 [Test worker] DEBUG org.hibernate.loader.plan.build.internal.spaces.QuerySpacesImpl - Adding QuerySpace : uid = <gen:0> -> org.hibernate.loader.plan.build.internal.spaces.CollectionQuerySpaceImpl@1e677899]
15:14:34.098 [Test worker] DEBUG org.hibernate.loader.plan.build.internal.spaces.QuerySpacesImpl - Adding QuerySpace : uid = <gen:1> -> org.hibernate.loader.plan.build.internal.spaces.EntityQuerySpaceImpl@10e28c66]
15:14:34.098 [Test worker] DEBUG org.hibernate.persister.walking.spi.MetamodelGraphWalker - Visiting attribute path : certificateEntities
15:14:34.098 [Test worker] DEBUG org.hibernate.loader.plan.build.internal.spaces.QuerySpacesImpl - Adding QuerySpace : uid = <gen:2> -> org.hibernate.loader.plan.build.internal.spaces.CollectionQuerySpaceImpl@17076b20]
15:14:34.098 [Test worker] DEBUG org.hibernate.loader.plan.build.internal.spaces.QuerySpacesImpl - Adding QuerySpace : uid = <gen:3> -> org.hibernate.loader.plan.build.internal.spaces.EntityQuerySpaceImpl@1382541a]
15:14:34.098 [Test worker] DEBUG org.hibernate.persister.walking.spi.MetamodelGraphWalker - Visiting attribute path : purchaseDate
15:14:34.098 [Test worker] DEBUG org.hibernate.persister.walking.spi.MetamodelGraphWalker - Visiting attribute path : summary
15:14:34.098 [Test worker] DEBUG org.hibernate.loader.plan.build.internal.FetchStyleLoadPlanBuildingAssociationVisitationStrategy - Building LoadPlan...
15:14:34.098 [Test worker] DEBUG org.hibernate.loader.plan.exec.internal.LoadQueryJoinAndFetchProcessor - processing queryspace <gen:0>
15:14:34.099 [Test worker] DEBUG org.hibernate.loader.plan.build.spi.LoadPlanTreePrinter - LoadPlan(collection=com.epam.esm.model.entity.UserEntity.orderEntities)
    - Returns
       - CollectionReturnImpl(collection=com.epam.esm.model.entity.UserEntity.orderEntities, querySpaceUid=<gen:0>, path=[com.epam.esm.model.entity.UserEntity.orderEntities])
          - (collection element) CollectionFetchableElementEntityGraph(entity=com.epam.esm.model.entity.OrderEntity, querySpaceUid=<gen:1>, path=[com.epam.esm.model.entity.UserEntity.orderEntities].<elements>)
             - CollectionAttributeFetchImpl(collection=com.epam.esm.model.entity.OrderEntity.certificateEntities, querySpaceUid=<gen:2>, path=[com.epam.esm.model.entity.UserEntity.orderEntities].<elements>.certificateEntities)
                - (collection element) CollectionFetchableElementEntityGraph(entity=com.epam.esm.model.entity.CertificateEntity, querySpaceUid=<gen:3>, path=[com.epam.esm.model.entity.UserEntity.orderEntities].<elements>.certificateEntities.<elements>)
    - QuerySpaces
       - CollectionQuerySpaceImpl(uid=<gen:0>, collection=com.epam.esm.model.entity.UserEntity.orderEntities)
          - SQL table alias mapping - orderentit0_
          - alias suffix - 0_
          - suffixed key columns - {userenti1_6_0_}
          - entity-element alias suffix - 1_
          - 1_entity-element suffixed key columns - id1_2_1_
          - JOIN (JoinDefinedByMetadata(elements)) : <gen:0> -> <gen:1>
             - EntityQuerySpaceImpl(uid=<gen:1>, entity=com.epam.esm.model.entity.OrderEntity)
                - SQL table alias mapping - orderentit1_
                - alias suffix - 1_
                - suffixed key columns - {id1_2_1_}

15:14:34.099 [Test worker] DEBUG org.hibernate.loader.collection.plan.CollectionLoader - Static select for collection com.epam.esm.model.entity.UserEntity.orderEntities: select orderentit0_.UserEntity_id as userenti1_6_0_, orderentit0_.orderEntities_id as orderent2_6_0_, orderentit1_.id as id1_2_1_, orderentit1_.purchaseDate as purchase2_2_1_, orderentit1_.summary as summary3_2_1_ from UserEntity_OrderEntity orderentit0_ inner join OrderEntity orderentit1_ on orderentit0_.orderEntities_id=orderentit1_.id where orderentit0_.UserEntity_id=?
15:14:34.128 [Test worker] DEBUG org.springframework.jdbc.datasource.DriverManagerDataSource - Creating new JDBC DriverManager Connection to [jdbc:h2:mem:second;DB_CLOSE_DELAY=-1]
15:14:34.165 [Test worker] DEBUG org.hibernate.SQL - create table CertificateEntity (id bigint generated by default as identity, createDate timestamp, description varchar(255), duration integer not null, lastUpdateDate timestamp, name varchar(255), price double not null, primary key (id))
Hibernate: create table CertificateEntity (id bigint generated by default as identity, createDate timestamp, description varchar(255), duration integer not null, lastUpdateDate timestamp, name varchar(255), price double not null, primary key (id))
15:14:34.173 [Test worker] DEBUG org.hibernate.SQL - create table CertificateEntity_TagEntity (CertificateEntity_id bigint not null, tagEntities_id bigint not null)
Hibernate: create table CertificateEntity_TagEntity (CertificateEntity_id bigint not null, tagEntities_id bigint not null)
15:14:34.174 [Test worker] DEBUG org.hibernate.SQL - create table OrderEntity (id bigint generated by default as identity, purchaseDate timestamp, summary double not null, primary key (id))
Hibernate: create table OrderEntity (id bigint generated by default as identity, purchaseDate timestamp, summary double not null, primary key (id))
15:14:34.175 [Test worker] DEBUG org.hibernate.SQL - create table OrderEntity_CertificateEntity (OrderEntity_id bigint not null, certificateEntities_id bigint not null)
Hibernate: create table OrderEntity_CertificateEntity (OrderEntity_id bigint not null, certificateEntities_id bigint not null)
15:14:34.176 [Test worker] DEBUG org.hibernate.SQL - create table TagEntity (id bigint generated by default as identity, name varchar(255), primary key (id))
Hibernate: create table TagEntity (id bigint generated by default as identity, name varchar(255), primary key (id))
15:14:34.177 [Test worker] DEBUG org.hibernate.SQL - create table UserEntity (id bigint generated by default as identity, username varchar(255), primary key (id))
Hibernate: create table UserEntity (id bigint generated by default as identity, username varchar(255), primary key (id))
15:14:34.179 [Test worker] DEBUG org.hibernate.SQL - create table UserEntity_OrderEntity (UserEntity_id bigint not null, orderEntities_id bigint not null)
Hibernate: create table UserEntity_OrderEntity (UserEntity_id bigint not null, orderEntities_id bigint not null)
15:14:34.180 [Test worker] DEBUG org.hibernate.SQL - alter table CertificateEntity drop constraint if exists UK_4io0jhvdc8ko9e8bkkw0n443a
Hibernate: alter table CertificateEntity drop constraint if exists UK_4io0jhvdc8ko9e8bkkw0n443a
15:14:34.180 [Test worker] DEBUG org.hibernate.SQL - alter table CertificateEntity add constraint UK_4io0jhvdc8ko9e8bkkw0n443a unique (name)
Hibernate: alter table CertificateEntity add constraint UK_4io0jhvdc8ko9e8bkkw0n443a unique (name)
15:14:34.182 [Test worker] DEBUG org.hibernate.SQL - alter table TagEntity drop constraint if exists UK_nju473xvkvj63irbn01bhcx4t
Hibernate: alter table TagEntity drop constraint if exists UK_nju473xvkvj63irbn01bhcx4t
15:14:34.183 [Test worker] DEBUG org.hibernate.SQL - alter table TagEntity add constraint UK_nju473xvkvj63irbn01bhcx4t unique (name)
Hibernate: alter table TagEntity add constraint UK_nju473xvkvj63irbn01bhcx4t unique (name)
15:14:34.183 [Test worker] DEBUG org.hibernate.SQL - alter table UserEntity_OrderEntity drop constraint if exists UK_6sdmk8f207gsxftxnqiockv16
Hibernate: alter table UserEntity_OrderEntity drop constraint if exists UK_6sdmk8f207gsxftxnqiockv16
15:14:34.184 [Test worker] DEBUG org.hibernate.SQL - alter table UserEntity_OrderEntity add constraint UK_6sdmk8f207gsxftxnqiockv16 unique (orderEntities_id)
Hibernate: alter table UserEntity_OrderEntity add constraint UK_6sdmk8f207gsxftxnqiockv16 unique (orderEntities_id)
15:14:34.184 [Test worker] DEBUG org.hibernate.SQL - alter table CertificateEntity_TagEntity add constraint FKbvum6omumgn0swmkmk4c3657e foreign key (tagEntities_id) references TagEntity
Hibernate: alter table CertificateEntity_TagEntity add constraint FKbvum6omumgn0swmkmk4c3657e foreign key (tagEntities_id) references TagEntity
15:14:34.187 [Test worker] DEBUG org.hibernate.SQL - alter table CertificateEntity_TagEntity add constraint FK5491dmfo7v0qf5q8tc8jo7t5r foreign key (CertificateEntity_id) references CertificateEntity
Hibernate: alter table CertificateEntity_TagEntity add constraint FK5491dmfo7v0qf5q8tc8jo7t5r foreign key (CertificateEntity_id) references CertificateEntity
15:14:34.189 [Test worker] DEBUG org.hibernate.SQL - alter table OrderEntity_CertificateEntity add constraint FK29lv6m2jli6oko525tfbqiykr foreign key (certificateEntities_id) references CertificateEntity
Hibernate: alter table OrderEntity_CertificateEntity add constraint FK29lv6m2jli6oko525tfbqiykr foreign key (certificateEntities_id) references CertificateEntity
15:14:34.192 [Test worker] DEBUG org.hibernate.SQL - alter table OrderEntity_CertificateEntity add constraint FKbd3ti9u2flbdqa1fb9hgwnq2o foreign key (OrderEntity_id) references OrderEntity
Hibernate: alter table OrderEntity_CertificateEntity add constraint FKbd3ti9u2flbdqa1fb9hgwnq2o foreign key (OrderEntity_id) references OrderEntity
15:14:34.194 [Test worker] DEBUG org.hibernate.SQL - alter table UserEntity_OrderEntity add constraint FKp1vfulhodxurkg8yw8bd7ip25 foreign key (orderEntities_id) references OrderEntity
Hibernate: alter table UserEntity_OrderEntity add constraint FKp1vfulhodxurkg8yw8bd7ip25 foreign key (orderEntities_id) references OrderEntity
15:14:34.197 [Test worker] DEBUG org.hibernate.SQL - alter table UserEntity_OrderEntity add constraint FKsjykgrudhedqdifpiam63jlle foreign key (UserEntity_id) references UserEntity
Hibernate: alter table UserEntity_OrderEntity add constraint FKsjykgrudhedqdifpiam63jlle foreign key (UserEntity_id) references UserEntity
15:14:34.199 [Test worker] DEBUG org.hibernate.engine.transaction.jta.platform.internal.JtaPlatformInitiator - No JtaPlatform was specified, checking resolver
15:14:34.200 [Test worker] DEBUG org.hibernate.engine.transaction.jta.platform.internal.JtaPlatformResolverInitiator - No JtaPlatformResolver was specified, using default [org.hibernate.engine.transaction.jta.platform.internal.StandardJtaPlatformResolver]
15:14:34.205 [Test worker] DEBUG org.hibernate.engine.transaction.jta.platform.internal.StandardJtaPlatformResolver - Could not resolve JtaPlatform, using default [org.hibernate.engine.transaction.jta.platform.internal.NoJtaPlatform]
15:14:34.205 [Test worker] INFO org.hibernate.engine.transaction.jta.platform.internal.JtaPlatformInitiator - HHH000490: Using JtaPlatform implementation: [org.hibernate.engine.transaction.jta.platform.internal.NoJtaPlatform]
15:14:34.205 [Test worker] DEBUG org.hibernate.query.spi.NamedQueryRepository - Checking 0 named HQL queries
15:14:34.206 [Test worker] DEBUG org.hibernate.query.spi.NamedQueryRepository - Checking 0 named SQL queries
15:14:34.211 [Test worker] DEBUG org.hibernate.internal.SessionFactoryRegistry - Initializing SessionFactoryRegistry : org.hibernate.internal.SessionFactoryRegistry@3df99a76
15:14:34.212 [Test worker] DEBUG org.hibernate.internal.SessionFactoryRegistry - Registering SessionFactory: 592fed0f-ca23-4a2f-b558-1626fca88a5b (<unnamed>)
15:14:34.212 [Test worker] DEBUG org.hibernate.internal.SessionFactoryRegistry - Not binding SessionFactory to JNDI, no JNDI name configured
15:14:34.213 [Test worker] INFO org.springframework.orm.jpa.LocalContainerEntityManagerFactoryBean - Initialized JPA EntityManagerFactory for persistence unit 'default'
15:14:34.217 [Test worker] DEBUG org.springframework.beans.factory.support.DefaultListableBeanFactory - Creating shared instance of singleton bean 'daoConfiguration'
15:14:34.220 [Test worker] DEBUG org.springframework.beans.factory.support.DefaultListableBeanFactory - Creating shared instance of singleton bean 'certificateDaoImpl'
15:14:34.222 [Test worker] DEBUG org.springframework.beans.factory.support.DefaultListableBeanFactory - Creating shared instance of singleton bean 'tagDaoImpl'
15:14:34.265 [Test worker] DEBUG org.springframework.beans.factory.support.DefaultListableBeanFactory - Autowiring by type from bean name 'certificateDaoImpl' via constructor to bean named 'tagDaoImpl'
15:14:34.270 [Test worker] DEBUG org.springframework.beans.factory.support.DefaultListableBeanFactory - Creating shared instance of singleton bean 'orderDaoImpl'
15:14:34.271 [Test worker] DEBUG org.springframework.beans.factory.support.DefaultListableBeanFactory - Autowiring by type from bean name 'orderDaoImpl' via constructor to bean named 'certificateDaoImpl'
15:14:34.275 [Test worker] DEBUG org.springframework.beans.factory.support.DefaultListableBeanFactory - Creating shared instance of singleton bean 'userDaoImpl'
15:14:34.280 [Test worker] DEBUG org.springframework.beans.factory.support.DefaultListableBeanFactory - Creating shared instance of singleton bean 'transactionManager'
15:14:34.281 [Test worker] DEBUG org.springframework.beans.factory.support.DefaultListableBeanFactory - Autowiring by type from bean name 'transactionManager' via factory method to bean named 'entityManagerFactory'
15:14:34.303 [Test worker] DEBUG org.springframework.test.context.cache.DefaultCacheAwareContextLoaderDelegate - Storing ApplicationContext [1971788613] in cache under key [[MergedContextConfiguration@b3f80a9 testClass = CertificateDaoImplTest, locations = '{}', classes = '{class com.epam.esm.configuration.DaoTestConfiguration}', contextInitializerClasses = '[]', activeProfiles = '{}', propertySourceLocations = '{}', propertySourceProperties = '{}', contextCustomizers = set[org.springframework.boot.test.autoconfigure.actuate.metrics.MetricsExportContextCustomizerFactory$DisableMetricExportContextCustomizer@1f1c04ac, org.springframework.boot.test.autoconfigure.properties.PropertyMappingContextCustomizer@0, org.springframework.boot.test.autoconfigure.web.servlet.WebDriverContextCustomizerFactory$Customizer@4a34a428, org.springframework.boot.test.context.filter.ExcludeFilterContextCustomizer@40a6b345, org.springframework.boot.test.json.DuplicateJsonObjectContextCustomizerFactory$DuplicateJsonObjectContextCustomizer@64b52109, org.springframework.boot.test.mock.mockito.MockitoContextCustomizer@0], contextLoader = 'org.springframework.test.context.support.DelegatingSmartContextLoader', parent = [null]]]
15:14:34.303 [Test worker] DEBUG org.springframework.test.context.cache - Spring test ApplicationContext cache statistics: [DefaultContextCache@74e40d22 size = 1, maxSize = 32, parentContextCount = 0, hitCount = 0, missCount = 1]
15:14:34.309 [Test worker] DEBUG org.springframework.test.context.cache.DefaultCacheAwareContextLoaderDelegate - Retrieved ApplicationContext [1971788613] from cache with key [[MergedContextConfiguration@b3f80a9 testClass = CertificateDaoImplTest, locations = '{}', classes = '{class com.epam.esm.configuration.DaoTestConfiguration}', contextInitializerClasses = '[]', activeProfiles = '{}', propertySourceLocations = '{}', propertySourceProperties = '{}', contextCustomizers = set[org.springframework.boot.test.autoconfigure.actuate.metrics.MetricsExportContextCustomizerFactory$DisableMetricExportContextCustomizer@1f1c04ac, org.springframework.boot.test.autoconfigure.properties.PropertyMappingContextCustomizer@0, org.springframework.boot.test.autoconfigure.web.servlet.WebDriverContextCustomizerFactory$Customizer@4a34a428, org.springframework.boot.test.context.filter.ExcludeFilterContextCustomizer@40a6b345, org.springframework.boot.test.json.DuplicateJsonObjectContextCustomizerFactory$DuplicateJsonObjectContextCustomizer@64b52109, org.springframework.boot.test.mock.mockito.MockitoContextCustomizer@0], contextLoader = 'org.springframework.test.context.support.DelegatingSmartContextLoader', parent = [null]]]
15:14:34.309 [Test worker] DEBUG org.springframework.test.context.cache - Spring test ApplicationContext cache statistics: [DefaultContextCache@74e40d22 size = 1, maxSize = 32, parentContextCount = 0, hitCount = 1, missCount = 1]
15:14:34.313 [Test worker] DEBUG org.springframework.test.context.support.AbstractDirtiesContextTestExecutionListener - Before test method: context [DefaultTestContext@1d733d37 testClass = CertificateDaoImplTest, testInstance = com.epam.esm.dao.impl.CertificateDaoImplTest@207b9f5b, testMethod = loadByIdTest@CertificateDaoImplTest, testException = [null], mergedContextConfiguration = [MergedContextConfiguration@b3f80a9 testClass = CertificateDaoImplTest, locations = '{}', classes = '{class com.epam.esm.configuration.DaoTestConfiguration}', contextInitializerClasses = '[]', activeProfiles = '{}', propertySourceLocations = '{}', propertySourceProperties = '{}', contextCustomizers = set[org.springframework.boot.test.autoconfigure.actuate.metrics.MetricsExportContextCustomizerFactory$DisableMetricExportContextCustomizer@1f1c04ac, org.springframework.boot.test.autoconfigure.properties.PropertyMappingContextCustomizer@0, org.springframework.boot.test.autoconfigure.web.servlet.WebDriverContextCustomizerFactory$Customizer@4a34a428, org.springframework.boot.test.context.filter.ExcludeFilterContextCustomizer@40a6b345, org.springframework.boot.test.json.DuplicateJsonObjectContextCustomizerFactory$DuplicateJsonObjectContextCustomizer@64b52109, org.springframework.boot.test.mock.mockito.MockitoContextCustomizer@0], contextLoader = 'org.springframework.test.context.support.DelegatingSmartContextLoader', parent = [null]], attributes = map['org.springframework.test.context.event.ApplicationEventsTestExecutionListener.recordApplicationEvents' -> false]], class annotated with @DirtiesContext [false] with mode [null], method annotated with @DirtiesContext [false] with mode [null].
15:14:34.316 [Test worker] DEBUG org.springframework.test.context.transaction.TransactionalTestExecutionListener - Explicit transaction definition [PROPAGATION_REQUIRED,ISOLATION_DEFAULT] found for test context [DefaultTestContext@1d733d37 testClass = CertificateDaoImplTest, testInstance = com.epam.esm.dao.impl.CertificateDaoImplTest@207b9f5b, testMethod = loadByIdTest@CertificateDaoImplTest, testException = [null], mergedContextConfiguration = [MergedContextConfiguration@b3f80a9 testClass = CertificateDaoImplTest, locations = '{}', classes = '{class com.epam.esm.configuration.DaoTestConfiguration}', contextInitializerClasses = '[]', activeProfiles = '{}', propertySourceLocations = '{}', propertySourceProperties = '{}', contextCustomizers = set[org.springframework.boot.test.autoconfigure.actuate.metrics.MetricsExportContextCustomizerFactory$DisableMetricExportContextCustomizer@1f1c04ac, org.springframework.boot.test.autoconfigure.properties.PropertyMappingContextCustomizer@0, org.springframework.boot.test.autoconfigure.web.servlet.WebDriverContextCustomizerFactory$Customizer@4a34a428, org.springframework.boot.test.context.filter.ExcludeFilterContextCustomizer@40a6b345, org.springframework.boot.test.json.DuplicateJsonObjectContextCustomizerFactory$DuplicateJsonObjectContextCustomizer@64b52109, org.springframework.boot.test.mock.mockito.MockitoContextCustomizer@0], contextLoader = 'org.springframework.test.context.support.DelegatingSmartContextLoader', parent = [null]], attributes = map['org.springframework.test.context.event.ApplicationEventsTestExecutionListener.recordApplicationEvents' -> false]]
15:14:34.316 [Test worker] DEBUG org.springframework.test.context.cache.DefaultCacheAwareContextLoaderDelegate - Retrieved ApplicationContext [1971788613] from cache with key [[MergedContextConfiguration@b3f80a9 testClass = CertificateDaoImplTest, locations = '{}', classes = '{class com.epam.esm.configuration.DaoTestConfiguration}', contextInitializerClasses = '[]', activeProfiles = '{}', propertySourceLocations = '{}', propertySourceProperties = '{}', contextCustomizers = set[org.springframework.boot.test.autoconfigure.actuate.metrics.MetricsExportContextCustomizerFactory$DisableMetricExportContextCustomizer@1f1c04ac, org.springframework.boot.test.autoconfigure.properties.PropertyMappingContextCustomizer@0, org.springframework.boot.test.autoconfigure.web.servlet.WebDriverContextCustomizerFactory$Customizer@4a34a428, org.springframework.boot.test.context.filter.ExcludeFilterContextCustomizer@40a6b345, org.springframework.boot.test.json.DuplicateJsonObjectContextCustomizerFactory$DuplicateJsonObjectContextCustomizer@64b52109, org.springframework.boot.test.mock.mockito.MockitoContextCustomizer@0], contextLoader = 'org.springframework.test.context.support.DelegatingSmartContextLoader', parent = [null]]]
15:14:34.316 [Test worker] DEBUG org.springframework.test.context.cache - Spring test ApplicationContext cache statistics: [DefaultContextCache@74e40d22 size = 1, maxSize = 32, parentContextCount = 0, hitCount = 2, missCount = 1]
15:14:34.317 [Test worker] DEBUG org.springframework.test.context.transaction.TransactionalTestExecutionListener - No method-level @Rollback override: using default rollback [true] for test context [DefaultTestContext@1d733d37 testClass = CertificateDaoImplTest, testInstance = com.epam.esm.dao.impl.CertificateDaoImplTest@207b9f5b, testMethod = loadByIdTest@CertificateDaoImplTest, testException = [null], mergedContextConfiguration = [MergedContextConfiguration@b3f80a9 testClass = CertificateDaoImplTest, locations = '{}', classes = '{class com.epam.esm.configuration.DaoTestConfiguration}', contextInitializerClasses = '[]', activeProfiles = '{}', propertySourceLocations = '{}', propertySourceProperties = '{}', contextCustomizers = set[org.springframework.boot.test.autoconfigure.actuate.metrics.MetricsExportContextCustomizerFactory$DisableMetricExportContextCustomizer@1f1c04ac, org.springframework.boot.test.autoconfigure.properties.PropertyMappingContextCustomizer@0, org.springframework.boot.test.autoconfigure.web.servlet.WebDriverContextCustomizerFactory$Customizer@4a34a428, org.springframework.boot.test.context.filter.ExcludeFilterContextCustomizer@40a6b345, org.springframework.boot.test.json.DuplicateJsonObjectContextCustomizerFactory$DuplicateJsonObjectContextCustomizer@64b52109, org.springframework.boot.test.mock.mockito.MockitoContextCustomizer@0], contextLoader = 'org.springframework.test.context.support.DelegatingSmartContextLoader', parent = [null]], attributes = map['org.springframework.test.context.event.ApplicationEventsTestExecutionListener.recordApplicationEvents' -> false]].
15:14:34.320 [Test worker] DEBUG org.springframework.orm.jpa.JpaTransactionManager - Creating new transaction with name [com.epam.esm.dao.impl.CertificateDaoImplTest.loadByIdTest]: PROPAGATION_REQUIRED,ISOLATION_DEFAULT
15:14:34.359 [Test worker] DEBUG org.hibernate.stat.internal.StatisticsInitiator - Statistics initialized [enabled=true]
15:14:34.362 [Test worker] DEBUG org.springframework.orm.jpa.JpaTransactionManager - Opened new EntityManager [SessionImpl(1216937702<open>)] for JPA transaction
15:14:34.364 [Test worker] DEBUG org.hibernate.engine.transaction.internal.TransactionImpl - On TransactionImpl creation, JpaCompliance#isJpaTransactionComplianceEnabled == false
15:14:34.364 [Test worker] DEBUG org.hibernate.engine.transaction.internal.TransactionImpl - begin
15:14:34.364 [Test worker] DEBUG org.springframework.jdbc.datasource.DriverManagerDataSource - Creating new JDBC DriverManager Connection to [jdbc:h2:mem:second;DB_CLOSE_DELAY=-1]
15:14:34.365 [Test worker] DEBUG org.springframework.orm.jpa.JpaTransactionManager - Exposing JPA transaction as JDBC [org.springframework.orm.jpa.vendor.HibernateJpaDialect$HibernateConnectionHandle@3c3df415]
15:14:34.366 [Test worker] INFO org.springframework.test.context.transaction.TransactionContext - Began transaction (1) for test context [DefaultTestContext@1d733d37 testClass = CertificateDaoImplTest, testInstance = com.epam.esm.dao.impl.CertificateDaoImplTest@207b9f5b, testMethod = loadByIdTest@CertificateDaoImplTest, testException = [null], mergedContextConfiguration = [MergedContextConfiguration@b3f80a9 testClass = CertificateDaoImplTest, locations = '{}', classes = '{class com.epam.esm.configuration.DaoTestConfiguration}', contextInitializerClasses = '[]', activeProfiles = '{}', propertySourceLocations = '{}', propertySourceProperties = '{}', contextCustomizers = set[org.springframework.boot.test.autoconfigure.actuate.metrics.MetricsExportContextCustomizerFactory$DisableMetricExportContextCustomizer@1f1c04ac, org.springframework.boot.test.autoconfigure.properties.PropertyMappingContextCustomizer@0, org.springframework.boot.test.autoconfigure.web.servlet.WebDriverContextCustomizerFactory$Customizer@4a34a428, org.springframework.boot.test.context.filter.ExcludeFilterContextCustomizer@40a6b345, org.springframework.boot.test.json.DuplicateJsonObjectContextCustomizerFactory$DuplicateJsonObjectContextCustomizer@64b52109, org.springframework.boot.test.mock.mockito.MockitoContextCustomizer@0], contextLoader = 'org.springframework.test.context.support.DelegatingSmartContextLoader', parent = [null]], attributes = map['org.springframework.test.context.event.ApplicationEventsTestExecutionListener.recordApplicationEvents' -> false]]; transaction manager [org.springframework.orm.jpa.JpaTransactionManager@6f349b27]; rollback [true]
15:14:34.371 [Test worker] DEBUG org.springframework.test.context.cache.DefaultCacheAwareContextLoaderDelegate - Retrieved ApplicationContext [1971788613] from cache with key [[MergedContextConfiguration@b3f80a9 testClass = CertificateDaoImplTest, locations = '{}', classes = '{class com.epam.esm.configuration.DaoTestConfiguration}', contextInitializerClasses = '[]', activeProfiles = '{}', propertySourceLocations = '{}', propertySourceProperties = '{}', contextCustomizers = set[org.springframework.boot.test.autoconfigure.actuate.metrics.MetricsExportContextCustomizerFactory$DisableMetricExportContextCustomizer@1f1c04ac, org.springframework.boot.test.autoconfigure.properties.PropertyMappingContextCustomizer@0, org.springframework.boot.test.autoconfigure.web.servlet.WebDriverContextCustomizerFactory$Customizer@4a34a428, org.springframework.boot.test.context.filter.ExcludeFilterContextCustomizer@40a6b345, org.springframework.boot.test.json.DuplicateJsonObjectContextCustomizerFactory$DuplicateJsonObjectContextCustomizer@64b52109, org.springframework.boot.test.mock.mockito.MockitoContextCustomizer@0], contextLoader = 'org.springframework.test.context.support.DelegatingSmartContextLoader', parent = [null]]]
15:14:34.371 [Test worker] DEBUG org.springframework.test.context.cache - Spring test ApplicationContext cache statistics: [DefaultContextCache@74e40d22 size = 1, maxSize = 32, parentContextCount = 0, hitCount = 3, missCount = 1]
15:14:34.372 [Test worker] DEBUG org.springframework.test.context.cache.DefaultCacheAwareContextLoaderDelegate - Retrieved ApplicationContext [1971788613] from cache with key [[MergedContextConfiguration@b3f80a9 testClass = CertificateDaoImplTest, locations = '{}', classes = '{class com.epam.esm.configuration.DaoTestConfiguration}', contextInitializerClasses = '[]', activeProfiles = '{}', propertySourceLocations = '{}', propertySourceProperties = '{}', contextCustomizers = set[org.springframework.boot.test.autoconfigure.actuate.metrics.MetricsExportContextCustomizerFactory$DisableMetricExportContextCustomizer@1f1c04ac, org.springframework.boot.test.autoconfigure.properties.PropertyMappingContextCustomizer@0, org.springframework.boot.test.autoconfigure.web.servlet.WebDriverContextCustomizerFactory$Customizer@4a34a428, org.springframework.boot.test.context.filter.ExcludeFilterContextCustomizer@40a6b345, org.springframework.boot.test.json.DuplicateJsonObjectContextCustomizerFactory$DuplicateJsonObjectContextCustomizer@64b52109, org.springframework.boot.test.mock.mockito.MockitoContextCustomizer@0], contextLoader = 'org.springframework.test.context.support.DelegatingSmartContextLoader', parent = [null]]]
15:14:34.372 [Test worker] DEBUG org.springframework.test.context.cache - Spring test ApplicationContext cache statistics: [DefaultContextCache@74e40d22 size = 1, maxSize = 32, parentContextCount = 0, hitCount = 4, missCount = 1]
15:14:34.496 [Test worker] DEBUG org.springframework.test.context.cache.DefaultCacheAwareContextLoaderDelegate - Retrieved ApplicationContext [1971788613] from cache with key [[MergedContextConfiguration@b3f80a9 testClass = CertificateDaoImplTest, locations = '{}', classes = '{class com.epam.esm.configuration.DaoTestConfiguration}', contextInitializerClasses = '[]', activeProfiles = '{}', propertySourceLocations = '{}', propertySourceProperties = '{}', contextCustomizers = set[org.springframework.boot.test.autoconfigure.actuate.metrics.MetricsExportContextCustomizerFactory$DisableMetricExportContextCustomizer@1f1c04ac, org.springframework.boot.test.autoconfigure.properties.PropertyMappingContextCustomizer@0, org.springframework.boot.test.autoconfigure.web.servlet.WebDriverContextCustomizerFactory$Customizer@4a34a428, org.springframework.boot.test.context.filter.ExcludeFilterContextCustomizer@40a6b345, org.springframework.boot.test.json.DuplicateJsonObjectContextCustomizerFactory$DuplicateJsonObjectContextCustomizer@64b52109, org.springframework.boot.test.mock.mockito.MockitoContextCustomizer@0], contextLoader = 'org.springframework.test.context.support.DelegatingSmartContextLoader', parent = [null]]]
15:14:34.496 [Test worker] DEBUG org.springframework.test.context.cache - Spring test ApplicationContext cache statistics: [DefaultContextCache@74e40d22 size = 1, maxSize = 32, parentContextCount = 0, hitCount = 5, missCount = 1]
15:14:34.515 [Test worker] DEBUG org.hibernate.engine.spi.ActionQueue - Executing identity-insert immediately
15:14:34.517 [Test worker] DEBUG org.hibernate.SQL - insert into CertificateEntity (id, createDate, description, duration, lastUpdateDate, name, price) values (null, ?, ?, ?, ?, ?, ?)
Hibernate: insert into CertificateEntity (id, createDate, description, duration, lastUpdateDate, name, price) values (null, ?, ?, ?, ?, ?, ?)
15:14:34.522 [Test worker] DEBUG org.hibernate.id.IdentifierGeneratorHelper - Natively generated identity: 1
15:14:34.522 [Test worker] DEBUG org.hibernate.resource.jdbc.internal.ResourceRegistryStandardImpl - HHH000387: ResultSet's statement was not registered
15:14:34.527 [Test worker] DEBUG org.springframework.orm.jpa.JpaTransactionManager - Found thread-bound EntityManager [SessionImpl(1216937702<open>)] for JPA transaction
15:14:34.528 [Test worker] DEBUG org.springframework.orm.jpa.JpaTransactionManager - Participating in existing transaction
15:14:34.532 [Test worker] DEBUG org.hibernate.event.internal.EvictVisitor - Evicting collection: [<unreferenced>]
15:14:35.589 [Test worker] DEBUG org.springframework.test.context.cache.DefaultCacheAwareContextLoaderDelegate - Retrieved ApplicationContext [1971788613] from cache with key [[MergedContextConfiguration@b3f80a9 testClass = CertificateDaoImplTest, locations = '{}', classes = '{class com.epam.esm.configuration.DaoTestConfiguration}', contextInitializerClasses = '[]', activeProfiles = '{}', propertySourceLocations = '{}', propertySourceProperties = '{}', contextCustomizers = set[org.springframework.boot.test.autoconfigure.actuate.metrics.MetricsExportContextCustomizerFactory$DisableMetricExportContextCustomizer@1f1c04ac, org.springframework.boot.test.autoconfigure.properties.PropertyMappingContextCustomizer@0, org.springframework.boot.test.autoconfigure.web.servlet.WebDriverContextCustomizerFactory$Customizer@4a34a428, org.springframework.boot.test.context.filter.ExcludeFilterContextCustomizer@40a6b345, org.springframework.boot.test.json.DuplicateJsonObjectContextCustomizerFactory$DuplicateJsonObjectContextCustomizer@64b52109, org.springframework.boot.test.mock.mockito.MockitoContextCustomizer@0], contextLoader = 'org.springframework.test.context.support.DelegatingSmartContextLoader', parent = [null]]]
15:14:35.590 [Test worker] DEBUG org.springframework.test.context.cache - Spring test ApplicationContext cache statistics: [DefaultContextCache@74e40d22 size = 1, maxSize = 32, parentContextCount = 0, hitCount = 6, missCount = 1]
15:14:35.593 [Test worker] DEBUG org.springframework.test.context.cache.DefaultCacheAwareContextLoaderDelegate - Retrieved ApplicationContext [1971788613] from cache with key [[MergedContextConfiguration@b3f80a9 testClass = CertificateDaoImplTest, locations = '{}', classes = '{class com.epam.esm.configuration.DaoTestConfiguration}', contextInitializerClasses = '[]', activeProfiles = '{}', propertySourceLocations = '{}', propertySourceProperties = '{}', contextCustomizers = set[org.springframework.boot.test.autoconfigure.actuate.metrics.MetricsExportContextCustomizerFactory$DisableMetricExportContextCustomizer@1f1c04ac, org.springframework.boot.test.autoconfigure.properties.PropertyMappingContextCustomizer@0, org.springframework.boot.test.autoconfigure.web.servlet.WebDriverContextCustomizerFactory$Customizer@4a34a428, org.springframework.boot.test.context.filter.ExcludeFilterContextCustomizer@40a6b345, org.springframework.boot.test.json.DuplicateJsonObjectContextCustomizerFactory$DuplicateJsonObjectContextCustomizer@64b52109, org.springframework.boot.test.mock.mockito.MockitoContextCustomizer@0], contextLoader = 'org.springframework.test.context.support.DelegatingSmartContextLoader', parent = [null]]]
15:14:35.593 [Test worker] DEBUG org.springframework.test.context.cache - Spring test ApplicationContext cache statistics: [DefaultContextCache@74e40d22 size = 1, maxSize = 32, parentContextCount = 0, hitCount = 7, missCount = 1]
15:14:35.594 [Test worker] DEBUG org.springframework.test.context.cache.DefaultCacheAwareContextLoaderDelegate - Retrieved ApplicationContext [1971788613] from cache with key [[MergedContextConfiguration@b3f80a9 testClass = CertificateDaoImplTest, locations = '{}', classes = '{class com.epam.esm.configuration.DaoTestConfiguration}', contextInitializerClasses = '[]', activeProfiles = '{}', propertySourceLocations = '{}', propertySourceProperties = '{}', contextCustomizers = set[org.springframework.boot.test.autoconfigure.actuate.metrics.MetricsExportContextCustomizerFactory$DisableMetricExportContextCustomizer@1f1c04ac, org.springframework.boot.test.autoconfigure.properties.PropertyMappingContextCustomizer@0, org.springframework.boot.test.autoconfigure.web.servlet.WebDriverContextCustomizerFactory$Customizer@4a34a428, org.springframework.boot.test.context.filter.ExcludeFilterContextCustomizer@40a6b345, org.springframework.boot.test.json.DuplicateJsonObjectContextCustomizerFactory$DuplicateJsonObjectContextCustomizer@64b52109, org.springframework.boot.test.mock.mockito.MockitoContextCustomizer@0], contextLoader = 'org.springframework.test.context.support.DelegatingSmartContextLoader', parent = [null]]]
15:14:35.595 [Test worker] DEBUG org.springframework.test.context.cache - Spring test ApplicationContext cache statistics: [DefaultContextCache@74e40d22 size = 1, maxSize = 32, parentContextCount = 0, hitCount = 8, missCount = 1]
15:14:35.595 [Test worker] DEBUG org.springframework.test.context.cache.DefaultCacheAwareContextLoaderDelegate - Retrieved ApplicationContext [1971788613] from cache with key [[MergedContextConfiguration@b3f80a9 testClass = CertificateDaoImplTest, locations = '{}', classes = '{class com.epam.esm.configuration.DaoTestConfiguration}', contextInitializerClasses = '[]', activeProfiles = '{}', propertySourceLocations = '{}', propertySourceProperties = '{}', contextCustomizers = set[org.springframework.boot.test.autoconfigure.actuate.metrics.MetricsExportContextCustomizerFactory$DisableMetricExportContextCustomizer@1f1c04ac, org.springframework.boot.test.autoconfigure.properties.PropertyMappingContextCustomizer@0, org.springframework.boot.test.autoconfigure.web.servlet.WebDriverContextCustomizerFactory$Customizer@4a34a428, org.springframework.boot.test.context.filter.ExcludeFilterContextCustomizer@40a6b345, org.springframework.boot.test.json.DuplicateJsonObjectContextCustomizerFactory$DuplicateJsonObjectContextCustomizer@64b52109, org.springframework.boot.test.mock.mockito.MockitoContextCustomizer@0], contextLoader = 'org.springframework.test.context.support.DelegatingSmartContextLoader', parent = [null]]]
15:14:35.596 [Test worker] DEBUG org.springframework.test.context.cache - Spring test ApplicationContext cache statistics: [DefaultContextCache@74e40d22 size = 1, maxSize = 32, parentContextCount = 0, hitCount = 9, missCount = 1]
15:14:35.598 [Test worker] DEBUG org.springframework.test.context.cache.DefaultCacheAwareContextLoaderDelegate - Retrieved ApplicationContext [1971788613] from cache with key [[MergedContextConfiguration@b3f80a9 testClass = CertificateDaoImplTest, locations = '{}', classes = '{class com.epam.esm.configuration.DaoTestConfiguration}', contextInitializerClasses = '[]', activeProfiles = '{}', propertySourceLocations = '{}', propertySourceProperties = '{}', contextCustomizers = set[org.springframework.boot.test.autoconfigure.actuate.metrics.MetricsExportContextCustomizerFactory$DisableMetricExportContextCustomizer@1f1c04ac, org.springframework.boot.test.autoconfigure.properties.PropertyMappingContextCustomizer@0, org.springframework.boot.test.autoconfigure.web.servlet.WebDriverContextCustomizerFactory$Customizer@4a34a428, org.springframework.boot.test.context.filter.ExcludeFilterContextCustomizer@40a6b345, org.springframework.boot.test.json.DuplicateJsonObjectContextCustomizerFactory$DuplicateJsonObjectContextCustomizer@64b52109, org.springframework.boot.test.mock.mockito.MockitoContextCustomizer@0], contextLoader = 'org.springframework.test.context.support.DelegatingSmartContextLoader', parent = [null]]]
15:14:35.598 [Test worker] DEBUG org.springframework.test.context.cache - Spring test ApplicationContext cache statistics: [DefaultContextCache@74e40d22 size = 1, maxSize = 32, parentContextCount = 0, hitCount = 10, missCount = 1]
15:14:35.602 [Test worker] DEBUG org.springframework.test.context.cache.DefaultCacheAwareContextLoaderDelegate - Retrieved ApplicationContext [1971788613] from cache with key [[MergedContextConfiguration@b3f80a9 testClass = CertificateDaoImplTest, locations = '{}', classes = '{class com.epam.esm.configuration.DaoTestConfiguration}', contextInitializerClasses = '[]', activeProfiles = '{}', propertySourceLocations = '{}', propertySourceProperties = '{}', contextCustomizers = set[org.springframework.boot.test.autoconfigure.actuate.metrics.MetricsExportContextCustomizerFactory$DisableMetricExportContextCustomizer@1f1c04ac, org.springframework.boot.test.autoconfigure.properties.PropertyMappingContextCustomizer@0, org.springframework.boot.test.autoconfigure.web.servlet.WebDriverContextCustomizerFactory$Customizer@4a34a428, org.springframework.boot.test.context.filter.ExcludeFilterContextCustomizer@40a6b345, org.springframework.boot.test.json.DuplicateJsonObjectContextCustomizerFactory$DuplicateJsonObjectContextCustomizer@64b52109, org.springframework.boot.test.mock.mockito.MockitoContextCustomizer@0], contextLoader = 'org.springframework.test.context.support.DelegatingSmartContextLoader', parent = [null]]]
15:14:35.602 [Test worker] DEBUG org.springframework.test.context.cache - Spring test ApplicationContext cache statistics: [DefaultContextCache@74e40d22 size = 1, maxSize = 32, parentContextCount = 0, hitCount = 11, missCount = 1]
15:14:35.604 [Test worker] DEBUG org.springframework.orm.jpa.JpaTransactionManager - Initiating transaction rollback
15:14:35.604 [Test worker] DEBUG org.springframework.orm.jpa.JpaTransactionManager - Rolling back JPA transaction on EntityManager [SessionImpl(1216937702<open>)]
15:14:35.604 [Test worker] DEBUG org.hibernate.engine.transaction.internal.TransactionImpl - rolling back
15:14:35.615 [Test worker] DEBUG org.springframework.orm.jpa.JpaTransactionManager - Closing JPA EntityManager [SessionImpl(1216937702<open>)] after transaction
15:14:35.616 [Test worker] INFO org.hibernate.engine.internal.StatisticalLoggingSessionEventListener - Session Metrics {
    589099 nanoseconds spent acquiring 1 JDBC connections;
    0 nanoseconds spent releasing 0 JDBC connections;
    533343 nanoseconds spent preparing 1 JDBC statements;
    1583783 nanoseconds spent executing 1 JDBC statements;
    0 nanoseconds spent executing 0 JDBC batches;
    0 nanoseconds spent performing 0 L2C puts;
    0 nanoseconds spent performing 0 L2C hits;
    0 nanoseconds spent performing 0 L2C misses;
    0 nanoseconds spent executing 0 flushes (flushing a total of 0 entities and 0 collections);
    0 nanoseconds spent executing 0 partial-flushes (flushing a total of 0 entities and 0 collections)
}
15:14:35.617 [Test worker] INFO org.springframework.test.context.transaction.TransactionContext - Rolled back transaction for test: [DefaultTestContext@1d733d37 testClass = CertificateDaoImplTest, testInstance = com.epam.esm.dao.impl.CertificateDaoImplTest@207b9f5b, testMethod = loadByIdTest@CertificateDaoImplTest, testException = [null], mergedContextConfiguration = [MergedContextConfiguration@b3f80a9 testClass = CertificateDaoImplTest, locations = '{}', classes = '{class com.epam.esm.configuration.DaoTestConfiguration}', contextInitializerClasses = '[]', activeProfiles = '{}', propertySourceLocations = '{}', propertySourceProperties = '{}', contextCustomizers = set[org.springframework.boot.test.autoconfigure.actuate.metrics.MetricsExportContextCustomizerFactory$DisableMetricExportContextCustomizer@1f1c04ac, org.springframework.boot.test.autoconfigure.properties.PropertyMappingContextCustomizer@0, org.springframework.boot.test.autoconfigure.web.servlet.WebDriverContextCustomizerFactory$Customizer@4a34a428, org.springframework.boot.test.context.filter.ExcludeFilterContextCustomizer@40a6b345, org.springframework.boot.test.json.DuplicateJsonObjectContextCustomizerFactory$DuplicateJsonObjectContextCustomizer@64b52109, org.springframework.boot.test.mock.mockito.MockitoContextCustomizer@0], contextLoader = 'org.springframework.test.context.support.DelegatingSmartContextLoader', parent = [null]], attributes = map['org.springframework.test.context.event.ApplicationEventsTestExecutionListener.recordApplicationEvents' -> false]]
15:14:35.618 [Test worker] DEBUG org.springframework.test.context.support.AbstractDirtiesContextTestExecutionListener - After test method: context [DefaultTestContext@1d733d37 testClass = CertificateDaoImplTest, testInstance = com.epam.esm.dao.impl.CertificateDaoImplTest@207b9f5b, testMethod = loadByIdTest@CertificateDaoImplTest, testException = [null], mergedContextConfiguration = [MergedContextConfiguration@b3f80a9 testClass = CertificateDaoImplTest, locations = '{}', classes = '{class com.epam.esm.configuration.DaoTestConfiguration}', contextInitializerClasses = '[]', activeProfiles = '{}', propertySourceLocations = '{}', propertySourceProperties = '{}', contextCustomizers = set[org.springframework.boot.test.autoconfigure.actuate.metrics.MetricsExportContextCustomizerFactory$DisableMetricExportContextCustomizer@1f1c04ac, org.springframework.boot.test.autoconfigure.properties.PropertyMappingContextCustomizer@0, org.springframework.boot.test.autoconfigure.web.servlet.WebDriverContextCustomizerFactory$Customizer@4a34a428, org.springframework.boot.test.context.filter.ExcludeFilterContextCustomizer@40a6b345, org.springframework.boot.test.json.DuplicateJsonObjectContextCustomizerFactory$DuplicateJsonObjectContextCustomizer@64b52109, org.springframework.boot.test.mock.mockito.MockitoContextCustomizer@0], contextLoader = 'org.springframework.test.context.support.DelegatingSmartContextLoader', parent = [null]], attributes = map['org.springframework.test.context.event.ApplicationEventsTestExecutionListener.recordApplicationEvents' -> false]], class annotated with @DirtiesContext [false] with mode [null], method annotated with @DirtiesContext [false] with mode [null].
15:14:35.628 [Test worker] DEBUG org.springframework.test.context.support.DependencyInjectionTestExecutionListener - Performing dependency injection for test context [[DefaultTestContext@1d733d37 testClass = CertificateDaoImplTest, testInstance = com.epam.esm.dao.impl.CertificateDaoImplTest@f1c233b, testMethod = [null], testException = [null], mergedContextConfiguration = [MergedContextConfiguration@b3f80a9 testClass = CertificateDaoImplTest, locations = '{}', classes = '{class com.epam.esm.configuration.DaoTestConfiguration}', contextInitializerClasses = '[]', activeProfiles = '{}', propertySourceLocations = '{}', propertySourceProperties = '{}', contextCustomizers = set[org.springframework.boot.test.autoconfigure.actuate.metrics.MetricsExportContextCustomizerFactory$DisableMetricExportContextCustomizer@1f1c04ac, org.springframework.boot.test.autoconfigure.properties.PropertyMappingContextCustomizer@0, org.springframework.boot.test.autoconfigure.web.servlet.WebDriverContextCustomizerFactory$Customizer@4a34a428, org.springframework.boot.test.context.filter.ExcludeFilterContextCustomizer@40a6b345, org.springframework.boot.test.json.DuplicateJsonObjectContextCustomizerFactory$DuplicateJsonObjectContextCustomizer@64b52109, org.springframework.boot.test.mock.mockito.MockitoContextCustomizer@0], contextLoader = 'org.springframework.test.context.support.DelegatingSmartContextLoader', parent = [null]], attributes = map['org.springframework.test.context.event.ApplicationEventsTestExecutionListener.recordApplicationEvents' -> false]]].
15:14:35.628 [Test worker] DEBUG org.springframework.test.context.cache.DefaultCacheAwareContextLoaderDelegate - Retrieved ApplicationContext [1971788613] from cache with key [[MergedContextConfiguration@b3f80a9 testClass = CertificateDaoImplTest, locations = '{}', classes = '{class com.epam.esm.configuration.DaoTestConfiguration}', contextInitializerClasses = '[]', activeProfiles = '{}', propertySourceLocations = '{}', propertySourceProperties = '{}', contextCustomizers = set[org.springframework.boot.test.autoconfigure.actuate.metrics.MetricsExportContextCustomizerFactory$DisableMetricExportContextCustomizer@1f1c04ac, org.springframework.boot.test.autoconfigure.properties.PropertyMappingContextCustomizer@0, org.springframework.boot.test.autoconfigure.web.servlet.WebDriverContextCustomizerFactory$Customizer@4a34a428, org.springframework.boot.test.context.filter.ExcludeFilterContextCustomizer@40a6b345, org.springframework.boot.test.json.DuplicateJsonObjectContextCustomizerFactory$DuplicateJsonObjectContextCustomizer@64b52109, org.springframework.boot.test.mock.mockito.MockitoContextCustomizer@0], contextLoader = 'org.springframework.test.context.support.DelegatingSmartContextLoader', parent = [null]]]
15:14:35.628 [Test worker] DEBUG org.springframework.test.context.cache - Spring test ApplicationContext cache statistics: [DefaultContextCache@74e40d22 size = 1, maxSize = 32, parentContextCount = 0, hitCount = 12, missCount = 1]
15:14:35.629 [Test worker] DEBUG org.springframework.test.context.cache.DefaultCacheAwareContextLoaderDelegate - Retrieved ApplicationContext [1971788613] from cache with key [[MergedContextConfiguration@b3f80a9 testClass = CertificateDaoImplTest, locations = '{}', classes = '{class com.epam.esm.configuration.DaoTestConfiguration}', contextInitializerClasses = '[]', activeProfiles = '{}', propertySourceLocations = '{}', propertySourceProperties = '{}', contextCustomizers = set[org.springframework.boot.test.autoconfigure.actuate.metrics.MetricsExportContextCustomizerFactory$DisableMetricExportContextCustomizer@1f1c04ac, org.springframework.boot.test.autoconfigure.properties.PropertyMappingContextCustomizer@0, org.springframework.boot.test.autoconfigure.web.servlet.WebDriverContextCustomizerFactory$Customizer@4a34a428, org.springframework.boot.test.context.filter.ExcludeFilterContextCustomizer@40a6b345, org.springframework.boot.test.json.DuplicateJsonObjectContextCustomizerFactory$DuplicateJsonObjectContextCustomizer@64b52109, org.springframework.boot.test.mock.mockito.MockitoContextCustomizer@0], contextLoader = 'org.springframework.test.context.support.DelegatingSmartContextLoader', parent = [null]]]
15:14:35.629 [Test worker] DEBUG org.springframework.test.context.cache - Spring test ApplicationContext cache statistics: [DefaultContextCache@74e40d22 size = 1, maxSize = 32, parentContextCount = 0, hitCount = 13, missCount = 1]
15:14:35.630 [Test worker] DEBUG org.springframework.test.context.support.AbstractDirtiesContextTestExecutionListener - Before test method: context [DefaultTestContext@1d733d37 testClass = CertificateDaoImplTest, testInstance = com.epam.esm.dao.impl.CertificateDaoImplTest@f1c233b, testMethod = loadAllTest@CertificateDaoImplTest, testException = [null], mergedContextConfiguration = [MergedContextConfiguration@b3f80a9 testClass = CertificateDaoImplTest, locations = '{}', classes = '{class com.epam.esm.configuration.DaoTestConfiguration}', contextInitializerClasses = '[]', activeProfiles = '{}', propertySourceLocations = '{}', propertySourceProperties = '{}', contextCustomizers = set[org.springframework.boot.test.autoconfigure.actuate.metrics.MetricsExportContextCustomizerFactory$DisableMetricExportContextCustomizer@1f1c04ac, org.springframework.boot.test.autoconfigure.properties.PropertyMappingContextCustomizer@0, org.springframework.boot.test.autoconfigure.web.servlet.WebDriverContextCustomizerFactory$Customizer@4a34a428, org.springframework.boot.test.context.filter.ExcludeFilterContextCustomizer@40a6b345, org.springframework.boot.test.json.DuplicateJsonObjectContextCustomizerFactory$DuplicateJsonObjectContextCustomizer@64b52109, org.springframework.boot.test.mock.mockito.MockitoContextCustomizer@0], contextLoader = 'org.springframework.test.context.support.DelegatingSmartContextLoader', parent = [null]], attributes = map['org.springframework.test.context.event.ApplicationEventsTestExecutionListener.recordApplicationEvents' -> false]], class annotated with @DirtiesContext [false] with mode [null], method annotated with @DirtiesContext [false] with mode [null].
15:14:35.630 [Test worker] DEBUG org.springframework.test.context.transaction.TransactionalTestExecutionListener - Explicit transaction definition [PROPAGATION_REQUIRED,ISOLATION_DEFAULT] found for test context [DefaultTestContext@1d733d37 testClass = CertificateDaoImplTest, testInstance = com.epam.esm.dao.impl.CertificateDaoImplTest@f1c233b, testMethod = loadAllTest@CertificateDaoImplTest, testException = [null], mergedContextConfiguration = [MergedContextConfiguration@b3f80a9 testClass = CertificateDaoImplTest, locations = '{}', classes = '{class com.epam.esm.configuration.DaoTestConfiguration}', contextInitializerClasses = '[]', activeProfiles = '{}', propertySourceLocations = '{}', propertySourceProperties = '{}', contextCustomizers = set[org.springframework.boot.test.autoconfigure.actuate.metrics.MetricsExportContextCustomizerFactory$DisableMetricExportContextCustomizer@1f1c04ac, org.springframework.boot.test.autoconfigure.properties.PropertyMappingContextCustomizer@0, org.springframework.boot.test.autoconfigure.web.servlet.WebDriverContextCustomizerFactory$Customizer@4a34a428, org.springframework.boot.test.context.filter.ExcludeFilterContextCustomizer@40a6b345, org.springframework.boot.test.json.DuplicateJsonObjectContextCustomizerFactory$DuplicateJsonObjectContextCustomizer@64b52109, org.springframework.boot.test.mock.mockito.MockitoContextCustomizer@0], contextLoader = 'org.springframework.test.context.support.DelegatingSmartContextLoader', parent = [null]], attributes = map['org.springframework.test.context.event.ApplicationEventsTestExecutionListener.recordApplicationEvents' -> false]]
15:14:35.631 [Test worker] DEBUG org.springframework.test.context.cache.DefaultCacheAwareContextLoaderDelegate - Retrieved ApplicationContext [1971788613] from cache with key [[MergedContextConfiguration@b3f80a9 testClass = CertificateDaoImplTest, locations = '{}', classes = '{class com.epam.esm.configuration.DaoTestConfiguration}', contextInitializerClasses = '[]', activeProfiles = '{}', propertySourceLocations = '{}', propertySourceProperties = '{}', contextCustomizers = set[org.springframework.boot.test.autoconfigure.actuate.metrics.MetricsExportContextCustomizerFactory$DisableMetricExportContextCustomizer@1f1c04ac, org.springframework.boot.test.autoconfigure.properties.PropertyMappingContextCustomizer@0, org.springframework.boot.test.autoconfigure.web.servlet.WebDriverContextCustomizerFactory$Customizer@4a34a428, org.springframework.boot.test.context.filter.ExcludeFilterContextCustomizer@40a6b345, org.springframework.boot.test.json.DuplicateJsonObjectContextCustomizerFactory$DuplicateJsonObjectContextCustomizer@64b52109, org.springframework.boot.test.mock.mockito.MockitoContextCustomizer@0], contextLoader = 'org.springframework.test.context.support.DelegatingSmartContextLoader', parent = [null]]]
15:14:35.631 [Test worker] DEBUG org.springframework.test.context.cache - Spring test ApplicationContext cache statistics: [DefaultContextCache@74e40d22 size = 1, maxSize = 32, parentContextCount = 0, hitCount = 14, missCount = 1]
15:14:35.631 [Test worker] DEBUG org.springframework.test.context.transaction.TransactionalTestExecutionListener - No method-level @Rollback override: using default rollback [true] for test context [DefaultTestContext@1d733d37 testClass = CertificateDaoImplTest, testInstance = com.epam.esm.dao.impl.CertificateDaoImplTest@f1c233b, testMethod = loadAllTest@CertificateDaoImplTest, testException = [null], mergedContextConfiguration = [MergedContextConfiguration@b3f80a9 testClass = CertificateDaoImplTest, locations = '{}', classes = '{class com.epam.esm.configuration.DaoTestConfiguration}', contextInitializerClasses = '[]', activeProfiles = '{}', propertySourceLocations = '{}', propertySourceProperties = '{}', contextCustomizers = set[org.springframework.boot.test.autoconfigure.actuate.metrics.MetricsExportContextCustomizerFactory$DisableMetricExportContextCustomizer@1f1c04ac, org.springframework.boot.test.autoconfigure.properties.PropertyMappingContextCustomizer@0, org.springframework.boot.test.autoconfigure.web.servlet.WebDriverContextCustomizerFactory$Customizer@4a34a428, org.springframework.boot.test.context.filter.ExcludeFilterContextCustomizer@40a6b345, org.springframework.boot.test.json.DuplicateJsonObjectContextCustomizerFactory$DuplicateJsonObjectContextCustomizer@64b52109, org.springframework.boot.test.mock.mockito.MockitoContextCustomizer@0], contextLoader = 'org.springframework.test.context.support.DelegatingSmartContextLoader', parent = [null]], attributes = map['org.springframework.test.context.event.ApplicationEventsTestExecutionListener.recordApplicationEvents' -> false]].
15:14:35.631 [Test worker] DEBUG org.springframework.orm.jpa.JpaTransactionManager - Creating new transaction with name [com.epam.esm.dao.impl.CertificateDaoImplTest.loadAllTest]: PROPAGATION_REQUIRED,ISOLATION_DEFAULT
15:14:35.631 [Test worker] DEBUG org.springframework.orm.jpa.JpaTransactionManager - Opened new EntityManager [SessionImpl(1563689337<open>)] for JPA transaction
15:14:35.631 [Test worker] DEBUG org.hibernate.engine.transaction.internal.TransactionImpl - On TransactionImpl creation, JpaCompliance#isJpaTransactionComplianceEnabled == false
15:14:35.631 [Test worker] DEBUG org.hibernate.engine.transaction.internal.TransactionImpl - begin
15:14:35.632 [Test worker] DEBUG org.springframework.jdbc.datasource.DriverManagerDataSource - Creating new JDBC DriverManager Connection to [jdbc:h2:mem:second;DB_CLOSE_DELAY=-1]
15:14:35.632 [Test worker] DEBUG org.springframework.orm.jpa.JpaTransactionManager - Exposing JPA transaction as JDBC [org.springframework.orm.jpa.vendor.HibernateJpaDialect$HibernateConnectionHandle@2b28491c]
15:14:35.632 [Test worker] INFO org.springframework.test.context.transaction.TransactionContext - Began transaction (1) for test context [DefaultTestContext@1d733d37 testClass = CertificateDaoImplTest, testInstance = com.epam.esm.dao.impl.CertificateDaoImplTest@f1c233b, testMethod = loadAllTest@CertificateDaoImplTest, testException = [null], mergedContextConfiguration = [MergedContextConfiguration@b3f80a9 testClass = CertificateDaoImplTest, locations = '{}', classes = '{class com.epam.esm.configuration.DaoTestConfiguration}', contextInitializerClasses = '[]', activeProfiles = '{}', propertySourceLocations = '{}', propertySourceProperties = '{}', contextCustomizers = set[org.springframework.boot.test.autoconfigure.actuate.metrics.MetricsExportContextCustomizerFactory$DisableMetricExportContextCustomizer@1f1c04ac, org.springframework.boot.test.autoconfigure.properties.PropertyMappingContextCustomizer@0, org.springframework.boot.test.autoconfigure.web.servlet.WebDriverContextCustomizerFactory$Customizer@4a34a428, org.springframework.boot.test.context.filter.ExcludeFilterContextCustomizer@40a6b345, org.springframework.boot.test.json.DuplicateJsonObjectContextCustomizerFactory$DuplicateJsonObjectContextCustomizer@64b52109, org.springframework.boot.test.mock.mockito.MockitoContextCustomizer@0], contextLoader = 'org.springframework.test.context.support.DelegatingSmartContextLoader', parent = [null]], attributes = map['org.springframework.test.context.event.ApplicationEventsTestExecutionListener.recordApplicationEvents' -> false]]; transaction manager [org.springframework.orm.jpa.JpaTransactionManager@6f349b27]; rollback [true]
15:14:35.633 [Test worker] DEBUG org.springframework.test.context.cache.DefaultCacheAwareContextLoaderDelegate - Retrieved ApplicationContext [1971788613] from cache with key [[MergedContextConfiguration@b3f80a9 testClass = CertificateDaoImplTest, locations = '{}', classes = '{class com.epam.esm.configuration.DaoTestConfiguration}', contextInitializerClasses = '[]', activeProfiles = '{}', propertySourceLocations = '{}', propertySourceProperties = '{}', contextCustomizers = set[org.springframework.boot.test.autoconfigure.actuate.metrics.MetricsExportContextCustomizerFactory$DisableMetricExportContextCustomizer@1f1c04ac, org.springframework.boot.test.autoconfigure.properties.PropertyMappingContextCustomizer@0, org.springframework.boot.test.autoconfigure.web.servlet.WebDriverContextCustomizerFactory$Customizer@4a34a428, org.springframework.boot.test.context.filter.ExcludeFilterContextCustomizer@40a6b345, org.springframework.boot.test.json.DuplicateJsonObjectContextCustomizerFactory$DuplicateJsonObjectContextCustomizer@64b52109, org.springframework.boot.test.mock.mockito.MockitoContextCustomizer@0], contextLoader = 'org.springframework.test.context.support.DelegatingSmartContextLoader', parent = [null]]]
15:14:35.633 [Test worker] DEBUG org.springframework.test.context.cache - Spring test ApplicationContext cache statistics: [DefaultContextCache@74e40d22 size = 1, maxSize = 32, parentContextCount = 0, hitCount = 15, missCount = 1]
15:14:35.633 [Test worker] DEBUG org.springframework.test.context.cache.DefaultCacheAwareContextLoaderDelegate - Retrieved ApplicationContext [1971788613] from cache with key [[MergedContextConfiguration@b3f80a9 testClass = CertificateDaoImplTest, locations = '{}', classes = '{class com.epam.esm.configuration.DaoTestConfiguration}', contextInitializerClasses = '[]', activeProfiles = '{}', propertySourceLocations = '{}', propertySourceProperties = '{}', contextCustomizers = set[org.springframework.boot.test.autoconfigure.actuate.metrics.MetricsExportContextCustomizerFactory$DisableMetricExportContextCustomizer@1f1c04ac, org.springframework.boot.test.autoconfigure.properties.PropertyMappingContextCustomizer@0, org.springframework.boot.test.autoconfigure.web.servlet.WebDriverContextCustomizerFactory$Customizer@4a34a428, org.springframework.boot.test.context.filter.ExcludeFilterContextCustomizer@40a6b345, org.springframework.boot.test.json.DuplicateJsonObjectContextCustomizerFactory$DuplicateJsonObjectContextCustomizer@64b52109, org.springframework.boot.test.mock.mockito.MockitoContextCustomizer@0], contextLoader = 'org.springframework.test.context.support.DelegatingSmartContextLoader', parent = [null]]]
15:14:35.633 [Test worker] DEBUG org.springframework.test.context.cache - Spring test ApplicationContext cache statistics: [DefaultContextCache@74e40d22 size = 1, maxSize = 32, parentContextCount = 0, hitCount = 16, missCount = 1]
15:14:35.634 [Test worker] DEBUG org.springframework.test.context.cache.DefaultCacheAwareContextLoaderDelegate - Retrieved ApplicationContext [1971788613] from cache with key [[MergedContextConfiguration@b3f80a9 testClass = CertificateDaoImplTest, locations = '{}', classes = '{class com.epam.esm.configuration.DaoTestConfiguration}', contextInitializerClasses = '[]', activeProfiles = '{}', propertySourceLocations = '{}', propertySourceProperties = '{}', contextCustomizers = set[org.springframework.boot.test.autoconfigure.actuate.metrics.MetricsExportContextCustomizerFactory$DisableMetricExportContextCustomizer@1f1c04ac, org.springframework.boot.test.autoconfigure.properties.PropertyMappingContextCustomizer@0, org.springframework.boot.test.autoconfigure.web.servlet.WebDriverContextCustomizerFactory$Customizer@4a34a428, org.springframework.boot.test.context.filter.ExcludeFilterContextCustomizer@40a6b345, org.springframework.boot.test.json.DuplicateJsonObjectContextCustomizerFactory$DuplicateJsonObjectContextCustomizer@64b52109, org.springframework.boot.test.mock.mockito.MockitoContextCustomizer@0], contextLoader = 'org.springframework.test.context.support.DelegatingSmartContextLoader', parent = [null]]]
15:14:35.634 [Test worker] DEBUG org.springframework.test.context.cache - Spring test ApplicationContext cache statistics: [DefaultContextCache@74e40d22 size = 1, maxSize = 32, parentContextCount = 0, hitCount = 17, missCount = 1]
15:14:35.635 [Test worker] DEBUG org.springframework.orm.jpa.JpaTransactionManager - Found thread-bound EntityManager [SessionImpl(1563689337<open>)] for JPA transaction
15:14:35.635 [Test worker] DEBUG org.springframework.orm.jpa.JpaTransactionManager - Participating in existing transaction
15:14:38.611 [Test worker] DEBUG org.hibernate.hql.internal.QueryTranslatorFactoryInitiator - QueryTranslatorFactory: org.hibernate.hql.internal.ast.ASTQueryTranslatorFactory@2b497dbb
15:14:38.958 [Test worker] DEBUG org.hibernate.hql.internal.ast.QueryTranslatorImpl - parse() - HQL: SELECT cert FROM com.epam.esm.model.entity.CertificateEntity cert WHERE cert.name = ?1
15:14:38.971 [Test worker] DEBUG org.hibernate.hql.internal.ast.ErrorTracker - throwQueryException() : no errors
15:14:38.979 [Test worker] DEBUG org.hibernate.hql.internal.ast.QueryTranslatorImpl - --- HQL AST ---
 \-[QUERY] Node: 'query'
    +-[SELECT_FROM] Node: 'SELECT_FROM'
    |  +-[FROM] Node: 'FROM'
    |  |  \-[RANGE] Node: 'RANGE'
    |  |     +-[DOT] Node: '.'
    |  |     |  +-[DOT] Node: '.'
    |  |     |  |  +-[DOT] Node: '.'
    |  |     |  |  |  +-[DOT] Node: '.'
    |  |     |  |  |  |  +-[DOT] Node: '.'
    |  |     |  |  |  |  |  +-[IDENT] Node: 'com'
    |  |     |  |  |  |  |  \-[IDENT] Node: 'epam'
    |  |     |  |  |  |  \-[IDENT] Node: 'esm'
    |  |     |  |  |  \-[IDENT] Node: 'model'
    |  |     |  |  \-[IDENT] Node: 'entity'
    |  |     |  \-[IDENT] Node: 'CertificateEntity'
    |  |     \-[ALIAS] Node: 'cert'
    |  \-[SELECT] Node: 'SELECT'
    |     \-[IDENT] Node: 'cert'
    \-[WHERE] Node: 'WHERE'
       \-[EQ] Node: '='
          +-[DOT] Node: '.'
          |  +-[IDENT] Node: 'cert'
          |  \-[IDENT] Node: 'name'
          \-[PARAM] Node: '?'
             \-[NUM_INT] Node: '1'

15:14:39.027 [Test worker] DEBUG org.hibernate.hql.internal.antlr.HqlSqlBaseWalker - select << begin [level=1, statement=select]
15:14:39.036 [Test worker] DEBUG org.hibernate.hql.internal.ast.tree.FromElement - FromClause{level=1} : com.epam.esm.model.entity.CertificateEntity (cert) -> certificat0_
15:14:39.036 [Test worker] DEBUG org.hibernate.hql.internal.ast.tree.FromReferenceNode - Resolved : cert -> certificat0_.id
15:14:39.038 [Test worker] DEBUG org.hibernate.hql.internal.ast.tree.FromReferenceNode - Resolved : cert -> certificat0_.id
15:14:39.039 [Test worker] DEBUG org.hibernate.hql.internal.ast.tree.DotNode - getDataType() : name -> org.hibernate.type.StringType@2c1b2848
15:14:39.069 [Test worker] DEBUG org.hibernate.hql.internal.ast.tree.FromReferenceNode - Resolved : cert.name -> certificat0_.name
15:14:39.072 [Test worker] DEBUG org.hibernate.hql.internal.antlr.HqlSqlBaseWalker - select : finishing up [level=1, statement=select]
15:14:39.072 [Test worker] DEBUG org.hibernate.hql.internal.ast.HqlSqlWalker - processQuery() :  ( SELECT ( {select clause} certificat0_.id ) ( FromClause{level=1} CertificateEntity certificat0_ ) ( WHERE ( = ( certificat0_.name certificat0_.id name ) ? ) ) )
15:14:39.088 [Test worker] DEBUG org.hibernate.hql.internal.ast.util.JoinProcessor - Tables referenced from query nodes:
 \-QueryNode
    +-SelectClause
    | referencedTables(entity CertificateEntity): [CertificateEntity]
    |  +-IdentNode
    |  | persister: SingleTableEntityPersister(com.epam.esm.model.entity.CertificateEntity)
    |  | originalText: cert
    |  \-SqlFragment
    +-FromClause
    |  \-FromElement
    \-SqlNode
       \-BinaryLogicOperatorNode
          +-DotNode
          | persister: SingleTableEntityPersister(com.epam.esm.model.entity.CertificateEntity)
          | path: cert.name
          |  +-IdentNode
          |  | persister: SingleTableEntityPersister(com.epam.esm.model.entity.CertificateEntity)
          |  | originalText: cert
          |  \-IdentNode
          |    persister: null
          |    originalText: name
          \-ParameterNode

15:14:39.091 [Test worker] DEBUG org.hibernate.hql.internal.ast.util.JoinProcessor - Using FROM fragment [CertificateEntity certificat0_]
15:14:39.092 [Test worker] DEBUG org.hibernate.hql.internal.antlr.HqlSqlBaseWalker - select >> end [level=1, statement=select]
15:14:39.092 [Test worker] DEBUG org.hibernate.hql.internal.ast.QueryTranslatorImpl - --- SQL AST ---
 \-[SELECT] QueryNode: 'SELECT'  querySpaces (CertificateEntity)
    +-[SELECT_CLAUSE] SelectClause: '{select clause}'
    |  +-[ALIAS_REF] IdentNode: 'certificat0_.id as id1_0_' {alias=cert, className=com.epam.esm.model.entity.CertificateEntity, tableAlias=certificat0_}
    |  \-[SQL_TOKEN] SqlFragment: 'certificat0_.createDate as createda2_0_, certificat0_.description as descript3_0_, certificat0_.duration as duration4_0_, certificat0_.lastUpdateDate as lastupda5_0_, certificat0_.name as name6_0_, certificat0_.price as price7_0_'
    +-[FROM] FromClause: 'FROM' FromClause{level=1, fromElementCounter=1, fromElements=1, fromElementByClassAlias=[cert], fromElementByTableAlias=[certificat0_], fromElementsByPath=[], collectionJoinFromElementsByPath=[], impliedElements=[]}
    |  \-[FROM_FRAGMENT] FromElement: 'CertificateEntity certificat0_' FromElement{explicit,not a collection join,not a fetch join,fetch non-lazy properties,classAlias=cert,role=null,tableName=CertificateEntity,tableAlias=certificat0_,origin=null,columns={,className=com.epam.esm.model.entity.CertificateEntity}}
    \-[WHERE] SqlNode: 'WHERE'
       \-[EQ] BinaryLogicOperatorNode: '='
          +-[DOT] DotNode: 'certificat0_.name' {propertyName=name,dereferenceType=PRIMITIVE,getPropertyPath=name,path=cert.name,tableAlias=certificat0_,className=com.epam.esm.model.entity.CertificateEntity,classAlias=cert}
          |  +-[ALIAS_REF] IdentNode: 'certificat0_.id' {alias=cert, className=com.epam.esm.model.entity.CertificateEntity, tableAlias=certificat0_}
          |  \-[IDENT] IdentNode: 'name' {originalText=name}
          \-[PARAM] ParameterNode: '?' {label=1, expectedType=org.hibernate.type.StringType@2c1b2848}

15:14:39.092 [Test worker] DEBUG org.hibernate.hql.internal.ast.ErrorTracker - throwQueryException() : no errors
15:14:39.097 [Test worker] DEBUG org.hibernate.hql.internal.ast.QueryTranslatorImpl - HQL: SELECT cert FROM com.epam.esm.model.entity.CertificateEntity cert WHERE cert.name = ?1
15:14:39.097 [Test worker] DEBUG org.hibernate.hql.internal.ast.QueryTranslatorImpl - SQL: select certificat0_.id as id1_0_, certificat0_.createDate as createda2_0_, certificat0_.description as descript3_0_, certificat0_.duration as duration4_0_, certificat0_.lastUpdateDate as lastupda5_0_, certificat0_.name as name6_0_, certificat0_.price as price7_0_ from CertificateEntity certificat0_ where certificat0_.name=?
15:14:39.097 [Test worker] DEBUG org.hibernate.hql.internal.ast.ErrorTracker - throwQueryException() : no errors
15:14:39.109 [Test worker] DEBUG org.hibernate.SQL - select certificat0_.id as id1_0_, certificat0_.createDate as createda2_0_, certificat0_.description as descript3_0_, certificat0_.duration as duration4_0_, certificat0_.lastUpdateDate as lastupda5_0_, certificat0_.name as name6_0_, certificat0_.price as price7_0_ from CertificateEntity certificat0_ where certificat0_.name=?
Hibernate: select certificat0_.id as id1_0_, certificat0_.createDate as createda2_0_, certificat0_.description as descript3_0_, certificat0_.duration as duration4_0_, certificat0_.lastUpdateDate as lastupda5_0_, certificat0_.name as name6_0_, certificat0_.price as price7_0_ from CertificateEntity certificat0_ where certificat0_.name=?
15:14:39.112 [Test worker] DEBUG org.hibernate.stat.internal.StatisticsImpl - HHH000117: HQL: SELECT cert FROM CertificateEntity cert WHERE cert.name = ?1, time: 3ms, rows: 0
15:14:39.114 [Test worker] DEBUG org.hibernate.engine.spi.ActionQueue - Executing identity-insert immediately
15:14:39.114 [Test worker] DEBUG org.hibernate.SQL - insert into CertificateEntity (id, createDate, description, duration, lastUpdateDate, name, price) values (null, ?, ?, ?, ?, ?, ?)
Hibernate: insert into CertificateEntity (id, createDate, description, duration, lastUpdateDate, name, price) values (null, ?, ?, ?, ?, ?, ?)
15:14:39.115 [Test worker] DEBUG org.hibernate.id.IdentifierGeneratorHelper - Natively generated identity: 2
15:14:39.115 [Test worker] DEBUG org.hibernate.resource.jdbc.internal.ResourceRegistryStandardImpl - HHH000387: ResultSet's statement was not registered
15:14:39.116 [Test worker] DEBUG org.hibernate.event.internal.AbstractFlushingEventListener - Processing flush-time cascades
15:14:39.116 [Test worker] DEBUG org.hibernate.event.internal.AbstractFlushingEventListener - Dirty checking collections
15:14:39.120 [Test worker] DEBUG org.hibernate.engine.internal.Collections - Collection found: [com.epam.esm.model.entity.CertificateEntity.tagEntities#2], was: [<unreferenced>] (initialized)
15:14:39.122 [Test worker] DEBUG org.hibernate.event.internal.AbstractFlushingEventListener - Flushed: 0 insertions, 0 updates, 0 deletions to 1 objects
15:14:39.122 [Test worker] DEBUG org.hibernate.event.internal.AbstractFlushingEventListener - Flushed: 1 (re)creations, 0 updates, 0 removals to 1 collections
15:14:39.123 [Test worker] DEBUG org.hibernate.internal.util.EntityPrinter - Listing entities:
15:14:39.123 [Test worker] DEBUG org.hibernate.internal.util.EntityPrinter - com.epam.esm.model.entity.CertificateEntity{duration=0, lastUpdateDate=null, price=0.0, tagEntities=[], name=0, description=null, id=2, createDate=null}
15:14:39.125 [Test worker] DEBUG org.hibernate.persister.collection.AbstractCollectionPersister - Inserting collection: [com.epam.esm.model.entity.CertificateEntity.tagEntities#2]
15:14:39.125 [Test worker] DEBUG org.hibernate.persister.collection.AbstractCollectionPersister - Collection was empty
15:14:39.127 [Test worker] DEBUG org.hibernate.event.internal.EvictVisitor - Evicting collection: [com.epam.esm.model.entity.CertificateEntity.tagEntities#2]
15:14:39.128 [Test worker] DEBUG org.springframework.orm.jpa.JpaTransactionManager - Found thread-bound EntityManager [SessionImpl(1563689337<open>)] for JPA transaction
15:14:39.128 [Test worker] DEBUG org.springframework.orm.jpa.JpaTransactionManager - Participating in existing transaction
15:14:39.128 [Test worker] DEBUG org.hibernate.SQL - select certificat0_.id as id1_0_, certificat0_.createDate as createda2_0_, certificat0_.description as descript3_0_, certificat0_.duration as duration4_0_, certificat0_.lastUpdateDate as lastupda5_0_, certificat0_.name as name6_0_, certificat0_.price as price7_0_ from CertificateEntity certificat0_ where certificat0_.name=?
Hibernate: select certificat0_.id as id1_0_, certificat0_.createDate as createda2_0_, certificat0_.description as descript3_0_, certificat0_.duration as duration4_0_, certificat0_.lastUpdateDate as lastupda5_0_, certificat0_.name as name6_0_, certificat0_.price as price7_0_ from CertificateEntity certificat0_ where certificat0_.name=?
15:14:39.129 [Test worker] DEBUG org.hibernate.stat.internal.StatisticsImpl - HHH000117: HQL: SELECT cert FROM CertificateEntity cert WHERE cert.name = ?1, time: 0ms, rows: 0
15:14:39.129 [Test worker] DEBUG org.hibernate.engine.spi.ActionQueue - Executing identity-insert immediately
15:14:39.129 [Test worker] DEBUG org.hibernate.SQL - insert into CertificateEntity (id, createDate, description, duration, lastUpdateDate, name, price) values (null, ?, ?, ?, ?, ?, ?)
Hibernate: insert into CertificateEntity (id, createDate, description, duration, lastUpdateDate, name, price) values (null, ?, ?, ?, ?, ?, ?)
15:14:39.130 [Test worker] DEBUG org.hibernate.id.IdentifierGeneratorHelper - Natively generated identity: 3
15:14:39.130 [Test worker] DEBUG org.hibernate.resource.jdbc.internal.ResourceRegistryStandardImpl - HHH000387: ResultSet's statement was not registered
15:14:39.130 [Test worker] DEBUG org.hibernate.event.internal.AbstractFlushingEventListener - Processing flush-time cascades
15:14:39.130 [Test worker] DEBUG org.hibernate.event.internal.AbstractFlushingEventListener - Dirty checking collections
15:14:39.130 [Test worker] DEBUG org.hibernate.engine.internal.Collections - Collection found: [com.epam.esm.model.entity.CertificateEntity.tagEntities#3], was: [<unreferenced>] (initialized)
15:14:39.131 [Test worker] DEBUG org.hibernate.event.internal.AbstractFlushingEventListener - Flushed: 0 insertions, 0 updates, 0 deletions to 1 objects
15:14:39.131 [Test worker] DEBUG org.hibernate.event.internal.AbstractFlushingEventListener - Flushed: 1 (re)creations, 0 updates, 0 removals to 1 collections
15:14:39.131 [Test worker] DEBUG org.hibernate.internal.util.EntityPrinter - Listing entities:
15:14:39.131 [Test worker] DEBUG org.hibernate.internal.util.EntityPrinter - com.epam.esm.model.entity.CertificateEntity{duration=0, lastUpdateDate=null, price=0.0, tagEntities=[], name=1, description=null, id=3, createDate=null}
15:14:39.131 [Test worker] DEBUG org.hibernate.persister.collection.AbstractCollectionPersister - Inserting collection: [com.epam.esm.model.entity.CertificateEntity.tagEntities#3]
15:14:39.131 [Test worker] DEBUG org.hibernate.persister.collection.AbstractCollectionPersister - Collection was empty
15:14:39.131 [Test worker] DEBUG org.hibernate.event.internal.EvictVisitor - Evicting collection: [com.epam.esm.model.entity.CertificateEntity.tagEntities#3]
15:14:39.132 [Test worker] DEBUG org.springframework.orm.jpa.JpaTransactionManager - Found thread-bound EntityManager [SessionImpl(1563689337<open>)] for JPA transaction
15:14:39.132 [Test worker] DEBUG org.springframework.orm.jpa.JpaTransactionManager - Participating in existing transaction
15:14:39.132 [Test worker] DEBUG org.hibernate.SQL - select certificat0_.id as id1_0_, certificat0_.createDate as createda2_0_, certificat0_.description as descript3_0_, certificat0_.duration as duration4_0_, certificat0_.lastUpdateDate as lastupda5_0_, certificat0_.name as name6_0_, certificat0_.price as price7_0_ from CertificateEntity certificat0_ where certificat0_.name=?
Hibernate: select certificat0_.id as id1_0_, certificat0_.createDate as createda2_0_, certificat0_.description as descript3_0_, certificat0_.duration as duration4_0_, certificat0_.lastUpdateDate as lastupda5_0_, certificat0_.name as name6_0_, certificat0_.price as price7_0_ from CertificateEntity certificat0_ where certificat0_.name=?
15:14:39.133 [Test worker] DEBUG org.hibernate.stat.internal.StatisticsImpl - HHH000117: HQL: SELECT cert FROM CertificateEntity cert WHERE cert.name = ?1, time: 0ms, rows: 0
15:14:39.133 [Test worker] DEBUG org.hibernate.engine.spi.ActionQueue - Executing identity-insert immediately
15:14:39.133 [Test worker] DEBUG org.hibernate.SQL - insert into CertificateEntity (id, createDate, description, duration, lastUpdateDate, name, price) values (null, ?, ?, ?, ?, ?, ?)
Hibernate: insert into CertificateEntity (id, createDate, description, duration, lastUpdateDate, name, price) values (null, ?, ?, ?, ?, ?, ?)
15:14:39.133 [Test worker] DEBUG org.hibernate.id.IdentifierGeneratorHelper - Natively generated identity: 4
15:14:39.133 [Test worker] DEBUG org.hibernate.resource.jdbc.internal.ResourceRegistryStandardImpl - HHH000387: ResultSet's statement was not registered
15:14:39.134 [Test worker] DEBUG org.hibernate.event.internal.AbstractFlushingEventListener - Processing flush-time cascades
15:14:39.134 [Test worker] DEBUG org.hibernate.event.internal.AbstractFlushingEventListener - Dirty checking collections
15:14:39.134 [Test worker] DEBUG org.hibernate.engine.internal.Collections - Collection found: [com.epam.esm.model.entity.CertificateEntity.tagEntities#4], was: [<unreferenced>] (initialized)
15:14:39.134 [Test worker] DEBUG org.hibernate.event.internal.AbstractFlushingEventListener - Flushed: 0 insertions, 0 updates, 0 deletions to 1 objects
15:14:39.134 [Test worker] DEBUG org.hibernate.event.internal.AbstractFlushingEventListener - Flushed: 1 (re)creations, 0 updates, 0 removals to 1 collections
15:14:39.134 [Test worker] DEBUG org.hibernate.internal.util.EntityPrinter - Listing entities:
15:14:39.134 [Test worker] DEBUG org.hibernate.internal.util.EntityPrinter - com.epam.esm.model.entity.CertificateEntity{duration=0, lastUpdateDate=null, price=0.0, tagEntities=[], name=2, description=null, id=4, createDate=null}
15:14:39.134 [Test worker] DEBUG org.hibernate.persister.collection.AbstractCollectionPersister - Inserting collection: [com.epam.esm.model.entity.CertificateEntity.tagEntities#4]
15:14:39.134 [Test worker] DEBUG org.hibernate.persister.collection.AbstractCollectionPersister - Collection was empty
15:14:39.135 [Test worker] DEBUG org.hibernate.event.internal.EvictVisitor - Evicting collection: [com.epam.esm.model.entity.CertificateEntity.tagEntities#4]
15:14:39.135 [Test worker] DEBUG org.springframework.orm.jpa.JpaTransactionManager - Found thread-bound EntityManager [SessionImpl(1563689337<open>)] for JPA transaction
15:14:39.135 [Test worker] DEBUG org.springframework.orm.jpa.JpaTransactionManager - Participating in existing transaction
15:14:39.135 [Test worker] DEBUG org.hibernate.SQL - select certificat0_.id as id1_0_, certificat0_.createDate as createda2_0_, certificat0_.description as descript3_0_, certificat0_.duration as duration4_0_, certificat0_.lastUpdateDate as lastupda5_0_, certificat0_.name as name6_0_, certificat0_.price as price7_0_ from CertificateEntity certificat0_ where certificat0_.name=?
Hibernate: select certificat0_.id as id1_0_, certificat0_.createDate as createda2_0_, certificat0_.description as descript3_0_, certificat0_.duration as duration4_0_, certificat0_.lastUpdateDate as lastupda5_0_, certificat0_.name as name6_0_, certificat0_.price as price7_0_ from CertificateEntity certificat0_ where certificat0_.name=?
15:14:39.135 [Test worker] DEBUG org.hibernate.stat.internal.StatisticsImpl - HHH000117: HQL: SELECT cert FROM CertificateEntity cert WHERE cert.name = ?1, time: 0ms, rows: 0
15:14:39.136 [Test worker] DEBUG org.hibernate.engine.spi.ActionQueue - Executing identity-insert immediately
15:14:39.136 [Test worker] DEBUG org.hibernate.SQL - insert into CertificateEntity (id, createDate, description, duration, lastUpdateDate, name, price) values (null, ?, ?, ?, ?, ?, ?)
Hibernate: insert into CertificateEntity (id, createDate, description, duration, lastUpdateDate, name, price) values (null, ?, ?, ?, ?, ?, ?)
15:14:39.136 [Test worker] DEBUG org.hibernate.id.IdentifierGeneratorHelper - Natively generated identity: 5
15:14:39.136 [Test worker] DEBUG org.hibernate.resource.jdbc.internal.ResourceRegistryStandardImpl - HHH000387: ResultSet's statement was not registered
15:14:39.136 [Test worker] DEBUG org.hibernate.event.internal.AbstractFlushingEventListener - Processing flush-time cascades
15:14:39.136 [Test worker] DEBUG org.hibernate.event.internal.AbstractFlushingEventListener - Dirty checking collections
15:14:39.137 [Test worker] DEBUG org.hibernate.engine.internal.Collections - Collection found: [com.epam.esm.model.entity.CertificateEntity.tagEntities#5], was: [<unreferenced>] (initialized)
15:14:39.137 [Test worker] DEBUG org.hibernate.event.internal.AbstractFlushingEventListener - Flushed: 0 insertions, 0 updates, 0 deletions to 1 objects
15:14:39.137 [Test worker] DEBUG org.hibernate.event.internal.AbstractFlushingEventListener - Flushed: 1 (re)creations, 0 updates, 0 removals to 1 collections
15:14:39.137 [Test worker] DEBUG org.hibernate.internal.util.EntityPrinter - Listing entities:
15:14:39.137 [Test worker] DEBUG org.hibernate.internal.util.EntityPrinter - com.epam.esm.model.entity.CertificateEntity{duration=0, lastUpdateDate=null, price=0.0, tagEntities=[], name=3, description=null, id=5, createDate=null}
15:14:39.137 [Test worker] DEBUG org.hibernate.persister.collection.AbstractCollectionPersister - Inserting collection: [com.epam.esm.model.entity.CertificateEntity.tagEntities#5]
15:14:39.137 [Test worker] DEBUG org.hibernate.persister.collection.AbstractCollectionPersister - Collection was empty
15:14:39.137 [Test worker] DEBUG org.hibernate.event.internal.EvictVisitor - Evicting collection: [com.epam.esm.model.entity.CertificateEntity.tagEntities#5]
15:14:39.137 [Test worker] DEBUG org.springframework.orm.jpa.JpaTransactionManager - Found thread-bound EntityManager [SessionImpl(1563689337<open>)] for JPA transaction
15:14:39.137 [Test worker] DEBUG org.springframework.orm.jpa.JpaTransactionManager - Participating in existing transaction
15:14:39.138 [Test worker] DEBUG org.hibernate.SQL - select certificat0_.id as id1_0_, certificat0_.createDate as createda2_0_, certificat0_.description as descript3_0_, certificat0_.duration as duration4_0_, certificat0_.lastUpdateDate as lastupda5_0_, certificat0_.name as name6_0_, certificat0_.price as price7_0_ from CertificateEntity certificat0_ where certificat0_.name=?
Hibernate: select certificat0_.id as id1_0_, certificat0_.createDate as createda2_0_, certificat0_.description as descript3_0_, certificat0_.duration as duration4_0_, certificat0_.lastUpdateDate as lastupda5_0_, certificat0_.name as name6_0_, certificat0_.price as price7_0_ from CertificateEntity certificat0_ where certificat0_.name=?
15:14:39.138 [Test worker] DEBUG org.hibernate.stat.internal.StatisticsImpl - HHH000117: HQL: SELECT cert FROM CertificateEntity cert WHERE cert.name = ?1, time: 0ms, rows: 0
15:14:39.139 [Test worker] DEBUG org.hibernate.engine.spi.ActionQueue - Executing identity-insert immediately
15:14:39.139 [Test worker] DEBUG org.hibernate.SQL - insert into CertificateEntity (id, createDate, description, duration, lastUpdateDate, name, price) values (null, ?, ?, ?, ?, ?, ?)
Hibernate: insert into CertificateEntity (id, createDate, description, duration, lastUpdateDate, name, price) values (null, ?, ?, ?, ?, ?, ?)
15:14:39.139 [Test worker] DEBUG org.hibernate.id.IdentifierGeneratorHelper - Natively generated identity: 6
15:14:39.139 [Test worker] DEBUG org.hibernate.resource.jdbc.internal.ResourceRegistryStandardImpl - HHH000387: ResultSet's statement was not registered
15:14:39.140 [Test worker] DEBUG org.hibernate.event.internal.AbstractFlushingEventListener - Processing flush-time cascades
15:14:39.140 [Test worker] DEBUG org.hibernate.event.internal.AbstractFlushingEventListener - Dirty checking collections
15:14:39.140 [Test worker] DEBUG org.hibernate.engine.internal.Collections - Collection found: [com.epam.esm.model.entity.CertificateEntity.tagEntities#6], was: [<unreferenced>] (initialized)
15:14:39.140 [Test worker] DEBUG org.hibernate.event.internal.AbstractFlushingEventListener - Flushed: 0 insertions, 0 updates, 0 deletions to 1 objects
15:14:39.140 [Test worker] DEBUG org.hibernate.event.internal.AbstractFlushingEventListener - Flushed: 1 (re)creations, 0 updates, 0 removals to 1 collections
15:14:39.140 [Test worker] DEBUG org.hibernate.internal.util.EntityPrinter - Listing entities:
15:14:39.140 [Test worker] DEBUG org.hibernate.internal.util.EntityPrinter - com.epam.esm.model.entity.CertificateEntity{duration=0, lastUpdateDate=null, price=0.0, tagEntities=[], name=4, description=null, id=6, createDate=null}
15:14:39.140 [Test worker] DEBUG org.hibernate.persister.collection.AbstractCollectionPersister - Inserting collection: [com.epam.esm.model.entity.CertificateEntity.tagEntities#6]
15:14:39.140 [Test worker] DEBUG org.hibernate.persister.collection.AbstractCollectionPersister - Collection was empty
15:14:39.141 [Test worker] DEBUG org.hibernate.event.internal.EvictVisitor - Evicting collection: [com.epam.esm.model.entity.CertificateEntity.tagEntities#6]
15:14:39.141 [Test worker] DEBUG org.springframework.orm.jpa.JpaTransactionManager - Found thread-bound EntityManager [SessionImpl(1563689337<open>)] for JPA transaction
15:14:39.141 [Test worker] DEBUG org.springframework.orm.jpa.JpaTransactionManager - Participating in existing transaction
15:14:39.141 [Test worker] DEBUG org.hibernate.SQL - select certificat0_.id as id1_0_, certificat0_.createDate as createda2_0_, certificat0_.description as descript3_0_, certificat0_.duration as duration4_0_, certificat0_.lastUpdateDate as lastupda5_0_, certificat0_.name as name6_0_, certificat0_.price as price7_0_ from CertificateEntity certificat0_ where certificat0_.name=?
Hibernate: select certificat0_.id as id1_0_, certificat0_.createDate as createda2_0_, certificat0_.description as descript3_0_, certificat0_.duration as duration4_0_, certificat0_.lastUpdateDate as lastupda5_0_, certificat0_.name as name6_0_, certificat0_.price as price7_0_ from CertificateEntity certificat0_ where certificat0_.name=?
15:14:39.142 [Test worker] DEBUG org.hibernate.stat.internal.StatisticsImpl - HHH000117: HQL: SELECT cert FROM CertificateEntity cert WHERE cert.name = ?1, time: 0ms, rows: 0
15:14:39.142 [Test worker] DEBUG org.hibernate.engine.spi.ActionQueue - Executing identity-insert immediately
15:14:39.142 [Test worker] DEBUG org.hibernate.SQL - insert into CertificateEntity (id, createDate, description, duration, lastUpdateDate, name, price) values (null, ?, ?, ?, ?, ?, ?)
Hibernate: insert into CertificateEntity (id, createDate, description, duration, lastUpdateDate, name, price) values (null, ?, ?, ?, ?, ?, ?)
15:14:39.143 [Test worker] DEBUG org.hibernate.id.IdentifierGeneratorHelper - Natively generated identity: 7
15:14:39.144 [Test worker] DEBUG org.hibernate.resource.jdbc.internal.ResourceRegistryStandardImpl - HHH000387: ResultSet's statement was not registered
15:14:39.144 [Test worker] DEBUG org.hibernate.event.internal.AbstractFlushingEventListener - Processing flush-time cascades
15:14:39.144 [Test worker] DEBUG org.hibernate.event.internal.AbstractFlushingEventListener - Dirty checking collections
15:14:39.144 [Test worker] DEBUG org.hibernate.engine.internal.Collections - Collection found: [com.epam.esm.model.entity.CertificateEntity.tagEntities#7], was: [<unreferenced>] (initialized)
15:14:39.144 [Test worker] DEBUG org.hibernate.event.internal.AbstractFlushingEventListener - Flushed: 0 insertions, 0 updates, 0 deletions to 1 objects
15:14:39.144 [Test worker] DEBUG org.hibernate.event.internal.AbstractFlushingEventListener - Flushed: 1 (re)creations, 0 updates, 0 removals to 1 collections
15:14:39.145 [Test worker] DEBUG org.hibernate.internal.util.EntityPrinter - Listing entities:
15:14:39.145 [Test worker] DEBUG org.hibernate.internal.util.EntityPrinter - com.epam.esm.model.entity.CertificateEntity{duration=0, lastUpdateDate=null, price=0.0, tagEntities=[], name=5, description=null, id=7, createDate=null}
15:14:39.145 [Test worker] DEBUG org.hibernate.persister.collection.AbstractCollectionPersister - Inserting collection: [com.epam.esm.model.entity.CertificateEntity.tagEntities#7]
15:14:39.145 [Test worker] DEBUG org.hibernate.persister.collection.AbstractCollectionPersister - Collection was empty
15:14:39.145 [Test worker] DEBUG org.hibernate.event.internal.EvictVisitor - Evicting collection: [com.epam.esm.model.entity.CertificateEntity.tagEntities#7]
15:14:39.145 [Test worker] DEBUG org.springframework.orm.jpa.JpaTransactionManager - Found thread-bound EntityManager [SessionImpl(1563689337<open>)] for JPA transaction
15:14:39.145 [Test worker] DEBUG org.springframework.orm.jpa.JpaTransactionManager - Participating in existing transaction
15:14:39.146 [Test worker] DEBUG org.hibernate.SQL - select certificat0_.id as id1_0_, certificat0_.createDate as createda2_0_, certificat0_.description as descript3_0_, certificat0_.duration as duration4_0_, certificat0_.lastUpdateDate as lastupda5_0_, certificat0_.name as name6_0_, certificat0_.price as price7_0_ from CertificateEntity certificat0_ where certificat0_.name=?
Hibernate: select certificat0_.id as id1_0_, certificat0_.createDate as createda2_0_, certificat0_.description as descript3_0_, certificat0_.duration as duration4_0_, certificat0_.lastUpdateDate as lastupda5_0_, certificat0_.name as name6_0_, certificat0_.price as price7_0_ from CertificateEntity certificat0_ where certificat0_.name=?
15:14:39.146 [Test worker] DEBUG org.hibernate.stat.internal.StatisticsImpl - HHH000117: HQL: SELECT cert FROM CertificateEntity cert WHERE cert.name = ?1, time: 0ms, rows: 0
15:14:39.147 [Test worker] DEBUG org.hibernate.engine.spi.ActionQueue - Executing identity-insert immediately
15:14:39.147 [Test worker] DEBUG org.hibernate.SQL - insert into CertificateEntity (id, createDate, description, duration, lastUpdateDate, name, price) values (null, ?, ?, ?, ?, ?, ?)
Hibernate: insert into CertificateEntity (id, createDate, description, duration, lastUpdateDate, name, price) values (null, ?, ?, ?, ?, ?, ?)
15:14:39.148 [Test worker] DEBUG org.hibernate.id.IdentifierGeneratorHelper - Natively generated identity: 8
15:14:39.148 [Test worker] DEBUG org.hibernate.resource.jdbc.internal.ResourceRegistryStandardImpl - HHH000387: ResultSet's statement was not registered
15:14:39.148 [Test worker] DEBUG org.hibernate.event.internal.AbstractFlushingEventListener - Processing flush-time cascades
15:14:39.148 [Test worker] DEBUG org.hibernate.event.internal.AbstractFlushingEventListener - Dirty checking collections
15:14:39.149 [Test worker] DEBUG org.hibernate.engine.internal.Collections - Collection found: [com.epam.esm.model.entity.CertificateEntity.tagEntities#8], was: [<unreferenced>] (initialized)
15:14:39.149 [Test worker] DEBUG org.hibernate.event.internal.AbstractFlushingEventListener - Flushed: 0 insertions, 0 updates, 0 deletions to 1 objects
15:14:39.149 [Test worker] DEBUG org.hibernate.event.internal.AbstractFlushingEventListener - Flushed: 1 (re)creations, 0 updates, 0 removals to 1 collections
15:14:39.149 [Test worker] DEBUG org.hibernate.internal.util.EntityPrinter - Listing entities:
15:14:39.149 [Test worker] DEBUG org.hibernate.internal.util.EntityPrinter - com.epam.esm.model.entity.CertificateEntity{duration=0, lastUpdateDate=null, price=0.0, tagEntities=[], name=6, description=null, id=8, createDate=null}
15:14:39.149 [Test worker] DEBUG org.hibernate.persister.collection.AbstractCollectionPersister - Inserting collection: [com.epam.esm.model.entity.CertificateEntity.tagEntities#8]
15:14:39.149 [Test worker] DEBUG org.hibernate.persister.collection.AbstractCollectionPersister - Collection was empty
15:14:39.150 [Test worker] DEBUG org.hibernate.event.internal.EvictVisitor - Evicting collection: [com.epam.esm.model.entity.CertificateEntity.tagEntities#8]
15:14:39.150 [Test worker] DEBUG org.springframework.orm.jpa.JpaTransactionManager - Found thread-bound EntityManager [SessionImpl(1563689337<open>)] for JPA transaction
15:14:39.150 [Test worker] DEBUG org.springframework.orm.jpa.JpaTransactionManager - Participating in existing transaction
15:14:39.150 [Test worker] DEBUG org.hibernate.SQL - select certificat0_.id as id1_0_, certificat0_.createDate as createda2_0_, certificat0_.description as descript3_0_, certificat0_.duration as duration4_0_, certificat0_.lastUpdateDate as lastupda5_0_, certificat0_.name as name6_0_, certificat0_.price as price7_0_ from CertificateEntity certificat0_ where certificat0_.name=?
Hibernate: select certificat0_.id as id1_0_, certificat0_.createDate as createda2_0_, certificat0_.description as descript3_0_, certificat0_.duration as duration4_0_, certificat0_.lastUpdateDate as lastupda5_0_, certificat0_.name as name6_0_, certificat0_.price as price7_0_ from CertificateEntity certificat0_ where certificat0_.name=?
15:14:39.151 [Test worker] DEBUG org.hibernate.stat.internal.StatisticsImpl - HHH000117: HQL: SELECT cert FROM CertificateEntity cert WHERE cert.name = ?1, time: 0ms, rows: 0
15:14:39.151 [Test worker] DEBUG org.hibernate.engine.spi.ActionQueue - Executing identity-insert immediately
15:14:39.152 [Test worker] DEBUG org.hibernate.SQL - insert into CertificateEntity (id, createDate, description, duration, lastUpdateDate, name, price) values (null, ?, ?, ?, ?, ?, ?)
Hibernate: insert into CertificateEntity (id, createDate, description, duration, lastUpdateDate, name, price) values (null, ?, ?, ?, ?, ?, ?)
15:14:39.152 [Test worker] DEBUG org.hibernate.id.IdentifierGeneratorHelper - Natively generated identity: 9
15:14:39.152 [Test worker] DEBUG org.hibernate.resource.jdbc.internal.ResourceRegistryStandardImpl - HHH000387: ResultSet's statement was not registered
15:14:39.153 [Test worker] DEBUG org.hibernate.event.internal.AbstractFlushingEventListener - Processing flush-time cascades
15:14:39.153 [Test worker] DEBUG org.hibernate.event.internal.AbstractFlushingEventListener - Dirty checking collections
15:14:39.153 [Test worker] DEBUG org.hibernate.engine.internal.Collections - Collection found: [com.epam.esm.model.entity.CertificateEntity.tagEntities#9], was: [<unreferenced>] (initialized)
15:14:39.153 [Test worker] DEBUG org.hibernate.event.internal.AbstractFlushingEventListener - Flushed: 0 insertions, 0 updates, 0 deletions to 1 objects
15:14:39.153 [Test worker] DEBUG org.hibernate.event.internal.AbstractFlushingEventListener - Flushed: 1 (re)creations, 0 updates, 0 removals to 1 collections
15:14:39.153 [Test worker] DEBUG org.hibernate.internal.util.EntityPrinter - Listing entities:
15:14:39.153 [Test worker] DEBUG org.hibernate.internal.util.EntityPrinter - com.epam.esm.model.entity.CertificateEntity{duration=0, lastUpdateDate=null, price=0.0, tagEntities=[], name=7, description=null, id=9, createDate=null}
15:14:39.154 [Test worker] DEBUG org.hibernate.persister.collection.AbstractCollectionPersister - Inserting collection: [com.epam.esm.model.entity.CertificateEntity.tagEntities#9]
15:14:39.154 [Test worker] DEBUG org.hibernate.persister.collection.AbstractCollectionPersister - Collection was empty
15:14:39.154 [Test worker] DEBUG org.hibernate.event.internal.EvictVisitor - Evicting collection: [com.epam.esm.model.entity.CertificateEntity.tagEntities#9]
15:14:39.154 [Test worker] DEBUG org.springframework.orm.jpa.JpaTransactionManager - Found thread-bound EntityManager [SessionImpl(1563689337<open>)] for JPA transaction
15:14:39.154 [Test worker] DEBUG org.springframework.orm.jpa.JpaTransactionManager - Participating in existing transaction
15:14:39.155 [Test worker] DEBUG org.hibernate.SQL - select certificat0_.id as id1_0_, certificat0_.createDate as createda2_0_, certificat0_.description as descript3_0_, certificat0_.duration as duration4_0_, certificat0_.lastUpdateDate as lastupda5_0_, certificat0_.name as name6_0_, certificat0_.price as price7_0_ from CertificateEntity certificat0_ where certificat0_.name=?
Hibernate: select certificat0_.id as id1_0_, certificat0_.createDate as createda2_0_, certificat0_.description as descript3_0_, certificat0_.duration as duration4_0_, certificat0_.lastUpdateDate as lastupda5_0_, certificat0_.name as name6_0_, certificat0_.price as price7_0_ from CertificateEntity certificat0_ where certificat0_.name=?
15:14:39.155 [Test worker] DEBUG org.hibernate.stat.internal.StatisticsImpl - HHH000117: HQL: SELECT cert FROM CertificateEntity cert WHERE cert.name = ?1, time: 0ms, rows: 0
15:14:39.156 [Test worker] DEBUG org.hibernate.engine.spi.ActionQueue - Executing identity-insert immediately
15:14:39.156 [Test worker] DEBUG org.hibernate.SQL - insert into CertificateEntity (id, createDate, description, duration, lastUpdateDate, name, price) values (null, ?, ?, ?, ?, ?, ?)
Hibernate: insert into CertificateEntity (id, createDate, description, duration, lastUpdateDate, name, price) values (null, ?, ?, ?, ?, ?, ?)
15:14:39.156 [Test worker] DEBUG org.hibernate.id.IdentifierGeneratorHelper - Natively generated identity: 10
15:14:39.156 [Test worker] DEBUG org.hibernate.resource.jdbc.internal.ResourceRegistryStandardImpl - HHH000387: ResultSet's statement was not registered
15:14:39.157 [Test worker] DEBUG org.hibernate.event.internal.AbstractFlushingEventListener - Processing flush-time cascades
15:14:39.157 [Test worker] DEBUG org.hibernate.event.internal.AbstractFlushingEventListener - Dirty checking collections
15:14:39.157 [Test worker] DEBUG org.hibernate.engine.internal.Collections - Collection found: [com.epam.esm.model.entity.CertificateEntity.tagEntities#10], was: [<unreferenced>] (initialized)
15:14:39.157 [Test worker] DEBUG org.hibernate.event.internal.AbstractFlushingEventListener - Flushed: 0 insertions, 0 updates, 0 deletions to 1 objects
15:14:39.157 [Test worker] DEBUG org.hibernate.event.internal.AbstractFlushingEventListener - Flushed: 1 (re)creations, 0 updates, 0 removals to 1 collections
15:14:39.157 [Test worker] DEBUG org.hibernate.internal.util.EntityPrinter - Listing entities:
15:14:39.157 [Test worker] DEBUG org.hibernate.internal.util.EntityPrinter - com.epam.esm.model.entity.CertificateEntity{duration=0, lastUpdateDate=null, price=0.0, tagEntities=[], name=8, description=null, id=10, createDate=null}
15:14:39.157 [Test worker] DEBUG org.hibernate.persister.collection.AbstractCollectionPersister - Inserting collection: [com.epam.esm.model.entity.CertificateEntity.tagEntities#10]
15:14:39.157 [Test worker] DEBUG org.hibernate.persister.collection.AbstractCollectionPersister - Collection was empty
15:14:39.158 [Test worker] DEBUG org.hibernate.event.internal.EvictVisitor - Evicting collection: [com.epam.esm.model.entity.CertificateEntity.tagEntities#10]
15:14:39.158 [Test worker] DEBUG org.springframework.orm.jpa.JpaTransactionManager - Found thread-bound EntityManager [SessionImpl(1563689337<open>)] for JPA transaction
15:14:39.158 [Test worker] DEBUG org.springframework.orm.jpa.JpaTransactionManager - Participating in existing transaction
15:14:39.158 [Test worker] DEBUG org.hibernate.SQL - select certificat0_.id as id1_0_, certificat0_.createDate as createda2_0_, certificat0_.description as descript3_0_, certificat0_.duration as duration4_0_, certificat0_.lastUpdateDate as lastupda5_0_, certificat0_.name as name6_0_, certificat0_.price as price7_0_ from CertificateEntity certificat0_ where certificat0_.name=?
Hibernate: select certificat0_.id as id1_0_, certificat0_.createDate as createda2_0_, certificat0_.description as descript3_0_, certificat0_.duration as duration4_0_, certificat0_.lastUpdateDate as lastupda5_0_, certificat0_.name as name6_0_, certificat0_.price as price7_0_ from CertificateEntity certificat0_ where certificat0_.name=?
15:14:39.159 [Test worker] DEBUG org.hibernate.stat.internal.StatisticsImpl - HHH000117: HQL: SELECT cert FROM CertificateEntity cert WHERE cert.name = ?1, time: 0ms, rows: 0
15:14:39.160 [Test worker] DEBUG org.hibernate.engine.spi.ActionQueue - Executing identity-insert immediately
15:14:39.160 [Test worker] DEBUG org.hibernate.SQL - insert into CertificateEntity (id, createDate, description, duration, lastUpdateDate, name, price) values (null, ?, ?, ?, ?, ?, ?)
Hibernate: insert into CertificateEntity (id, createDate, description, duration, lastUpdateDate, name, price) values (null, ?, ?, ?, ?, ?, ?)
15:14:39.160 [Test worker] DEBUG org.hibernate.id.IdentifierGeneratorHelper - Natively generated identity: 11
15:14:39.160 [Test worker] DEBUG org.hibernate.resource.jdbc.internal.ResourceRegistryStandardImpl - HHH000387: ResultSet's statement was not registered
15:14:39.161 [Test worker] DEBUG org.hibernate.event.internal.AbstractFlushingEventListener - Processing flush-time cascades
15:14:39.161 [Test worker] DEBUG org.hibernate.event.internal.AbstractFlushingEventListener - Dirty checking collections
15:14:39.161 [Test worker] DEBUG org.hibernate.engine.internal.Collections - Collection found: [com.epam.esm.model.entity.CertificateEntity.tagEntities#11], was: [<unreferenced>] (initialized)
15:14:39.161 [Test worker] DEBUG org.hibernate.event.internal.AbstractFlushingEventListener - Flushed: 0 insertions, 0 updates, 0 deletions to 1 objects
15:14:39.161 [Test worker] DEBUG org.hibernate.event.internal.AbstractFlushingEventListener - Flushed: 1 (re)creations, 0 updates, 0 removals to 1 collections
15:14:39.161 [Test worker] DEBUG org.hibernate.internal.util.EntityPrinter - Listing entities:
15:14:39.161 [Test worker] DEBUG org.hibernate.internal.util.EntityPrinter - com.epam.esm.model.entity.CertificateEntity{duration=0, lastUpdateDate=null, price=0.0, tagEntities=[], name=9, description=null, id=11, createDate=null}
15:14:39.162 [Test worker] DEBUG org.hibernate.persister.collection.AbstractCollectionPersister - Inserting collection: [com.epam.esm.model.entity.CertificateEntity.tagEntities#11]
15:14:39.162 [Test worker] DEBUG org.hibernate.persister.collection.AbstractCollectionPersister - Collection was empty
15:14:39.162 [Test worker] DEBUG org.hibernate.event.internal.EvictVisitor - Evicting collection: [com.epam.esm.model.entity.CertificateEntity.tagEntities#11]
15:14:39.164 [Test worker] DEBUG org.springframework.orm.jpa.JpaTransactionManager - Found thread-bound EntityManager [SessionImpl(1563689337<open>)] for JPA transaction
15:14:39.164 [Test worker] DEBUG org.springframework.orm.jpa.JpaTransactionManager - Participating in existing transaction
15:14:39.164 [Test worker] DEBUG org.hibernate.hql.internal.ast.QueryTranslatorImpl - parse() - HQL: SELECT cert FROM com.epam.esm.model.entity.CertificateEntity cert
15:14:39.165 [Test worker] DEBUG org.hibernate.hql.internal.ast.ErrorTracker - throwQueryException() : no errors
15:14:39.166 [Test worker] DEBUG org.hibernate.hql.internal.ast.QueryTranslatorImpl - --- HQL AST ---
 \-[QUERY] Node: 'query'
    \-[SELECT_FROM] Node: 'SELECT_FROM'
       +-[FROM] Node: 'FROM'
       |  \-[RANGE] Node: 'RANGE'
       |     +-[DOT] Node: '.'
       |     |  +-[DOT] Node: '.'
       |     |  |  +-[DOT] Node: '.'
       |     |  |  |  +-[DOT] Node: '.'
       |     |  |  |  |  +-[DOT] Node: '.'
       |     |  |  |  |  |  +-[IDENT] Node: 'com'
       |     |  |  |  |  |  \-[IDENT] Node: 'epam'
       |     |  |  |  |  \-[IDENT] Node: 'esm'
       |     |  |  |  \-[IDENT] Node: 'model'
       |     |  |  \-[IDENT] Node: 'entity'
       |     |  \-[IDENT] Node: 'CertificateEntity'
       |     \-[ALIAS] Node: 'cert'
       \-[SELECT] Node: 'SELECT'
          \-[IDENT] Node: 'cert'

15:14:39.167 [Test worker] DEBUG org.hibernate.hql.internal.antlr.HqlSqlBaseWalker - select << begin [level=1, statement=select]
15:14:39.167 [Test worker] DEBUG org.hibernate.hql.internal.ast.tree.FromElement - FromClause{level=1} : com.epam.esm.model.entity.CertificateEntity (cert) -> certificat0_
15:14:39.168 [Test worker] DEBUG org.hibernate.hql.internal.ast.tree.FromReferenceNode - Resolved : cert -> certificat0_.id
15:14:39.168 [Test worker] DEBUG org.hibernate.hql.internal.antlr.HqlSqlBaseWalker - select : finishing up [level=1, statement=select]
15:14:39.168 [Test worker] DEBUG org.hibernate.hql.internal.ast.HqlSqlWalker - processQuery() :  ( SELECT ( {select clause} certificat0_.id ) ( FromClause{level=1} CertificateEntity certificat0_ ) )
15:14:39.169 [Test worker] DEBUG org.hibernate.hql.internal.ast.util.JoinProcessor - Tables referenced from query nodes:
 \-QueryNode
    +-SelectClause
    | referencedTables(entity CertificateEntity): [CertificateEntity]
    |  +-IdentNode
    |  | persister: SingleTableEntityPersister(com.epam.esm.model.entity.CertificateEntity)
    |  | originalText: cert
    |  \-SqlFragment
    \-FromClause
       \-FromElement

15:14:39.169 [Test worker] DEBUG org.hibernate.hql.internal.ast.util.JoinProcessor - Using FROM fragment [CertificateEntity certificat0_]
15:14:39.169 [Test worker] DEBUG org.hibernate.hql.internal.antlr.HqlSqlBaseWalker - select >> end [level=1, statement=select]
15:14:39.169 [Test worker] DEBUG org.hibernate.hql.internal.ast.QueryTranslatorImpl - --- SQL AST ---
 \-[SELECT] QueryNode: 'SELECT'  querySpaces (CertificateEntity)
    +-[SELECT_CLAUSE] SelectClause: '{select clause}'
    |  +-[ALIAS_REF] IdentNode: 'certificat0_.id as id1_0_' {alias=cert, className=com.epam.esm.model.entity.CertificateEntity, tableAlias=certificat0_}
    |  \-[SQL_TOKEN] SqlFragment: 'certificat0_.createDate as createda2_0_, certificat0_.description as descript3_0_, certificat0_.duration as duration4_0_, certificat0_.lastUpdateDate as lastupda5_0_, certificat0_.name as name6_0_, certificat0_.price as price7_0_'
    \-[FROM] FromClause: 'FROM' FromClause{level=1, fromElementCounter=1, fromElements=1, fromElementByClassAlias=[cert], fromElementByTableAlias=[certificat0_], fromElementsByPath=[], collectionJoinFromElementsByPath=[], impliedElements=[]}
       \-[FROM_FRAGMENT] FromElement: 'CertificateEntity certificat0_' FromElement{explicit,not a collection join,not a fetch join,fetch non-lazy properties,classAlias=cert,role=null,tableName=CertificateEntity,tableAlias=certificat0_,origin=null,columns={,className=com.epam.esm.model.entity.CertificateEntity}}

15:14:39.169 [Test worker] DEBUG org.hibernate.hql.internal.ast.ErrorTracker - throwQueryException() : no errors
15:14:39.169 [Test worker] DEBUG org.hibernate.hql.internal.ast.QueryTranslatorImpl - HQL: SELECT cert FROM com.epam.esm.model.entity.CertificateEntity cert
15:14:39.170 [Test worker] DEBUG org.hibernate.hql.internal.ast.QueryTranslatorImpl - SQL: select certificat0_.id as id1_0_, certificat0_.createDate as createda2_0_, certificat0_.description as descript3_0_, certificat0_.duration as duration4_0_, certificat0_.lastUpdateDate as lastupda5_0_, certificat0_.name as name6_0_, certificat0_.price as price7_0_ from CertificateEntity certificat0_
15:14:39.170 [Test worker] DEBUG org.hibernate.hql.internal.ast.ErrorTracker - throwQueryException() : no errors
15:14:39.170 [Test worker] DEBUG org.hibernate.SQL - select certificat0_.id as id1_0_, certificat0_.createDate as createda2_0_, certificat0_.description as descript3_0_, certificat0_.duration as duration4_0_, certificat0_.lastUpdateDate as lastupda5_0_, certificat0_.name as name6_0_, certificat0_.price as price7_0_ from CertificateEntity certificat0_
Hibernate: select certificat0_.id as id1_0_, certificat0_.createDate as createda2_0_, certificat0_.description as descript3_0_, certificat0_.duration as duration4_0_, certificat0_.lastUpdateDate as lastupda5_0_, certificat0_.name as name6_0_, certificat0_.price as price7_0_ from CertificateEntity certificat0_
15:14:39.171 [Test worker] DEBUG org.hibernate.loader.Loader - Result set row: 0
15:14:39.173 [Test worker] DEBUG org.hibernate.loader.Loader - Result row: EntityKey[com.epam.esm.model.entity.CertificateEntity#2]
15:14:39.177 [Test worker] DEBUG org.hibernate.loader.Loader - Result set row: 1
15:14:39.177 [Test worker] DEBUG org.hibernate.loader.Loader - Result row: EntityKey[com.epam.esm.model.entity.CertificateEntity#3]
15:14:39.177 [Test worker] DEBUG org.hibernate.loader.Loader - Result set row: 2
15:14:39.178 [Test worker] DEBUG org.hibernate.loader.Loader - Result row: EntityKey[com.epam.esm.model.entity.CertificateEntity#4]
15:14:39.178 [Test worker] DEBUG org.hibernate.loader.Loader - Result set row: 3
15:14:39.178 [Test worker] DEBUG org.hibernate.loader.Loader - Result row: EntityKey[com.epam.esm.model.entity.CertificateEntity#5]
15:14:39.178 [Test worker] DEBUG org.hibernate.loader.Loader - Result set row: 4
15:14:39.178 [Test worker] DEBUG org.hibernate.loader.Loader - Result row: EntityKey[com.epam.esm.model.entity.CertificateEntity#6]
15:14:39.178 [Test worker] DEBUG org.hibernate.loader.Loader - Result set row: 5
15:14:39.178 [Test worker] DEBUG org.hibernate.loader.Loader - Result row: EntityKey[com.epam.esm.model.entity.CertificateEntity#7]
15:14:39.179 [Test worker] DEBUG org.hibernate.loader.Loader - Result set row: 6
15:14:39.179 [Test worker] DEBUG org.hibernate.loader.Loader - Result row: EntityKey[com.epam.esm.model.entity.CertificateEntity#8]
15:14:39.179 [Test worker] DEBUG org.hibernate.loader.Loader - Result set row: 7
15:14:39.179 [Test worker] DEBUG org.hibernate.loader.Loader - Result row: EntityKey[com.epam.esm.model.entity.CertificateEntity#9]
15:14:39.179 [Test worker] DEBUG org.hibernate.loader.Loader - Result set row: 8
15:14:39.179 [Test worker] DEBUG org.hibernate.loader.Loader - Result row: EntityKey[com.epam.esm.model.entity.CertificateEntity#10]
15:14:39.179 [Test worker] DEBUG org.hibernate.loader.Loader - Result set row: 9
15:14:39.179 [Test worker] DEBUG org.hibernate.loader.Loader - Result row: EntityKey[com.epam.esm.model.entity.CertificateEntity#11]
15:14:39.181 [Test worker] DEBUG org.hibernate.engine.internal.TwoPhaseLoad - Resolving attributes for [com.epam.esm.model.entity.CertificateEntity#2]
15:14:39.181 [Test worker] DEBUG org.hibernate.engine.internal.TwoPhaseLoad - Processing attribute `createDate` : value = null
15:14:39.181 [Test worker] DEBUG org.hibernate.engine.internal.TwoPhaseLoad - Attribute (`createDate`)  - enhanced for lazy-loading? - false
15:14:39.181 [Test worker] DEBUG org.hibernate.engine.internal.TwoPhaseLoad - Processing attribute `description` : value = null
15:14:39.181 [Test worker] DEBUG org.hibernate.engine.internal.TwoPhaseLoad - Attribute (`description`)  - enhanced for lazy-loading? - false
15:14:39.181 [Test worker] DEBUG org.hibernate.engine.internal.TwoPhaseLoad - Processing attribute `duration` : value = 0
15:14:39.182 [Test worker] DEBUG org.hibernate.engine.internal.TwoPhaseLoad - Attribute (`duration`)  - enhanced for lazy-loading? - false
15:14:39.182 [Test worker] DEBUG org.hibernate.engine.internal.TwoPhaseLoad - Processing attribute `lastUpdateDate` : value = null
15:14:39.182 [Test worker] DEBUG org.hibernate.engine.internal.TwoPhaseLoad - Attribute (`lastUpdateDate`)  - enhanced for lazy-loading? - false
15:14:39.182 [Test worker] DEBUG org.hibernate.engine.internal.TwoPhaseLoad - Processing attribute `name` : value = 0
15:14:39.182 [Test worker] DEBUG org.hibernate.engine.internal.TwoPhaseLoad - Attribute (`name`)  - enhanced for lazy-loading? - false
15:14:39.182 [Test worker] DEBUG org.hibernate.engine.internal.TwoPhaseLoad - Processing attribute `price` : value = 0.0
15:14:39.182 [Test worker] DEBUG org.hibernate.engine.internal.TwoPhaseLoad - Attribute (`price`)  - enhanced for lazy-loading? - false
15:14:39.182 [Test worker] DEBUG org.hibernate.engine.internal.TwoPhaseLoad - Processing attribute `tagEntities` : value = NOT NULL COLLECTION
15:14:39.182 [Test worker] DEBUG org.hibernate.engine.internal.TwoPhaseLoad - Attribute (`tagEntities`)  - enhanced for lazy-loading? - false
15:14:39.184 [Test worker] DEBUG org.hibernate.engine.internal.TwoPhaseLoad - Done materializing entity [com.epam.esm.model.entity.CertificateEntity#2]
15:14:39.184 [Test worker] DEBUG org.hibernate.engine.internal.TwoPhaseLoad - Resolving attributes for [com.epam.esm.model.entity.CertificateEntity#3]
15:14:39.184 [Test worker] DEBUG org.hibernate.engine.internal.TwoPhaseLoad - Processing attribute `createDate` : value = null
15:14:39.184 [Test worker] DEBUG org.hibernate.engine.internal.TwoPhaseLoad - Attribute (`createDate`)  - enhanced for lazy-loading? - false
15:14:39.184 [Test worker] DEBUG org.hibernate.engine.internal.TwoPhaseLoad - Processing attribute `description` : value = null
15:14:39.184 [Test worker] DEBUG org.hibernate.engine.internal.TwoPhaseLoad - Attribute (`description`)  - enhanced for lazy-loading? - false
15:14:39.184 [Test worker] DEBUG org.hibernate.engine.internal.TwoPhaseLoad - Processing attribute `duration` : value = 0
15:14:39.184 [Test worker] DEBUG org.hibernate.engine.internal.TwoPhaseLoad - Attribute (`duration`)  - enhanced for lazy-loading? - false
15:14:39.184 [Test worker] DEBUG org.hibernate.engine.internal.TwoPhaseLoad - Processing attribute `lastUpdateDate` : value = null
15:14:39.184 [Test worker] DEBUG org.hibernate.engine.internal.TwoPhaseLoad - Attribute (`lastUpdateDate`)  - enhanced for lazy-loading? - false
15:14:39.185 [Test worker] DEBUG org.hibernate.engine.internal.TwoPhaseLoad - Processing attribute `name` : value = 1
15:14:39.185 [Test worker] DEBUG org.hibernate.engine.internal.TwoPhaseLoad - Attribute (`name`)  - enhanced for lazy-loading? - false
15:14:39.185 [Test worker] DEBUG org.hibernate.engine.internal.TwoPhaseLoad - Processing attribute `price` : value = 0.0
15:14:39.185 [Test worker] DEBUG org.hibernate.engine.internal.TwoPhaseLoad - Attribute (`price`)  - enhanced for lazy-loading? - false
15:14:39.185 [Test worker] DEBUG org.hibernate.engine.internal.TwoPhaseLoad - Processing attribute `tagEntities` : value = NOT NULL COLLECTION
15:14:39.185 [Test worker] DEBUG org.hibernate.engine.internal.TwoPhaseLoad - Attribute (`tagEntities`)  - enhanced for lazy-loading? - false
15:14:39.185 [Test worker] DEBUG org.hibernate.engine.internal.TwoPhaseLoad - Done materializing entity [com.epam.esm.model.entity.CertificateEntity#3]
15:14:39.185 [Test worker] DEBUG org.hibernate.engine.internal.TwoPhaseLoad - Resolving attributes for [com.epam.esm.model.entity.CertificateEntity#4]
15:14:39.185 [Test worker] DEBUG org.hibernate.engine.internal.TwoPhaseLoad - Processing attribute `createDate` : value = null
15:14:39.185 [Test worker] DEBUG org.hibernate.engine.internal.TwoPhaseLoad - Attribute (`createDate`)  - enhanced for lazy-loading? - false
15:14:39.185 [Test worker] DEBUG org.hibernate.engine.internal.TwoPhaseLoad - Processing attribute `description` : value = null
15:14:39.185 [Test worker] DEBUG org.hibernate.engine.internal.TwoPhaseLoad - Attribute (`description`)  - enhanced for lazy-loading? - false
15:14:39.185 [Test worker] DEBUG org.hibernate.engine.internal.TwoPhaseLoad - Processing attribute `duration` : value = 0
15:14:39.185 [Test worker] DEBUG org.hibernate.engine.internal.TwoPhaseLoad - Attribute (`duration`)  - enhanced for lazy-loading? - false
15:14:39.185 [Test worker] DEBUG org.hibernate.engine.internal.TwoPhaseLoad - Processing attribute `lastUpdateDate` : value = null
15:14:39.185 [Test worker] DEBUG org.hibernate.engine.internal.TwoPhaseLoad - Attribute (`lastUpdateDate`)  - enhanced for lazy-loading? - false
15:14:39.185 [Test worker] DEBUG org.hibernate.engine.internal.TwoPhaseLoad - Processing attribute `name` : value = 2
15:14:39.185 [Test worker] DEBUG org.hibernate.engine.internal.TwoPhaseLoad - Attribute (`name`)  - enhanced for lazy-loading? - false
15:14:39.185 [Test worker] DEBUG org.hibernate.engine.internal.TwoPhaseLoad - Processing attribute `price` : value = 0.0
15:14:39.185 [Test worker] DEBUG org.hibernate.engine.internal.TwoPhaseLoad - Attribute (`price`)  - enhanced for lazy-loading? - false
15:14:39.185 [Test worker] DEBUG org.hibernate.engine.internal.TwoPhaseLoad - Processing attribute `tagEntities` : value = NOT NULL COLLECTION
15:14:39.185 [Test worker] DEBUG org.hibernate.engine.internal.TwoPhaseLoad - Attribute (`tagEntities`)  - enhanced for lazy-loading? - false
15:14:39.186 [Test worker] DEBUG org.hibernate.engine.internal.TwoPhaseLoad - Done materializing entity [com.epam.esm.model.entity.CertificateEntity#4]
15:14:39.186 [Test worker] DEBUG org.hibernate.engine.internal.TwoPhaseLoad - Resolving attributes for [com.epam.esm.model.entity.CertificateEntity#5]
15:14:39.186 [Test worker] DEBUG org.hibernate.engine.internal.TwoPhaseLoad - Processing attribute `createDate` : value = null
15:14:39.186 [Test worker] DEBUG org.hibernate.engine.internal.TwoPhaseLoad - Attribute (`createDate`)  - enhanced for lazy-loading? - false
15:14:39.186 [Test worker] DEBUG org.hibernate.engine.internal.TwoPhaseLoad - Processing attribute `description` : value = null
15:14:39.186 [Test worker] DEBUG org.hibernate.engine.internal.TwoPhaseLoad - Attribute (`description`)  - enhanced for lazy-loading? - false
15:14:39.186 [Test worker] DEBUG org.hibernate.engine.internal.TwoPhaseLoad - Processing attribute `duration` : value = 0
15:14:39.186 [Test worker] DEBUG org.hibernate.engine.internal.TwoPhaseLoad - Attribute (`duration`)  - enhanced for lazy-loading? - false
15:14:39.186 [Test worker] DEBUG org.hibernate.engine.internal.TwoPhaseLoad - Processing attribute `lastUpdateDate` : value = null
15:14:39.186 [Test worker] DEBUG org.hibernate.engine.internal.TwoPhaseLoad - Attribute (`lastUpdateDate`)  - enhanced for lazy-loading? - false
15:14:39.186 [Test worker] DEBUG org.hibernate.engine.internal.TwoPhaseLoad - Processing attribute `name` : value = 3
15:14:39.186 [Test worker] DEBUG org.hibernate.engine.internal.TwoPhaseLoad - Attribute (`name`)  - enhanced for lazy-loading? - false
15:14:39.186 [Test worker] DEBUG org.hibernate.engine.internal.TwoPhaseLoad - Processing attribute `price` : value = 0.0
15:14:39.186 [Test worker] DEBUG org.hibernate.engine.internal.TwoPhaseLoad - Attribute (`price`)  - enhanced for lazy-loading? - false
15:14:39.186 [Test worker] DEBUG org.hibernate.engine.internal.TwoPhaseLoad - Processing attribute `tagEntities` : value = NOT NULL COLLECTION
15:14:39.186 [Test worker] DEBUG org.hibernate.engine.internal.TwoPhaseLoad - Attribute (`tagEntities`)  - enhanced for lazy-loading? - false
15:14:39.186 [Test worker] DEBUG org.hibernate.engine.internal.TwoPhaseLoad - Done materializing entity [com.epam.esm.model.entity.CertificateEntity#5]
15:14:39.186 [Test worker] DEBUG org.hibernate.engine.internal.TwoPhaseLoad - Resolving attributes for [com.epam.esm.model.entity.CertificateEntity#6]
15:14:39.186 [Test worker] DEBUG org.hibernate.engine.internal.TwoPhaseLoad - Processing attribute `createDate` : value = null
15:14:39.186 [Test worker] DEBUG org.hibernate.engine.internal.TwoPhaseLoad - Attribute (`createDate`)  - enhanced for lazy-loading? - false
15:14:39.186 [Test worker] DEBUG org.hibernate.engine.internal.TwoPhaseLoad - Processing attribute `description` : value = null
15:14:39.186 [Test worker] DEBUG org.hibernate.engine.internal.TwoPhaseLoad - Attribute (`description`)  - enhanced for lazy-loading? - false
15:14:39.186 [Test worker] DEBUG org.hibernate.engine.internal.TwoPhaseLoad - Processing attribute `duration` : value = 0
15:14:39.186 [Test worker] DEBUG org.hibernate.engine.internal.TwoPhaseLoad - Attribute (`duration`)  - enhanced for lazy-loading? - false
15:14:39.186 [Test worker] DEBUG org.hibernate.engine.internal.TwoPhaseLoad - Processing attribute `lastUpdateDate` : value = null
15:14:39.187 [Test worker] DEBUG org.hibernate.engine.internal.TwoPhaseLoad - Attribute (`lastUpdateDate`)  - enhanced for lazy-loading? - false
15:14:39.187 [Test worker] DEBUG org.hibernate.engine.internal.TwoPhaseLoad - Processing attribute `name` : value = 4
15:14:39.187 [Test worker] DEBUG org.hibernate.engine.internal.TwoPhaseLoad - Attribute (`name`)  - enhanced for lazy-loading? - false
15:14:39.187 [Test worker] DEBUG org.hibernate.engine.internal.TwoPhaseLoad - Processing attribute `price` : value = 0.0
15:14:39.187 [Test worker] DEBUG org.hibernate.engine.internal.TwoPhaseLoad - Attribute (`price`)  - enhanced for lazy-loading? - false
15:14:39.187 [Test worker] DEBUG org.hibernate.engine.internal.TwoPhaseLoad - Processing attribute `tagEntities` : value = NOT NULL COLLECTION
15:14:39.187 [Test worker] DEBUG org.hibernate.engine.internal.TwoPhaseLoad - Attribute (`tagEntities`)  - enhanced for lazy-loading? - false
15:14:39.187 [Test worker] DEBUG org.hibernate.engine.internal.TwoPhaseLoad - Done materializing entity [com.epam.esm.model.entity.CertificateEntity#6]
15:14:39.187 [Test worker] DEBUG org.hibernate.engine.internal.TwoPhaseLoad - Resolving attributes for [com.epam.esm.model.entity.CertificateEntity#7]
15:14:39.187 [Test worker] DEBUG org.hibernate.engine.internal.TwoPhaseLoad - Processing attribute `createDate` : value = null
15:14:39.187 [Test worker] DEBUG org.hibernate.engine.internal.TwoPhaseLoad - Attribute (`createDate`)  - enhanced for lazy-loading? - false
15:14:39.187 [Test worker] DEBUG org.hibernate.engine.internal.TwoPhaseLoad - Processing attribute `description` : value = null
15:14:39.187 [Test worker] DEBUG org.hibernate.engine.internal.TwoPhaseLoad - Attribute (`description`)  - enhanced for lazy-loading? - false
15:14:39.187 [Test worker] DEBUG org.hibernate.engine.internal.TwoPhaseLoad - Processing attribute `duration` : value = 0
15:14:39.187 [Test worker] DEBUG org.hibernate.engine.internal.TwoPhaseLoad - Attribute (`duration`)  - enhanced for lazy-loading? - false
15:14:39.187 [Test worker] DEBUG org.hibernate.engine.internal.TwoPhaseLoad - Processing attribute `lastUpdateDate` : value = null
15:14:39.187 [Test worker] DEBUG org.hibernate.engine.internal.TwoPhaseLoad - Attribute (`lastUpdateDate`)  - enhanced for lazy-loading? - false
15:14:39.187 [Test worker] DEBUG org.hibernate.engine.internal.TwoPhaseLoad - Processing attribute `name` : value = 5
15:14:39.187 [Test worker] DEBUG org.hibernate.engine.internal.TwoPhaseLoad - Attribute (`name`)  - enhanced for lazy-loading? - false
15:14:39.187 [Test worker] DEBUG org.hibernate.engine.internal.TwoPhaseLoad - Processing attribute `price` : value = 0.0
15:14:39.187 [Test worker] DEBUG org.hibernate.engine.internal.TwoPhaseLoad - Attribute (`price`)  - enhanced for lazy-loading? - false
15:14:39.187 [Test worker] DEBUG org.hibernate.engine.internal.TwoPhaseLoad - Processing attribute `tagEntities` : value = NOT NULL COLLECTION
15:14:39.187 [Test worker] DEBUG org.hibernate.engine.internal.TwoPhaseLoad - Attribute (`tagEntities`)  - enhanced for lazy-loading? - false
15:14:39.188 [Test worker] DEBUG org.hibernate.engine.internal.TwoPhaseLoad - Done materializing entity [com.epam.esm.model.entity.CertificateEntity#7]
15:14:39.188 [Test worker] DEBUG org.hibernate.engine.internal.TwoPhaseLoad - Resolving attributes for [com.epam.esm.model.entity.CertificateEntity#8]
15:14:39.188 [Test worker] DEBUG org.hibernate.engine.internal.TwoPhaseLoad - Processing attribute `createDate` : value = null
15:14:39.188 [Test worker] DEBUG org.hibernate.engine.internal.TwoPhaseLoad - Attribute (`createDate`)  - enhanced for lazy-loading? - false
15:14:39.188 [Test worker] DEBUG org.hibernate.engine.internal.TwoPhaseLoad - Processing attribute `description` : value = null
15:14:39.188 [Test worker] DEBUG org.hibernate.engine.internal.TwoPhaseLoad - Attribute (`description`)  - enhanced for lazy-loading? - false
15:14:39.188 [Test worker] DEBUG org.hibernate.engine.internal.TwoPhaseLoad - Processing attribute `duration` : value = 0
15:14:39.188 [Test worker] DEBUG org.hibernate.engine.internal.TwoPhaseLoad - Attribute (`duration`)  - enhanced for lazy-loading? - false
15:14:39.188 [Test worker] DEBUG org.hibernate.engine.internal.TwoPhaseLoad - Processing attribute `lastUpdateDate` : value = null
15:14:39.188 [Test worker] DEBUG org.hibernate.engine.internal.TwoPhaseLoad - Attribute (`lastUpdateDate`)  - enhanced for lazy-loading? - false
15:14:39.188 [Test worker] DEBUG org.hibernate.engine.internal.TwoPhaseLoad - Processing attribute `name` : value = 6
15:14:39.188 [Test worker] DEBUG org.hibernate.engine.internal.TwoPhaseLoad - Attribute (`name`)  - enhanced for lazy-loading? - false
15:14:39.188 [Test worker] DEBUG org.hibernate.engine.internal.TwoPhaseLoad - Processing attribute `price` : value = 0.0
15:14:39.188 [Test worker] DEBUG org.hibernate.engine.internal.TwoPhaseLoad - Attribute (`price`)  - enhanced for lazy-loading? - false
15:14:39.188 [Test worker] DEBUG org.hibernate.engine.internal.TwoPhaseLoad - Processing attribute `tagEntities` : value = NOT NULL COLLECTION
15:14:39.188 [Test worker] DEBUG org.hibernate.engine.internal.TwoPhaseLoad - Attribute (`tagEntities`)  - enhanced for lazy-loading? - false
15:14:39.188 [Test worker] DEBUG org.hibernate.engine.internal.TwoPhaseLoad - Done materializing entity [com.epam.esm.model.entity.CertificateEntity#8]
15:14:39.188 [Test worker] DEBUG org.hibernate.engine.internal.TwoPhaseLoad - Resolving attributes for [com.epam.esm.model.entity.CertificateEntity#9]
15:14:39.188 [Test worker] DEBUG org.hibernate.engine.internal.TwoPhaseLoad - Processing attribute `createDate` : value = null
15:14:39.188 [Test worker] DEBUG org.hibernate.engine.internal.TwoPhaseLoad - Attribute (`createDate`)  - enhanced for lazy-loading? - false
15:14:39.188 [Test worker] DEBUG org.hibernate.engine.internal.TwoPhaseLoad - Processing attribute `description` : value = null
15:14:39.188 [Test worker] DEBUG org.hibernate.engine.internal.TwoPhaseLoad - Attribute (`description`)  - enhanced for lazy-loading? - false
15:14:39.188 [Test worker] DEBUG org.hibernate.engine.internal.TwoPhaseLoad - Processing attribute `duration` : value = 0
15:14:39.189 [Test worker] DEBUG org.hibernate.engine.internal.TwoPhaseLoad - Attribute (`duration`)  - enhanced for lazy-loading? - false
15:14:39.189 [Test worker] DEBUG org.hibernate.engine.internal.TwoPhaseLoad - Processing attribute `lastUpdateDate` : value = null
15:14:39.189 [Test worker] DEBUG org.hibernate.engine.internal.TwoPhaseLoad - Attribute (`lastUpdateDate`)  - enhanced for lazy-loading? - false
15:14:39.189 [Test worker] DEBUG org.hibernate.engine.internal.TwoPhaseLoad - Processing attribute `name` : value = 7
15:14:39.189 [Test worker] DEBUG org.hibernate.engine.internal.TwoPhaseLoad - Attribute (`name`)  - enhanced for lazy-loading? - false
15:14:39.189 [Test worker] DEBUG org.hibernate.engine.internal.TwoPhaseLoad - Processing attribute `price` : value = 0.0
15:14:39.189 [Test worker] DEBUG org.hibernate.engine.internal.TwoPhaseLoad - Attribute (`price`)  - enhanced for lazy-loading? - false
15:14:39.189 [Test worker] DEBUG org.hibernate.engine.internal.TwoPhaseLoad - Processing attribute `tagEntities` : value = NOT NULL COLLECTION
15:14:39.189 [Test worker] DEBUG org.hibernate.engine.internal.TwoPhaseLoad - Attribute (`tagEntities`)  - enhanced for lazy-loading? - false
15:14:39.189 [Test worker] DEBUG org.hibernate.engine.internal.TwoPhaseLoad - Done materializing entity [com.epam.esm.model.entity.CertificateEntity#9]
15:14:39.189 [Test worker] DEBUG org.hibernate.engine.internal.TwoPhaseLoad - Resolving attributes for [com.epam.esm.model.entity.CertificateEntity#10]
15:14:39.189 [Test worker] DEBUG org.hibernate.engine.internal.TwoPhaseLoad - Processing attribute `createDate` : value = null
15:14:39.189 [Test worker] DEBUG org.hibernate.engine.internal.TwoPhaseLoad - Attribute (`createDate`)  - enhanced for lazy-loading? - false
15:14:39.189 [Test worker] DEBUG org.hibernate.engine.internal.TwoPhaseLoad - Processing attribute `description` : value = null
15:14:39.189 [Test worker] DEBUG org.hibernate.engine.internal.TwoPhaseLoad - Attribute (`description`)  - enhanced for lazy-loading? - false
15:14:39.189 [Test worker] DEBUG org.hibernate.engine.internal.TwoPhaseLoad - Processing attribute `duration` : value = 0
15:14:39.189 [Test worker] DEBUG org.hibernate.engine.internal.TwoPhaseLoad - Attribute (`duration`)  - enhanced for lazy-loading? - false
15:14:39.189 [Test worker] DEBUG org.hibernate.engine.internal.TwoPhaseLoad - Processing attribute `lastUpdateDate` : value = null
15:14:39.189 [Test worker] DEBUG org.hibernate.engine.internal.TwoPhaseLoad - Attribute (`lastUpdateDate`)  - enhanced for lazy-loading? - false
15:14:39.189 [Test worker] DEBUG org.hibernate.engine.internal.TwoPhaseLoad - Processing attribute `name` : value = 8
15:14:39.189 [Test worker] DEBUG org.hibernate.engine.internal.TwoPhaseLoad - Attribute (`name`)  - enhanced for lazy-loading? - false
15:14:39.189 [Test worker] DEBUG org.hibernate.engine.internal.TwoPhaseLoad - Processing attribute `price` : value = 0.0
15:14:39.189 [Test worker] DEBUG org.hibernate.engine.internal.TwoPhaseLoad - Attribute (`price`)  - enhanced for lazy-loading? - false
15:14:39.189 [Test worker] DEBUG org.hibernate.engine.internal.TwoPhaseLoad - Processing attribute `tagEntities` : value = NOT NULL COLLECTION
15:14:39.189 [Test worker] DEBUG org.hibernate.engine.internal.TwoPhaseLoad - Attribute (`tagEntities`)  - enhanced for lazy-loading? - false
15:14:39.190 [Test worker] DEBUG org.hibernate.engine.internal.TwoPhaseLoad - Done materializing entity [com.epam.esm.model.entity.CertificateEntity#10]
15:14:39.190 [Test worker] DEBUG org.hibernate.engine.internal.TwoPhaseLoad - Resolving attributes for [com.epam.esm.model.entity.CertificateEntity#11]
15:14:39.190 [Test worker] DEBUG org.hibernate.engine.internal.TwoPhaseLoad - Processing attribute `createDate` : value = null
15:14:39.190 [Test worker] DEBUG org.hibernate.engine.internal.TwoPhaseLoad - Attribute (`createDate`)  - enhanced for lazy-loading? - false
15:14:39.190 [Test worker] DEBUG org.hibernate.engine.internal.TwoPhaseLoad - Processing attribute `description` : value = null
15:14:39.190 [Test worker] DEBUG org.hibernate.engine.internal.TwoPhaseLoad - Attribute (`description`)  - enhanced for lazy-loading? - false
15:14:39.190 [Test worker] DEBUG org.hibernate.engine.internal.TwoPhaseLoad - Processing attribute `duration` : value = 0
15:14:39.190 [Test worker] DEBUG org.hibernate.engine.internal.TwoPhaseLoad - Attribute (`duration`)  - enhanced for lazy-loading? - false
15:14:39.190 [Test worker] DEBUG org.hibernate.engine.internal.TwoPhaseLoad - Processing attribute `lastUpdateDate` : value = null
15:14:39.190 [Test worker] DEBUG org.hibernate.engine.internal.TwoPhaseLoad - Attribute (`lastUpdateDate`)  - enhanced for lazy-loading? - false
15:14:39.190 [Test worker] DEBUG org.hibernate.engine.internal.TwoPhaseLoad - Processing attribute `name` : value = 9
15:14:39.190 [Test worker] DEBUG org.hibernate.engine.internal.TwoPhaseLoad - Attribute (`name`)  - enhanced for lazy-loading? - false
15:14:39.190 [Test worker] DEBUG org.hibernate.engine.internal.TwoPhaseLoad - Processing attribute `price` : value = 0.0
15:14:39.190 [Test worker] DEBUG org.hibernate.engine.internal.TwoPhaseLoad - Attribute (`price`)  - enhanced for lazy-loading? - false
15:14:39.190 [Test worker] DEBUG org.hibernate.engine.internal.TwoPhaseLoad - Processing attribute `tagEntities` : value = NOT NULL COLLECTION
15:14:39.190 [Test worker] DEBUG org.hibernate.engine.internal.TwoPhaseLoad - Attribute (`tagEntities`)  - enhanced for lazy-loading? - false
15:14:39.190 [Test worker] DEBUG org.hibernate.engine.internal.TwoPhaseLoad - Done materializing entity [com.epam.esm.model.entity.CertificateEntity#11]
15:14:39.193 [Test worker] DEBUG org.hibernate.loader.collection.plan.AbstractLoadPlanBasedCollectionInitializer - Loading collection: [com.epam.esm.model.entity.CertificateEntity.tagEntities#11]
15:14:39.193 [Test worker] DEBUG org.hibernate.SQL - select tagentitie0_.CertificateEntity_id as certific1_1_0_, tagentitie0_.tagEntities_id as tagentit2_1_0_, tagentity1_.id as id1_4_1_, tagentity1_.name as name2_4_1_ from CertificateEntity_TagEntity tagentitie0_ inner join TagEntity tagentity1_ on tagentitie0_.tagEntities_id=tagentity1_.id where tagentitie0_.CertificateEntity_id=?
Hibernate: select tagentitie0_.CertificateEntity_id as certific1_1_0_, tagentitie0_.tagEntities_id as tagentit2_1_0_, tagentity1_.id as id1_4_1_, tagentity1_.name as name2_4_1_ from CertificateEntity_TagEntity tagentitie0_ inner join TagEntity tagentity1_ on tagentitie0_.tagEntities_id=tagentity1_.id where tagentitie0_.CertificateEntity_id=?
15:14:39.196 [Test worker] DEBUG org.hibernate.loader.plan.exec.process.internal.ResultSetProcessorImpl - Preparing collection initializer : [com.epam.esm.model.entity.CertificateEntity.tagEntities#11]
15:14:39.200 [Test worker] DEBUG org.hibernate.engine.loading.internal.CollectionLoadContext - 1 collections were found in result set for role: com.epam.esm.model.entity.CertificateEntity.tagEntities
15:14:39.200 [Test worker] DEBUG org.hibernate.engine.loading.internal.CollectionLoadContext - Collection fully initialized: [com.epam.esm.model.entity.CertificateEntity.tagEntities#11]
15:14:39.200 [Test worker] DEBUG org.hibernate.engine.loading.internal.CollectionLoadContext - 1 collections initialized for role: com.epam.esm.model.entity.CertificateEntity.tagEntities
15:14:39.201 [Test worker] DEBUG org.hibernate.loader.collection.plan.AbstractLoadPlanBasedCollectionInitializer - Done loading collection
15:14:39.201 [Test worker] DEBUG org.hibernate.loader.collection.plan.AbstractLoadPlanBasedCollectionInitializer - Loading collection: [com.epam.esm.model.entity.CertificateEntity.tagEntities#10]
15:14:39.201 [Test worker] DEBUG org.hibernate.SQL - select tagentitie0_.CertificateEntity_id as certific1_1_0_, tagentitie0_.tagEntities_id as tagentit2_1_0_, tagentity1_.id as id1_4_1_, tagentity1_.name as name2_4_1_ from CertificateEntity_TagEntity tagentitie0_ inner join TagEntity tagentity1_ on tagentitie0_.tagEntities_id=tagentity1_.id where tagentitie0_.CertificateEntity_id=?
Hibernate: select tagentitie0_.CertificateEntity_id as certific1_1_0_, tagentitie0_.tagEntities_id as tagentit2_1_0_, tagentity1_.id as id1_4_1_, tagentity1_.name as name2_4_1_ from CertificateEntity_TagEntity tagentitie0_ inner join TagEntity tagentity1_ on tagentitie0_.tagEntities_id=tagentity1_.id where tagentitie0_.CertificateEntity_id=?
15:14:39.202 [Test worker] DEBUG org.hibernate.loader.plan.exec.process.internal.ResultSetProcessorImpl - Preparing collection initializer : [com.epam.esm.model.entity.CertificateEntity.tagEntities#10]
15:14:39.202 [Test worker] DEBUG org.hibernate.engine.loading.internal.CollectionLoadContext - 1 collections were found in result set for role: com.epam.esm.model.entity.CertificateEntity.tagEntities
15:14:39.202 [Test worker] DEBUG org.hibernate.engine.loading.internal.CollectionLoadContext - Collection fully initialized: [com.epam.esm.model.entity.CertificateEntity.tagEntities#10]
15:14:39.202 [Test worker] DEBUG org.hibernate.engine.loading.internal.CollectionLoadContext - 1 collections initialized for role: com.epam.esm.model.entity.CertificateEntity.tagEntities
15:14:39.202 [Test worker] DEBUG org.hibernate.loader.collection.plan.AbstractLoadPlanBasedCollectionInitializer - Done loading collection
15:14:39.202 [Test worker] DEBUG org.hibernate.loader.collection.plan.AbstractLoadPlanBasedCollectionInitializer - Loading collection: [com.epam.esm.model.entity.CertificateEntity.tagEntities#9]
15:14:39.202 [Test worker] DEBUG org.hibernate.SQL - select tagentitie0_.CertificateEntity_id as certific1_1_0_, tagentitie0_.tagEntities_id as tagentit2_1_0_, tagentity1_.id as id1_4_1_, tagentity1_.name as name2_4_1_ from CertificateEntity_TagEntity tagentitie0_ inner join TagEntity tagentity1_ on tagentitie0_.tagEntities_id=tagentity1_.id where tagentitie0_.CertificateEntity_id=?
Hibernate: select tagentitie0_.CertificateEntity_id as certific1_1_0_, tagentitie0_.tagEntities_id as tagentit2_1_0_, tagentity1_.id as id1_4_1_, tagentity1_.name as name2_4_1_ from CertificateEntity_TagEntity tagentitie0_ inner join TagEntity tagentity1_ on tagentitie0_.tagEntities_id=tagentity1_.id where tagentitie0_.CertificateEntity_id=?
15:14:39.203 [Test worker] DEBUG org.hibernate.loader.plan.exec.process.internal.ResultSetProcessorImpl - Preparing collection initializer : [com.epam.esm.model.entity.CertificateEntity.tagEntities#9]
15:14:39.203 [Test worker] DEBUG org.hibernate.engine.loading.internal.CollectionLoadContext - 1 collections were found in result set for role: com.epam.esm.model.entity.CertificateEntity.tagEntities
15:14:39.203 [Test worker] DEBUG org.hibernate.engine.loading.internal.CollectionLoadContext - Collection fully initialized: [com.epam.esm.model.entity.CertificateEntity.tagEntities#9]
15:14:39.203 [Test worker] DEBUG org.hibernate.engine.loading.internal.CollectionLoadContext - 1 collections initialized for role: com.epam.esm.model.entity.CertificateEntity.tagEntities
15:14:39.203 [Test worker] DEBUG org.hibernate.loader.collection.plan.AbstractLoadPlanBasedCollectionInitializer - Done loading collection
15:14:39.204 [Test worker] DEBUG org.hibernate.loader.collection.plan.AbstractLoadPlanBasedCollectionInitializer - Loading collection: [com.epam.esm.model.entity.CertificateEntity.tagEntities#8]
15:14:39.204 [Test worker] DEBUG org.hibernate.SQL - select tagentitie0_.CertificateEntity_id as certific1_1_0_, tagentitie0_.tagEntities_id as tagentit2_1_0_, tagentity1_.id as id1_4_1_, tagentity1_.name as name2_4_1_ from CertificateEntity_TagEntity tagentitie0_ inner join TagEntity tagentity1_ on tagentitie0_.tagEntities_id=tagentity1_.id where tagentitie0_.CertificateEntity_id=?
Hibernate: select tagentitie0_.CertificateEntity_id as certific1_1_0_, tagentitie0_.tagEntities_id as tagentit2_1_0_, tagentity1_.id as id1_4_1_, tagentity1_.name as name2_4_1_ from CertificateEntity_TagEntity tagentitie0_ inner join TagEntity tagentity1_ on tagentitie0_.tagEntities_id=tagentity1_.id where tagentitie0_.CertificateEntity_id=?
15:14:39.204 [Test worker] DEBUG org.hibernate.loader.plan.exec.process.internal.ResultSetProcessorImpl - Preparing collection initializer : [com.epam.esm.model.entity.CertificateEntity.tagEntities#8]
15:14:39.204 [Test worker] DEBUG org.hibernate.engine.loading.internal.CollectionLoadContext - 1 collections were found in result set for role: com.epam.esm.model.entity.CertificateEntity.tagEntities
15:14:39.204 [Test worker] DEBUG org.hibernate.engine.loading.internal.CollectionLoadContext - Collection fully initialized: [com.epam.esm.model.entity.CertificateEntity.tagEntities#8]
15:14:39.204 [Test worker] DEBUG org.hibernate.engine.loading.internal.CollectionLoadContext - 1 collections initialized for role: com.epam.esm.model.entity.CertificateEntity.tagEntities
15:14:39.204 [Test worker] DEBUG org.hibernate.loader.collection.plan.AbstractLoadPlanBasedCollectionInitializer - Done loading collection
15:14:39.204 [Test worker] DEBUG org.hibernate.loader.collection.plan.AbstractLoadPlanBasedCollectionInitializer - Loading collection: [com.epam.esm.model.entity.CertificateEntity.tagEntities#7]
15:14:39.205 [Test worker] DEBUG org.hibernate.SQL - select tagentitie0_.CertificateEntity_id as certific1_1_0_, tagentitie0_.tagEntities_id as tagentit2_1_0_, tagentity1_.id as id1_4_1_, tagentity1_.name as name2_4_1_ from CertificateEntity_TagEntity tagentitie0_ inner join TagEntity tagentity1_ on tagentitie0_.tagEntities_id=tagentity1_.id where tagentitie0_.CertificateEntity_id=?
Hibernate: select tagentitie0_.CertificateEntity_id as certific1_1_0_, tagentitie0_.tagEntities_id as tagentit2_1_0_, tagentity1_.id as id1_4_1_, tagentity1_.name as name2_4_1_ from CertificateEntity_TagEntity tagentitie0_ inner join TagEntity tagentity1_ on tagentitie0_.tagEntities_id=tagentity1_.id where tagentitie0_.CertificateEntity_id=?
15:14:39.205 [Test worker] DEBUG org.hibernate.loader.plan.exec.process.internal.ResultSetProcessorImpl - Preparing collection initializer : [com.epam.esm.model.entity.CertificateEntity.tagEntities#7]
15:14:39.205 [Test worker] DEBUG org.hibernate.engine.loading.internal.CollectionLoadContext - 1 collections were found in result set for role: com.epam.esm.model.entity.CertificateEntity.tagEntities
15:14:39.205 [Test worker] DEBUG org.hibernate.engine.loading.internal.CollectionLoadContext - Collection fully initialized: [com.epam.esm.model.entity.CertificateEntity.tagEntities#7]
15:14:39.205 [Test worker] DEBUG org.hibernate.engine.loading.internal.CollectionLoadContext - 1 collections initialized for role: com.epam.esm.model.entity.CertificateEntity.tagEntities
15:14:39.205 [Test worker] DEBUG org.hibernate.loader.collection.plan.AbstractLoadPlanBasedCollectionInitializer - Done loading collection
15:14:39.205 [Test worker] DEBUG org.hibernate.loader.collection.plan.AbstractLoadPlanBasedCollectionInitializer - Loading collection: [com.epam.esm.model.entity.CertificateEntity.tagEntities#6]
15:14:39.205 [Test worker] DEBUG org.hibernate.SQL - select tagentitie0_.CertificateEntity_id as certific1_1_0_, tagentitie0_.tagEntities_id as tagentit2_1_0_, tagentity1_.id as id1_4_1_, tagentity1_.name as name2_4_1_ from CertificateEntity_TagEntity tagentitie0_ inner join TagEntity tagentity1_ on tagentitie0_.tagEntities_id=tagentity1_.id where tagentitie0_.CertificateEntity_id=?
Hibernate: select tagentitie0_.CertificateEntity_id as certific1_1_0_, tagentitie0_.tagEntities_id as tagentit2_1_0_, tagentity1_.id as id1_4_1_, tagentity1_.name as name2_4_1_ from CertificateEntity_TagEntity tagentitie0_ inner join TagEntity tagentity1_ on tagentitie0_.tagEntities_id=tagentity1_.id where tagentitie0_.CertificateEntity_id=?
15:14:39.206 [Test worker] DEBUG org.hibernate.loader.plan.exec.process.internal.ResultSetProcessorImpl - Preparing collection initializer : [com.epam.esm.model.entity.CertificateEntity.tagEntities#6]
15:14:39.206 [Test worker] DEBUG org.hibernate.engine.loading.internal.CollectionLoadContext - 1 collections were found in result set for role: com.epam.esm.model.entity.CertificateEntity.tagEntities
15:14:39.206 [Test worker] DEBUG org.hibernate.engine.loading.internal.CollectionLoadContext - Collection fully initialized: [com.epam.esm.model.entity.CertificateEntity.tagEntities#6]
15:14:39.206 [Test worker] DEBUG org.hibernate.engine.loading.internal.CollectionLoadContext - 1 collections initialized for role: com.epam.esm.model.entity.CertificateEntity.tagEntities
15:14:39.206 [Test worker] DEBUG org.hibernate.loader.collection.plan.AbstractLoadPlanBasedCollectionInitializer - Done loading collection
15:14:39.206 [Test worker] DEBUG org.hibernate.loader.collection.plan.AbstractLoadPlanBasedCollectionInitializer - Loading collection: [com.epam.esm.model.entity.CertificateEntity.tagEntities#5]
15:14:39.206 [Test worker] DEBUG org.hibernate.SQL - select tagentitie0_.CertificateEntity_id as certific1_1_0_, tagentitie0_.tagEntities_id as tagentit2_1_0_, tagentity1_.id as id1_4_1_, tagentity1_.name as name2_4_1_ from CertificateEntity_TagEntity tagentitie0_ inner join TagEntity tagentity1_ on tagentitie0_.tagEntities_id=tagentity1_.id where tagentitie0_.CertificateEntity_id=?
Hibernate: select tagentitie0_.CertificateEntity_id as certific1_1_0_, tagentitie0_.tagEntities_id as tagentit2_1_0_, tagentity1_.id as id1_4_1_, tagentity1_.name as name2_4_1_ from CertificateEntity_TagEntity tagentitie0_ inner join TagEntity tagentity1_ on tagentitie0_.tagEntities_id=tagentity1_.id where tagentitie0_.CertificateEntity_id=?
15:14:39.207 [Test worker] DEBUG org.hibernate.loader.plan.exec.process.internal.ResultSetProcessorImpl - Preparing collection initializer : [com.epam.esm.model.entity.CertificateEntity.tagEntities#5]
15:14:39.207 [Test worker] DEBUG org.hibernate.engine.loading.internal.CollectionLoadContext - 1 collections were found in result set for role: com.epam.esm.model.entity.CertificateEntity.tagEntities
15:14:39.207 [Test worker] DEBUG org.hibernate.engine.loading.internal.CollectionLoadContext - Collection fully initialized: [com.epam.esm.model.entity.CertificateEntity.tagEntities#5]
15:14:39.207 [Test worker] DEBUG org.hibernate.engine.loading.internal.CollectionLoadContext - 1 collections initialized for role: com.epam.esm.model.entity.CertificateEntity.tagEntities
15:14:39.207 [Test worker] DEBUG org.hibernate.loader.collection.plan.AbstractLoadPlanBasedCollectionInitializer - Done loading collection
15:14:39.207 [Test worker] DEBUG org.hibernate.loader.collection.plan.AbstractLoadPlanBasedCollectionInitializer - Loading collection: [com.epam.esm.model.entity.CertificateEntity.tagEntities#4]
15:14:39.208 [Test worker] DEBUG org.hibernate.SQL - select tagentitie0_.CertificateEntity_id as certific1_1_0_, tagentitie0_.tagEntities_id as tagentit2_1_0_, tagentity1_.id as id1_4_1_, tagentity1_.name as name2_4_1_ from CertificateEntity_TagEntity tagentitie0_ inner join TagEntity tagentity1_ on tagentitie0_.tagEntities_id=tagentity1_.id where tagentitie0_.CertificateEntity_id=?
Hibernate: select tagentitie0_.CertificateEntity_id as certific1_1_0_, tagentitie0_.tagEntities_id as tagentit2_1_0_, tagentity1_.id as id1_4_1_, tagentity1_.name as name2_4_1_ from CertificateEntity_TagEntity tagentitie0_ inner join TagEntity tagentity1_ on tagentitie0_.tagEntities_id=tagentity1_.id where tagentitie0_.CertificateEntity_id=?
15:14:39.208 [Test worker] DEBUG org.hibernate.loader.plan.exec.process.internal.ResultSetProcessorImpl - Preparing collection initializer : [com.epam.esm.model.entity.CertificateEntity.tagEntities#4]
15:14:39.208 [Test worker] DEBUG org.hibernate.engine.loading.internal.CollectionLoadContext - 1 collections were found in result set for role: com.epam.esm.model.entity.CertificateEntity.tagEntities
15:14:39.208 [Test worker] DEBUG org.hibernate.engine.loading.internal.CollectionLoadContext - Collection fully initialized: [com.epam.esm.model.entity.CertificateEntity.tagEntities#4]
15:14:39.208 [Test worker] DEBUG org.hibernate.engine.loading.internal.CollectionLoadContext - 1 collections initialized for role: com.epam.esm.model.entity.CertificateEntity.tagEntities
15:14:39.208 [Test worker] DEBUG org.hibernate.loader.collection.plan.AbstractLoadPlanBasedCollectionInitializer - Done loading collection
15:14:39.208 [Test worker] DEBUG org.hibernate.loader.collection.plan.AbstractLoadPlanBasedCollectionInitializer - Loading collection: [com.epam.esm.model.entity.CertificateEntity.tagEntities#3]
15:14:39.209 [Test worker] DEBUG org.hibernate.SQL - select tagentitie0_.CertificateEntity_id as certific1_1_0_, tagentitie0_.tagEntities_id as tagentit2_1_0_, tagentity1_.id as id1_4_1_, tagentity1_.name as name2_4_1_ from CertificateEntity_TagEntity tagentitie0_ inner join TagEntity tagentity1_ on tagentitie0_.tagEntities_id=tagentity1_.id where tagentitie0_.CertificateEntity_id=?
Hibernate: select tagentitie0_.CertificateEntity_id as certific1_1_0_, tagentitie0_.tagEntities_id as tagentit2_1_0_, tagentity1_.id as id1_4_1_, tagentity1_.name as name2_4_1_ from CertificateEntity_TagEntity tagentitie0_ inner join TagEntity tagentity1_ on tagentitie0_.tagEntities_id=tagentity1_.id where tagentitie0_.CertificateEntity_id=?
15:14:39.209 [Test worker] DEBUG org.hibernate.loader.plan.exec.process.internal.ResultSetProcessorImpl - Preparing collection initializer : [com.epam.esm.model.entity.CertificateEntity.tagEntities#3]
15:14:39.210 [Test worker] DEBUG org.hibernate.engine.loading.internal.CollectionLoadContext - 1 collections were found in result set for role: com.epam.esm.model.entity.CertificateEntity.tagEntities
15:14:39.210 [Test worker] DEBUG org.hibernate.engine.loading.internal.CollectionLoadContext - Collection fully initialized: [com.epam.esm.model.entity.CertificateEntity.tagEntities#3]
15:14:39.210 [Test worker] DEBUG org.hibernate.engine.loading.internal.CollectionLoadContext - 1 collections initialized for role: com.epam.esm.model.entity.CertificateEntity.tagEntities
15:14:39.210 [Test worker] DEBUG org.hibernate.loader.collection.plan.AbstractLoadPlanBasedCollectionInitializer - Done loading collection
15:14:39.210 [Test worker] DEBUG org.hibernate.loader.collection.plan.AbstractLoadPlanBasedCollectionInitializer - Loading collection: [com.epam.esm.model.entity.CertificateEntity.tagEntities#2]
15:14:39.210 [Test worker] DEBUG org.hibernate.SQL - select tagentitie0_.CertificateEntity_id as certific1_1_0_, tagentitie0_.tagEntities_id as tagentit2_1_0_, tagentity1_.id as id1_4_1_, tagentity1_.name as name2_4_1_ from CertificateEntity_TagEntity tagentitie0_ inner join TagEntity tagentity1_ on tagentitie0_.tagEntities_id=tagentity1_.id where tagentitie0_.CertificateEntity_id=?
Hibernate: select tagentitie0_.CertificateEntity_id as certific1_1_0_, tagentitie0_.tagEntities_id as tagentit2_1_0_, tagentity1_.id as id1_4_1_, tagentity1_.name as name2_4_1_ from CertificateEntity_TagEntity tagentitie0_ inner join TagEntity tagentity1_ on tagentitie0_.tagEntities_id=tagentity1_.id where tagentitie0_.CertificateEntity_id=?
15:14:39.211 [Test worker] DEBUG org.hibernate.loader.plan.exec.process.internal.ResultSetProcessorImpl - Preparing collection initializer : [com.epam.esm.model.entity.CertificateEntity.tagEntities#2]
15:14:39.211 [Test worker] DEBUG org.hibernate.engine.loading.internal.CollectionLoadContext - 1 collections were found in result set for role: com.epam.esm.model.entity.CertificateEntity.tagEntities
15:14:39.211 [Test worker] DEBUG org.hibernate.engine.loading.internal.CollectionLoadContext - Collection fully initialized: [com.epam.esm.model.entity.CertificateEntity.tagEntities#2]
15:14:39.211 [Test worker] DEBUG org.hibernate.engine.loading.internal.CollectionLoadContext - 1 collections initialized for role: com.epam.esm.model.entity.CertificateEntity.tagEntities
15:14:39.211 [Test worker] DEBUG org.hibernate.loader.collection.plan.AbstractLoadPlanBasedCollectionInitializer - Done loading collection
15:14:39.211 [Test worker] DEBUG org.hibernate.stat.internal.StatisticsImpl - HHH000117: HQL: SELECT cert FROM CertificateEntity cert, time: 41ms, rows: 10
15:14:39.212 [Test worker] DEBUG org.springframework.test.context.cache.DefaultCacheAwareContextLoaderDelegate - Retrieved ApplicationContext [1971788613] from cache with key [[MergedContextConfiguration@b3f80a9 testClass = CertificateDaoImplTest, locations = '{}', classes = '{class com.epam.esm.configuration.DaoTestConfiguration}', contextInitializerClasses = '[]', activeProfiles = '{}', propertySourceLocations = '{}', propertySourceProperties = '{}', contextCustomizers = set[org.springframework.boot.test.autoconfigure.actuate.metrics.MetricsExportContextCustomizerFactory$DisableMetricExportContextCustomizer@1f1c04ac, org.springframework.boot.test.autoconfigure.properties.PropertyMappingContextCustomizer@0, org.springframework.boot.test.autoconfigure.web.servlet.WebDriverContextCustomizerFactory$Customizer@4a34a428, org.springframework.boot.test.context.filter.ExcludeFilterContextCustomizer@40a6b345, org.springframework.boot.test.json.DuplicateJsonObjectContextCustomizerFactory$DuplicateJsonObjectContextCustomizer@64b52109, org.springframework.boot.test.mock.mockito.MockitoContextCustomizer@0], contextLoader = 'org.springframework.test.context.support.DelegatingSmartContextLoader', parent = [null]]]
15:14:39.212 [Test worker] DEBUG org.springframework.test.context.cache - Spring test ApplicationContext cache statistics: [DefaultContextCache@74e40d22 size = 1, maxSize = 32, parentContextCount = 0, hitCount = 18, missCount = 1]
15:14:39.212 [Test worker] DEBUG org.springframework.test.context.cache.DefaultCacheAwareContextLoaderDelegate - Retrieved ApplicationContext [1971788613] from cache with key [[MergedContextConfiguration@b3f80a9 testClass = CertificateDaoImplTest, locations = '{}', classes = '{class com.epam.esm.configuration.DaoTestConfiguration}', contextInitializerClasses = '[]', activeProfiles = '{}', propertySourceLocations = '{}', propertySourceProperties = '{}', contextCustomizers = set[org.springframework.boot.test.autoconfigure.actuate.metrics.MetricsExportContextCustomizerFactory$DisableMetricExportContextCustomizer@1f1c04ac, org.springframework.boot.test.autoconfigure.properties.PropertyMappingContextCustomizer@0, org.springframework.boot.test.autoconfigure.web.servlet.WebDriverContextCustomizerFactory$Customizer@4a34a428, org.springframework.boot.test.context.filter.ExcludeFilterContextCustomizer@40a6b345, org.springframework.boot.test.json.DuplicateJsonObjectContextCustomizerFactory$DuplicateJsonObjectContextCustomizer@64b52109, org.springframework.boot.test.mock.mockito.MockitoContextCustomizer@0], contextLoader = 'org.springframework.test.context.support.DelegatingSmartContextLoader', parent = [null]]]
15:14:39.213 [Test worker] DEBUG org.springframework.test.context.cache - Spring test ApplicationContext cache statistics: [DefaultContextCache@74e40d22 size = 1, maxSize = 32, parentContextCount = 0, hitCount = 19, missCount = 1]
15:14:39.214 [Test worker] DEBUG org.springframework.test.context.cache.DefaultCacheAwareContextLoaderDelegate - Retrieved ApplicationContext [1971788613] from cache with key [[MergedContextConfiguration@b3f80a9 testClass = CertificateDaoImplTest, locations = '{}', classes = '{class com.epam.esm.configuration.DaoTestConfiguration}', contextInitializerClasses = '[]', activeProfiles = '{}', propertySourceLocations = '{}', propertySourceProperties = '{}', contextCustomizers = set[org.springframework.boot.test.autoconfigure.actuate.metrics.MetricsExportContextCustomizerFactory$DisableMetricExportContextCustomizer@1f1c04ac, org.springframework.boot.test.autoconfigure.properties.PropertyMappingContextCustomizer@0, org.springframework.boot.test.autoconfigure.web.servlet.WebDriverContextCustomizerFactory$Customizer@4a34a428, org.springframework.boot.test.context.filter.ExcludeFilterContextCustomizer@40a6b345, org.springframework.boot.test.json.DuplicateJsonObjectContextCustomizerFactory$DuplicateJsonObjectContextCustomizer@64b52109, org.springframework.boot.test.mock.mockito.MockitoContextCustomizer@0], contextLoader = 'org.springframework.test.context.support.DelegatingSmartContextLoader', parent = [null]]]
15:14:39.214 [Test worker] DEBUG org.springframework.test.context.cache - Spring test ApplicationContext cache statistics: [DefaultContextCache@74e40d22 size = 1, maxSize = 32, parentContextCount = 0, hitCount = 20, missCount = 1]
15:14:39.214 [Test worker] DEBUG org.springframework.test.context.cache.DefaultCacheAwareContextLoaderDelegate - Retrieved ApplicationContext [1971788613] from cache with key [[MergedContextConfiguration@b3f80a9 testClass = CertificateDaoImplTest, locations = '{}', classes = '{class com.epam.esm.configuration.DaoTestConfiguration}', contextInitializerClasses = '[]', activeProfiles = '{}', propertySourceLocations = '{}', propertySourceProperties = '{}', contextCustomizers = set[org.springframework.boot.test.autoconfigure.actuate.metrics.MetricsExportContextCustomizerFactory$DisableMetricExportContextCustomizer@1f1c04ac, org.springframework.boot.test.autoconfigure.properties.PropertyMappingContextCustomizer@0, org.springframework.boot.test.autoconfigure.web.servlet.WebDriverContextCustomizerFactory$Customizer@4a34a428, org.springframework.boot.test.context.filter.ExcludeFilterContextCustomizer@40a6b345, org.springframework.boot.test.json.DuplicateJsonObjectContextCustomizerFactory$DuplicateJsonObjectContextCustomizer@64b52109, org.springframework.boot.test.mock.mockito.MockitoContextCustomizer@0], contextLoader = 'org.springframework.test.context.support.DelegatingSmartContextLoader', parent = [null]]]
15:14:39.214 [Test worker] DEBUG org.springframework.test.context.cache - Spring test ApplicationContext cache statistics: [DefaultContextCache@74e40d22 size = 1, maxSize = 32, parentContextCount = 0, hitCount = 21, missCount = 1]
15:14:39.215 [Test worker] DEBUG org.springframework.test.context.cache.DefaultCacheAwareContextLoaderDelegate - Retrieved ApplicationContext [1971788613] from cache with key [[MergedContextConfiguration@b3f80a9 testClass = CertificateDaoImplTest, locations = '{}', classes = '{class com.epam.esm.configuration.DaoTestConfiguration}', contextInitializerClasses = '[]', activeProfiles = '{}', propertySourceLocations = '{}', propertySourceProperties = '{}', contextCustomizers = set[org.springframework.boot.test.autoconfigure.actuate.metrics.MetricsExportContextCustomizerFactory$DisableMetricExportContextCustomizer@1f1c04ac, org.springframework.boot.test.autoconfigure.properties.PropertyMappingContextCustomizer@0, org.springframework.boot.test.autoconfigure.web.servlet.WebDriverContextCustomizerFactory$Customizer@4a34a428, org.springframework.boot.test.context.filter.ExcludeFilterContextCustomizer@40a6b345, org.springframework.boot.test.json.DuplicateJsonObjectContextCustomizerFactory$DuplicateJsonObjectContextCustomizer@64b52109, org.springframework.boot.test.mock.mockito.MockitoContextCustomizer@0], contextLoader = 'org.springframework.test.context.support.DelegatingSmartContextLoader', parent = [null]]]
15:14:39.215 [Test worker] DEBUG org.springframework.test.context.cache - Spring test ApplicationContext cache statistics: [DefaultContextCache@74e40d22 size = 1, maxSize = 32, parentContextCount = 0, hitCount = 22, missCount = 1]
15:14:39.216 [Test worker] DEBUG org.springframework.test.context.cache.DefaultCacheAwareContextLoaderDelegate - Retrieved ApplicationContext [1971788613] from cache with key [[MergedContextConfiguration@b3f80a9 testClass = CertificateDaoImplTest, locations = '{}', classes = '{class com.epam.esm.configuration.DaoTestConfiguration}', contextInitializerClasses = '[]', activeProfiles = '{}', propertySourceLocations = '{}', propertySourceProperties = '{}', contextCustomizers = set[org.springframework.boot.test.autoconfigure.actuate.metrics.MetricsExportContextCustomizerFactory$DisableMetricExportContextCustomizer@1f1c04ac, org.springframework.boot.test.autoconfigure.properties.PropertyMappingContextCustomizer@0, org.springframework.boot.test.autoconfigure.web.servlet.WebDriverContextCustomizerFactory$Customizer@4a34a428, org.springframework.boot.test.context.filter.ExcludeFilterContextCustomizer@40a6b345, org.springframework.boot.test.json.DuplicateJsonObjectContextCustomizerFactory$DuplicateJsonObjectContextCustomizer@64b52109, org.springframework.boot.test.mock.mockito.MockitoContextCustomizer@0], contextLoader = 'org.springframework.test.context.support.DelegatingSmartContextLoader', parent = [null]]]
15:14:39.216 [Test worker] DEBUG org.springframework.test.context.cache - Spring test ApplicationContext cache statistics: [DefaultContextCache@74e40d22 size = 1, maxSize = 32, parentContextCount = 0, hitCount = 23, missCount = 1]
15:14:39.217 [Test worker] DEBUG org.springframework.orm.jpa.JpaTransactionManager - Initiating transaction rollback
15:14:39.217 [Test worker] DEBUG org.springframework.orm.jpa.JpaTransactionManager - Rolling back JPA transaction on EntityManager [SessionImpl(1563689337<open>)]
15:14:39.217 [Test worker] DEBUG org.hibernate.engine.transaction.internal.TransactionImpl - rolling back
15:14:39.219 [Test worker] DEBUG org.springframework.orm.jpa.JpaTransactionManager - Closing JPA EntityManager [SessionImpl(1563689337<open>)] after transaction
15:14:39.219 [Test worker] INFO org.hibernate.engine.internal.StatisticalLoggingSessionEventListener - Session Metrics {
    485885 nanoseconds spent acquiring 1 JDBC connections;
    0 nanoseconds spent releasing 0 JDBC connections;
    2603117 nanoseconds spent preparing 31 JDBC statements;
    9143079 nanoseconds spent executing 31 JDBC statements;
    0 nanoseconds spent executing 0 JDBC batches;
    0 nanoseconds spent performing 0 L2C puts;
    0 nanoseconds spent performing 0 L2C hits;
    0 nanoseconds spent performing 0 L2C misses;
    20491981 nanoseconds spent executing 10 flushes (flushing a total of 10 entities and 10 collections);
    91808 nanoseconds spent executing 11 partial-flushes (flushing a total of 0 entities and 0 collections)
}
15:14:39.220 [Test worker] INFO org.springframework.test.context.transaction.TransactionContext - Rolled back transaction for test: [DefaultTestContext@1d733d37 testClass = CertificateDaoImplTest, testInstance = com.epam.esm.dao.impl.CertificateDaoImplTest@f1c233b, testMethod = loadAllTest@CertificateDaoImplTest, testException = [null], mergedContextConfiguration = [MergedContextConfiguration@b3f80a9 testClass = CertificateDaoImplTest, locations = '{}', classes = '{class com.epam.esm.configuration.DaoTestConfiguration}', contextInitializerClasses = '[]', activeProfiles = '{}', propertySourceLocations = '{}', propertySourceProperties = '{}', contextCustomizers = set[org.springframework.boot.test.autoconfigure.actuate.metrics.MetricsExportContextCustomizerFactory$DisableMetricExportContextCustomizer@1f1c04ac, org.springframework.boot.test.autoconfigure.properties.PropertyMappingContextCustomizer@0, org.springframework.boot.test.autoconfigure.web.servlet.WebDriverContextCustomizerFactory$Customizer@4a34a428, org.springframework.boot.test.context.filter.ExcludeFilterContextCustomizer@40a6b345, org.springframework.boot.test.json.DuplicateJsonObjectContextCustomizerFactory$DuplicateJsonObjectContextCustomizer@64b52109, org.springframework.boot.test.mock.mockito.MockitoContextCustomizer@0], contextLoader = 'org.springframework.test.context.support.DelegatingSmartContextLoader', parent = [null]], attributes = map['org.springframework.test.context.event.ApplicationEventsTestExecutionListener.recordApplicationEvents' -> false]]
15:14:39.220 [Test worker] DEBUG org.springframework.test.context.support.AbstractDirtiesContextTestExecutionListener - After test method: context [DefaultTestContext@1d733d37 testClass = CertificateDaoImplTest, testInstance = com.epam.esm.dao.impl.CertificateDaoImplTest@f1c233b, testMethod = loadAllTest@CertificateDaoImplTest, testException = [null], mergedContextConfiguration = [MergedContextConfiguration@b3f80a9 testClass = CertificateDaoImplTest, locations = '{}', classes = '{class com.epam.esm.configuration.DaoTestConfiguration}', contextInitializerClasses = '[]', activeProfiles = '{}', propertySourceLocations = '{}', propertySourceProperties = '{}', contextCustomizers = set[org.springframework.boot.test.autoconfigure.actuate.metrics.MetricsExportContextCustomizerFactory$DisableMetricExportContextCustomizer@1f1c04ac, org.springframework.boot.test.autoconfigure.properties.PropertyMappingContextCustomizer@0, org.springframework.boot.test.autoconfigure.web.servlet.WebDriverContextCustomizerFactory$Customizer@4a34a428, org.springframework.boot.test.context.filter.ExcludeFilterContextCustomizer@40a6b345, org.springframework.boot.test.json.DuplicateJsonObjectContextCustomizerFactory$DuplicateJsonObjectContextCustomizer@64b52109, org.springframework.boot.test.mock.mockito.MockitoContextCustomizer@0], contextLoader = 'org.springframework.test.context.support.DelegatingSmartContextLoader', parent = [null]], attributes = map['org.springframework.test.context.event.ApplicationEventsTestExecutionListener.recordApplicationEvents' -> false]], class annotated with @DirtiesContext [false] with mode [null], method annotated with @DirtiesContext [false] with mode [null].
15:14:39.221 [Test worker] DEBUG org.springframework.test.context.support.DependencyInjectionTestExecutionListener - Performing dependency injection for test context [[DefaultTestContext@1d733d37 testClass = CertificateDaoImplTest, testInstance = com.epam.esm.dao.impl.CertificateDaoImplTest@4faceb40, testMethod = [null], testException = [null], mergedContextConfiguration = [MergedContextConfiguration@b3f80a9 testClass = CertificateDaoImplTest, locations = '{}', classes = '{class com.epam.esm.configuration.DaoTestConfiguration}', contextInitializerClasses = '[]', activeProfiles = '{}', propertySourceLocations = '{}', propertySourceProperties = '{}', contextCustomizers = set[org.springframework.boot.test.autoconfigure.actuate.metrics.MetricsExportContextCustomizerFactory$DisableMetricExportContextCustomizer@1f1c04ac, org.springframework.boot.test.autoconfigure.properties.PropertyMappingContextCustomizer@0, org.springframework.boot.test.autoconfigure.web.servlet.WebDriverContextCustomizerFactory$Customizer@4a34a428, org.springframework.boot.test.context.filter.ExcludeFilterContextCustomizer@40a6b345, org.springframework.boot.test.json.DuplicateJsonObjectContextCustomizerFactory$DuplicateJsonObjectContextCustomizer@64b52109, org.springframework.boot.test.mock.mockito.MockitoContextCustomizer@0], contextLoader = 'org.springframework.test.context.support.DelegatingSmartContextLoader', parent = [null]], attributes = map['org.springframework.test.context.event.ApplicationEventsTestExecutionListener.recordApplicationEvents' -> false]]].
15:14:39.222 [Test worker] DEBUG org.springframework.test.context.cache.DefaultCacheAwareContextLoaderDelegate - Retrieved ApplicationContext [1971788613] from cache with key [[MergedContextConfiguration@b3f80a9 testClass = CertificateDaoImplTest, locations = '{}', classes = '{class com.epam.esm.configuration.DaoTestConfiguration}', contextInitializerClasses = '[]', activeProfiles = '{}', propertySourceLocations = '{}', propertySourceProperties = '{}', contextCustomizers = set[org.springframework.boot.test.autoconfigure.actuate.metrics.MetricsExportContextCustomizerFactory$DisableMetricExportContextCustomizer@1f1c04ac, org.springframework.boot.test.autoconfigure.properties.PropertyMappingContextCustomizer@0, org.springframework.boot.test.autoconfigure.web.servlet.WebDriverContextCustomizerFactory$Customizer@4a34a428, org.springframework.boot.test.context.filter.ExcludeFilterContextCustomizer@40a6b345, org.springframework.boot.test.json.DuplicateJsonObjectContextCustomizerFactory$DuplicateJsonObjectContextCustomizer@64b52109, org.springframework.boot.test.mock.mockito.MockitoContextCustomizer@0], contextLoader = 'org.springframework.test.context.support.DelegatingSmartContextLoader', parent = [null]]]
15:14:39.222 [Test worker] DEBUG org.springframework.test.context.cache - Spring test ApplicationContext cache statistics: [DefaultContextCache@74e40d22 size = 1, maxSize = 32, parentContextCount = 0, hitCount = 24, missCount = 1]
15:14:39.222 [Test worker] DEBUG org.springframework.test.context.cache.DefaultCacheAwareContextLoaderDelegate - Retrieved ApplicationContext [1971788613] from cache with key [[MergedContextConfiguration@b3f80a9 testClass = CertificateDaoImplTest, locations = '{}', classes = '{class com.epam.esm.configuration.DaoTestConfiguration}', contextInitializerClasses = '[]', activeProfiles = '{}', propertySourceLocations = '{}', propertySourceProperties = '{}', contextCustomizers = set[org.springframework.boot.test.autoconfigure.actuate.metrics.MetricsExportContextCustomizerFactory$DisableMetricExportContextCustomizer@1f1c04ac, org.springframework.boot.test.autoconfigure.properties.PropertyMappingContextCustomizer@0, org.springframework.boot.test.autoconfigure.web.servlet.WebDriverContextCustomizerFactory$Customizer@4a34a428, org.springframework.boot.test.context.filter.ExcludeFilterContextCustomizer@40a6b345, org.springframework.boot.test.json.DuplicateJsonObjectContextCustomizerFactory$DuplicateJsonObjectContextCustomizer@64b52109, org.springframework.boot.test.mock.mockito.MockitoContextCustomizer@0], contextLoader = 'org.springframework.test.context.support.DelegatingSmartContextLoader', parent = [null]]]
15:14:39.222 [Test worker] DEBUG org.springframework.test.context.cache - Spring test ApplicationContext cache statistics: [DefaultContextCache@74e40d22 size = 1, maxSize = 32, parentContextCount = 0, hitCount = 25, missCount = 1]
15:14:39.224 [Test worker] DEBUG org.springframework.test.context.support.AbstractDirtiesContextTestExecutionListener - Before test method: context [DefaultTestContext@1d733d37 testClass = CertificateDaoImplTest, testInstance = com.epam.esm.dao.impl.CertificateDaoImplTest@4faceb40, testMethod = loadByNameTest@CertificateDaoImplTest, testException = [null], mergedContextConfiguration = [MergedContextConfiguration@b3f80a9 testClass = CertificateDaoImplTest, locations = '{}', classes = '{class com.epam.esm.configuration.DaoTestConfiguration}', contextInitializerClasses = '[]', activeProfiles = '{}', propertySourceLocations = '{}', propertySourceProperties = '{}', contextCustomizers = set[org.springframework.boot.test.autoconfigure.actuate.metrics.MetricsExportContextCustomizerFactory$DisableMetricExportContextCustomizer@1f1c04ac, org.springframework.boot.test.autoconfigure.properties.PropertyMappingContextCustomizer@0, org.springframework.boot.test.autoconfigure.web.servlet.WebDriverContextCustomizerFactory$Customizer@4a34a428, org.springframework.boot.test.context.filter.ExcludeFilterContextCustomizer@40a6b345, org.springframework.boot.test.json.DuplicateJsonObjectContextCustomizerFactory$DuplicateJsonObjectContextCustomizer@64b52109, org.springframework.boot.test.mock.mockito.MockitoContextCustomizer@0], contextLoader = 'org.springframework.test.context.support.DelegatingSmartContextLoader', parent = [null]], attributes = map['org.springframework.test.context.event.ApplicationEventsTestExecutionListener.recordApplicationEvents' -> false]], class annotated with @DirtiesContext [false] with mode [null], method annotated with @DirtiesContext [false] with mode [null].
15:14:39.224 [Test worker] DEBUG org.springframework.test.context.transaction.TransactionalTestExecutionListener - Explicit transaction definition [PROPAGATION_REQUIRED,ISOLATION_DEFAULT] found for test context [DefaultTestContext@1d733d37 testClass = CertificateDaoImplTest, testInstance = com.epam.esm.dao.impl.CertificateDaoImplTest@4faceb40, testMethod = loadByNameTest@CertificateDaoImplTest, testException = [null], mergedContextConfiguration = [MergedContextConfiguration@b3f80a9 testClass = CertificateDaoImplTest, locations = '{}', classes = '{class com.epam.esm.configuration.DaoTestConfiguration}', contextInitializerClasses = '[]', activeProfiles = '{}', propertySourceLocations = '{}', propertySourceProperties = '{}', contextCustomizers = set[org.springframework.boot.test.autoconfigure.actuate.metrics.MetricsExportContextCustomizerFactory$DisableMetricExportContextCustomizer@1f1c04ac, org.springframework.boot.test.autoconfigure.properties.PropertyMappingContextCustomizer@0, org.springframework.boot.test.autoconfigure.web.servlet.WebDriverContextCustomizerFactory$Customizer@4a34a428, org.springframework.boot.test.context.filter.ExcludeFilterContextCustomizer@40a6b345, org.springframework.boot.test.json.DuplicateJsonObjectContextCustomizerFactory$DuplicateJsonObjectContextCustomizer@64b52109, org.springframework.boot.test.mock.mockito.MockitoContextCustomizer@0], contextLoader = 'org.springframework.test.context.support.DelegatingSmartContextLoader', parent = [null]], attributes = map['org.springframework.test.context.event.ApplicationEventsTestExecutionListener.recordApplicationEvents' -> false]]
15:14:39.225 [Test worker] DEBUG org.springframework.test.context.cache.DefaultCacheAwareContextLoaderDelegate - Retrieved ApplicationContext [1971788613] from cache with key [[MergedContextConfiguration@b3f80a9 testClass = CertificateDaoImplTest, locations = '{}', classes = '{class com.epam.esm.configuration.DaoTestConfiguration}', contextInitializerClasses = '[]', activeProfiles = '{}', propertySourceLocations = '{}', propertySourceProperties = '{}', contextCustomizers = set[org.springframework.boot.test.autoconfigure.actuate.metrics.MetricsExportContextCustomizerFactory$DisableMetricExportContextCustomizer@1f1c04ac, org.springframework.boot.test.autoconfigure.properties.PropertyMappingContextCustomizer@0, org.springframework.boot.test.autoconfigure.web.servlet.WebDriverContextCustomizerFactory$Customizer@4a34a428, org.springframework.boot.test.context.filter.ExcludeFilterContextCustomizer@40a6b345, org.springframework.boot.test.json.DuplicateJsonObjectContextCustomizerFactory$DuplicateJsonObjectContextCustomizer@64b52109, org.springframework.boot.test.mock.mockito.MockitoContextCustomizer@0], contextLoader = 'org.springframework.test.context.support.DelegatingSmartContextLoader', parent = [null]]]
15:14:39.225 [Test worker] DEBUG org.springframework.test.context.cache - Spring test ApplicationContext cache statistics: [DefaultContextCache@74e40d22 size = 1, maxSize = 32, parentContextCount = 0, hitCount = 26, missCount = 1]
15:14:39.225 [Test worker] DEBUG org.springframework.test.context.transaction.TransactionalTestExecutionListener - No method-level @Rollback override: using default rollback [true] for test context [DefaultTestContext@1d733d37 testClass = CertificateDaoImplTest, testInstance = com.epam.esm.dao.impl.CertificateDaoImplTest@4faceb40, testMethod = loadByNameTest@CertificateDaoImplTest, testException = [null], mergedContextConfiguration = [MergedContextConfiguration@b3f80a9 testClass = CertificateDaoImplTest, locations = '{}', classes = '{class com.epam.esm.configuration.DaoTestConfiguration}', contextInitializerClasses = '[]', activeProfiles = '{}', propertySourceLocations = '{}', propertySourceProperties = '{}', contextCustomizers = set[org.springframework.boot.test.autoconfigure.actuate.metrics.MetricsExportContextCustomizerFactory$DisableMetricExportContextCustomizer@1f1c04ac, org.springframework.boot.test.autoconfigure.properties.PropertyMappingContextCustomizer@0, org.springframework.boot.test.autoconfigure.web.servlet.WebDriverContextCustomizerFactory$Customizer@4a34a428, org.springframework.boot.test.context.filter.ExcludeFilterContextCustomizer@40a6b345, org.springframework.boot.test.json.DuplicateJsonObjectContextCustomizerFactory$DuplicateJsonObjectContextCustomizer@64b52109, org.springframework.boot.test.mock.mockito.MockitoContextCustomizer@0], contextLoader = 'org.springframework.test.context.support.DelegatingSmartContextLoader', parent = [null]], attributes = map['org.springframework.test.context.event.ApplicationEventsTestExecutionListener.recordApplicationEvents' -> false]].
15:14:39.225 [Test worker] DEBUG org.springframework.orm.jpa.JpaTransactionManager - Creating new transaction with name [com.epam.esm.dao.impl.CertificateDaoImplTest.loadByNameTest]: PROPAGATION_REQUIRED,ISOLATION_DEFAULT
15:14:39.225 [Test worker] DEBUG org.springframework.orm.jpa.JpaTransactionManager - Opened new EntityManager [SessionImpl(790075867<open>)] for JPA transaction
15:14:39.225 [Test worker] DEBUG org.hibernate.engine.transaction.internal.TransactionImpl - On TransactionImpl creation, JpaCompliance#isJpaTransactionComplianceEnabled == false
15:14:39.226 [Test worker] DEBUG org.hibernate.engine.transaction.internal.TransactionImpl - begin
15:14:39.226 [Test worker] DEBUG org.springframework.jdbc.datasource.DriverManagerDataSource - Creating new JDBC DriverManager Connection to [jdbc:h2:mem:second;DB_CLOSE_DELAY=-1]
15:14:39.226 [Test worker] DEBUG org.springframework.orm.jpa.JpaTransactionManager - Exposing JPA transaction as JDBC [org.springframework.orm.jpa.vendor.HibernateJpaDialect$HibernateConnectionHandle@4441d27d]
15:14:39.227 [Test worker] INFO org.springframework.test.context.transaction.TransactionContext - Began transaction (1) for test context [DefaultTestContext@1d733d37 testClass = CertificateDaoImplTest, testInstance = com.epam.esm.dao.impl.CertificateDaoImplTest@4faceb40, testMethod = loadByNameTest@CertificateDaoImplTest, testException = [null], mergedContextConfiguration = [MergedContextConfiguration@b3f80a9 testClass = CertificateDaoImplTest, locations = '{}', classes = '{class com.epam.esm.configuration.DaoTestConfiguration}', contextInitializerClasses = '[]', activeProfiles = '{}', propertySourceLocations = '{}', propertySourceProperties = '{}', contextCustomizers = set[org.springframework.boot.test.autoconfigure.actuate.metrics.MetricsExportContextCustomizerFactory$DisableMetricExportContextCustomizer@1f1c04ac, org.springframework.boot.test.autoconfigure.properties.PropertyMappingContextCustomizer@0, org.springframework.boot.test.autoconfigure.web.servlet.WebDriverContextCustomizerFactory$Customizer@4a34a428, org.springframework.boot.test.context.filter.ExcludeFilterContextCustomizer@40a6b345, org.springframework.boot.test.json.DuplicateJsonObjectContextCustomizerFactory$DuplicateJsonObjectContextCustomizer@64b52109, org.springframework.boot.test.mock.mockito.MockitoContextCustomizer@0], contextLoader = 'org.springframework.test.context.support.DelegatingSmartContextLoader', parent = [null]], attributes = map['org.springframework.test.context.event.ApplicationEventsTestExecutionListener.recordApplicationEvents' -> false]]; transaction manager [org.springframework.orm.jpa.JpaTransactionManager@6f349b27]; rollback [true]
15:14:39.227 [Test worker] DEBUG org.springframework.test.context.cache.DefaultCacheAwareContextLoaderDelegate - Retrieved ApplicationContext [1971788613] from cache with key [[MergedContextConfiguration@b3f80a9 testClass = CertificateDaoImplTest, locations = '{}', classes = '{class com.epam.esm.configuration.DaoTestConfiguration}', contextInitializerClasses = '[]', activeProfiles = '{}', propertySourceLocations = '{}', propertySourceProperties = '{}', contextCustomizers = set[org.springframework.boot.test.autoconfigure.actuate.metrics.MetricsExportContextCustomizerFactory$DisableMetricExportContextCustomizer@1f1c04ac, org.springframework.boot.test.autoconfigure.properties.PropertyMappingContextCustomizer@0, org.springframework.boot.test.autoconfigure.web.servlet.WebDriverContextCustomizerFactory$Customizer@4a34a428, org.springframework.boot.test.context.filter.ExcludeFilterContextCustomizer@40a6b345, org.springframework.boot.test.json.DuplicateJsonObjectContextCustomizerFactory$DuplicateJsonObjectContextCustomizer@64b52109, org.springframework.boot.test.mock.mockito.MockitoContextCustomizer@0], contextLoader = 'org.springframework.test.context.support.DelegatingSmartContextLoader', parent = [null]]]
15:14:39.227 [Test worker] DEBUG org.springframework.test.context.cache - Spring test ApplicationContext cache statistics: [DefaultContextCache@74e40d22 size = 1, maxSize = 32, parentContextCount = 0, hitCount = 27, missCount = 1]
15:14:39.228 [Test worker] DEBUG org.springframework.test.context.cache.DefaultCacheAwareContextLoaderDelegate - Retrieved ApplicationContext [1971788613] from cache with key [[MergedContextConfiguration@b3f80a9 testClass = CertificateDaoImplTest, locations = '{}', classes = '{class com.epam.esm.configuration.DaoTestConfiguration}', contextInitializerClasses = '[]', activeProfiles = '{}', propertySourceLocations = '{}', propertySourceProperties = '{}', contextCustomizers = set[org.springframework.boot.test.autoconfigure.actuate.metrics.MetricsExportContextCustomizerFactory$DisableMetricExportContextCustomizer@1f1c04ac, org.springframework.boot.test.autoconfigure.properties.PropertyMappingContextCustomizer@0, org.springframework.boot.test.autoconfigure.web.servlet.WebDriverContextCustomizerFactory$Customizer@4a34a428, org.springframework.boot.test.context.filter.ExcludeFilterContextCustomizer@40a6b345, org.springframework.boot.test.json.DuplicateJsonObjectContextCustomizerFactory$DuplicateJsonObjectContextCustomizer@64b52109, org.springframework.boot.test.mock.mockito.MockitoContextCustomizer@0], contextLoader = 'org.springframework.test.context.support.DelegatingSmartContextLoader', parent = [null]]]
15:14:39.228 [Test worker] DEBUG org.springframework.test.context.cache - Spring test ApplicationContext cache statistics: [DefaultContextCache@74e40d22 size = 1, maxSize = 32, parentContextCount = 0, hitCount = 28, missCount = 1]
15:14:39.229 [Test worker] DEBUG org.springframework.test.context.cache.DefaultCacheAwareContextLoaderDelegate - Retrieved ApplicationContext [1971788613] from cache with key [[MergedContextConfiguration@b3f80a9 testClass = CertificateDaoImplTest, locations = '{}', classes = '{class com.epam.esm.configuration.DaoTestConfiguration}', contextInitializerClasses = '[]', activeProfiles = '{}', propertySourceLocations = '{}', propertySourceProperties = '{}', contextCustomizers = set[org.springframework.boot.test.autoconfigure.actuate.metrics.MetricsExportContextCustomizerFactory$DisableMetricExportContextCustomizer@1f1c04ac, org.springframework.boot.test.autoconfigure.properties.PropertyMappingContextCustomizer@0, org.springframework.boot.test.autoconfigure.web.servlet.WebDriverContextCustomizerFactory$Customizer@4a34a428, org.springframework.boot.test.context.filter.ExcludeFilterContextCustomizer@40a6b345, org.springframework.boot.test.json.DuplicateJsonObjectContextCustomizerFactory$DuplicateJsonObjectContextCustomizer@64b52109, org.springframework.boot.test.mock.mockito.MockitoContextCustomizer@0], contextLoader = 'org.springframework.test.context.support.DelegatingSmartContextLoader', parent = [null]]]
15:14:39.229 [Test worker] DEBUG org.springframework.test.context.cache - Spring test ApplicationContext cache statistics: [DefaultContextCache@74e40d22 size = 1, maxSize = 32, parentContextCount = 0, hitCount = 29, missCount = 1]
15:14:39.229 [Test worker] DEBUG org.hibernate.engine.spi.ActionQueue - Executing identity-insert immediately
15:14:39.230 [Test worker] DEBUG org.hibernate.SQL - insert into CertificateEntity (id, createDate, description, duration, lastUpdateDate, name, price) values (null, ?, ?, ?, ?, ?, ?)
Hibernate: insert into CertificateEntity (id, createDate, description, duration, lastUpdateDate, name, price) values (null, ?, ?, ?, ?, ?, ?)
15:14:39.231 [Test worker] DEBUG org.hibernate.id.IdentifierGeneratorHelper - Natively generated identity: 12
15:14:39.231 [Test worker] DEBUG org.hibernate.resource.jdbc.internal.ResourceRegistryStandardImpl - HHH000387: ResultSet's statement was not registered
15:14:39.233 [Test worker] DEBUG org.springframework.orm.jpa.JpaTransactionManager - Found thread-bound EntityManager [SessionImpl(790075867<open>)] for JPA transaction
15:14:39.233 [Test worker] DEBUG org.springframework.orm.jpa.JpaTransactionManager - Participating in existing transaction
15:14:39.233 [Test worker] DEBUG org.hibernate.event.internal.AbstractFlushingEventListener - Processing flush-time cascades
15:14:39.234 [Test worker] DEBUG org.hibernate.event.internal.AbstractFlushingEventListener - Dirty checking collections
15:14:39.234 [Test worker] DEBUG org.hibernate.engine.internal.Collections - Collection found: [com.epam.esm.model.entity.CertificateEntity.tagEntities#12], was: [<unreferenced>] (initialized)
15:14:39.234 [Test worker] DEBUG org.hibernate.event.internal.AbstractFlushingEventListener - Flushed: 0 insertions, 0 updates, 0 deletions to 1 objects
15:14:39.234 [Test worker] DEBUG org.hibernate.event.internal.AbstractFlushingEventListener - Flushed: 1 (re)creations, 0 updates, 0 removals to 1 collections
15:14:39.234 [Test worker] DEBUG org.hibernate.internal.util.EntityPrinter - Listing entities:
15:14:39.234 [Test worker] DEBUG org.hibernate.internal.util.EntityPrinter - com.epam.esm.model.entity.CertificateEntity{duration=0, lastUpdateDate=null, price=0.0, tagEntities=[], name=Certificate1, description=null, id=12, createDate=null}
15:14:39.235 [Test worker] DEBUG org.hibernate.SQL - select certificat0_.id as id1_0_, certificat0_.createDate as createda2_0_, certificat0_.description as descript3_0_, certificat0_.duration as duration4_0_, certificat0_.lastUpdateDate as lastupda5_0_, certificat0_.name as name6_0_, certificat0_.price as price7_0_ from CertificateEntity certificat0_ where certificat0_.name=?
Hibernate: select certificat0_.id as id1_0_, certificat0_.createDate as createda2_0_, certificat0_.description as descript3_0_, certificat0_.duration as duration4_0_, certificat0_.lastUpdateDate as lastupda5_0_, certificat0_.name as name6_0_, certificat0_.price as price7_0_ from CertificateEntity certificat0_ where certificat0_.name=?
15:14:39.236 [Test worker] DEBUG org.hibernate.loader.Loader - Result set row: 0
15:14:39.236 [Test worker] DEBUG org.hibernate.loader.Loader - Result row: EntityKey[com.epam.esm.model.entity.CertificateEntity#12]
15:14:39.236 [Test worker] DEBUG org.hibernate.stat.internal.StatisticsImpl - HHH000117: HQL: SELECT cert FROM CertificateEntity cert WHERE cert.name = ?1, time: 1ms, rows: 1
15:14:39.236 [Test worker] DEBUG org.hibernate.event.internal.EvictVisitor - Evicting collection: [<unreferenced>]
15:14:39.237 [Test worker] DEBUG org.springframework.test.context.cache.DefaultCacheAwareContextLoaderDelegate - Retrieved ApplicationContext [1971788613] from cache with key [[MergedContextConfiguration@b3f80a9 testClass = CertificateDaoImplTest, locations = '{}', classes = '{class com.epam.esm.configuration.DaoTestConfiguration}', contextInitializerClasses = '[]', activeProfiles = '{}', propertySourceLocations = '{}', propertySourceProperties = '{}', contextCustomizers = set[org.springframework.boot.test.autoconfigure.actuate.metrics.MetricsExportContextCustomizerFactory$DisableMetricExportContextCustomizer@1f1c04ac, org.springframework.boot.test.autoconfigure.properties.PropertyMappingContextCustomizer@0, org.springframework.boot.test.autoconfigure.web.servlet.WebDriverContextCustomizerFactory$Customizer@4a34a428, org.springframework.boot.test.context.filter.ExcludeFilterContextCustomizer@40a6b345, org.springframework.boot.test.json.DuplicateJsonObjectContextCustomizerFactory$DuplicateJsonObjectContextCustomizer@64b52109, org.springframework.boot.test.mock.mockito.MockitoContextCustomizer@0], contextLoader = 'org.springframework.test.context.support.DelegatingSmartContextLoader', parent = [null]]]
15:14:39.237 [Test worker] DEBUG org.springframework.test.context.cache - Spring test ApplicationContext cache statistics: [DefaultContextCache@74e40d22 size = 1, maxSize = 32, parentContextCount = 0, hitCount = 30, missCount = 1]
15:14:39.238 [Test worker] DEBUG org.springframework.test.context.cache.DefaultCacheAwareContextLoaderDelegate - Retrieved ApplicationContext [1971788613] from cache with key [[MergedContextConfiguration@b3f80a9 testClass = CertificateDaoImplTest, locations = '{}', classes = '{class com.epam.esm.configuration.DaoTestConfiguration}', contextInitializerClasses = '[]', activeProfiles = '{}', propertySourceLocations = '{}', propertySourceProperties = '{}', contextCustomizers = set[org.springframework.boot.test.autoconfigure.actuate.metrics.MetricsExportContextCustomizerFactory$DisableMetricExportContextCustomizer@1f1c04ac, org.springframework.boot.test.autoconfigure.properties.PropertyMappingContextCustomizer@0, org.springframework.boot.test.autoconfigure.web.servlet.WebDriverContextCustomizerFactory$Customizer@4a34a428, org.springframework.boot.test.context.filter.ExcludeFilterContextCustomizer@40a6b345, org.springframework.boot.test.json.DuplicateJsonObjectContextCustomizerFactory$DuplicateJsonObjectContextCustomizer@64b52109, org.springframework.boot.test.mock.mockito.MockitoContextCustomizer@0], contextLoader = 'org.springframework.test.context.support.DelegatingSmartContextLoader', parent = [null]]]
15:14:39.238 [Test worker] DEBUG org.springframework.test.context.cache - Spring test ApplicationContext cache statistics: [DefaultContextCache@74e40d22 size = 1, maxSize = 32, parentContextCount = 0, hitCount = 31, missCount = 1]
15:14:39.239 [Test worker] DEBUG org.springframework.test.context.cache.DefaultCacheAwareContextLoaderDelegate - Retrieved ApplicationContext [1971788613] from cache with key [[MergedContextConfiguration@b3f80a9 testClass = CertificateDaoImplTest, locations = '{}', classes = '{class com.epam.esm.configuration.DaoTestConfiguration}', contextInitializerClasses = '[]', activeProfiles = '{}', propertySourceLocations = '{}', propertySourceProperties = '{}', contextCustomizers = set[org.springframework.boot.test.autoconfigure.actuate.metrics.MetricsExportContextCustomizerFactory$DisableMetricExportContextCustomizer@1f1c04ac, org.springframework.boot.test.autoconfigure.properties.PropertyMappingContextCustomizer@0, org.springframework.boot.test.autoconfigure.web.servlet.WebDriverContextCustomizerFactory$Customizer@4a34a428, org.springframework.boot.test.context.filter.ExcludeFilterContextCustomizer@40a6b345, org.springframework.boot.test.json.DuplicateJsonObjectContextCustomizerFactory$DuplicateJsonObjectContextCustomizer@64b52109, org.springframework.boot.test.mock.mockito.MockitoContextCustomizer@0], contextLoader = 'org.springframework.test.context.support.DelegatingSmartContextLoader', parent = [null]]]
15:14:39.240 [Test worker] DEBUG org.springframework.test.context.cache - Spring test ApplicationContext cache statistics: [DefaultContextCache@74e40d22 size = 1, maxSize = 32, parentContextCount = 0, hitCount = 32, missCount = 1]
15:14:39.240 [Test worker] DEBUG org.springframework.test.context.cache.DefaultCacheAwareContextLoaderDelegate - Retrieved ApplicationContext [1971788613] from cache with key [[MergedContextConfiguration@b3f80a9 testClass = CertificateDaoImplTest, locations = '{}', classes = '{class com.epam.esm.configuration.DaoTestConfiguration}', contextInitializerClasses = '[]', activeProfiles = '{}', propertySourceLocations = '{}', propertySourceProperties = '{}', contextCustomizers = set[org.springframework.boot.test.autoconfigure.actuate.metrics.MetricsExportContextCustomizerFactory$DisableMetricExportContextCustomizer@1f1c04ac, org.springframework.boot.test.autoconfigure.properties.PropertyMappingContextCustomizer@0, org.springframework.boot.test.autoconfigure.web.servlet.WebDriverContextCustomizerFactory$Customizer@4a34a428, org.springframework.boot.test.context.filter.ExcludeFilterContextCustomizer@40a6b345, org.springframework.boot.test.json.DuplicateJsonObjectContextCustomizerFactory$DuplicateJsonObjectContextCustomizer@64b52109, org.springframework.boot.test.mock.mockito.MockitoContextCustomizer@0], contextLoader = 'org.springframework.test.context.support.DelegatingSmartContextLoader', parent = [null]]]
15:14:39.240 [Test worker] DEBUG org.springframework.test.context.cache - Spring test ApplicationContext cache statistics: [DefaultContextCache@74e40d22 size = 1, maxSize = 32, parentContextCount = 0, hitCount = 33, missCount = 1]
15:14:39.241 [Test worker] DEBUG org.springframework.test.context.cache.DefaultCacheAwareContextLoaderDelegate - Retrieved ApplicationContext [1971788613] from cache with key [[MergedContextConfiguration@b3f80a9 testClass = CertificateDaoImplTest, locations = '{}', classes = '{class com.epam.esm.configuration.DaoTestConfiguration}', contextInitializerClasses = '[]', activeProfiles = '{}', propertySourceLocations = '{}', propertySourceProperties = '{}', contextCustomizers = set[org.springframework.boot.test.autoconfigure.actuate.metrics.MetricsExportContextCustomizerFactory$DisableMetricExportContextCustomizer@1f1c04ac, org.springframework.boot.test.autoconfigure.properties.PropertyMappingContextCustomizer@0, org.springframework.boot.test.autoconfigure.web.servlet.WebDriverContextCustomizerFactory$Customizer@4a34a428, org.springframework.boot.test.context.filter.ExcludeFilterContextCustomizer@40a6b345, org.springframework.boot.test.json.DuplicateJsonObjectContextCustomizerFactory$DuplicateJsonObjectContextCustomizer@64b52109, org.springframework.boot.test.mock.mockito.MockitoContextCustomizer@0], contextLoader = 'org.springframework.test.context.support.DelegatingSmartContextLoader', parent = [null]]]
15:14:39.241 [Test worker] DEBUG org.springframework.test.context.cache - Spring test ApplicationContext cache statistics: [DefaultContextCache@74e40d22 size = 1, maxSize = 32, parentContextCount = 0, hitCount = 34, missCount = 1]
15:14:39.243 [Test worker] DEBUG org.springframework.test.context.cache.DefaultCacheAwareContextLoaderDelegate - Retrieved ApplicationContext [1971788613] from cache with key [[MergedContextConfiguration@b3f80a9 testClass = CertificateDaoImplTest, locations = '{}', classes = '{class com.epam.esm.configuration.DaoTestConfiguration}', contextInitializerClasses = '[]', activeProfiles = '{}', propertySourceLocations = '{}', propertySourceProperties = '{}', contextCustomizers = set[org.springframework.boot.test.autoconfigure.actuate.metrics.MetricsExportContextCustomizerFactory$DisableMetricExportContextCustomizer@1f1c04ac, org.springframework.boot.test.autoconfigure.properties.PropertyMappingContextCustomizer@0, org.springframework.boot.test.autoconfigure.web.servlet.WebDriverContextCustomizerFactory$Customizer@4a34a428, org.springframework.boot.test.context.filter.ExcludeFilterContextCustomizer@40a6b345, org.springframework.boot.test.json.DuplicateJsonObjectContextCustomizerFactory$DuplicateJsonObjectContextCustomizer@64b52109, org.springframework.boot.test.mock.mockito.MockitoContextCustomizer@0], contextLoader = 'org.springframework.test.context.support.DelegatingSmartContextLoader', parent = [null]]]
15:14:39.243 [Test worker] DEBUG org.springframework.test.context.cache - Spring test ApplicationContext cache statistics: [DefaultContextCache@74e40d22 size = 1, maxSize = 32, parentContextCount = 0, hitCount = 35, missCount = 1]
15:14:39.244 [Test worker] DEBUG org.springframework.orm.jpa.JpaTransactionManager - Initiating transaction rollback
15:14:39.244 [Test worker] DEBUG org.springframework.orm.jpa.JpaTransactionManager - Rolling back JPA transaction on EntityManager [SessionImpl(790075867<open>)]
15:14:39.244 [Test worker] DEBUG org.hibernate.engine.transaction.internal.TransactionImpl - rolling back
15:14:39.245 [Test worker] DEBUG org.springframework.orm.jpa.JpaTransactionManager - Closing JPA EntityManager [SessionImpl(790075867<open>)] after transaction
15:14:39.245 [Test worker] INFO org.hibernate.engine.internal.StatisticalLoggingSessionEventListener - Session Metrics {
    626987 nanoseconds spent acquiring 1 JDBC connections;
    0 nanoseconds spent releasing 0 JDBC connections;
    552525 nanoseconds spent preparing 2 JDBC statements;
    738554 nanoseconds spent executing 2 JDBC statements;
    0 nanoseconds spent executing 0 JDBC batches;
    0 nanoseconds spent performing 0 L2C puts;
    0 nanoseconds spent performing 0 L2C hits;
    0 nanoseconds spent performing 0 L2C misses;
    0 nanoseconds spent executing 0 flushes (flushing a total of 0 entities and 0 collections);
    1074239 nanoseconds spent executing 1 partial-flushes (flushing a total of 1 entities and 1 collections)
}
15:14:39.246 [Test worker] INFO org.springframework.test.context.transaction.TransactionContext - Rolled back transaction for test: [DefaultTestContext@1d733d37 testClass = CertificateDaoImplTest, testInstance = com.epam.esm.dao.impl.CertificateDaoImplTest@4faceb40, testMethod = loadByNameTest@CertificateDaoImplTest, testException = [null], mergedContextConfiguration = [MergedContextConfiguration@b3f80a9 testClass = CertificateDaoImplTest, locations = '{}', classes = '{class com.epam.esm.configuration.DaoTestConfiguration}', contextInitializerClasses = '[]', activeProfiles = '{}', propertySourceLocations = '{}', propertySourceProperties = '{}', contextCustomizers = set[org.springframework.boot.test.autoconfigure.actuate.metrics.MetricsExportContextCustomizerFactory$DisableMetricExportContextCustomizer@1f1c04ac, org.springframework.boot.test.autoconfigure.properties.PropertyMappingContextCustomizer@0, org.springframework.boot.test.autoconfigure.web.servlet.WebDriverContextCustomizerFactory$Customizer@4a34a428, org.springframework.boot.test.context.filter.ExcludeFilterContextCustomizer@40a6b345, org.springframework.boot.test.json.DuplicateJsonObjectContextCustomizerFactory$DuplicateJsonObjectContextCustomizer@64b52109, org.springframework.boot.test.mock.mockito.MockitoContextCustomizer@0], contextLoader = 'org.springframework.test.context.support.DelegatingSmartContextLoader', parent = [null]], attributes = map['org.springframework.test.context.event.ApplicationEventsTestExecutionListener.recordApplicationEvents' -> false]]
15:14:39.247 [Test worker] DEBUG org.springframework.test.context.support.AbstractDirtiesContextTestExecutionListener - After test method: context [DefaultTestContext@1d733d37 testClass = CertificateDaoImplTest, testInstance = com.epam.esm.dao.impl.CertificateDaoImplTest@4faceb40, testMethod = loadByNameTest@CertificateDaoImplTest, testException = [null], mergedContextConfiguration = [MergedContextConfiguration@b3f80a9 testClass = CertificateDaoImplTest, locations = '{}', classes = '{class com.epam.esm.configuration.DaoTestConfiguration}', contextInitializerClasses = '[]', activeProfiles = '{}', propertySourceLocations = '{}', propertySourceProperties = '{}', contextCustomizers = set[org.springframework.boot.test.autoconfigure.actuate.metrics.MetricsExportContextCustomizerFactory$DisableMetricExportContextCustomizer@1f1c04ac, org.springframework.boot.test.autoconfigure.properties.PropertyMappingContextCustomizer@0, org.springframework.boot.test.autoconfigure.web.servlet.WebDriverContextCustomizerFactory$Customizer@4a34a428, org.springframework.boot.test.context.filter.ExcludeFilterContextCustomizer@40a6b345, org.springframework.boot.test.json.DuplicateJsonObjectContextCustomizerFactory$DuplicateJsonObjectContextCustomizer@64b52109, org.springframework.boot.test.mock.mockito.MockitoContextCustomizer@0], contextLoader = 'org.springframework.test.context.support.DelegatingSmartContextLoader', parent = [null]], attributes = map['org.springframework.test.context.event.ApplicationEventsTestExecutionListener.recordApplicationEvents' -> false]], class annotated with @DirtiesContext [false] with mode [null], method annotated with @DirtiesContext [false] with mode [null].
15:14:39.249 [Test worker] DEBUG org.springframework.test.context.support.DependencyInjectionTestExecutionListener - Performing dependency injection for test context [[DefaultTestContext@1d733d37 testClass = CertificateDaoImplTest, testInstance = com.epam.esm.dao.impl.CertificateDaoImplTest@72188a59, testMethod = [null], testException = [null], mergedContextConfiguration = [MergedContextConfiguration@b3f80a9 testClass = CertificateDaoImplTest, locations = '{}', classes = '{class com.epam.esm.configuration.DaoTestConfiguration}', contextInitializerClasses = '[]', activeProfiles = '{}', propertySourceLocations = '{}', propertySourceProperties = '{}', contextCustomizers = set[org.springframework.boot.test.autoconfigure.actuate.metrics.MetricsExportContextCustomizerFactory$DisableMetricExportContextCustomizer@1f1c04ac, org.springframework.boot.test.autoconfigure.properties.PropertyMappingContextCustomizer@0, org.springframework.boot.test.autoconfigure.web.servlet.WebDriverContextCustomizerFactory$Customizer@4a34a428, org.springframework.boot.test.context.filter.ExcludeFilterContextCustomizer@40a6b345, org.springframework.boot.test.json.DuplicateJsonObjectContextCustomizerFactory$DuplicateJsonObjectContextCustomizer@64b52109, org.springframework.boot.test.mock.mockito.MockitoContextCustomizer@0], contextLoader = 'org.springframework.test.context.support.DelegatingSmartContextLoader', parent = [null]], attributes = map['org.springframework.test.context.event.ApplicationEventsTestExecutionListener.recordApplicationEvents' -> false]]].
15:14:39.249 [Test worker] DEBUG org.springframework.test.context.cache.DefaultCacheAwareContextLoaderDelegate - Retrieved ApplicationContext [1971788613] from cache with key [[MergedContextConfiguration@b3f80a9 testClass = CertificateDaoImplTest, locations = '{}', classes = '{class com.epam.esm.configuration.DaoTestConfiguration}', contextInitializerClasses = '[]', activeProfiles = '{}', propertySourceLocations = '{}', propertySourceProperties = '{}', contextCustomizers = set[org.springframework.boot.test.autoconfigure.actuate.metrics.MetricsExportContextCustomizerFactory$DisableMetricExportContextCustomizer@1f1c04ac, org.springframework.boot.test.autoconfigure.properties.PropertyMappingContextCustomizer@0, org.springframework.boot.test.autoconfigure.web.servlet.WebDriverContextCustomizerFactory$Customizer@4a34a428, org.springframework.boot.test.context.filter.ExcludeFilterContextCustomizer@40a6b345, org.springframework.boot.test.json.DuplicateJsonObjectContextCustomizerFactory$DuplicateJsonObjectContextCustomizer@64b52109, org.springframework.boot.test.mock.mockito.MockitoContextCustomizer@0], contextLoader = 'org.springframework.test.context.support.DelegatingSmartContextLoader', parent = [null]]]
15:14:39.249 [Test worker] DEBUG org.springframework.test.context.cache - Spring test ApplicationContext cache statistics: [DefaultContextCache@74e40d22 size = 1, maxSize = 32, parentContextCount = 0, hitCount = 36, missCount = 1]
15:14:39.251 [Test worker] DEBUG org.springframework.test.context.cache.DefaultCacheAwareContextLoaderDelegate - Retrieved ApplicationContext [1971788613] from cache with key [[MergedContextConfiguration@b3f80a9 testClass = CertificateDaoImplTest, locations = '{}', classes = '{class com.epam.esm.configuration.DaoTestConfiguration}', contextInitializerClasses = '[]', activeProfiles = '{}', propertySourceLocations = '{}', propertySourceProperties = '{}', contextCustomizers = set[org.springframework.boot.test.autoconfigure.actuate.metrics.MetricsExportContextCustomizerFactory$DisableMetricExportContextCustomizer@1f1c04ac, org.springframework.boot.test.autoconfigure.properties.PropertyMappingContextCustomizer@0, org.springframework.boot.test.autoconfigure.web.servlet.WebDriverContextCustomizerFactory$Customizer@4a34a428, org.springframework.boot.test.context.filter.ExcludeFilterContextCustomizer@40a6b345, org.springframework.boot.test.json.DuplicateJsonObjectContextCustomizerFactory$DuplicateJsonObjectContextCustomizer@64b52109, org.springframework.boot.test.mock.mockito.MockitoContextCustomizer@0], contextLoader = 'org.springframework.test.context.support.DelegatingSmartContextLoader', parent = [null]]]
15:14:39.251 [Test worker] DEBUG org.springframework.test.context.cache - Spring test ApplicationContext cache statistics: [DefaultContextCache@74e40d22 size = 1, maxSize = 32, parentContextCount = 0, hitCount = 37, missCount = 1]
15:14:39.255 [Test worker] DEBUG org.springframework.test.context.support.AbstractDirtiesContextTestExecutionListener - Before test method: context [DefaultTestContext@1d733d37 testClass = CertificateDaoImplTest, testInstance = com.epam.esm.dao.impl.CertificateDaoImplTest@72188a59, testMethod = createTest@CertificateDaoImplTest, testException = [null], mergedContextConfiguration = [MergedContextConfiguration@b3f80a9 testClass = CertificateDaoImplTest, locations = '{}', classes = '{class com.epam.esm.configuration.DaoTestConfiguration}', contextInitializerClasses = '[]', activeProfiles = '{}', propertySourceLocations = '{}', propertySourceProperties = '{}', contextCustomizers = set[org.springframework.boot.test.autoconfigure.actuate.metrics.MetricsExportContextCustomizerFactory$DisableMetricExportContextCustomizer@1f1c04ac, org.springframework.boot.test.autoconfigure.properties.PropertyMappingContextCustomizer@0, org.springframework.boot.test.autoconfigure.web.servlet.WebDriverContextCustomizerFactory$Customizer@4a34a428, org.springframework.boot.test.context.filter.ExcludeFilterContextCustomizer@40a6b345, org.springframework.boot.test.json.DuplicateJsonObjectContextCustomizerFactory$DuplicateJsonObjectContextCustomizer@64b52109, org.springframework.boot.test.mock.mockito.MockitoContextCustomizer@0], contextLoader = 'org.springframework.test.context.support.DelegatingSmartContextLoader', parent = [null]], attributes = map['org.springframework.test.context.event.ApplicationEventsTestExecutionListener.recordApplicationEvents' -> false]], class annotated with @DirtiesContext [false] with mode [null], method annotated with @DirtiesContext [false] with mode [null].
15:14:39.256 [Test worker] DEBUG org.springframework.test.context.transaction.TransactionalTestExecutionListener - Explicit transaction definition [PROPAGATION_REQUIRED,ISOLATION_DEFAULT] found for test context [DefaultTestContext@1d733d37 testClass = CertificateDaoImplTest, testInstance = com.epam.esm.dao.impl.CertificateDaoImplTest@72188a59, testMethod = createTest@CertificateDaoImplTest, testException = [null], mergedContextConfiguration = [MergedContextConfiguration@b3f80a9 testClass = CertificateDaoImplTest, locations = '{}', classes = '{class com.epam.esm.configuration.DaoTestConfiguration}', contextInitializerClasses = '[]', activeProfiles = '{}', propertySourceLocations = '{}', propertySourceProperties = '{}', contextCustomizers = set[org.springframework.boot.test.autoconfigure.actuate.metrics.MetricsExportContextCustomizerFactory$DisableMetricExportContextCustomizer@1f1c04ac, org.springframework.boot.test.autoconfigure.properties.PropertyMappingContextCustomizer@0, org.springframework.boot.test.autoconfigure.web.servlet.WebDriverContextCustomizerFactory$Customizer@4a34a428, org.springframework.boot.test.context.filter.ExcludeFilterContextCustomizer@40a6b345, org.springframework.boot.test.json.DuplicateJsonObjectContextCustomizerFactory$DuplicateJsonObjectContextCustomizer@64b52109, org.springframework.boot.test.mock.mockito.MockitoContextCustomizer@0], contextLoader = 'org.springframework.test.context.support.DelegatingSmartContextLoader', parent = [null]], attributes = map['org.springframework.test.context.event.ApplicationEventsTestExecutionListener.recordApplicationEvents' -> false]]
15:14:39.256 [Test worker] DEBUG org.springframework.test.context.cache.DefaultCacheAwareContextLoaderDelegate - Retrieved ApplicationContext [1971788613] from cache with key [[MergedContextConfiguration@b3f80a9 testClass = CertificateDaoImplTest, locations = '{}', classes = '{class com.epam.esm.configuration.DaoTestConfiguration}', contextInitializerClasses = '[]', activeProfiles = '{}', propertySourceLocations = '{}', propertySourceProperties = '{}', contextCustomizers = set[org.springframework.boot.test.autoconfigure.actuate.metrics.MetricsExportContextCustomizerFactory$DisableMetricExportContextCustomizer@1f1c04ac, org.springframework.boot.test.autoconfigure.properties.PropertyMappingContextCustomizer@0, org.springframework.boot.test.autoconfigure.web.servlet.WebDriverContextCustomizerFactory$Customizer@4a34a428, org.springframework.boot.test.context.filter.ExcludeFilterContextCustomizer@40a6b345, org.springframework.boot.test.json.DuplicateJsonObjectContextCustomizerFactory$DuplicateJsonObjectContextCustomizer@64b52109, org.springframework.boot.test.mock.mockito.MockitoContextCustomizer@0], contextLoader = 'org.springframework.test.context.support.DelegatingSmartContextLoader', parent = [null]]]
15:14:39.256 [Test worker] DEBUG org.springframework.test.context.cache - Spring test ApplicationContext cache statistics: [DefaultContextCache@74e40d22 size = 1, maxSize = 32, parentContextCount = 0, hitCount = 38, missCount = 1]
15:14:39.257 [Test worker] DEBUG org.springframework.test.context.transaction.TransactionalTestExecutionListener - No method-level @Rollback override: using default rollback [true] for test context [DefaultTestContext@1d733d37 testClass = CertificateDaoImplTest, testInstance = com.epam.esm.dao.impl.CertificateDaoImplTest@72188a59, testMethod = createTest@CertificateDaoImplTest, testException = [null], mergedContextConfiguration = [MergedContextConfiguration@b3f80a9 testClass = CertificateDaoImplTest, locations = '{}', classes = '{class com.epam.esm.configuration.DaoTestConfiguration}', contextInitializerClasses = '[]', activeProfiles = '{}', propertySourceLocations = '{}', propertySourceProperties = '{}', contextCustomizers = set[org.springframework.boot.test.autoconfigure.actuate.metrics.MetricsExportContextCustomizerFactory$DisableMetricExportContextCustomizer@1f1c04ac, org.springframework.boot.test.autoconfigure.properties.PropertyMappingContextCustomizer@0, org.springframework.boot.test.autoconfigure.web.servlet.WebDriverContextCustomizerFactory$Customizer@4a34a428, org.springframework.boot.test.context.filter.ExcludeFilterContextCustomizer@40a6b345, org.springframework.boot.test.json.DuplicateJsonObjectContextCustomizerFactory$DuplicateJsonObjectContextCustomizer@64b52109, org.springframework.boot.test.mock.mockito.MockitoContextCustomizer@0], contextLoader = 'org.springframework.test.context.support.DelegatingSmartContextLoader', parent = [null]], attributes = map['org.springframework.test.context.event.ApplicationEventsTestExecutionListener.recordApplicationEvents' -> false]].
15:14:39.257 [Test worker] DEBUG org.springframework.orm.jpa.JpaTransactionManager - Creating new transaction with name [com.epam.esm.dao.impl.CertificateDaoImplTest.createTest]: PROPAGATION_REQUIRED,ISOLATION_DEFAULT
15:14:39.257 [Test worker] DEBUG org.springframework.orm.jpa.JpaTransactionManager - Opened new EntityManager [SessionImpl(1168857628<open>)] for JPA transaction
15:14:39.257 [Test worker] DEBUG org.hibernate.engine.transaction.internal.TransactionImpl - On TransactionImpl creation, JpaCompliance#isJpaTransactionComplianceEnabled == false
15:14:39.258 [Test worker] DEBUG org.hibernate.engine.transaction.internal.TransactionImpl - begin
15:14:39.258 [Test worker] DEBUG org.springframework.jdbc.datasource.DriverManagerDataSource - Creating new JDBC DriverManager Connection to [jdbc:h2:mem:second;DB_CLOSE_DELAY=-1]
15:14:39.259 [Test worker] DEBUG org.springframework.orm.jpa.JpaTransactionManager - Exposing JPA transaction as JDBC [org.springframework.orm.jpa.vendor.HibernateJpaDialect$HibernateConnectionHandle@567f52e2]
15:14:39.259 [Test worker] INFO org.springframework.test.context.transaction.TransactionContext - Began transaction (1) for test context [DefaultTestContext@1d733d37 testClass = CertificateDaoImplTest, testInstance = com.epam.esm.dao.impl.CertificateDaoImplTest@72188a59, testMethod = createTest@CertificateDaoImplTest, testException = [null], mergedContextConfiguration = [MergedContextConfiguration@b3f80a9 testClass = CertificateDaoImplTest, locations = '{}', classes = '{class com.epam.esm.configuration.DaoTestConfiguration}', contextInitializerClasses = '[]', activeProfiles = '{}', propertySourceLocations = '{}', propertySourceProperties = '{}', contextCustomizers = set[org.springframework.boot.test.autoconfigure.actuate.metrics.MetricsExportContextCustomizerFactory$DisableMetricExportContextCustomizer@1f1c04ac, org.springframework.boot.test.autoconfigure.properties.PropertyMappingContextCustomizer@0, org.springframework.boot.test.autoconfigure.web.servlet.WebDriverContextCustomizerFactory$Customizer@4a34a428, org.springframework.boot.test.context.filter.ExcludeFilterContextCustomizer@40a6b345, org.springframework.boot.test.json.DuplicateJsonObjectContextCustomizerFactory$DuplicateJsonObjectContextCustomizer@64b52109, org.springframework.boot.test.mock.mockito.MockitoContextCustomizer@0], contextLoader = 'org.springframework.test.context.support.DelegatingSmartContextLoader', parent = [null]], attributes = map['org.springframework.test.context.event.ApplicationEventsTestExecutionListener.recordApplicationEvents' -> false]]; transaction manager [org.springframework.orm.jpa.JpaTransactionManager@6f349b27]; rollback [true]
15:14:39.260 [Test worker] DEBUG org.springframework.test.context.cache.DefaultCacheAwareContextLoaderDelegate - Retrieved ApplicationContext [1971788613] from cache with key [[MergedContextConfiguration@b3f80a9 testClass = CertificateDaoImplTest, locations = '{}', classes = '{class com.epam.esm.configuration.DaoTestConfiguration}', contextInitializerClasses = '[]', activeProfiles = '{}', propertySourceLocations = '{}', propertySourceProperties = '{}', contextCustomizers = set[org.springframework.boot.test.autoconfigure.actuate.metrics.MetricsExportContextCustomizerFactory$DisableMetricExportContextCustomizer@1f1c04ac, org.springframework.boot.test.autoconfigure.properties.PropertyMappingContextCustomizer@0, org.springframework.boot.test.autoconfigure.web.servlet.WebDriverContextCustomizerFactory$Customizer@4a34a428, org.springframework.boot.test.context.filter.ExcludeFilterContextCustomizer@40a6b345, org.springframework.boot.test.json.DuplicateJsonObjectContextCustomizerFactory$DuplicateJsonObjectContextCustomizer@64b52109, org.springframework.boot.test.mock.mockito.MockitoContextCustomizer@0], contextLoader = 'org.springframework.test.context.support.DelegatingSmartContextLoader', parent = [null]]]
15:14:39.260 [Test worker] DEBUG org.springframework.test.context.cache - Spring test ApplicationContext cache statistics: [DefaultContextCache@74e40d22 size = 1, maxSize = 32, parentContextCount = 0, hitCount = 39, missCount = 1]
15:14:39.261 [Test worker] DEBUG org.springframework.test.context.cache.DefaultCacheAwareContextLoaderDelegate - Retrieved ApplicationContext [1971788613] from cache with key [[MergedContextConfiguration@b3f80a9 testClass = CertificateDaoImplTest, locations = '{}', classes = '{class com.epam.esm.configuration.DaoTestConfiguration}', contextInitializerClasses = '[]', activeProfiles = '{}', propertySourceLocations = '{}', propertySourceProperties = '{}', contextCustomizers = set[org.springframework.boot.test.autoconfigure.actuate.metrics.MetricsExportContextCustomizerFactory$DisableMetricExportContextCustomizer@1f1c04ac, org.springframework.boot.test.autoconfigure.properties.PropertyMappingContextCustomizer@0, org.springframework.boot.test.autoconfigure.web.servlet.WebDriverContextCustomizerFactory$Customizer@4a34a428, org.springframework.boot.test.context.filter.ExcludeFilterContextCustomizer@40a6b345, org.springframework.boot.test.json.DuplicateJsonObjectContextCustomizerFactory$DuplicateJsonObjectContextCustomizer@64b52109, org.springframework.boot.test.mock.mockito.MockitoContextCustomizer@0], contextLoader = 'org.springframework.test.context.support.DelegatingSmartContextLoader', parent = [null]]]
15:14:39.261 [Test worker] DEBUG org.springframework.test.context.cache - Spring test ApplicationContext cache statistics: [DefaultContextCache@74e40d22 size = 1, maxSize = 32, parentContextCount = 0, hitCount = 40, missCount = 1]
15:14:39.262 [Test worker] DEBUG org.springframework.test.context.cache.DefaultCacheAwareContextLoaderDelegate - Retrieved ApplicationContext [1971788613] from cache with key [[MergedContextConfiguration@b3f80a9 testClass = CertificateDaoImplTest, locations = '{}', classes = '{class com.epam.esm.configuration.DaoTestConfiguration}', contextInitializerClasses = '[]', activeProfiles = '{}', propertySourceLocations = '{}', propertySourceProperties = '{}', contextCustomizers = set[org.springframework.boot.test.autoconfigure.actuate.metrics.MetricsExportContextCustomizerFactory$DisableMetricExportContextCustomizer@1f1c04ac, org.springframework.boot.test.autoconfigure.properties.PropertyMappingContextCustomizer@0, org.springframework.boot.test.autoconfigure.web.servlet.WebDriverContextCustomizerFactory$Customizer@4a34a428, org.springframework.boot.test.context.filter.ExcludeFilterContextCustomizer@40a6b345, org.springframework.boot.test.json.DuplicateJsonObjectContextCustomizerFactory$DuplicateJsonObjectContextCustomizer@64b52109, org.springframework.boot.test.mock.mockito.MockitoContextCustomizer@0], contextLoader = 'org.springframework.test.context.support.DelegatingSmartContextLoader', parent = [null]]]
15:14:39.262 [Test worker] DEBUG org.springframework.test.context.cache - Spring test ApplicationContext cache statistics: [DefaultContextCache@74e40d22 size = 1, maxSize = 32, parentContextCount = 0, hitCount = 41, missCount = 1]
15:14:39.263 [Test worker] DEBUG org.springframework.orm.jpa.JpaTransactionManager - Found thread-bound EntityManager [SessionImpl(1168857628<open>)] for JPA transaction
15:14:39.263 [Test worker] DEBUG org.springframework.orm.jpa.JpaTransactionManager - Participating in existing transaction
15:14:39.264 [Test worker] DEBUG org.hibernate.SQL - select certificat0_.id as id1_0_, certificat0_.createDate as createda2_0_, certificat0_.description as descript3_0_, certificat0_.duration as duration4_0_, certificat0_.lastUpdateDate as lastupda5_0_, certificat0_.name as name6_0_, certificat0_.price as price7_0_ from CertificateEntity certificat0_ where certificat0_.name=?
Hibernate: select certificat0_.id as id1_0_, certificat0_.createDate as createda2_0_, certificat0_.description as descript3_0_, certificat0_.duration as duration4_0_, certificat0_.lastUpdateDate as lastupda5_0_, certificat0_.name as name6_0_, certificat0_.price as price7_0_ from CertificateEntity certificat0_ where certificat0_.name=?
15:14:39.266 [Test worker] DEBUG org.hibernate.stat.internal.StatisticsImpl - HHH000117: HQL: SELECT cert FROM CertificateEntity cert WHERE cert.name = ?1, time: 1ms, rows: 0
15:14:39.266 [Test worker] DEBUG org.hibernate.engine.spi.ActionQueue - Executing identity-insert immediately
15:14:39.266 [Test worker] DEBUG org.hibernate.SQL - insert into CertificateEntity (id, createDate, description, duration, lastUpdateDate, name, price) values (null, ?, ?, ?, ?, ?, ?)
Hibernate: insert into CertificateEntity (id, createDate, description, duration, lastUpdateDate, name, price) values (null, ?, ?, ?, ?, ?, ?)
15:14:39.267 [Test worker] DEBUG org.hibernate.id.IdentifierGeneratorHelper - Natively generated identity: 13
15:14:39.267 [Test worker] DEBUG org.hibernate.resource.jdbc.internal.ResourceRegistryStandardImpl - HHH000387: ResultSet's statement was not registered
15:14:39.267 [Test worker] DEBUG org.hibernate.event.internal.AbstractFlushingEventListener - Processing flush-time cascades
15:14:39.267 [Test worker] DEBUG org.hibernate.event.internal.AbstractFlushingEventListener - Dirty checking collections
15:14:39.268 [Test worker] DEBUG org.hibernate.engine.internal.Collections - Collection found: [com.epam.esm.model.entity.CertificateEntity.tagEntities#13], was: [<unreferenced>] (initialized)
15:14:39.268 [Test worker] DEBUG org.hibernate.event.internal.AbstractFlushingEventListener - Flushed: 0 insertions, 0 updates, 0 deletions to 1 objects
15:14:39.268 [Test worker] DEBUG org.hibernate.event.internal.AbstractFlushingEventListener - Flushed: 1 (re)creations, 0 updates, 0 removals to 1 collections
15:14:39.268 [Test worker] DEBUG org.hibernate.internal.util.EntityPrinter - Listing entities:
15:14:39.268 [Test worker] DEBUG org.hibernate.internal.util.EntityPrinter - com.epam.esm.model.entity.CertificateEntity{duration=0, lastUpdateDate=null, price=0.0, tagEntities=[], name=Certificate1, description=null, id=13, createDate=null}
15:14:39.268 [Test worker] DEBUG org.hibernate.persister.collection.AbstractCollectionPersister - Inserting collection: [com.epam.esm.model.entity.CertificateEntity.tagEntities#13]
15:14:39.268 [Test worker] DEBUG org.hibernate.persister.collection.AbstractCollectionPersister - Collection was empty
15:14:39.269 [Test worker] DEBUG org.hibernate.event.internal.EvictVisitor - Evicting collection: [com.epam.esm.model.entity.CertificateEntity.tagEntities#13]
15:14:39.269 [Test worker] DEBUG org.hibernate.SQL - select certificat0_.id as id1_0_, certificat0_.createDate as createda2_0_, certificat0_.description as descript3_0_, certificat0_.duration as duration4_0_, certificat0_.lastUpdateDate as lastupda5_0_, certificat0_.name as name6_0_, certificat0_.price as price7_0_ from CertificateEntity certificat0_ where certificat0_.name=?
Hibernate: select certificat0_.id as id1_0_, certificat0_.createDate as createda2_0_, certificat0_.description as descript3_0_, certificat0_.duration as duration4_0_, certificat0_.lastUpdateDate as lastupda5_0_, certificat0_.name as name6_0_, certificat0_.price as price7_0_ from CertificateEntity certificat0_ where certificat0_.name=?
15:14:39.270 [Test worker] DEBUG org.hibernate.loader.Loader - Result set row: 0
15:14:39.270 [Test worker] DEBUG org.hibernate.loader.Loader - Result row: EntityKey[com.epam.esm.model.entity.CertificateEntity#13]
15:14:39.270 [Test worker] DEBUG org.hibernate.engine.internal.TwoPhaseLoad - Resolving attributes for [com.epam.esm.model.entity.CertificateEntity#13]
15:14:39.270 [Test worker] DEBUG org.hibernate.engine.internal.TwoPhaseLoad - Processing attribute `createDate` : value = null
15:14:39.270 [Test worker] DEBUG org.hibernate.engine.internal.TwoPhaseLoad - Attribute (`createDate`)  - enhanced for lazy-loading? - false
15:14:39.270 [Test worker] DEBUG org.hibernate.engine.internal.TwoPhaseLoad - Processing attribute `description` : value = null
15:14:39.270 [Test worker] DEBUG org.hibernate.engine.internal.TwoPhaseLoad - Attribute (`description`)  - enhanced for lazy-loading? - false
15:14:39.270 [Test worker] DEBUG org.hibernate.engine.internal.TwoPhaseLoad - Processing attribute `duration` : value = 0
15:14:39.271 [Test worker] DEBUG org.hibernate.engine.internal.TwoPhaseLoad - Attribute (`duration`)  - enhanced for lazy-loading? - false
15:14:39.271 [Test worker] DEBUG org.hibernate.engine.internal.TwoPhaseLoad - Processing attribute `lastUpdateDate` : value = null
15:14:39.271 [Test worker] DEBUG org.hibernate.engine.internal.TwoPhaseLoad - Attribute (`lastUpdateDate`)  - enhanced for lazy-loading? - false
15:14:39.271 [Test worker] DEBUG org.hibernate.engine.internal.TwoPhaseLoad - Processing attribute `name` : value = Certificate1
15:14:39.271 [Test worker] DEBUG org.hibernate.engine.internal.TwoPhaseLoad - Attribute (`name`)  - enhanced for lazy-loading? - false
15:14:39.271 [Test worker] DEBUG org.hibernate.engine.internal.TwoPhaseLoad - Processing attribute `price` : value = 0.0
15:14:39.271 [Test worker] DEBUG org.hibernate.engine.internal.TwoPhaseLoad - Attribute (`price`)  - enhanced for lazy-loading? - false
15:14:39.271 [Test worker] DEBUG org.hibernate.engine.internal.TwoPhaseLoad - Processing attribute `tagEntities` : value = NOT NULL COLLECTION
15:14:39.271 [Test worker] DEBUG org.hibernate.engine.internal.TwoPhaseLoad - Attribute (`tagEntities`)  - enhanced for lazy-loading? - false
15:14:39.271 [Test worker] DEBUG org.hibernate.engine.internal.TwoPhaseLoad - Done materializing entity [com.epam.esm.model.entity.CertificateEntity#13]
15:14:39.271 [Test worker] DEBUG org.hibernate.loader.collection.plan.AbstractLoadPlanBasedCollectionInitializer - Loading collection: [com.epam.esm.model.entity.CertificateEntity.tagEntities#13]
15:14:39.271 [Test worker] DEBUG org.hibernate.SQL - select tagentitie0_.CertificateEntity_id as certific1_1_0_, tagentitie0_.tagEntities_id as tagentit2_1_0_, tagentity1_.id as id1_4_1_, tagentity1_.name as name2_4_1_ from CertificateEntity_TagEntity tagentitie0_ inner join TagEntity tagentity1_ on tagentitie0_.tagEntities_id=tagentity1_.id where tagentitie0_.CertificateEntity_id=?
Hibernate: select tagentitie0_.CertificateEntity_id as certific1_1_0_, tagentitie0_.tagEntities_id as tagentit2_1_0_, tagentity1_.id as id1_4_1_, tagentity1_.name as name2_4_1_ from CertificateEntity_TagEntity tagentitie0_ inner join TagEntity tagentity1_ on tagentitie0_.tagEntities_id=tagentity1_.id where tagentitie0_.CertificateEntity_id=?
15:14:39.272 [Test worker] DEBUG org.hibernate.loader.plan.exec.process.internal.ResultSetProcessorImpl - Preparing collection initializer : [com.epam.esm.model.entity.CertificateEntity.tagEntities#13]
15:14:39.273 [Test worker] DEBUG org.hibernate.engine.loading.internal.CollectionLoadContext - 1 collections were found in result set for role: com.epam.esm.model.entity.CertificateEntity.tagEntities
15:14:39.273 [Test worker] DEBUG org.hibernate.engine.loading.internal.CollectionLoadContext - Collection fully initialized: [com.epam.esm.model.entity.CertificateEntity.tagEntities#13]
15:14:39.273 [Test worker] DEBUG org.hibernate.engine.loading.internal.CollectionLoadContext - 1 collections initialized for role: com.epam.esm.model.entity.CertificateEntity.tagEntities
15:14:39.273 [Test worker] DEBUG org.hibernate.loader.collection.plan.AbstractLoadPlanBasedCollectionInitializer - Done loading collection
15:14:39.273 [Test worker] DEBUG org.hibernate.stat.internal.StatisticsImpl - HHH000117: HQL: SELECT cert FROM CertificateEntity cert WHERE cert.name = ?1, time: 3ms, rows: 1
15:14:39.274 [Test worker] DEBUG org.springframework.test.context.cache.DefaultCacheAwareContextLoaderDelegate - Retrieved ApplicationContext [1971788613] from cache with key [[MergedContextConfiguration@b3f80a9 testClass = CertificateDaoImplTest, locations = '{}', classes = '{class com.epam.esm.configuration.DaoTestConfiguration}', contextInitializerClasses = '[]', activeProfiles = '{}', propertySourceLocations = '{}', propertySourceProperties = '{}', contextCustomizers = set[org.springframework.boot.test.autoconfigure.actuate.metrics.MetricsExportContextCustomizerFactory$DisableMetricExportContextCustomizer@1f1c04ac, org.springframework.boot.test.autoconfigure.properties.PropertyMappingContextCustomizer@0, org.springframework.boot.test.autoconfigure.web.servlet.WebDriverContextCustomizerFactory$Customizer@4a34a428, org.springframework.boot.test.context.filter.ExcludeFilterContextCustomizer@40a6b345, org.springframework.boot.test.json.DuplicateJsonObjectContextCustomizerFactory$DuplicateJsonObjectContextCustomizer@64b52109, org.springframework.boot.test.mock.mockito.MockitoContextCustomizer@0], contextLoader = 'org.springframework.test.context.support.DelegatingSmartContextLoader', parent = [null]]]
15:14:39.274 [Test worker] DEBUG org.springframework.test.context.cache - Spring test ApplicationContext cache statistics: [DefaultContextCache@74e40d22 size = 1, maxSize = 32, parentContextCount = 0, hitCount = 42, missCount = 1]
15:14:39.275 [Test worker] DEBUG org.springframework.test.context.cache.DefaultCacheAwareContextLoaderDelegate - Retrieved ApplicationContext [1971788613] from cache with key [[MergedContextConfiguration@b3f80a9 testClass = CertificateDaoImplTest, locations = '{}', classes = '{class com.epam.esm.configuration.DaoTestConfiguration}', contextInitializerClasses = '[]', activeProfiles = '{}', propertySourceLocations = '{}', propertySourceProperties = '{}', contextCustomizers = set[org.springframework.boot.test.autoconfigure.actuate.metrics.MetricsExportContextCustomizerFactory$DisableMetricExportContextCustomizer@1f1c04ac, org.springframework.boot.test.autoconfigure.properties.PropertyMappingContextCustomizer@0, org.springframework.boot.test.autoconfigure.web.servlet.WebDriverContextCustomizerFactory$Customizer@4a34a428, org.springframework.boot.test.context.filter.ExcludeFilterContextCustomizer@40a6b345, org.springframework.boot.test.json.DuplicateJsonObjectContextCustomizerFactory$DuplicateJsonObjectContextCustomizer@64b52109, org.springframework.boot.test.mock.mockito.MockitoContextCustomizer@0], contextLoader = 'org.springframework.test.context.support.DelegatingSmartContextLoader', parent = [null]]]
15:14:39.275 [Test worker] DEBUG org.springframework.test.context.cache - Spring test ApplicationContext cache statistics: [DefaultContextCache@74e40d22 size = 1, maxSize = 32, parentContextCount = 0, hitCount = 43, missCount = 1]
15:14:39.275 [Test worker] DEBUG org.springframework.test.context.cache.DefaultCacheAwareContextLoaderDelegate - Retrieved ApplicationContext [1971788613] from cache with key [[MergedContextConfiguration@b3f80a9 testClass = CertificateDaoImplTest, locations = '{}', classes = '{class com.epam.esm.configuration.DaoTestConfiguration}', contextInitializerClasses = '[]', activeProfiles = '{}', propertySourceLocations = '{}', propertySourceProperties = '{}', contextCustomizers = set[org.springframework.boot.test.autoconfigure.actuate.metrics.MetricsExportContextCustomizerFactory$DisableMetricExportContextCustomizer@1f1c04ac, org.springframework.boot.test.autoconfigure.properties.PropertyMappingContextCustomizer@0, org.springframework.boot.test.autoconfigure.web.servlet.WebDriverContextCustomizerFactory$Customizer@4a34a428, org.springframework.boot.test.context.filter.ExcludeFilterContextCustomizer@40a6b345, org.springframework.boot.test.json.DuplicateJsonObjectContextCustomizerFactory$DuplicateJsonObjectContextCustomizer@64b52109, org.springframework.boot.test.mock.mockito.MockitoContextCustomizer@0], contextLoader = 'org.springframework.test.context.support.DelegatingSmartContextLoader', parent = [null]]]
15:14:39.276 [Test worker] DEBUG org.springframework.test.context.cache - Spring test ApplicationContext cache statistics: [DefaultContextCache@74e40d22 size = 1, maxSize = 32, parentContextCount = 0, hitCount = 44, missCount = 1]
15:14:39.276 [Test worker] DEBUG org.springframework.test.context.cache.DefaultCacheAwareContextLoaderDelegate - Retrieved ApplicationContext [1971788613] from cache with key [[MergedContextConfiguration@b3f80a9 testClass = CertificateDaoImplTest, locations = '{}', classes = '{class com.epam.esm.configuration.DaoTestConfiguration}', contextInitializerClasses = '[]', activeProfiles = '{}', propertySourceLocations = '{}', propertySourceProperties = '{}', contextCustomizers = set[org.springframework.boot.test.autoconfigure.actuate.metrics.MetricsExportContextCustomizerFactory$DisableMetricExportContextCustomizer@1f1c04ac, org.springframework.boot.test.autoconfigure.properties.PropertyMappingContextCustomizer@0, org.springframework.boot.test.autoconfigure.web.servlet.WebDriverContextCustomizerFactory$Customizer@4a34a428, org.springframework.boot.test.context.filter.ExcludeFilterContextCustomizer@40a6b345, org.springframework.boot.test.json.DuplicateJsonObjectContextCustomizerFactory$DuplicateJsonObjectContextCustomizer@64b52109, org.springframework.boot.test.mock.mockito.MockitoContextCustomizer@0], contextLoader = 'org.springframework.test.context.support.DelegatingSmartContextLoader', parent = [null]]]
15:14:39.276 [Test worker] DEBUG org.springframework.test.context.cache - Spring test ApplicationContext cache statistics: [DefaultContextCache@74e40d22 size = 1, maxSize = 32, parentContextCount = 0, hitCount = 45, missCount = 1]
15:14:39.276 [Test worker] DEBUG org.springframework.test.context.cache.DefaultCacheAwareContextLoaderDelegate - Retrieved ApplicationContext [1971788613] from cache with key [[MergedContextConfiguration@b3f80a9 testClass = CertificateDaoImplTest, locations = '{}', classes = '{class com.epam.esm.configuration.DaoTestConfiguration}', contextInitializerClasses = '[]', activeProfiles = '{}', propertySourceLocations = '{}', propertySourceProperties = '{}', contextCustomizers = set[org.springframework.boot.test.autoconfigure.actuate.metrics.MetricsExportContextCustomizerFactory$DisableMetricExportContextCustomizer@1f1c04ac, org.springframework.boot.test.autoconfigure.properties.PropertyMappingContextCustomizer@0, org.springframework.boot.test.autoconfigure.web.servlet.WebDriverContextCustomizerFactory$Customizer@4a34a428, org.springframework.boot.test.context.filter.ExcludeFilterContextCustomizer@40a6b345, org.springframework.boot.test.json.DuplicateJsonObjectContextCustomizerFactory$DuplicateJsonObjectContextCustomizer@64b52109, org.springframework.boot.test.mock.mockito.MockitoContextCustomizer@0], contextLoader = 'org.springframework.test.context.support.DelegatingSmartContextLoader', parent = [null]]]
15:14:39.276 [Test worker] DEBUG org.springframework.test.context.cache - Spring test ApplicationContext cache statistics: [DefaultContextCache@74e40d22 size = 1, maxSize = 32, parentContextCount = 0, hitCount = 46, missCount = 1]
15:14:39.277 [Test worker] DEBUG org.springframework.test.context.cache.DefaultCacheAwareContextLoaderDelegate - Retrieved ApplicationContext [1971788613] from cache with key [[MergedContextConfiguration@b3f80a9 testClass = CertificateDaoImplTest, locations = '{}', classes = '{class com.epam.esm.configuration.DaoTestConfiguration}', contextInitializerClasses = '[]', activeProfiles = '{}', propertySourceLocations = '{}', propertySourceProperties = '{}', contextCustomizers = set[org.springframework.boot.test.autoconfigure.actuate.metrics.MetricsExportContextCustomizerFactory$DisableMetricExportContextCustomizer@1f1c04ac, org.springframework.boot.test.autoconfigure.properties.PropertyMappingContextCustomizer@0, org.springframework.boot.test.autoconfigure.web.servlet.WebDriverContextCustomizerFactory$Customizer@4a34a428, org.springframework.boot.test.context.filter.ExcludeFilterContextCustomizer@40a6b345, org.springframework.boot.test.json.DuplicateJsonObjectContextCustomizerFactory$DuplicateJsonObjectContextCustomizer@64b52109, org.springframework.boot.test.mock.mockito.MockitoContextCustomizer@0], contextLoader = 'org.springframework.test.context.support.DelegatingSmartContextLoader', parent = [null]]]
15:14:39.277 [Test worker] DEBUG org.springframework.test.context.cache - Spring test ApplicationContext cache statistics: [DefaultContextCache@74e40d22 size = 1, maxSize = 32, parentContextCount = 0, hitCount = 47, missCount = 1]
15:14:39.277 [Test worker] DEBUG org.springframework.orm.jpa.JpaTransactionManager - Initiating transaction rollback
15:14:39.277 [Test worker] DEBUG org.springframework.orm.jpa.JpaTransactionManager - Rolling back JPA transaction on EntityManager [SessionImpl(1168857628<open>)]
15:14:39.278 [Test worker] DEBUG org.hibernate.engine.transaction.internal.TransactionImpl - rolling back
15:14:39.278 [Test worker] DEBUG org.springframework.orm.jpa.JpaTransactionManager - Closing JPA EntityManager [SessionImpl(1168857628<open>)] after transaction
15:14:39.278 [Test worker] INFO org.hibernate.engine.internal.StatisticalLoggingSessionEventListener - Session Metrics {
    945686 nanoseconds spent acquiring 1 JDBC connections;
    0 nanoseconds spent releasing 0 JDBC connections;
    1294521 nanoseconds spent preparing 4 JDBC statements;
    968110 nanoseconds spent executing 4 JDBC statements;
    0 nanoseconds spent executing 0 JDBC batches;
    0 nanoseconds spent performing 0 L2C puts;
    0 nanoseconds spent performing 0 L2C hits;
    0 nanoseconds spent performing 0 L2C misses;
    1136141 nanoseconds spent executing 1 flushes (flushing a total of 1 entities and 1 collections);
    16321 nanoseconds spent executing 2 partial-flushes (flushing a total of 0 entities and 0 collections)
}
15:14:39.279 [Test worker] INFO org.springframework.test.context.transaction.TransactionContext - Rolled back transaction for test: [DefaultTestContext@1d733d37 testClass = CertificateDaoImplTest, testInstance = com.epam.esm.dao.impl.CertificateDaoImplTest@72188a59, testMethod = createTest@CertificateDaoImplTest, testException = [null], mergedContextConfiguration = [MergedContextConfiguration@b3f80a9 testClass = CertificateDaoImplTest, locations = '{}', classes = '{class com.epam.esm.configuration.DaoTestConfiguration}', contextInitializerClasses = '[]', activeProfiles = '{}', propertySourceLocations = '{}', propertySourceProperties = '{}', contextCustomizers = set[org.springframework.boot.test.autoconfigure.actuate.metrics.MetricsExportContextCustomizerFactory$DisableMetricExportContextCustomizer@1f1c04ac, org.springframework.boot.test.autoconfigure.properties.PropertyMappingContextCustomizer@0, org.springframework.boot.test.autoconfigure.web.servlet.WebDriverContextCustomizerFactory$Customizer@4a34a428, org.springframework.boot.test.context.filter.ExcludeFilterContextCustomizer@40a6b345, org.springframework.boot.test.json.DuplicateJsonObjectContextCustomizerFactory$DuplicateJsonObjectContextCustomizer@64b52109, org.springframework.boot.test.mock.mockito.MockitoContextCustomizer@0], contextLoader = 'org.springframework.test.context.support.DelegatingSmartContextLoader', parent = [null]], attributes = map['org.springframework.test.context.event.ApplicationEventsTestExecutionListener.recordApplicationEvents' -> false]]
15:14:39.279 [Test worker] DEBUG org.springframework.test.context.support.AbstractDirtiesContextTestExecutionListener - After test method: context [DefaultTestContext@1d733d37 testClass = CertificateDaoImplTest, testInstance = com.epam.esm.dao.impl.CertificateDaoImplTest@72188a59, testMethod = createTest@CertificateDaoImplTest, testException = [null], mergedContextConfiguration = [MergedContextConfiguration@b3f80a9 testClass = CertificateDaoImplTest, locations = '{}', classes = '{class com.epam.esm.configuration.DaoTestConfiguration}', contextInitializerClasses = '[]', activeProfiles = '{}', propertySourceLocations = '{}', propertySourceProperties = '{}', contextCustomizers = set[org.springframework.boot.test.autoconfigure.actuate.metrics.MetricsExportContextCustomizerFactory$DisableMetricExportContextCustomizer@1f1c04ac, org.springframework.boot.test.autoconfigure.properties.PropertyMappingContextCustomizer@0, org.springframework.boot.test.autoconfigure.web.servlet.WebDriverContextCustomizerFactory$Customizer@4a34a428, org.springframework.boot.test.context.filter.ExcludeFilterContextCustomizer@40a6b345, org.springframework.boot.test.json.DuplicateJsonObjectContextCustomizerFactory$DuplicateJsonObjectContextCustomizer@64b52109, org.springframework.boot.test.mock.mockito.MockitoContextCustomizer@0], contextLoader = 'org.springframework.test.context.support.DelegatingSmartContextLoader', parent = [null]], attributes = map['org.springframework.test.context.event.ApplicationEventsTestExecutionListener.recordApplicationEvents' -> false]], class annotated with @DirtiesContext [false] with mode [null], method annotated with @DirtiesContext [false] with mode [null].
15:14:39.281 [Test worker] DEBUG org.springframework.test.context.support.DependencyInjectionTestExecutionListener - Performing dependency injection for test context [[DefaultTestContext@1d733d37 testClass = CertificateDaoImplTest, testInstance = com.epam.esm.dao.impl.CertificateDaoImplTest@258e768, testMethod = [null], testException = [null], mergedContextConfiguration = [MergedContextConfiguration@b3f80a9 testClass = CertificateDaoImplTest, locations = '{}', classes = '{class com.epam.esm.configuration.DaoTestConfiguration}', contextInitializerClasses = '[]', activeProfiles = '{}', propertySourceLocations = '{}', propertySourceProperties = '{}', contextCustomizers = set[org.springframework.boot.test.autoconfigure.actuate.metrics.MetricsExportContextCustomizerFactory$DisableMetricExportContextCustomizer@1f1c04ac, org.springframework.boot.test.autoconfigure.properties.PropertyMappingContextCustomizer@0, org.springframework.boot.test.autoconfigure.web.servlet.WebDriverContextCustomizerFactory$Customizer@4a34a428, org.springframework.boot.test.context.filter.ExcludeFilterContextCustomizer@40a6b345, org.springframework.boot.test.json.DuplicateJsonObjectContextCustomizerFactory$DuplicateJsonObjectContextCustomizer@64b52109, org.springframework.boot.test.mock.mockito.MockitoContextCustomizer@0], contextLoader = 'org.springframework.test.context.support.DelegatingSmartContextLoader', parent = [null]], attributes = map['org.springframework.test.context.event.ApplicationEventsTestExecutionListener.recordApplicationEvents' -> false]]].
15:14:39.282 [Test worker] DEBUG org.springframework.test.context.cache.DefaultCacheAwareContextLoaderDelegate - Retrieved ApplicationContext [1971788613] from cache with key [[MergedContextConfiguration@b3f80a9 testClass = CertificateDaoImplTest, locations = '{}', classes = '{class com.epam.esm.configuration.DaoTestConfiguration}', contextInitializerClasses = '[]', activeProfiles = '{}', propertySourceLocations = '{}', propertySourceProperties = '{}', contextCustomizers = set[org.springframework.boot.test.autoconfigure.actuate.metrics.MetricsExportContextCustomizerFactory$DisableMetricExportContextCustomizer@1f1c04ac, org.springframework.boot.test.autoconfigure.properties.PropertyMappingContextCustomizer@0, org.springframework.boot.test.autoconfigure.web.servlet.WebDriverContextCustomizerFactory$Customizer@4a34a428, org.springframework.boot.test.context.filter.ExcludeFilterContextCustomizer@40a6b345, org.springframework.boot.test.json.DuplicateJsonObjectContextCustomizerFactory$DuplicateJsonObjectContextCustomizer@64b52109, org.springframework.boot.test.mock.mockito.MockitoContextCustomizer@0], contextLoader = 'org.springframework.test.context.support.DelegatingSmartContextLoader', parent = [null]]]
15:14:39.282 [Test worker] DEBUG org.springframework.test.context.cache - Spring test ApplicationContext cache statistics: [DefaultContextCache@74e40d22 size = 1, maxSize = 32, parentContextCount = 0, hitCount = 48, missCount = 1]
15:14:39.283 [Test worker] DEBUG org.springframework.test.context.cache.DefaultCacheAwareContextLoaderDelegate - Retrieved ApplicationContext [1971788613] from cache with key [[MergedContextConfiguration@b3f80a9 testClass = CertificateDaoImplTest, locations = '{}', classes = '{class com.epam.esm.configuration.DaoTestConfiguration}', contextInitializerClasses = '[]', activeProfiles = '{}', propertySourceLocations = '{}', propertySourceProperties = '{}', contextCustomizers = set[org.springframework.boot.test.autoconfigure.actuate.metrics.MetricsExportContextCustomizerFactory$DisableMetricExportContextCustomizer@1f1c04ac, org.springframework.boot.test.autoconfigure.properties.PropertyMappingContextCustomizer@0, org.springframework.boot.test.autoconfigure.web.servlet.WebDriverContextCustomizerFactory$Customizer@4a34a428, org.springframework.boot.test.context.filter.ExcludeFilterContextCustomizer@40a6b345, org.springframework.boot.test.json.DuplicateJsonObjectContextCustomizerFactory$DuplicateJsonObjectContextCustomizer@64b52109, org.springframework.boot.test.mock.mockito.MockitoContextCustomizer@0], contextLoader = 'org.springframework.test.context.support.DelegatingSmartContextLoader', parent = [null]]]
15:14:39.283 [Test worker] DEBUG org.springframework.test.context.cache - Spring test ApplicationContext cache statistics: [DefaultContextCache@74e40d22 size = 1, maxSize = 32, parentContextCount = 0, hitCount = 49, missCount = 1]
15:14:39.285 [Test worker] DEBUG org.springframework.test.context.support.AbstractDirtiesContextTestExecutionListener - Before test method: context [DefaultTestContext@1d733d37 testClass = CertificateDaoImplTest, testInstance = com.epam.esm.dao.impl.CertificateDaoImplTest@258e768, testMethod = deleteTest@CertificateDaoImplTest, testException = [null], mergedContextConfiguration = [MergedContextConfiguration@b3f80a9 testClass = CertificateDaoImplTest, locations = '{}', classes = '{class com.epam.esm.configuration.DaoTestConfiguration}', contextInitializerClasses = '[]', activeProfiles = '{}', propertySourceLocations = '{}', propertySourceProperties = '{}', contextCustomizers = set[org.springframework.boot.test.autoconfigure.actuate.metrics.MetricsExportContextCustomizerFactory$DisableMetricExportContextCustomizer@1f1c04ac, org.springframework.boot.test.autoconfigure.properties.PropertyMappingContextCustomizer@0, org.springframework.boot.test.autoconfigure.web.servlet.WebDriverContextCustomizerFactory$Customizer@4a34a428, org.springframework.boot.test.context.filter.ExcludeFilterContextCustomizer@40a6b345, org.springframework.boot.test.json.DuplicateJsonObjectContextCustomizerFactory$DuplicateJsonObjectContextCustomizer@64b52109, org.springframework.boot.test.mock.mockito.MockitoContextCustomizer@0], contextLoader = 'org.springframework.test.context.support.DelegatingSmartContextLoader', parent = [null]], attributes = map['org.springframework.test.context.event.ApplicationEventsTestExecutionListener.recordApplicationEvents' -> false]], class annotated with @DirtiesContext [false] with mode [null], method annotated with @DirtiesContext [false] with mode [null].
15:14:39.285 [Test worker] DEBUG org.springframework.test.context.transaction.TransactionalTestExecutionListener - Explicit transaction definition [PROPAGATION_REQUIRED,ISOLATION_DEFAULT] found for test context [DefaultTestContext@1d733d37 testClass = CertificateDaoImplTest, testInstance = com.epam.esm.dao.impl.CertificateDaoImplTest@258e768, testMethod = deleteTest@CertificateDaoImplTest, testException = [null], mergedContextConfiguration = [MergedContextConfiguration@b3f80a9 testClass = CertificateDaoImplTest, locations = '{}', classes = '{class com.epam.esm.configuration.DaoTestConfiguration}', contextInitializerClasses = '[]', activeProfiles = '{}', propertySourceLocations = '{}', propertySourceProperties = '{}', contextCustomizers = set[org.springframework.boot.test.autoconfigure.actuate.metrics.MetricsExportContextCustomizerFactory$DisableMetricExportContextCustomizer@1f1c04ac, org.springframework.boot.test.autoconfigure.properties.PropertyMappingContextCustomizer@0, org.springframework.boot.test.autoconfigure.web.servlet.WebDriverContextCustomizerFactory$Customizer@4a34a428, org.springframework.boot.test.context.filter.ExcludeFilterContextCustomizer@40a6b345, org.springframework.boot.test.json.DuplicateJsonObjectContextCustomizerFactory$DuplicateJsonObjectContextCustomizer@64b52109, org.springframework.boot.test.mock.mockito.MockitoContextCustomizer@0], contextLoader = 'org.springframework.test.context.support.DelegatingSmartContextLoader', parent = [null]], attributes = map['org.springframework.test.context.event.ApplicationEventsTestExecutionListener.recordApplicationEvents' -> false]]
15:14:39.286 [Test worker] DEBUG org.springframework.test.context.cache.DefaultCacheAwareContextLoaderDelegate - Retrieved ApplicationContext [1971788613] from cache with key [[MergedContextConfiguration@b3f80a9 testClass = CertificateDaoImplTest, locations = '{}', classes = '{class com.epam.esm.configuration.DaoTestConfiguration}', contextInitializerClasses = '[]', activeProfiles = '{}', propertySourceLocations = '{}', propertySourceProperties = '{}', contextCustomizers = set[org.springframework.boot.test.autoconfigure.actuate.metrics.MetricsExportContextCustomizerFactory$DisableMetricExportContextCustomizer@1f1c04ac, org.springframework.boot.test.autoconfigure.properties.PropertyMappingContextCustomizer@0, org.springframework.boot.test.autoconfigure.web.servlet.WebDriverContextCustomizerFactory$Customizer@4a34a428, org.springframework.boot.test.context.filter.ExcludeFilterContextCustomizer@40a6b345, org.springframework.boot.test.json.DuplicateJsonObjectContextCustomizerFactory$DuplicateJsonObjectContextCustomizer@64b52109, org.springframework.boot.test.mock.mockito.MockitoContextCustomizer@0], contextLoader = 'org.springframework.test.context.support.DelegatingSmartContextLoader', parent = [null]]]
15:14:39.286 [Test worker] DEBUG org.springframework.test.context.cache - Spring test ApplicationContext cache statistics: [DefaultContextCache@74e40d22 size = 1, maxSize = 32, parentContextCount = 0, hitCount = 50, missCount = 1]
15:14:39.286 [Test worker] DEBUG org.springframework.test.context.transaction.TransactionalTestExecutionListener - No method-level @Rollback override: using default rollback [true] for test context [DefaultTestContext@1d733d37 testClass = CertificateDaoImplTest, testInstance = com.epam.esm.dao.impl.CertificateDaoImplTest@258e768, testMethod = deleteTest@CertificateDaoImplTest, testException = [null], mergedContextConfiguration = [MergedContextConfiguration@b3f80a9 testClass = CertificateDaoImplTest, locations = '{}', classes = '{class com.epam.esm.configuration.DaoTestConfiguration}', contextInitializerClasses = '[]', activeProfiles = '{}', propertySourceLocations = '{}', propertySourceProperties = '{}', contextCustomizers = set[org.springframework.boot.test.autoconfigure.actuate.metrics.MetricsExportContextCustomizerFactory$DisableMetricExportContextCustomizer@1f1c04ac, org.springframework.boot.test.autoconfigure.properties.PropertyMappingContextCustomizer@0, org.springframework.boot.test.autoconfigure.web.servlet.WebDriverContextCustomizerFactory$Customizer@4a34a428, org.springframework.boot.test.context.filter.ExcludeFilterContextCustomizer@40a6b345, org.springframework.boot.test.json.DuplicateJsonObjectContextCustomizerFactory$DuplicateJsonObjectContextCustomizer@64b52109, org.springframework.boot.test.mock.mockito.MockitoContextCustomizer@0], contextLoader = 'org.springframework.test.context.support.DelegatingSmartContextLoader', parent = [null]], attributes = map['org.springframework.test.context.event.ApplicationEventsTestExecutionListener.recordApplicationEvents' -> false]].
15:14:39.287 [Test worker] DEBUG org.springframework.orm.jpa.JpaTransactionManager - Creating new transaction with name [com.epam.esm.dao.impl.CertificateDaoImplTest.deleteTest]: PROPAGATION_REQUIRED,ISOLATION_DEFAULT
15:14:39.287 [Test worker] DEBUG org.springframework.orm.jpa.JpaTransactionManager - Opened new EntityManager [SessionImpl(468611713<open>)] for JPA transaction
15:14:39.287 [Test worker] DEBUG org.hibernate.engine.transaction.internal.TransactionImpl - On TransactionImpl creation, JpaCompliance#isJpaTransactionComplianceEnabled == false
15:14:39.287 [Test worker] DEBUG org.hibernate.engine.transaction.internal.TransactionImpl - begin
15:14:39.288 [Test worker] DEBUG org.springframework.jdbc.datasource.DriverManagerDataSource - Creating new JDBC DriverManager Connection to [jdbc:h2:mem:second;DB_CLOSE_DELAY=-1]
15:14:39.289 [Test worker] DEBUG org.springframework.orm.jpa.JpaTransactionManager - Exposing JPA transaction as JDBC [org.springframework.orm.jpa.vendor.HibernateJpaDialect$HibernateConnectionHandle@1fa8ed21]
15:14:39.289 [Test worker] INFO org.springframework.test.context.transaction.TransactionContext - Began transaction (1) for test context [DefaultTestContext@1d733d37 testClass = CertificateDaoImplTest, testInstance = com.epam.esm.dao.impl.CertificateDaoImplTest@258e768, testMethod = deleteTest@CertificateDaoImplTest, testException = [null], mergedContextConfiguration = [MergedContextConfiguration@b3f80a9 testClass = CertificateDaoImplTest, locations = '{}', classes = '{class com.epam.esm.configuration.DaoTestConfiguration}', contextInitializerClasses = '[]', activeProfiles = '{}', propertySourceLocations = '{}', propertySourceProperties = '{}', contextCustomizers = set[org.springframework.boot.test.autoconfigure.actuate.metrics.MetricsExportContextCustomizerFactory$DisableMetricExportContextCustomizer@1f1c04ac, org.springframework.boot.test.autoconfigure.properties.PropertyMappingContextCustomizer@0, org.springframework.boot.test.autoconfigure.web.servlet.WebDriverContextCustomizerFactory$Customizer@4a34a428, org.springframework.boot.test.context.filter.ExcludeFilterContextCustomizer@40a6b345, org.springframework.boot.test.json.DuplicateJsonObjectContextCustomizerFactory$DuplicateJsonObjectContextCustomizer@64b52109, org.springframework.boot.test.mock.mockito.MockitoContextCustomizer@0], contextLoader = 'org.springframework.test.context.support.DelegatingSmartContextLoader', parent = [null]], attributes = map['org.springframework.test.context.event.ApplicationEventsTestExecutionListener.recordApplicationEvents' -> false]]; transaction manager [org.springframework.orm.jpa.JpaTransactionManager@6f349b27]; rollback [true]
15:14:39.289 [Test worker] DEBUG org.springframework.test.context.cache.DefaultCacheAwareContextLoaderDelegate - Retrieved ApplicationContext [1971788613] from cache with key [[MergedContextConfiguration@b3f80a9 testClass = CertificateDaoImplTest, locations = '{}', classes = '{class com.epam.esm.configuration.DaoTestConfiguration}', contextInitializerClasses = '[]', activeProfiles = '{}', propertySourceLocations = '{}', propertySourceProperties = '{}', contextCustomizers = set[org.springframework.boot.test.autoconfigure.actuate.metrics.MetricsExportContextCustomizerFactory$DisableMetricExportContextCustomizer@1f1c04ac, org.springframework.boot.test.autoconfigure.properties.PropertyMappingContextCustomizer@0, org.springframework.boot.test.autoconfigure.web.servlet.WebDriverContextCustomizerFactory$Customizer@4a34a428, org.springframework.boot.test.context.filter.ExcludeFilterContextCustomizer@40a6b345, org.springframework.boot.test.json.DuplicateJsonObjectContextCustomizerFactory$DuplicateJsonObjectContextCustomizer@64b52109, org.springframework.boot.test.mock.mockito.MockitoContextCustomizer@0], contextLoader = 'org.springframework.test.context.support.DelegatingSmartContextLoader', parent = [null]]]
15:14:39.289 [Test worker] DEBUG org.springframework.test.context.cache - Spring test ApplicationContext cache statistics: [DefaultContextCache@74e40d22 size = 1, maxSize = 32, parentContextCount = 0, hitCount = 51, missCount = 1]
15:14:39.290 [Test worker] DEBUG org.springframework.test.context.cache.DefaultCacheAwareContextLoaderDelegate - Retrieved ApplicationContext [1971788613] from cache with key [[MergedContextConfiguration@b3f80a9 testClass = CertificateDaoImplTest, locations = '{}', classes = '{class com.epam.esm.configuration.DaoTestConfiguration}', contextInitializerClasses = '[]', activeProfiles = '{}', propertySourceLocations = '{}', propertySourceProperties = '{}', contextCustomizers = set[org.springframework.boot.test.autoconfigure.actuate.metrics.MetricsExportContextCustomizerFactory$DisableMetricExportContextCustomizer@1f1c04ac, org.springframework.boot.test.autoconfigure.properties.PropertyMappingContextCustomizer@0, org.springframework.boot.test.autoconfigure.web.servlet.WebDriverContextCustomizerFactory$Customizer@4a34a428, org.springframework.boot.test.context.filter.ExcludeFilterContextCustomizer@40a6b345, org.springframework.boot.test.json.DuplicateJsonObjectContextCustomizerFactory$DuplicateJsonObjectContextCustomizer@64b52109, org.springframework.boot.test.mock.mockito.MockitoContextCustomizer@0], contextLoader = 'org.springframework.test.context.support.DelegatingSmartContextLoader', parent = [null]]]
15:14:39.290 [Test worker] DEBUG org.springframework.test.context.cache - Spring test ApplicationContext cache statistics: [DefaultContextCache@74e40d22 size = 1, maxSize = 32, parentContextCount = 0, hitCount = 52, missCount = 1]
15:14:39.291 [Test worker] DEBUG org.springframework.test.context.cache.DefaultCacheAwareContextLoaderDelegate - Retrieved ApplicationContext [1971788613] from cache with key [[MergedContextConfiguration@b3f80a9 testClass = CertificateDaoImplTest, locations = '{}', classes = '{class com.epam.esm.configuration.DaoTestConfiguration}', contextInitializerClasses = '[]', activeProfiles = '{}', propertySourceLocations = '{}', propertySourceProperties = '{}', contextCustomizers = set[org.springframework.boot.test.autoconfigure.actuate.metrics.MetricsExportContextCustomizerFactory$DisableMetricExportContextCustomizer@1f1c04ac, org.springframework.boot.test.autoconfigure.properties.PropertyMappingContextCustomizer@0, org.springframework.boot.test.autoconfigure.web.servlet.WebDriverContextCustomizerFactory$Customizer@4a34a428, org.springframework.boot.test.context.filter.ExcludeFilterContextCustomizer@40a6b345, org.springframework.boot.test.json.DuplicateJsonObjectContextCustomizerFactory$DuplicateJsonObjectContextCustomizer@64b52109, org.springframework.boot.test.mock.mockito.MockitoContextCustomizer@0], contextLoader = 'org.springframework.test.context.support.DelegatingSmartContextLoader', parent = [null]]]
15:14:39.291 [Test worker] DEBUG org.springframework.test.context.cache - Spring test ApplicationContext cache statistics: [DefaultContextCache@74e40d22 size = 1, maxSize = 32, parentContextCount = 0, hitCount = 53, missCount = 1]
15:14:39.291 [Test worker] DEBUG org.hibernate.engine.spi.ActionQueue - Executing identity-insert immediately
15:14:39.291 [Test worker] DEBUG org.hibernate.SQL - insert into CertificateEntity (id, createDate, description, duration, lastUpdateDate, name, price) values (null, ?, ?, ?, ?, ?, ?)
Hibernate: insert into CertificateEntity (id, createDate, description, duration, lastUpdateDate, name, price) values (null, ?, ?, ?, ?, ?, ?)
15:14:39.293 [Test worker] DEBUG org.hibernate.id.IdentifierGeneratorHelper - Natively generated identity: 14
15:14:39.293 [Test worker] DEBUG org.hibernate.resource.jdbc.internal.ResourceRegistryStandardImpl - HHH000387: ResultSet's statement was not registered
15:14:39.295 [Test worker] DEBUG org.springframework.orm.jpa.JpaTransactionManager - Found thread-bound EntityManager [SessionImpl(468611713<open>)] for JPA transaction
15:14:39.295 [Test worker] DEBUG org.springframework.orm.jpa.JpaTransactionManager - Participating in existing transaction
15:14:39.295 [Test worker] DEBUG org.hibernate.SQL - select certificat0_.id as id1_0_0_, certificat0_.createDate as createda2_0_0_, certificat0_.description as descript3_0_0_, certificat0_.duration as duration4_0_0_, certificat0_.lastUpdateDate as lastupda5_0_0_, certificat0_.name as name6_0_0_, certificat0_.price as price7_0_0_, tagentitie1_.CertificateEntity_id as certific1_1_1_, tagentity2_.id as tagentit2_1_1_, tagentity2_.id as id1_4_2_, tagentity2_.name as name2_4_2_ from CertificateEntity certificat0_ left outer join CertificateEntity_TagEntity tagentitie1_ on certificat0_.id=tagentitie1_.CertificateEntity_id left outer join TagEntity tagentity2_ on tagentitie1_.tagEntities_id=tagentity2_.id where certificat0_.id=?
Hibernate: select certificat0_.id as id1_0_0_, certificat0_.createDate as createda2_0_0_, certificat0_.description as descript3_0_0_, certificat0_.duration as duration4_0_0_, certificat0_.lastUpdateDate as lastupda5_0_0_, certificat0_.name as name6_0_0_, certificat0_.price as price7_0_0_, tagentitie1_.CertificateEntity_id as certific1_1_1_, tagentity2_.id as tagentit2_1_1_, tagentity2_.id as id1_4_2_, tagentity2_.name as name2_4_2_ from CertificateEntity certificat0_ left outer join CertificateEntity_TagEntity tagentitie1_ on certificat0_.id=tagentitie1_.CertificateEntity_id left outer join TagEntity tagentity2_ on tagentitie1_.tagEntities_id=tagentity2_.id where certificat0_.id=?
15:14:39.297 [Test worker] DEBUG org.hibernate.engine.loading.internal.CollectionLoadContext - No collections were found in result set for role: com.epam.esm.model.entity.CertificateEntity.tagEntities
15:14:39.297 [Test worker] DEBUG org.hibernate.loader.entity.plan.AbstractLoadPlanBasedEntityLoader - Done entity load : com.epam.esm.model.entity.CertificateEntity#1
15:14:39.298 [Test worker] DEBUG org.springframework.orm.jpa.JpaTransactionManager - Found thread-bound EntityManager [SessionImpl(468611713<open>)] for JPA transaction
15:14:39.298 [Test worker] DEBUG org.springframework.orm.jpa.JpaTransactionManager - Participating in existing transaction
15:14:39.299 [Test worker] DEBUG org.hibernate.SQL - select certificat0_.id as id1_0_0_, certificat0_.createDate as createda2_0_0_, certificat0_.description as descript3_0_0_, certificat0_.duration as duration4_0_0_, certificat0_.lastUpdateDate as lastupda5_0_0_, certificat0_.name as name6_0_0_, certificat0_.price as price7_0_0_, tagentitie1_.CertificateEntity_id as certific1_1_1_, tagentity2_.id as tagentit2_1_1_, tagentity2_.id as id1_4_2_, tagentity2_.name as name2_4_2_ from CertificateEntity certificat0_ left outer join CertificateEntity_TagEntity tagentitie1_ on certificat0_.id=tagentitie1_.CertificateEntity_id left outer join TagEntity tagentity2_ on tagentitie1_.tagEntities_id=tagentity2_.id where certificat0_.id=?
Hibernate: select certificat0_.id as id1_0_0_, certificat0_.createDate as createda2_0_0_, certificat0_.description as descript3_0_0_, certificat0_.duration as duration4_0_0_, certificat0_.lastUpdateDate as lastupda5_0_0_, certificat0_.name as name6_0_0_, certificat0_.price as price7_0_0_, tagentitie1_.CertificateEntity_id as certific1_1_1_, tagentity2_.id as tagentit2_1_1_, tagentity2_.id as id1_4_2_, tagentity2_.name as name2_4_2_ from CertificateEntity certificat0_ left outer join CertificateEntity_TagEntity tagentitie1_ on certificat0_.id=tagentitie1_.CertificateEntity_id left outer join TagEntity tagentity2_ on tagentitie1_.tagEntities_id=tagentity2_.id where certificat0_.id=?
15:14:39.300 [Test worker] DEBUG org.hibernate.engine.loading.internal.CollectionLoadContext - No collections were found in result set for role: com.epam.esm.model.entity.CertificateEntity.tagEntities
15:14:39.301 [Test worker] DEBUG org.hibernate.loader.entity.plan.AbstractLoadPlanBasedEntityLoader - Done entity load : com.epam.esm.model.entity.CertificateEntity#1
15:14:39.301 [Test worker] DEBUG org.springframework.test.context.cache.DefaultCacheAwareContextLoaderDelegate - Retrieved ApplicationContext [1971788613] from cache with key [[MergedContextConfiguration@b3f80a9 testClass = CertificateDaoImplTest, locations = '{}', classes = '{class com.epam.esm.configuration.DaoTestConfiguration}', contextInitializerClasses = '[]', activeProfiles = '{}', propertySourceLocations = '{}', propertySourceProperties = '{}', contextCustomizers = set[org.springframework.boot.test.autoconfigure.actuate.metrics.MetricsExportContextCustomizerFactory$DisableMetricExportContextCustomizer@1f1c04ac, org.springframework.boot.test.autoconfigure.properties.PropertyMappingContextCustomizer@0, org.springframework.boot.test.autoconfigure.web.servlet.WebDriverContextCustomizerFactory$Customizer@4a34a428, org.springframework.boot.test.context.filter.ExcludeFilterContextCustomizer@40a6b345, org.springframework.boot.test.json.DuplicateJsonObjectContextCustomizerFactory$DuplicateJsonObjectContextCustomizer@64b52109, org.springframework.boot.test.mock.mockito.MockitoContextCustomizer@0], contextLoader = 'org.springframework.test.context.support.DelegatingSmartContextLoader', parent = [null]]]
15:14:39.302 [Test worker] DEBUG org.springframework.test.context.cache - Spring test ApplicationContext cache statistics: [DefaultContextCache@74e40d22 size = 1, maxSize = 32, parentContextCount = 0, hitCount = 54, missCount = 1]
15:14:39.302 [Test worker] DEBUG org.springframework.test.context.cache.DefaultCacheAwareContextLoaderDelegate - Retrieved ApplicationContext [1971788613] from cache with key [[MergedContextConfiguration@b3f80a9 testClass = CertificateDaoImplTest, locations = '{}', classes = '{class com.epam.esm.configuration.DaoTestConfiguration}', contextInitializerClasses = '[]', activeProfiles = '{}', propertySourceLocations = '{}', propertySourceProperties = '{}', contextCustomizers = set[org.springframework.boot.test.autoconfigure.actuate.metrics.MetricsExportContextCustomizerFactory$DisableMetricExportContextCustomizer@1f1c04ac, org.springframework.boot.test.autoconfigure.properties.PropertyMappingContextCustomizer@0, org.springframework.boot.test.autoconfigure.web.servlet.WebDriverContextCustomizerFactory$Customizer@4a34a428, org.springframework.boot.test.context.filter.ExcludeFilterContextCustomizer@40a6b345, org.springframework.boot.test.json.DuplicateJsonObjectContextCustomizerFactory$DuplicateJsonObjectContextCustomizer@64b52109, org.springframework.boot.test.mock.mockito.MockitoContextCustomizer@0], contextLoader = 'org.springframework.test.context.support.DelegatingSmartContextLoader', parent = [null]]]
15:14:39.302 [Test worker] DEBUG org.springframework.test.context.cache - Spring test ApplicationContext cache statistics: [DefaultContextCache@74e40d22 size = 1, maxSize = 32, parentContextCount = 0, hitCount = 55, missCount = 1]
15:14:39.303 [Test worker] DEBUG org.springframework.test.context.cache.DefaultCacheAwareContextLoaderDelegate - Retrieved ApplicationContext [1971788613] from cache with key [[MergedContextConfiguration@b3f80a9 testClass = CertificateDaoImplTest, locations = '{}', classes = '{class com.epam.esm.configuration.DaoTestConfiguration}', contextInitializerClasses = '[]', activeProfiles = '{}', propertySourceLocations = '{}', propertySourceProperties = '{}', contextCustomizers = set[org.springframework.boot.test.autoconfigure.actuate.metrics.MetricsExportContextCustomizerFactory$DisableMetricExportContextCustomizer@1f1c04ac, org.springframework.boot.test.autoconfigure.properties.PropertyMappingContextCustomizer@0, org.springframework.boot.test.autoconfigure.web.servlet.WebDriverContextCustomizerFactory$Customizer@4a34a428, org.springframework.boot.test.context.filter.ExcludeFilterContextCustomizer@40a6b345, org.springframework.boot.test.json.DuplicateJsonObjectContextCustomizerFactory$DuplicateJsonObjectContextCustomizer@64b52109, org.springframework.boot.test.mock.mockito.MockitoContextCustomizer@0], contextLoader = 'org.springframework.test.context.support.DelegatingSmartContextLoader', parent = [null]]]
15:14:39.303 [Test worker] DEBUG org.springframework.test.context.cache - Spring test ApplicationContext cache statistics: [DefaultContextCache@74e40d22 size = 1, maxSize = 32, parentContextCount = 0, hitCount = 56, missCount = 1]
15:14:39.303 [Test worker] DEBUG org.springframework.test.context.cache.DefaultCacheAwareContextLoaderDelegate - Retrieved ApplicationContext [1971788613] from cache with key [[MergedContextConfiguration@b3f80a9 testClass = CertificateDaoImplTest, locations = '{}', classes = '{class com.epam.esm.configuration.DaoTestConfiguration}', contextInitializerClasses = '[]', activeProfiles = '{}', propertySourceLocations = '{}', propertySourceProperties = '{}', contextCustomizers = set[org.springframework.boot.test.autoconfigure.actuate.metrics.MetricsExportContextCustomizerFactory$DisableMetricExportContextCustomizer@1f1c04ac, org.springframework.boot.test.autoconfigure.properties.PropertyMappingContextCustomizer@0, org.springframework.boot.test.autoconfigure.web.servlet.WebDriverContextCustomizerFactory$Customizer@4a34a428, org.springframework.boot.test.context.filter.ExcludeFilterContextCustomizer@40a6b345, org.springframework.boot.test.json.DuplicateJsonObjectContextCustomizerFactory$DuplicateJsonObjectContextCustomizer@64b52109, org.springframework.boot.test.mock.mockito.MockitoContextCustomizer@0], contextLoader = 'org.springframework.test.context.support.DelegatingSmartContextLoader', parent = [null]]]
15:14:39.303 [Test worker] DEBUG org.springframework.test.context.cache - Spring test ApplicationContext cache statistics: [DefaultContextCache@74e40d22 size = 1, maxSize = 32, parentContextCount = 0, hitCount = 57, missCount = 1]
15:14:39.304 [Test worker] DEBUG org.springframework.test.context.cache.DefaultCacheAwareContextLoaderDelegate - Retrieved ApplicationContext [1971788613] from cache with key [[MergedContextConfiguration@b3f80a9 testClass = CertificateDaoImplTest, locations = '{}', classes = '{class com.epam.esm.configuration.DaoTestConfiguration}', contextInitializerClasses = '[]', activeProfiles = '{}', propertySourceLocations = '{}', propertySourceProperties = '{}', contextCustomizers = set[org.springframework.boot.test.autoconfigure.actuate.metrics.MetricsExportContextCustomizerFactory$DisableMetricExportContextCustomizer@1f1c04ac, org.springframework.boot.test.autoconfigure.properties.PropertyMappingContextCustomizer@0, org.springframework.boot.test.autoconfigure.web.servlet.WebDriverContextCustomizerFactory$Customizer@4a34a428, org.springframework.boot.test.context.filter.ExcludeFilterContextCustomizer@40a6b345, org.springframework.boot.test.json.DuplicateJsonObjectContextCustomizerFactory$DuplicateJsonObjectContextCustomizer@64b52109, org.springframework.boot.test.mock.mockito.MockitoContextCustomizer@0], contextLoader = 'org.springframework.test.context.support.DelegatingSmartContextLoader', parent = [null]]]
15:14:39.304 [Test worker] DEBUG org.springframework.test.context.cache - Spring test ApplicationContext cache statistics: [DefaultContextCache@74e40d22 size = 1, maxSize = 32, parentContextCount = 0, hitCount = 58, missCount = 1]
15:14:39.305 [Test worker] DEBUG org.springframework.test.context.cache.DefaultCacheAwareContextLoaderDelegate - Retrieved ApplicationContext [1971788613] from cache with key [[MergedContextConfiguration@b3f80a9 testClass = CertificateDaoImplTest, locations = '{}', classes = '{class com.epam.esm.configuration.DaoTestConfiguration}', contextInitializerClasses = '[]', activeProfiles = '{}', propertySourceLocations = '{}', propertySourceProperties = '{}', contextCustomizers = set[org.springframework.boot.test.autoconfigure.actuate.metrics.MetricsExportContextCustomizerFactory$DisableMetricExportContextCustomizer@1f1c04ac, org.springframework.boot.test.autoconfigure.properties.PropertyMappingContextCustomizer@0, org.springframework.boot.test.autoconfigure.web.servlet.WebDriverContextCustomizerFactory$Customizer@4a34a428, org.springframework.boot.test.context.filter.ExcludeFilterContextCustomizer@40a6b345, org.springframework.boot.test.json.DuplicateJsonObjectContextCustomizerFactory$DuplicateJsonObjectContextCustomizer@64b52109, org.springframework.boot.test.mock.mockito.MockitoContextCustomizer@0], contextLoader = 'org.springframework.test.context.support.DelegatingSmartContextLoader', parent = [null]]]
15:14:39.305 [Test worker] DEBUG org.springframework.test.context.cache - Spring test ApplicationContext cache statistics: [DefaultContextCache@74e40d22 size = 1, maxSize = 32, parentContextCount = 0, hitCount = 59, missCount = 1]
15:14:39.305 [Test worker] DEBUG org.springframework.orm.jpa.JpaTransactionManager - Initiating transaction rollback
15:14:39.305 [Test worker] DEBUG org.springframework.orm.jpa.JpaTransactionManager - Rolling back JPA transaction on EntityManager [SessionImpl(468611713<open>)]
15:14:39.305 [Test worker] DEBUG org.hibernate.engine.transaction.internal.TransactionImpl - rolling back
15:14:39.306 [Test worker] DEBUG org.springframework.orm.jpa.JpaTransactionManager - Closing JPA EntityManager [SessionImpl(468611713<open>)] after transaction
15:14:39.307 [Test worker] INFO org.hibernate.engine.internal.StatisticalLoggingSessionEventListener - Session Metrics {
    1056452 nanoseconds spent acquiring 1 JDBC connections;
    0 nanoseconds spent releasing 0 JDBC connections;
    1507968 nanoseconds spent preparing 3 JDBC statements;
    1187261 nanoseconds spent executing 3 JDBC statements;
    0 nanoseconds spent executing 0 JDBC batches;
    0 nanoseconds spent performing 0 L2C puts;
    0 nanoseconds spent performing 0 L2C hits;
    0 nanoseconds spent performing 0 L2C misses;
    0 nanoseconds spent executing 0 flushes (flushing a total of 0 entities and 0 collections);
    0 nanoseconds spent executing 0 partial-flushes (flushing a total of 0 entities and 0 collections)
}
15:14:39.307 [Test worker] INFO org.springframework.test.context.transaction.TransactionContext - Rolled back transaction for test: [DefaultTestContext@1d733d37 testClass = CertificateDaoImplTest, testInstance = com.epam.esm.dao.impl.CertificateDaoImplTest@258e768, testMethod = deleteTest@CertificateDaoImplTest, testException = [null], mergedContextConfiguration = [MergedContextConfiguration@b3f80a9 testClass = CertificateDaoImplTest, locations = '{}', classes = '{class com.epam.esm.configuration.DaoTestConfiguration}', contextInitializerClasses = '[]', activeProfiles = '{}', propertySourceLocations = '{}', propertySourceProperties = '{}', contextCustomizers = set[org.springframework.boot.test.autoconfigure.actuate.metrics.MetricsExportContextCustomizerFactory$DisableMetricExportContextCustomizer@1f1c04ac, org.springframework.boot.test.autoconfigure.properties.PropertyMappingContextCustomizer@0, org.springframework.boot.test.autoconfigure.web.servlet.WebDriverContextCustomizerFactory$Customizer@4a34a428, org.springframework.boot.test.context.filter.ExcludeFilterContextCustomizer@40a6b345, org.springframework.boot.test.json.DuplicateJsonObjectContextCustomizerFactory$DuplicateJsonObjectContextCustomizer@64b52109, org.springframework.boot.test.mock.mockito.MockitoContextCustomizer@0], contextLoader = 'org.springframework.test.context.support.DelegatingSmartContextLoader', parent = [null]], attributes = map['org.springframework.test.context.event.ApplicationEventsTestExecutionListener.recordApplicationEvents' -> false]]
15:14:39.307 [Test worker] DEBUG org.springframework.test.context.support.AbstractDirtiesContextTestExecutionListener - After test method: context [DefaultTestContext@1d733d37 testClass = CertificateDaoImplTest, testInstance = com.epam.esm.dao.impl.CertificateDaoImplTest@258e768, testMethod = deleteTest@CertificateDaoImplTest, testException = [null], mergedContextConfiguration = [MergedContextConfiguration@b3f80a9 testClass = CertificateDaoImplTest, locations = '{}', classes = '{class com.epam.esm.configuration.DaoTestConfiguration}', contextInitializerClasses = '[]', activeProfiles = '{}', propertySourceLocations = '{}', propertySourceProperties = '{}', contextCustomizers = set[org.springframework.boot.test.autoconfigure.actuate.metrics.MetricsExportContextCustomizerFactory$DisableMetricExportContextCustomizer@1f1c04ac, org.springframework.boot.test.autoconfigure.properties.PropertyMappingContextCustomizer@0, org.springframework.boot.test.autoconfigure.web.servlet.WebDriverContextCustomizerFactory$Customizer@4a34a428, org.springframework.boot.test.context.filter.ExcludeFilterContextCustomizer@40a6b345, org.springframework.boot.test.json.DuplicateJsonObjectContextCustomizerFactory$DuplicateJsonObjectContextCustomizer@64b52109, org.springframework.boot.test.mock.mockito.MockitoContextCustomizer@0], contextLoader = 'org.springframework.test.context.support.DelegatingSmartContextLoader', parent = [null]], attributes = map['org.springframework.test.context.event.ApplicationEventsTestExecutionListener.recordApplicationEvents' -> false]], class annotated with @DirtiesContext [false] with mode [null], method annotated with @DirtiesContext [false] with mode [null].
15:14:39.310 [Test worker] DEBUG org.springframework.test.context.cache.DefaultCacheAwareContextLoaderDelegate - Retrieved ApplicationContext [1971788613] from cache with key [[MergedContextConfiguration@b3f80a9 testClass = CertificateDaoImplTest, locations = '{}', classes = '{class com.epam.esm.configuration.DaoTestConfiguration}', contextInitializerClasses = '[]', activeProfiles = '{}', propertySourceLocations = '{}', propertySourceProperties = '{}', contextCustomizers = set[org.springframework.boot.test.autoconfigure.actuate.metrics.MetricsExportContextCustomizerFactory$DisableMetricExportContextCustomizer@1f1c04ac, org.springframework.boot.test.autoconfigure.properties.PropertyMappingContextCustomizer@0, org.springframework.boot.test.autoconfigure.web.servlet.WebDriverContextCustomizerFactory$Customizer@4a34a428, org.springframework.boot.test.context.filter.ExcludeFilterContextCustomizer@40a6b345, org.springframework.boot.test.json.DuplicateJsonObjectContextCustomizerFactory$DuplicateJsonObjectContextCustomizer@64b52109, org.springframework.boot.test.mock.mockito.MockitoContextCustomizer@0], contextLoader = 'org.springframework.test.context.support.DelegatingSmartContextLoader', parent = [null]]]
15:14:39.310 [Test worker] DEBUG org.springframework.test.context.cache - Spring test ApplicationContext cache statistics: [DefaultContextCache@74e40d22 size = 1, maxSize = 32, parentContextCount = 0, hitCount = 60, missCount = 1]
15:14:39.311 [Test worker] DEBUG org.springframework.test.context.support.AbstractDirtiesContextTestExecutionListener - After test class: context [DefaultTestContext@1d733d37 testClass = CertificateDaoImplTest, testInstance = [null], testMethod = [null], testException = [null], mergedContextConfiguration = [MergedContextConfiguration@b3f80a9 testClass = CertificateDaoImplTest, locations = '{}', classes = '{class com.epam.esm.configuration.DaoTestConfiguration}', contextInitializerClasses = '[]', activeProfiles = '{}', propertySourceLocations = '{}', propertySourceProperties = '{}', contextCustomizers = set[org.springframework.boot.test.autoconfigure.actuate.metrics.MetricsExportContextCustomizerFactory$DisableMetricExportContextCustomizer@1f1c04ac, org.springframework.boot.test.autoconfigure.properties.PropertyMappingContextCustomizer@0, org.springframework.boot.test.autoconfigure.web.servlet.WebDriverContextCustomizerFactory$Customizer@4a34a428, org.springframework.boot.test.context.filter.ExcludeFilterContextCustomizer@40a6b345, org.springframework.boot.test.json.DuplicateJsonObjectContextCustomizerFactory$DuplicateJsonObjectContextCustomizer@64b52109, org.springframework.boot.test.mock.mockito.MockitoContextCustomizer@0], contextLoader = 'org.springframework.test.context.support.DelegatingSmartContextLoader', parent = [null]], attributes = map['org.springframework.test.context.event.ApplicationEventsTestExecutionListener.recordApplicationEvents' -> false]], class annotated with @DirtiesContext [false] with mode [null].
]]></system-out>
  <system-err><![CDATA[]]></system-err>
</testsuite>
