<?xml version="1.0" encoding="UTF-8"?>
<testsuite name="test.com.epam.esm.dao.impl.UserDaoImplTest" tests="5" skipped="0" failures="0" errors="0" timestamp="2021-11-03T13:08:22" hostname="RazorLTP" time="0.486">
  <properties/>
  <testcase name="saveNewTest()" classname="test.com.epam.esm.dao.impl.UserDaoImplTest" time="0.383"/>
  <testcase name="findByUsernameTest()" classname="test.com.epam.esm.dao.impl.UserDaoImplTest" time="0.015"/>
  <testcase name="saveExistingTest()" classname="test.com.epam.esm.dao.impl.UserDaoImplTest" time="0.046"/>
  <testcase name="findByIdTest()" classname="test.com.epam.esm.dao.impl.UserDaoImplTest" time="0.015"/>
  <testcase name="deleteTest()" classname="test.com.epam.esm.dao.impl.UserDaoImplTest" time="0.019"/>
  <system-out><![CDATA[16:08:20.927 [Test worker] DEBUG org.springframework.test.context.BootstrapUtils - Instantiating CacheAwareContextLoaderDelegate from class [org.springframework.test.context.cache.DefaultCacheAwareContextLoaderDelegate]
16:08:20.937 [Test worker] DEBUG org.springframework.test.context.BootstrapUtils - Instantiating BootstrapContext using constructor [public org.springframework.test.context.support.DefaultBootstrapContext(java.lang.Class,org.springframework.test.context.CacheAwareContextLoaderDelegate)]
16:08:20.966 [Test worker] DEBUG org.springframework.test.context.BootstrapUtils - Instantiating TestContextBootstrapper for test class [test.com.epam.esm.dao.impl.UserDaoImplTest] from class [org.springframework.test.context.support.DefaultTestContextBootstrapper]
16:08:20.983 [Test worker] DEBUG org.springframework.test.context.support.AbstractDelegatingSmartContextLoader - Delegating to AnnotationConfigContextLoader to process context configuration [ContextConfigurationAttributes@2dc0b5a7 declaringClass = 'test.com.epam.esm.dao.impl.UserDaoImplTest', classes = '{class test.com.epam.esm.configuration.DaoTestConfiguration}', locations = '{}', inheritLocations = true, initializers = '{}', inheritInitializers = true, name = [null], contextLoaderClass = 'org.springframework.test.context.ContextLoader'].
16:08:21.018 [Test worker] DEBUG org.springframework.test.context.support.ActiveProfilesUtils - Could not find an 'annotation declaring class' for annotation type [org.springframework.test.context.ActiveProfiles] and class [test.com.epam.esm.dao.impl.UserDaoImplTest]
16:08:21.019 [Test worker] DEBUG org.springframework.test.context.support.DefaultTestContextBootstrapper - @TestExecutionListeners is not present for class [test.com.epam.esm.dao.impl.UserDaoImplTest]: using defaults.
16:08:21.019 [Test worker] INFO org.springframework.test.context.support.DefaultTestContextBootstrapper - Loaded default TestExecutionListener class names from location [META-INF/spring.factories]: [org.springframework.boot.test.autoconfigure.restdocs.RestDocsTestExecutionListener, org.springframework.boot.test.autoconfigure.web.client.MockRestServiceServerResetTestExecutionListener, org.springframework.boot.test.autoconfigure.web.servlet.MockMvcPrintOnlyOnFailureTestExecutionListener, org.springframework.boot.test.autoconfigure.web.servlet.WebDriverTestExecutionListener, org.springframework.boot.test.autoconfigure.webservices.client.MockWebServiceServerTestExecutionListener, org.springframework.boot.test.mock.mockito.MockitoTestExecutionListener, org.springframework.boot.test.mock.mockito.ResetMocksTestExecutionListener, org.springframework.test.context.web.ServletTestExecutionListener, org.springframework.test.context.support.DirtiesContextBeforeModesTestExecutionListener, org.springframework.test.context.event.ApplicationEventsTestExecutionListener, org.springframework.test.context.support.DependencyInjectionTestExecutionListener, org.springframework.test.context.support.DirtiesContextTestExecutionListener, org.springframework.test.context.transaction.TransactionalTestExecutionListener, org.springframework.test.context.jdbc.SqlScriptsTestExecutionListener, org.springframework.test.context.event.EventPublishingTestExecutionListener]
16:08:21.024 [Test worker] DEBUG org.springframework.test.context.support.DefaultTestContextBootstrapper - Skipping candidate TestExecutionListener [org.springframework.test.context.web.ServletTestExecutionListener] due to a missing dependency. Specify custom listener classes or make the default listener classes and their required dependencies available. Offending class: [javax/servlet/ServletContext]
16:08:21.030 [Test worker] INFO org.springframework.test.context.support.DefaultTestContextBootstrapper - Using TestExecutionListeners: [org.springframework.test.context.support.DirtiesContextBeforeModesTestExecutionListener@2cc2946d, org.springframework.test.context.event.ApplicationEventsTestExecutionListener@3c204500, org.springframework.boot.test.mock.mockito.MockitoTestExecutionListener@311062df, org.springframework.test.context.support.DependencyInjectionTestExecutionListener@5be0bf61, org.springframework.test.context.support.DirtiesContextTestExecutionListener@63b9298c, org.springframework.test.context.transaction.TransactionalTestExecutionListener@5d8f68be, org.springframework.test.context.jdbc.SqlScriptsTestExecutionListener@6f3bff4a, org.springframework.test.context.event.EventPublishingTestExecutionListener@317e4e7b, org.springframework.boot.test.autoconfigure.restdocs.RestDocsTestExecutionListener@1b21e491, org.springframework.boot.test.autoconfigure.web.client.MockRestServiceServerResetTestExecutionListener@3dcdb5d3, org.springframework.boot.test.autoconfigure.web.servlet.MockMvcPrintOnlyOnFailureTestExecutionListener@d3cdc8f, org.springframework.boot.test.autoconfigure.web.servlet.WebDriverTestExecutionListener@4e7246c5, org.springframework.boot.test.autoconfigure.webservices.client.MockWebServiceServerTestExecutionListener@5a6326f6, org.springframework.boot.test.mock.mockito.ResetMocksTestExecutionListener@a506344]
16:08:21.031 [Test worker] DEBUG org.springframework.test.context.support.AbstractDirtiesContextTestExecutionListener - Before test class: context [DefaultTestContext@7b7af63c testClass = UserDaoImplTest, testInstance = [null], testMethod = [null], testException = [null], mergedContextConfiguration = [MergedContextConfiguration@5798eedb testClass = UserDaoImplTest, locations = '{}', classes = '{class test.com.epam.esm.configuration.DaoTestConfiguration}', contextInitializerClasses = '[]', activeProfiles = '{}', propertySourceLocations = '{}', propertySourceProperties = '{}', contextCustomizers = set[org.springframework.boot.test.autoconfigure.actuate.metrics.MetricsExportContextCustomizerFactory$DisableMetricExportContextCustomizer@141e3ca, org.springframework.boot.test.autoconfigure.properties.PropertyMappingContextCustomizer@0, org.springframework.boot.test.autoconfigure.web.servlet.WebDriverContextCustomizerFactory$Customizer@7eb64bb8, org.springframework.boot.test.context.filter.ExcludeFilterContextCustomizer@540f9d1, org.springframework.boot.test.json.DuplicateJsonObjectContextCustomizerFactory$DuplicateJsonObjectContextCustomizer@71d524e2, org.springframework.boot.test.mock.mockito.MockitoContextCustomizer@0], contextLoader = 'org.springframework.test.context.support.DelegatingSmartContextLoader', parent = [null]], attributes = map[[empty]]], class annotated with @DirtiesContext [false] with mode [null].
16:08:21.042 [Test worker] DEBUG org.springframework.test.context.support.DependencyInjectionTestExecutionListener - Performing dependency injection for test context [[DefaultTestContext@7b7af63c testClass = UserDaoImplTest, testInstance = test.com.epam.esm.dao.impl.UserDaoImplTest@491f90bc, testMethod = [null], testException = [null], mergedContextConfiguration = [MergedContextConfiguration@5798eedb testClass = UserDaoImplTest, locations = '{}', classes = '{class test.com.epam.esm.configuration.DaoTestConfiguration}', contextInitializerClasses = '[]', activeProfiles = '{}', propertySourceLocations = '{}', propertySourceProperties = '{}', contextCustomizers = set[org.springframework.boot.test.autoconfigure.actuate.metrics.MetricsExportContextCustomizerFactory$DisableMetricExportContextCustomizer@141e3ca, org.springframework.boot.test.autoconfigure.properties.PropertyMappingContextCustomizer@0, org.springframework.boot.test.autoconfigure.web.servlet.WebDriverContextCustomizerFactory$Customizer@7eb64bb8, org.springframework.boot.test.context.filter.ExcludeFilterContextCustomizer@540f9d1, org.springframework.boot.test.json.DuplicateJsonObjectContextCustomizerFactory$DuplicateJsonObjectContextCustomizer@71d524e2, org.springframework.boot.test.mock.mockito.MockitoContextCustomizer@0], contextLoader = 'org.springframework.test.context.support.DelegatingSmartContextLoader', parent = [null]], attributes = map['org.springframework.test.context.event.ApplicationEventsTestExecutionListener.recordApplicationEvents' -> false]]].
16:08:21.043 [Test worker] DEBUG org.springframework.test.context.support.AbstractDelegatingSmartContextLoader - Delegating to AnnotationConfigContextLoader to load context from [MergedContextConfiguration@5798eedb testClass = UserDaoImplTest, locations = '{}', classes = '{class test.com.epam.esm.configuration.DaoTestConfiguration}', contextInitializerClasses = '[]', activeProfiles = '{}', propertySourceLocations = '{}', propertySourceProperties = '{}', contextCustomizers = set[org.springframework.boot.test.autoconfigure.actuate.metrics.MetricsExportContextCustomizerFactory$DisableMetricExportContextCustomizer@141e3ca, org.springframework.boot.test.autoconfigure.properties.PropertyMappingContextCustomizer@0, org.springframework.boot.test.autoconfigure.web.servlet.WebDriverContextCustomizerFactory$Customizer@7eb64bb8, org.springframework.boot.test.context.filter.ExcludeFilterContextCustomizer@540f9d1, org.springframework.boot.test.json.DuplicateJsonObjectContextCustomizerFactory$DuplicateJsonObjectContextCustomizer@71d524e2, org.springframework.boot.test.mock.mockito.MockitoContextCustomizer@0], contextLoader = 'org.springframework.test.context.support.DelegatingSmartContextLoader', parent = [null]].
16:08:21.043 [Test worker] DEBUG org.springframework.test.context.support.AbstractGenericContextLoader - Loading ApplicationContext for merged context configuration [[MergedContextConfiguration@5798eedb testClass = UserDaoImplTest, locations = '{}', classes = '{class test.com.epam.esm.configuration.DaoTestConfiguration}', contextInitializerClasses = '[]', activeProfiles = '{}', propertySourceLocations = '{}', propertySourceProperties = '{}', contextCustomizers = set[org.springframework.boot.test.autoconfigure.actuate.metrics.MetricsExportContextCustomizerFactory$DisableMetricExportContextCustomizer@141e3ca, org.springframework.boot.test.autoconfigure.properties.PropertyMappingContextCustomizer@0, org.springframework.boot.test.autoconfigure.web.servlet.WebDriverContextCustomizerFactory$Customizer@7eb64bb8, org.springframework.boot.test.context.filter.ExcludeFilterContextCustomizer@540f9d1, org.springframework.boot.test.json.DuplicateJsonObjectContextCustomizerFactory$DuplicateJsonObjectContextCustomizer@71d524e2, org.springframework.boot.test.mock.mockito.MockitoContextCustomizer@0], contextLoader = 'org.springframework.test.context.support.DelegatingSmartContextLoader', parent = [null]]].
16:08:21.068 [Test worker] DEBUG org.springframework.core.env.StandardEnvironment - Activating profiles []
16:08:21.069 [Test worker] DEBUG org.springframework.test.context.support.AnnotationConfigContextLoader - Registering component classes: {class test.com.epam.esm.configuration.DaoTestConfiguration}
16:08:21.109 [Test worker] DEBUG org.springframework.context.support.GenericApplicationContext - Refreshing org.springframework.context.support.GenericApplicationContext@3a6e8960
16:08:21.119 [Test worker] DEBUG org.springframework.beans.factory.support.DefaultListableBeanFactory - Creating shared instance of singleton bean 'org.springframework.context.annotation.internalConfigurationAnnotationProcessor'
16:08:21.155 [Test worker] DEBUG org.springframework.context.annotation.ClassPathBeanDefinitionScanner - Identified candidate component class: file [/home/razor/Lab/task3/ThirdModule/dao/build/classes/java/main/com/epam/esm/configuration/DaoConfiguration.class]
16:08:21.157 [Test worker] DEBUG org.springframework.context.annotation.ClassPathBeanDefinitionScanner - Ignored because not a concrete top-level class: file [/home/razor/Lab/task3/ThirdModule/dao/build/classes/java/main/com/epam/esm/dao/CertificateDao.class]
16:08:21.157 [Test worker] DEBUG org.springframework.context.annotation.ClassPathBeanDefinitionScanner - Ignored because not a concrete top-level class: file [/home/razor/Lab/task3/ThirdModule/dao/build/classes/java/main/com/epam/esm/dao/TagDao.class]
16:08:21.158 [Test worker] DEBUG org.springframework.context.annotation.ClassPathBeanDefinitionScanner - Ignored because not a concrete top-level class: file [/home/razor/Lab/task3/ThirdModule/dao/build/classes/java/main/com/epam/esm/dao/UserDao.class]
16:08:21.158 [Test worker] DEBUG org.springframework.context.annotation.ClassPathBeanDefinitionScanner - Identified candidate component class: file [/home/razor/Lab/task3/ThirdModule/dao/build/classes/java/main/com/epam/esm/dao/impl/CertificateDaoImpl.class]
16:08:21.158 [Test worker] DEBUG org.springframework.context.annotation.ClassPathBeanDefinitionScanner - Identified candidate component class: file [/home/razor/Lab/task3/ThirdModule/dao/build/classes/java/main/com/epam/esm/dao/impl/TagDaoImpl.class]
16:08:21.159 [Test worker] DEBUG org.springframework.context.annotation.ClassPathBeanDefinitionScanner - Identified candidate component class: file [/home/razor/Lab/task3/ThirdModule/dao/build/classes/java/main/com/epam/esm/dao/impl/UserDaoImpl.class]
16:08:21.269 [Test worker] DEBUG org.springframework.beans.factory.support.DefaultListableBeanFactory - Creating shared instance of singleton bean 'org.springframework.boot.test.mock.mockito.MockitoPostProcessor'
16:08:21.287 [Test worker] DEBUG org.springframework.beans.factory.support.DefaultListableBeanFactory - Creating shared instance of singleton bean 'org.springframework.context.event.internalEventListenerProcessor'
16:08:21.289 [Test worker] DEBUG org.springframework.beans.factory.support.DefaultListableBeanFactory - Creating shared instance of singleton bean 'org.springframework.context.event.internalEventListenerFactory'
16:08:21.289 [Test worker] DEBUG org.springframework.beans.factory.support.DefaultListableBeanFactory - Creating shared instance of singleton bean 'org.springframework.transaction.config.internalTransactionalEventListenerFactory'
16:08:21.291 [Test worker] DEBUG org.springframework.beans.factory.support.DefaultListableBeanFactory - Creating shared instance of singleton bean 'org.springframework.context.annotation.internalAutowiredAnnotationProcessor'
16:08:21.293 [Test worker] DEBUG org.springframework.beans.factory.support.DefaultListableBeanFactory - Creating shared instance of singleton bean 'org.springframework.context.annotation.internalCommonAnnotationProcessor'
16:08:21.297 [Test worker] DEBUG org.springframework.beans.factory.support.DefaultListableBeanFactory - Creating shared instance of singleton bean 'org.springframework.context.annotation.internalPersistenceAnnotationProcessor'
16:08:21.298 [Test worker] DEBUG org.springframework.beans.factory.support.DefaultListableBeanFactory - Creating shared instance of singleton bean 'org.springframework.boot.test.mock.mockito.MockitoPostProcessor$SpyPostProcessor'
16:08:21.299 [Test worker] DEBUG org.springframework.beans.factory.support.DefaultListableBeanFactory - Creating shared instance of singleton bean 'org.springframework.aop.config.internalAutoProxyCreator'
16:08:21.345 [Test worker] DEBUG org.springframework.beans.factory.support.DefaultListableBeanFactory - Creating shared instance of singleton bean 'entityManagerFactory'
16:08:21.346 [Test worker] DEBUG org.springframework.beans.factory.support.DefaultListableBeanFactory - Creating shared instance of singleton bean 'daoTestConfiguration'
16:08:21.352 [Test worker] DEBUG org.springframework.beans.factory.support.DefaultListableBeanFactory - Creating shared instance of singleton bean 'org.springframework.transaction.config.internalTransactionAdvisor'
16:08:21.352 [Test worker] DEBUG org.springframework.beans.factory.support.DefaultListableBeanFactory - Creating shared instance of singleton bean 'org.springframework.transaction.annotation.ProxyTransactionManagementConfiguration'
16:08:21.365 [Test worker] DEBUG org.springframework.beans.factory.support.DefaultListableBeanFactory - Creating shared instance of singleton bean 'transactionAttributeSource'
16:08:21.371 [Test worker] DEBUG org.springframework.beans.factory.support.DefaultListableBeanFactory - Creating shared instance of singleton bean 'transactionInterceptor'
16:08:21.372 [Test worker] DEBUG org.springframework.beans.factory.support.DefaultListableBeanFactory - Autowiring by type from bean name 'transactionInterceptor' via factory method to bean named 'transactionAttributeSource'
16:08:21.384 [Test worker] DEBUG org.springframework.beans.factory.support.DefaultListableBeanFactory - Autowiring by type from bean name 'org.springframework.transaction.config.internalTransactionAdvisor' via factory method to bean named 'transactionAttributeSource'
16:08:21.385 [Test worker] DEBUG org.springframework.beans.factory.support.DefaultListableBeanFactory - Autowiring by type from bean name 'org.springframework.transaction.config.internalTransactionAdvisor' via factory method to bean named 'transactionInterceptor'
16:08:21.407 [Test worker] DEBUG org.springframework.beans.factory.support.DefaultListableBeanFactory - Creating shared instance of singleton bean 'dataSource'
16:08:21.413 [Test worker] DEBUG org.springframework.jdbc.datasource.DriverManagerDataSource - Loaded JDBC driver: org.h2.Driver
16:08:21.477 [Test worker] DEBUG org.jboss.logging - Logging Provider: org.jboss.logging.Log4j2LoggerProvider
16:08:21.498 [Test worker] DEBUG org.springframework.orm.jpa.LocalContainerEntityManagerFactoryBean - Building JPA container EntityManagerFactory for persistence unit 'default'
16:08:21.514 [Test worker] DEBUG org.hibernate.jpa.internal.util.LogHelper - PersistenceUnitInfo [
	name: default
	persistence provider classname: null
	classloader: jdk.internal.loader.ClassLoaders$AppClassLoader@68de145
	excludeUnlistedClasses: true
	JTA datasource: null
	Non JTA datasource: org.springframework.jdbc.datasource.DriverManagerDataSource@bb53547
	Transaction type: RESOURCE_LOCAL
	PU root URL: file:/home/razor/Lab/task3/ThirdModule/dao/build/classes/java/test/
	Shared Cache Mode: UNSPECIFIED
	Validation Mode: AUTO
	Jar files URLs []
	Managed classes names [
		com.epam.esm.model.entity.Certificate
		com.epam.esm.model.entity.Tag
		com.epam.esm.model.entity.User]
	Mapping files names []
	Properties []
16:08:21.523 [Test worker] DEBUG org.hibernate.integrator.internal.IntegratorServiceImpl - Adding Integrator [org.hibernate.cfg.beanvalidation.BeanValidationIntegrator].
16:08:21.524 [Test worker] DEBUG org.hibernate.integrator.internal.IntegratorServiceImpl - Adding Integrator [org.hibernate.secure.spi.JaccIntegrator].
16:08:21.526 [Test worker] DEBUG org.hibernate.integrator.internal.IntegratorServiceImpl - Adding Integrator [org.hibernate.cache.internal.CollectionCacheInvalidator].
16:08:21.554 [Test worker] INFO org.hibernate.Version - HHH000412: Hibernate ORM core version 5.4.32.Final
16:08:21.555 [Test worker] DEBUG org.hibernate.cfg.Environment - HHH000206: hibernate.properties not found
16:08:21.646 [Test worker] DEBUG org.hibernate.service.spi.ServiceBinding - Overriding existing service binding [org.hibernate.secure.spi.JaccService]
16:08:21.656 [Test worker] DEBUG org.hibernate.cache.internal.RegionFactoryInitiator - Cannot default RegionFactory based on registered strategies as `[]` RegionFactory strategies were registered
16:08:21.657 [Test worker] DEBUG org.hibernate.cache.internal.RegionFactoryInitiator - Cache region factory : org.hibernate.cache.internal.NoCachingRegionFactory
16:08:21.668 [Test worker] INFO org.hibernate.annotations.common.Version - HCANN000001: Hibernate Commons Annotations {5.1.2.Final}
16:08:21.689 [Test worker] DEBUG org.hibernate.type.BasicTypeRegistry - Adding type registration boolean -> org.hibernate.type.BooleanType@29d0593f
16:08:21.690 [Test worker] DEBUG org.hibernate.type.BasicTypeRegistry - Adding type registration boolean -> org.hibernate.type.BooleanType@29d0593f
16:08:21.690 [Test worker] DEBUG org.hibernate.type.BasicTypeRegistry - Adding type registration java.lang.Boolean -> org.hibernate.type.BooleanType@29d0593f
16:08:21.690 [Test worker] DEBUG org.hibernate.type.BasicTypeRegistry - Adding type registration numeric_boolean -> org.hibernate.type.NumericBooleanType@33cc8052
16:08:21.690 [Test worker] DEBUG org.hibernate.type.BasicTypeRegistry - Adding type registration true_false -> org.hibernate.type.TrueFalseType@6cdc92dc
16:08:21.691 [Test worker] DEBUG org.hibernate.type.BasicTypeRegistry - Adding type registration yes_no -> org.hibernate.type.YesNoType@59c7b51f
16:08:21.692 [Test worker] DEBUG org.hibernate.type.BasicTypeRegistry - Adding type registration byte -> org.hibernate.type.ByteType@668f20ec
16:08:21.692 [Test worker] DEBUG org.hibernate.type.BasicTypeRegistry - Adding type registration byte -> org.hibernate.type.ByteType@668f20ec
16:08:21.692 [Test worker] DEBUG org.hibernate.type.BasicTypeRegistry - Adding type registration java.lang.Byte -> org.hibernate.type.ByteType@668f20ec
16:08:21.693 [Test worker] DEBUG org.hibernate.type.BasicTypeRegistry - Adding type registration character -> org.hibernate.type.CharacterType@6135e301
16:08:21.693 [Test worker] DEBUG org.hibernate.type.BasicTypeRegistry - Adding type registration char -> org.hibernate.type.CharacterType@6135e301
16:08:21.693 [Test worker] DEBUG org.hibernate.type.BasicTypeRegistry - Adding type registration java.lang.Character -> org.hibernate.type.CharacterType@6135e301
16:08:21.694 [Test worker] DEBUG org.hibernate.type.BasicTypeRegistry - Adding type registration short -> org.hibernate.type.ShortType@6f6ca075
16:08:21.694 [Test worker] DEBUG org.hibernate.type.BasicTypeRegistry - Adding type registration short -> org.hibernate.type.ShortType@6f6ca075
16:08:21.694 [Test worker] DEBUG org.hibernate.type.BasicTypeRegistry - Adding type registration java.lang.Short -> org.hibernate.type.ShortType@6f6ca075
16:08:21.695 [Test worker] DEBUG org.hibernate.type.BasicTypeRegistry - Adding type registration integer -> org.hibernate.type.IntegerType@3e05ac30
16:08:21.695 [Test worker] DEBUG org.hibernate.type.BasicTypeRegistry - Adding type registration int -> org.hibernate.type.IntegerType@3e05ac30
16:08:21.695 [Test worker] DEBUG org.hibernate.type.BasicTypeRegistry - Adding type registration java.lang.Integer -> org.hibernate.type.IntegerType@3e05ac30
16:08:21.696 [Test worker] DEBUG org.hibernate.type.BasicTypeRegistry - Adding type registration long -> org.hibernate.type.LongType@276d0677
16:08:21.696 [Test worker] DEBUG org.hibernate.type.BasicTypeRegistry - Adding type registration long -> org.hibernate.type.LongType@276d0677
16:08:21.696 [Test worker] DEBUG org.hibernate.type.BasicTypeRegistry - Adding type registration java.lang.Long -> org.hibernate.type.LongType@276d0677
16:08:21.697 [Test worker] DEBUG org.hibernate.type.BasicTypeRegistry - Adding type registration float -> org.hibernate.type.FloatType@4f100bb5
16:08:21.697 [Test worker] DEBUG org.hibernate.type.BasicTypeRegistry - Adding type registration float -> org.hibernate.type.FloatType@4f100bb5
16:08:21.697 [Test worker] DEBUG org.hibernate.type.BasicTypeRegistry - Adding type registration java.lang.Float -> org.hibernate.type.FloatType@4f100bb5
16:08:21.697 [Test worker] DEBUG org.hibernate.type.BasicTypeRegistry - Adding type registration double -> org.hibernate.type.DoubleType@69e79083
16:08:21.698 [Test worker] DEBUG org.hibernate.type.BasicTypeRegistry - Adding type registration double -> org.hibernate.type.DoubleType@69e79083
16:08:21.698 [Test worker] DEBUG org.hibernate.type.BasicTypeRegistry - Adding type registration java.lang.Double -> org.hibernate.type.DoubleType@69e79083
16:08:21.699 [Test worker] DEBUG org.hibernate.type.BasicTypeRegistry - Adding type registration big_decimal -> org.hibernate.type.BigDecimalType@6caa083b
16:08:21.699 [Test worker] DEBUG org.hibernate.type.BasicTypeRegistry - Adding type registration java.math.BigDecimal -> org.hibernate.type.BigDecimalType@6caa083b
16:08:21.701 [Test worker] DEBUG org.hibernate.type.BasicTypeRegistry - Adding type registration big_integer -> org.hibernate.type.BigIntegerType@3737a0b1
16:08:21.701 [Test worker] DEBUG org.hibernate.type.BasicTypeRegistry - Adding type registration java.math.BigInteger -> org.hibernate.type.BigIntegerType@3737a0b1
16:08:21.701 [Test worker] DEBUG org.hibernate.type.BasicTypeRegistry - Adding type registration string -> org.hibernate.type.StringType@17a7a9c8
16:08:21.702 [Test worker] DEBUG org.hibernate.type.BasicTypeRegistry - Adding type registration java.lang.String -> org.hibernate.type.StringType@17a7a9c8
16:08:21.702 [Test worker] DEBUG org.hibernate.type.BasicTypeRegistry - Adding type registration nstring -> org.hibernate.type.StringNVarcharType@4bdd10d
16:08:21.702 [Test worker] DEBUG org.hibernate.type.BasicTypeRegistry - Adding type registration ncharacter -> org.hibernate.type.CharacterNCharType@77470374
16:08:21.703 [Test worker] DEBUG org.hibernate.type.BasicTypeRegistry - Adding type registration url -> org.hibernate.type.UrlType@165117eb
16:08:21.703 [Test worker] DEBUG org.hibernate.type.BasicTypeRegistry - Adding type registration java.net.URL -> org.hibernate.type.UrlType@165117eb
16:08:21.704 [Test worker] DEBUG org.hibernate.type.BasicTypeRegistry - Adding type registration Duration -> org.hibernate.type.DurationType@78b9d292
16:08:21.704 [Test worker] DEBUG org.hibernate.type.BasicTypeRegistry - Adding type registration java.time.Duration -> org.hibernate.type.DurationType@78b9d292
16:08:21.712 [Test worker] DEBUG org.hibernate.type.BasicTypeRegistry - Adding type registration Instant -> org.hibernate.type.InstantType@19246b67
16:08:21.712 [Test worker] DEBUG org.hibernate.type.BasicTypeRegistry - Adding type registration java.time.Instant -> org.hibernate.type.InstantType@19246b67
16:08:21.714 [Test worker] DEBUG org.hibernate.type.BasicTypeRegistry - Adding type registration LocalDateTime -> org.hibernate.type.LocalDateTimeType@4cd13492
16:08:21.714 [Test worker] DEBUG org.hibernate.type.BasicTypeRegistry - Adding type registration java.time.LocalDateTime -> org.hibernate.type.LocalDateTimeType@4cd13492
16:08:21.715 [Test worker] DEBUG org.hibernate.type.BasicTypeRegistry - Adding type registration LocalDate -> org.hibernate.type.LocalDateType@79a27f29
16:08:21.715 [Test worker] DEBUG org.hibernate.type.BasicTypeRegistry - Adding type registration java.time.LocalDate -> org.hibernate.type.LocalDateType@79a27f29
16:08:21.716 [Test worker] DEBUG org.hibernate.type.BasicTypeRegistry - Adding type registration LocalTime -> org.hibernate.type.LocalTimeType@28f6a5fd
16:08:21.716 [Test worker] DEBUG org.hibernate.type.BasicTypeRegistry - Adding type registration java.time.LocalTime -> org.hibernate.type.LocalTimeType@28f6a5fd
16:08:21.717 [Test worker] DEBUG org.hibernate.type.BasicTypeRegistry - Adding type registration OffsetDateTime -> org.hibernate.type.OffsetDateTimeType@3cb28dbc
16:08:21.718 [Test worker] DEBUG org.hibernate.type.BasicTypeRegistry - Adding type registration java.time.OffsetDateTime -> org.hibernate.type.OffsetDateTimeType@3cb28dbc
16:08:21.719 [Test worker] DEBUG org.hibernate.type.BasicTypeRegistry - Adding type registration OffsetTime -> org.hibernate.type.OffsetTimeType@2616d72c
16:08:21.719 [Test worker] DEBUG org.hibernate.type.BasicTypeRegistry - Adding type registration java.time.OffsetTime -> org.hibernate.type.OffsetTimeType@2616d72c
16:08:21.720 [Test worker] DEBUG org.hibernate.type.BasicTypeRegistry - Adding type registration ZonedDateTime -> org.hibernate.type.ZonedDateTimeType@19436b78
16:08:21.720 [Test worker] DEBUG org.hibernate.type.BasicTypeRegistry - Adding type registration java.time.ZonedDateTime -> org.hibernate.type.ZonedDateTimeType@19436b78
16:08:21.721 [Test worker] DEBUG org.hibernate.type.BasicTypeRegistry - Adding type registration date -> org.hibernate.type.DateType@25d5aac0
16:08:21.722 [Test worker] DEBUG org.hibernate.type.BasicTypeRegistry - Adding type registration java.sql.Date -> org.hibernate.type.DateType@25d5aac0
16:08:21.723 [Test worker] DEBUG org.hibernate.type.BasicTypeRegistry - Adding type registration time -> org.hibernate.type.TimeType@2044722
16:08:21.723 [Test worker] DEBUG org.hibernate.type.BasicTypeRegistry - Adding type registration java.sql.Time -> org.hibernate.type.TimeType@2044722
16:08:21.724 [Test worker] DEBUG org.hibernate.type.BasicTypeRegistry - Adding type registration timestamp -> org.hibernate.type.TimestampType@68280311
16:08:21.724 [Test worker] DEBUG org.hibernate.type.BasicTypeRegistry - Adding type registration java.sql.Timestamp -> org.hibernate.type.TimestampType@68280311
16:08:21.724 [Test worker] DEBUG org.hibernate.type.BasicTypeRegistry - Adding type registration java.util.Date -> org.hibernate.type.TimestampType@68280311
16:08:21.726 [Test worker] DEBUG org.hibernate.type.BasicTypeRegistry - Adding type registration dbtimestamp -> org.hibernate.type.DbTimestampType@2aafcc81
16:08:21.726 [Test worker] DEBUG org.hibernate.type.BasicTypeRegistry - Adding type registration calendar -> org.hibernate.type.CalendarType@331f257f
16:08:21.727 [Test worker] DEBUG org.hibernate.type.BasicTypeRegistry - Adding type registration java.util.Calendar -> org.hibernate.type.CalendarType@331f257f
16:08:21.727 [Test worker] DEBUG org.hibernate.type.BasicTypeRegistry - Adding type registration java.util.GregorianCalendar -> org.hibernate.type.CalendarType@331f257f
16:08:21.727 [Test worker] DEBUG org.hibernate.type.BasicTypeRegistry - Adding type registration calendar_date -> org.hibernate.type.CalendarDateType@11d188b8
16:08:21.728 [Test worker] DEBUG org.hibernate.type.BasicTypeRegistry - Adding type registration calendar_time -> org.hibernate.type.CalendarTimeType@53d94c89
16:08:21.728 [Test worker] DEBUG org.hibernate.type.BasicTypeRegistry - Adding type registration locale -> org.hibernate.type.LocaleType@52193381
16:08:21.728 [Test worker] DEBUG org.hibernate.type.BasicTypeRegistry - Adding type registration java.util.Locale -> org.hibernate.type.LocaleType@52193381
16:08:21.729 [Test worker] DEBUG org.hibernate.type.BasicTypeRegistry - Adding type registration currency -> org.hibernate.type.CurrencyType@5192cc62
16:08:21.729 [Test worker] DEBUG org.hibernate.type.BasicTypeRegistry - Adding type registration java.util.Currency -> org.hibernate.type.CurrencyType@5192cc62
16:08:21.730 [Test worker] DEBUG org.hibernate.type.BasicTypeRegistry - Adding type registration timezone -> org.hibernate.type.TimeZoneType@60c61e97
16:08:21.730 [Test worker] DEBUG org.hibernate.type.BasicTypeRegistry - Adding type registration java.util.TimeZone -> org.hibernate.type.TimeZoneType@60c61e97
16:08:21.731 [Test worker] DEBUG org.hibernate.type.BasicTypeRegistry - Adding type registration class -> org.hibernate.type.ClassType@2289a5f5
16:08:21.731 [Test worker] DEBUG org.hibernate.type.BasicTypeRegistry - Adding type registration java.lang.Class -> org.hibernate.type.ClassType@2289a5f5
16:08:21.731 [Test worker] DEBUG org.hibernate.type.BasicTypeRegistry - Adding type registration uuid-binary -> org.hibernate.type.UUIDBinaryType@455e6359
16:08:21.731 [Test worker] DEBUG org.hibernate.type.BasicTypeRegistry - Adding type registration java.util.UUID -> org.hibernate.type.UUIDBinaryType@455e6359
16:08:21.732 [Test worker] DEBUG org.hibernate.type.BasicTypeRegistry - Adding type registration uuid-char -> org.hibernate.type.UUIDCharType@22d99cf3
16:08:21.732 [Test worker] DEBUG org.hibernate.type.BasicTypeRegistry - Adding type registration binary -> org.hibernate.type.BinaryType@6655445f
16:08:21.733 [Test worker] DEBUG org.hibernate.type.BasicTypeRegistry - Adding type registration byte[] -> org.hibernate.type.BinaryType@6655445f
16:08:21.733 [Test worker] DEBUG org.hibernate.type.BasicTypeRegistry - Adding type registration [B -> org.hibernate.type.BinaryType@6655445f
16:08:21.733 [Test worker] DEBUG org.hibernate.type.BasicTypeRegistry - Adding type registration wrapper-binary -> org.hibernate.type.WrapperBinaryType@26132e20
16:08:21.733 [Test worker] DEBUG org.hibernate.type.BasicTypeRegistry - Adding type registration Byte[] -> org.hibernate.type.WrapperBinaryType@26132e20
16:08:21.734 [Test worker] DEBUG org.hibernate.type.BasicTypeRegistry - Adding type registration [Ljava.lang.Byte; -> org.hibernate.type.WrapperBinaryType@26132e20
16:08:21.734 [Test worker] DEBUG org.hibernate.type.BasicTypeRegistry - Adding type registration row_version -> org.hibernate.type.RowVersionType@665517be
16:08:21.735 [Test worker] DEBUG org.hibernate.type.BasicTypeRegistry - Adding type registration image -> org.hibernate.type.ImageType@be6e9a
16:08:21.735 [Test worker] DEBUG org.hibernate.type.BasicTypeRegistry - Adding type registration characters -> org.hibernate.type.CharArrayType@193a4d2d
16:08:21.735 [Test worker] DEBUG org.hibernate.type.BasicTypeRegistry - Adding type registration char[] -> org.hibernate.type.CharArrayType@193a4d2d
16:08:21.735 [Test worker] DEBUG org.hibernate.type.BasicTypeRegistry - Adding type registration [C -> org.hibernate.type.CharArrayType@193a4d2d
16:08:21.736 [Test worker] DEBUG org.hibernate.type.BasicTypeRegistry - Adding type registration wrapper-characters -> org.hibernate.type.CharacterArrayType@78d9e0ea
16:08:21.736 [Test worker] DEBUG org.hibernate.type.BasicTypeRegistry - Adding type registration [Ljava.lang.Character; -> org.hibernate.type.CharacterArrayType@78d9e0ea
16:08:21.736 [Test worker] DEBUG org.hibernate.type.BasicTypeRegistry - Adding type registration Character[] -> org.hibernate.type.CharacterArrayType@78d9e0ea
16:08:21.737 [Test worker] DEBUG org.hibernate.type.BasicTypeRegistry - Adding type registration text -> org.hibernate.type.TextType@7e461d32
16:08:21.737 [Test worker] DEBUG org.hibernate.type.BasicTypeRegistry - Adding type registration ntext -> org.hibernate.type.NTextType@5c4dfd5
16:08:21.738 [Test worker] DEBUG org.hibernate.type.BasicTypeRegistry - Adding type registration blob -> org.hibernate.type.BlobType@46843722
16:08:21.738 [Test worker] DEBUG org.hibernate.type.BasicTypeRegistry - Adding type registration java.sql.Blob -> org.hibernate.type.BlobType@46843722
16:08:21.738 [Test worker] DEBUG org.hibernate.type.BasicTypeRegistry - Adding type registration materialized_blob -> org.hibernate.type.MaterializedBlobType@67fd5dc0
16:08:21.739 [Test worker] DEBUG org.hibernate.type.BasicTypeRegistry - Adding type registration clob -> org.hibernate.type.ClobType@39628760
16:08:21.739 [Test worker] DEBUG org.hibernate.type.BasicTypeRegistry - Adding type registration java.sql.Clob -> org.hibernate.type.ClobType@39628760
16:08:21.740 [Test worker] DEBUG org.hibernate.type.BasicTypeRegistry - Adding type registration nclob -> org.hibernate.type.NClobType@75cc522c
16:08:21.740 [Test worker] DEBUG org.hibernate.type.BasicTypeRegistry - Adding type registration java.sql.NClob -> org.hibernate.type.NClobType@75cc522c
16:08:21.741 [Test worker] DEBUG org.hibernate.type.BasicTypeRegistry - Adding type registration materialized_clob -> org.hibernate.type.MaterializedClobType@12e3f9bb
16:08:21.741 [Test worker] DEBUG org.hibernate.type.BasicTypeRegistry - Adding type registration materialized_nclob -> org.hibernate.type.MaterializedNClobType@36f494be
16:08:21.742 [Test worker] DEBUG org.hibernate.type.BasicTypeRegistry - Adding type registration serializable -> org.hibernate.type.SerializableType@6e9c966e
16:08:21.744 [Test worker] DEBUG org.hibernate.type.BasicTypeRegistry - Adding type registration object -> org.hibernate.type.ObjectType@f3099ac
16:08:21.745 [Test worker] DEBUG org.hibernate.type.BasicTypeRegistry - Adding type registration java.lang.Object -> org.hibernate.type.ObjectType@f3099ac
16:08:21.745 [Test worker] DEBUG org.hibernate.type.BasicTypeRegistry - Adding type registration imm_date -> org.hibernate.type.AdaptedImmutableType@31709573
16:08:21.745 [Test worker] DEBUG org.hibernate.type.BasicTypeRegistry - Adding type registration imm_time -> org.hibernate.type.AdaptedImmutableType@6e3f21cd
16:08:21.745 [Test worker] DEBUG org.hibernate.type.BasicTypeRegistry - Adding type registration imm_timestamp -> org.hibernate.type.AdaptedImmutableType@268d508c
16:08:21.745 [Test worker] DEBUG org.hibernate.type.BasicTypeRegistry - Adding type registration imm_dbtimestamp -> org.hibernate.type.AdaptedImmutableType@28b6c71d
16:08:21.745 [Test worker] DEBUG org.hibernate.type.BasicTypeRegistry - Adding type registration imm_calendar -> org.hibernate.type.AdaptedImmutableType@1d581475
16:08:21.745 [Test worker] DEBUG org.hibernate.type.BasicTypeRegistry - Adding type registration imm_calendar_date -> org.hibernate.type.AdaptedImmutableType@afe6f5a
16:08:21.746 [Test worker] DEBUG org.hibernate.type.BasicTypeRegistry - Adding type registration imm_binary -> org.hibernate.type.AdaptedImmutableType@463b47b9
16:08:21.746 [Test worker] DEBUG org.hibernate.type.BasicTypeRegistry - Adding type registration imm_serializable -> org.hibernate.type.AdaptedImmutableType@582bee4c
16:08:21.753 [Test worker] DEBUG org.hibernate.boot.internal.BootstrapContextImpl - Injecting JPA temp ClassLoader [org.springframework.instrument.classloading.SimpleThrowawayClassLoader@692fcd0c] into BootstrapContext; was [null]
16:08:21.753 [Test worker] DEBUG org.hibernate.boot.internal.ClassLoaderAccessImpl - ClassLoaderAccessImpl#injectTempClassLoader(org.springframework.instrument.classloading.SimpleThrowawayClassLoader@692fcd0c) [was null]
16:08:21.754 [Test worker] DEBUG org.hibernate.boot.internal.BootstrapContextImpl - Injecting ScanEnvironment [org.hibernate.jpa.boot.internal.StandardJpaScanEnvironmentImpl@737754f9] into BootstrapContext; was [null]
16:08:21.754 [Test worker] DEBUG org.hibernate.boot.internal.BootstrapContextImpl - Injecting ScanOptions [org.hibernate.boot.archive.scan.internal.StandardScanOptions@39605986] into BootstrapContext; was [org.hibernate.boot.archive.scan.internal.StandardScanOptions@48df8c5f]
16:08:21.793 [Test worker] DEBUG org.hibernate.boot.internal.BootstrapContextImpl - Injecting JPA temp ClassLoader [null] into BootstrapContext; was [org.springframework.instrument.classloading.SimpleThrowawayClassLoader@692fcd0c]
16:08:21.793 [Test worker] DEBUG org.hibernate.boot.internal.ClassLoaderAccessImpl - ClassLoaderAccessImpl#injectTempClassLoader(null) [was org.springframework.instrument.classloading.SimpleThrowawayClassLoader@692fcd0c]
16:08:21.800 [Test worker] DEBUG org.hibernate.id.factory.internal.DefaultIdentifierGeneratorFactory - Registering IdentifierGenerator strategy [uuid2] -> [org.hibernate.id.UUIDGenerator]
16:08:21.800 [Test worker] DEBUG org.hibernate.id.factory.internal.DefaultIdentifierGeneratorFactory - Registering IdentifierGenerator strategy [guid] -> [org.hibernate.id.GUIDGenerator]
16:08:21.801 [Test worker] DEBUG org.hibernate.id.factory.internal.DefaultIdentifierGeneratorFactory - Registering IdentifierGenerator strategy [uuid] -> [org.hibernate.id.UUIDHexGenerator]
16:08:21.801 [Test worker] DEBUG org.hibernate.id.factory.internal.DefaultIdentifierGeneratorFactory - Registering IdentifierGenerator strategy [uuid.hex] -> [org.hibernate.id.UUIDHexGenerator]
16:08:21.801 [Test worker] DEBUG org.hibernate.id.factory.internal.DefaultIdentifierGeneratorFactory - Registering IdentifierGenerator strategy [assigned] -> [org.hibernate.id.Assigned]
16:08:21.802 [Test worker] DEBUG org.hibernate.id.factory.internal.DefaultIdentifierGeneratorFactory - Registering IdentifierGenerator strategy [identity] -> [org.hibernate.id.IdentityGenerator]
16:08:21.802 [Test worker] DEBUG org.hibernate.id.factory.internal.DefaultIdentifierGeneratorFactory - Registering IdentifierGenerator strategy [select] -> [org.hibernate.id.SelectGenerator]
16:08:21.803 [Test worker] DEBUG org.hibernate.id.factory.internal.DefaultIdentifierGeneratorFactory - Registering IdentifierGenerator strategy [sequence] -> [org.hibernate.id.enhanced.SequenceStyleGenerator]
16:08:21.803 [Test worker] DEBUG org.hibernate.id.factory.internal.DefaultIdentifierGeneratorFactory - Registering IdentifierGenerator strategy [seqhilo] -> [org.hibernate.id.SequenceHiLoGenerator]
16:08:21.804 [Test worker] DEBUG org.hibernate.id.factory.internal.DefaultIdentifierGeneratorFactory - Registering IdentifierGenerator strategy [increment] -> [org.hibernate.id.IncrementGenerator]
16:08:21.804 [Test worker] DEBUG org.hibernate.id.factory.internal.DefaultIdentifierGeneratorFactory - Registering IdentifierGenerator strategy [foreign] -> [org.hibernate.id.ForeignGenerator]
16:08:21.804 [Test worker] DEBUG org.hibernate.id.factory.internal.DefaultIdentifierGeneratorFactory - Registering IdentifierGenerator strategy [sequence-identity] -> [org.hibernate.id.SequenceIdentityGenerator]
16:08:21.804 [Test worker] DEBUG org.hibernate.id.factory.internal.DefaultIdentifierGeneratorFactory - Registering IdentifierGenerator strategy [enhanced-sequence] -> [org.hibernate.id.enhanced.SequenceStyleGenerator]
16:08:21.805 [Test worker] DEBUG org.hibernate.id.factory.internal.DefaultIdentifierGeneratorFactory - Registering IdentifierGenerator strategy [enhanced-table] -> [org.hibernate.id.enhanced.TableGenerator]
16:08:21.810 [Test worker] DEBUG org.springframework.jdbc.datasource.DriverManagerDataSource - Creating new JDBC DriverManager Connection to [jdbc:h2:mem:second;DB_CLOSE_DELAY=-1]
16:08:21.951 [Test worker] DEBUG org.hibernate.engine.jdbc.env.internal.JdbcEnvironmentInitiator - Database ->
       name : H2
    version : 1.4.200 (2019-10-14)
      major : 1
      minor : 4
16:08:21.951 [Test worker] DEBUG org.hibernate.engine.jdbc.env.internal.JdbcEnvironmentInitiator - Driver ->
       name : H2 JDBC Driver
    version : 1.4.200 (2019-10-14)
      major : 1
      minor : 4
16:08:21.951 [Test worker] DEBUG org.hibernate.engine.jdbc.env.internal.JdbcEnvironmentInitiator - JDBC version : 4.1
16:08:21.960 [Test worker] INFO org.hibernate.dialect.Dialect - HHH000400: Using dialect: org.hibernate.dialect.H2Dialect
16:08:21.993 [Test worker] DEBUG org.hibernate.engine.jdbc.env.spi.IdentifierHelperBuilder - JDBC driver metadata reported database stores quoted identifiers in neither upper, lower nor mixed case
16:08:22.025 [Test worker] DEBUG org.hibernate.boot.model.relational.Namespace - Created database namespace [logicalName=Name{catalog=null, schema=null}, physicalName=Name{catalog=null, schema=null}]
16:08:22.028 [Test worker] DEBUG org.hibernate.type.spi.TypeConfiguration$Scope - Scoping TypeConfiguration [org.hibernate.type.spi.TypeConfiguration@335260e6] to MetadataBuildingContext [org.hibernate.boot.internal.MetadataBuildingContextRootImpl@173d55bc]
16:08:22.067 [Test worker] DEBUG org.hibernate.cfg.AnnotationBinder - Binding entity from annotated class: com.epam.esm.model.entity.Certificate
16:08:22.079 [Test worker] DEBUG org.hibernate.cfg.Ejb3Column - Binding column: Ejb3DiscriminatorColumn{logicalColumnName'DTYPE', discriminatorTypeName='string'}
16:08:22.082 [Test worker] DEBUG org.hibernate.cfg.annotations.EntityBinder - Import with entity name Certificate
16:08:22.086 [Test worker] DEBUG org.hibernate.cfg.annotations.EntityBinder - Bind entity com.epam.esm.model.entity.Certificate on table Certificate
16:08:22.104 [Test worker] DEBUG org.hibernate.cfg.Ejb3Column - Binding column: Ejb3Column{table=org.hibernate.mapping.Table(Certificate), mappingColumn=id, insertable=true, updatable=true, unique=false}
16:08:22.106 [Test worker] DEBUG org.hibernate.boot.internal.ClassLoaderAccessImpl - Not known whether passed class name [com.epam.esm.model.entity.Certificate] is safe
16:08:22.106 [Test worker] DEBUG org.hibernate.boot.internal.ClassLoaderAccessImpl - No temp ClassLoader provided; using live ClassLoader for loading potentially unsafe class : com.epam.esm.model.entity.Certificate
16:08:22.106 [Test worker] DEBUG org.hibernate.cfg.annotations.PropertyBinder - MetadataSourceProcessor property id with lazy=false
16:08:22.108 [Test worker] DEBUG org.hibernate.cfg.AbstractPropertyHolder - Attempting to locate auto-apply AttributeConverter for property [com.epam.esm.model.entity.Certificate:id]
16:08:22.109 [Test worker] DEBUG org.hibernate.cfg.annotations.SimpleValueBinder - building SimpleValue for id
16:08:22.110 [Test worker] DEBUG org.hibernate.cfg.annotations.PropertyBinder - Building property id
16:08:22.113 [Test worker] DEBUG org.hibernate.cfg.BinderHelper - #makeIdGenerator(org.hibernate.mapping.SimpleValue([org.hibernate.mapping.Column(id)]), id, identity, , ...)
16:08:22.113 [Test worker] DEBUG org.hibernate.cfg.Ejb3Column - Binding column: Ejb3Column{table=org.hibernate.mapping.Table(Certificate), mappingColumn=createDate, insertable=true, updatable=true, unique=false}
16:08:22.113 [Test worker] DEBUG org.hibernate.cfg.annotations.PropertyBinder - MetadataSourceProcessor property createDate with lazy=false
16:08:22.114 [Test worker] DEBUG org.hibernate.cfg.AbstractPropertyHolder - Attempting to locate auto-apply AttributeConverter for property [com.epam.esm.model.entity.Certificate:createDate]
16:08:22.114 [Test worker] DEBUG org.hibernate.cfg.annotations.SimpleValueBinder - building SimpleValue for createDate
16:08:22.114 [Test worker] DEBUG org.hibernate.cfg.annotations.PropertyBinder - Building property createDate
16:08:22.114 [Test worker] DEBUG org.hibernate.cfg.Ejb3Column - Binding column: Ejb3Column{table=org.hibernate.mapping.Table(Certificate), mappingColumn=description, insertable=true, updatable=true, unique=false}
16:08:22.114 [Test worker] DEBUG org.hibernate.cfg.annotations.PropertyBinder - MetadataSourceProcessor property description with lazy=false
16:08:22.114 [Test worker] DEBUG org.hibernate.cfg.AbstractPropertyHolder - Attempting to locate auto-apply AttributeConverter for property [com.epam.esm.model.entity.Certificate:description]
16:08:22.115 [Test worker] DEBUG org.hibernate.cfg.annotations.SimpleValueBinder - building SimpleValue for description
16:08:22.115 [Test worker] DEBUG org.hibernate.cfg.annotations.PropertyBinder - Building property description
16:08:22.115 [Test worker] DEBUG org.hibernate.cfg.Ejb3Column - Binding column: Ejb3Column{table=org.hibernate.mapping.Table(Certificate), mappingColumn=duration, insertable=true, updatable=true, unique=false}
16:08:22.115 [Test worker] DEBUG org.hibernate.cfg.annotations.PropertyBinder - MetadataSourceProcessor property duration with lazy=false
16:08:22.115 [Test worker] DEBUG org.hibernate.cfg.AbstractPropertyHolder - Attempting to locate auto-apply AttributeConverter for property [com.epam.esm.model.entity.Certificate:duration]
16:08:22.115 [Test worker] DEBUG org.hibernate.cfg.annotations.SimpleValueBinder - building SimpleValue for duration
16:08:22.116 [Test worker] DEBUG org.hibernate.cfg.annotations.PropertyBinder - Building property duration
16:08:22.116 [Test worker] DEBUG org.hibernate.cfg.Ejb3Column - Binding column: Ejb3Column{table=org.hibernate.mapping.Table(Certificate), mappingColumn=lastUpdateDate, insertable=true, updatable=true, unique=false}
16:08:22.116 [Test worker] DEBUG org.hibernate.cfg.annotations.PropertyBinder - MetadataSourceProcessor property lastUpdateDate with lazy=false
16:08:22.116 [Test worker] DEBUG org.hibernate.cfg.AbstractPropertyHolder - Attempting to locate auto-apply AttributeConverter for property [com.epam.esm.model.entity.Certificate:lastUpdateDate]
16:08:22.116 [Test worker] DEBUG org.hibernate.cfg.annotations.SimpleValueBinder - building SimpleValue for lastUpdateDate
16:08:22.116 [Test worker] DEBUG org.hibernate.cfg.annotations.PropertyBinder - Building property lastUpdateDate
16:08:22.117 [Test worker] DEBUG org.hibernate.cfg.Ejb3Column - Binding column: Ejb3Column{table=org.hibernate.mapping.Table(Certificate), mappingColumn=name, insertable=true, updatable=true, unique=true}
16:08:22.117 [Test worker] DEBUG org.hibernate.cfg.annotations.PropertyBinder - MetadataSourceProcessor property name with lazy=false
16:08:22.117 [Test worker] DEBUG org.hibernate.cfg.AbstractPropertyHolder - Attempting to locate auto-apply AttributeConverter for property [com.epam.esm.model.entity.Certificate:name]
16:08:22.117 [Test worker] DEBUG org.hibernate.cfg.annotations.SimpleValueBinder - building SimpleValue for name
16:08:22.117 [Test worker] DEBUG org.hibernate.cfg.annotations.PropertyBinder - Building property name
16:08:22.118 [Test worker] DEBUG org.hibernate.cfg.Ejb3Column - Binding column: Ejb3Column{table=org.hibernate.mapping.Table(Certificate), mappingColumn=price, insertable=true, updatable=true, unique=false}
16:08:22.118 [Test worker] DEBUG org.hibernate.cfg.annotations.PropertyBinder - MetadataSourceProcessor property price with lazy=false
16:08:22.118 [Test worker] DEBUG org.hibernate.cfg.AbstractPropertyHolder - Attempting to locate auto-apply AttributeConverter for property [com.epam.esm.model.entity.Certificate:price]
16:08:22.118 [Test worker] DEBUG org.hibernate.cfg.annotations.SimpleValueBinder - building SimpleValue for price
16:08:22.118 [Test worker] DEBUG org.hibernate.cfg.annotations.PropertyBinder - Building property price
16:08:22.120 [Test worker] DEBUG org.hibernate.cfg.Ejb3Column - Binding column: Ejb3Column{table=org.hibernate.mapping.Table(Certificate), mappingColumn=null, insertable=true, updatable=true, unique=false}
16:08:22.126 [Test worker] DEBUG org.hibernate.cfg.Ejb3Column - Binding column: Ejb3Column{table=org.hibernate.mapping.Table(Certificate), mappingColumn=element, insertable=true, updatable=true, unique=false}
16:08:22.126 [Test worker] DEBUG org.hibernate.cfg.Ejb3Column - Binding column: Ejb3Column{table=org.hibernate.mapping.Table(Certificate), mappingColumn=tags_KEY, insertable=true, updatable=true, unique=false}
16:08:22.127 [Test worker] DEBUG org.hibernate.cfg.Ejb3Column - Binding column: Ejb3JoinColumn{logicalColumnName='tags_KEY', referencedColumn='null', mappedBy='null'}
16:08:22.128 [Test worker] DEBUG org.hibernate.cfg.Ejb3Column - Binding column: Ejb3JoinColumn{logicalColumnName='null', referencedColumn='null', mappedBy=''}
16:08:22.128 [Test worker] DEBUG org.hibernate.cfg.Ejb3Column - Binding column: Ejb3JoinColumn{logicalColumnName='null', referencedColumn='null', mappedBy=''}
16:08:22.129 [Test worker] DEBUG org.hibernate.cfg.annotations.CollectionBinder - Collection role: com.epam.esm.model.entity.Certificate.tags
16:08:22.131 [Test worker] DEBUG org.hibernate.cfg.annotations.PropertyBinder - Building property tags
16:08:22.132 [Test worker] DEBUG org.hibernate.cfg.AnnotationBinder - Binding entity from annotated class: com.epam.esm.model.entity.Tag
16:08:22.132 [Test worker] DEBUG org.hibernate.cfg.Ejb3Column - Binding column: Ejb3DiscriminatorColumn{logicalColumnName'DTYPE', discriminatorTypeName='string'}
16:08:22.132 [Test worker] DEBUG org.hibernate.cfg.annotations.EntityBinder - Import with entity name Tag
16:08:22.132 [Test worker] DEBUG org.hibernate.cfg.annotations.EntityBinder - Bind entity com.epam.esm.model.entity.Tag on table Tag
16:08:22.133 [Test worker] DEBUG org.hibernate.cfg.Ejb3Column - Binding column: Ejb3Column{table=org.hibernate.mapping.Table(Tag), mappingColumn=id, insertable=true, updatable=true, unique=false}
16:08:22.133 [Test worker] DEBUG org.hibernate.boot.internal.ClassLoaderAccessImpl - Not known whether passed class name [com.epam.esm.model.entity.Tag] is safe
16:08:22.133 [Test worker] DEBUG org.hibernate.boot.internal.ClassLoaderAccessImpl - No temp ClassLoader provided; using live ClassLoader for loading potentially unsafe class : com.epam.esm.model.entity.Tag
16:08:22.134 [Test worker] DEBUG org.hibernate.cfg.annotations.PropertyBinder - MetadataSourceProcessor property id with lazy=false
16:08:22.134 [Test worker] DEBUG org.hibernate.cfg.AbstractPropertyHolder - Attempting to locate auto-apply AttributeConverter for property [com.epam.esm.model.entity.Tag:id]
16:08:22.134 [Test worker] DEBUG org.hibernate.cfg.annotations.SimpleValueBinder - building SimpleValue for id
16:08:22.134 [Test worker] DEBUG org.hibernate.cfg.annotations.PropertyBinder - Building property id
16:08:22.134 [Test worker] DEBUG org.hibernate.cfg.BinderHelper - #makeIdGenerator(org.hibernate.mapping.SimpleValue([org.hibernate.mapping.Column(id)]), id, identity, , ...)
16:08:22.134 [Test worker] DEBUG org.hibernate.cfg.Ejb3Column - Binding column: Ejb3Column{table=org.hibernate.mapping.Table(Tag), mappingColumn=name, insertable=true, updatable=true, unique=true}
16:08:22.134 [Test worker] DEBUG org.hibernate.cfg.annotations.PropertyBinder - MetadataSourceProcessor property name with lazy=false
16:08:22.135 [Test worker] DEBUG org.hibernate.cfg.AbstractPropertyHolder - Attempting to locate auto-apply AttributeConverter for property [com.epam.esm.model.entity.Tag:name]
16:08:22.135 [Test worker] DEBUG org.hibernate.cfg.annotations.SimpleValueBinder - building SimpleValue for name
16:08:22.135 [Test worker] DEBUG org.hibernate.cfg.annotations.PropertyBinder - Building property name
16:08:22.135 [Test worker] DEBUG org.hibernate.cfg.AnnotationBinder - Binding entity from annotated class: com.epam.esm.model.entity.User
16:08:22.135 [Test worker] DEBUG org.hibernate.cfg.Ejb3Column - Binding column: Ejb3DiscriminatorColumn{logicalColumnName'DTYPE', discriminatorTypeName='string'}
16:08:22.135 [Test worker] DEBUG org.hibernate.cfg.annotations.EntityBinder - Import with entity name User
16:08:22.135 [Test worker] DEBUG org.hibernate.cfg.annotations.EntityBinder - Bind entity com.epam.esm.model.entity.User on table User
16:08:22.136 [Test worker] DEBUG org.hibernate.cfg.Ejb3Column - Binding column: Ejb3Column{table=org.hibernate.mapping.Table(User), mappingColumn=id, insertable=true, updatable=true, unique=false}
16:08:22.136 [Test worker] DEBUG org.hibernate.boot.internal.ClassLoaderAccessImpl - Not known whether passed class name [com.epam.esm.model.entity.User] is safe
16:08:22.137 [Test worker] DEBUG org.hibernate.boot.internal.ClassLoaderAccessImpl - No temp ClassLoader provided; using live ClassLoader for loading potentially unsafe class : com.epam.esm.model.entity.User
16:08:22.137 [Test worker] DEBUG org.hibernate.cfg.annotations.PropertyBinder - MetadataSourceProcessor property id with lazy=false
16:08:22.137 [Test worker] DEBUG org.hibernate.cfg.AbstractPropertyHolder - Attempting to locate auto-apply AttributeConverter for property [com.epam.esm.model.entity.User:id]
16:08:22.137 [Test worker] DEBUG org.hibernate.cfg.annotations.SimpleValueBinder - building SimpleValue for id
16:08:22.137 [Test worker] DEBUG org.hibernate.cfg.annotations.PropertyBinder - Building property id
16:08:22.137 [Test worker] DEBUG org.hibernate.cfg.BinderHelper - #makeIdGenerator(org.hibernate.mapping.SimpleValue([org.hibernate.mapping.Column(id)]), id, identity, , ...)
16:08:22.137 [Test worker] DEBUG org.hibernate.cfg.Ejb3Column - Binding column: Ejb3Column{table=org.hibernate.mapping.Table(User), mappingColumn=null, insertable=true, updatable=true, unique=false}
16:08:22.138 [Test worker] DEBUG org.hibernate.cfg.Ejb3Column - Binding column: Ejb3Column{table=org.hibernate.mapping.Table(User), mappingColumn=element, insertable=true, updatable=true, unique=false}
16:08:22.138 [Test worker] DEBUG org.hibernate.cfg.Ejb3Column - Binding column: Ejb3Column{table=org.hibernate.mapping.Table(User), mappingColumn=certificates_KEY, insertable=true, updatable=true, unique=false}
16:08:22.138 [Test worker] DEBUG org.hibernate.cfg.Ejb3Column - Binding column: Ejb3JoinColumn{logicalColumnName='certificates_KEY', referencedColumn='null', mappedBy='null'}
16:08:22.138 [Test worker] DEBUG org.hibernate.cfg.Ejb3Column - Binding column: Ejb3JoinColumn{logicalColumnName='null', referencedColumn='null', mappedBy=''}
16:08:22.138 [Test worker] DEBUG org.hibernate.cfg.Ejb3Column - Binding column: Ejb3JoinColumn{logicalColumnName='null', referencedColumn='null', mappedBy=''}
16:08:22.138 [Test worker] DEBUG org.hibernate.cfg.annotations.CollectionBinder - Collection role: com.epam.esm.model.entity.User.certificates
16:08:22.139 [Test worker] DEBUG org.hibernate.cfg.annotations.PropertyBinder - Building property certificates
16:08:22.139 [Test worker] DEBUG org.hibernate.cfg.Ejb3Column - Binding column: Ejb3Column{table=org.hibernate.mapping.Table(User), mappingColumn=username, insertable=true, updatable=true, unique=false}
16:08:22.139 [Test worker] DEBUG org.hibernate.cfg.annotations.PropertyBinder - MetadataSourceProcessor property username with lazy=false
16:08:22.139 [Test worker] DEBUG org.hibernate.cfg.AbstractPropertyHolder - Attempting to locate auto-apply AttributeConverter for property [com.epam.esm.model.entity.User:username]
16:08:22.139 [Test worker] DEBUG org.hibernate.cfg.annotations.SimpleValueBinder - building SimpleValue for username
16:08:22.139 [Test worker] DEBUG org.hibernate.cfg.annotations.PropertyBinder - Building property username
16:08:22.140 [Test worker] DEBUG org.hibernate.cfg.annotations.SimpleValueBinder - Starting fillSimpleValue for id
16:08:22.141 [Test worker] DEBUG org.hibernate.cfg.annotations.SimpleValueBinder - Starting fillSimpleValue for createDate
16:08:22.141 [Test worker] DEBUG org.hibernate.cfg.annotations.SimpleValueBinder - Starting fillSimpleValue for description
16:08:22.141 [Test worker] DEBUG org.hibernate.cfg.annotations.SimpleValueBinder - Starting fillSimpleValue for duration
16:08:22.141 [Test worker] DEBUG org.hibernate.cfg.annotations.SimpleValueBinder - Starting fillSimpleValue for lastUpdateDate
16:08:22.141 [Test worker] DEBUG org.hibernate.cfg.annotations.SimpleValueBinder - Starting fillSimpleValue for name
16:08:22.141 [Test worker] DEBUG org.hibernate.cfg.annotations.SimpleValueBinder - Starting fillSimpleValue for price
16:08:22.141 [Test worker] DEBUG org.hibernate.cfg.annotations.SimpleValueBinder - Starting fillSimpleValue for id
16:08:22.141 [Test worker] DEBUG org.hibernate.cfg.annotations.SimpleValueBinder - Starting fillSimpleValue for name
16:08:22.141 [Test worker] DEBUG org.hibernate.cfg.annotations.SimpleValueBinder - Starting fillSimpleValue for id
16:08:22.142 [Test worker] DEBUG org.hibernate.cfg.annotations.SimpleValueBinder - Starting fillSimpleValue for username
16:08:22.143 [Test worker] DEBUG org.hibernate.mapping.PrimaryKey - Forcing column [id] to be non-null as it is part of the primary key for table [certificate]
16:08:22.143 [Test worker] DEBUG org.hibernate.mapping.PrimaryKey - Forcing column [id] to be non-null as it is part of the primary key for table [tag]
16:08:22.143 [Test worker] DEBUG org.hibernate.mapping.PrimaryKey - Forcing column [id] to be non-null as it is part of the primary key for table [user]
16:08:22.143 [Test worker] DEBUG org.hibernate.cfg.CollectionSecondPass - Second pass for collection: com.epam.esm.model.entity.User.certificates
16:08:22.143 [Test worker] DEBUG org.hibernate.cfg.annotations.CollectionBinder - Binding as ManyToMany: com.epam.esm.model.entity.User.certificates
16:08:22.148 [Test worker] DEBUG org.hibernate.cfg.CollectionSecondPass - Mapped collection key: User_id, element: certificates_id
16:08:22.149 [Test worker] DEBUG org.hibernate.cfg.CollectionSecondPass - Second pass for collection: com.epam.esm.model.entity.Certificate.tags
16:08:22.149 [Test worker] DEBUG org.hibernate.cfg.annotations.CollectionBinder - Binding as ManyToMany: com.epam.esm.model.entity.Certificate.tags
16:08:22.149 [Test worker] DEBUG org.hibernate.cfg.CollectionSecondPass - Mapped collection key: Certificate_id, element: tags_id
16:08:22.149 [Test worker] DEBUG org.hibernate.boot.internal.InFlightMetadataCollectorImpl - Resolving reference to class: com.epam.esm.model.entity.Tag
16:08:22.151 [Test worker] DEBUG org.hibernate.boot.internal.InFlightMetadataCollectorImpl - Resolving reference to class: com.epam.esm.model.entity.Certificate
16:08:22.151 [Test worker] DEBUG org.hibernate.boot.internal.InFlightMetadataCollectorImpl - Resolving reference to class: com.epam.esm.model.entity.Certificate
16:08:22.152 [Test worker] DEBUG org.hibernate.boot.internal.InFlightMetadataCollectorImpl - Resolving reference to class: com.epam.esm.model.entity.User
16:08:22.152 [Test worker] DEBUG org.hibernate.boot.internal.InFlightMetadataCollectorImpl - Resolving reference to class: com.epam.esm.model.entity.Tag
16:08:22.153 [Test worker] DEBUG org.hibernate.boot.internal.InFlightMetadataCollectorImpl - Resolving reference to class: com.epam.esm.model.entity.Certificate
16:08:22.153 [Test worker] DEBUG org.hibernate.boot.internal.InFlightMetadataCollectorImpl - Resolving reference to class: com.epam.esm.model.entity.Certificate
16:08:22.153 [Test worker] DEBUG org.hibernate.boot.internal.InFlightMetadataCollectorImpl - Resolving reference to class: com.epam.esm.model.entity.User
16:08:22.174 [Test worker] DEBUG org.hibernate.internal.SessionFactoryImpl - Building session factory
16:08:22.175 [Test worker] DEBUG org.hibernate.cfg.Settings - SessionFactory name : null
16:08:22.175 [Test worker] DEBUG org.hibernate.cfg.Settings - Automatic flush during beforeCompletion(): enabled
16:08:22.175 [Test worker] DEBUG org.hibernate.cfg.Settings - Automatic session close at end of transaction: disabled
16:08:22.175 [Test worker] DEBUG org.hibernate.cfg.Settings - Statistics: enabled
16:08:22.175 [Test worker] DEBUG org.hibernate.cfg.Settings - Deleted entity synthetic identifier rollback: disabled
16:08:22.175 [Test worker] DEBUG org.hibernate.cfg.Settings - Default entity-mode: pojo
16:08:22.175 [Test worker] DEBUG org.hibernate.cfg.Settings - Check Nullability in Core (should be disabled when Bean Validation is on): enabled
16:08:22.175 [Test worker] DEBUG org.hibernate.cfg.Settings - Allow initialization of lazy state outside session : disabled
16:08:22.175 [Test worker] DEBUG org.hibernate.cfg.Settings - Using BatchFetchStyle : LEGACY
16:08:22.175 [Test worker] DEBUG org.hibernate.cfg.Settings - Default batch fetch size: -1
16:08:22.175 [Test worker] DEBUG org.hibernate.cfg.Settings - Maximum outer join fetch depth: null
16:08:22.175 [Test worker] DEBUG org.hibernate.cfg.Settings - Default null ordering: NONE
16:08:22.176 [Test worker] DEBUG org.hibernate.cfg.Settings - Order SQL updates by primary key: disabled
16:08:22.176 [Test worker] DEBUG org.hibernate.cfg.Settings - Order SQL inserts for batching: disabled
16:08:22.176 [Test worker] DEBUG org.hibernate.cfg.Settings - multi-tenancy strategy : NONE
16:08:22.176 [Test worker] DEBUG org.hibernate.cfg.Settings - JTA Track by Thread: enabled
16:08:22.176 [Test worker] DEBUG org.hibernate.cfg.Settings - Query language substitutions: {}
16:08:22.176 [Test worker] DEBUG org.hibernate.cfg.Settings - Named query checking : enabled
16:08:22.176 [Test worker] DEBUG org.hibernate.cfg.Settings - Second-level cache: disabled
16:08:22.176 [Test worker] DEBUG org.hibernate.cfg.Settings - Second-level query cache: disabled
16:08:22.176 [Test worker] DEBUG org.hibernate.cfg.Settings - Second-level query cache factory: null
16:08:22.176 [Test worker] DEBUG org.hibernate.cfg.Settings - Second-level cache region prefix: null
16:08:22.176 [Test worker] DEBUG org.hibernate.cfg.Settings - Optimize second-level cache for minimal puts: disabled
16:08:22.176 [Test worker] DEBUG org.hibernate.cfg.Settings - Structured second-level cache entries: disabled
16:08:22.177 [Test worker] DEBUG org.hibernate.cfg.Settings - Second-level cache direct-reference entries: disabled
16:08:22.177 [Test worker] DEBUG org.hibernate.cfg.Settings - Automatic eviction of collection cache: disabled
16:08:22.177 [Test worker] DEBUG org.hibernate.cfg.Settings - JDBC batch size: 15
16:08:22.177 [Test worker] DEBUG org.hibernate.cfg.Settings - JDBC batch updates for versioned data: enabled
16:08:22.177 [Test worker] DEBUG org.hibernate.cfg.Settings - Scrollable result sets: enabled
16:08:22.177 [Test worker] DEBUG org.hibernate.cfg.Settings - Wrap result sets: disabled
16:08:22.177 [Test worker] DEBUG org.hibernate.cfg.Settings - JDBC3 getGeneratedKeys(): enabled
16:08:22.177 [Test worker] DEBUG org.hibernate.cfg.Settings - JDBC result set fetch size: null
16:08:22.177 [Test worker] DEBUG org.hibernate.cfg.Settings - Connection release mode: ON_CLOSE
16:08:22.177 [Test worker] DEBUG org.hibernate.cfg.Settings - Generate SQL with comments: disabled
16:08:22.177 [Test worker] DEBUG org.hibernate.cfg.Settings - JPA compliance - query : disabled
16:08:22.177 [Test worker] DEBUG org.hibernate.cfg.Settings - JPA compliance - closed-handling : disabled
16:08:22.178 [Test worker] DEBUG org.hibernate.cfg.Settings - JPA compliance - lists : disabled
16:08:22.178 [Test worker] DEBUG org.hibernate.cfg.Settings - JPA compliance - transactions : disabled
16:08:22.228 [Test worker] DEBUG org.hibernate.internal.SessionFactoryImpl - Session factory constructed with filter configurations : {}
16:08:22.228 [Test worker] DEBUG org.hibernate.internal.SessionFactoryImpl - Instantiating session factory with properties: {java.specification.version=13, hibernate.connection.handling_mode=DELAYED_ACQUISITION_AND_HOLD, sun.jnu.encoding=UTF-8, hibernate.dialect=org.hibernate.dialect.H2Dialect, org.gradle.test.worker=19, java.class.path=/home/razor/.gradle/caches/7.1/workerMain/gradle-worker.jar:/home/razor/Lab/task3/ThirdModule/dao/build/classes/java/test:/home/razor/Lab/task3/ThirdModule/dao/build/resources/test:/home/razor/Lab/task3/ThirdModule/dao/build/classes/java/main:/home/razor/Lab/task3/ThirdModule/dao/build/resources/main:/home/razor/.gradle/caches/modules-2/files-2.1/mysql/mysql-connector-java/8.0.27/f1da9f10a3de6348725a413304aab6d0aa04f923/mysql-connector-java-8.0.27.jar:/home/razor/.gradle/caches/modules-2/files-2.1/org.projectlombok/lombok/1.18.20/18bcea7d5df4d49227b4a0743a536208ce4825bb/lombok-1.18.20.jar:/home/razor/.gradle/caches/modules-2/files-2.1/junit/junit/4.13.1/cdd00374f1fee76b11e2a9d127405aa3f6be5b6a/junit-4.13.1.jar:/home/razor/.gradle/caches/modules-2/files-2.1/org.springframework.boot/spring-boot-starter-data-jpa/2.5.6/8d7fe99c33e09390316749614d9795d80b49207b/spring-boot-starter-data-jpa-2.5.6.jar:/home/razor/.gradle/caches/modules-2/files-2.1/org.springframework.boot/spring-boot-starter-test/2.5.2/226e09262316b1ff101797346b2ca56432880353/spring-boot-starter-test-2.5.2.jar:/home/razor/.gradle/caches/modules-2/files-2.1/org.springframework.boot/spring-boot-starter-aop/2.5.2/1877448bb875154c2558e385f4590c648ada5f11/spring-boot-starter-aop-2.5.2.jar:/home/razor/.gradle/caches/modules-2/files-2.1/org.springframework.boot/spring-boot-starter-jdbc/2.5.2/de9142ad6a67d2ec7d58465ab8d2fcf759f24d25/spring-boot-starter-jdbc-2.5.2.jar:/home/razor/.gradle/caches/modules-2/files-2.1/org.springframework.boot/spring-boot-starter/2.5.2/5aa5345f60cd3fbca331c05015e0700553448d66/spring-boot-starter-2.5.2.jar:/home/razor/.gradle/caches/modules-2/files-2.1/com.h2database/h2/1.4.200/f7533fe7cb8e99c87a43d325a77b4b678ad9031a/h2-1.4.200.jar:/home/razor/.gradle/caches/modules-2/files-2.1/org.hamcrest/hamcrest-core/2.2/3f2bd07716a31c395e2837254f37f21f0f0ab24b/hamcrest-core-2.2.jar:/home/razor/.gradle/caches/modules-2/files-2.1/jakarta.transaction/jakarta.transaction-api/1.3.3/c4179d48720a1e87202115fbed6089bdc4195405/jakarta.transaction-api-1.3.3.jar:/home/razor/.gradle/caches/modules-2/files-2.1/jakarta.persistence/jakarta.persistence-api/2.2.3/8f6ea5daedc614f07a3654a455660145286f024e/jakarta.persistence-api-2.2.3.jar:/home/razor/.gradle/caches/modules-2/files-2.1/org.hibernate/hibernate-core/5.4.32.Final/99a5e10bf455337014c190e141ec631e9ff71663/hibernate-core-5.4.32.Final.jar:/home/razor/.gradle/caches/modules-2/files-2.1/org.springframework.data/spring-data-jpa/2.5.2/37a27171338da87485cdf66a40596195433d1db/spring-data-jpa-2.5.2.jar:/home/razor/.gradle/caches/modules-2/files-2.1/org.springframework/spring-aspects/5.3.8/863f531cc3ea9d82d391d17c8eb33732e7a864b6/spring-aspects-5.3.8.jar:/home/razor/.gradle/caches/modules-2/files-2.1/org.springframework.boot/spring-boot-test-autoconfigure/2.5.2/223f1311f59eecfd24980f9776bb39e1fef92c0e/spring-boot-test-autoconfigure-2.5.2.jar:/home/razor/.gradle/caches/modules-2/files-2.1/org.springframework.boot/spring-boot-autoconfigure/2.5.2/aa924c5d0d375f4b2b66f211704c24d40a7e647b/spring-boot-autoconfigure-2.5.2.jar:/home/razor/.gradle/caches/modules-2/files-2.1/org.springframework.boot/spring-boot-test/2.5.2/477509ac730e2fb8fe67c0d9f2d0bca21c4316df/spring-boot-test-2.5.2.jar:/home/razor/.gradle/caches/modules-2/files-2.1/org.springframework.boot/spring-boot/2.5.2/bd6dc87b5ad870dbf635d0c7d9a3006666c9e797/spring-boot-2.5.2.jar:/home/razor/.gradle/caches/modules-2/files-2.1/org.springframework.boot/spring-boot-starter-logging/2.5.2/8b94a1e350f68f8c3a7de6460e5691a84c8c157d/spring-boot-starter-logging-2.5.2.jar:/home/razor/.gradle/caches/modules-2/files-2.1/jakarta.annotation/jakarta.annotation-api/1.3.5/59eb84ee0d616332ff44aba065f3888cf002cd2d/jakarta.annotation-api-1.3.5.jar:/home/razor/.gradle/caches/modules-2/files-2.1/org.springframework/spring-test/5.3.8/4ce3ee7725d4ecd13b5c52d67bb0a76173f8a34d/spring-test-5.3.8.jar:/home/razor/.gradle/caches/modules-2/files-2.1/org.springframework/spring-context/5.3.8/c367a05423e963c222e38a6a88b97d44de3880ca/spring-context-5.3.8.jar:/home/razor/.gradle/caches/modules-2/files-2.1/org.springframework/spring-aop/5.3.8/1377f80f938b1fc7eabe9e6c4f6895e77e3bec40/spring-aop-5.3.8.jar:/home/razor/.gradle/caches/modules-2/files-2.1/org.springframework/spring-orm/5.3.8/bac8889d4621f2f47ee2b118ebbddf61dd299239/spring-orm-5.3.8.jar:/home/razor/.gradle/caches/modules-2/files-2.1/org.springframework/spring-jdbc/5.3.8/cf8b7a2be3565eed94f575ae640e22d9357c7dcd/spring-jdbc-5.3.8.jar:/home/razor/.gradle/caches/modules-2/files-2.1/org.springframework.data/spring-data-commons/2.5.2/25a00968c046736667e086ed9fd254f0e26e7ffc/spring-data-commons-2.5.2.jar:/home/razor/.gradle/caches/modules-2/files-2.1/org.springframework/spring-tx/5.3.8/3202859a7e9560110f1fe8284c28feb009c6f460/spring-tx-5.3.8.jar:/home/razor/.gradle/caches/modules-2/files-2.1/org.springframework/spring-beans/5.3.8/3d66fed1eebfcd119efcabc6218c813700a21ed/spring-beans-5.3.8.jar:/home/razor/.gradle/caches/modules-2/files-2.1/org.springframework/spring-expression/5.3.8/8a14547b76cbae3aeb02739e5b38e71835a6bbd8/spring-expression-5.3.8.jar:/home/razor/.gradle/caches/modules-2/files-2.1/org.springframework/spring-core/5.3.8/da9b87dacaa5bbf80fad0f7b483988372a00a152/spring-core-5.3.8.jar:/home/razor/.gradle/caches/modules-2/files-2.1/org.yaml/snakeyaml/1.28/7cae037c3014350c923776548e71c9feb7a69259/snakeyaml-1.28.jar:/home/razor/.gradle/caches/modules-2/files-2.1/com.jayway.jsonpath/json-path/2.5.0/c35ef29095125b51638d19120f63e2b56eff20e9/json-path-2.5.0.jar:/home/razor/.gradle/caches/modules-2/files-2.1/org.glassfish.jaxb/jaxb-runtime/2.3.4/5f3828d3a345ff3d8acb83f07ba04eccf59e15bb/jaxb-runtime-2.3.4.jar:/home/razor/.gradle/caches/modules-2/files-2.1/jakarta.xml.bind/jakarta.xml.bind-api/2.3.3/48e3b9cfc10752fba3521d6511f4165bea951801/jakarta.xml.bind-api-2.3.3.jar:/home/razor/.gradle/caches/modules-2/files-2.1/org.assertj/assertj-core/3.19.0/f64cb5690b85e68d5e1e6c6152bfb6e3840a452d/assertj-core-3.19.0.jar:/home/razor/.gradle/caches/modules-2/files-2.1/org.hamcrest/hamcrest/2.2/1820c0968dba3a11a1b30669bb1f01978a91dedc/hamcrest-2.2.jar:/home/razor/.gradle/caches/modules-2/files-2.1/org.mockito/mockito-junit-jupiter/3.9.0/871745ab6af5a269411ea3c1f99ced82ed079436/mockito-junit-jupiter-3.9.0.jar:/home/razor/.gradle/caches/modules-2/files-2.1/org.junit.jupiter/junit-jupiter-params/5.7.2/685f832f8c54dd40100f646d61aca88ed9545421/junit-jupiter-params-5.7.2.jar:/home/razor/.gradle/caches/modules-2/files-2.1/org.junit.jupiter/junit-jupiter-engine/5.7.2/9415680a889f00b8205a094c5c487bc69dc7077d/junit-jupiter-engine-5.7.2.jar:/home/razor/.gradle/caches/modules-2/files-2.1/org.junit.jupiter/junit-jupiter-api/5.7.2/f4b4079732a9c537983324cfa4e46655f21d2c56/junit-jupiter-api-5.7.2.jar:/home/razor/.gradle/caches/modules-2/files-2.1/org.junit.platform/junit-platform-engine/1.7.2/2573770b46b8a199ed5f6b0f96fb99e468bfe891/junit-platform-engine-1.7.2.jar:/home/razor/.gradle/caches/modules-2/files-2.1/org.junit.platform/junit-platform-commons/1.7.2/34adfea6c13fc4a996cf38cdad80800ce850d198/junit-platform-commons-1.7.2.jar:/home/razor/.gradle/caches/modules-2/files-2.1/org.junit.jupiter/junit-jupiter/5.7.2/62faa742964a9d8dab8fdb4a0eab7b01441c171f/junit-jupiter-5.7.2.jar:/home/razor/.gradle/caches/modules-2/files-2.1/org.mockito/mockito-core/3.9.0/b7573430aea743b26434b44f4f46272af613e660/mockito-core-3.9.0.jar:/home/razor/.gradle/caches/modules-2/files-2.1/org.skyscreamer/jsonassert/1.5.0/6c9d5fe2f59da598d9aefc1cfc6528ff3cf32df3/jsonassert-1.5.0.jar:/home/razor/.gradle/caches/modules-2/files-2.1/org.xmlunit/xmlunit-core/2.8.2/8e4e46b87afaaf9b6cfb8de778e473cf7aeb087f/xmlunit-core-2.8.2.jar:/home/razor/.gradle/caches/modules-2/files-2.1/org.aspectj/aspectjweaver/1.9.6/ee3b73aa16df35179255f17354d9dfd8e7822835/aspectjweaver-1.9.6.jar:/home/razor/.gradle/caches/modules-2/files-2.1/com.zaxxer/HikariCP/4.0.3/107cbdf0db6780a065f895ae9d8fbf3bb0e1c21f/HikariCP-4.0.3.jar:/home/razor/.gradle/caches/modules-2/files-2.1/org.hibernate.common/hibernate-commons-annotations/5.1.2.Final/e59ffdbc6ad09eeb33507b39ffcf287679a498c8/hibernate-commons-annotations-5.1.2.Final.jar:/home/razor/.gradle/caches/modules-2/files-2.1/org.jboss.logging/jboss-logging/3.4.2.Final/e517b8a93dd9962ed5481345e4d262fdd47c4217/jboss-logging-3.4.2.Final.jar:/home/razor/.gradle/caches/modules-2/files-2.1/org.javassist/javassist/3.27.0-GA/f63e6aa899e15eca8fdaa402a79af4c417252213/javassist-3.27.0-GA.jar:/home/razor/.gradle/caches/modules-2/files-2.1/net.bytebuddy/byte-buddy/1.10.22/ef45d7e2cd1c600d279704f492ed5ce2ceb6cdb5/byte-buddy-1.10.22.jar:/home/razor/.gradle/caches/modules-2/files-2.1/antlr/antlr/2.7.7/83cd2cd674a217ade95a4bb83a8a14f351f48bd0/antlr-2.7.7.jar:/home/razor/.gradle/caches/modules-2/files-2.1/org.jboss/jandex/2.2.3.Final/d3865101f0666b63586683bd811d754517f331ab/jandex-2.2.3.Final.jar:/home/razor/.gradle/caches/modules-2/files-2.1/com.fasterxml/classmate/1.5.1/3fe0bed568c62df5e89f4f174c101eab25345b6c/classmate-1.5.1.jar:/home/razor/.gradle/caches/modules-2/files-2.1/org.dom4j/dom4j/2.1.3/a75914155a9f5808963170ec20653668a2ffd2fd/dom4j-2.1.3.jar:/home/razor/.gradle/caches/modules-2/files-2.1/ch.qos.logback/logback-classic/1.2.3/7c4f3c474fb2c041d8028740440937705ebb473a/logback-classic-1.2.3.jar:/home/razor/.gradle/caches/modules-2/files-2.1/org.apache.logging.log4j/log4j-to-slf4j/2.14.1/ce8a86a3f50a4304749828ce68e7478cafbc8039/log4j-to-slf4j-2.14.1.jar:/home/razor/.gradle/caches/modules-2/files-2.1/org.slf4j/jul-to-slf4j/1.7.31/f9ff62d83a25a94c1619de06d4015e2797bc849c/jul-to-slf4j-1.7.31.jar:/home/razor/.gradle/caches/modules-2/files-2.1/org.slf4j/slf4j-api/1.7.31/9545c9cb71de4c18d97a91e32ef0be6f3f6661b7/slf4j-api-1.7.31.jar:/home/razor/.gradle/caches/modules-2/files-2.1/org.springframework/spring-jcl/5.3.8/a143c8618eb2be8674c3cf132d9a5c953bb5488/spring-jcl-5.3.8.jar:/home/razor/.gradle/caches/modules-2/files-2.1/net.minidev/json-smart/2.4.7/8d7f4c1530c07c54930935f3da85f48b83b3c109/json-smart-2.4.7.jar:/home/razor/.gradle/caches/modules-2/files-2.1/jakarta.activation/jakarta.activation-api/1.2.2/99f53adba383cb1bf7c3862844488574b559621f/jakarta.activation-api-1.2.2.jar:/home/razor/.gradle/caches/modules-2/files-2.1/net.bytebuddy/byte-buddy-agent/1.10.22/b01df6b71a882b9fde5a608a26e641cd399a4d83/byte-buddy-agent-1.10.22.jar:/home/razor/.gradle/caches/modules-2/files-2.1/org.objenesis/objenesis/3.2/7fadf57620c8b8abdf7519533e5527367cb51f09/objenesis-3.2.jar:/home/razor/.gradle/caches/modules-2/files-2.1/com.vaadin.external.google/android-json/0.0.20131108.vaadin1/fa26d351fe62a6a17f5cda1287c1c6110dec413f/android-json-0.0.20131108.vaadin1.jar:/home/razor/.gradle/caches/modules-2/files-2.1/org.glassfish.jaxb/txw2/2.3.4/257fa649d3137a1060d222aefb96b7d1dd5f1286/txw2-2.3.4.jar:/home/razor/.gradle/caches/modules-2/files-2.1/com.sun.istack/istack-commons-runtime/3.0.12/cbbe1a62b0cc6c85972e99d52aaee350153dc530/istack-commons-runtime-3.0.12.jar:/home/razor/.gradle/caches/modules-2/files-2.1/com.sun.activation/jakarta.activation/1.2.2/74548703f9851017ce2f556066659438019e7eb5/jakarta.activation-1.2.2.jar:/home/razor/.gradle/caches/modules-2/files-2.1/ch.qos.logback/logback-core/1.2.3/864344400c3d4d92dfeb0a305dc87d953677c03c/logback-core-1.2.3.jar:/home/razor/.gradle/caches/modules-2/files-2.1/org.apache.logging.log4j/log4j-api/2.14.1/cd8858fbbde69f46bce8db1152c18a43328aae78/log4j-api-2.14.1.jar:/home/razor/.gradle/caches/modules-2/files-2.1/net.minidev/accessors-smart/2.4.7/3970cfc505e6657ca60f3aa57c849f6043000d7a/accessors-smart-2.4.7.jar:/home/razor/.gradle/caches/modules-2/files-2.1/org.apiguardian/apiguardian-api/1.1.0/fc9dff4bb36d627bdc553de77e1f17efd790876c/apiguardian-api-1.1.0.jar:/home/razor/.gradle/caches/modules-2/files-2.1/org.opentest4j/opentest4j/1.2.0/28c11eb91f9b6d8e200631d46e20a7f407f2a046/opentest4j-1.2.0.jar:/home/razor/.gradle/caches/modules-2/files-2.1/org.ow2.asm/asm/9.1/a99500cf6eea30535eeac6be73899d048f8d12a8/asm-9.1.jar, java.vm.vendor=Private Build, sun.arch.data.model=64, user.variant=, java.vendor.url=Unknown, user.timezone=Europe/Minsk, java.vm.specification.version=13, os.name=Linux, hibernate.generate_statistics=true, javax.persistence.validation.mode=AUTO, user.country=US, sun.java.launcher=SUN_STANDARD, sun.boot.library.path=/usr/lib/jvm/java-13-openjdk-amd64/lib, sun.java.command=worker.org.gradle.process.internal.worker.GradleWorkerMain 'Gradle Test Executor 19', javax.persistence.nonJtaDataSource=org.springframework.jdbc.datasource.DriverManagerDataSource@bb53547, javax.persistence.sharedCache.mode=UNSPECIFIED, jdk.debug=release, sun.cpu.endian=little, user.home=/home/razor, user.language=en, java.specification.vendor=Oracle Corporation, org.gradle.native=false, java.version.date=2021-04-20, java.home=/usr/lib/jvm/java-13-openjdk-amd64, file.separator=/, java.vm.compressedOopsMode=32-bit, line.separator=
, java.vm.specification.vendor=Oracle Corporation, java.specification.name=Java Platform API Specification, hibernate.transaction.coordinator_class=class org.hibernate.resource.transaction.backend.jdbc.internal.JdbcResourceLocalTransactionCoordinatorBuilderImpl, hibernate.hbm2ddl.auto=create-drop, sun.management.compiler=HotSpot 64-Bit Tiered Compilers, java.runtime.version=13.0.7+5-Ubuntu-0ubuntu120.04, user.name=razor, path.separator=:, os.version=5.4.0-89-generic, java.runtime.name=OpenJDK Runtime Environment, file.encoding=UTF-8, hibernate.ejb.persistenceUnitName=default, java.vm.name=OpenJDK 64-Bit Server VM, hibernate.show_sql=true, java.vendor.url.bug=Unknown, java.io.tmpdir=/tmp, java.version=13.0.7, user.dir=/home/razor/Lab/task3/ThirdModule/dao, os.arch=amd64, java.vm.specification.name=Java Virtual Machine Specification, org.gradle.internal.worker.tmpdir=/home/razor/Lab/task3/ThirdModule/dao/build/tmp/test/work, hibernate.boot.CfgXmlAccessService.key=org.hibernate.boot.registry.StandardServiceRegistryBuilder$1@b40fdfa, java.library.path=/usr/java/packages/lib:/usr/lib/x86_64-linux-gnu/jni:/lib/x86_64-linux-gnu:/usr/lib/x86_64-linux-gnu:/usr/lib/jni:/lib:/usr/lib, java.vendor=Private Build, java.vm.info=mixed mode, java.vm.version=13.0.7+5-Ubuntu-0ubuntu120.04, hibernate.bytecode.use_reflection_optimizer=false, sun.io.unicode.encoding=UnicodeLittle, hibernate.connection.datasource=org.springframework.jdbc.datasource.DriverManagerDataSource@bb53547, java.class.version=57.0}
16:08:22.239 [Test worker] DEBUG org.hibernate.secure.spi.JaccIntegrator - Skipping JACC integration as it was not enabled
16:08:22.240 [Test worker] DEBUG org.hibernate.internal.SessionFactoryImpl - Instantiated session factory
16:08:22.240 [Test worker] DEBUG org.hibernate.type.spi.TypeConfiguration$Scope - Scoping TypeConfiguration [org.hibernate.type.spi.TypeConfiguration@335260e6] to SessionFactoryImpl [org.hibernate.internal.SessionFactoryImpl@36e911e2]
16:08:22.275 [Test worker] DEBUG org.hibernate.boot.internal.ClassLoaderAccessImpl - Not known whether passed class name [com.epam.esm.model.entity.Certificate] is safe
16:08:22.275 [Test worker] DEBUG org.hibernate.boot.internal.ClassLoaderAccessImpl - No temp ClassLoader provided; using live ClassLoader for loading potentially unsafe class : com.epam.esm.model.entity.Certificate
16:08:22.433 [Test worker] DEBUG org.hibernate.boot.internal.ClassLoaderAccessImpl - Not known whether passed class name [com.epam.esm.model.entity.Tag] is safe
16:08:22.433 [Test worker] DEBUG org.hibernate.boot.internal.ClassLoaderAccessImpl - No temp ClassLoader provided; using live ClassLoader for loading potentially unsafe class : com.epam.esm.model.entity.Tag
16:08:22.442 [Test worker] DEBUG org.hibernate.boot.internal.ClassLoaderAccessImpl - Not known whether passed class name [com.epam.esm.model.entity.User] is safe
16:08:22.442 [Test worker] DEBUG org.hibernate.boot.internal.ClassLoaderAccessImpl - No temp ClassLoader provided; using live ClassLoader for loading potentially unsafe class : com.epam.esm.model.entity.User
16:08:22.459 [Test worker] DEBUG org.hibernate.persister.collection.AbstractCollectionPersister - Static SQL for collection: com.epam.esm.model.entity.User.certificates
16:08:22.459 [Test worker] DEBUG org.hibernate.persister.collection.AbstractCollectionPersister -  Row insert: insert into User_Certificate (User_id, certificates_id) values (?, ?)
16:08:22.459 [Test worker] DEBUG org.hibernate.persister.collection.AbstractCollectionPersister -  Row update: update User_Certificate set certificates_id=? where User_id=? and certificates_id=?
16:08:22.459 [Test worker] DEBUG org.hibernate.persister.collection.AbstractCollectionPersister -  Row delete: delete from User_Certificate where User_id=? and certificates_id=?
16:08:22.459 [Test worker] DEBUG org.hibernate.persister.collection.AbstractCollectionPersister -  One-shot delete: delete from User_Certificate where User_id=?
16:08:22.460 [Test worker] DEBUG org.hibernate.persister.collection.AbstractCollectionPersister - Static SQL for collection: com.epam.esm.model.entity.Certificate.tags
16:08:22.460 [Test worker] DEBUG org.hibernate.persister.collection.AbstractCollectionPersister -  Row insert: insert into Certificate_Tag (Certificate_id, tags_id) values (?, ?)
16:08:22.460 [Test worker] DEBUG org.hibernate.persister.collection.AbstractCollectionPersister -  Row update: update Certificate_Tag set tags_id=? where Certificate_id=? and tags_id=?
16:08:22.460 [Test worker] DEBUG org.hibernate.persister.collection.AbstractCollectionPersister -  Row delete: delete from Certificate_Tag where Certificate_id=? and tags_id=?
16:08:22.460 [Test worker] DEBUG org.hibernate.persister.collection.AbstractCollectionPersister -  One-shot delete: delete from Certificate_Tag where Certificate_id=?
16:08:22.463 [Test worker] DEBUG org.hibernate.persister.entity.AbstractEntityPersister - Static SQL for entity: com.epam.esm.model.entity.Certificate
16:08:22.463 [Test worker] DEBUG org.hibernate.persister.entity.AbstractEntityPersister -  Version select: select id from Certificate where id =?
16:08:22.463 [Test worker] DEBUG org.hibernate.persister.entity.AbstractEntityPersister -  Snapshot select: select certificat_.id, certificat_.createDate as createda2_0_, certificat_.description as descript3_0_, certificat_.duration as duration4_0_, certificat_.lastUpdateDate as lastupda5_0_, certificat_.name as name6_0_, certificat_.price as price7_0_ from Certificate certificat_ where certificat_.id=?
16:08:22.463 [Test worker] DEBUG org.hibernate.persister.entity.AbstractEntityPersister -  Insert 0: insert into Certificate (createDate, description, duration, lastUpdateDate, name, price, id) values (?, ?, ?, ?, ?, ?, ?)
16:08:22.463 [Test worker] DEBUG org.hibernate.persister.entity.AbstractEntityPersister -  Update 0: update Certificate set createDate=?, description=?, duration=?, lastUpdateDate=?, name=?, price=? where id=?
16:08:22.463 [Test worker] DEBUG org.hibernate.persister.entity.AbstractEntityPersister -  Delete 0: delete from Certificate where id=?
16:08:22.463 [Test worker] DEBUG org.hibernate.persister.entity.AbstractEntityPersister -  Identity insert: insert into Certificate (id, createDate, description, duration, lastUpdateDate, name, price) values (null, ?, ?, ?, ?, ?, ?)
16:08:22.484 [Test worker] DEBUG org.hibernate.loader.plan.build.internal.spaces.QuerySpacesImpl - Adding QuerySpace : uid = <gen:0> -> org.hibernate.loader.plan.build.internal.spaces.EntityQuerySpaceImpl@176a7c6f]
16:08:22.485 [Test worker] DEBUG org.hibernate.persister.walking.spi.MetamodelGraphWalker - Visiting attribute path : createDate
16:08:22.485 [Test worker] DEBUG org.hibernate.persister.walking.spi.MetamodelGraphWalker - Visiting attribute path : description
16:08:22.485 [Test worker] DEBUG org.hibernate.persister.walking.spi.MetamodelGraphWalker - Visiting attribute path : duration
16:08:22.485 [Test worker] DEBUG org.hibernate.persister.walking.spi.MetamodelGraphWalker - Visiting attribute path : lastUpdateDate
16:08:22.485 [Test worker] DEBUG org.hibernate.persister.walking.spi.MetamodelGraphWalker - Visiting attribute path : name
16:08:22.485 [Test worker] DEBUG org.hibernate.persister.walking.spi.MetamodelGraphWalker - Visiting attribute path : price
16:08:22.485 [Test worker] DEBUG org.hibernate.persister.walking.spi.MetamodelGraphWalker - Visiting attribute path : tags
16:08:22.488 [Test worker] DEBUG org.hibernate.loader.plan.build.internal.spaces.QuerySpacesImpl - Adding QuerySpace : uid = <gen:1> -> org.hibernate.loader.plan.build.internal.spaces.CollectionQuerySpaceImpl@42bed50c]
16:08:22.489 [Test worker] DEBUG org.hibernate.loader.plan.build.internal.spaces.QuerySpacesImpl - Adding QuerySpace : uid = <gen:2> -> org.hibernate.loader.plan.build.internal.spaces.EntityQuerySpaceImpl@5d8202f4]
16:08:22.489 [Test worker] DEBUG org.hibernate.loader.plan.build.internal.FetchStyleLoadPlanBuildingAssociationVisitationStrategy - Building LoadPlan...
16:08:22.496 [Test worker] DEBUG org.hibernate.loader.plan.exec.internal.LoadQueryJoinAndFetchProcessor - processing queryspace <gen:0>
16:08:22.498 [Test worker] DEBUG org.hibernate.loader.plan.build.spi.LoadPlanTreePrinter - LoadPlan(entity=com.epam.esm.model.entity.Certificate)
    - Returns
       - EntityReturnImpl(entity=com.epam.esm.model.entity.Certificate, querySpaceUid=<gen:0>, path=com.epam.esm.model.entity.Certificate)
          - CollectionAttributeFetchImpl(collection=com.epam.esm.model.entity.Certificate.tags, querySpaceUid=<gen:1>, path=com.epam.esm.model.entity.Certificate.tags)
             - (collection element) CollectionFetchableElementEntityGraph(entity=com.epam.esm.model.entity.Tag, querySpaceUid=<gen:2>, path=com.epam.esm.model.entity.Certificate.tags.<elements>)
    - QuerySpaces
       - EntityQuerySpaceImpl(uid=<gen:0>, entity=com.epam.esm.model.entity.Certificate)
          - SQL table alias mapping - certificat0_
          - alias suffix - 0_
          - suffixed key columns - {id1_0_0_}

16:08:22.499 [Test worker] DEBUG org.hibernate.loader.entity.plan.EntityLoader - Static select for entity com.epam.esm.model.entity.Certificate [NONE]: select certificat0_.id as id1_0_0_, certificat0_.createDate as createda2_0_0_, certificat0_.description as descript3_0_0_, certificat0_.duration as duration4_0_0_, certificat0_.lastUpdateDate as lastupda5_0_0_, certificat0_.name as name6_0_0_, certificat0_.price as price7_0_0_ from Certificate certificat0_ where certificat0_.id=?
16:08:22.500 [Test worker] DEBUG org.hibernate.persister.entity.AbstractEntityPersister - Static SQL for entity: com.epam.esm.model.entity.Tag
16:08:22.500 [Test worker] DEBUG org.hibernate.persister.entity.AbstractEntityPersister -  Version select: select id from Tag where id =?
16:08:22.500 [Test worker] DEBUG org.hibernate.persister.entity.AbstractEntityPersister -  Snapshot select: select tag_.id, tag_.name as name2_2_ from Tag tag_ where tag_.id=?
16:08:22.500 [Test worker] DEBUG org.hibernate.persister.entity.AbstractEntityPersister -  Insert 0: insert into Tag (name, id) values (?, ?)
16:08:22.500 [Test worker] DEBUG org.hibernate.persister.entity.AbstractEntityPersister -  Update 0: update Tag set name=? where id=?
16:08:22.500 [Test worker] DEBUG org.hibernate.persister.entity.AbstractEntityPersister -  Delete 0: delete from Tag where id=?
16:08:22.500 [Test worker] DEBUG org.hibernate.persister.entity.AbstractEntityPersister -  Identity insert: insert into Tag (id, name) values (null, ?)
16:08:22.500 [Test worker] DEBUG org.hibernate.loader.plan.build.internal.spaces.QuerySpacesImpl - Adding QuerySpace : uid = <gen:0> -> org.hibernate.loader.plan.build.internal.spaces.EntityQuerySpaceImpl@18a9c16d]
16:08:22.500 [Test worker] DEBUG org.hibernate.persister.walking.spi.MetamodelGraphWalker - Visiting attribute path : name
16:08:22.500 [Test worker] DEBUG org.hibernate.loader.plan.build.internal.FetchStyleLoadPlanBuildingAssociationVisitationStrategy - Building LoadPlan...
16:08:22.500 [Test worker] DEBUG org.hibernate.loader.plan.exec.internal.LoadQueryJoinAndFetchProcessor - processing queryspace <gen:0>
16:08:22.500 [Test worker] DEBUG org.hibernate.loader.plan.build.spi.LoadPlanTreePrinter - LoadPlan(entity=com.epam.esm.model.entity.Tag)
    - Returns
       - EntityReturnImpl(entity=com.epam.esm.model.entity.Tag, querySpaceUid=<gen:0>, path=com.epam.esm.model.entity.Tag)
    - QuerySpaces
       - EntityQuerySpaceImpl(uid=<gen:0>, entity=com.epam.esm.model.entity.Tag)
          - SQL table alias mapping - tag0_
          - alias suffix - 0_
          - suffixed key columns - {id1_2_0_}

16:08:22.501 [Test worker] DEBUG org.hibernate.loader.entity.plan.EntityLoader - Static select for entity com.epam.esm.model.entity.Tag [NONE]: select tag0_.id as id1_2_0_, tag0_.name as name2_2_0_ from Tag tag0_ where tag0_.id=?
16:08:22.501 [Test worker] DEBUG org.hibernate.persister.entity.AbstractEntityPersister - Static SQL for entity: com.epam.esm.model.entity.User
16:08:22.501 [Test worker] DEBUG org.hibernate.persister.entity.AbstractEntityPersister -  Version select: select id from User where id =?
16:08:22.501 [Test worker] DEBUG org.hibernate.persister.entity.AbstractEntityPersister -  Snapshot select: select user_.id, user_.username as username2_3_ from User user_ where user_.id=?
16:08:22.501 [Test worker] DEBUG org.hibernate.persister.entity.AbstractEntityPersister -  Insert 0: insert into User (username, id) values (?, ?)
16:08:22.501 [Test worker] DEBUG org.hibernate.persister.entity.AbstractEntityPersister -  Update 0: update User set username=? where id=?
16:08:22.501 [Test worker] DEBUG org.hibernate.persister.entity.AbstractEntityPersister -  Delete 0: delete from User where id=?
16:08:22.501 [Test worker] DEBUG org.hibernate.persister.entity.AbstractEntityPersister -  Identity insert: insert into User (id, username) values (null, ?)
16:08:22.501 [Test worker] DEBUG org.hibernate.loader.plan.build.internal.spaces.QuerySpacesImpl - Adding QuerySpace : uid = <gen:0> -> org.hibernate.loader.plan.build.internal.spaces.EntityQuerySpaceImpl@41f5fadc]
16:08:22.501 [Test worker] DEBUG org.hibernate.persister.walking.spi.MetamodelGraphWalker - Visiting attribute path : certificates
16:08:22.502 [Test worker] DEBUG org.hibernate.loader.plan.build.internal.spaces.QuerySpacesImpl - Adding QuerySpace : uid = <gen:1> -> org.hibernate.loader.plan.build.internal.spaces.CollectionQuerySpaceImpl@411421fb]
16:08:22.503 [Test worker] DEBUG org.hibernate.loader.plan.build.internal.spaces.QuerySpacesImpl - Adding QuerySpace : uid = <gen:2> -> org.hibernate.loader.plan.build.internal.spaces.EntityQuerySpaceImpl@7e885c9c]
16:08:22.504 [Test worker] DEBUG org.hibernate.persister.walking.spi.MetamodelGraphWalker - Visiting attribute path : certificates.createDate
16:08:22.504 [Test worker] DEBUG org.hibernate.persister.walking.spi.MetamodelGraphWalker - Visiting attribute path : certificates.description
16:08:22.504 [Test worker] DEBUG org.hibernate.persister.walking.spi.MetamodelGraphWalker - Visiting attribute path : certificates.duration
16:08:22.504 [Test worker] DEBUG org.hibernate.persister.walking.spi.MetamodelGraphWalker - Visiting attribute path : certificates.lastUpdateDate
16:08:22.504 [Test worker] DEBUG org.hibernate.persister.walking.spi.MetamodelGraphWalker - Visiting attribute path : certificates.name
16:08:22.504 [Test worker] DEBUG org.hibernate.persister.walking.spi.MetamodelGraphWalker - Visiting attribute path : certificates.price
16:08:22.504 [Test worker] DEBUG org.hibernate.persister.walking.spi.MetamodelGraphWalker - Visiting attribute path : certificates.tags
16:08:22.504 [Test worker] DEBUG org.hibernate.loader.plan.build.internal.spaces.QuerySpacesImpl - Adding QuerySpace : uid = <gen:3> -> org.hibernate.loader.plan.build.internal.spaces.CollectionQuerySpaceImpl@6b65aa64]
16:08:22.504 [Test worker] DEBUG org.hibernate.loader.plan.build.internal.spaces.QuerySpacesImpl - Adding QuerySpace : uid = <gen:4> -> org.hibernate.loader.plan.build.internal.spaces.EntityQuerySpaceImpl@74f9f792]
16:08:22.504 [Test worker] DEBUG org.hibernate.persister.walking.spi.MetamodelGraphWalker - Visiting attribute path : username
16:08:22.504 [Test worker] DEBUG org.hibernate.loader.plan.build.internal.FetchStyleLoadPlanBuildingAssociationVisitationStrategy - Building LoadPlan...
16:08:22.504 [Test worker] DEBUG org.hibernate.loader.plan.exec.internal.LoadQueryJoinAndFetchProcessor - processing queryspace <gen:0>
16:08:22.506 [Test worker] DEBUG org.hibernate.loader.plan.build.spi.LoadPlanTreePrinter - LoadPlan(entity=com.epam.esm.model.entity.User)
    - Returns
       - EntityReturnImpl(entity=com.epam.esm.model.entity.User, querySpaceUid=<gen:0>, path=com.epam.esm.model.entity.User)
          - CollectionAttributeFetchImpl(collection=com.epam.esm.model.entity.User.certificates, querySpaceUid=<gen:1>, path=com.epam.esm.model.entity.User.certificates)
             - (collection element) CollectionFetchableElementEntityGraph(entity=com.epam.esm.model.entity.Certificate, querySpaceUid=<gen:2>, path=com.epam.esm.model.entity.User.certificates.<elements>)
                - CollectionAttributeFetchImpl(collection=com.epam.esm.model.entity.Certificate.tags, querySpaceUid=<gen:3>, path=com.epam.esm.model.entity.User.certificates.<elements>.tags)
                   - (collection element) CollectionFetchableElementEntityGraph(entity=com.epam.esm.model.entity.Tag, querySpaceUid=<gen:4>, path=com.epam.esm.model.entity.User.certificates.<elements>.tags.<elements>)
    - QuerySpaces
       - EntityQuerySpaceImpl(uid=<gen:0>, entity=com.epam.esm.model.entity.User)
          - SQL table alias mapping - user0_
          - alias suffix - 0_
          - suffixed key columns - {id1_3_0_}
          - JOIN (JoinDefinedByMetadata(certificates)) : <gen:0> -> <gen:1>
             - CollectionQuerySpaceImpl(uid=<gen:1>, collection=com.epam.esm.model.entity.User.certificates)
                - SQL table alias mapping - certificat1_
                - alias suffix - 1_
                - suffixed key columns - {user_id1_4_1_}
                - entity-element alias suffix - 2_
                - 2_entity-element suffixed key columns - id1_0_2_
                - JOIN (JoinDefinedByMetadata(elements)) : <gen:1> -> <gen:2>
                   - EntityQuerySpaceImpl(uid=<gen:2>, entity=com.epam.esm.model.entity.Certificate)
                      - SQL table alias mapping - certificat2_
                      - alias suffix - 2_
                      - suffixed key columns - {id1_0_2_}

16:08:22.507 [Test worker] DEBUG org.hibernate.loader.entity.plan.EntityLoader - Static select for entity com.epam.esm.model.entity.User [NONE]: select user0_.id as id1_3_0_, user0_.username as username2_3_0_, certificat1_.User_id as user_id1_4_1_, certificat2_.id as certific2_4_1_, certificat2_.id as id1_0_2_, certificat2_.createDate as createda2_0_2_, certificat2_.description as descript3_0_2_, certificat2_.duration as duration4_0_2_, certificat2_.lastUpdateDate as lastupda5_0_2_, certificat2_.name as name6_0_2_, certificat2_.price as price7_0_2_ from User user0_ left outer join User_Certificate certificat1_ on user0_.id=certificat1_.User_id left outer join Certificate certificat2_ on certificat1_.certificates_id=certificat2_.id where user0_.id=?
16:08:22.510 [Test worker] DEBUG org.hibernate.loader.plan.build.internal.spaces.QuerySpacesImpl - Adding QuerySpace : uid = <gen:0> -> org.hibernate.loader.plan.build.internal.spaces.CollectionQuerySpaceImpl@1a36e8ac]
16:08:22.510 [Test worker] DEBUG org.hibernate.loader.plan.build.internal.spaces.QuerySpacesImpl - Adding QuerySpace : uid = <gen:1> -> org.hibernate.loader.plan.build.internal.spaces.EntityQuerySpaceImpl@5630fc5f]
16:08:22.510 [Test worker] DEBUG org.hibernate.persister.walking.spi.MetamodelGraphWalker - Visiting attribute path : createDate
16:08:22.510 [Test worker] DEBUG org.hibernate.persister.walking.spi.MetamodelGraphWalker - Visiting attribute path : description
16:08:22.510 [Test worker] DEBUG org.hibernate.persister.walking.spi.MetamodelGraphWalker - Visiting attribute path : duration
16:08:22.510 [Test worker] DEBUG org.hibernate.persister.walking.spi.MetamodelGraphWalker - Visiting attribute path : lastUpdateDate
16:08:22.510 [Test worker] DEBUG org.hibernate.persister.walking.spi.MetamodelGraphWalker - Visiting attribute path : name
16:08:22.510 [Test worker] DEBUG org.hibernate.persister.walking.spi.MetamodelGraphWalker - Visiting attribute path : price
16:08:22.510 [Test worker] DEBUG org.hibernate.persister.walking.spi.MetamodelGraphWalker - Visiting attribute path : tags
16:08:22.510 [Test worker] DEBUG org.hibernate.loader.plan.build.internal.spaces.QuerySpacesImpl - Adding QuerySpace : uid = <gen:2> -> org.hibernate.loader.plan.build.internal.spaces.CollectionQuerySpaceImpl@5f4a2460]
16:08:22.511 [Test worker] DEBUG org.hibernate.loader.plan.build.internal.spaces.QuerySpacesImpl - Adding QuerySpace : uid = <gen:3> -> org.hibernate.loader.plan.build.internal.spaces.EntityQuerySpaceImpl@ec9f9d2]
16:08:22.511 [Test worker] DEBUG org.hibernate.loader.plan.build.internal.FetchStyleLoadPlanBuildingAssociationVisitationStrategy - Building LoadPlan...
16:08:22.512 [Test worker] DEBUG org.hibernate.loader.plan.exec.internal.LoadQueryJoinAndFetchProcessor - processing queryspace <gen:0>
16:08:22.513 [Test worker] DEBUG org.hibernate.loader.plan.build.spi.LoadPlanTreePrinter - LoadPlan(collection=com.epam.esm.model.entity.User.certificates)
    - Returns
       - CollectionReturnImpl(collection=com.epam.esm.model.entity.User.certificates, querySpaceUid=<gen:0>, path=[com.epam.esm.model.entity.User.certificates])
          - (collection element) CollectionFetchableElementEntityGraph(entity=com.epam.esm.model.entity.Certificate, querySpaceUid=<gen:1>, path=[com.epam.esm.model.entity.User.certificates].<elements>)
             - CollectionAttributeFetchImpl(collection=com.epam.esm.model.entity.Certificate.tags, querySpaceUid=<gen:2>, path=[com.epam.esm.model.entity.User.certificates].<elements>.tags)
                - (collection element) CollectionFetchableElementEntityGraph(entity=com.epam.esm.model.entity.Tag, querySpaceUid=<gen:3>, path=[com.epam.esm.model.entity.User.certificates].<elements>.tags.<elements>)
    - QuerySpaces
       - CollectionQuerySpaceImpl(uid=<gen:0>, collection=com.epam.esm.model.entity.User.certificates)
          - SQL table alias mapping - certificat0_
          - alias suffix - 0_
          - suffixed key columns - {user_id1_4_0_}
          - entity-element alias suffix - 1_
          - 1_entity-element suffixed key columns - id1_0_1_
          - JOIN (JoinDefinedByMetadata(elements)) : <gen:0> -> <gen:1>
             - EntityQuerySpaceImpl(uid=<gen:1>, entity=com.epam.esm.model.entity.Certificate)
                - SQL table alias mapping - certificat1_
                - alias suffix - 1_
                - suffixed key columns - {id1_0_1_}

16:08:22.513 [Test worker] DEBUG org.hibernate.loader.collection.plan.CollectionLoader - Static select for collection com.epam.esm.model.entity.User.certificates: select certificat0_.User_id as user_id1_4_0_, certificat0_.certificates_id as certific2_4_0_, certificat1_.id as id1_0_1_, certificat1_.createDate as createda2_0_1_, certificat1_.description as descript3_0_1_, certificat1_.duration as duration4_0_1_, certificat1_.lastUpdateDate as lastupda5_0_1_, certificat1_.name as name6_0_1_, certificat1_.price as price7_0_1_ from User_Certificate certificat0_ inner join Certificate certificat1_ on certificat0_.certificates_id=certificat1_.id where certificat0_.User_id=?
16:08:22.514 [Test worker] DEBUG org.hibernate.loader.plan.build.internal.spaces.QuerySpacesImpl - Adding QuerySpace : uid = <gen:0> -> org.hibernate.loader.plan.build.internal.spaces.CollectionQuerySpaceImpl@58aa2e73]
16:08:22.514 [Test worker] DEBUG org.hibernate.loader.plan.build.internal.spaces.QuerySpacesImpl - Adding QuerySpace : uid = <gen:1> -> org.hibernate.loader.plan.build.internal.spaces.EntityQuerySpaceImpl@2e82c607]
16:08:22.514 [Test worker] DEBUG org.hibernate.persister.walking.spi.MetamodelGraphWalker - Visiting attribute path : name
16:08:22.514 [Test worker] DEBUG org.hibernate.loader.plan.build.internal.FetchStyleLoadPlanBuildingAssociationVisitationStrategy - Building LoadPlan...
16:08:22.514 [Test worker] DEBUG org.hibernate.loader.plan.exec.internal.LoadQueryJoinAndFetchProcessor - processing queryspace <gen:0>
16:08:22.514 [Test worker] DEBUG org.hibernate.loader.plan.build.spi.LoadPlanTreePrinter - LoadPlan(collection=com.epam.esm.model.entity.Certificate.tags)
    - Returns
       - CollectionReturnImpl(collection=com.epam.esm.model.entity.Certificate.tags, querySpaceUid=<gen:0>, path=[com.epam.esm.model.entity.Certificate.tags])
          - (collection element) CollectionFetchableElementEntityGraph(entity=com.epam.esm.model.entity.Tag, querySpaceUid=<gen:1>, path=[com.epam.esm.model.entity.Certificate.tags].<elements>)
    - QuerySpaces
       - CollectionQuerySpaceImpl(uid=<gen:0>, collection=com.epam.esm.model.entity.Certificate.tags)
          - SQL table alias mapping - tags0_
          - alias suffix - 0_
          - suffixed key columns - {certific1_1_0_}
          - entity-element alias suffix - 1_
          - 1_entity-element suffixed key columns - id1_2_1_
          - JOIN (JoinDefinedByMetadata(elements)) : <gen:0> -> <gen:1>
             - EntityQuerySpaceImpl(uid=<gen:1>, entity=com.epam.esm.model.entity.Tag)
                - SQL table alias mapping - tag1_
                - alias suffix - 1_
                - suffixed key columns - {id1_2_1_}

16:08:22.515 [Test worker] DEBUG org.hibernate.loader.collection.plan.CollectionLoader - Static select for collection com.epam.esm.model.entity.Certificate.tags: select tags0_.Certificate_id as certific1_1_0_, tags0_.tags_id as tags_id2_1_0_, tag1_.id as id1_2_1_, tag1_.name as name2_2_1_ from Certificate_Tag tags0_ inner join Tag tag1_ on tags0_.tags_id=tag1_.id where tags0_.Certificate_id=?
16:08:22.543 [Test worker] DEBUG org.hibernate.SQL - drop table if exists Certificate CASCADE 
Hibernate: drop table if exists Certificate CASCADE 
16:08:22.543 [Test worker] DEBUG org.springframework.jdbc.datasource.DriverManagerDataSource - Creating new JDBC DriverManager Connection to [jdbc:h2:mem:second;DB_CLOSE_DELAY=-1]
16:08:22.545 [Test worker] DEBUG org.hibernate.SQL - drop table if exists Certificate_Tag CASCADE 
Hibernate: drop table if exists Certificate_Tag CASCADE 
16:08:22.545 [Test worker] DEBUG org.hibernate.SQL - drop table if exists Tag CASCADE 
Hibernate: drop table if exists Tag CASCADE 
16:08:22.545 [Test worker] DEBUG org.hibernate.SQL - drop table if exists User CASCADE 
Hibernate: drop table if exists User CASCADE 
16:08:22.545 [Test worker] DEBUG org.hibernate.SQL - drop table if exists User_Certificate CASCADE 
Hibernate: drop table if exists User_Certificate CASCADE 
16:08:22.548 [Test worker] DEBUG org.hibernate.SQL - create table Certificate (id bigint generated by default as identity, createDate timestamp, description varchar(255), duration integer not null, lastUpdateDate timestamp, name varchar(255), price double not null, primary key (id))
Hibernate: create table Certificate (id bigint generated by default as identity, createDate timestamp, description varchar(255), duration integer not null, lastUpdateDate timestamp, name varchar(255), price double not null, primary key (id))
16:08:22.548 [Test worker] DEBUG org.springframework.jdbc.datasource.DriverManagerDataSource - Creating new JDBC DriverManager Connection to [jdbc:h2:mem:second;DB_CLOSE_DELAY=-1]
16:08:22.556 [Test worker] DEBUG org.hibernate.SQL - create table Certificate_Tag (Certificate_id bigint not null, tags_id bigint not null)
Hibernate: create table Certificate_Tag (Certificate_id bigint not null, tags_id bigint not null)
16:08:22.557 [Test worker] DEBUG org.hibernate.SQL - create table Tag (id bigint generated by default as identity, name varchar(255), primary key (id))
Hibernate: create table Tag (id bigint generated by default as identity, name varchar(255), primary key (id))
16:08:22.559 [Test worker] DEBUG org.hibernate.SQL - create table User (id bigint generated by default as identity, username varchar(255), primary key (id))
Hibernate: create table User (id bigint generated by default as identity, username varchar(255), primary key (id))
16:08:22.561 [Test worker] DEBUG org.hibernate.SQL - create table User_Certificate (User_id bigint not null, certificates_id bigint not null)
Hibernate: create table User_Certificate (User_id bigint not null, certificates_id bigint not null)
16:08:22.562 [Test worker] DEBUG org.hibernate.SQL - alter table Certificate add constraint UK_jr0o05218vwigntu27pos4u85 unique (name)
Hibernate: alter table Certificate add constraint UK_jr0o05218vwigntu27pos4u85 unique (name)
16:08:22.565 [Test worker] DEBUG org.hibernate.SQL - alter table Tag add constraint UK_24642shpebunaq3ggshotv9hk unique (name)
Hibernate: alter table Tag add constraint UK_24642shpebunaq3ggshotv9hk unique (name)
16:08:22.566 [Test worker] DEBUG org.hibernate.SQL - alter table Certificate_Tag add constraint FKmjpiycab4li1c6omfjobyrbn4 foreign key (tags_id) references Tag
Hibernate: alter table Certificate_Tag add constraint FKmjpiycab4li1c6omfjobyrbn4 foreign key (tags_id) references Tag
16:08:22.571 [Test worker] DEBUG org.hibernate.SQL - alter table Certificate_Tag add constraint FKf6f9u7uh6i2pos039trav7ahs foreign key (Certificate_id) references Certificate
Hibernate: alter table Certificate_Tag add constraint FKf6f9u7uh6i2pos039trav7ahs foreign key (Certificate_id) references Certificate
16:08:22.573 [Test worker] DEBUG org.hibernate.SQL - alter table User_Certificate add constraint FKl97v12wjsaoqbx7gnjho8mvln foreign key (certificates_id) references Certificate
Hibernate: alter table User_Certificate add constraint FKl97v12wjsaoqbx7gnjho8mvln foreign key (certificates_id) references Certificate
16:08:22.575 [Test worker] DEBUG org.hibernate.SQL - alter table User_Certificate add constraint FK2qtt4y6pjasmmukicblk4iysa foreign key (User_id) references User
Hibernate: alter table User_Certificate add constraint FK2qtt4y6pjasmmukicblk4iysa foreign key (User_id) references User
16:08:22.578 [Test worker] DEBUG org.hibernate.engine.transaction.jta.platform.internal.JtaPlatformInitiator - No JtaPlatform was specified, checking resolver
16:08:22.578 [Test worker] DEBUG org.hibernate.engine.transaction.jta.platform.internal.JtaPlatformResolverInitiator - No JtaPlatformResolver was specified, using default [org.hibernate.engine.transaction.jta.platform.internal.StandardJtaPlatformResolver]
16:08:22.583 [Test worker] DEBUG org.hibernate.engine.transaction.jta.platform.internal.StandardJtaPlatformResolver - Could not resolve JtaPlatform, using default [org.hibernate.engine.transaction.jta.platform.internal.NoJtaPlatform]
16:08:22.583 [Test worker] INFO org.hibernate.engine.transaction.jta.platform.internal.JtaPlatformInitiator - HHH000490: Using JtaPlatform implementation: [org.hibernate.engine.transaction.jta.platform.internal.NoJtaPlatform]
16:08:22.584 [Test worker] DEBUG org.hibernate.query.spi.NamedQueryRepository - Checking 0 named HQL queries
16:08:22.584 [Test worker] DEBUG org.hibernate.query.spi.NamedQueryRepository - Checking 0 named SQL queries
16:08:22.590 [Test worker] DEBUG org.hibernate.internal.SessionFactoryRegistry - Initializing SessionFactoryRegistry : org.hibernate.internal.SessionFactoryRegistry@313de15e
16:08:22.591 [Test worker] DEBUG org.hibernate.internal.SessionFactoryRegistry - Registering SessionFactory: a1a3f171-5694-4dfa-bdb5-5fd426f480ab (<unnamed>)
16:08:22.591 [Test worker] DEBUG org.hibernate.internal.SessionFactoryRegistry - Not binding SessionFactory to JNDI, no JNDI name configured
16:08:22.591 [Test worker] INFO org.springframework.orm.jpa.LocalContainerEntityManagerFactoryBean - Initialized JPA EntityManagerFactory for persistence unit 'default'
16:08:22.595 [Test worker] DEBUG org.springframework.beans.factory.support.DefaultListableBeanFactory - Creating shared instance of singleton bean 'daoConfiguration'
16:08:22.598 [Test worker] DEBUG org.springframework.beans.factory.support.DefaultListableBeanFactory - Creating shared instance of singleton bean 'certificateDaoImpl'
16:08:22.630 [Test worker] DEBUG org.springframework.beans.factory.support.DefaultListableBeanFactory - Creating shared instance of singleton bean 'tagDaoImpl'
16:08:22.634 [Test worker] DEBUG org.springframework.beans.factory.support.DefaultListableBeanFactory - Creating shared instance of singleton bean 'userDaoImpl'
16:08:22.638 [Test worker] DEBUG org.springframework.beans.factory.support.DefaultListableBeanFactory - Creating shared instance of singleton bean 'transactionManager'
16:08:22.639 [Test worker] DEBUG org.springframework.beans.factory.support.DefaultListableBeanFactory - Autowiring by type from bean name 'transactionManager' via factory method to bean named 'entityManagerFactory'
16:08:22.659 [Test worker] DEBUG org.springframework.test.context.cache.DefaultCacheAwareContextLoaderDelegate - Storing ApplicationContext [980322656] in cache under key [[MergedContextConfiguration@5798eedb testClass = UserDaoImplTest, locations = '{}', classes = '{class test.com.epam.esm.configuration.DaoTestConfiguration}', contextInitializerClasses = '[]', activeProfiles = '{}', propertySourceLocations = '{}', propertySourceProperties = '{}', contextCustomizers = set[org.springframework.boot.test.autoconfigure.actuate.metrics.MetricsExportContextCustomizerFactory$DisableMetricExportContextCustomizer@141e3ca, org.springframework.boot.test.autoconfigure.properties.PropertyMappingContextCustomizer@0, org.springframework.boot.test.autoconfigure.web.servlet.WebDriverContextCustomizerFactory$Customizer@7eb64bb8, org.springframework.boot.test.context.filter.ExcludeFilterContextCustomizer@540f9d1, org.springframework.boot.test.json.DuplicateJsonObjectContextCustomizerFactory$DuplicateJsonObjectContextCustomizer@71d524e2, org.springframework.boot.test.mock.mockito.MockitoContextCustomizer@0], contextLoader = 'org.springframework.test.context.support.DelegatingSmartContextLoader', parent = [null]]]
16:08:22.659 [Test worker] DEBUG org.springframework.test.context.cache - Spring test ApplicationContext cache statistics: [DefaultContextCache@7ea66510 size = 1, maxSize = 32, parentContextCount = 0, hitCount = 0, missCount = 1]
16:08:22.664 [Test worker] DEBUG org.springframework.test.context.cache.DefaultCacheAwareContextLoaderDelegate - Retrieved ApplicationContext [980322656] from cache with key [[MergedContextConfiguration@5798eedb testClass = UserDaoImplTest, locations = '{}', classes = '{class test.com.epam.esm.configuration.DaoTestConfiguration}', contextInitializerClasses = '[]', activeProfiles = '{}', propertySourceLocations = '{}', propertySourceProperties = '{}', contextCustomizers = set[org.springframework.boot.test.autoconfigure.actuate.metrics.MetricsExportContextCustomizerFactory$DisableMetricExportContextCustomizer@141e3ca, org.springframework.boot.test.autoconfigure.properties.PropertyMappingContextCustomizer@0, org.springframework.boot.test.autoconfigure.web.servlet.WebDriverContextCustomizerFactory$Customizer@7eb64bb8, org.springframework.boot.test.context.filter.ExcludeFilterContextCustomizer@540f9d1, org.springframework.boot.test.json.DuplicateJsonObjectContextCustomizerFactory$DuplicateJsonObjectContextCustomizer@71d524e2, org.springframework.boot.test.mock.mockito.MockitoContextCustomizer@0], contextLoader = 'org.springframework.test.context.support.DelegatingSmartContextLoader', parent = [null]]]
16:08:22.664 [Test worker] DEBUG org.springframework.test.context.cache - Spring test ApplicationContext cache statistics: [DefaultContextCache@7ea66510 size = 1, maxSize = 32, parentContextCount = 0, hitCount = 1, missCount = 1]
16:08:22.668 [Test worker] DEBUG org.springframework.test.context.support.AbstractDirtiesContextTestExecutionListener - Before test method: context [DefaultTestContext@7b7af63c testClass = UserDaoImplTest, testInstance = test.com.epam.esm.dao.impl.UserDaoImplTest@491f90bc, testMethod = saveNewTest@UserDaoImplTest, testException = [null], mergedContextConfiguration = [MergedContextConfiguration@5798eedb testClass = UserDaoImplTest, locations = '{}', classes = '{class test.com.epam.esm.configuration.DaoTestConfiguration}', contextInitializerClasses = '[]', activeProfiles = '{}', propertySourceLocations = '{}', propertySourceProperties = '{}', contextCustomizers = set[org.springframework.boot.test.autoconfigure.actuate.metrics.MetricsExportContextCustomizerFactory$DisableMetricExportContextCustomizer@141e3ca, org.springframework.boot.test.autoconfigure.properties.PropertyMappingContextCustomizer@0, org.springframework.boot.test.autoconfigure.web.servlet.WebDriverContextCustomizerFactory$Customizer@7eb64bb8, org.springframework.boot.test.context.filter.ExcludeFilterContextCustomizer@540f9d1, org.springframework.boot.test.json.DuplicateJsonObjectContextCustomizerFactory$DuplicateJsonObjectContextCustomizer@71d524e2, org.springframework.boot.test.mock.mockito.MockitoContextCustomizer@0], contextLoader = 'org.springframework.test.context.support.DelegatingSmartContextLoader', parent = [null]], attributes = map['org.springframework.test.context.event.ApplicationEventsTestExecutionListener.recordApplicationEvents' -> false]], class annotated with @DirtiesContext [false] with mode [null], method annotated with @DirtiesContext [false] with mode [null].
16:08:22.670 [Test worker] DEBUG org.springframework.test.context.transaction.TransactionalTestExecutionListener - Explicit transaction definition [PROPAGATION_REQUIRED,ISOLATION_DEFAULT] found for test context [DefaultTestContext@7b7af63c testClass = UserDaoImplTest, testInstance = test.com.epam.esm.dao.impl.UserDaoImplTest@491f90bc, testMethod = saveNewTest@UserDaoImplTest, testException = [null], mergedContextConfiguration = [MergedContextConfiguration@5798eedb testClass = UserDaoImplTest, locations = '{}', classes = '{class test.com.epam.esm.configuration.DaoTestConfiguration}', contextInitializerClasses = '[]', activeProfiles = '{}', propertySourceLocations = '{}', propertySourceProperties = '{}', contextCustomizers = set[org.springframework.boot.test.autoconfigure.actuate.metrics.MetricsExportContextCustomizerFactory$DisableMetricExportContextCustomizer@141e3ca, org.springframework.boot.test.autoconfigure.properties.PropertyMappingContextCustomizer@0, org.springframework.boot.test.autoconfigure.web.servlet.WebDriverContextCustomizerFactory$Customizer@7eb64bb8, org.springframework.boot.test.context.filter.ExcludeFilterContextCustomizer@540f9d1, org.springframework.boot.test.json.DuplicateJsonObjectContextCustomizerFactory$DuplicateJsonObjectContextCustomizer@71d524e2, org.springframework.boot.test.mock.mockito.MockitoContextCustomizer@0], contextLoader = 'org.springframework.test.context.support.DelegatingSmartContextLoader', parent = [null]], attributes = map['org.springframework.test.context.event.ApplicationEventsTestExecutionListener.recordApplicationEvents' -> false]]
16:08:22.670 [Test worker] DEBUG org.springframework.test.context.cache.DefaultCacheAwareContextLoaderDelegate - Retrieved ApplicationContext [980322656] from cache with key [[MergedContextConfiguration@5798eedb testClass = UserDaoImplTest, locations = '{}', classes = '{class test.com.epam.esm.configuration.DaoTestConfiguration}', contextInitializerClasses = '[]', activeProfiles = '{}', propertySourceLocations = '{}', propertySourceProperties = '{}', contextCustomizers = set[org.springframework.boot.test.autoconfigure.actuate.metrics.MetricsExportContextCustomizerFactory$DisableMetricExportContextCustomizer@141e3ca, org.springframework.boot.test.autoconfigure.properties.PropertyMappingContextCustomizer@0, org.springframework.boot.test.autoconfigure.web.servlet.WebDriverContextCustomizerFactory$Customizer@7eb64bb8, org.springframework.boot.test.context.filter.ExcludeFilterContextCustomizer@540f9d1, org.springframework.boot.test.json.DuplicateJsonObjectContextCustomizerFactory$DuplicateJsonObjectContextCustomizer@71d524e2, org.springframework.boot.test.mock.mockito.MockitoContextCustomizer@0], contextLoader = 'org.springframework.test.context.support.DelegatingSmartContextLoader', parent = [null]]]
16:08:22.670 [Test worker] DEBUG org.springframework.test.context.cache - Spring test ApplicationContext cache statistics: [DefaultContextCache@7ea66510 size = 1, maxSize = 32, parentContextCount = 0, hitCount = 2, missCount = 1]
16:08:22.672 [Test worker] DEBUG org.springframework.test.context.transaction.TransactionalTestExecutionListener - No method-level @Rollback override: using default rollback [true] for test context [DefaultTestContext@7b7af63c testClass = UserDaoImplTest, testInstance = test.com.epam.esm.dao.impl.UserDaoImplTest@491f90bc, testMethod = saveNewTest@UserDaoImplTest, testException = [null], mergedContextConfiguration = [MergedContextConfiguration@5798eedb testClass = UserDaoImplTest, locations = '{}', classes = '{class test.com.epam.esm.configuration.DaoTestConfiguration}', contextInitializerClasses = '[]', activeProfiles = '{}', propertySourceLocations = '{}', propertySourceProperties = '{}', contextCustomizers = set[org.springframework.boot.test.autoconfigure.actuate.metrics.MetricsExportContextCustomizerFactory$DisableMetricExportContextCustomizer@141e3ca, org.springframework.boot.test.autoconfigure.properties.PropertyMappingContextCustomizer@0, org.springframework.boot.test.autoconfigure.web.servlet.WebDriverContextCustomizerFactory$Customizer@7eb64bb8, org.springframework.boot.test.context.filter.ExcludeFilterContextCustomizer@540f9d1, org.springframework.boot.test.json.DuplicateJsonObjectContextCustomizerFactory$DuplicateJsonObjectContextCustomizer@71d524e2, org.springframework.boot.test.mock.mockito.MockitoContextCustomizer@0], contextLoader = 'org.springframework.test.context.support.DelegatingSmartContextLoader', parent = [null]], attributes = map['org.springframework.test.context.event.ApplicationEventsTestExecutionListener.recordApplicationEvents' -> false]].
16:08:22.674 [Test worker] DEBUG org.springframework.orm.jpa.JpaTransactionManager - Creating new transaction with name [test.com.epam.esm.dao.impl.UserDaoImplTest.saveNewTest]: PROPAGATION_REQUIRED,ISOLATION_DEFAULT
16:08:22.710 [Test worker] DEBUG org.hibernate.stat.internal.StatisticsInitiator - Statistics initialized [enabled=true]
16:08:22.713 [Test worker] DEBUG org.springframework.orm.jpa.JpaTransactionManager - Opened new EntityManager [SessionImpl(565629109<open>)] for JPA transaction
16:08:22.716 [Test worker] DEBUG org.hibernate.engine.transaction.internal.TransactionImpl - On TransactionImpl creation, JpaCompliance#isJpaTransactionComplianceEnabled == false
16:08:22.716 [Test worker] DEBUG org.hibernate.engine.transaction.internal.TransactionImpl - begin
16:08:22.716 [Test worker] DEBUG org.springframework.jdbc.datasource.DriverManagerDataSource - Creating new JDBC DriverManager Connection to [jdbc:h2:mem:second;DB_CLOSE_DELAY=-1]
16:08:22.717 [Test worker] DEBUG org.springframework.orm.jpa.JpaTransactionManager - Exposing JPA transaction as JDBC [org.springframework.orm.jpa.vendor.HibernateJpaDialect$HibernateConnectionHandle@71d6b582]
16:08:22.718 [Test worker] INFO org.springframework.test.context.transaction.TransactionContext - Began transaction (1) for test context [DefaultTestContext@7b7af63c testClass = UserDaoImplTest, testInstance = test.com.epam.esm.dao.impl.UserDaoImplTest@491f90bc, testMethod = saveNewTest@UserDaoImplTest, testException = [null], mergedContextConfiguration = [MergedContextConfiguration@5798eedb testClass = UserDaoImplTest, locations = '{}', classes = '{class test.com.epam.esm.configuration.DaoTestConfiguration}', contextInitializerClasses = '[]', activeProfiles = '{}', propertySourceLocations = '{}', propertySourceProperties = '{}', contextCustomizers = set[org.springframework.boot.test.autoconfigure.actuate.metrics.MetricsExportContextCustomizerFactory$DisableMetricExportContextCustomizer@141e3ca, org.springframework.boot.test.autoconfigure.properties.PropertyMappingContextCustomizer@0, org.springframework.boot.test.autoconfigure.web.servlet.WebDriverContextCustomizerFactory$Customizer@7eb64bb8, org.springframework.boot.test.context.filter.ExcludeFilterContextCustomizer@540f9d1, org.springframework.boot.test.json.DuplicateJsonObjectContextCustomizerFactory$DuplicateJsonObjectContextCustomizer@71d524e2, org.springframework.boot.test.mock.mockito.MockitoContextCustomizer@0], contextLoader = 'org.springframework.test.context.support.DelegatingSmartContextLoader', parent = [null]], attributes = map['org.springframework.test.context.event.ApplicationEventsTestExecutionListener.recordApplicationEvents' -> false]]; transaction manager [org.springframework.orm.jpa.JpaTransactionManager@657a872d]; rollback [true]
16:08:22.721 [Test worker] DEBUG org.springframework.test.context.cache.DefaultCacheAwareContextLoaderDelegate - Retrieved ApplicationContext [980322656] from cache with key [[MergedContextConfiguration@5798eedb testClass = UserDaoImplTest, locations = '{}', classes = '{class test.com.epam.esm.configuration.DaoTestConfiguration}', contextInitializerClasses = '[]', activeProfiles = '{}', propertySourceLocations = '{}', propertySourceProperties = '{}', contextCustomizers = set[org.springframework.boot.test.autoconfigure.actuate.metrics.MetricsExportContextCustomizerFactory$DisableMetricExportContextCustomizer@141e3ca, org.springframework.boot.test.autoconfigure.properties.PropertyMappingContextCustomizer@0, org.springframework.boot.test.autoconfigure.web.servlet.WebDriverContextCustomizerFactory$Customizer@7eb64bb8, org.springframework.boot.test.context.filter.ExcludeFilterContextCustomizer@540f9d1, org.springframework.boot.test.json.DuplicateJsonObjectContextCustomizerFactory$DuplicateJsonObjectContextCustomizer@71d524e2, org.springframework.boot.test.mock.mockito.MockitoContextCustomizer@0], contextLoader = 'org.springframework.test.context.support.DelegatingSmartContextLoader', parent = [null]]]
16:08:22.722 [Test worker] DEBUG org.springframework.test.context.cache - Spring test ApplicationContext cache statistics: [DefaultContextCache@7ea66510 size = 1, maxSize = 32, parentContextCount = 0, hitCount = 3, missCount = 1]
16:08:22.722 [Test worker] DEBUG org.springframework.test.context.cache.DefaultCacheAwareContextLoaderDelegate - Retrieved ApplicationContext [980322656] from cache with key [[MergedContextConfiguration@5798eedb testClass = UserDaoImplTest, locations = '{}', classes = '{class test.com.epam.esm.configuration.DaoTestConfiguration}', contextInitializerClasses = '[]', activeProfiles = '{}', propertySourceLocations = '{}', propertySourceProperties = '{}', contextCustomizers = set[org.springframework.boot.test.autoconfigure.actuate.metrics.MetricsExportContextCustomizerFactory$DisableMetricExportContextCustomizer@141e3ca, org.springframework.boot.test.autoconfigure.properties.PropertyMappingContextCustomizer@0, org.springframework.boot.test.autoconfigure.web.servlet.WebDriverContextCustomizerFactory$Customizer@7eb64bb8, org.springframework.boot.test.context.filter.ExcludeFilterContextCustomizer@540f9d1, org.springframework.boot.test.json.DuplicateJsonObjectContextCustomizerFactory$DuplicateJsonObjectContextCustomizer@71d524e2, org.springframework.boot.test.mock.mockito.MockitoContextCustomizer@0], contextLoader = 'org.springframework.test.context.support.DelegatingSmartContextLoader', parent = [null]]]
16:08:22.722 [Test worker] DEBUG org.springframework.test.context.cache - Spring test ApplicationContext cache statistics: [DefaultContextCache@7ea66510 size = 1, maxSize = 32, parentContextCount = 0, hitCount = 4, missCount = 1]
16:08:22.899 [Test worker] DEBUG org.springframework.test.context.cache.DefaultCacheAwareContextLoaderDelegate - Retrieved ApplicationContext [980322656] from cache with key [[MergedContextConfiguration@5798eedb testClass = UserDaoImplTest, locations = '{}', classes = '{class test.com.epam.esm.configuration.DaoTestConfiguration}', contextInitializerClasses = '[]', activeProfiles = '{}', propertySourceLocations = '{}', propertySourceProperties = '{}', contextCustomizers = set[org.springframework.boot.test.autoconfigure.actuate.metrics.MetricsExportContextCustomizerFactory$DisableMetricExportContextCustomizer@141e3ca, org.springframework.boot.test.autoconfigure.properties.PropertyMappingContextCustomizer@0, org.springframework.boot.test.autoconfigure.web.servlet.WebDriverContextCustomizerFactory$Customizer@7eb64bb8, org.springframework.boot.test.context.filter.ExcludeFilterContextCustomizer@540f9d1, org.springframework.boot.test.json.DuplicateJsonObjectContextCustomizerFactory$DuplicateJsonObjectContextCustomizer@71d524e2, org.springframework.boot.test.mock.mockito.MockitoContextCustomizer@0], contextLoader = 'org.springframework.test.context.support.DelegatingSmartContextLoader', parent = [null]]]
16:08:22.899 [Test worker] DEBUG org.springframework.test.context.cache - Spring test ApplicationContext cache statistics: [DefaultContextCache@7ea66510 size = 1, maxSize = 32, parentContextCount = 0, hitCount = 5, missCount = 1]
16:08:22.905 [Test worker] DEBUG org.springframework.orm.jpa.JpaTransactionManager - Found thread-bound EntityManager [SessionImpl(565629109<open>)] for JPA transaction
16:08:22.905 [Test worker] DEBUG org.springframework.orm.jpa.JpaTransactionManager - Participating in existing transaction
16:08:22.916 [Test worker] DEBUG org.hibernate.engine.spi.ActionQueue - Executing identity-insert immediately
16:08:22.918 [Test worker] DEBUG org.hibernate.SQL - insert into User (id, username) values (null, ?)
Hibernate: insert into User (id, username) values (null, ?)
16:08:22.922 [Test worker] DEBUG org.hibernate.id.IdentifierGeneratorHelper - Natively generated identity: 1
16:08:22.922 [Test worker] DEBUG org.hibernate.resource.jdbc.internal.ResourceRegistryStandardImpl - HHH000387: ResultSet's statement was not registered
16:08:22.925 [Test worker] DEBUG org.hibernate.event.internal.AbstractFlushingEventListener - Processing flush-time cascades
16:08:22.926 [Test worker] DEBUG org.hibernate.event.internal.AbstractFlushingEventListener - Dirty checking collections
16:08:22.929 [Test worker] DEBUG org.hibernate.event.internal.AbstractFlushingEventListener - Flushed: 0 insertions, 0 updates, 0 deletions to 1 objects
16:08:22.929 [Test worker] DEBUG org.hibernate.event.internal.AbstractFlushingEventListener - Flushed: 0 (re)creations, 0 updates, 0 removals to 0 collections
16:08:22.930 [Test worker] DEBUG org.hibernate.internal.util.EntityPrinter - Listing entities:
16:08:22.930 [Test worker] DEBUG org.hibernate.internal.util.EntityPrinter - com.epam.esm.model.entity.User{certificates=null, id=1, username=TEST}
16:08:22.940 [Test worker] DEBUG org.hibernate.hql.internal.QueryTranslatorFactoryInitiator - QueryTranslatorFactory: org.hibernate.hql.internal.ast.ASTQueryTranslatorFactory@6f524df2
16:08:22.956 [Test worker] DEBUG org.hibernate.hql.internal.ast.QueryTranslatorImpl - parse() - HQL: SELECT user FROM com.epam.esm.model.entity.User user WHERE user.username = ?1
16:08:22.959 [Test worker] DEBUG org.hibernate.hql.internal.ast.ErrorTracker - throwQueryException() : no errors
16:08:22.963 [Test worker] DEBUG org.hibernate.hql.internal.ast.QueryTranslatorImpl - --- HQL AST ---
 \-[QUERY] Node: 'query'
    +-[SELECT_FROM] Node: 'SELECT_FROM'
    |  +-[FROM] Node: 'FROM'
    |  |  \-[RANGE] Node: 'RANGE'
    |  |     +-[DOT] Node: '.'
    |  |     |  +-[DOT] Node: '.'
    |  |     |  |  +-[DOT] Node: '.'
    |  |     |  |  |  +-[DOT] Node: '.'
    |  |     |  |  |  |  +-[DOT] Node: '.'
    |  |     |  |  |  |  |  +-[IDENT] Node: 'com'
    |  |     |  |  |  |  |  \-[IDENT] Node: 'epam'
    |  |     |  |  |  |  \-[IDENT] Node: 'esm'
    |  |     |  |  |  \-[IDENT] Node: 'model'
    |  |     |  |  \-[IDENT] Node: 'entity'
    |  |     |  \-[IDENT] Node: 'User'
    |  |     \-[ALIAS] Node: 'user'
    |  \-[SELECT] Node: 'SELECT'
    |     \-[IDENT] Node: 'user'
    \-[WHERE] Node: 'WHERE'
       \-[EQ] Node: '='
          +-[DOT] Node: '.'
          |  +-[IDENT] Node: 'user'
          |  \-[IDENT] Node: 'username'
          \-[PARAM] Node: '?'
             \-[NUM_INT] Node: '1'

16:08:22.977 [Test worker] DEBUG org.hibernate.hql.internal.antlr.HqlSqlBaseWalker - select << begin [level=1, statement=select]
16:08:22.985 [Test worker] DEBUG org.hibernate.hql.internal.ast.tree.FromElement - FromClause{level=1} : com.epam.esm.model.entity.User (user) -> user0_
16:08:22.986 [Test worker] DEBUG org.hibernate.hql.internal.ast.tree.FromReferenceNode - Resolved : user -> user0_.id
16:08:22.987 [Test worker] DEBUG org.hibernate.hql.internal.ast.tree.FromReferenceNode - Resolved : user -> user0_.id
16:08:22.988 [Test worker] DEBUG org.hibernate.hql.internal.ast.tree.DotNode - getDataType() : username -> org.hibernate.type.StringType@17a7a9c8
16:08:22.988 [Test worker] DEBUG org.hibernate.hql.internal.ast.tree.FromReferenceNode - Resolved : user.username -> user0_.username
16:08:22.990 [Test worker] DEBUG org.hibernate.hql.internal.antlr.HqlSqlBaseWalker - select : finishing up [level=1, statement=select]
16:08:22.990 [Test worker] DEBUG org.hibernate.hql.internal.ast.HqlSqlWalker - processQuery() :  ( SELECT ( {select clause} user0_.id ) ( FromClause{level=1} User user0_ ) ( WHERE ( = ( user0_.username user0_.id username ) ? ) ) )
16:08:22.994 [Test worker] DEBUG org.hibernate.hql.internal.ast.util.JoinProcessor - Tables referenced from query nodes:
 \-QueryNode
    +-SelectClause
    | referencedTables(entity User): [User]
    |  +-IdentNode
    |  | persister: SingleTableEntityPersister(com.epam.esm.model.entity.User)
    |  | originalText: user
    |  \-SqlFragment
    +-FromClause
    |  \-FromElement
    \-SqlNode
       \-BinaryLogicOperatorNode
          +-DotNode
          | persister: SingleTableEntityPersister(com.epam.esm.model.entity.User)
          | path: user.username
          |  +-IdentNode
          |  | persister: SingleTableEntityPersister(com.epam.esm.model.entity.User)
          |  | originalText: user
          |  \-IdentNode
          |    persister: null
          |    originalText: username
          \-ParameterNode

16:08:22.996 [Test worker] DEBUG org.hibernate.hql.internal.ast.util.JoinProcessor - Using FROM fragment [User user0_]
16:08:22.996 [Test worker] DEBUG org.hibernate.hql.internal.antlr.HqlSqlBaseWalker - select >> end [level=1, statement=select]
16:08:22.996 [Test worker] DEBUG org.hibernate.hql.internal.ast.QueryTranslatorImpl - --- SQL AST ---
 \-[SELECT] QueryNode: 'SELECT'  querySpaces (User)
    +-[SELECT_CLAUSE] SelectClause: '{select clause}'
    |  +-[ALIAS_REF] IdentNode: 'user0_.id as id1_3_' {alias=user, className=com.epam.esm.model.entity.User, tableAlias=user0_}
    |  \-[SQL_TOKEN] SqlFragment: 'user0_.username as username2_3_'
    +-[FROM] FromClause: 'FROM' FromClause{level=1, fromElementCounter=1, fromElements=1, fromElementByClassAlias=[user], fromElementByTableAlias=[user0_], fromElementsByPath=[], collectionJoinFromElementsByPath=[], impliedElements=[]}
    |  \-[FROM_FRAGMENT] FromElement: 'User user0_' FromElement{explicit,not a collection join,not a fetch join,fetch non-lazy properties,classAlias=user,role=null,tableName=User,tableAlias=user0_,origin=null,columns={,className=com.epam.esm.model.entity.User}}
    \-[WHERE] SqlNode: 'WHERE'
       \-[EQ] BinaryLogicOperatorNode: '='
          +-[DOT] DotNode: 'user0_.username' {propertyName=username,dereferenceType=PRIMITIVE,getPropertyPath=username,path=user.username,tableAlias=user0_,className=com.epam.esm.model.entity.User,classAlias=user}
          |  +-[ALIAS_REF] IdentNode: 'user0_.id' {alias=user, className=com.epam.esm.model.entity.User, tableAlias=user0_}
          |  \-[IDENT] IdentNode: 'username' {originalText=username}
          \-[PARAM] ParameterNode: '?' {label=1, expectedType=org.hibernate.type.StringType@17a7a9c8}

16:08:22.997 [Test worker] DEBUG org.hibernate.hql.internal.ast.ErrorTracker - throwQueryException() : no errors
16:08:23.001 [Test worker] DEBUG org.hibernate.hql.internal.ast.QueryTranslatorImpl - HQL: SELECT user FROM com.epam.esm.model.entity.User user WHERE user.username = ?1
16:08:23.001 [Test worker] DEBUG org.hibernate.hql.internal.ast.QueryTranslatorImpl - SQL: select user0_.id as id1_3_, user0_.username as username2_3_ from User user0_ where user0_.username=?
16:08:23.001 [Test worker] DEBUG org.hibernate.hql.internal.ast.ErrorTracker - throwQueryException() : no errors
16:08:23.011 [Test worker] DEBUG org.hibernate.SQL - select user0_.id as id1_3_, user0_.username as username2_3_ from User user0_ where user0_.username=?
Hibernate: select user0_.id as id1_3_, user0_.username as username2_3_ from User user0_ where user0_.username=?
16:08:23.012 [Test worker] DEBUG org.hibernate.loader.Loader - Result set row: 0
16:08:23.013 [Test worker] DEBUG org.hibernate.loader.Loader - Result row: EntityKey[com.epam.esm.model.entity.User#1]
16:08:23.016 [Test worker] DEBUG org.hibernate.engine.internal.TwoPhaseLoad - Resolving attributes for [com.epam.esm.model.entity.User#1]
16:08:23.016 [Test worker] DEBUG org.hibernate.engine.internal.TwoPhaseLoad - Processing attribute `certificates` : value = NOT NULL COLLECTION
16:08:23.017 [Test worker] DEBUG org.hibernate.engine.internal.TwoPhaseLoad - Attribute (`certificates`)  - enhanced for lazy-loading? - false
16:08:23.022 [Test worker] DEBUG org.hibernate.engine.internal.TwoPhaseLoad - Processing attribute `username` : value = TEST
16:08:23.022 [Test worker] DEBUG org.hibernate.engine.internal.TwoPhaseLoad - Attribute (`username`)  - enhanced for lazy-loading? - false
16:08:23.022 [Test worker] DEBUG org.hibernate.engine.internal.TwoPhaseLoad - Done materializing entity [com.epam.esm.model.entity.User#1]
16:08:23.024 [Test worker] DEBUG org.hibernate.loader.collection.plan.AbstractLoadPlanBasedCollectionInitializer - Loading collection: [com.epam.esm.model.entity.User.certificates#1]
16:08:23.024 [Test worker] DEBUG org.hibernate.SQL - select certificat0_.User_id as user_id1_4_0_, certificat0_.certificates_id as certific2_4_0_, certificat1_.id as id1_0_1_, certificat1_.createDate as createda2_0_1_, certificat1_.description as descript3_0_1_, certificat1_.duration as duration4_0_1_, certificat1_.lastUpdateDate as lastupda5_0_1_, certificat1_.name as name6_0_1_, certificat1_.price as price7_0_1_ from User_Certificate certificat0_ inner join Certificate certificat1_ on certificat0_.certificates_id=certificat1_.id where certificat0_.User_id=?
Hibernate: select certificat0_.User_id as user_id1_4_0_, certificat0_.certificates_id as certific2_4_0_, certificat1_.id as id1_0_1_, certificat1_.createDate as createda2_0_1_, certificat1_.description as descript3_0_1_, certificat1_.duration as duration4_0_1_, certificat1_.lastUpdateDate as lastupda5_0_1_, certificat1_.name as name6_0_1_, certificat1_.price as price7_0_1_ from User_Certificate certificat0_ inner join Certificate certificat1_ on certificat0_.certificates_id=certificat1_.id where certificat0_.User_id=?
16:08:23.026 [Test worker] DEBUG org.hibernate.loader.plan.exec.process.internal.ResultSetProcessorImpl - Preparing collection initializer : [com.epam.esm.model.entity.User.certificates#1]
16:08:23.028 [Test worker] DEBUG org.hibernate.engine.loading.internal.CollectionLoadContext - 1 collections were found in result set for role: com.epam.esm.model.entity.User.certificates
16:08:23.028 [Test worker] DEBUG org.hibernate.engine.loading.internal.CollectionLoadContext - Collection fully initialized: [com.epam.esm.model.entity.User.certificates#1]
16:08:23.029 [Test worker] DEBUG org.hibernate.engine.loading.internal.CollectionLoadContext - 1 collections initialized for role: com.epam.esm.model.entity.User.certificates
16:08:23.029 [Test worker] DEBUG org.hibernate.loader.collection.plan.AbstractLoadPlanBasedCollectionInitializer - Done loading collection
16:08:23.030 [Test worker] DEBUG org.hibernate.stat.internal.StatisticsImpl - HHH000117: HQL: SELECT user FROM User user WHERE user.username = ?1, time: 19ms, rows: 1
16:08:23.036 [Test worker] DEBUG org.springframework.test.context.cache.DefaultCacheAwareContextLoaderDelegate - Retrieved ApplicationContext [980322656] from cache with key [[MergedContextConfiguration@5798eedb testClass = UserDaoImplTest, locations = '{}', classes = '{class test.com.epam.esm.configuration.DaoTestConfiguration}', contextInitializerClasses = '[]', activeProfiles = '{}', propertySourceLocations = '{}', propertySourceProperties = '{}', contextCustomizers = set[org.springframework.boot.test.autoconfigure.actuate.metrics.MetricsExportContextCustomizerFactory$DisableMetricExportContextCustomizer@141e3ca, org.springframework.boot.test.autoconfigure.properties.PropertyMappingContextCustomizer@0, org.springframework.boot.test.autoconfigure.web.servlet.WebDriverContextCustomizerFactory$Customizer@7eb64bb8, org.springframework.boot.test.context.filter.ExcludeFilterContextCustomizer@540f9d1, org.springframework.boot.test.json.DuplicateJsonObjectContextCustomizerFactory$DuplicateJsonObjectContextCustomizer@71d524e2, org.springframework.boot.test.mock.mockito.MockitoContextCustomizer@0], contextLoader = 'org.springframework.test.context.support.DelegatingSmartContextLoader', parent = [null]]]
16:08:23.036 [Test worker] DEBUG org.springframework.test.context.cache - Spring test ApplicationContext cache statistics: [DefaultContextCache@7ea66510 size = 1, maxSize = 32, parentContextCount = 0, hitCount = 6, missCount = 1]
16:08:23.036 [Test worker] DEBUG org.springframework.test.context.cache.DefaultCacheAwareContextLoaderDelegate - Retrieved ApplicationContext [980322656] from cache with key [[MergedContextConfiguration@5798eedb testClass = UserDaoImplTest, locations = '{}', classes = '{class test.com.epam.esm.configuration.DaoTestConfiguration}', contextInitializerClasses = '[]', activeProfiles = '{}', propertySourceLocations = '{}', propertySourceProperties = '{}', contextCustomizers = set[org.springframework.boot.test.autoconfigure.actuate.metrics.MetricsExportContextCustomizerFactory$DisableMetricExportContextCustomizer@141e3ca, org.springframework.boot.test.autoconfigure.properties.PropertyMappingContextCustomizer@0, org.springframework.boot.test.autoconfigure.web.servlet.WebDriverContextCustomizerFactory$Customizer@7eb64bb8, org.springframework.boot.test.context.filter.ExcludeFilterContextCustomizer@540f9d1, org.springframework.boot.test.json.DuplicateJsonObjectContextCustomizerFactory$DuplicateJsonObjectContextCustomizer@71d524e2, org.springframework.boot.test.mock.mockito.MockitoContextCustomizer@0], contextLoader = 'org.springframework.test.context.support.DelegatingSmartContextLoader', parent = [null]]]
16:08:23.036 [Test worker] DEBUG org.springframework.test.context.cache - Spring test ApplicationContext cache statistics: [DefaultContextCache@7ea66510 size = 1, maxSize = 32, parentContextCount = 0, hitCount = 7, missCount = 1]
16:08:23.037 [Test worker] DEBUG org.springframework.test.context.cache.DefaultCacheAwareContextLoaderDelegate - Retrieved ApplicationContext [980322656] from cache with key [[MergedContextConfiguration@5798eedb testClass = UserDaoImplTest, locations = '{}', classes = '{class test.com.epam.esm.configuration.DaoTestConfiguration}', contextInitializerClasses = '[]', activeProfiles = '{}', propertySourceLocations = '{}', propertySourceProperties = '{}', contextCustomizers = set[org.springframework.boot.test.autoconfigure.actuate.metrics.MetricsExportContextCustomizerFactory$DisableMetricExportContextCustomizer@141e3ca, org.springframework.boot.test.autoconfigure.properties.PropertyMappingContextCustomizer@0, org.springframework.boot.test.autoconfigure.web.servlet.WebDriverContextCustomizerFactory$Customizer@7eb64bb8, org.springframework.boot.test.context.filter.ExcludeFilterContextCustomizer@540f9d1, org.springframework.boot.test.json.DuplicateJsonObjectContextCustomizerFactory$DuplicateJsonObjectContextCustomizer@71d524e2, org.springframework.boot.test.mock.mockito.MockitoContextCustomizer@0], contextLoader = 'org.springframework.test.context.support.DelegatingSmartContextLoader', parent = [null]]]
16:08:23.037 [Test worker] DEBUG org.springframework.test.context.cache - Spring test ApplicationContext cache statistics: [DefaultContextCache@7ea66510 size = 1, maxSize = 32, parentContextCount = 0, hitCount = 8, missCount = 1]
16:08:23.037 [Test worker] DEBUG org.springframework.test.context.cache.DefaultCacheAwareContextLoaderDelegate - Retrieved ApplicationContext [980322656] from cache with key [[MergedContextConfiguration@5798eedb testClass = UserDaoImplTest, locations = '{}', classes = '{class test.com.epam.esm.configuration.DaoTestConfiguration}', contextInitializerClasses = '[]', activeProfiles = '{}', propertySourceLocations = '{}', propertySourceProperties = '{}', contextCustomizers = set[org.springframework.boot.test.autoconfigure.actuate.metrics.MetricsExportContextCustomizerFactory$DisableMetricExportContextCustomizer@141e3ca, org.springframework.boot.test.autoconfigure.properties.PropertyMappingContextCustomizer@0, org.springframework.boot.test.autoconfigure.web.servlet.WebDriverContextCustomizerFactory$Customizer@7eb64bb8, org.springframework.boot.test.context.filter.ExcludeFilterContextCustomizer@540f9d1, org.springframework.boot.test.json.DuplicateJsonObjectContextCustomizerFactory$DuplicateJsonObjectContextCustomizer@71d524e2, org.springframework.boot.test.mock.mockito.MockitoContextCustomizer@0], contextLoader = 'org.springframework.test.context.support.DelegatingSmartContextLoader', parent = [null]]]
16:08:23.037 [Test worker] DEBUG org.springframework.test.context.cache - Spring test ApplicationContext cache statistics: [DefaultContextCache@7ea66510 size = 1, maxSize = 32, parentContextCount = 0, hitCount = 9, missCount = 1]
16:08:23.038 [Test worker] DEBUG org.springframework.test.context.cache.DefaultCacheAwareContextLoaderDelegate - Retrieved ApplicationContext [980322656] from cache with key [[MergedContextConfiguration@5798eedb testClass = UserDaoImplTest, locations = '{}', classes = '{class test.com.epam.esm.configuration.DaoTestConfiguration}', contextInitializerClasses = '[]', activeProfiles = '{}', propertySourceLocations = '{}', propertySourceProperties = '{}', contextCustomizers = set[org.springframework.boot.test.autoconfigure.actuate.metrics.MetricsExportContextCustomizerFactory$DisableMetricExportContextCustomizer@141e3ca, org.springframework.boot.test.autoconfigure.properties.PropertyMappingContextCustomizer@0, org.springframework.boot.test.autoconfigure.web.servlet.WebDriverContextCustomizerFactory$Customizer@7eb64bb8, org.springframework.boot.test.context.filter.ExcludeFilterContextCustomizer@540f9d1, org.springframework.boot.test.json.DuplicateJsonObjectContextCustomizerFactory$DuplicateJsonObjectContextCustomizer@71d524e2, org.springframework.boot.test.mock.mockito.MockitoContextCustomizer@0], contextLoader = 'org.springframework.test.context.support.DelegatingSmartContextLoader', parent = [null]]]
16:08:23.038 [Test worker] DEBUG org.springframework.test.context.cache - Spring test ApplicationContext cache statistics: [DefaultContextCache@7ea66510 size = 1, maxSize = 32, parentContextCount = 0, hitCount = 10, missCount = 1]
16:08:23.040 [Test worker] DEBUG org.springframework.test.context.cache.DefaultCacheAwareContextLoaderDelegate - Retrieved ApplicationContext [980322656] from cache with key [[MergedContextConfiguration@5798eedb testClass = UserDaoImplTest, locations = '{}', classes = '{class test.com.epam.esm.configuration.DaoTestConfiguration}', contextInitializerClasses = '[]', activeProfiles = '{}', propertySourceLocations = '{}', propertySourceProperties = '{}', contextCustomizers = set[org.springframework.boot.test.autoconfigure.actuate.metrics.MetricsExportContextCustomizerFactory$DisableMetricExportContextCustomizer@141e3ca, org.springframework.boot.test.autoconfigure.properties.PropertyMappingContextCustomizer@0, org.springframework.boot.test.autoconfigure.web.servlet.WebDriverContextCustomizerFactory$Customizer@7eb64bb8, org.springframework.boot.test.context.filter.ExcludeFilterContextCustomizer@540f9d1, org.springframework.boot.test.json.DuplicateJsonObjectContextCustomizerFactory$DuplicateJsonObjectContextCustomizer@71d524e2, org.springframework.boot.test.mock.mockito.MockitoContextCustomizer@0], contextLoader = 'org.springframework.test.context.support.DelegatingSmartContextLoader', parent = [null]]]
16:08:23.040 [Test worker] DEBUG org.springframework.test.context.cache - Spring test ApplicationContext cache statistics: [DefaultContextCache@7ea66510 size = 1, maxSize = 32, parentContextCount = 0, hitCount = 11, missCount = 1]
16:08:23.041 [Test worker] DEBUG org.springframework.orm.jpa.JpaTransactionManager - Initiating transaction rollback
16:08:23.041 [Test worker] DEBUG org.springframework.orm.jpa.JpaTransactionManager - Rolling back JPA transaction on EntityManager [SessionImpl(565629109<open>)]
16:08:23.041 [Test worker] DEBUG org.hibernate.engine.transaction.internal.TransactionImpl - rolling back
16:08:23.043 [Test worker] DEBUG org.springframework.orm.jpa.JpaTransactionManager - Closing JPA EntityManager [SessionImpl(565629109<open>)] after transaction
16:08:23.043 [Test worker] INFO org.hibernate.engine.internal.StatisticalLoggingSessionEventListener - Session Metrics {
    612366 nanoseconds spent acquiring 1 JDBC connections;
    0 nanoseconds spent releasing 0 JDBC connections;
    1963728 nanoseconds spent preparing 3 JDBC statements;
    1574436 nanoseconds spent executing 3 JDBC statements;
    0 nanoseconds spent executing 0 JDBC batches;
    0 nanoseconds spent performing 0 L2C puts;
    0 nanoseconds spent performing 0 L2C hits;
    0 nanoseconds spent performing 0 L2C misses;
    5633214 nanoseconds spent executing 1 flushes (flushing a total of 1 entities and 0 collections);
    26095 nanoseconds spent executing 1 partial-flushes (flushing a total of 0 entities and 0 collections)
}
16:08:23.044 [Test worker] INFO org.springframework.test.context.transaction.TransactionContext - Rolled back transaction for test: [DefaultTestContext@7b7af63c testClass = UserDaoImplTest, testInstance = test.com.epam.esm.dao.impl.UserDaoImplTest@491f90bc, testMethod = saveNewTest@UserDaoImplTest, testException = [null], mergedContextConfiguration = [MergedContextConfiguration@5798eedb testClass = UserDaoImplTest, locations = '{}', classes = '{class test.com.epam.esm.configuration.DaoTestConfiguration}', contextInitializerClasses = '[]', activeProfiles = '{}', propertySourceLocations = '{}', propertySourceProperties = '{}', contextCustomizers = set[org.springframework.boot.test.autoconfigure.actuate.metrics.MetricsExportContextCustomizerFactory$DisableMetricExportContextCustomizer@141e3ca, org.springframework.boot.test.autoconfigure.properties.PropertyMappingContextCustomizer@0, org.springframework.boot.test.autoconfigure.web.servlet.WebDriverContextCustomizerFactory$Customizer@7eb64bb8, org.springframework.boot.test.context.filter.ExcludeFilterContextCustomizer@540f9d1, org.springframework.boot.test.json.DuplicateJsonObjectContextCustomizerFactory$DuplicateJsonObjectContextCustomizer@71d524e2, org.springframework.boot.test.mock.mockito.MockitoContextCustomizer@0], contextLoader = 'org.springframework.test.context.support.DelegatingSmartContextLoader', parent = [null]], attributes = map['org.springframework.test.context.event.ApplicationEventsTestExecutionListener.recordApplicationEvents' -> false]]
16:08:23.044 [Test worker] DEBUG org.springframework.test.context.support.AbstractDirtiesContextTestExecutionListener - After test method: context [DefaultTestContext@7b7af63c testClass = UserDaoImplTest, testInstance = test.com.epam.esm.dao.impl.UserDaoImplTest@491f90bc, testMethod = saveNewTest@UserDaoImplTest, testException = [null], mergedContextConfiguration = [MergedContextConfiguration@5798eedb testClass = UserDaoImplTest, locations = '{}', classes = '{class test.com.epam.esm.configuration.DaoTestConfiguration}', contextInitializerClasses = '[]', activeProfiles = '{}', propertySourceLocations = '{}', propertySourceProperties = '{}', contextCustomizers = set[org.springframework.boot.test.autoconfigure.actuate.metrics.MetricsExportContextCustomizerFactory$DisableMetricExportContextCustomizer@141e3ca, org.springframework.boot.test.autoconfigure.properties.PropertyMappingContextCustomizer@0, org.springframework.boot.test.autoconfigure.web.servlet.WebDriverContextCustomizerFactory$Customizer@7eb64bb8, org.springframework.boot.test.context.filter.ExcludeFilterContextCustomizer@540f9d1, org.springframework.boot.test.json.DuplicateJsonObjectContextCustomizerFactory$DuplicateJsonObjectContextCustomizer@71d524e2, org.springframework.boot.test.mock.mockito.MockitoContextCustomizer@0], contextLoader = 'org.springframework.test.context.support.DelegatingSmartContextLoader', parent = [null]], attributes = map['org.springframework.test.context.event.ApplicationEventsTestExecutionListener.recordApplicationEvents' -> false]], class annotated with @DirtiesContext [false] with mode [null], method annotated with @DirtiesContext [false] with mode [null].
16:08:23.049 [Test worker] DEBUG org.springframework.test.context.support.DependencyInjectionTestExecutionListener - Performing dependency injection for test context [[DefaultTestContext@7b7af63c testClass = UserDaoImplTest, testInstance = test.com.epam.esm.dao.impl.UserDaoImplTest@792a1bba, testMethod = [null], testException = [null], mergedContextConfiguration = [MergedContextConfiguration@5798eedb testClass = UserDaoImplTest, locations = '{}', classes = '{class test.com.epam.esm.configuration.DaoTestConfiguration}', contextInitializerClasses = '[]', activeProfiles = '{}', propertySourceLocations = '{}', propertySourceProperties = '{}', contextCustomizers = set[org.springframework.boot.test.autoconfigure.actuate.metrics.MetricsExportContextCustomizerFactory$DisableMetricExportContextCustomizer@141e3ca, org.springframework.boot.test.autoconfigure.properties.PropertyMappingContextCustomizer@0, org.springframework.boot.test.autoconfigure.web.servlet.WebDriverContextCustomizerFactory$Customizer@7eb64bb8, org.springframework.boot.test.context.filter.ExcludeFilterContextCustomizer@540f9d1, org.springframework.boot.test.json.DuplicateJsonObjectContextCustomizerFactory$DuplicateJsonObjectContextCustomizer@71d524e2, org.springframework.boot.test.mock.mockito.MockitoContextCustomizer@0], contextLoader = 'org.springframework.test.context.support.DelegatingSmartContextLoader', parent = [null]], attributes = map['org.springframework.test.context.event.ApplicationEventsTestExecutionListener.recordApplicationEvents' -> false]]].
16:08:23.050 [Test worker] DEBUG org.springframework.test.context.cache.DefaultCacheAwareContextLoaderDelegate - Retrieved ApplicationContext [980322656] from cache with key [[MergedContextConfiguration@5798eedb testClass = UserDaoImplTest, locations = '{}', classes = '{class test.com.epam.esm.configuration.DaoTestConfiguration}', contextInitializerClasses = '[]', activeProfiles = '{}', propertySourceLocations = '{}', propertySourceProperties = '{}', contextCustomizers = set[org.springframework.boot.test.autoconfigure.actuate.metrics.MetricsExportContextCustomizerFactory$DisableMetricExportContextCustomizer@141e3ca, org.springframework.boot.test.autoconfigure.properties.PropertyMappingContextCustomizer@0, org.springframework.boot.test.autoconfigure.web.servlet.WebDriverContextCustomizerFactory$Customizer@7eb64bb8, org.springframework.boot.test.context.filter.ExcludeFilterContextCustomizer@540f9d1, org.springframework.boot.test.json.DuplicateJsonObjectContextCustomizerFactory$DuplicateJsonObjectContextCustomizer@71d524e2, org.springframework.boot.test.mock.mockito.MockitoContextCustomizer@0], contextLoader = 'org.springframework.test.context.support.DelegatingSmartContextLoader', parent = [null]]]
16:08:23.050 [Test worker] DEBUG org.springframework.test.context.cache - Spring test ApplicationContext cache statistics: [DefaultContextCache@7ea66510 size = 1, maxSize = 32, parentContextCount = 0, hitCount = 12, missCount = 1]
16:08:23.051 [Test worker] DEBUG org.springframework.test.context.cache.DefaultCacheAwareContextLoaderDelegate - Retrieved ApplicationContext [980322656] from cache with key [[MergedContextConfiguration@5798eedb testClass = UserDaoImplTest, locations = '{}', classes = '{class test.com.epam.esm.configuration.DaoTestConfiguration}', contextInitializerClasses = '[]', activeProfiles = '{}', propertySourceLocations = '{}', propertySourceProperties = '{}', contextCustomizers = set[org.springframework.boot.test.autoconfigure.actuate.metrics.MetricsExportContextCustomizerFactory$DisableMetricExportContextCustomizer@141e3ca, org.springframework.boot.test.autoconfigure.properties.PropertyMappingContextCustomizer@0, org.springframework.boot.test.autoconfigure.web.servlet.WebDriverContextCustomizerFactory$Customizer@7eb64bb8, org.springframework.boot.test.context.filter.ExcludeFilterContextCustomizer@540f9d1, org.springframework.boot.test.json.DuplicateJsonObjectContextCustomizerFactory$DuplicateJsonObjectContextCustomizer@71d524e2, org.springframework.boot.test.mock.mockito.MockitoContextCustomizer@0], contextLoader = 'org.springframework.test.context.support.DelegatingSmartContextLoader', parent = [null]]]
16:08:23.051 [Test worker] DEBUG org.springframework.test.context.cache - Spring test ApplicationContext cache statistics: [DefaultContextCache@7ea66510 size = 1, maxSize = 32, parentContextCount = 0, hitCount = 13, missCount = 1]
16:08:23.052 [Test worker] DEBUG org.springframework.test.context.support.AbstractDirtiesContextTestExecutionListener - Before test method: context [DefaultTestContext@7b7af63c testClass = UserDaoImplTest, testInstance = test.com.epam.esm.dao.impl.UserDaoImplTest@792a1bba, testMethod = findByUsernameTest@UserDaoImplTest, testException = [null], mergedContextConfiguration = [MergedContextConfiguration@5798eedb testClass = UserDaoImplTest, locations = '{}', classes = '{class test.com.epam.esm.configuration.DaoTestConfiguration}', contextInitializerClasses = '[]', activeProfiles = '{}', propertySourceLocations = '{}', propertySourceProperties = '{}', contextCustomizers = set[org.springframework.boot.test.autoconfigure.actuate.metrics.MetricsExportContextCustomizerFactory$DisableMetricExportContextCustomizer@141e3ca, org.springframework.boot.test.autoconfigure.properties.PropertyMappingContextCustomizer@0, org.springframework.boot.test.autoconfigure.web.servlet.WebDriverContextCustomizerFactory$Customizer@7eb64bb8, org.springframework.boot.test.context.filter.ExcludeFilterContextCustomizer@540f9d1, org.springframework.boot.test.json.DuplicateJsonObjectContextCustomizerFactory$DuplicateJsonObjectContextCustomizer@71d524e2, org.springframework.boot.test.mock.mockito.MockitoContextCustomizer@0], contextLoader = 'org.springframework.test.context.support.DelegatingSmartContextLoader', parent = [null]], attributes = map['org.springframework.test.context.event.ApplicationEventsTestExecutionListener.recordApplicationEvents' -> false]], class annotated with @DirtiesContext [false] with mode [null], method annotated with @DirtiesContext [false] with mode [null].
16:08:23.052 [Test worker] DEBUG org.springframework.test.context.transaction.TransactionalTestExecutionListener - Explicit transaction definition [PROPAGATION_REQUIRED,ISOLATION_DEFAULT] found for test context [DefaultTestContext@7b7af63c testClass = UserDaoImplTest, testInstance = test.com.epam.esm.dao.impl.UserDaoImplTest@792a1bba, testMethod = findByUsernameTest@UserDaoImplTest, testException = [null], mergedContextConfiguration = [MergedContextConfiguration@5798eedb testClass = UserDaoImplTest, locations = '{}', classes = '{class test.com.epam.esm.configuration.DaoTestConfiguration}', contextInitializerClasses = '[]', activeProfiles = '{}', propertySourceLocations = '{}', propertySourceProperties = '{}', contextCustomizers = set[org.springframework.boot.test.autoconfigure.actuate.metrics.MetricsExportContextCustomizerFactory$DisableMetricExportContextCustomizer@141e3ca, org.springframework.boot.test.autoconfigure.properties.PropertyMappingContextCustomizer@0, org.springframework.boot.test.autoconfigure.web.servlet.WebDriverContextCustomizerFactory$Customizer@7eb64bb8, org.springframework.boot.test.context.filter.ExcludeFilterContextCustomizer@540f9d1, org.springframework.boot.test.json.DuplicateJsonObjectContextCustomizerFactory$DuplicateJsonObjectContextCustomizer@71d524e2, org.springframework.boot.test.mock.mockito.MockitoContextCustomizer@0], contextLoader = 'org.springframework.test.context.support.DelegatingSmartContextLoader', parent = [null]], attributes = map['org.springframework.test.context.event.ApplicationEventsTestExecutionListener.recordApplicationEvents' -> false]]
16:08:23.052 [Test worker] DEBUG org.springframework.test.context.cache.DefaultCacheAwareContextLoaderDelegate - Retrieved ApplicationContext [980322656] from cache with key [[MergedContextConfiguration@5798eedb testClass = UserDaoImplTest, locations = '{}', classes = '{class test.com.epam.esm.configuration.DaoTestConfiguration}', contextInitializerClasses = '[]', activeProfiles = '{}', propertySourceLocations = '{}', propertySourceProperties = '{}', contextCustomizers = set[org.springframework.boot.test.autoconfigure.actuate.metrics.MetricsExportContextCustomizerFactory$DisableMetricExportContextCustomizer@141e3ca, org.springframework.boot.test.autoconfigure.properties.PropertyMappingContextCustomizer@0, org.springframework.boot.test.autoconfigure.web.servlet.WebDriverContextCustomizerFactory$Customizer@7eb64bb8, org.springframework.boot.test.context.filter.ExcludeFilterContextCustomizer@540f9d1, org.springframework.boot.test.json.DuplicateJsonObjectContextCustomizerFactory$DuplicateJsonObjectContextCustomizer@71d524e2, org.springframework.boot.test.mock.mockito.MockitoContextCustomizer@0], contextLoader = 'org.springframework.test.context.support.DelegatingSmartContextLoader', parent = [null]]]
16:08:23.052 [Test worker] DEBUG org.springframework.test.context.cache - Spring test ApplicationContext cache statistics: [DefaultContextCache@7ea66510 size = 1, maxSize = 32, parentContextCount = 0, hitCount = 14, missCount = 1]
16:08:23.053 [Test worker] DEBUG org.springframework.test.context.transaction.TransactionalTestExecutionListener - No method-level @Rollback override: using default rollback [true] for test context [DefaultTestContext@7b7af63c testClass = UserDaoImplTest, testInstance = test.com.epam.esm.dao.impl.UserDaoImplTest@792a1bba, testMethod = findByUsernameTest@UserDaoImplTest, testException = [null], mergedContextConfiguration = [MergedContextConfiguration@5798eedb testClass = UserDaoImplTest, locations = '{}', classes = '{class test.com.epam.esm.configuration.DaoTestConfiguration}', contextInitializerClasses = '[]', activeProfiles = '{}', propertySourceLocations = '{}', propertySourceProperties = '{}', contextCustomizers = set[org.springframework.boot.test.autoconfigure.actuate.metrics.MetricsExportContextCustomizerFactory$DisableMetricExportContextCustomizer@141e3ca, org.springframework.boot.test.autoconfigure.properties.PropertyMappingContextCustomizer@0, org.springframework.boot.test.autoconfigure.web.servlet.WebDriverContextCustomizerFactory$Customizer@7eb64bb8, org.springframework.boot.test.context.filter.ExcludeFilterContextCustomizer@540f9d1, org.springframework.boot.test.json.DuplicateJsonObjectContextCustomizerFactory$DuplicateJsonObjectContextCustomizer@71d524e2, org.springframework.boot.test.mock.mockito.MockitoContextCustomizer@0], contextLoader = 'org.springframework.test.context.support.DelegatingSmartContextLoader', parent = [null]], attributes = map['org.springframework.test.context.event.ApplicationEventsTestExecutionListener.recordApplicationEvents' -> false]].
16:08:23.053 [Test worker] DEBUG org.springframework.orm.jpa.JpaTransactionManager - Creating new transaction with name [test.com.epam.esm.dao.impl.UserDaoImplTest.findByUsernameTest]: PROPAGATION_REQUIRED,ISOLATION_DEFAULT
16:08:23.053 [Test worker] DEBUG org.springframework.orm.jpa.JpaTransactionManager - Opened new EntityManager [SessionImpl(353256605<open>)] for JPA transaction
16:08:23.053 [Test worker] DEBUG org.hibernate.engine.transaction.internal.TransactionImpl - On TransactionImpl creation, JpaCompliance#isJpaTransactionComplianceEnabled == false
16:08:23.053 [Test worker] DEBUG org.hibernate.engine.transaction.internal.TransactionImpl - begin
16:08:23.053 [Test worker] DEBUG org.springframework.jdbc.datasource.DriverManagerDataSource - Creating new JDBC DriverManager Connection to [jdbc:h2:mem:second;DB_CLOSE_DELAY=-1]
16:08:23.054 [Test worker] DEBUG org.springframework.orm.jpa.JpaTransactionManager - Exposing JPA transaction as JDBC [org.springframework.orm.jpa.vendor.HibernateJpaDialect$HibernateConnectionHandle@570ef49c]
16:08:23.054 [Test worker] INFO org.springframework.test.context.transaction.TransactionContext - Began transaction (1) for test context [DefaultTestContext@7b7af63c testClass = UserDaoImplTest, testInstance = test.com.epam.esm.dao.impl.UserDaoImplTest@792a1bba, testMethod = findByUsernameTest@UserDaoImplTest, testException = [null], mergedContextConfiguration = [MergedContextConfiguration@5798eedb testClass = UserDaoImplTest, locations = '{}', classes = '{class test.com.epam.esm.configuration.DaoTestConfiguration}', contextInitializerClasses = '[]', activeProfiles = '{}', propertySourceLocations = '{}', propertySourceProperties = '{}', contextCustomizers = set[org.springframework.boot.test.autoconfigure.actuate.metrics.MetricsExportContextCustomizerFactory$DisableMetricExportContextCustomizer@141e3ca, org.springframework.boot.test.autoconfigure.properties.PropertyMappingContextCustomizer@0, org.springframework.boot.test.autoconfigure.web.servlet.WebDriverContextCustomizerFactory$Customizer@7eb64bb8, org.springframework.boot.test.context.filter.ExcludeFilterContextCustomizer@540f9d1, org.springframework.boot.test.json.DuplicateJsonObjectContextCustomizerFactory$DuplicateJsonObjectContextCustomizer@71d524e2, org.springframework.boot.test.mock.mockito.MockitoContextCustomizer@0], contextLoader = 'org.springframework.test.context.support.DelegatingSmartContextLoader', parent = [null]], attributes = map['org.springframework.test.context.event.ApplicationEventsTestExecutionListener.recordApplicationEvents' -> false]]; transaction manager [org.springframework.orm.jpa.JpaTransactionManager@657a872d]; rollback [true]
16:08:23.054 [Test worker] DEBUG org.springframework.test.context.cache.DefaultCacheAwareContextLoaderDelegate - Retrieved ApplicationContext [980322656] from cache with key [[MergedContextConfiguration@5798eedb testClass = UserDaoImplTest, locations = '{}', classes = '{class test.com.epam.esm.configuration.DaoTestConfiguration}', contextInitializerClasses = '[]', activeProfiles = '{}', propertySourceLocations = '{}', propertySourceProperties = '{}', contextCustomizers = set[org.springframework.boot.test.autoconfigure.actuate.metrics.MetricsExportContextCustomizerFactory$DisableMetricExportContextCustomizer@141e3ca, org.springframework.boot.test.autoconfigure.properties.PropertyMappingContextCustomizer@0, org.springframework.boot.test.autoconfigure.web.servlet.WebDriverContextCustomizerFactory$Customizer@7eb64bb8, org.springframework.boot.test.context.filter.ExcludeFilterContextCustomizer@540f9d1, org.springframework.boot.test.json.DuplicateJsonObjectContextCustomizerFactory$DuplicateJsonObjectContextCustomizer@71d524e2, org.springframework.boot.test.mock.mockito.MockitoContextCustomizer@0], contextLoader = 'org.springframework.test.context.support.DelegatingSmartContextLoader', parent = [null]]]
16:08:23.054 [Test worker] DEBUG org.springframework.test.context.cache - Spring test ApplicationContext cache statistics: [DefaultContextCache@7ea66510 size = 1, maxSize = 32, parentContextCount = 0, hitCount = 15, missCount = 1]
16:08:23.055 [Test worker] DEBUG org.springframework.test.context.cache.DefaultCacheAwareContextLoaderDelegate - Retrieved ApplicationContext [980322656] from cache with key [[MergedContextConfiguration@5798eedb testClass = UserDaoImplTest, locations = '{}', classes = '{class test.com.epam.esm.configuration.DaoTestConfiguration}', contextInitializerClasses = '[]', activeProfiles = '{}', propertySourceLocations = '{}', propertySourceProperties = '{}', contextCustomizers = set[org.springframework.boot.test.autoconfigure.actuate.metrics.MetricsExportContextCustomizerFactory$DisableMetricExportContextCustomizer@141e3ca, org.springframework.boot.test.autoconfigure.properties.PropertyMappingContextCustomizer@0, org.springframework.boot.test.autoconfigure.web.servlet.WebDriverContextCustomizerFactory$Customizer@7eb64bb8, org.springframework.boot.test.context.filter.ExcludeFilterContextCustomizer@540f9d1, org.springframework.boot.test.json.DuplicateJsonObjectContextCustomizerFactory$DuplicateJsonObjectContextCustomizer@71d524e2, org.springframework.boot.test.mock.mockito.MockitoContextCustomizer@0], contextLoader = 'org.springframework.test.context.support.DelegatingSmartContextLoader', parent = [null]]]
16:08:23.055 [Test worker] DEBUG org.springframework.test.context.cache - Spring test ApplicationContext cache statistics: [DefaultContextCache@7ea66510 size = 1, maxSize = 32, parentContextCount = 0, hitCount = 16, missCount = 1]
16:08:23.055 [Test worker] DEBUG org.springframework.test.context.cache.DefaultCacheAwareContextLoaderDelegate - Retrieved ApplicationContext [980322656] from cache with key [[MergedContextConfiguration@5798eedb testClass = UserDaoImplTest, locations = '{}', classes = '{class test.com.epam.esm.configuration.DaoTestConfiguration}', contextInitializerClasses = '[]', activeProfiles = '{}', propertySourceLocations = '{}', propertySourceProperties = '{}', contextCustomizers = set[org.springframework.boot.test.autoconfigure.actuate.metrics.MetricsExportContextCustomizerFactory$DisableMetricExportContextCustomizer@141e3ca, org.springframework.boot.test.autoconfigure.properties.PropertyMappingContextCustomizer@0, org.springframework.boot.test.autoconfigure.web.servlet.WebDriverContextCustomizerFactory$Customizer@7eb64bb8, org.springframework.boot.test.context.filter.ExcludeFilterContextCustomizer@540f9d1, org.springframework.boot.test.json.DuplicateJsonObjectContextCustomizerFactory$DuplicateJsonObjectContextCustomizer@71d524e2, org.springframework.boot.test.mock.mockito.MockitoContextCustomizer@0], contextLoader = 'org.springframework.test.context.support.DelegatingSmartContextLoader', parent = [null]]]
16:08:23.055 [Test worker] DEBUG org.springframework.test.context.cache - Spring test ApplicationContext cache statistics: [DefaultContextCache@7ea66510 size = 1, maxSize = 32, parentContextCount = 0, hitCount = 17, missCount = 1]
16:08:23.055 [Test worker] DEBUG org.springframework.orm.jpa.JpaTransactionManager - Found thread-bound EntityManager [SessionImpl(353256605<open>)] for JPA transaction
16:08:23.055 [Test worker] DEBUG org.springframework.orm.jpa.JpaTransactionManager - Participating in existing transaction
16:08:23.056 [Test worker] DEBUG org.hibernate.engine.spi.ActionQueue - Executing identity-insert immediately
16:08:23.056 [Test worker] DEBUG org.hibernate.SQL - insert into User (id, username) values (null, ?)
Hibernate: insert into User (id, username) values (null, ?)
16:08:23.056 [Test worker] DEBUG org.hibernate.id.IdentifierGeneratorHelper - Natively generated identity: 2
16:08:23.056 [Test worker] DEBUG org.hibernate.resource.jdbc.internal.ResourceRegistryStandardImpl - HHH000387: ResultSet's statement was not registered
16:08:23.057 [Test worker] DEBUG org.hibernate.event.internal.AbstractFlushingEventListener - Processing flush-time cascades
16:08:23.057 [Test worker] DEBUG org.hibernate.event.internal.AbstractFlushingEventListener - Dirty checking collections
16:08:23.057 [Test worker] DEBUG org.hibernate.event.internal.AbstractFlushingEventListener - Flushed: 0 insertions, 0 updates, 0 deletions to 1 objects
16:08:23.057 [Test worker] DEBUG org.hibernate.event.internal.AbstractFlushingEventListener - Flushed: 0 (re)creations, 0 updates, 0 removals to 0 collections
16:08:23.057 [Test worker] DEBUG org.hibernate.internal.util.EntityPrinter - Listing entities:
16:08:23.057 [Test worker] DEBUG org.hibernate.internal.util.EntityPrinter - com.epam.esm.model.entity.User{certificates=null, id=2, username=TEST2}
16:08:23.058 [Test worker] DEBUG org.springframework.orm.jpa.JpaTransactionManager - Found thread-bound EntityManager [SessionImpl(353256605<open>)] for JPA transaction
16:08:23.058 [Test worker] DEBUG org.springframework.orm.jpa.JpaTransactionManager - Participating in existing transaction
16:08:23.058 [Test worker] DEBUG org.hibernate.SQL - select user0_.id as id1_3_, user0_.username as username2_3_ from User user0_ where user0_.username=?
Hibernate: select user0_.id as id1_3_, user0_.username as username2_3_ from User user0_ where user0_.username=?
16:08:23.059 [Test worker] DEBUG org.hibernate.loader.Loader - Result set row: 0
16:08:23.059 [Test worker] DEBUG org.hibernate.loader.Loader - Result row: EntityKey[com.epam.esm.model.entity.User#2]
16:08:23.059 [Test worker] DEBUG org.hibernate.engine.internal.TwoPhaseLoad - Resolving attributes for [com.epam.esm.model.entity.User#2]
16:08:23.059 [Test worker] DEBUG org.hibernate.engine.internal.TwoPhaseLoad - Processing attribute `certificates` : value = NOT NULL COLLECTION
16:08:23.059 [Test worker] DEBUG org.hibernate.engine.internal.TwoPhaseLoad - Attribute (`certificates`)  - enhanced for lazy-loading? - false
16:08:23.059 [Test worker] DEBUG org.hibernate.engine.internal.TwoPhaseLoad - Processing attribute `username` : value = TEST2
16:08:23.059 [Test worker] DEBUG org.hibernate.engine.internal.TwoPhaseLoad - Attribute (`username`)  - enhanced for lazy-loading? - false
16:08:23.059 [Test worker] DEBUG org.hibernate.engine.internal.TwoPhaseLoad - Done materializing entity [com.epam.esm.model.entity.User#2]
16:08:23.060 [Test worker] DEBUG org.hibernate.loader.collection.plan.AbstractLoadPlanBasedCollectionInitializer - Loading collection: [com.epam.esm.model.entity.User.certificates#2]
16:08:23.060 [Test worker] DEBUG org.hibernate.SQL - select certificat0_.User_id as user_id1_4_0_, certificat0_.certificates_id as certific2_4_0_, certificat1_.id as id1_0_1_, certificat1_.createDate as createda2_0_1_, certificat1_.description as descript3_0_1_, certificat1_.duration as duration4_0_1_, certificat1_.lastUpdateDate as lastupda5_0_1_, certificat1_.name as name6_0_1_, certificat1_.price as price7_0_1_ from User_Certificate certificat0_ inner join Certificate certificat1_ on certificat0_.certificates_id=certificat1_.id where certificat0_.User_id=?
Hibernate: select certificat0_.User_id as user_id1_4_0_, certificat0_.certificates_id as certific2_4_0_, certificat1_.id as id1_0_1_, certificat1_.createDate as createda2_0_1_, certificat1_.description as descript3_0_1_, certificat1_.duration as duration4_0_1_, certificat1_.lastUpdateDate as lastupda5_0_1_, certificat1_.name as name6_0_1_, certificat1_.price as price7_0_1_ from User_Certificate certificat0_ inner join Certificate certificat1_ on certificat0_.certificates_id=certificat1_.id where certificat0_.User_id=?
16:08:23.061 [Test worker] DEBUG org.hibernate.loader.plan.exec.process.internal.ResultSetProcessorImpl - Preparing collection initializer : [com.epam.esm.model.entity.User.certificates#2]
16:08:23.061 [Test worker] DEBUG org.hibernate.engine.loading.internal.CollectionLoadContext - 1 collections were found in result set for role: com.epam.esm.model.entity.User.certificates
16:08:23.061 [Test worker] DEBUG org.hibernate.engine.loading.internal.CollectionLoadContext - Collection fully initialized: [com.epam.esm.model.entity.User.certificates#2]
16:08:23.061 [Test worker] DEBUG org.hibernate.engine.loading.internal.CollectionLoadContext - 1 collections initialized for role: com.epam.esm.model.entity.User.certificates
16:08:23.061 [Test worker] DEBUG org.hibernate.loader.collection.plan.AbstractLoadPlanBasedCollectionInitializer - Done loading collection
16:08:23.061 [Test worker] DEBUG org.hibernate.stat.internal.StatisticsImpl - HHH000117: HQL: SELECT user FROM User user WHERE user.username = ?1, time: 2ms, rows: 1
16:08:23.061 [Test worker] DEBUG org.hibernate.event.internal.EvictVisitor - Evicting collection: [com.epam.esm.model.entity.User.certificates#2]
16:08:23.062 [Test worker] DEBUG org.springframework.test.context.cache.DefaultCacheAwareContextLoaderDelegate - Retrieved ApplicationContext [980322656] from cache with key [[MergedContextConfiguration@5798eedb testClass = UserDaoImplTest, locations = '{}', classes = '{class test.com.epam.esm.configuration.DaoTestConfiguration}', contextInitializerClasses = '[]', activeProfiles = '{}', propertySourceLocations = '{}', propertySourceProperties = '{}', contextCustomizers = set[org.springframework.boot.test.autoconfigure.actuate.metrics.MetricsExportContextCustomizerFactory$DisableMetricExportContextCustomizer@141e3ca, org.springframework.boot.test.autoconfigure.properties.PropertyMappingContextCustomizer@0, org.springframework.boot.test.autoconfigure.web.servlet.WebDriverContextCustomizerFactory$Customizer@7eb64bb8, org.springframework.boot.test.context.filter.ExcludeFilterContextCustomizer@540f9d1, org.springframework.boot.test.json.DuplicateJsonObjectContextCustomizerFactory$DuplicateJsonObjectContextCustomizer@71d524e2, org.springframework.boot.test.mock.mockito.MockitoContextCustomizer@0], contextLoader = 'org.springframework.test.context.support.DelegatingSmartContextLoader', parent = [null]]]
16:08:23.062 [Test worker] DEBUG org.springframework.test.context.cache - Spring test ApplicationContext cache statistics: [DefaultContextCache@7ea66510 size = 1, maxSize = 32, parentContextCount = 0, hitCount = 18, missCount = 1]
16:08:23.063 [Test worker] DEBUG org.springframework.test.context.cache.DefaultCacheAwareContextLoaderDelegate - Retrieved ApplicationContext [980322656] from cache with key [[MergedContextConfiguration@5798eedb testClass = UserDaoImplTest, locations = '{}', classes = '{class test.com.epam.esm.configuration.DaoTestConfiguration}', contextInitializerClasses = '[]', activeProfiles = '{}', propertySourceLocations = '{}', propertySourceProperties = '{}', contextCustomizers = set[org.springframework.boot.test.autoconfigure.actuate.metrics.MetricsExportContextCustomizerFactory$DisableMetricExportContextCustomizer@141e3ca, org.springframework.boot.test.autoconfigure.properties.PropertyMappingContextCustomizer@0, org.springframework.boot.test.autoconfigure.web.servlet.WebDriverContextCustomizerFactory$Customizer@7eb64bb8, org.springframework.boot.test.context.filter.ExcludeFilterContextCustomizer@540f9d1, org.springframework.boot.test.json.DuplicateJsonObjectContextCustomizerFactory$DuplicateJsonObjectContextCustomizer@71d524e2, org.springframework.boot.test.mock.mockito.MockitoContextCustomizer@0], contextLoader = 'org.springframework.test.context.support.DelegatingSmartContextLoader', parent = [null]]]
16:08:23.063 [Test worker] DEBUG org.springframework.test.context.cache - Spring test ApplicationContext cache statistics: [DefaultContextCache@7ea66510 size = 1, maxSize = 32, parentContextCount = 0, hitCount = 19, missCount = 1]
16:08:23.063 [Test worker] DEBUG org.springframework.test.context.cache.DefaultCacheAwareContextLoaderDelegate - Retrieved ApplicationContext [980322656] from cache with key [[MergedContextConfiguration@5798eedb testClass = UserDaoImplTest, locations = '{}', classes = '{class test.com.epam.esm.configuration.DaoTestConfiguration}', contextInitializerClasses = '[]', activeProfiles = '{}', propertySourceLocations = '{}', propertySourceProperties = '{}', contextCustomizers = set[org.springframework.boot.test.autoconfigure.actuate.metrics.MetricsExportContextCustomizerFactory$DisableMetricExportContextCustomizer@141e3ca, org.springframework.boot.test.autoconfigure.properties.PropertyMappingContextCustomizer@0, org.springframework.boot.test.autoconfigure.web.servlet.WebDriverContextCustomizerFactory$Customizer@7eb64bb8, org.springframework.boot.test.context.filter.ExcludeFilterContextCustomizer@540f9d1, org.springframework.boot.test.json.DuplicateJsonObjectContextCustomizerFactory$DuplicateJsonObjectContextCustomizer@71d524e2, org.springframework.boot.test.mock.mockito.MockitoContextCustomizer@0], contextLoader = 'org.springframework.test.context.support.DelegatingSmartContextLoader', parent = [null]]]
16:08:23.063 [Test worker] DEBUG org.springframework.test.context.cache - Spring test ApplicationContext cache statistics: [DefaultContextCache@7ea66510 size = 1, maxSize = 32, parentContextCount = 0, hitCount = 20, missCount = 1]
16:08:23.064 [Test worker] DEBUG org.springframework.test.context.cache.DefaultCacheAwareContextLoaderDelegate - Retrieved ApplicationContext [980322656] from cache with key [[MergedContextConfiguration@5798eedb testClass = UserDaoImplTest, locations = '{}', classes = '{class test.com.epam.esm.configuration.DaoTestConfiguration}', contextInitializerClasses = '[]', activeProfiles = '{}', propertySourceLocations = '{}', propertySourceProperties = '{}', contextCustomizers = set[org.springframework.boot.test.autoconfigure.actuate.metrics.MetricsExportContextCustomizerFactory$DisableMetricExportContextCustomizer@141e3ca, org.springframework.boot.test.autoconfigure.properties.PropertyMappingContextCustomizer@0, org.springframework.boot.test.autoconfigure.web.servlet.WebDriverContextCustomizerFactory$Customizer@7eb64bb8, org.springframework.boot.test.context.filter.ExcludeFilterContextCustomizer@540f9d1, org.springframework.boot.test.json.DuplicateJsonObjectContextCustomizerFactory$DuplicateJsonObjectContextCustomizer@71d524e2, org.springframework.boot.test.mock.mockito.MockitoContextCustomizer@0], contextLoader = 'org.springframework.test.context.support.DelegatingSmartContextLoader', parent = [null]]]
16:08:23.064 [Test worker] DEBUG org.springframework.test.context.cache - Spring test ApplicationContext cache statistics: [DefaultContextCache@7ea66510 size = 1, maxSize = 32, parentContextCount = 0, hitCount = 21, missCount = 1]
16:08:23.064 [Test worker] DEBUG org.springframework.test.context.cache.DefaultCacheAwareContextLoaderDelegate - Retrieved ApplicationContext [980322656] from cache with key [[MergedContextConfiguration@5798eedb testClass = UserDaoImplTest, locations = '{}', classes = '{class test.com.epam.esm.configuration.DaoTestConfiguration}', contextInitializerClasses = '[]', activeProfiles = '{}', propertySourceLocations = '{}', propertySourceProperties = '{}', contextCustomizers = set[org.springframework.boot.test.autoconfigure.actuate.metrics.MetricsExportContextCustomizerFactory$DisableMetricExportContextCustomizer@141e3ca, org.springframework.boot.test.autoconfigure.properties.PropertyMappingContextCustomizer@0, org.springframework.boot.test.autoconfigure.web.servlet.WebDriverContextCustomizerFactory$Customizer@7eb64bb8, org.springframework.boot.test.context.filter.ExcludeFilterContextCustomizer@540f9d1, org.springframework.boot.test.json.DuplicateJsonObjectContextCustomizerFactory$DuplicateJsonObjectContextCustomizer@71d524e2, org.springframework.boot.test.mock.mockito.MockitoContextCustomizer@0], contextLoader = 'org.springframework.test.context.support.DelegatingSmartContextLoader', parent = [null]]]
16:08:23.064 [Test worker] DEBUG org.springframework.test.context.cache - Spring test ApplicationContext cache statistics: [DefaultContextCache@7ea66510 size = 1, maxSize = 32, parentContextCount = 0, hitCount = 22, missCount = 1]
16:08:23.064 [Test worker] DEBUG org.springframework.test.context.cache.DefaultCacheAwareContextLoaderDelegate - Retrieved ApplicationContext [980322656] from cache with key [[MergedContextConfiguration@5798eedb testClass = UserDaoImplTest, locations = '{}', classes = '{class test.com.epam.esm.configuration.DaoTestConfiguration}', contextInitializerClasses = '[]', activeProfiles = '{}', propertySourceLocations = '{}', propertySourceProperties = '{}', contextCustomizers = set[org.springframework.boot.test.autoconfigure.actuate.metrics.MetricsExportContextCustomizerFactory$DisableMetricExportContextCustomizer@141e3ca, org.springframework.boot.test.autoconfigure.properties.PropertyMappingContextCustomizer@0, org.springframework.boot.test.autoconfigure.web.servlet.WebDriverContextCustomizerFactory$Customizer@7eb64bb8, org.springframework.boot.test.context.filter.ExcludeFilterContextCustomizer@540f9d1, org.springframework.boot.test.json.DuplicateJsonObjectContextCustomizerFactory$DuplicateJsonObjectContextCustomizer@71d524e2, org.springframework.boot.test.mock.mockito.MockitoContextCustomizer@0], contextLoader = 'org.springframework.test.context.support.DelegatingSmartContextLoader', parent = [null]]]
16:08:23.064 [Test worker] DEBUG org.springframework.test.context.cache - Spring test ApplicationContext cache statistics: [DefaultContextCache@7ea66510 size = 1, maxSize = 32, parentContextCount = 0, hitCount = 23, missCount = 1]
16:08:23.065 [Test worker] DEBUG org.springframework.orm.jpa.JpaTransactionManager - Initiating transaction rollback
16:08:23.065 [Test worker] DEBUG org.springframework.orm.jpa.JpaTransactionManager - Rolling back JPA transaction on EntityManager [SessionImpl(353256605<open>)]
16:08:23.065 [Test worker] DEBUG org.hibernate.engine.transaction.internal.TransactionImpl - rolling back
16:08:23.065 [Test worker] DEBUG org.springframework.orm.jpa.JpaTransactionManager - Closing JPA EntityManager [SessionImpl(353256605<open>)] after transaction
16:08:23.066 [Test worker] INFO org.hibernate.engine.internal.StatisticalLoggingSessionEventListener - Session Metrics {
    474229 nanoseconds spent acquiring 1 JDBC connections;
    0 nanoseconds spent releasing 0 JDBC connections;
    757886 nanoseconds spent preparing 3 JDBC statements;
    491446 nanoseconds spent executing 3 JDBC statements;
    0 nanoseconds spent executing 0 JDBC batches;
    0 nanoseconds spent performing 0 L2C puts;
    0 nanoseconds spent performing 0 L2C hits;
    0 nanoseconds spent performing 0 L2C misses;
    390211 nanoseconds spent executing 1 flushes (flushing a total of 1 entities and 0 collections);
    6007 nanoseconds spent executing 1 partial-flushes (flushing a total of 0 entities and 0 collections)
}
16:08:23.066 [Test worker] INFO org.springframework.test.context.transaction.TransactionContext - Rolled back transaction for test: [DefaultTestContext@7b7af63c testClass = UserDaoImplTest, testInstance = test.com.epam.esm.dao.impl.UserDaoImplTest@792a1bba, testMethod = findByUsernameTest@UserDaoImplTest, testException = [null], mergedContextConfiguration = [MergedContextConfiguration@5798eedb testClass = UserDaoImplTest, locations = '{}', classes = '{class test.com.epam.esm.configuration.DaoTestConfiguration}', contextInitializerClasses = '[]', activeProfiles = '{}', propertySourceLocations = '{}', propertySourceProperties = '{}', contextCustomizers = set[org.springframework.boot.test.autoconfigure.actuate.metrics.MetricsExportContextCustomizerFactory$DisableMetricExportContextCustomizer@141e3ca, org.springframework.boot.test.autoconfigure.properties.PropertyMappingContextCustomizer@0, org.springframework.boot.test.autoconfigure.web.servlet.WebDriverContextCustomizerFactory$Customizer@7eb64bb8, org.springframework.boot.test.context.filter.ExcludeFilterContextCustomizer@540f9d1, org.springframework.boot.test.json.DuplicateJsonObjectContextCustomizerFactory$DuplicateJsonObjectContextCustomizer@71d524e2, org.springframework.boot.test.mock.mockito.MockitoContextCustomizer@0], contextLoader = 'org.springframework.test.context.support.DelegatingSmartContextLoader', parent = [null]], attributes = map['org.springframework.test.context.event.ApplicationEventsTestExecutionListener.recordApplicationEvents' -> false]]
16:08:23.066 [Test worker] DEBUG org.springframework.test.context.support.AbstractDirtiesContextTestExecutionListener - After test method: context [DefaultTestContext@7b7af63c testClass = UserDaoImplTest, testInstance = test.com.epam.esm.dao.impl.UserDaoImplTest@792a1bba, testMethod = findByUsernameTest@UserDaoImplTest, testException = [null], mergedContextConfiguration = [MergedContextConfiguration@5798eedb testClass = UserDaoImplTest, locations = '{}', classes = '{class test.com.epam.esm.configuration.DaoTestConfiguration}', contextInitializerClasses = '[]', activeProfiles = '{}', propertySourceLocations = '{}', propertySourceProperties = '{}', contextCustomizers = set[org.springframework.boot.test.autoconfigure.actuate.metrics.MetricsExportContextCustomizerFactory$DisableMetricExportContextCustomizer@141e3ca, org.springframework.boot.test.autoconfigure.properties.PropertyMappingContextCustomizer@0, org.springframework.boot.test.autoconfigure.web.servlet.WebDriverContextCustomizerFactory$Customizer@7eb64bb8, org.springframework.boot.test.context.filter.ExcludeFilterContextCustomizer@540f9d1, org.springframework.boot.test.json.DuplicateJsonObjectContextCustomizerFactory$DuplicateJsonObjectContextCustomizer@71d524e2, org.springframework.boot.test.mock.mockito.MockitoContextCustomizer@0], contextLoader = 'org.springframework.test.context.support.DelegatingSmartContextLoader', parent = [null]], attributes = map['org.springframework.test.context.event.ApplicationEventsTestExecutionListener.recordApplicationEvents' -> false]], class annotated with @DirtiesContext [false] with mode [null], method annotated with @DirtiesContext [false] with mode [null].
16:08:23.067 [Test worker] DEBUG org.springframework.test.context.support.DependencyInjectionTestExecutionListener - Performing dependency injection for test context [[DefaultTestContext@7b7af63c testClass = UserDaoImplTest, testInstance = test.com.epam.esm.dao.impl.UserDaoImplTest@458d2fb5, testMethod = [null], testException = [null], mergedContextConfiguration = [MergedContextConfiguration@5798eedb testClass = UserDaoImplTest, locations = '{}', classes = '{class test.com.epam.esm.configuration.DaoTestConfiguration}', contextInitializerClasses = '[]', activeProfiles = '{}', propertySourceLocations = '{}', propertySourceProperties = '{}', contextCustomizers = set[org.springframework.boot.test.autoconfigure.actuate.metrics.MetricsExportContextCustomizerFactory$DisableMetricExportContextCustomizer@141e3ca, org.springframework.boot.test.autoconfigure.properties.PropertyMappingContextCustomizer@0, org.springframework.boot.test.autoconfigure.web.servlet.WebDriverContextCustomizerFactory$Customizer@7eb64bb8, org.springframework.boot.test.context.filter.ExcludeFilterContextCustomizer@540f9d1, org.springframework.boot.test.json.DuplicateJsonObjectContextCustomizerFactory$DuplicateJsonObjectContextCustomizer@71d524e2, org.springframework.boot.test.mock.mockito.MockitoContextCustomizer@0], contextLoader = 'org.springframework.test.context.support.DelegatingSmartContextLoader', parent = [null]], attributes = map['org.springframework.test.context.event.ApplicationEventsTestExecutionListener.recordApplicationEvents' -> false]]].
16:08:23.067 [Test worker] DEBUG org.springframework.test.context.cache.DefaultCacheAwareContextLoaderDelegate - Retrieved ApplicationContext [980322656] from cache with key [[MergedContextConfiguration@5798eedb testClass = UserDaoImplTest, locations = '{}', classes = '{class test.com.epam.esm.configuration.DaoTestConfiguration}', contextInitializerClasses = '[]', activeProfiles = '{}', propertySourceLocations = '{}', propertySourceProperties = '{}', contextCustomizers = set[org.springframework.boot.test.autoconfigure.actuate.metrics.MetricsExportContextCustomizerFactory$DisableMetricExportContextCustomizer@141e3ca, org.springframework.boot.test.autoconfigure.properties.PropertyMappingContextCustomizer@0, org.springframework.boot.test.autoconfigure.web.servlet.WebDriverContextCustomizerFactory$Customizer@7eb64bb8, org.springframework.boot.test.context.filter.ExcludeFilterContextCustomizer@540f9d1, org.springframework.boot.test.json.DuplicateJsonObjectContextCustomizerFactory$DuplicateJsonObjectContextCustomizer@71d524e2, org.springframework.boot.test.mock.mockito.MockitoContextCustomizer@0], contextLoader = 'org.springframework.test.context.support.DelegatingSmartContextLoader', parent = [null]]]
16:08:23.067 [Test worker] DEBUG org.springframework.test.context.cache - Spring test ApplicationContext cache statistics: [DefaultContextCache@7ea66510 size = 1, maxSize = 32, parentContextCount = 0, hitCount = 24, missCount = 1]
16:08:23.068 [Test worker] DEBUG org.springframework.test.context.cache.DefaultCacheAwareContextLoaderDelegate - Retrieved ApplicationContext [980322656] from cache with key [[MergedContextConfiguration@5798eedb testClass = UserDaoImplTest, locations = '{}', classes = '{class test.com.epam.esm.configuration.DaoTestConfiguration}', contextInitializerClasses = '[]', activeProfiles = '{}', propertySourceLocations = '{}', propertySourceProperties = '{}', contextCustomizers = set[org.springframework.boot.test.autoconfigure.actuate.metrics.MetricsExportContextCustomizerFactory$DisableMetricExportContextCustomizer@141e3ca, org.springframework.boot.test.autoconfigure.properties.PropertyMappingContextCustomizer@0, org.springframework.boot.test.autoconfigure.web.servlet.WebDriverContextCustomizerFactory$Customizer@7eb64bb8, org.springframework.boot.test.context.filter.ExcludeFilterContextCustomizer@540f9d1, org.springframework.boot.test.json.DuplicateJsonObjectContextCustomizerFactory$DuplicateJsonObjectContextCustomizer@71d524e2, org.springframework.boot.test.mock.mockito.MockitoContextCustomizer@0], contextLoader = 'org.springframework.test.context.support.DelegatingSmartContextLoader', parent = [null]]]
16:08:23.068 [Test worker] DEBUG org.springframework.test.context.cache - Spring test ApplicationContext cache statistics: [DefaultContextCache@7ea66510 size = 1, maxSize = 32, parentContextCount = 0, hitCount = 25, missCount = 1]
16:08:23.069 [Test worker] DEBUG org.springframework.test.context.support.AbstractDirtiesContextTestExecutionListener - Before test method: context [DefaultTestContext@7b7af63c testClass = UserDaoImplTest, testInstance = test.com.epam.esm.dao.impl.UserDaoImplTest@458d2fb5, testMethod = saveExistingTest@UserDaoImplTest, testException = [null], mergedContextConfiguration = [MergedContextConfiguration@5798eedb testClass = UserDaoImplTest, locations = '{}', classes = '{class test.com.epam.esm.configuration.DaoTestConfiguration}', contextInitializerClasses = '[]', activeProfiles = '{}', propertySourceLocations = '{}', propertySourceProperties = '{}', contextCustomizers = set[org.springframework.boot.test.autoconfigure.actuate.metrics.MetricsExportContextCustomizerFactory$DisableMetricExportContextCustomizer@141e3ca, org.springframework.boot.test.autoconfigure.properties.PropertyMappingContextCustomizer@0, org.springframework.boot.test.autoconfigure.web.servlet.WebDriverContextCustomizerFactory$Customizer@7eb64bb8, org.springframework.boot.test.context.filter.ExcludeFilterContextCustomizer@540f9d1, org.springframework.boot.test.json.DuplicateJsonObjectContextCustomizerFactory$DuplicateJsonObjectContextCustomizer@71d524e2, org.springframework.boot.test.mock.mockito.MockitoContextCustomizer@0], contextLoader = 'org.springframework.test.context.support.DelegatingSmartContextLoader', parent = [null]], attributes = map['org.springframework.test.context.event.ApplicationEventsTestExecutionListener.recordApplicationEvents' -> false]], class annotated with @DirtiesContext [false] with mode [null], method annotated with @DirtiesContext [false] with mode [null].
16:08:23.069 [Test worker] DEBUG org.springframework.test.context.transaction.TransactionalTestExecutionListener - Explicit transaction definition [PROPAGATION_REQUIRED,ISOLATION_DEFAULT] found for test context [DefaultTestContext@7b7af63c testClass = UserDaoImplTest, testInstance = test.com.epam.esm.dao.impl.UserDaoImplTest@458d2fb5, testMethod = saveExistingTest@UserDaoImplTest, testException = [null], mergedContextConfiguration = [MergedContextConfiguration@5798eedb testClass = UserDaoImplTest, locations = '{}', classes = '{class test.com.epam.esm.configuration.DaoTestConfiguration}', contextInitializerClasses = '[]', activeProfiles = '{}', propertySourceLocations = '{}', propertySourceProperties = '{}', contextCustomizers = set[org.springframework.boot.test.autoconfigure.actuate.metrics.MetricsExportContextCustomizerFactory$DisableMetricExportContextCustomizer@141e3ca, org.springframework.boot.test.autoconfigure.properties.PropertyMappingContextCustomizer@0, org.springframework.boot.test.autoconfigure.web.servlet.WebDriverContextCustomizerFactory$Customizer@7eb64bb8, org.springframework.boot.test.context.filter.ExcludeFilterContextCustomizer@540f9d1, org.springframework.boot.test.json.DuplicateJsonObjectContextCustomizerFactory$DuplicateJsonObjectContextCustomizer@71d524e2, org.springframework.boot.test.mock.mockito.MockitoContextCustomizer@0], contextLoader = 'org.springframework.test.context.support.DelegatingSmartContextLoader', parent = [null]], attributes = map['org.springframework.test.context.event.ApplicationEventsTestExecutionListener.recordApplicationEvents' -> false]]
16:08:23.069 [Test worker] DEBUG org.springframework.test.context.cache.DefaultCacheAwareContextLoaderDelegate - Retrieved ApplicationContext [980322656] from cache with key [[MergedContextConfiguration@5798eedb testClass = UserDaoImplTest, locations = '{}', classes = '{class test.com.epam.esm.configuration.DaoTestConfiguration}', contextInitializerClasses = '[]', activeProfiles = '{}', propertySourceLocations = '{}', propertySourceProperties = '{}', contextCustomizers = set[org.springframework.boot.test.autoconfigure.actuate.metrics.MetricsExportContextCustomizerFactory$DisableMetricExportContextCustomizer@141e3ca, org.springframework.boot.test.autoconfigure.properties.PropertyMappingContextCustomizer@0, org.springframework.boot.test.autoconfigure.web.servlet.WebDriverContextCustomizerFactory$Customizer@7eb64bb8, org.springframework.boot.test.context.filter.ExcludeFilterContextCustomizer@540f9d1, org.springframework.boot.test.json.DuplicateJsonObjectContextCustomizerFactory$DuplicateJsonObjectContextCustomizer@71d524e2, org.springframework.boot.test.mock.mockito.MockitoContextCustomizer@0], contextLoader = 'org.springframework.test.context.support.DelegatingSmartContextLoader', parent = [null]]]
16:08:23.069 [Test worker] DEBUG org.springframework.test.context.cache - Spring test ApplicationContext cache statistics: [DefaultContextCache@7ea66510 size = 1, maxSize = 32, parentContextCount = 0, hitCount = 26, missCount = 1]
16:08:23.070 [Test worker] DEBUG org.springframework.test.context.transaction.TransactionalTestExecutionListener - No method-level @Rollback override: using default rollback [true] for test context [DefaultTestContext@7b7af63c testClass = UserDaoImplTest, testInstance = test.com.epam.esm.dao.impl.UserDaoImplTest@458d2fb5, testMethod = saveExistingTest@UserDaoImplTest, testException = [null], mergedContextConfiguration = [MergedContextConfiguration@5798eedb testClass = UserDaoImplTest, locations = '{}', classes = '{class test.com.epam.esm.configuration.DaoTestConfiguration}', contextInitializerClasses = '[]', activeProfiles = '{}', propertySourceLocations = '{}', propertySourceProperties = '{}', contextCustomizers = set[org.springframework.boot.test.autoconfigure.actuate.metrics.MetricsExportContextCustomizerFactory$DisableMetricExportContextCustomizer@141e3ca, org.springframework.boot.test.autoconfigure.properties.PropertyMappingContextCustomizer@0, org.springframework.boot.test.autoconfigure.web.servlet.WebDriverContextCustomizerFactory$Customizer@7eb64bb8, org.springframework.boot.test.context.filter.ExcludeFilterContextCustomizer@540f9d1, org.springframework.boot.test.json.DuplicateJsonObjectContextCustomizerFactory$DuplicateJsonObjectContextCustomizer@71d524e2, org.springframework.boot.test.mock.mockito.MockitoContextCustomizer@0], contextLoader = 'org.springframework.test.context.support.DelegatingSmartContextLoader', parent = [null]], attributes = map['org.springframework.test.context.event.ApplicationEventsTestExecutionListener.recordApplicationEvents' -> false]].
16:08:23.070 [Test worker] DEBUG org.springframework.orm.jpa.JpaTransactionManager - Creating new transaction with name [test.com.epam.esm.dao.impl.UserDaoImplTest.saveExistingTest]: PROPAGATION_REQUIRED,ISOLATION_DEFAULT
16:08:23.070 [Test worker] DEBUG org.springframework.orm.jpa.JpaTransactionManager - Opened new EntityManager [SessionImpl(361763451<open>)] for JPA transaction
16:08:23.070 [Test worker] DEBUG org.hibernate.engine.transaction.internal.TransactionImpl - On TransactionImpl creation, JpaCompliance#isJpaTransactionComplianceEnabled == false
16:08:23.070 [Test worker] DEBUG org.hibernate.engine.transaction.internal.TransactionImpl - begin
16:08:23.070 [Test worker] DEBUG org.springframework.jdbc.datasource.DriverManagerDataSource - Creating new JDBC DriverManager Connection to [jdbc:h2:mem:second;DB_CLOSE_DELAY=-1]
16:08:23.071 [Test worker] DEBUG org.springframework.orm.jpa.JpaTransactionManager - Exposing JPA transaction as JDBC [org.springframework.orm.jpa.vendor.HibernateJpaDialect$HibernateConnectionHandle@5fcfb210]
16:08:23.071 [Test worker] INFO org.springframework.test.context.transaction.TransactionContext - Began transaction (1) for test context [DefaultTestContext@7b7af63c testClass = UserDaoImplTest, testInstance = test.com.epam.esm.dao.impl.UserDaoImplTest@458d2fb5, testMethod = saveExistingTest@UserDaoImplTest, testException = [null], mergedContextConfiguration = [MergedContextConfiguration@5798eedb testClass = UserDaoImplTest, locations = '{}', classes = '{class test.com.epam.esm.configuration.DaoTestConfiguration}', contextInitializerClasses = '[]', activeProfiles = '{}', propertySourceLocations = '{}', propertySourceProperties = '{}', contextCustomizers = set[org.springframework.boot.test.autoconfigure.actuate.metrics.MetricsExportContextCustomizerFactory$DisableMetricExportContextCustomizer@141e3ca, org.springframework.boot.test.autoconfigure.properties.PropertyMappingContextCustomizer@0, org.springframework.boot.test.autoconfigure.web.servlet.WebDriverContextCustomizerFactory$Customizer@7eb64bb8, org.springframework.boot.test.context.filter.ExcludeFilterContextCustomizer@540f9d1, org.springframework.boot.test.json.DuplicateJsonObjectContextCustomizerFactory$DuplicateJsonObjectContextCustomizer@71d524e2, org.springframework.boot.test.mock.mockito.MockitoContextCustomizer@0], contextLoader = 'org.springframework.test.context.support.DelegatingSmartContextLoader', parent = [null]], attributes = map['org.springframework.test.context.event.ApplicationEventsTestExecutionListener.recordApplicationEvents' -> false]]; transaction manager [org.springframework.orm.jpa.JpaTransactionManager@657a872d]; rollback [true]
16:08:23.071 [Test worker] DEBUG org.springframework.test.context.cache.DefaultCacheAwareContextLoaderDelegate - Retrieved ApplicationContext [980322656] from cache with key [[MergedContextConfiguration@5798eedb testClass = UserDaoImplTest, locations = '{}', classes = '{class test.com.epam.esm.configuration.DaoTestConfiguration}', contextInitializerClasses = '[]', activeProfiles = '{}', propertySourceLocations = '{}', propertySourceProperties = '{}', contextCustomizers = set[org.springframework.boot.test.autoconfigure.actuate.metrics.MetricsExportContextCustomizerFactory$DisableMetricExportContextCustomizer@141e3ca, org.springframework.boot.test.autoconfigure.properties.PropertyMappingContextCustomizer@0, org.springframework.boot.test.autoconfigure.web.servlet.WebDriverContextCustomizerFactory$Customizer@7eb64bb8, org.springframework.boot.test.context.filter.ExcludeFilterContextCustomizer@540f9d1, org.springframework.boot.test.json.DuplicateJsonObjectContextCustomizerFactory$DuplicateJsonObjectContextCustomizer@71d524e2, org.springframework.boot.test.mock.mockito.MockitoContextCustomizer@0], contextLoader = 'org.springframework.test.context.support.DelegatingSmartContextLoader', parent = [null]]]
16:08:23.071 [Test worker] DEBUG org.springframework.test.context.cache - Spring test ApplicationContext cache statistics: [DefaultContextCache@7ea66510 size = 1, maxSize = 32, parentContextCount = 0, hitCount = 27, missCount = 1]
16:08:23.072 [Test worker] DEBUG org.springframework.test.context.cache.DefaultCacheAwareContextLoaderDelegate - Retrieved ApplicationContext [980322656] from cache with key [[MergedContextConfiguration@5798eedb testClass = UserDaoImplTest, locations = '{}', classes = '{class test.com.epam.esm.configuration.DaoTestConfiguration}', contextInitializerClasses = '[]', activeProfiles = '{}', propertySourceLocations = '{}', propertySourceProperties = '{}', contextCustomizers = set[org.springframework.boot.test.autoconfigure.actuate.metrics.MetricsExportContextCustomizerFactory$DisableMetricExportContextCustomizer@141e3ca, org.springframework.boot.test.autoconfigure.properties.PropertyMappingContextCustomizer@0, org.springframework.boot.test.autoconfigure.web.servlet.WebDriverContextCustomizerFactory$Customizer@7eb64bb8, org.springframework.boot.test.context.filter.ExcludeFilterContextCustomizer@540f9d1, org.springframework.boot.test.json.DuplicateJsonObjectContextCustomizerFactory$DuplicateJsonObjectContextCustomizer@71d524e2, org.springframework.boot.test.mock.mockito.MockitoContextCustomizer@0], contextLoader = 'org.springframework.test.context.support.DelegatingSmartContextLoader', parent = [null]]]
16:08:23.072 [Test worker] DEBUG org.springframework.test.context.cache - Spring test ApplicationContext cache statistics: [DefaultContextCache@7ea66510 size = 1, maxSize = 32, parentContextCount = 0, hitCount = 28, missCount = 1]
16:08:23.072 [Test worker] DEBUG org.springframework.test.context.cache.DefaultCacheAwareContextLoaderDelegate - Retrieved ApplicationContext [980322656] from cache with key [[MergedContextConfiguration@5798eedb testClass = UserDaoImplTest, locations = '{}', classes = '{class test.com.epam.esm.configuration.DaoTestConfiguration}', contextInitializerClasses = '[]', activeProfiles = '{}', propertySourceLocations = '{}', propertySourceProperties = '{}', contextCustomizers = set[org.springframework.boot.test.autoconfigure.actuate.metrics.MetricsExportContextCustomizerFactory$DisableMetricExportContextCustomizer@141e3ca, org.springframework.boot.test.autoconfigure.properties.PropertyMappingContextCustomizer@0, org.springframework.boot.test.autoconfigure.web.servlet.WebDriverContextCustomizerFactory$Customizer@7eb64bb8, org.springframework.boot.test.context.filter.ExcludeFilterContextCustomizer@540f9d1, org.springframework.boot.test.json.DuplicateJsonObjectContextCustomizerFactory$DuplicateJsonObjectContextCustomizer@71d524e2, org.springframework.boot.test.mock.mockito.MockitoContextCustomizer@0], contextLoader = 'org.springframework.test.context.support.DelegatingSmartContextLoader', parent = [null]]]
16:08:23.075 [Test worker] DEBUG org.springframework.test.context.cache - Spring test ApplicationContext cache statistics: [DefaultContextCache@7ea66510 size = 1, maxSize = 32, parentContextCount = 0, hitCount = 29, missCount = 1]
16:08:23.076 [Test worker] DEBUG org.springframework.orm.jpa.JpaTransactionManager - Found thread-bound EntityManager [SessionImpl(361763451<open>)] for JPA transaction
16:08:23.076 [Test worker] DEBUG org.springframework.orm.jpa.JpaTransactionManager - Participating in existing transaction
16:08:23.076 [Test worker] DEBUG org.hibernate.engine.spi.ActionQueue - Executing identity-insert immediately
16:08:23.076 [Test worker] DEBUG org.hibernate.SQL - insert into User (id, username) values (null, ?)
Hibernate: insert into User (id, username) values (null, ?)
16:08:23.077 [Test worker] DEBUG org.hibernate.id.IdentifierGeneratorHelper - Natively generated identity: 3
16:08:23.077 [Test worker] DEBUG org.hibernate.resource.jdbc.internal.ResourceRegistryStandardImpl - HHH000387: ResultSet's statement was not registered
16:08:23.077 [Test worker] DEBUG org.hibernate.event.internal.AbstractFlushingEventListener - Processing flush-time cascades
16:08:23.077 [Test worker] DEBUG org.hibernate.event.internal.AbstractFlushingEventListener - Dirty checking collections
16:08:23.078 [Test worker] DEBUG org.hibernate.event.internal.AbstractFlushingEventListener - Flushed: 0 insertions, 0 updates, 0 deletions to 1 objects
16:08:23.078 [Test worker] DEBUG org.hibernate.event.internal.AbstractFlushingEventListener - Flushed: 0 (re)creations, 0 updates, 0 removals to 0 collections
16:08:23.078 [Test worker] DEBUG org.hibernate.internal.util.EntityPrinter - Listing entities:
16:08:23.078 [Test worker] DEBUG org.hibernate.internal.util.EntityPrinter - com.epam.esm.model.entity.User{certificates=null, id=3, username=TEST1}
16:08:23.078 [Test worker] DEBUG org.springframework.orm.jpa.JpaTransactionManager - Found thread-bound EntityManager [SessionImpl(361763451<open>)] for JPA transaction
16:08:23.078 [Test worker] DEBUG org.springframework.orm.jpa.JpaTransactionManager - Participating in existing transaction
16:08:23.082 [Test worker] DEBUG org.hibernate.SQL - select user0_.id as id1_3_0_, user0_.username as username2_3_0_, certificat1_.User_id as user_id1_4_1_, certificat2_.id as certific2_4_1_, certificat2_.id as id1_0_2_, certificat2_.createDate as createda2_0_2_, certificat2_.description as descript3_0_2_, certificat2_.duration as duration4_0_2_, certificat2_.lastUpdateDate as lastupda5_0_2_, certificat2_.name as name6_0_2_, certificat2_.price as price7_0_2_ from User user0_ left outer join User_Certificate certificat1_ on user0_.id=certificat1_.User_id left outer join Certificate certificat2_ on certificat1_.certificates_id=certificat2_.id where user0_.id=?
Hibernate: select user0_.id as id1_3_0_, user0_.username as username2_3_0_, certificat1_.User_id as user_id1_4_1_, certificat2_.id as certific2_4_1_, certificat2_.id as id1_0_2_, certificat2_.createDate as createda2_0_2_, certificat2_.description as descript3_0_2_, certificat2_.duration as duration4_0_2_, certificat2_.lastUpdateDate as lastupda5_0_2_, certificat2_.name as name6_0_2_, certificat2_.price as price7_0_2_ from User user0_ left outer join User_Certificate certificat1_ on user0_.id=certificat1_.User_id left outer join Certificate certificat2_ on certificat1_.certificates_id=certificat2_.id where user0_.id=?
16:08:23.083 [Test worker] DEBUG org.hibernate.loader.plan.exec.process.internal.EntityReferenceInitializerImpl - On call to EntityIdentifierReaderImpl#resolve, EntityKey was already known; should only happen on root returns with an optional identifier specified
16:08:23.084 [Test worker] DEBUG org.hibernate.loader.plan.exec.process.internal.CollectionReferenceInitializerImpl - Result set contains (possibly empty) collection: [com.epam.esm.model.entity.User.certificates#3]
16:08:23.084 [Test worker] DEBUG org.hibernate.engine.internal.TwoPhaseLoad - Resolving attributes for [com.epam.esm.model.entity.User#3]
16:08:23.084 [Test worker] DEBUG org.hibernate.engine.internal.TwoPhaseLoad - Processing attribute `certificates` : value = NOT NULL COLLECTION
16:08:23.084 [Test worker] DEBUG org.hibernate.engine.internal.TwoPhaseLoad - Attribute (`certificates`)  - enhanced for lazy-loading? - false
16:08:23.084 [Test worker] DEBUG org.hibernate.engine.internal.TwoPhaseLoad - Processing attribute `username` : value = TEST1
16:08:23.084 [Test worker] DEBUG org.hibernate.engine.internal.TwoPhaseLoad - Attribute (`username`)  - enhanced for lazy-loading? - false
16:08:23.084 [Test worker] DEBUG org.hibernate.engine.internal.TwoPhaseLoad - Done materializing entity [com.epam.esm.model.entity.User#3]
16:08:23.085 [Test worker] DEBUG org.hibernate.engine.loading.internal.CollectionLoadContext - 1 collections were found in result set for role: com.epam.esm.model.entity.User.certificates
16:08:23.085 [Test worker] DEBUG org.hibernate.engine.loading.internal.CollectionLoadContext - Collection fully initialized: [com.epam.esm.model.entity.User.certificates#3]
16:08:23.085 [Test worker] DEBUG org.hibernate.engine.loading.internal.CollectionLoadContext - 1 collections initialized for role: com.epam.esm.model.entity.User.certificates
16:08:23.085 [Test worker] DEBUG org.hibernate.loader.entity.plan.AbstractLoadPlanBasedEntityLoader - Done entity load : com.epam.esm.model.entity.User#3
16:08:23.085 [Test worker] DEBUG org.hibernate.event.internal.EvictVisitor - Evicting collection: [com.epam.esm.model.entity.User.certificates#3]
16:08:23.086 [Test worker] DEBUG org.hibernate.event.internal.EntityCopyObserverFactoryInitiator - Configured EntityCopyObserver strategy: disallow
16:08:23.093 [Test worker] DEBUG org.hibernate.loader.Loader - Static select for action ACTION_MERGE on entity com.epam.esm.model.entity.User: select user0_.id as id1_3_0_, user0_.username as username2_3_0_ from User user0_ where user0_.id=?
16:08:23.093 [Test worker] DEBUG org.hibernate.loader.Loader - Loading entity: [com.epam.esm.model.entity.User#3]
16:08:23.093 [Test worker] DEBUG org.hibernate.SQL - select user0_.id as id1_3_0_, user0_.username as username2_3_0_ from User user0_ where user0_.id=?
Hibernate: select user0_.id as id1_3_0_, user0_.username as username2_3_0_ from User user0_ where user0_.id=?
16:08:23.094 [Test worker] DEBUG org.hibernate.loader.Loader - Result set row: 0
16:08:23.094 [Test worker] DEBUG org.hibernate.loader.Loader - Result row: EntityKey[com.epam.esm.model.entity.User#3]
16:08:23.094 [Test worker] DEBUG org.hibernate.engine.internal.TwoPhaseLoad - Resolving attributes for [com.epam.esm.model.entity.User#3]
16:08:23.094 [Test worker] DEBUG org.hibernate.engine.internal.TwoPhaseLoad - Processing attribute `certificates` : value = NOT NULL COLLECTION
16:08:23.094 [Test worker] DEBUG org.hibernate.engine.internal.TwoPhaseLoad - Attribute (`certificates`)  - enhanced for lazy-loading? - false
16:08:23.094 [Test worker] DEBUG org.hibernate.engine.internal.TwoPhaseLoad - Processing attribute `username` : value = TEST1
16:08:23.094 [Test worker] DEBUG org.hibernate.engine.internal.TwoPhaseLoad - Attribute (`username`)  - enhanced for lazy-loading? - false
16:08:23.094 [Test worker] DEBUG org.hibernate.engine.internal.TwoPhaseLoad - Done materializing entity [com.epam.esm.model.entity.User#3]
16:08:23.095 [Test worker] DEBUG org.hibernate.loader.collection.plan.AbstractLoadPlanBasedCollectionInitializer - Loading collection: [com.epam.esm.model.entity.User.certificates#3]
16:08:23.095 [Test worker] DEBUG org.hibernate.SQL - select certificat0_.User_id as user_id1_4_0_, certificat0_.certificates_id as certific2_4_0_, certificat1_.id as id1_0_1_, certificat1_.createDate as createda2_0_1_, certificat1_.description as descript3_0_1_, certificat1_.duration as duration4_0_1_, certificat1_.lastUpdateDate as lastupda5_0_1_, certificat1_.name as name6_0_1_, certificat1_.price as price7_0_1_ from User_Certificate certificat0_ inner join Certificate certificat1_ on certificat0_.certificates_id=certificat1_.id where certificat0_.User_id=?
Hibernate: select certificat0_.User_id as user_id1_4_0_, certificat0_.certificates_id as certific2_4_0_, certificat1_.id as id1_0_1_, certificat1_.createDate as createda2_0_1_, certificat1_.description as descript3_0_1_, certificat1_.duration as duration4_0_1_, certificat1_.lastUpdateDate as lastupda5_0_1_, certificat1_.name as name6_0_1_, certificat1_.price as price7_0_1_ from User_Certificate certificat0_ inner join Certificate certificat1_ on certificat0_.certificates_id=certificat1_.id where certificat0_.User_id=?
16:08:23.095 [Test worker] DEBUG org.hibernate.loader.plan.exec.process.internal.ResultSetProcessorImpl - Preparing collection initializer : [com.epam.esm.model.entity.User.certificates#3]
16:08:23.095 [Test worker] DEBUG org.hibernate.engine.loading.internal.CollectionLoadContext - 1 collections were found in result set for role: com.epam.esm.model.entity.User.certificates
16:08:23.095 [Test worker] DEBUG org.hibernate.engine.loading.internal.CollectionLoadContext - Collection fully initialized: [com.epam.esm.model.entity.User.certificates#3]
16:08:23.096 [Test worker] DEBUG org.hibernate.engine.loading.internal.CollectionLoadContext - 1 collections initialized for role: com.epam.esm.model.entity.User.certificates
16:08:23.096 [Test worker] DEBUG org.hibernate.loader.collection.plan.AbstractLoadPlanBasedCollectionInitializer - Done loading collection
16:08:23.096 [Test worker] DEBUG org.hibernate.loader.Loader - Done entity load
16:08:23.097 [Test worker] DEBUG org.hibernate.event.internal.AbstractFlushingEventListener - Processing flush-time cascades
16:08:23.097 [Test worker] DEBUG org.hibernate.event.internal.AbstractFlushingEventListener - Dirty checking collections
16:08:23.099 [Test worker] DEBUG org.hibernate.engine.internal.Collections - Collection dereferenced: [com.epam.esm.model.entity.User.certificates#3]
16:08:23.100 [Test worker] DEBUG org.hibernate.event.internal.AbstractFlushingEventListener - Flushed: 0 insertions, 1 updates, 0 deletions to 1 objects
16:08:23.100 [Test worker] DEBUG org.hibernate.event.internal.AbstractFlushingEventListener - Flushed: 0 (re)creations, 0 updates, 1 removals to 1 collections
16:08:23.100 [Test worker] DEBUG org.hibernate.internal.util.EntityPrinter - Listing entities:
16:08:23.100 [Test worker] DEBUG org.hibernate.internal.util.EntityPrinter - com.epam.esm.model.entity.User{certificates=null, id=3, username=NEWNAME}
16:08:23.100 [Test worker] DEBUG org.hibernate.engine.spi.ActionQueue - Changes must be flushed to space: User
16:08:23.102 [Test worker] DEBUG org.hibernate.SQL - update User set username=? where id=?
Hibernate: update User set username=? where id=?
16:08:23.106 [Test worker] DEBUG org.hibernate.SQL - select user0_.id as id1_3_, user0_.username as username2_3_ from User user0_ where user0_.username=?
Hibernate: select user0_.id as id1_3_, user0_.username as username2_3_ from User user0_ where user0_.username=?
16:08:23.107 [Test worker] DEBUG org.hibernate.stat.internal.StatisticsImpl - HHH000117: HQL: SELECT user FROM User user WHERE user.username = ?1, time: 0ms, rows: 0
16:08:23.107 [Test worker] DEBUG org.hibernate.event.internal.AbstractFlushingEventListener - Processing flush-time cascades
16:08:23.107 [Test worker] DEBUG org.hibernate.event.internal.AbstractFlushingEventListener - Dirty checking collections
16:08:23.108 [Test worker] DEBUG org.hibernate.event.internal.AbstractFlushingEventListener - Flushed: 0 insertions, 0 updates, 0 deletions to 1 objects
16:08:23.108 [Test worker] DEBUG org.hibernate.event.internal.AbstractFlushingEventListener - Flushed: 0 (re)creations, 0 updates, 0 removals to 0 collections
16:08:23.108 [Test worker] DEBUG org.hibernate.internal.util.EntityPrinter - Listing entities:
16:08:23.108 [Test worker] DEBUG org.hibernate.internal.util.EntityPrinter - com.epam.esm.model.entity.User{certificates=null, id=3, username=NEWNAME}
16:08:23.108 [Test worker] DEBUG org.hibernate.SQL - select user0_.id as id1_3_, user0_.username as username2_3_ from User user0_ where user0_.username=?
Hibernate: select user0_.id as id1_3_, user0_.username as username2_3_ from User user0_ where user0_.username=?
16:08:23.108 [Test worker] DEBUG org.hibernate.loader.Loader - Result set row: 0
16:08:23.108 [Test worker] DEBUG org.hibernate.loader.Loader - Result row: EntityKey[com.epam.esm.model.entity.User#3]
16:08:23.108 [Test worker] DEBUG org.hibernate.stat.internal.StatisticsImpl - HHH000117: HQL: SELECT user FROM User user WHERE user.username = ?1, time: 0ms, rows: 1
16:08:23.109 [Test worker] DEBUG org.springframework.test.context.cache.DefaultCacheAwareContextLoaderDelegate - Retrieved ApplicationContext [980322656] from cache with key [[MergedContextConfiguration@5798eedb testClass = UserDaoImplTest, locations = '{}', classes = '{class test.com.epam.esm.configuration.DaoTestConfiguration}', contextInitializerClasses = '[]', activeProfiles = '{}', propertySourceLocations = '{}', propertySourceProperties = '{}', contextCustomizers = set[org.springframework.boot.test.autoconfigure.actuate.metrics.MetricsExportContextCustomizerFactory$DisableMetricExportContextCustomizer@141e3ca, org.springframework.boot.test.autoconfigure.properties.PropertyMappingContextCustomizer@0, org.springframework.boot.test.autoconfigure.web.servlet.WebDriverContextCustomizerFactory$Customizer@7eb64bb8, org.springframework.boot.test.context.filter.ExcludeFilterContextCustomizer@540f9d1, org.springframework.boot.test.json.DuplicateJsonObjectContextCustomizerFactory$DuplicateJsonObjectContextCustomizer@71d524e2, org.springframework.boot.test.mock.mockito.MockitoContextCustomizer@0], contextLoader = 'org.springframework.test.context.support.DelegatingSmartContextLoader', parent = [null]]]
16:08:23.109 [Test worker] DEBUG org.springframework.test.context.cache - Spring test ApplicationContext cache statistics: [DefaultContextCache@7ea66510 size = 1, maxSize = 32, parentContextCount = 0, hitCount = 30, missCount = 1]
16:08:23.109 [Test worker] DEBUG org.springframework.test.context.cache.DefaultCacheAwareContextLoaderDelegate - Retrieved ApplicationContext [980322656] from cache with key [[MergedContextConfiguration@5798eedb testClass = UserDaoImplTest, locations = '{}', classes = '{class test.com.epam.esm.configuration.DaoTestConfiguration}', contextInitializerClasses = '[]', activeProfiles = '{}', propertySourceLocations = '{}', propertySourceProperties = '{}', contextCustomizers = set[org.springframework.boot.test.autoconfigure.actuate.metrics.MetricsExportContextCustomizerFactory$DisableMetricExportContextCustomizer@141e3ca, org.springframework.boot.test.autoconfigure.properties.PropertyMappingContextCustomizer@0, org.springframework.boot.test.autoconfigure.web.servlet.WebDriverContextCustomizerFactory$Customizer@7eb64bb8, org.springframework.boot.test.context.filter.ExcludeFilterContextCustomizer@540f9d1, org.springframework.boot.test.json.DuplicateJsonObjectContextCustomizerFactory$DuplicateJsonObjectContextCustomizer@71d524e2, org.springframework.boot.test.mock.mockito.MockitoContextCustomizer@0], contextLoader = 'org.springframework.test.context.support.DelegatingSmartContextLoader', parent = [null]]]
16:08:23.109 [Test worker] DEBUG org.springframework.test.context.cache - Spring test ApplicationContext cache statistics: [DefaultContextCache@7ea66510 size = 1, maxSize = 32, parentContextCount = 0, hitCount = 31, missCount = 1]
16:08:23.110 [Test worker] DEBUG org.springframework.test.context.cache.DefaultCacheAwareContextLoaderDelegate - Retrieved ApplicationContext [980322656] from cache with key [[MergedContextConfiguration@5798eedb testClass = UserDaoImplTest, locations = '{}', classes = '{class test.com.epam.esm.configuration.DaoTestConfiguration}', contextInitializerClasses = '[]', activeProfiles = '{}', propertySourceLocations = '{}', propertySourceProperties = '{}', contextCustomizers = set[org.springframework.boot.test.autoconfigure.actuate.metrics.MetricsExportContextCustomizerFactory$DisableMetricExportContextCustomizer@141e3ca, org.springframework.boot.test.autoconfigure.properties.PropertyMappingContextCustomizer@0, org.springframework.boot.test.autoconfigure.web.servlet.WebDriverContextCustomizerFactory$Customizer@7eb64bb8, org.springframework.boot.test.context.filter.ExcludeFilterContextCustomizer@540f9d1, org.springframework.boot.test.json.DuplicateJsonObjectContextCustomizerFactory$DuplicateJsonObjectContextCustomizer@71d524e2, org.springframework.boot.test.mock.mockito.MockitoContextCustomizer@0], contextLoader = 'org.springframework.test.context.support.DelegatingSmartContextLoader', parent = [null]]]
16:08:23.110 [Test worker] DEBUG org.springframework.test.context.cache - Spring test ApplicationContext cache statistics: [DefaultContextCache@7ea66510 size = 1, maxSize = 32, parentContextCount = 0, hitCount = 32, missCount = 1]
16:08:23.110 [Test worker] DEBUG org.springframework.test.context.cache.DefaultCacheAwareContextLoaderDelegate - Retrieved ApplicationContext [980322656] from cache with key [[MergedContextConfiguration@5798eedb testClass = UserDaoImplTest, locations = '{}', classes = '{class test.com.epam.esm.configuration.DaoTestConfiguration}', contextInitializerClasses = '[]', activeProfiles = '{}', propertySourceLocations = '{}', propertySourceProperties = '{}', contextCustomizers = set[org.springframework.boot.test.autoconfigure.actuate.metrics.MetricsExportContextCustomizerFactory$DisableMetricExportContextCustomizer@141e3ca, org.springframework.boot.test.autoconfigure.properties.PropertyMappingContextCustomizer@0, org.springframework.boot.test.autoconfigure.web.servlet.WebDriverContextCustomizerFactory$Customizer@7eb64bb8, org.springframework.boot.test.context.filter.ExcludeFilterContextCustomizer@540f9d1, org.springframework.boot.test.json.DuplicateJsonObjectContextCustomizerFactory$DuplicateJsonObjectContextCustomizer@71d524e2, org.springframework.boot.test.mock.mockito.MockitoContextCustomizer@0], contextLoader = 'org.springframework.test.context.support.DelegatingSmartContextLoader', parent = [null]]]
16:08:23.110 [Test worker] DEBUG org.springframework.test.context.cache - Spring test ApplicationContext cache statistics: [DefaultContextCache@7ea66510 size = 1, maxSize = 32, parentContextCount = 0, hitCount = 33, missCount = 1]
16:08:23.110 [Test worker] DEBUG org.springframework.test.context.cache.DefaultCacheAwareContextLoaderDelegate - Retrieved ApplicationContext [980322656] from cache with key [[MergedContextConfiguration@5798eedb testClass = UserDaoImplTest, locations = '{}', classes = '{class test.com.epam.esm.configuration.DaoTestConfiguration}', contextInitializerClasses = '[]', activeProfiles = '{}', propertySourceLocations = '{}', propertySourceProperties = '{}', contextCustomizers = set[org.springframework.boot.test.autoconfigure.actuate.metrics.MetricsExportContextCustomizerFactory$DisableMetricExportContextCustomizer@141e3ca, org.springframework.boot.test.autoconfigure.properties.PropertyMappingContextCustomizer@0, org.springframework.boot.test.autoconfigure.web.servlet.WebDriverContextCustomizerFactory$Customizer@7eb64bb8, org.springframework.boot.test.context.filter.ExcludeFilterContextCustomizer@540f9d1, org.springframework.boot.test.json.DuplicateJsonObjectContextCustomizerFactory$DuplicateJsonObjectContextCustomizer@71d524e2, org.springframework.boot.test.mock.mockito.MockitoContextCustomizer@0], contextLoader = 'org.springframework.test.context.support.DelegatingSmartContextLoader', parent = [null]]]
16:08:23.110 [Test worker] DEBUG org.springframework.test.context.cache - Spring test ApplicationContext cache statistics: [DefaultContextCache@7ea66510 size = 1, maxSize = 32, parentContextCount = 0, hitCount = 34, missCount = 1]
16:08:23.111 [Test worker] DEBUG org.springframework.test.context.cache.DefaultCacheAwareContextLoaderDelegate - Retrieved ApplicationContext [980322656] from cache with key [[MergedContextConfiguration@5798eedb testClass = UserDaoImplTest, locations = '{}', classes = '{class test.com.epam.esm.configuration.DaoTestConfiguration}', contextInitializerClasses = '[]', activeProfiles = '{}', propertySourceLocations = '{}', propertySourceProperties = '{}', contextCustomizers = set[org.springframework.boot.test.autoconfigure.actuate.metrics.MetricsExportContextCustomizerFactory$DisableMetricExportContextCustomizer@141e3ca, org.springframework.boot.test.autoconfigure.properties.PropertyMappingContextCustomizer@0, org.springframework.boot.test.autoconfigure.web.servlet.WebDriverContextCustomizerFactory$Customizer@7eb64bb8, org.springframework.boot.test.context.filter.ExcludeFilterContextCustomizer@540f9d1, org.springframework.boot.test.json.DuplicateJsonObjectContextCustomizerFactory$DuplicateJsonObjectContextCustomizer@71d524e2, org.springframework.boot.test.mock.mockito.MockitoContextCustomizer@0], contextLoader = 'org.springframework.test.context.support.DelegatingSmartContextLoader', parent = [null]]]
16:08:23.111 [Test worker] DEBUG org.springframework.test.context.cache - Spring test ApplicationContext cache statistics: [DefaultContextCache@7ea66510 size = 1, maxSize = 32, parentContextCount = 0, hitCount = 35, missCount = 1]
16:08:23.111 [Test worker] DEBUG org.springframework.orm.jpa.JpaTransactionManager - Initiating transaction rollback
16:08:23.111 [Test worker] DEBUG org.springframework.orm.jpa.JpaTransactionManager - Rolling back JPA transaction on EntityManager [SessionImpl(361763451<open>)]
16:08:23.111 [Test worker] DEBUG org.hibernate.engine.transaction.internal.TransactionImpl - rolling back
16:08:23.112 [Test worker] DEBUG org.springframework.orm.jpa.JpaTransactionManager - Closing JPA EntityManager [SessionImpl(361763451<open>)] after transaction
16:08:23.112 [Test worker] INFO org.hibernate.engine.internal.StatisticalLoggingSessionEventListener - Session Metrics {
    446850 nanoseconds spent acquiring 1 JDBC connections;
    0 nanoseconds spent releasing 0 JDBC connections;
    2303875 nanoseconds spent preparing 7 JDBC statements;
    2039865 nanoseconds spent executing 7 JDBC statements;
    0 nanoseconds spent executing 0 JDBC batches;
    0 nanoseconds spent performing 0 L2C puts;
    0 nanoseconds spent performing 0 L2C hits;
    0 nanoseconds spent performing 0 L2C misses;
    425809 nanoseconds spent executing 1 flushes (flushing a total of 1 entities and 0 collections);
    9950164 nanoseconds spent executing 2 partial-flushes (flushing a total of 2 entities and 2 collections)
}
16:08:23.112 [Test worker] INFO org.springframework.test.context.transaction.TransactionContext - Rolled back transaction for test: [DefaultTestContext@7b7af63c testClass = UserDaoImplTest, testInstance = test.com.epam.esm.dao.impl.UserDaoImplTest@458d2fb5, testMethod = saveExistingTest@UserDaoImplTest, testException = [null], mergedContextConfiguration = [MergedContextConfiguration@5798eedb testClass = UserDaoImplTest, locations = '{}', classes = '{class test.com.epam.esm.configuration.DaoTestConfiguration}', contextInitializerClasses = '[]', activeProfiles = '{}', propertySourceLocations = '{}', propertySourceProperties = '{}', contextCustomizers = set[org.springframework.boot.test.autoconfigure.actuate.metrics.MetricsExportContextCustomizerFactory$DisableMetricExportContextCustomizer@141e3ca, org.springframework.boot.test.autoconfigure.properties.PropertyMappingContextCustomizer@0, org.springframework.boot.test.autoconfigure.web.servlet.WebDriverContextCustomizerFactory$Customizer@7eb64bb8, org.springframework.boot.test.context.filter.ExcludeFilterContextCustomizer@540f9d1, org.springframework.boot.test.json.DuplicateJsonObjectContextCustomizerFactory$DuplicateJsonObjectContextCustomizer@71d524e2, org.springframework.boot.test.mock.mockito.MockitoContextCustomizer@0], contextLoader = 'org.springframework.test.context.support.DelegatingSmartContextLoader', parent = [null]], attributes = map['org.springframework.test.context.event.ApplicationEventsTestExecutionListener.recordApplicationEvents' -> false]]
16:08:23.113 [Test worker] DEBUG org.springframework.test.context.support.AbstractDirtiesContextTestExecutionListener - After test method: context [DefaultTestContext@7b7af63c testClass = UserDaoImplTest, testInstance = test.com.epam.esm.dao.impl.UserDaoImplTest@458d2fb5, testMethod = saveExistingTest@UserDaoImplTest, testException = [null], mergedContextConfiguration = [MergedContextConfiguration@5798eedb testClass = UserDaoImplTest, locations = '{}', classes = '{class test.com.epam.esm.configuration.DaoTestConfiguration}', contextInitializerClasses = '[]', activeProfiles = '{}', propertySourceLocations = '{}', propertySourceProperties = '{}', contextCustomizers = set[org.springframework.boot.test.autoconfigure.actuate.metrics.MetricsExportContextCustomizerFactory$DisableMetricExportContextCustomizer@141e3ca, org.springframework.boot.test.autoconfigure.properties.PropertyMappingContextCustomizer@0, org.springframework.boot.test.autoconfigure.web.servlet.WebDriverContextCustomizerFactory$Customizer@7eb64bb8, org.springframework.boot.test.context.filter.ExcludeFilterContextCustomizer@540f9d1, org.springframework.boot.test.json.DuplicateJsonObjectContextCustomizerFactory$DuplicateJsonObjectContextCustomizer@71d524e2, org.springframework.boot.test.mock.mockito.MockitoContextCustomizer@0], contextLoader = 'org.springframework.test.context.support.DelegatingSmartContextLoader', parent = [null]], attributes = map['org.springframework.test.context.event.ApplicationEventsTestExecutionListener.recordApplicationEvents' -> false]], class annotated with @DirtiesContext [false] with mode [null], method annotated with @DirtiesContext [false] with mode [null].
16:08:23.114 [Test worker] DEBUG org.springframework.test.context.support.DependencyInjectionTestExecutionListener - Performing dependency injection for test context [[DefaultTestContext@7b7af63c testClass = UserDaoImplTest, testInstance = test.com.epam.esm.dao.impl.UserDaoImplTest@57a53b07, testMethod = [null], testException = [null], mergedContextConfiguration = [MergedContextConfiguration@5798eedb testClass = UserDaoImplTest, locations = '{}', classes = '{class test.com.epam.esm.configuration.DaoTestConfiguration}', contextInitializerClasses = '[]', activeProfiles = '{}', propertySourceLocations = '{}', propertySourceProperties = '{}', contextCustomizers = set[org.springframework.boot.test.autoconfigure.actuate.metrics.MetricsExportContextCustomizerFactory$DisableMetricExportContextCustomizer@141e3ca, org.springframework.boot.test.autoconfigure.properties.PropertyMappingContextCustomizer@0, org.springframework.boot.test.autoconfigure.web.servlet.WebDriverContextCustomizerFactory$Customizer@7eb64bb8, org.springframework.boot.test.context.filter.ExcludeFilterContextCustomizer@540f9d1, org.springframework.boot.test.json.DuplicateJsonObjectContextCustomizerFactory$DuplicateJsonObjectContextCustomizer@71d524e2, org.springframework.boot.test.mock.mockito.MockitoContextCustomizer@0], contextLoader = 'org.springframework.test.context.support.DelegatingSmartContextLoader', parent = [null]], attributes = map['org.springframework.test.context.event.ApplicationEventsTestExecutionListener.recordApplicationEvents' -> false]]].
16:08:23.114 [Test worker] DEBUG org.springframework.test.context.cache.DefaultCacheAwareContextLoaderDelegate - Retrieved ApplicationContext [980322656] from cache with key [[MergedContextConfiguration@5798eedb testClass = UserDaoImplTest, locations = '{}', classes = '{class test.com.epam.esm.configuration.DaoTestConfiguration}', contextInitializerClasses = '[]', activeProfiles = '{}', propertySourceLocations = '{}', propertySourceProperties = '{}', contextCustomizers = set[org.springframework.boot.test.autoconfigure.actuate.metrics.MetricsExportContextCustomizerFactory$DisableMetricExportContextCustomizer@141e3ca, org.springframework.boot.test.autoconfigure.properties.PropertyMappingContextCustomizer@0, org.springframework.boot.test.autoconfigure.web.servlet.WebDriverContextCustomizerFactory$Customizer@7eb64bb8, org.springframework.boot.test.context.filter.ExcludeFilterContextCustomizer@540f9d1, org.springframework.boot.test.json.DuplicateJsonObjectContextCustomizerFactory$DuplicateJsonObjectContextCustomizer@71d524e2, org.springframework.boot.test.mock.mockito.MockitoContextCustomizer@0], contextLoader = 'org.springframework.test.context.support.DelegatingSmartContextLoader', parent = [null]]]
16:08:23.114 [Test worker] DEBUG org.springframework.test.context.cache - Spring test ApplicationContext cache statistics: [DefaultContextCache@7ea66510 size = 1, maxSize = 32, parentContextCount = 0, hitCount = 36, missCount = 1]
16:08:23.114 [Test worker] DEBUG org.springframework.test.context.cache.DefaultCacheAwareContextLoaderDelegate - Retrieved ApplicationContext [980322656] from cache with key [[MergedContextConfiguration@5798eedb testClass = UserDaoImplTest, locations = '{}', classes = '{class test.com.epam.esm.configuration.DaoTestConfiguration}', contextInitializerClasses = '[]', activeProfiles = '{}', propertySourceLocations = '{}', propertySourceProperties = '{}', contextCustomizers = set[org.springframework.boot.test.autoconfigure.actuate.metrics.MetricsExportContextCustomizerFactory$DisableMetricExportContextCustomizer@141e3ca, org.springframework.boot.test.autoconfigure.properties.PropertyMappingContextCustomizer@0, org.springframework.boot.test.autoconfigure.web.servlet.WebDriverContextCustomizerFactory$Customizer@7eb64bb8, org.springframework.boot.test.context.filter.ExcludeFilterContextCustomizer@540f9d1, org.springframework.boot.test.json.DuplicateJsonObjectContextCustomizerFactory$DuplicateJsonObjectContextCustomizer@71d524e2, org.springframework.boot.test.mock.mockito.MockitoContextCustomizer@0], contextLoader = 'org.springframework.test.context.support.DelegatingSmartContextLoader', parent = [null]]]
16:08:23.114 [Test worker] DEBUG org.springframework.test.context.cache - Spring test ApplicationContext cache statistics: [DefaultContextCache@7ea66510 size = 1, maxSize = 32, parentContextCount = 0, hitCount = 37, missCount = 1]
16:08:23.115 [Test worker] DEBUG org.springframework.test.context.support.AbstractDirtiesContextTestExecutionListener - Before test method: context [DefaultTestContext@7b7af63c testClass = UserDaoImplTest, testInstance = test.com.epam.esm.dao.impl.UserDaoImplTest@57a53b07, testMethod = findByIdTest@UserDaoImplTest, testException = [null], mergedContextConfiguration = [MergedContextConfiguration@5798eedb testClass = UserDaoImplTest, locations = '{}', classes = '{class test.com.epam.esm.configuration.DaoTestConfiguration}', contextInitializerClasses = '[]', activeProfiles = '{}', propertySourceLocations = '{}', propertySourceProperties = '{}', contextCustomizers = set[org.springframework.boot.test.autoconfigure.actuate.metrics.MetricsExportContextCustomizerFactory$DisableMetricExportContextCustomizer@141e3ca, org.springframework.boot.test.autoconfigure.properties.PropertyMappingContextCustomizer@0, org.springframework.boot.test.autoconfigure.web.servlet.WebDriverContextCustomizerFactory$Customizer@7eb64bb8, org.springframework.boot.test.context.filter.ExcludeFilterContextCustomizer@540f9d1, org.springframework.boot.test.json.DuplicateJsonObjectContextCustomizerFactory$DuplicateJsonObjectContextCustomizer@71d524e2, org.springframework.boot.test.mock.mockito.MockitoContextCustomizer@0], contextLoader = 'org.springframework.test.context.support.DelegatingSmartContextLoader', parent = [null]], attributes = map['org.springframework.test.context.event.ApplicationEventsTestExecutionListener.recordApplicationEvents' -> false]], class annotated with @DirtiesContext [false] with mode [null], method annotated with @DirtiesContext [false] with mode [null].
16:08:23.116 [Test worker] DEBUG org.springframework.test.context.transaction.TransactionalTestExecutionListener - Explicit transaction definition [PROPAGATION_REQUIRED,ISOLATION_DEFAULT] found for test context [DefaultTestContext@7b7af63c testClass = UserDaoImplTest, testInstance = test.com.epam.esm.dao.impl.UserDaoImplTest@57a53b07, testMethod = findByIdTest@UserDaoImplTest, testException = [null], mergedContextConfiguration = [MergedContextConfiguration@5798eedb testClass = UserDaoImplTest, locations = '{}', classes = '{class test.com.epam.esm.configuration.DaoTestConfiguration}', contextInitializerClasses = '[]', activeProfiles = '{}', propertySourceLocations = '{}', propertySourceProperties = '{}', contextCustomizers = set[org.springframework.boot.test.autoconfigure.actuate.metrics.MetricsExportContextCustomizerFactory$DisableMetricExportContextCustomizer@141e3ca, org.springframework.boot.test.autoconfigure.properties.PropertyMappingContextCustomizer@0, org.springframework.boot.test.autoconfigure.web.servlet.WebDriverContextCustomizerFactory$Customizer@7eb64bb8, org.springframework.boot.test.context.filter.ExcludeFilterContextCustomizer@540f9d1, org.springframework.boot.test.json.DuplicateJsonObjectContextCustomizerFactory$DuplicateJsonObjectContextCustomizer@71d524e2, org.springframework.boot.test.mock.mockito.MockitoContextCustomizer@0], contextLoader = 'org.springframework.test.context.support.DelegatingSmartContextLoader', parent = [null]], attributes = map['org.springframework.test.context.event.ApplicationEventsTestExecutionListener.recordApplicationEvents' -> false]]
16:08:23.116 [Test worker] DEBUG org.springframework.test.context.cache.DefaultCacheAwareContextLoaderDelegate - Retrieved ApplicationContext [980322656] from cache with key [[MergedContextConfiguration@5798eedb testClass = UserDaoImplTest, locations = '{}', classes = '{class test.com.epam.esm.configuration.DaoTestConfiguration}', contextInitializerClasses = '[]', activeProfiles = '{}', propertySourceLocations = '{}', propertySourceProperties = '{}', contextCustomizers = set[org.springframework.boot.test.autoconfigure.actuate.metrics.MetricsExportContextCustomizerFactory$DisableMetricExportContextCustomizer@141e3ca, org.springframework.boot.test.autoconfigure.properties.PropertyMappingContextCustomizer@0, org.springframework.boot.test.autoconfigure.web.servlet.WebDriverContextCustomizerFactory$Customizer@7eb64bb8, org.springframework.boot.test.context.filter.ExcludeFilterContextCustomizer@540f9d1, org.springframework.boot.test.json.DuplicateJsonObjectContextCustomizerFactory$DuplicateJsonObjectContextCustomizer@71d524e2, org.springframework.boot.test.mock.mockito.MockitoContextCustomizer@0], contextLoader = 'org.springframework.test.context.support.DelegatingSmartContextLoader', parent = [null]]]
16:08:23.116 [Test worker] DEBUG org.springframework.test.context.cache - Spring test ApplicationContext cache statistics: [DefaultContextCache@7ea66510 size = 1, maxSize = 32, parentContextCount = 0, hitCount = 38, missCount = 1]
16:08:23.116 [Test worker] DEBUG org.springframework.test.context.transaction.TransactionalTestExecutionListener - No method-level @Rollback override: using default rollback [true] for test context [DefaultTestContext@7b7af63c testClass = UserDaoImplTest, testInstance = test.com.epam.esm.dao.impl.UserDaoImplTest@57a53b07, testMethod = findByIdTest@UserDaoImplTest, testException = [null], mergedContextConfiguration = [MergedContextConfiguration@5798eedb testClass = UserDaoImplTest, locations = '{}', classes = '{class test.com.epam.esm.configuration.DaoTestConfiguration}', contextInitializerClasses = '[]', activeProfiles = '{}', propertySourceLocations = '{}', propertySourceProperties = '{}', contextCustomizers = set[org.springframework.boot.test.autoconfigure.actuate.metrics.MetricsExportContextCustomizerFactory$DisableMetricExportContextCustomizer@141e3ca, org.springframework.boot.test.autoconfigure.properties.PropertyMappingContextCustomizer@0, org.springframework.boot.test.autoconfigure.web.servlet.WebDriverContextCustomizerFactory$Customizer@7eb64bb8, org.springframework.boot.test.context.filter.ExcludeFilterContextCustomizer@540f9d1, org.springframework.boot.test.json.DuplicateJsonObjectContextCustomizerFactory$DuplicateJsonObjectContextCustomizer@71d524e2, org.springframework.boot.test.mock.mockito.MockitoContextCustomizer@0], contextLoader = 'org.springframework.test.context.support.DelegatingSmartContextLoader', parent = [null]], attributes = map['org.springframework.test.context.event.ApplicationEventsTestExecutionListener.recordApplicationEvents' -> false]].
16:08:23.117 [Test worker] DEBUG org.springframework.orm.jpa.JpaTransactionManager - Creating new transaction with name [test.com.epam.esm.dao.impl.UserDaoImplTest.findByIdTest]: PROPAGATION_REQUIRED,ISOLATION_DEFAULT
16:08:23.117 [Test worker] DEBUG org.springframework.orm.jpa.JpaTransactionManager - Opened new EntityManager [SessionImpl(748902793<open>)] for JPA transaction
16:08:23.117 [Test worker] DEBUG org.hibernate.engine.transaction.internal.TransactionImpl - On TransactionImpl creation, JpaCompliance#isJpaTransactionComplianceEnabled == false
16:08:23.117 [Test worker] DEBUG org.hibernate.engine.transaction.internal.TransactionImpl - begin
16:08:23.117 [Test worker] DEBUG org.springframework.jdbc.datasource.DriverManagerDataSource - Creating new JDBC DriverManager Connection to [jdbc:h2:mem:second;DB_CLOSE_DELAY=-1]
16:08:23.118 [Test worker] DEBUG org.springframework.orm.jpa.JpaTransactionManager - Exposing JPA transaction as JDBC [org.springframework.orm.jpa.vendor.HibernateJpaDialect$HibernateConnectionHandle@7edcc35e]
16:08:23.118 [Test worker] INFO org.springframework.test.context.transaction.TransactionContext - Began transaction (1) for test context [DefaultTestContext@7b7af63c testClass = UserDaoImplTest, testInstance = test.com.epam.esm.dao.impl.UserDaoImplTest@57a53b07, testMethod = findByIdTest@UserDaoImplTest, testException = [null], mergedContextConfiguration = [MergedContextConfiguration@5798eedb testClass = UserDaoImplTest, locations = '{}', classes = '{class test.com.epam.esm.configuration.DaoTestConfiguration}', contextInitializerClasses = '[]', activeProfiles = '{}', propertySourceLocations = '{}', propertySourceProperties = '{}', contextCustomizers = set[org.springframework.boot.test.autoconfigure.actuate.metrics.MetricsExportContextCustomizerFactory$DisableMetricExportContextCustomizer@141e3ca, org.springframework.boot.test.autoconfigure.properties.PropertyMappingContextCustomizer@0, org.springframework.boot.test.autoconfigure.web.servlet.WebDriverContextCustomizerFactory$Customizer@7eb64bb8, org.springframework.boot.test.context.filter.ExcludeFilterContextCustomizer@540f9d1, org.springframework.boot.test.json.DuplicateJsonObjectContextCustomizerFactory$DuplicateJsonObjectContextCustomizer@71d524e2, org.springframework.boot.test.mock.mockito.MockitoContextCustomizer@0], contextLoader = 'org.springframework.test.context.support.DelegatingSmartContextLoader', parent = [null]], attributes = map['org.springframework.test.context.event.ApplicationEventsTestExecutionListener.recordApplicationEvents' -> false]]; transaction manager [org.springframework.orm.jpa.JpaTransactionManager@657a872d]; rollback [true]
16:08:23.118 [Test worker] DEBUG org.springframework.test.context.cache.DefaultCacheAwareContextLoaderDelegate - Retrieved ApplicationContext [980322656] from cache with key [[MergedContextConfiguration@5798eedb testClass = UserDaoImplTest, locations = '{}', classes = '{class test.com.epam.esm.configuration.DaoTestConfiguration}', contextInitializerClasses = '[]', activeProfiles = '{}', propertySourceLocations = '{}', propertySourceProperties = '{}', contextCustomizers = set[org.springframework.boot.test.autoconfigure.actuate.metrics.MetricsExportContextCustomizerFactory$DisableMetricExportContextCustomizer@141e3ca, org.springframework.boot.test.autoconfigure.properties.PropertyMappingContextCustomizer@0, org.springframework.boot.test.autoconfigure.web.servlet.WebDriverContextCustomizerFactory$Customizer@7eb64bb8, org.springframework.boot.test.context.filter.ExcludeFilterContextCustomizer@540f9d1, org.springframework.boot.test.json.DuplicateJsonObjectContextCustomizerFactory$DuplicateJsonObjectContextCustomizer@71d524e2, org.springframework.boot.test.mock.mockito.MockitoContextCustomizer@0], contextLoader = 'org.springframework.test.context.support.DelegatingSmartContextLoader', parent = [null]]]
16:08:23.119 [Test worker] DEBUG org.springframework.test.context.cache - Spring test ApplicationContext cache statistics: [DefaultContextCache@7ea66510 size = 1, maxSize = 32, parentContextCount = 0, hitCount = 39, missCount = 1]
16:08:23.119 [Test worker] DEBUG org.springframework.test.context.cache.DefaultCacheAwareContextLoaderDelegate - Retrieved ApplicationContext [980322656] from cache with key [[MergedContextConfiguration@5798eedb testClass = UserDaoImplTest, locations = '{}', classes = '{class test.com.epam.esm.configuration.DaoTestConfiguration}', contextInitializerClasses = '[]', activeProfiles = '{}', propertySourceLocations = '{}', propertySourceProperties = '{}', contextCustomizers = set[org.springframework.boot.test.autoconfigure.actuate.metrics.MetricsExportContextCustomizerFactory$DisableMetricExportContextCustomizer@141e3ca, org.springframework.boot.test.autoconfigure.properties.PropertyMappingContextCustomizer@0, org.springframework.boot.test.autoconfigure.web.servlet.WebDriverContextCustomizerFactory$Customizer@7eb64bb8, org.springframework.boot.test.context.filter.ExcludeFilterContextCustomizer@540f9d1, org.springframework.boot.test.json.DuplicateJsonObjectContextCustomizerFactory$DuplicateJsonObjectContextCustomizer@71d524e2, org.springframework.boot.test.mock.mockito.MockitoContextCustomizer@0], contextLoader = 'org.springframework.test.context.support.DelegatingSmartContextLoader', parent = [null]]]
16:08:23.119 [Test worker] DEBUG org.springframework.test.context.cache - Spring test ApplicationContext cache statistics: [DefaultContextCache@7ea66510 size = 1, maxSize = 32, parentContextCount = 0, hitCount = 40, missCount = 1]
16:08:23.120 [Test worker] DEBUG org.springframework.test.context.cache.DefaultCacheAwareContextLoaderDelegate - Retrieved ApplicationContext [980322656] from cache with key [[MergedContextConfiguration@5798eedb testClass = UserDaoImplTest, locations = '{}', classes = '{class test.com.epam.esm.configuration.DaoTestConfiguration}', contextInitializerClasses = '[]', activeProfiles = '{}', propertySourceLocations = '{}', propertySourceProperties = '{}', contextCustomizers = set[org.springframework.boot.test.autoconfigure.actuate.metrics.MetricsExportContextCustomizerFactory$DisableMetricExportContextCustomizer@141e3ca, org.springframework.boot.test.autoconfigure.properties.PropertyMappingContextCustomizer@0, org.springframework.boot.test.autoconfigure.web.servlet.WebDriverContextCustomizerFactory$Customizer@7eb64bb8, org.springframework.boot.test.context.filter.ExcludeFilterContextCustomizer@540f9d1, org.springframework.boot.test.json.DuplicateJsonObjectContextCustomizerFactory$DuplicateJsonObjectContextCustomizer@71d524e2, org.springframework.boot.test.mock.mockito.MockitoContextCustomizer@0], contextLoader = 'org.springframework.test.context.support.DelegatingSmartContextLoader', parent = [null]]]
16:08:23.120 [Test worker] DEBUG org.springframework.test.context.cache - Spring test ApplicationContext cache statistics: [DefaultContextCache@7ea66510 size = 1, maxSize = 32, parentContextCount = 0, hitCount = 41, missCount = 1]
16:08:23.120 [Test worker] DEBUG org.springframework.orm.jpa.JpaTransactionManager - Found thread-bound EntityManager [SessionImpl(748902793<open>)] for JPA transaction
16:08:23.121 [Test worker] DEBUG org.springframework.orm.jpa.JpaTransactionManager - Participating in existing transaction
16:08:23.121 [Test worker] DEBUG org.hibernate.engine.spi.ActionQueue - Executing identity-insert immediately
16:08:23.121 [Test worker] DEBUG org.hibernate.SQL - insert into User (id, username) values (null, ?)
Hibernate: insert into User (id, username) values (null, ?)
16:08:23.121 [Test worker] DEBUG org.hibernate.id.IdentifierGeneratorHelper - Natively generated identity: 4
16:08:23.121 [Test worker] DEBUG org.hibernate.resource.jdbc.internal.ResourceRegistryStandardImpl - HHH000387: ResultSet's statement was not registered
16:08:23.122 [Test worker] DEBUG org.hibernate.event.internal.AbstractFlushingEventListener - Processing flush-time cascades
16:08:23.122 [Test worker] DEBUG org.hibernate.event.internal.AbstractFlushingEventListener - Dirty checking collections
16:08:23.122 [Test worker] DEBUG org.hibernate.event.internal.AbstractFlushingEventListener - Flushed: 0 insertions, 0 updates, 0 deletions to 1 objects
16:08:23.122 [Test worker] DEBUG org.hibernate.event.internal.AbstractFlushingEventListener - Flushed: 0 (re)creations, 0 updates, 0 removals to 0 collections
16:08:23.122 [Test worker] DEBUG org.hibernate.internal.util.EntityPrinter - Listing entities:
16:08:23.122 [Test worker] DEBUG org.hibernate.internal.util.EntityPrinter - com.epam.esm.model.entity.User{certificates=null, id=4, username=TEST}
16:08:23.124 [Test worker] DEBUG org.springframework.orm.jpa.JpaTransactionManager - Found thread-bound EntityManager [SessionImpl(748902793<open>)] for JPA transaction
16:08:23.124 [Test worker] DEBUG org.springframework.orm.jpa.JpaTransactionManager - Participating in existing transaction
16:08:23.124 [Test worker] DEBUG org.hibernate.SQL - select user0_.id as id1_3_0_, user0_.username as username2_3_0_, certificat1_.User_id as user_id1_4_1_, certificat2_.id as certific2_4_1_, certificat2_.id as id1_0_2_, certificat2_.createDate as createda2_0_2_, certificat2_.description as descript3_0_2_, certificat2_.duration as duration4_0_2_, certificat2_.lastUpdateDate as lastupda5_0_2_, certificat2_.name as name6_0_2_, certificat2_.price as price7_0_2_ from User user0_ left outer join User_Certificate certificat1_ on user0_.id=certificat1_.User_id left outer join Certificate certificat2_ on certificat1_.certificates_id=certificat2_.id where user0_.id=?
Hibernate: select user0_.id as id1_3_0_, user0_.username as username2_3_0_, certificat1_.User_id as user_id1_4_1_, certificat2_.id as certific2_4_1_, certificat2_.id as id1_0_2_, certificat2_.createDate as createda2_0_2_, certificat2_.description as descript3_0_2_, certificat2_.duration as duration4_0_2_, certificat2_.lastUpdateDate as lastupda5_0_2_, certificat2_.name as name6_0_2_, certificat2_.price as price7_0_2_ from User user0_ left outer join User_Certificate certificat1_ on user0_.id=certificat1_.User_id left outer join Certificate certificat2_ on certificat1_.certificates_id=certificat2_.id where user0_.id=?
16:08:23.125 [Test worker] DEBUG org.hibernate.loader.plan.exec.process.internal.EntityReferenceInitializerImpl - On call to EntityIdentifierReaderImpl#resolve, EntityKey was already known; should only happen on root returns with an optional identifier specified
16:08:23.125 [Test worker] DEBUG org.hibernate.loader.plan.exec.process.internal.CollectionReferenceInitializerImpl - Result set contains (possibly empty) collection: [com.epam.esm.model.entity.User.certificates#4]
16:08:23.125 [Test worker] DEBUG org.hibernate.engine.internal.TwoPhaseLoad - Resolving attributes for [com.epam.esm.model.entity.User#4]
16:08:23.125 [Test worker] DEBUG org.hibernate.engine.internal.TwoPhaseLoad - Processing attribute `certificates` : value = NOT NULL COLLECTION
16:08:23.125 [Test worker] DEBUG org.hibernate.engine.internal.TwoPhaseLoad - Attribute (`certificates`)  - enhanced for lazy-loading? - false
16:08:23.125 [Test worker] DEBUG org.hibernate.engine.internal.TwoPhaseLoad - Processing attribute `username` : value = TEST
16:08:23.125 [Test worker] DEBUG org.hibernate.engine.internal.TwoPhaseLoad - Attribute (`username`)  - enhanced for lazy-loading? - false
16:08:23.125 [Test worker] DEBUG org.hibernate.engine.internal.TwoPhaseLoad - Done materializing entity [com.epam.esm.model.entity.User#4]
16:08:23.125 [Test worker] DEBUG org.hibernate.engine.loading.internal.CollectionLoadContext - 1 collections were found in result set for role: com.epam.esm.model.entity.User.certificates
16:08:23.126 [Test worker] DEBUG org.hibernate.engine.loading.internal.CollectionLoadContext - Collection fully initialized: [com.epam.esm.model.entity.User.certificates#4]
16:08:23.126 [Test worker] DEBUG org.hibernate.engine.loading.internal.CollectionLoadContext - 1 collections initialized for role: com.epam.esm.model.entity.User.certificates
16:08:23.126 [Test worker] DEBUG org.hibernate.loader.entity.plan.AbstractLoadPlanBasedEntityLoader - Done entity load : com.epam.esm.model.entity.User#4
16:08:23.126 [Test worker] DEBUG org.hibernate.event.internal.EvictVisitor - Evicting collection: [com.epam.esm.model.entity.User.certificates#4]
16:08:23.126 [Test worker] DEBUG org.springframework.test.context.cache.DefaultCacheAwareContextLoaderDelegate - Retrieved ApplicationContext [980322656] from cache with key [[MergedContextConfiguration@5798eedb testClass = UserDaoImplTest, locations = '{}', classes = '{class test.com.epam.esm.configuration.DaoTestConfiguration}', contextInitializerClasses = '[]', activeProfiles = '{}', propertySourceLocations = '{}', propertySourceProperties = '{}', contextCustomizers = set[org.springframework.boot.test.autoconfigure.actuate.metrics.MetricsExportContextCustomizerFactory$DisableMetricExportContextCustomizer@141e3ca, org.springframework.boot.test.autoconfigure.properties.PropertyMappingContextCustomizer@0, org.springframework.boot.test.autoconfigure.web.servlet.WebDriverContextCustomizerFactory$Customizer@7eb64bb8, org.springframework.boot.test.context.filter.ExcludeFilterContextCustomizer@540f9d1, org.springframework.boot.test.json.DuplicateJsonObjectContextCustomizerFactory$DuplicateJsonObjectContextCustomizer@71d524e2, org.springframework.boot.test.mock.mockito.MockitoContextCustomizer@0], contextLoader = 'org.springframework.test.context.support.DelegatingSmartContextLoader', parent = [null]]]
16:08:23.126 [Test worker] DEBUG org.springframework.test.context.cache - Spring test ApplicationContext cache statistics: [DefaultContextCache@7ea66510 size = 1, maxSize = 32, parentContextCount = 0, hitCount = 42, missCount = 1]
16:08:23.126 [Test worker] DEBUG org.springframework.test.context.cache.DefaultCacheAwareContextLoaderDelegate - Retrieved ApplicationContext [980322656] from cache with key [[MergedContextConfiguration@5798eedb testClass = UserDaoImplTest, locations = '{}', classes = '{class test.com.epam.esm.configuration.DaoTestConfiguration}', contextInitializerClasses = '[]', activeProfiles = '{}', propertySourceLocations = '{}', propertySourceProperties = '{}', contextCustomizers = set[org.springframework.boot.test.autoconfigure.actuate.metrics.MetricsExportContextCustomizerFactory$DisableMetricExportContextCustomizer@141e3ca, org.springframework.boot.test.autoconfigure.properties.PropertyMappingContextCustomizer@0, org.springframework.boot.test.autoconfigure.web.servlet.WebDriverContextCustomizerFactory$Customizer@7eb64bb8, org.springframework.boot.test.context.filter.ExcludeFilterContextCustomizer@540f9d1, org.springframework.boot.test.json.DuplicateJsonObjectContextCustomizerFactory$DuplicateJsonObjectContextCustomizer@71d524e2, org.springframework.boot.test.mock.mockito.MockitoContextCustomizer@0], contextLoader = 'org.springframework.test.context.support.DelegatingSmartContextLoader', parent = [null]]]
16:08:23.127 [Test worker] DEBUG org.springframework.test.context.cache - Spring test ApplicationContext cache statistics: [DefaultContextCache@7ea66510 size = 1, maxSize = 32, parentContextCount = 0, hitCount = 43, missCount = 1]
16:08:23.127 [Test worker] DEBUG org.springframework.test.context.cache.DefaultCacheAwareContextLoaderDelegate - Retrieved ApplicationContext [980322656] from cache with key [[MergedContextConfiguration@5798eedb testClass = UserDaoImplTest, locations = '{}', classes = '{class test.com.epam.esm.configuration.DaoTestConfiguration}', contextInitializerClasses = '[]', activeProfiles = '{}', propertySourceLocations = '{}', propertySourceProperties = '{}', contextCustomizers = set[org.springframework.boot.test.autoconfigure.actuate.metrics.MetricsExportContextCustomizerFactory$DisableMetricExportContextCustomizer@141e3ca, org.springframework.boot.test.autoconfigure.properties.PropertyMappingContextCustomizer@0, org.springframework.boot.test.autoconfigure.web.servlet.WebDriverContextCustomizerFactory$Customizer@7eb64bb8, org.springframework.boot.test.context.filter.ExcludeFilterContextCustomizer@540f9d1, org.springframework.boot.test.json.DuplicateJsonObjectContextCustomizerFactory$DuplicateJsonObjectContextCustomizer@71d524e2, org.springframework.boot.test.mock.mockito.MockitoContextCustomizer@0], contextLoader = 'org.springframework.test.context.support.DelegatingSmartContextLoader', parent = [null]]]
16:08:23.127 [Test worker] DEBUG org.springframework.test.context.cache - Spring test ApplicationContext cache statistics: [DefaultContextCache@7ea66510 size = 1, maxSize = 32, parentContextCount = 0, hitCount = 44, missCount = 1]
16:08:23.127 [Test worker] DEBUG org.springframework.test.context.cache.DefaultCacheAwareContextLoaderDelegate - Retrieved ApplicationContext [980322656] from cache with key [[MergedContextConfiguration@5798eedb testClass = UserDaoImplTest, locations = '{}', classes = '{class test.com.epam.esm.configuration.DaoTestConfiguration}', contextInitializerClasses = '[]', activeProfiles = '{}', propertySourceLocations = '{}', propertySourceProperties = '{}', contextCustomizers = set[org.springframework.boot.test.autoconfigure.actuate.metrics.MetricsExportContextCustomizerFactory$DisableMetricExportContextCustomizer@141e3ca, org.springframework.boot.test.autoconfigure.properties.PropertyMappingContextCustomizer@0, org.springframework.boot.test.autoconfigure.web.servlet.WebDriverContextCustomizerFactory$Customizer@7eb64bb8, org.springframework.boot.test.context.filter.ExcludeFilterContextCustomizer@540f9d1, org.springframework.boot.test.json.DuplicateJsonObjectContextCustomizerFactory$DuplicateJsonObjectContextCustomizer@71d524e2, org.springframework.boot.test.mock.mockito.MockitoContextCustomizer@0], contextLoader = 'org.springframework.test.context.support.DelegatingSmartContextLoader', parent = [null]]]
16:08:23.127 [Test worker] DEBUG org.springframework.test.context.cache - Spring test ApplicationContext cache statistics: [DefaultContextCache@7ea66510 size = 1, maxSize = 32, parentContextCount = 0, hitCount = 45, missCount = 1]
16:08:23.127 [Test worker] DEBUG org.springframework.test.context.cache.DefaultCacheAwareContextLoaderDelegate - Retrieved ApplicationContext [980322656] from cache with key [[MergedContextConfiguration@5798eedb testClass = UserDaoImplTest, locations = '{}', classes = '{class test.com.epam.esm.configuration.DaoTestConfiguration}', contextInitializerClasses = '[]', activeProfiles = '{}', propertySourceLocations = '{}', propertySourceProperties = '{}', contextCustomizers = set[org.springframework.boot.test.autoconfigure.actuate.metrics.MetricsExportContextCustomizerFactory$DisableMetricExportContextCustomizer@141e3ca, org.springframework.boot.test.autoconfigure.properties.PropertyMappingContextCustomizer@0, org.springframework.boot.test.autoconfigure.web.servlet.WebDriverContextCustomizerFactory$Customizer@7eb64bb8, org.springframework.boot.test.context.filter.ExcludeFilterContextCustomizer@540f9d1, org.springframework.boot.test.json.DuplicateJsonObjectContextCustomizerFactory$DuplicateJsonObjectContextCustomizer@71d524e2, org.springframework.boot.test.mock.mockito.MockitoContextCustomizer@0], contextLoader = 'org.springframework.test.context.support.DelegatingSmartContextLoader', parent = [null]]]
16:08:23.127 [Test worker] DEBUG org.springframework.test.context.cache - Spring test ApplicationContext cache statistics: [DefaultContextCache@7ea66510 size = 1, maxSize = 32, parentContextCount = 0, hitCount = 46, missCount = 1]
16:08:23.128 [Test worker] DEBUG org.springframework.test.context.cache.DefaultCacheAwareContextLoaderDelegate - Retrieved ApplicationContext [980322656] from cache with key [[MergedContextConfiguration@5798eedb testClass = UserDaoImplTest, locations = '{}', classes = '{class test.com.epam.esm.configuration.DaoTestConfiguration}', contextInitializerClasses = '[]', activeProfiles = '{}', propertySourceLocations = '{}', propertySourceProperties = '{}', contextCustomizers = set[org.springframework.boot.test.autoconfigure.actuate.metrics.MetricsExportContextCustomizerFactory$DisableMetricExportContextCustomizer@141e3ca, org.springframework.boot.test.autoconfigure.properties.PropertyMappingContextCustomizer@0, org.springframework.boot.test.autoconfigure.web.servlet.WebDriverContextCustomizerFactory$Customizer@7eb64bb8, org.springframework.boot.test.context.filter.ExcludeFilterContextCustomizer@540f9d1, org.springframework.boot.test.json.DuplicateJsonObjectContextCustomizerFactory$DuplicateJsonObjectContextCustomizer@71d524e2, org.springframework.boot.test.mock.mockito.MockitoContextCustomizer@0], contextLoader = 'org.springframework.test.context.support.DelegatingSmartContextLoader', parent = [null]]]
16:08:23.128 [Test worker] DEBUG org.springframework.test.context.cache - Spring test ApplicationContext cache statistics: [DefaultContextCache@7ea66510 size = 1, maxSize = 32, parentContextCount = 0, hitCount = 47, missCount = 1]
16:08:23.128 [Test worker] DEBUG org.springframework.orm.jpa.JpaTransactionManager - Initiating transaction rollback
16:08:23.128 [Test worker] DEBUG org.springframework.orm.jpa.JpaTransactionManager - Rolling back JPA transaction on EntityManager [SessionImpl(748902793<open>)]
16:08:23.128 [Test worker] DEBUG org.hibernate.engine.transaction.internal.TransactionImpl - rolling back
16:08:23.129 [Test worker] DEBUG org.springframework.orm.jpa.JpaTransactionManager - Closing JPA EntityManager [SessionImpl(748902793<open>)] after transaction
16:08:23.129 [Test worker] INFO org.hibernate.engine.internal.StatisticalLoggingSessionEventListener - Session Metrics {
    776050 nanoseconds spent acquiring 1 JDBC connections;
    0 nanoseconds spent releasing 0 JDBC connections;
    722387 nanoseconds spent preparing 2 JDBC statements;
    402169 nanoseconds spent executing 2 JDBC statements;
    0 nanoseconds spent executing 0 JDBC batches;
    0 nanoseconds spent performing 0 L2C puts;
    0 nanoseconds spent performing 0 L2C hits;
    0 nanoseconds spent performing 0 L2C misses;
    478061 nanoseconds spent executing 1 flushes (flushing a total of 1 entities and 0 collections);
    0 nanoseconds spent executing 0 partial-flushes (flushing a total of 0 entities and 0 collections)
}
16:08:23.129 [Test worker] INFO org.springframework.test.context.transaction.TransactionContext - Rolled back transaction for test: [DefaultTestContext@7b7af63c testClass = UserDaoImplTest, testInstance = test.com.epam.esm.dao.impl.UserDaoImplTest@57a53b07, testMethod = findByIdTest@UserDaoImplTest, testException = [null], mergedContextConfiguration = [MergedContextConfiguration@5798eedb testClass = UserDaoImplTest, locations = '{}', classes = '{class test.com.epam.esm.configuration.DaoTestConfiguration}', contextInitializerClasses = '[]', activeProfiles = '{}', propertySourceLocations = '{}', propertySourceProperties = '{}', contextCustomizers = set[org.springframework.boot.test.autoconfigure.actuate.metrics.MetricsExportContextCustomizerFactory$DisableMetricExportContextCustomizer@141e3ca, org.springframework.boot.test.autoconfigure.properties.PropertyMappingContextCustomizer@0, org.springframework.boot.test.autoconfigure.web.servlet.WebDriverContextCustomizerFactory$Customizer@7eb64bb8, org.springframework.boot.test.context.filter.ExcludeFilterContextCustomizer@540f9d1, org.springframework.boot.test.json.DuplicateJsonObjectContextCustomizerFactory$DuplicateJsonObjectContextCustomizer@71d524e2, org.springframework.boot.test.mock.mockito.MockitoContextCustomizer@0], contextLoader = 'org.springframework.test.context.support.DelegatingSmartContextLoader', parent = [null]], attributes = map['org.springframework.test.context.event.ApplicationEventsTestExecutionListener.recordApplicationEvents' -> false]]
16:08:23.129 [Test worker] DEBUG org.springframework.test.context.support.AbstractDirtiesContextTestExecutionListener - After test method: context [DefaultTestContext@7b7af63c testClass = UserDaoImplTest, testInstance = test.com.epam.esm.dao.impl.UserDaoImplTest@57a53b07, testMethod = findByIdTest@UserDaoImplTest, testException = [null], mergedContextConfiguration = [MergedContextConfiguration@5798eedb testClass = UserDaoImplTest, locations = '{}', classes = '{class test.com.epam.esm.configuration.DaoTestConfiguration}', contextInitializerClasses = '[]', activeProfiles = '{}', propertySourceLocations = '{}', propertySourceProperties = '{}', contextCustomizers = set[org.springframework.boot.test.autoconfigure.actuate.metrics.MetricsExportContextCustomizerFactory$DisableMetricExportContextCustomizer@141e3ca, org.springframework.boot.test.autoconfigure.properties.PropertyMappingContextCustomizer@0, org.springframework.boot.test.autoconfigure.web.servlet.WebDriverContextCustomizerFactory$Customizer@7eb64bb8, org.springframework.boot.test.context.filter.ExcludeFilterContextCustomizer@540f9d1, org.springframework.boot.test.json.DuplicateJsonObjectContextCustomizerFactory$DuplicateJsonObjectContextCustomizer@71d524e2, org.springframework.boot.test.mock.mockito.MockitoContextCustomizer@0], contextLoader = 'org.springframework.test.context.support.DelegatingSmartContextLoader', parent = [null]], attributes = map['org.springframework.test.context.event.ApplicationEventsTestExecutionListener.recordApplicationEvents' -> false]], class annotated with @DirtiesContext [false] with mode [null], method annotated with @DirtiesContext [false] with mode [null].
16:08:23.130 [Test worker] DEBUG org.springframework.test.context.support.DependencyInjectionTestExecutionListener - Performing dependency injection for test context [[DefaultTestContext@7b7af63c testClass = UserDaoImplTest, testInstance = test.com.epam.esm.dao.impl.UserDaoImplTest@22d27cd4, testMethod = [null], testException = [null], mergedContextConfiguration = [MergedContextConfiguration@5798eedb testClass = UserDaoImplTest, locations = '{}', classes = '{class test.com.epam.esm.configuration.DaoTestConfiguration}', contextInitializerClasses = '[]', activeProfiles = '{}', propertySourceLocations = '{}', propertySourceProperties = '{}', contextCustomizers = set[org.springframework.boot.test.autoconfigure.actuate.metrics.MetricsExportContextCustomizerFactory$DisableMetricExportContextCustomizer@141e3ca, org.springframework.boot.test.autoconfigure.properties.PropertyMappingContextCustomizer@0, org.springframework.boot.test.autoconfigure.web.servlet.WebDriverContextCustomizerFactory$Customizer@7eb64bb8, org.springframework.boot.test.context.filter.ExcludeFilterContextCustomizer@540f9d1, org.springframework.boot.test.json.DuplicateJsonObjectContextCustomizerFactory$DuplicateJsonObjectContextCustomizer@71d524e2, org.springframework.boot.test.mock.mockito.MockitoContextCustomizer@0], contextLoader = 'org.springframework.test.context.support.DelegatingSmartContextLoader', parent = [null]], attributes = map['org.springframework.test.context.event.ApplicationEventsTestExecutionListener.recordApplicationEvents' -> false]]].
16:08:23.131 [Test worker] DEBUG org.springframework.test.context.cache.DefaultCacheAwareContextLoaderDelegate - Retrieved ApplicationContext [980322656] from cache with key [[MergedContextConfiguration@5798eedb testClass = UserDaoImplTest, locations = '{}', classes = '{class test.com.epam.esm.configuration.DaoTestConfiguration}', contextInitializerClasses = '[]', activeProfiles = '{}', propertySourceLocations = '{}', propertySourceProperties = '{}', contextCustomizers = set[org.springframework.boot.test.autoconfigure.actuate.metrics.MetricsExportContextCustomizerFactory$DisableMetricExportContextCustomizer@141e3ca, org.springframework.boot.test.autoconfigure.properties.PropertyMappingContextCustomizer@0, org.springframework.boot.test.autoconfigure.web.servlet.WebDriverContextCustomizerFactory$Customizer@7eb64bb8, org.springframework.boot.test.context.filter.ExcludeFilterContextCustomizer@540f9d1, org.springframework.boot.test.json.DuplicateJsonObjectContextCustomizerFactory$DuplicateJsonObjectContextCustomizer@71d524e2, org.springframework.boot.test.mock.mockito.MockitoContextCustomizer@0], contextLoader = 'org.springframework.test.context.support.DelegatingSmartContextLoader', parent = [null]]]
16:08:23.131 [Test worker] DEBUG org.springframework.test.context.cache - Spring test ApplicationContext cache statistics: [DefaultContextCache@7ea66510 size = 1, maxSize = 32, parentContextCount = 0, hitCount = 48, missCount = 1]
16:08:23.132 [Test worker] DEBUG org.springframework.test.context.cache.DefaultCacheAwareContextLoaderDelegate - Retrieved ApplicationContext [980322656] from cache with key [[MergedContextConfiguration@5798eedb testClass = UserDaoImplTest, locations = '{}', classes = '{class test.com.epam.esm.configuration.DaoTestConfiguration}', contextInitializerClasses = '[]', activeProfiles = '{}', propertySourceLocations = '{}', propertySourceProperties = '{}', contextCustomizers = set[org.springframework.boot.test.autoconfigure.actuate.metrics.MetricsExportContextCustomizerFactory$DisableMetricExportContextCustomizer@141e3ca, org.springframework.boot.test.autoconfigure.properties.PropertyMappingContextCustomizer@0, org.springframework.boot.test.autoconfigure.web.servlet.WebDriverContextCustomizerFactory$Customizer@7eb64bb8, org.springframework.boot.test.context.filter.ExcludeFilterContextCustomizer@540f9d1, org.springframework.boot.test.json.DuplicateJsonObjectContextCustomizerFactory$DuplicateJsonObjectContextCustomizer@71d524e2, org.springframework.boot.test.mock.mockito.MockitoContextCustomizer@0], contextLoader = 'org.springframework.test.context.support.DelegatingSmartContextLoader', parent = [null]]]
16:08:23.132 [Test worker] DEBUG org.springframework.test.context.cache - Spring test ApplicationContext cache statistics: [DefaultContextCache@7ea66510 size = 1, maxSize = 32, parentContextCount = 0, hitCount = 49, missCount = 1]
16:08:23.133 [Test worker] DEBUG org.springframework.test.context.support.AbstractDirtiesContextTestExecutionListener - Before test method: context [DefaultTestContext@7b7af63c testClass = UserDaoImplTest, testInstance = test.com.epam.esm.dao.impl.UserDaoImplTest@22d27cd4, testMethod = deleteTest@UserDaoImplTest, testException = [null], mergedContextConfiguration = [MergedContextConfiguration@5798eedb testClass = UserDaoImplTest, locations = '{}', classes = '{class test.com.epam.esm.configuration.DaoTestConfiguration}', contextInitializerClasses = '[]', activeProfiles = '{}', propertySourceLocations = '{}', propertySourceProperties = '{}', contextCustomizers = set[org.springframework.boot.test.autoconfigure.actuate.metrics.MetricsExportContextCustomizerFactory$DisableMetricExportContextCustomizer@141e3ca, org.springframework.boot.test.autoconfigure.properties.PropertyMappingContextCustomizer@0, org.springframework.boot.test.autoconfigure.web.servlet.WebDriverContextCustomizerFactory$Customizer@7eb64bb8, org.springframework.boot.test.context.filter.ExcludeFilterContextCustomizer@540f9d1, org.springframework.boot.test.json.DuplicateJsonObjectContextCustomizerFactory$DuplicateJsonObjectContextCustomizer@71d524e2, org.springframework.boot.test.mock.mockito.MockitoContextCustomizer@0], contextLoader = 'org.springframework.test.context.support.DelegatingSmartContextLoader', parent = [null]], attributes = map['org.springframework.test.context.event.ApplicationEventsTestExecutionListener.recordApplicationEvents' -> false]], class annotated with @DirtiesContext [false] with mode [null], method annotated with @DirtiesContext [false] with mode [null].
16:08:23.134 [Test worker] DEBUG org.springframework.test.context.transaction.TransactionalTestExecutionListener - Explicit transaction definition [PROPAGATION_REQUIRED,ISOLATION_DEFAULT] found for test context [DefaultTestContext@7b7af63c testClass = UserDaoImplTest, testInstance = test.com.epam.esm.dao.impl.UserDaoImplTest@22d27cd4, testMethod = deleteTest@UserDaoImplTest, testException = [null], mergedContextConfiguration = [MergedContextConfiguration@5798eedb testClass = UserDaoImplTest, locations = '{}', classes = '{class test.com.epam.esm.configuration.DaoTestConfiguration}', contextInitializerClasses = '[]', activeProfiles = '{}', propertySourceLocations = '{}', propertySourceProperties = '{}', contextCustomizers = set[org.springframework.boot.test.autoconfigure.actuate.metrics.MetricsExportContextCustomizerFactory$DisableMetricExportContextCustomizer@141e3ca, org.springframework.boot.test.autoconfigure.properties.PropertyMappingContextCustomizer@0, org.springframework.boot.test.autoconfigure.web.servlet.WebDriverContextCustomizerFactory$Customizer@7eb64bb8, org.springframework.boot.test.context.filter.ExcludeFilterContextCustomizer@540f9d1, org.springframework.boot.test.json.DuplicateJsonObjectContextCustomizerFactory$DuplicateJsonObjectContextCustomizer@71d524e2, org.springframework.boot.test.mock.mockito.MockitoContextCustomizer@0], contextLoader = 'org.springframework.test.context.support.DelegatingSmartContextLoader', parent = [null]], attributes = map['org.springframework.test.context.event.ApplicationEventsTestExecutionListener.recordApplicationEvents' -> false]]
16:08:23.134 [Test worker] DEBUG org.springframework.test.context.cache.DefaultCacheAwareContextLoaderDelegate - Retrieved ApplicationContext [980322656] from cache with key [[MergedContextConfiguration@5798eedb testClass = UserDaoImplTest, locations = '{}', classes = '{class test.com.epam.esm.configuration.DaoTestConfiguration}', contextInitializerClasses = '[]', activeProfiles = '{}', propertySourceLocations = '{}', propertySourceProperties = '{}', contextCustomizers = set[org.springframework.boot.test.autoconfigure.actuate.metrics.MetricsExportContextCustomizerFactory$DisableMetricExportContextCustomizer@141e3ca, org.springframework.boot.test.autoconfigure.properties.PropertyMappingContextCustomizer@0, org.springframework.boot.test.autoconfigure.web.servlet.WebDriverContextCustomizerFactory$Customizer@7eb64bb8, org.springframework.boot.test.context.filter.ExcludeFilterContextCustomizer@540f9d1, org.springframework.boot.test.json.DuplicateJsonObjectContextCustomizerFactory$DuplicateJsonObjectContextCustomizer@71d524e2, org.springframework.boot.test.mock.mockito.MockitoContextCustomizer@0], contextLoader = 'org.springframework.test.context.support.DelegatingSmartContextLoader', parent = [null]]]
16:08:23.134 [Test worker] DEBUG org.springframework.test.context.cache - Spring test ApplicationContext cache statistics: [DefaultContextCache@7ea66510 size = 1, maxSize = 32, parentContextCount = 0, hitCount = 50, missCount = 1]
16:08:23.134 [Test worker] DEBUG org.springframework.test.context.transaction.TransactionalTestExecutionListener - No method-level @Rollback override: using default rollback [true] for test context [DefaultTestContext@7b7af63c testClass = UserDaoImplTest, testInstance = test.com.epam.esm.dao.impl.UserDaoImplTest@22d27cd4, testMethod = deleteTest@UserDaoImplTest, testException = [null], mergedContextConfiguration = [MergedContextConfiguration@5798eedb testClass = UserDaoImplTest, locations = '{}', classes = '{class test.com.epam.esm.configuration.DaoTestConfiguration}', contextInitializerClasses = '[]', activeProfiles = '{}', propertySourceLocations = '{}', propertySourceProperties = '{}', contextCustomizers = set[org.springframework.boot.test.autoconfigure.actuate.metrics.MetricsExportContextCustomizerFactory$DisableMetricExportContextCustomizer@141e3ca, org.springframework.boot.test.autoconfigure.properties.PropertyMappingContextCustomizer@0, org.springframework.boot.test.autoconfigure.web.servlet.WebDriverContextCustomizerFactory$Customizer@7eb64bb8, org.springframework.boot.test.context.filter.ExcludeFilterContextCustomizer@540f9d1, org.springframework.boot.test.json.DuplicateJsonObjectContextCustomizerFactory$DuplicateJsonObjectContextCustomizer@71d524e2, org.springframework.boot.test.mock.mockito.MockitoContextCustomizer@0], contextLoader = 'org.springframework.test.context.support.DelegatingSmartContextLoader', parent = [null]], attributes = map['org.springframework.test.context.event.ApplicationEventsTestExecutionListener.recordApplicationEvents' -> false]].
16:08:23.134 [Test worker] DEBUG org.springframework.orm.jpa.JpaTransactionManager - Creating new transaction with name [test.com.epam.esm.dao.impl.UserDaoImplTest.deleteTest]: PROPAGATION_REQUIRED,ISOLATION_DEFAULT
16:08:23.135 [Test worker] DEBUG org.springframework.orm.jpa.JpaTransactionManager - Opened new EntityManager [SessionImpl(1234333617<open>)] for JPA transaction
16:08:23.135 [Test worker] DEBUG org.hibernate.engine.transaction.internal.TransactionImpl - On TransactionImpl creation, JpaCompliance#isJpaTransactionComplianceEnabled == false
16:08:23.135 [Test worker] DEBUG org.hibernate.engine.transaction.internal.TransactionImpl - begin
16:08:23.135 [Test worker] DEBUG org.springframework.jdbc.datasource.DriverManagerDataSource - Creating new JDBC DriverManager Connection to [jdbc:h2:mem:second;DB_CLOSE_DELAY=-1]
16:08:23.136 [Test worker] DEBUG org.springframework.orm.jpa.JpaTransactionManager - Exposing JPA transaction as JDBC [org.springframework.orm.jpa.vendor.HibernateJpaDialect$HibernateConnectionHandle@40a80afd]
16:08:23.136 [Test worker] INFO org.springframework.test.context.transaction.TransactionContext - Began transaction (1) for test context [DefaultTestContext@7b7af63c testClass = UserDaoImplTest, testInstance = test.com.epam.esm.dao.impl.UserDaoImplTest@22d27cd4, testMethod = deleteTest@UserDaoImplTest, testException = [null], mergedContextConfiguration = [MergedContextConfiguration@5798eedb testClass = UserDaoImplTest, locations = '{}', classes = '{class test.com.epam.esm.configuration.DaoTestConfiguration}', contextInitializerClasses = '[]', activeProfiles = '{}', propertySourceLocations = '{}', propertySourceProperties = '{}', contextCustomizers = set[org.springframework.boot.test.autoconfigure.actuate.metrics.MetricsExportContextCustomizerFactory$DisableMetricExportContextCustomizer@141e3ca, org.springframework.boot.test.autoconfigure.properties.PropertyMappingContextCustomizer@0, org.springframework.boot.test.autoconfigure.web.servlet.WebDriverContextCustomizerFactory$Customizer@7eb64bb8, org.springframework.boot.test.context.filter.ExcludeFilterContextCustomizer@540f9d1, org.springframework.boot.test.json.DuplicateJsonObjectContextCustomizerFactory$DuplicateJsonObjectContextCustomizer@71d524e2, org.springframework.boot.test.mock.mockito.MockitoContextCustomizer@0], contextLoader = 'org.springframework.test.context.support.DelegatingSmartContextLoader', parent = [null]], attributes = map['org.springframework.test.context.event.ApplicationEventsTestExecutionListener.recordApplicationEvents' -> false]]; transaction manager [org.springframework.orm.jpa.JpaTransactionManager@657a872d]; rollback [true]
16:08:23.136 [Test worker] DEBUG org.springframework.test.context.cache.DefaultCacheAwareContextLoaderDelegate - Retrieved ApplicationContext [980322656] from cache with key [[MergedContextConfiguration@5798eedb testClass = UserDaoImplTest, locations = '{}', classes = '{class test.com.epam.esm.configuration.DaoTestConfiguration}', contextInitializerClasses = '[]', activeProfiles = '{}', propertySourceLocations = '{}', propertySourceProperties = '{}', contextCustomizers = set[org.springframework.boot.test.autoconfigure.actuate.metrics.MetricsExportContextCustomizerFactory$DisableMetricExportContextCustomizer@141e3ca, org.springframework.boot.test.autoconfigure.properties.PropertyMappingContextCustomizer@0, org.springframework.boot.test.autoconfigure.web.servlet.WebDriverContextCustomizerFactory$Customizer@7eb64bb8, org.springframework.boot.test.context.filter.ExcludeFilterContextCustomizer@540f9d1, org.springframework.boot.test.json.DuplicateJsonObjectContextCustomizerFactory$DuplicateJsonObjectContextCustomizer@71d524e2, org.springframework.boot.test.mock.mockito.MockitoContextCustomizer@0], contextLoader = 'org.springframework.test.context.support.DelegatingSmartContextLoader', parent = [null]]]
16:08:23.137 [Test worker] DEBUG org.springframework.test.context.cache - Spring test ApplicationContext cache statistics: [DefaultContextCache@7ea66510 size = 1, maxSize = 32, parentContextCount = 0, hitCount = 51, missCount = 1]
16:08:23.137 [Test worker] DEBUG org.springframework.test.context.cache.DefaultCacheAwareContextLoaderDelegate - Retrieved ApplicationContext [980322656] from cache with key [[MergedContextConfiguration@5798eedb testClass = UserDaoImplTest, locations = '{}', classes = '{class test.com.epam.esm.configuration.DaoTestConfiguration}', contextInitializerClasses = '[]', activeProfiles = '{}', propertySourceLocations = '{}', propertySourceProperties = '{}', contextCustomizers = set[org.springframework.boot.test.autoconfigure.actuate.metrics.MetricsExportContextCustomizerFactory$DisableMetricExportContextCustomizer@141e3ca, org.springframework.boot.test.autoconfigure.properties.PropertyMappingContextCustomizer@0, org.springframework.boot.test.autoconfigure.web.servlet.WebDriverContextCustomizerFactory$Customizer@7eb64bb8, org.springframework.boot.test.context.filter.ExcludeFilterContextCustomizer@540f9d1, org.springframework.boot.test.json.DuplicateJsonObjectContextCustomizerFactory$DuplicateJsonObjectContextCustomizer@71d524e2, org.springframework.boot.test.mock.mockito.MockitoContextCustomizer@0], contextLoader = 'org.springframework.test.context.support.DelegatingSmartContextLoader', parent = [null]]]
16:08:23.137 [Test worker] DEBUG org.springframework.test.context.cache - Spring test ApplicationContext cache statistics: [DefaultContextCache@7ea66510 size = 1, maxSize = 32, parentContextCount = 0, hitCount = 52, missCount = 1]
16:08:23.138 [Test worker] DEBUG org.springframework.test.context.cache.DefaultCacheAwareContextLoaderDelegate - Retrieved ApplicationContext [980322656] from cache with key [[MergedContextConfiguration@5798eedb testClass = UserDaoImplTest, locations = '{}', classes = '{class test.com.epam.esm.configuration.DaoTestConfiguration}', contextInitializerClasses = '[]', activeProfiles = '{}', propertySourceLocations = '{}', propertySourceProperties = '{}', contextCustomizers = set[org.springframework.boot.test.autoconfigure.actuate.metrics.MetricsExportContextCustomizerFactory$DisableMetricExportContextCustomizer@141e3ca, org.springframework.boot.test.autoconfigure.properties.PropertyMappingContextCustomizer@0, org.springframework.boot.test.autoconfigure.web.servlet.WebDriverContextCustomizerFactory$Customizer@7eb64bb8, org.springframework.boot.test.context.filter.ExcludeFilterContextCustomizer@540f9d1, org.springframework.boot.test.json.DuplicateJsonObjectContextCustomizerFactory$DuplicateJsonObjectContextCustomizer@71d524e2, org.springframework.boot.test.mock.mockito.MockitoContextCustomizer@0], contextLoader = 'org.springframework.test.context.support.DelegatingSmartContextLoader', parent = [null]]]
16:08:23.138 [Test worker] DEBUG org.springframework.test.context.cache - Spring test ApplicationContext cache statistics: [DefaultContextCache@7ea66510 size = 1, maxSize = 32, parentContextCount = 0, hitCount = 53, missCount = 1]
16:08:23.138 [Test worker] DEBUG org.springframework.orm.jpa.JpaTransactionManager - Found thread-bound EntityManager [SessionImpl(1234333617<open>)] for JPA transaction
16:08:23.138 [Test worker] DEBUG org.springframework.orm.jpa.JpaTransactionManager - Participating in existing transaction
16:08:23.139 [Test worker] DEBUG org.hibernate.SQL - select user0_.id as id1_3_0_, user0_.username as username2_3_0_, certificat1_.User_id as user_id1_4_1_, certificat2_.id as certific2_4_1_, certificat2_.id as id1_0_2_, certificat2_.createDate as createda2_0_2_, certificat2_.description as descript3_0_2_, certificat2_.duration as duration4_0_2_, certificat2_.lastUpdateDate as lastupda5_0_2_, certificat2_.name as name6_0_2_, certificat2_.price as price7_0_2_ from User user0_ left outer join User_Certificate certificat1_ on user0_.id=certificat1_.User_id left outer join Certificate certificat2_ on certificat1_.certificates_id=certificat2_.id where user0_.id=?
Hibernate: select user0_.id as id1_3_0_, user0_.username as username2_3_0_, certificat1_.User_id as user_id1_4_1_, certificat2_.id as certific2_4_1_, certificat2_.id as id1_0_2_, certificat2_.createDate as createda2_0_2_, certificat2_.description as descript3_0_2_, certificat2_.duration as duration4_0_2_, certificat2_.lastUpdateDate as lastupda5_0_2_, certificat2_.name as name6_0_2_, certificat2_.price as price7_0_2_ from User user0_ left outer join User_Certificate certificat1_ on user0_.id=certificat1_.User_id left outer join Certificate certificat2_ on certificat1_.certificates_id=certificat2_.id where user0_.id=?
16:08:23.140 [Test worker] DEBUG org.hibernate.engine.loading.internal.CollectionLoadContext - No collections were found in result set for role: com.epam.esm.model.entity.User.certificates
16:08:23.141 [Test worker] DEBUG org.hibernate.loader.entity.plan.AbstractLoadPlanBasedEntityLoader - Done entity load : com.epam.esm.model.entity.User#100
16:08:23.141 [Test worker] DEBUG org.springframework.orm.jpa.JpaTransactionManager - Found thread-bound EntityManager [SessionImpl(1234333617<open>)] for JPA transaction
16:08:23.141 [Test worker] DEBUG org.springframework.orm.jpa.JpaTransactionManager - Participating in existing transaction
16:08:23.142 [Test worker] DEBUG org.hibernate.engine.spi.ActionQueue - Executing identity-insert immediately
16:08:23.142 [Test worker] DEBUG org.hibernate.SQL - insert into User (id, username) values (null, ?)
Hibernate: insert into User (id, username) values (null, ?)
16:08:23.142 [Test worker] DEBUG org.hibernate.id.IdentifierGeneratorHelper - Natively generated identity: 5
16:08:23.142 [Test worker] DEBUG org.hibernate.resource.jdbc.internal.ResourceRegistryStandardImpl - HHH000387: ResultSet's statement was not registered
16:08:23.143 [Test worker] DEBUG org.hibernate.event.internal.AbstractFlushingEventListener - Processing flush-time cascades
16:08:23.143 [Test worker] DEBUG org.hibernate.event.internal.AbstractFlushingEventListener - Dirty checking collections
16:08:23.143 [Test worker] DEBUG org.hibernate.event.internal.AbstractFlushingEventListener - Flushed: 0 insertions, 0 updates, 0 deletions to 1 objects
16:08:23.143 [Test worker] DEBUG org.hibernate.event.internal.AbstractFlushingEventListener - Flushed: 0 (re)creations, 0 updates, 0 removals to 0 collections
16:08:23.143 [Test worker] DEBUG org.hibernate.internal.util.EntityPrinter - Listing entities:
16:08:23.143 [Test worker] DEBUG org.hibernate.internal.util.EntityPrinter - com.epam.esm.model.entity.User{certificates=null, id=5, username=TEST2}
16:08:23.143 [Test worker] DEBUG org.springframework.orm.jpa.JpaTransactionManager - Found thread-bound EntityManager [SessionImpl(1234333617<open>)] for JPA transaction
16:08:23.143 [Test worker] DEBUG org.springframework.orm.jpa.JpaTransactionManager - Participating in existing transaction
16:08:23.143 [Test worker] DEBUG org.hibernate.SQL - select user0_.id as id1_3_0_, user0_.username as username2_3_0_, certificat1_.User_id as user_id1_4_1_, certificat2_.id as certific2_4_1_, certificat2_.id as id1_0_2_, certificat2_.createDate as createda2_0_2_, certificat2_.description as descript3_0_2_, certificat2_.duration as duration4_0_2_, certificat2_.lastUpdateDate as lastupda5_0_2_, certificat2_.name as name6_0_2_, certificat2_.price as price7_0_2_ from User user0_ left outer join User_Certificate certificat1_ on user0_.id=certificat1_.User_id left outer join Certificate certificat2_ on certificat1_.certificates_id=certificat2_.id where user0_.id=?
Hibernate: select user0_.id as id1_3_0_, user0_.username as username2_3_0_, certificat1_.User_id as user_id1_4_1_, certificat2_.id as certific2_4_1_, certificat2_.id as id1_0_2_, certificat2_.createDate as createda2_0_2_, certificat2_.description as descript3_0_2_, certificat2_.duration as duration4_0_2_, certificat2_.lastUpdateDate as lastupda5_0_2_, certificat2_.name as name6_0_2_, certificat2_.price as price7_0_2_ from User user0_ left outer join User_Certificate certificat1_ on user0_.id=certificat1_.User_id left outer join Certificate certificat2_ on certificat1_.certificates_id=certificat2_.id where user0_.id=?
16:08:23.144 [Test worker] DEBUG org.hibernate.loader.plan.exec.process.internal.EntityReferenceInitializerImpl - On call to EntityIdentifierReaderImpl#resolve, EntityKey was already known; should only happen on root returns with an optional identifier specified
16:08:23.144 [Test worker] DEBUG org.hibernate.loader.plan.exec.process.internal.CollectionReferenceInitializerImpl - Result set contains (possibly empty) collection: [com.epam.esm.model.entity.User.certificates#5]
16:08:23.144 [Test worker] DEBUG org.hibernate.engine.internal.TwoPhaseLoad - Resolving attributes for [com.epam.esm.model.entity.User#5]
16:08:23.144 [Test worker] DEBUG org.hibernate.engine.internal.TwoPhaseLoad - Processing attribute `certificates` : value = NOT NULL COLLECTION
16:08:23.144 [Test worker] DEBUG org.hibernate.engine.internal.TwoPhaseLoad - Attribute (`certificates`)  - enhanced for lazy-loading? - false
16:08:23.144 [Test worker] DEBUG org.hibernate.engine.internal.TwoPhaseLoad - Processing attribute `username` : value = TEST2
16:08:23.144 [Test worker] DEBUG org.hibernate.engine.internal.TwoPhaseLoad - Attribute (`username`)  - enhanced for lazy-loading? - false
16:08:23.144 [Test worker] DEBUG org.hibernate.engine.internal.TwoPhaseLoad - Done materializing entity [com.epam.esm.model.entity.User#5]
16:08:23.144 [Test worker] DEBUG org.hibernate.engine.loading.internal.CollectionLoadContext - 1 collections were found in result set for role: com.epam.esm.model.entity.User.certificates
16:08:23.144 [Test worker] DEBUG org.hibernate.engine.loading.internal.CollectionLoadContext - Collection fully initialized: [com.epam.esm.model.entity.User.certificates#5]
16:08:23.144 [Test worker] DEBUG org.hibernate.engine.loading.internal.CollectionLoadContext - 1 collections initialized for role: com.epam.esm.model.entity.User.certificates
16:08:23.144 [Test worker] DEBUG org.hibernate.loader.entity.plan.AbstractLoadPlanBasedEntityLoader - Done entity load : com.epam.esm.model.entity.User#5
16:08:23.146 [Test worker] DEBUG org.springframework.orm.jpa.JpaTransactionManager - Found thread-bound EntityManager [SessionImpl(1234333617<open>)] for JPA transaction
16:08:23.146 [Test worker] DEBUG org.springframework.orm.jpa.JpaTransactionManager - Participating in existing transaction
16:08:23.146 [Test worker] DEBUG org.hibernate.loader.entity.CacheEntityLoaderHelper - Load request found matching entity in context, but it is scheduled for removal; returning null
16:08:23.147 [Test worker] DEBUG org.springframework.test.context.cache.DefaultCacheAwareContextLoaderDelegate - Retrieved ApplicationContext [980322656] from cache with key [[MergedContextConfiguration@5798eedb testClass = UserDaoImplTest, locations = '{}', classes = '{class test.com.epam.esm.configuration.DaoTestConfiguration}', contextInitializerClasses = '[]', activeProfiles = '{}', propertySourceLocations = '{}', propertySourceProperties = '{}', contextCustomizers = set[org.springframework.boot.test.autoconfigure.actuate.metrics.MetricsExportContextCustomizerFactory$DisableMetricExportContextCustomizer@141e3ca, org.springframework.boot.test.autoconfigure.properties.PropertyMappingContextCustomizer@0, org.springframework.boot.test.autoconfigure.web.servlet.WebDriverContextCustomizerFactory$Customizer@7eb64bb8, org.springframework.boot.test.context.filter.ExcludeFilterContextCustomizer@540f9d1, org.springframework.boot.test.json.DuplicateJsonObjectContextCustomizerFactory$DuplicateJsonObjectContextCustomizer@71d524e2, org.springframework.boot.test.mock.mockito.MockitoContextCustomizer@0], contextLoader = 'org.springframework.test.context.support.DelegatingSmartContextLoader', parent = [null]]]
16:08:23.147 [Test worker] DEBUG org.springframework.test.context.cache - Spring test ApplicationContext cache statistics: [DefaultContextCache@7ea66510 size = 1, maxSize = 32, parentContextCount = 0, hitCount = 54, missCount = 1]
16:08:23.147 [Test worker] DEBUG org.springframework.test.context.cache.DefaultCacheAwareContextLoaderDelegate - Retrieved ApplicationContext [980322656] from cache with key [[MergedContextConfiguration@5798eedb testClass = UserDaoImplTest, locations = '{}', classes = '{class test.com.epam.esm.configuration.DaoTestConfiguration}', contextInitializerClasses = '[]', activeProfiles = '{}', propertySourceLocations = '{}', propertySourceProperties = '{}', contextCustomizers = set[org.springframework.boot.test.autoconfigure.actuate.metrics.MetricsExportContextCustomizerFactory$DisableMetricExportContextCustomizer@141e3ca, org.springframework.boot.test.autoconfigure.properties.PropertyMappingContextCustomizer@0, org.springframework.boot.test.autoconfigure.web.servlet.WebDriverContextCustomizerFactory$Customizer@7eb64bb8, org.springframework.boot.test.context.filter.ExcludeFilterContextCustomizer@540f9d1, org.springframework.boot.test.json.DuplicateJsonObjectContextCustomizerFactory$DuplicateJsonObjectContextCustomizer@71d524e2, org.springframework.boot.test.mock.mockito.MockitoContextCustomizer@0], contextLoader = 'org.springframework.test.context.support.DelegatingSmartContextLoader', parent = [null]]]
16:08:23.147 [Test worker] DEBUG org.springframework.test.context.cache - Spring test ApplicationContext cache statistics: [DefaultContextCache@7ea66510 size = 1, maxSize = 32, parentContextCount = 0, hitCount = 55, missCount = 1]
16:08:23.148 [Test worker] DEBUG org.springframework.test.context.cache.DefaultCacheAwareContextLoaderDelegate - Retrieved ApplicationContext [980322656] from cache with key [[MergedContextConfiguration@5798eedb testClass = UserDaoImplTest, locations = '{}', classes = '{class test.com.epam.esm.configuration.DaoTestConfiguration}', contextInitializerClasses = '[]', activeProfiles = '{}', propertySourceLocations = '{}', propertySourceProperties = '{}', contextCustomizers = set[org.springframework.boot.test.autoconfigure.actuate.metrics.MetricsExportContextCustomizerFactory$DisableMetricExportContextCustomizer@141e3ca, org.springframework.boot.test.autoconfigure.properties.PropertyMappingContextCustomizer@0, org.springframework.boot.test.autoconfigure.web.servlet.WebDriverContextCustomizerFactory$Customizer@7eb64bb8, org.springframework.boot.test.context.filter.ExcludeFilterContextCustomizer@540f9d1, org.springframework.boot.test.json.DuplicateJsonObjectContextCustomizerFactory$DuplicateJsonObjectContextCustomizer@71d524e2, org.springframework.boot.test.mock.mockito.MockitoContextCustomizer@0], contextLoader = 'org.springframework.test.context.support.DelegatingSmartContextLoader', parent = [null]]]
16:08:23.148 [Test worker] DEBUG org.springframework.test.context.cache - Spring test ApplicationContext cache statistics: [DefaultContextCache@7ea66510 size = 1, maxSize = 32, parentContextCount = 0, hitCount = 56, missCount = 1]
16:08:23.148 [Test worker] DEBUG org.springframework.test.context.cache.DefaultCacheAwareContextLoaderDelegate - Retrieved ApplicationContext [980322656] from cache with key [[MergedContextConfiguration@5798eedb testClass = UserDaoImplTest, locations = '{}', classes = '{class test.com.epam.esm.configuration.DaoTestConfiguration}', contextInitializerClasses = '[]', activeProfiles = '{}', propertySourceLocations = '{}', propertySourceProperties = '{}', contextCustomizers = set[org.springframework.boot.test.autoconfigure.actuate.metrics.MetricsExportContextCustomizerFactory$DisableMetricExportContextCustomizer@141e3ca, org.springframework.boot.test.autoconfigure.properties.PropertyMappingContextCustomizer@0, org.springframework.boot.test.autoconfigure.web.servlet.WebDriverContextCustomizerFactory$Customizer@7eb64bb8, org.springframework.boot.test.context.filter.ExcludeFilterContextCustomizer@540f9d1, org.springframework.boot.test.json.DuplicateJsonObjectContextCustomizerFactory$DuplicateJsonObjectContextCustomizer@71d524e2, org.springframework.boot.test.mock.mockito.MockitoContextCustomizer@0], contextLoader = 'org.springframework.test.context.support.DelegatingSmartContextLoader', parent = [null]]]
16:08:23.148 [Test worker] DEBUG org.springframework.test.context.cache - Spring test ApplicationContext cache statistics: [DefaultContextCache@7ea66510 size = 1, maxSize = 32, parentContextCount = 0, hitCount = 57, missCount = 1]
16:08:23.149 [Test worker] DEBUG org.springframework.test.context.cache.DefaultCacheAwareContextLoaderDelegate - Retrieved ApplicationContext [980322656] from cache with key [[MergedContextConfiguration@5798eedb testClass = UserDaoImplTest, locations = '{}', classes = '{class test.com.epam.esm.configuration.DaoTestConfiguration}', contextInitializerClasses = '[]', activeProfiles = '{}', propertySourceLocations = '{}', propertySourceProperties = '{}', contextCustomizers = set[org.springframework.boot.test.autoconfigure.actuate.metrics.MetricsExportContextCustomizerFactory$DisableMetricExportContextCustomizer@141e3ca, org.springframework.boot.test.autoconfigure.properties.PropertyMappingContextCustomizer@0, org.springframework.boot.test.autoconfigure.web.servlet.WebDriverContextCustomizerFactory$Customizer@7eb64bb8, org.springframework.boot.test.context.filter.ExcludeFilterContextCustomizer@540f9d1, org.springframework.boot.test.json.DuplicateJsonObjectContextCustomizerFactory$DuplicateJsonObjectContextCustomizer@71d524e2, org.springframework.boot.test.mock.mockito.MockitoContextCustomizer@0], contextLoader = 'org.springframework.test.context.support.DelegatingSmartContextLoader', parent = [null]]]
16:08:23.149 [Test worker] DEBUG org.springframework.test.context.cache - Spring test ApplicationContext cache statistics: [DefaultContextCache@7ea66510 size = 1, maxSize = 32, parentContextCount = 0, hitCount = 58, missCount = 1]
16:08:23.149 [Test worker] DEBUG org.springframework.test.context.cache.DefaultCacheAwareContextLoaderDelegate - Retrieved ApplicationContext [980322656] from cache with key [[MergedContextConfiguration@5798eedb testClass = UserDaoImplTest, locations = '{}', classes = '{class test.com.epam.esm.configuration.DaoTestConfiguration}', contextInitializerClasses = '[]', activeProfiles = '{}', propertySourceLocations = '{}', propertySourceProperties = '{}', contextCustomizers = set[org.springframework.boot.test.autoconfigure.actuate.metrics.MetricsExportContextCustomizerFactory$DisableMetricExportContextCustomizer@141e3ca, org.springframework.boot.test.autoconfigure.properties.PropertyMappingContextCustomizer@0, org.springframework.boot.test.autoconfigure.web.servlet.WebDriverContextCustomizerFactory$Customizer@7eb64bb8, org.springframework.boot.test.context.filter.ExcludeFilterContextCustomizer@540f9d1, org.springframework.boot.test.json.DuplicateJsonObjectContextCustomizerFactory$DuplicateJsonObjectContextCustomizer@71d524e2, org.springframework.boot.test.mock.mockito.MockitoContextCustomizer@0], contextLoader = 'org.springframework.test.context.support.DelegatingSmartContextLoader', parent = [null]]]
16:08:23.149 [Test worker] DEBUG org.springframework.test.context.cache - Spring test ApplicationContext cache statistics: [DefaultContextCache@7ea66510 size = 1, maxSize = 32, parentContextCount = 0, hitCount = 59, missCount = 1]
16:08:23.150 [Test worker] DEBUG org.springframework.orm.jpa.JpaTransactionManager - Initiating transaction rollback
16:08:23.150 [Test worker] DEBUG org.springframework.orm.jpa.JpaTransactionManager - Rolling back JPA transaction on EntityManager [SessionImpl(1234333617<open>)]
16:08:23.150 [Test worker] DEBUG org.hibernate.engine.transaction.internal.TransactionImpl - rolling back
16:08:23.150 [Test worker] DEBUG org.springframework.orm.jpa.JpaTransactionManager - Closing JPA EntityManager [SessionImpl(1234333617<open>)] after transaction
16:08:23.151 [Test worker] INFO org.hibernate.engine.internal.StatisticalLoggingSessionEventListener - Session Metrics {
    967461 nanoseconds spent acquiring 1 JDBC connections;
    0 nanoseconds spent releasing 0 JDBC connections;
    823225 nanoseconds spent preparing 3 JDBC statements;
    646493 nanoseconds spent executing 3 JDBC statements;
    0 nanoseconds spent executing 0 JDBC batches;
    0 nanoseconds spent performing 0 L2C puts;
    0 nanoseconds spent performing 0 L2C hits;
    0 nanoseconds spent performing 0 L2C misses;
    403631 nanoseconds spent executing 1 flushes (flushing a total of 1 entities and 0 collections);
    0 nanoseconds spent executing 0 partial-flushes (flushing a total of 0 entities and 0 collections)
}
16:08:23.151 [Test worker] INFO org.springframework.test.context.transaction.TransactionContext - Rolled back transaction for test: [DefaultTestContext@7b7af63c testClass = UserDaoImplTest, testInstance = test.com.epam.esm.dao.impl.UserDaoImplTest@22d27cd4, testMethod = deleteTest@UserDaoImplTest, testException = [null], mergedContextConfiguration = [MergedContextConfiguration@5798eedb testClass = UserDaoImplTest, locations = '{}', classes = '{class test.com.epam.esm.configuration.DaoTestConfiguration}', contextInitializerClasses = '[]', activeProfiles = '{}', propertySourceLocations = '{}', propertySourceProperties = '{}', contextCustomizers = set[org.springframework.boot.test.autoconfigure.actuate.metrics.MetricsExportContextCustomizerFactory$DisableMetricExportContextCustomizer@141e3ca, org.springframework.boot.test.autoconfigure.properties.PropertyMappingContextCustomizer@0, org.springframework.boot.test.autoconfigure.web.servlet.WebDriverContextCustomizerFactory$Customizer@7eb64bb8, org.springframework.boot.test.context.filter.ExcludeFilterContextCustomizer@540f9d1, org.springframework.boot.test.json.DuplicateJsonObjectContextCustomizerFactory$DuplicateJsonObjectContextCustomizer@71d524e2, org.springframework.boot.test.mock.mockito.MockitoContextCustomizer@0], contextLoader = 'org.springframework.test.context.support.DelegatingSmartContextLoader', parent = [null]], attributes = map['org.springframework.test.context.event.ApplicationEventsTestExecutionListener.recordApplicationEvents' -> false]]
16:08:23.151 [Test worker] DEBUG org.springframework.test.context.support.AbstractDirtiesContextTestExecutionListener - After test method: context [DefaultTestContext@7b7af63c testClass = UserDaoImplTest, testInstance = test.com.epam.esm.dao.impl.UserDaoImplTest@22d27cd4, testMethod = deleteTest@UserDaoImplTest, testException = [null], mergedContextConfiguration = [MergedContextConfiguration@5798eedb testClass = UserDaoImplTest, locations = '{}', classes = '{class test.com.epam.esm.configuration.DaoTestConfiguration}', contextInitializerClasses = '[]', activeProfiles = '{}', propertySourceLocations = '{}', propertySourceProperties = '{}', contextCustomizers = set[org.springframework.boot.test.autoconfigure.actuate.metrics.MetricsExportContextCustomizerFactory$DisableMetricExportContextCustomizer@141e3ca, org.springframework.boot.test.autoconfigure.properties.PropertyMappingContextCustomizer@0, org.springframework.boot.test.autoconfigure.web.servlet.WebDriverContextCustomizerFactory$Customizer@7eb64bb8, org.springframework.boot.test.context.filter.ExcludeFilterContextCustomizer@540f9d1, org.springframework.boot.test.json.DuplicateJsonObjectContextCustomizerFactory$DuplicateJsonObjectContextCustomizer@71d524e2, org.springframework.boot.test.mock.mockito.MockitoContextCustomizer@0], contextLoader = 'org.springframework.test.context.support.DelegatingSmartContextLoader', parent = [null]], attributes = map['org.springframework.test.context.event.ApplicationEventsTestExecutionListener.recordApplicationEvents' -> false]], class annotated with @DirtiesContext [false] with mode [null], method annotated with @DirtiesContext [false] with mode [null].
16:08:23.154 [Test worker] DEBUG org.springframework.test.context.cache.DefaultCacheAwareContextLoaderDelegate - Retrieved ApplicationContext [980322656] from cache with key [[MergedContextConfiguration@5798eedb testClass = UserDaoImplTest, locations = '{}', classes = '{class test.com.epam.esm.configuration.DaoTestConfiguration}', contextInitializerClasses = '[]', activeProfiles = '{}', propertySourceLocations = '{}', propertySourceProperties = '{}', contextCustomizers = set[org.springframework.boot.test.autoconfigure.actuate.metrics.MetricsExportContextCustomizerFactory$DisableMetricExportContextCustomizer@141e3ca, org.springframework.boot.test.autoconfigure.properties.PropertyMappingContextCustomizer@0, org.springframework.boot.test.autoconfigure.web.servlet.WebDriverContextCustomizerFactory$Customizer@7eb64bb8, org.springframework.boot.test.context.filter.ExcludeFilterContextCustomizer@540f9d1, org.springframework.boot.test.json.DuplicateJsonObjectContextCustomizerFactory$DuplicateJsonObjectContextCustomizer@71d524e2, org.springframework.boot.test.mock.mockito.MockitoContextCustomizer@0], contextLoader = 'org.springframework.test.context.support.DelegatingSmartContextLoader', parent = [null]]]
16:08:23.154 [Test worker] DEBUG org.springframework.test.context.cache - Spring test ApplicationContext cache statistics: [DefaultContextCache@7ea66510 size = 1, maxSize = 32, parentContextCount = 0, hitCount = 60, missCount = 1]
16:08:23.154 [Test worker] DEBUG org.springframework.test.context.support.AbstractDirtiesContextTestExecutionListener - After test class: context [DefaultTestContext@7b7af63c testClass = UserDaoImplTest, testInstance = [null], testMethod = [null], testException = [null], mergedContextConfiguration = [MergedContextConfiguration@5798eedb testClass = UserDaoImplTest, locations = '{}', classes = '{class test.com.epam.esm.configuration.DaoTestConfiguration}', contextInitializerClasses = '[]', activeProfiles = '{}', propertySourceLocations = '{}', propertySourceProperties = '{}', contextCustomizers = set[org.springframework.boot.test.autoconfigure.actuate.metrics.MetricsExportContextCustomizerFactory$DisableMetricExportContextCustomizer@141e3ca, org.springframework.boot.test.autoconfigure.properties.PropertyMappingContextCustomizer@0, org.springframework.boot.test.autoconfigure.web.servlet.WebDriverContextCustomizerFactory$Customizer@7eb64bb8, org.springframework.boot.test.context.filter.ExcludeFilterContextCustomizer@540f9d1, org.springframework.boot.test.json.DuplicateJsonObjectContextCustomizerFactory$DuplicateJsonObjectContextCustomizer@71d524e2, org.springframework.boot.test.mock.mockito.MockitoContextCustomizer@0], contextLoader = 'org.springframework.test.context.support.DelegatingSmartContextLoader', parent = [null]], attributes = map['org.springframework.test.context.event.ApplicationEventsTestExecutionListener.recordApplicationEvents' -> false]], class annotated with @DirtiesContext [false] with mode [null].
]]></system-out>
  <system-err><![CDATA[]]></system-err>
</testsuite>
