<?xml version="1.0" encoding="UTF-8"?>
<testsuite name="com.epam.esm.dao.impl.TagDaoImplTest" tests="5" skipped="0" failures="0" errors="0" timestamp="2021-11-06T02:18:27" hostname="RazorLTP" time="0.11">
  <properties/>
  <testcase name="loadByIdTest()" classname="com.epam.esm.dao.impl.TagDaoImplTest" time="0.013"/>
  <testcase name="loadAllTest()" classname="com.epam.esm.dao.impl.TagDaoImplTest" time="0.046"/>
  <testcase name="loadByNameTest()" classname="com.epam.esm.dao.impl.TagDaoImplTest" time="0.013"/>
  <testcase name="createTest()" classname="com.epam.esm.dao.impl.TagDaoImplTest" time="0.015"/>
  <testcase name="deleteTest()" classname="com.epam.esm.dao.impl.TagDaoImplTest" time="0.016"/>
  <system-out><![CDATA[05:18:27.927 [Test worker] DEBUG org.springframework.test.context.BootstrapUtils - Instantiating CacheAwareContextLoaderDelegate from class [org.springframework.test.context.cache.DefaultCacheAwareContextLoaderDelegate]
05:18:27.927 [Test worker] DEBUG org.springframework.test.context.BootstrapUtils - Instantiating BootstrapContext using constructor [public org.springframework.test.context.support.DefaultBootstrapContext(java.lang.Class,org.springframework.test.context.CacheAwareContextLoaderDelegate)]
05:18:27.932 [Test worker] DEBUG org.springframework.test.context.BootstrapUtils - Instantiating TestContextBootstrapper for test class [com.epam.esm.dao.impl.TagDaoImplTest] from class [org.springframework.test.context.support.DefaultTestContextBootstrapper]
05:18:27.934 [Test worker] DEBUG org.springframework.test.context.support.AbstractDelegatingSmartContextLoader - Delegating to AnnotationConfigContextLoader to process context configuration [ContextConfigurationAttributes@136240cf declaringClass = 'com.epam.esm.dao.impl.TagDaoImplTest', classes = '{class com.epam.esm.configuration.DaoTestConfiguration}', locations = '{}', inheritLocations = true, initializers = '{}', inheritInitializers = true, name = [null], contextLoaderClass = 'org.springframework.test.context.ContextLoader'].
05:18:27.936 [Test worker] DEBUG org.springframework.test.context.support.ActiveProfilesUtils - Could not find an 'annotation declaring class' for annotation type [org.springframework.test.context.ActiveProfiles] and class [com.epam.esm.dao.impl.TagDaoImplTest]
05:18:27.936 [Test worker] DEBUG org.springframework.test.context.support.DefaultTestContextBootstrapper - @TestExecutionListeners is not present for class [com.epam.esm.dao.impl.TagDaoImplTest]: using defaults.
05:18:27.936 [Test worker] INFO org.springframework.test.context.support.DefaultTestContextBootstrapper - Loaded default TestExecutionListener class names from location [META-INF/spring.factories]: [org.springframework.boot.test.autoconfigure.restdocs.RestDocsTestExecutionListener, org.springframework.boot.test.autoconfigure.web.client.MockRestServiceServerResetTestExecutionListener, org.springframework.boot.test.autoconfigure.web.servlet.MockMvcPrintOnlyOnFailureTestExecutionListener, org.springframework.boot.test.autoconfigure.web.servlet.WebDriverTestExecutionListener, org.springframework.boot.test.autoconfigure.webservices.client.MockWebServiceServerTestExecutionListener, org.springframework.boot.test.mock.mockito.MockitoTestExecutionListener, org.springframework.boot.test.mock.mockito.ResetMocksTestExecutionListener, org.springframework.test.context.web.ServletTestExecutionListener, org.springframework.test.context.support.DirtiesContextBeforeModesTestExecutionListener, org.springframework.test.context.event.ApplicationEventsTestExecutionListener, org.springframework.test.context.support.DependencyInjectionTestExecutionListener, org.springframework.test.context.support.DirtiesContextTestExecutionListener, org.springframework.test.context.transaction.TransactionalTestExecutionListener, org.springframework.test.context.jdbc.SqlScriptsTestExecutionListener, org.springframework.test.context.event.EventPublishingTestExecutionListener]
05:18:27.936 [Test worker] DEBUG org.springframework.test.context.support.DefaultTestContextBootstrapper - Skipping candidate TestExecutionListener [org.springframework.test.context.web.ServletTestExecutionListener] due to a missing dependency. Specify custom listener classes or make the default listener classes and their required dependencies available. Offending class: [javax/servlet/ServletContext]
05:18:27.936 [Test worker] INFO org.springframework.test.context.support.DefaultTestContextBootstrapper - Using TestExecutionListeners: [org.springframework.test.context.support.DirtiesContextBeforeModesTestExecutionListener@75c42e9, org.springframework.test.context.event.ApplicationEventsTestExecutionListener@69d56a40, org.springframework.boot.test.mock.mockito.MockitoTestExecutionListener@2bd5c68d, org.springframework.test.context.support.DependencyInjectionTestExecutionListener@2ab08f00, org.springframework.test.context.support.DirtiesContextTestExecutionListener@4f1edbb5, org.springframework.test.context.transaction.TransactionalTestExecutionListener@d5b3f7c, org.springframework.test.context.jdbc.SqlScriptsTestExecutionListener@8bf61f4, org.springframework.test.context.event.EventPublishingTestExecutionListener@2659376c, org.springframework.boot.test.autoconfigure.restdocs.RestDocsTestExecutionListener@1f239361, org.springframework.boot.test.autoconfigure.web.client.MockRestServiceServerResetTestExecutionListener@4bd7ef26, org.springframework.boot.test.autoconfigure.web.servlet.MockMvcPrintOnlyOnFailureTestExecutionListener@38149769, org.springframework.boot.test.autoconfigure.web.servlet.WebDriverTestExecutionListener@57992550, org.springframework.boot.test.autoconfigure.webservices.client.MockWebServiceServerTestExecutionListener@54220c59, org.springframework.boot.test.mock.mockito.ResetMocksTestExecutionListener@20787724]
05:18:27.937 [Test worker] DEBUG org.springframework.test.context.support.AbstractDirtiesContextTestExecutionListener - Before test class: context [DefaultTestContext@3c4b139d testClass = TagDaoImplTest, testInstance = [null], testMethod = [null], testException = [null], mergedContextConfiguration = [MergedContextConfiguration@226602e1 testClass = TagDaoImplTest, locations = '{}', classes = '{class com.epam.esm.configuration.DaoTestConfiguration}', contextInitializerClasses = '[]', activeProfiles = '{}', propertySourceLocations = '{}', propertySourceProperties = '{}', contextCustomizers = set[org.springframework.boot.test.autoconfigure.actuate.metrics.MetricsExportContextCustomizerFactory$DisableMetricExportContextCustomizer@5e04c722, org.springframework.boot.test.autoconfigure.properties.PropertyMappingContextCustomizer@0, org.springframework.boot.test.autoconfigure.web.servlet.WebDriverContextCustomizerFactory$Customizer@460ecfa8, org.springframework.boot.test.context.filter.ExcludeFilterContextCustomizer@1b165e5f, org.springframework.boot.test.json.DuplicateJsonObjectContextCustomizerFactory$DuplicateJsonObjectContextCustomizer@f93eaef, org.springframework.boot.test.mock.mockito.MockitoContextCustomizer@0], contextLoader = 'org.springframework.test.context.support.DelegatingSmartContextLoader', parent = [null]], attributes = map[[empty]]], class annotated with @DirtiesContext [false] with mode [null].
05:18:27.937 [Test worker] DEBUG org.springframework.test.context.cache.DefaultCacheAwareContextLoaderDelegate - Retrieved ApplicationContext [733602954] from cache with key [[MergedContextConfiguration@226602e1 testClass = TagDaoImplTest, locations = '{}', classes = '{class com.epam.esm.configuration.DaoTestConfiguration}', contextInitializerClasses = '[]', activeProfiles = '{}', propertySourceLocations = '{}', propertySourceProperties = '{}', contextCustomizers = set[org.springframework.boot.test.autoconfigure.actuate.metrics.MetricsExportContextCustomizerFactory$DisableMetricExportContextCustomizer@5e04c722, org.springframework.boot.test.autoconfigure.properties.PropertyMappingContextCustomizer@0, org.springframework.boot.test.autoconfigure.web.servlet.WebDriverContextCustomizerFactory$Customizer@460ecfa8, org.springframework.boot.test.context.filter.ExcludeFilterContextCustomizer@1b165e5f, org.springframework.boot.test.json.DuplicateJsonObjectContextCustomizerFactory$DuplicateJsonObjectContextCustomizer@f93eaef, org.springframework.boot.test.mock.mockito.MockitoContextCustomizer@0], contextLoader = 'org.springframework.test.context.support.DelegatingSmartContextLoader', parent = [null]]]
05:18:27.937 [Test worker] DEBUG org.springframework.test.context.cache - Spring test ApplicationContext cache statistics: [DefaultContextCache@34b4204d size = 1, maxSize = 32, parentContextCount = 0, hitCount = 137, missCount = 1]
05:18:27.938 [Test worker] DEBUG org.springframework.test.context.support.DependencyInjectionTestExecutionListener - Performing dependency injection for test context [[DefaultTestContext@3c4b139d testClass = TagDaoImplTest, testInstance = com.epam.esm.dao.impl.TagDaoImplTest@66629230, testMethod = [null], testException = [null], mergedContextConfiguration = [MergedContextConfiguration@226602e1 testClass = TagDaoImplTest, locations = '{}', classes = '{class com.epam.esm.configuration.DaoTestConfiguration}', contextInitializerClasses = '[]', activeProfiles = '{}', propertySourceLocations = '{}', propertySourceProperties = '{}', contextCustomizers = set[org.springframework.boot.test.autoconfigure.actuate.metrics.MetricsExportContextCustomizerFactory$DisableMetricExportContextCustomizer@5e04c722, org.springframework.boot.test.autoconfigure.properties.PropertyMappingContextCustomizer@0, org.springframework.boot.test.autoconfigure.web.servlet.WebDriverContextCustomizerFactory$Customizer@460ecfa8, org.springframework.boot.test.context.filter.ExcludeFilterContextCustomizer@1b165e5f, org.springframework.boot.test.json.DuplicateJsonObjectContextCustomizerFactory$DuplicateJsonObjectContextCustomizer@f93eaef, org.springframework.boot.test.mock.mockito.MockitoContextCustomizer@0], contextLoader = 'org.springframework.test.context.support.DelegatingSmartContextLoader', parent = [null]], attributes = map['org.springframework.test.context.event.ApplicationEventsTestExecutionListener.recordApplicationEvents' -> false]]].
05:18:27.938 [Test worker] DEBUG org.springframework.test.context.cache.DefaultCacheAwareContextLoaderDelegate - Retrieved ApplicationContext [733602954] from cache with key [[MergedContextConfiguration@226602e1 testClass = TagDaoImplTest, locations = '{}', classes = '{class com.epam.esm.configuration.DaoTestConfiguration}', contextInitializerClasses = '[]', activeProfiles = '{}', propertySourceLocations = '{}', propertySourceProperties = '{}', contextCustomizers = set[org.springframework.boot.test.autoconfigure.actuate.metrics.MetricsExportContextCustomizerFactory$DisableMetricExportContextCustomizer@5e04c722, org.springframework.boot.test.autoconfigure.properties.PropertyMappingContextCustomizer@0, org.springframework.boot.test.autoconfigure.web.servlet.WebDriverContextCustomizerFactory$Customizer@460ecfa8, org.springframework.boot.test.context.filter.ExcludeFilterContextCustomizer@1b165e5f, org.springframework.boot.test.json.DuplicateJsonObjectContextCustomizerFactory$DuplicateJsonObjectContextCustomizer@f93eaef, org.springframework.boot.test.mock.mockito.MockitoContextCustomizer@0], contextLoader = 'org.springframework.test.context.support.DelegatingSmartContextLoader', parent = [null]]]
05:18:27.938 [Test worker] DEBUG org.springframework.test.context.cache - Spring test ApplicationContext cache statistics: [DefaultContextCache@34b4204d size = 1, maxSize = 32, parentContextCount = 0, hitCount = 138, missCount = 1]
05:18:27.940 [Test worker] DEBUG org.springframework.test.context.cache.DefaultCacheAwareContextLoaderDelegate - Retrieved ApplicationContext [733602954] from cache with key [[MergedContextConfiguration@226602e1 testClass = TagDaoImplTest, locations = '{}', classes = '{class com.epam.esm.configuration.DaoTestConfiguration}', contextInitializerClasses = '[]', activeProfiles = '{}', propertySourceLocations = '{}', propertySourceProperties = '{}', contextCustomizers = set[org.springframework.boot.test.autoconfigure.actuate.metrics.MetricsExportContextCustomizerFactory$DisableMetricExportContextCustomizer@5e04c722, org.springframework.boot.test.autoconfigure.properties.PropertyMappingContextCustomizer@0, org.springframework.boot.test.autoconfigure.web.servlet.WebDriverContextCustomizerFactory$Customizer@460ecfa8, org.springframework.boot.test.context.filter.ExcludeFilterContextCustomizer@1b165e5f, org.springframework.boot.test.json.DuplicateJsonObjectContextCustomizerFactory$DuplicateJsonObjectContextCustomizer@f93eaef, org.springframework.boot.test.mock.mockito.MockitoContextCustomizer@0], contextLoader = 'org.springframework.test.context.support.DelegatingSmartContextLoader', parent = [null]]]
05:18:27.940 [Test worker] DEBUG org.springframework.test.context.cache - Spring test ApplicationContext cache statistics: [DefaultContextCache@34b4204d size = 1, maxSize = 32, parentContextCount = 0, hitCount = 139, missCount = 1]
05:18:27.942 [Test worker] DEBUG org.springframework.test.context.support.AbstractDirtiesContextTestExecutionListener - Before test method: context [DefaultTestContext@3c4b139d testClass = TagDaoImplTest, testInstance = com.epam.esm.dao.impl.TagDaoImplTest@66629230, testMethod = loadByIdTest@TagDaoImplTest, testException = [null], mergedContextConfiguration = [MergedContextConfiguration@226602e1 testClass = TagDaoImplTest, locations = '{}', classes = '{class com.epam.esm.configuration.DaoTestConfiguration}', contextInitializerClasses = '[]', activeProfiles = '{}', propertySourceLocations = '{}', propertySourceProperties = '{}', contextCustomizers = set[org.springframework.boot.test.autoconfigure.actuate.metrics.MetricsExportContextCustomizerFactory$DisableMetricExportContextCustomizer@5e04c722, org.springframework.boot.test.autoconfigure.properties.PropertyMappingContextCustomizer@0, org.springframework.boot.test.autoconfigure.web.servlet.WebDriverContextCustomizerFactory$Customizer@460ecfa8, org.springframework.boot.test.context.filter.ExcludeFilterContextCustomizer@1b165e5f, org.springframework.boot.test.json.DuplicateJsonObjectContextCustomizerFactory$DuplicateJsonObjectContextCustomizer@f93eaef, org.springframework.boot.test.mock.mockito.MockitoContextCustomizer@0], contextLoader = 'org.springframework.test.context.support.DelegatingSmartContextLoader', parent = [null]], attributes = map['org.springframework.test.context.event.ApplicationEventsTestExecutionListener.recordApplicationEvents' -> false]], class annotated with @DirtiesContext [false] with mode [null], method annotated with @DirtiesContext [false] with mode [null].
05:18:27.943 [Test worker] DEBUG org.springframework.test.context.transaction.TransactionalTestExecutionListener - Explicit transaction definition [PROPAGATION_REQUIRED,ISOLATION_DEFAULT] found for test context [DefaultTestContext@3c4b139d testClass = TagDaoImplTest, testInstance = com.epam.esm.dao.impl.TagDaoImplTest@66629230, testMethod = loadByIdTest@TagDaoImplTest, testException = [null], mergedContextConfiguration = [MergedContextConfiguration@226602e1 testClass = TagDaoImplTest, locations = '{}', classes = '{class com.epam.esm.configuration.DaoTestConfiguration}', contextInitializerClasses = '[]', activeProfiles = '{}', propertySourceLocations = '{}', propertySourceProperties = '{}', contextCustomizers = set[org.springframework.boot.test.autoconfigure.actuate.metrics.MetricsExportContextCustomizerFactory$DisableMetricExportContextCustomizer@5e04c722, org.springframework.boot.test.autoconfigure.properties.PropertyMappingContextCustomizer@0, org.springframework.boot.test.autoconfigure.web.servlet.WebDriverContextCustomizerFactory$Customizer@460ecfa8, org.springframework.boot.test.context.filter.ExcludeFilterContextCustomizer@1b165e5f, org.springframework.boot.test.json.DuplicateJsonObjectContextCustomizerFactory$DuplicateJsonObjectContextCustomizer@f93eaef, org.springframework.boot.test.mock.mockito.MockitoContextCustomizer@0], contextLoader = 'org.springframework.test.context.support.DelegatingSmartContextLoader', parent = [null]], attributes = map['org.springframework.test.context.event.ApplicationEventsTestExecutionListener.recordApplicationEvents' -> false]]
05:18:27.943 [Test worker] DEBUG org.springframework.test.context.cache.DefaultCacheAwareContextLoaderDelegate - Retrieved ApplicationContext [733602954] from cache with key [[MergedContextConfiguration@226602e1 testClass = TagDaoImplTest, locations = '{}', classes = '{class com.epam.esm.configuration.DaoTestConfiguration}', contextInitializerClasses = '[]', activeProfiles = '{}', propertySourceLocations = '{}', propertySourceProperties = '{}', contextCustomizers = set[org.springframework.boot.test.autoconfigure.actuate.metrics.MetricsExportContextCustomizerFactory$DisableMetricExportContextCustomizer@5e04c722, org.springframework.boot.test.autoconfigure.properties.PropertyMappingContextCustomizer@0, org.springframework.boot.test.autoconfigure.web.servlet.WebDriverContextCustomizerFactory$Customizer@460ecfa8, org.springframework.boot.test.context.filter.ExcludeFilterContextCustomizer@1b165e5f, org.springframework.boot.test.json.DuplicateJsonObjectContextCustomizerFactory$DuplicateJsonObjectContextCustomizer@f93eaef, org.springframework.boot.test.mock.mockito.MockitoContextCustomizer@0], contextLoader = 'org.springframework.test.context.support.DelegatingSmartContextLoader', parent = [null]]]
05:18:27.943 [Test worker] DEBUG org.springframework.test.context.cache - Spring test ApplicationContext cache statistics: [DefaultContextCache@34b4204d size = 1, maxSize = 32, parentContextCount = 0, hitCount = 140, missCount = 1]
05:18:27.943 [Test worker] DEBUG org.springframework.test.context.transaction.TransactionalTestExecutionListener - No method-level @Rollback override: using default rollback [true] for test context [DefaultTestContext@3c4b139d testClass = TagDaoImplTest, testInstance = com.epam.esm.dao.impl.TagDaoImplTest@66629230, testMethod = loadByIdTest@TagDaoImplTest, testException = [null], mergedContextConfiguration = [MergedContextConfiguration@226602e1 testClass = TagDaoImplTest, locations = '{}', classes = '{class com.epam.esm.configuration.DaoTestConfiguration}', contextInitializerClasses = '[]', activeProfiles = '{}', propertySourceLocations = '{}', propertySourceProperties = '{}', contextCustomizers = set[org.springframework.boot.test.autoconfigure.actuate.metrics.MetricsExportContextCustomizerFactory$DisableMetricExportContextCustomizer@5e04c722, org.springframework.boot.test.autoconfigure.properties.PropertyMappingContextCustomizer@0, org.springframework.boot.test.autoconfigure.web.servlet.WebDriverContextCustomizerFactory$Customizer@460ecfa8, org.springframework.boot.test.context.filter.ExcludeFilterContextCustomizer@1b165e5f, org.springframework.boot.test.json.DuplicateJsonObjectContextCustomizerFactory$DuplicateJsonObjectContextCustomizer@f93eaef, org.springframework.boot.test.mock.mockito.MockitoContextCustomizer@0], contextLoader = 'org.springframework.test.context.support.DelegatingSmartContextLoader', parent = [null]], attributes = map['org.springframework.test.context.event.ApplicationEventsTestExecutionListener.recordApplicationEvents' -> false]].
05:18:27.944 [Test worker] DEBUG org.springframework.orm.jpa.JpaTransactionManager - Creating new transaction with name [com.epam.esm.dao.impl.TagDaoImplTest.loadByIdTest]: PROPAGATION_REQUIRED,ISOLATION_DEFAULT
05:18:27.944 [Test worker] DEBUG org.springframework.orm.jpa.JpaTransactionManager - Opened new EntityManager [SessionImpl(29306742<open>)] for JPA transaction
05:18:27.944 [Test worker] DEBUG org.hibernate.engine.transaction.internal.TransactionImpl - On TransactionImpl creation, JpaCompliance#isJpaTransactionComplianceEnabled == false
05:18:27.944 [Test worker] DEBUG org.hibernate.engine.transaction.internal.TransactionImpl - begin
05:18:27.944 [Test worker] DEBUG org.springframework.jdbc.datasource.DriverManagerDataSource - Creating new JDBC DriverManager Connection to [jdbc:h2:mem:second;DB_CLOSE_DELAY=-1]
05:18:27.945 [Test worker] DEBUG org.springframework.orm.jpa.JpaTransactionManager - Exposing JPA transaction as JDBC [org.springframework.orm.jpa.vendor.HibernateJpaDialect$HibernateConnectionHandle@364af846]
05:18:27.945 [Test worker] INFO org.springframework.test.context.transaction.TransactionContext - Began transaction (1) for test context [DefaultTestContext@3c4b139d testClass = TagDaoImplTest, testInstance = com.epam.esm.dao.impl.TagDaoImplTest@66629230, testMethod = loadByIdTest@TagDaoImplTest, testException = [null], mergedContextConfiguration = [MergedContextConfiguration@226602e1 testClass = TagDaoImplTest, locations = '{}', classes = '{class com.epam.esm.configuration.DaoTestConfiguration}', contextInitializerClasses = '[]', activeProfiles = '{}', propertySourceLocations = '{}', propertySourceProperties = '{}', contextCustomizers = set[org.springframework.boot.test.autoconfigure.actuate.metrics.MetricsExportContextCustomizerFactory$DisableMetricExportContextCustomizer@5e04c722, org.springframework.boot.test.autoconfigure.properties.PropertyMappingContextCustomizer@0, org.springframework.boot.test.autoconfigure.web.servlet.WebDriverContextCustomizerFactory$Customizer@460ecfa8, org.springframework.boot.test.context.filter.ExcludeFilterContextCustomizer@1b165e5f, org.springframework.boot.test.json.DuplicateJsonObjectContextCustomizerFactory$DuplicateJsonObjectContextCustomizer@f93eaef, org.springframework.boot.test.mock.mockito.MockitoContextCustomizer@0], contextLoader = 'org.springframework.test.context.support.DelegatingSmartContextLoader', parent = [null]], attributes = map['org.springframework.test.context.event.ApplicationEventsTestExecutionListener.recordApplicationEvents' -> false]]; transaction manager [org.springframework.orm.jpa.JpaTransactionManager@2da89516]; rollback [true]
05:18:27.945 [Test worker] DEBUG org.springframework.test.context.cache.DefaultCacheAwareContextLoaderDelegate - Retrieved ApplicationContext [733602954] from cache with key [[MergedContextConfiguration@226602e1 testClass = TagDaoImplTest, locations = '{}', classes = '{class com.epam.esm.configuration.DaoTestConfiguration}', contextInitializerClasses = '[]', activeProfiles = '{}', propertySourceLocations = '{}', propertySourceProperties = '{}', contextCustomizers = set[org.springframework.boot.test.autoconfigure.actuate.metrics.MetricsExportContextCustomizerFactory$DisableMetricExportContextCustomizer@5e04c722, org.springframework.boot.test.autoconfigure.properties.PropertyMappingContextCustomizer@0, org.springframework.boot.test.autoconfigure.web.servlet.WebDriverContextCustomizerFactory$Customizer@460ecfa8, org.springframework.boot.test.context.filter.ExcludeFilterContextCustomizer@1b165e5f, org.springframework.boot.test.json.DuplicateJsonObjectContextCustomizerFactory$DuplicateJsonObjectContextCustomizer@f93eaef, org.springframework.boot.test.mock.mockito.MockitoContextCustomizer@0], contextLoader = 'org.springframework.test.context.support.DelegatingSmartContextLoader', parent = [null]]]
05:18:27.945 [Test worker] DEBUG org.springframework.test.context.cache - Spring test ApplicationContext cache statistics: [DefaultContextCache@34b4204d size = 1, maxSize = 32, parentContextCount = 0, hitCount = 141, missCount = 1]
05:18:27.946 [Test worker] DEBUG org.springframework.test.context.cache.DefaultCacheAwareContextLoaderDelegate - Retrieved ApplicationContext [733602954] from cache with key [[MergedContextConfiguration@226602e1 testClass = TagDaoImplTest, locations = '{}', classes = '{class com.epam.esm.configuration.DaoTestConfiguration}', contextInitializerClasses = '[]', activeProfiles = '{}', propertySourceLocations = '{}', propertySourceProperties = '{}', contextCustomizers = set[org.springframework.boot.test.autoconfigure.actuate.metrics.MetricsExportContextCustomizerFactory$DisableMetricExportContextCustomizer@5e04c722, org.springframework.boot.test.autoconfigure.properties.PropertyMappingContextCustomizer@0, org.springframework.boot.test.autoconfigure.web.servlet.WebDriverContextCustomizerFactory$Customizer@460ecfa8, org.springframework.boot.test.context.filter.ExcludeFilterContextCustomizer@1b165e5f, org.springframework.boot.test.json.DuplicateJsonObjectContextCustomizerFactory$DuplicateJsonObjectContextCustomizer@f93eaef, org.springframework.boot.test.mock.mockito.MockitoContextCustomizer@0], contextLoader = 'org.springframework.test.context.support.DelegatingSmartContextLoader', parent = [null]]]
05:18:27.946 [Test worker] DEBUG org.springframework.test.context.cache - Spring test ApplicationContext cache statistics: [DefaultContextCache@34b4204d size = 1, maxSize = 32, parentContextCount = 0, hitCount = 142, missCount = 1]
05:18:27.947 [Test worker] DEBUG org.springframework.test.context.cache.DefaultCacheAwareContextLoaderDelegate - Retrieved ApplicationContext [733602954] from cache with key [[MergedContextConfiguration@226602e1 testClass = TagDaoImplTest, locations = '{}', classes = '{class com.epam.esm.configuration.DaoTestConfiguration}', contextInitializerClasses = '[]', activeProfiles = '{}', propertySourceLocations = '{}', propertySourceProperties = '{}', contextCustomizers = set[org.springframework.boot.test.autoconfigure.actuate.metrics.MetricsExportContextCustomizerFactory$DisableMetricExportContextCustomizer@5e04c722, org.springframework.boot.test.autoconfigure.properties.PropertyMappingContextCustomizer@0, org.springframework.boot.test.autoconfigure.web.servlet.WebDriverContextCustomizerFactory$Customizer@460ecfa8, org.springframework.boot.test.context.filter.ExcludeFilterContextCustomizer@1b165e5f, org.springframework.boot.test.json.DuplicateJsonObjectContextCustomizerFactory$DuplicateJsonObjectContextCustomizer@f93eaef, org.springframework.boot.test.mock.mockito.MockitoContextCustomizer@0], contextLoader = 'org.springframework.test.context.support.DelegatingSmartContextLoader', parent = [null]]]
05:18:27.947 [Test worker] DEBUG org.springframework.test.context.cache - Spring test ApplicationContext cache statistics: [DefaultContextCache@34b4204d size = 1, maxSize = 32, parentContextCount = 0, hitCount = 143, missCount = 1]
05:18:27.947 [Test worker] DEBUG org.hibernate.engine.spi.ActionQueue - Executing identity-insert immediately
05:18:27.947 [Test worker] DEBUG org.hibernate.SQL - insert into TagEntity (id, name) values (null, ?)
Hibernate: insert into TagEntity (id, name) values (null, ?)
05:18:27.948 [Test worker] DEBUG org.hibernate.id.IdentifierGeneratorHelper - Natively generated identity: 1
05:18:27.949 [Test worker] DEBUG org.hibernate.resource.jdbc.internal.ResourceRegistryStandardImpl - HHH000387: ResultSet's statement was not registered
05:18:27.950 [Test worker] DEBUG org.springframework.test.context.cache.DefaultCacheAwareContextLoaderDelegate - Retrieved ApplicationContext [733602954] from cache with key [[MergedContextConfiguration@226602e1 testClass = TagDaoImplTest, locations = '{}', classes = '{class com.epam.esm.configuration.DaoTestConfiguration}', contextInitializerClasses = '[]', activeProfiles = '{}', propertySourceLocations = '{}', propertySourceProperties = '{}', contextCustomizers = set[org.springframework.boot.test.autoconfigure.actuate.metrics.MetricsExportContextCustomizerFactory$DisableMetricExportContextCustomizer@5e04c722, org.springframework.boot.test.autoconfigure.properties.PropertyMappingContextCustomizer@0, org.springframework.boot.test.autoconfigure.web.servlet.WebDriverContextCustomizerFactory$Customizer@460ecfa8, org.springframework.boot.test.context.filter.ExcludeFilterContextCustomizer@1b165e5f, org.springframework.boot.test.json.DuplicateJsonObjectContextCustomizerFactory$DuplicateJsonObjectContextCustomizer@f93eaef, org.springframework.boot.test.mock.mockito.MockitoContextCustomizer@0], contextLoader = 'org.springframework.test.context.support.DelegatingSmartContextLoader', parent = [null]]]
05:18:27.950 [Test worker] DEBUG org.springframework.test.context.cache - Spring test ApplicationContext cache statistics: [DefaultContextCache@34b4204d size = 1, maxSize = 32, parentContextCount = 0, hitCount = 144, missCount = 1]
05:18:27.950 [Test worker] DEBUG org.springframework.test.context.cache.DefaultCacheAwareContextLoaderDelegate - Retrieved ApplicationContext [733602954] from cache with key [[MergedContextConfiguration@226602e1 testClass = TagDaoImplTest, locations = '{}', classes = '{class com.epam.esm.configuration.DaoTestConfiguration}', contextInitializerClasses = '[]', activeProfiles = '{}', propertySourceLocations = '{}', propertySourceProperties = '{}', contextCustomizers = set[org.springframework.boot.test.autoconfigure.actuate.metrics.MetricsExportContextCustomizerFactory$DisableMetricExportContextCustomizer@5e04c722, org.springframework.boot.test.autoconfigure.properties.PropertyMappingContextCustomizer@0, org.springframework.boot.test.autoconfigure.web.servlet.WebDriverContextCustomizerFactory$Customizer@460ecfa8, org.springframework.boot.test.context.filter.ExcludeFilterContextCustomizer@1b165e5f, org.springframework.boot.test.json.DuplicateJsonObjectContextCustomizerFactory$DuplicateJsonObjectContextCustomizer@f93eaef, org.springframework.boot.test.mock.mockito.MockitoContextCustomizer@0], contextLoader = 'org.springframework.test.context.support.DelegatingSmartContextLoader', parent = [null]]]
05:18:27.950 [Test worker] DEBUG org.springframework.test.context.cache - Spring test ApplicationContext cache statistics: [DefaultContextCache@34b4204d size = 1, maxSize = 32, parentContextCount = 0, hitCount = 145, missCount = 1]
05:18:27.951 [Test worker] DEBUG org.springframework.test.context.cache.DefaultCacheAwareContextLoaderDelegate - Retrieved ApplicationContext [733602954] from cache with key [[MergedContextConfiguration@226602e1 testClass = TagDaoImplTest, locations = '{}', classes = '{class com.epam.esm.configuration.DaoTestConfiguration}', contextInitializerClasses = '[]', activeProfiles = '{}', propertySourceLocations = '{}', propertySourceProperties = '{}', contextCustomizers = set[org.springframework.boot.test.autoconfigure.actuate.metrics.MetricsExportContextCustomizerFactory$DisableMetricExportContextCustomizer@5e04c722, org.springframework.boot.test.autoconfigure.properties.PropertyMappingContextCustomizer@0, org.springframework.boot.test.autoconfigure.web.servlet.WebDriverContextCustomizerFactory$Customizer@460ecfa8, org.springframework.boot.test.context.filter.ExcludeFilterContextCustomizer@1b165e5f, org.springframework.boot.test.json.DuplicateJsonObjectContextCustomizerFactory$DuplicateJsonObjectContextCustomizer@f93eaef, org.springframework.boot.test.mock.mockito.MockitoContextCustomizer@0], contextLoader = 'org.springframework.test.context.support.DelegatingSmartContextLoader', parent = [null]]]
05:18:27.951 [Test worker] DEBUG org.springframework.test.context.cache - Spring test ApplicationContext cache statistics: [DefaultContextCache@34b4204d size = 1, maxSize = 32, parentContextCount = 0, hitCount = 146, missCount = 1]
05:18:27.951 [Test worker] DEBUG org.springframework.test.context.cache.DefaultCacheAwareContextLoaderDelegate - Retrieved ApplicationContext [733602954] from cache with key [[MergedContextConfiguration@226602e1 testClass = TagDaoImplTest, locations = '{}', classes = '{class com.epam.esm.configuration.DaoTestConfiguration}', contextInitializerClasses = '[]', activeProfiles = '{}', propertySourceLocations = '{}', propertySourceProperties = '{}', contextCustomizers = set[org.springframework.boot.test.autoconfigure.actuate.metrics.MetricsExportContextCustomizerFactory$DisableMetricExportContextCustomizer@5e04c722, org.springframework.boot.test.autoconfigure.properties.PropertyMappingContextCustomizer@0, org.springframework.boot.test.autoconfigure.web.servlet.WebDriverContextCustomizerFactory$Customizer@460ecfa8, org.springframework.boot.test.context.filter.ExcludeFilterContextCustomizer@1b165e5f, org.springframework.boot.test.json.DuplicateJsonObjectContextCustomizerFactory$DuplicateJsonObjectContextCustomizer@f93eaef, org.springframework.boot.test.mock.mockito.MockitoContextCustomizer@0], contextLoader = 'org.springframework.test.context.support.DelegatingSmartContextLoader', parent = [null]]]
05:18:27.951 [Test worker] DEBUG org.springframework.test.context.cache - Spring test ApplicationContext cache statistics: [DefaultContextCache@34b4204d size = 1, maxSize = 32, parentContextCount = 0, hitCount = 147, missCount = 1]
05:18:27.951 [Test worker] DEBUG org.springframework.test.context.cache.DefaultCacheAwareContextLoaderDelegate - Retrieved ApplicationContext [733602954] from cache with key [[MergedContextConfiguration@226602e1 testClass = TagDaoImplTest, locations = '{}', classes = '{class com.epam.esm.configuration.DaoTestConfiguration}', contextInitializerClasses = '[]', activeProfiles = '{}', propertySourceLocations = '{}', propertySourceProperties = '{}', contextCustomizers = set[org.springframework.boot.test.autoconfigure.actuate.metrics.MetricsExportContextCustomizerFactory$DisableMetricExportContextCustomizer@5e04c722, org.springframework.boot.test.autoconfigure.properties.PropertyMappingContextCustomizer@0, org.springframework.boot.test.autoconfigure.web.servlet.WebDriverContextCustomizerFactory$Customizer@460ecfa8, org.springframework.boot.test.context.filter.ExcludeFilterContextCustomizer@1b165e5f, org.springframework.boot.test.json.DuplicateJsonObjectContextCustomizerFactory$DuplicateJsonObjectContextCustomizer@f93eaef, org.springframework.boot.test.mock.mockito.MockitoContextCustomizer@0], contextLoader = 'org.springframework.test.context.support.DelegatingSmartContextLoader', parent = [null]]]
05:18:27.951 [Test worker] DEBUG org.springframework.test.context.cache - Spring test ApplicationContext cache statistics: [DefaultContextCache@34b4204d size = 1, maxSize = 32, parentContextCount = 0, hitCount = 148, missCount = 1]
05:18:27.952 [Test worker] DEBUG org.springframework.test.context.cache.DefaultCacheAwareContextLoaderDelegate - Retrieved ApplicationContext [733602954] from cache with key [[MergedContextConfiguration@226602e1 testClass = TagDaoImplTest, locations = '{}', classes = '{class com.epam.esm.configuration.DaoTestConfiguration}', contextInitializerClasses = '[]', activeProfiles = '{}', propertySourceLocations = '{}', propertySourceProperties = '{}', contextCustomizers = set[org.springframework.boot.test.autoconfigure.actuate.metrics.MetricsExportContextCustomizerFactory$DisableMetricExportContextCustomizer@5e04c722, org.springframework.boot.test.autoconfigure.properties.PropertyMappingContextCustomizer@0, org.springframework.boot.test.autoconfigure.web.servlet.WebDriverContextCustomizerFactory$Customizer@460ecfa8, org.springframework.boot.test.context.filter.ExcludeFilterContextCustomizer@1b165e5f, org.springframework.boot.test.json.DuplicateJsonObjectContextCustomizerFactory$DuplicateJsonObjectContextCustomizer@f93eaef, org.springframework.boot.test.mock.mockito.MockitoContextCustomizer@0], contextLoader = 'org.springframework.test.context.support.DelegatingSmartContextLoader', parent = [null]]]
05:18:27.952 [Test worker] DEBUG org.springframework.test.context.cache - Spring test ApplicationContext cache statistics: [DefaultContextCache@34b4204d size = 1, maxSize = 32, parentContextCount = 0, hitCount = 149, missCount = 1]
05:18:27.953 [Test worker] DEBUG org.springframework.orm.jpa.JpaTransactionManager - Initiating transaction rollback
05:18:27.953 [Test worker] DEBUG org.springframework.orm.jpa.JpaTransactionManager - Rolling back JPA transaction on EntityManager [SessionImpl(29306742<open>)]
05:18:27.953 [Test worker] DEBUG org.hibernate.engine.transaction.internal.TransactionImpl - rolling back
05:18:27.953 [Test worker] DEBUG org.springframework.orm.jpa.JpaTransactionManager - Closing JPA EntityManager [SessionImpl(29306742<open>)] after transaction
05:18:27.954 [Test worker] INFO org.hibernate.engine.internal.StatisticalLoggingSessionEventListener - Session Metrics {
    665935 nanoseconds spent acquiring 1 JDBC connections;
    0 nanoseconds spent releasing 0 JDBC connections;
    196596 nanoseconds spent preparing 1 JDBC statements;
    611468 nanoseconds spent executing 1 JDBC statements;
    0 nanoseconds spent executing 0 JDBC batches;
    0 nanoseconds spent performing 0 L2C puts;
    0 nanoseconds spent performing 0 L2C hits;
    0 nanoseconds spent performing 0 L2C misses;
    0 nanoseconds spent executing 0 flushes (flushing a total of 0 entities and 0 collections);
    0 nanoseconds spent executing 0 partial-flushes (flushing a total of 0 entities and 0 collections)
}
05:18:27.954 [Test worker] INFO org.springframework.test.context.transaction.TransactionContext - Rolled back transaction for test: [DefaultTestContext@3c4b139d testClass = TagDaoImplTest, testInstance = com.epam.esm.dao.impl.TagDaoImplTest@66629230, testMethod = loadByIdTest@TagDaoImplTest, testException = [null], mergedContextConfiguration = [MergedContextConfiguration@226602e1 testClass = TagDaoImplTest, locations = '{}', classes = '{class com.epam.esm.configuration.DaoTestConfiguration}', contextInitializerClasses = '[]', activeProfiles = '{}', propertySourceLocations = '{}', propertySourceProperties = '{}', contextCustomizers = set[org.springframework.boot.test.autoconfigure.actuate.metrics.MetricsExportContextCustomizerFactory$DisableMetricExportContextCustomizer@5e04c722, org.springframework.boot.test.autoconfigure.properties.PropertyMappingContextCustomizer@0, org.springframework.boot.test.autoconfigure.web.servlet.WebDriverContextCustomizerFactory$Customizer@460ecfa8, org.springframework.boot.test.context.filter.ExcludeFilterContextCustomizer@1b165e5f, org.springframework.boot.test.json.DuplicateJsonObjectContextCustomizerFactory$DuplicateJsonObjectContextCustomizer@f93eaef, org.springframework.boot.test.mock.mockito.MockitoContextCustomizer@0], contextLoader = 'org.springframework.test.context.support.DelegatingSmartContextLoader', parent = [null]], attributes = map['org.springframework.test.context.event.ApplicationEventsTestExecutionListener.recordApplicationEvents' -> false]]
05:18:27.954 [Test worker] DEBUG org.springframework.test.context.support.AbstractDirtiesContextTestExecutionListener - After test method: context [DefaultTestContext@3c4b139d testClass = TagDaoImplTest, testInstance = com.epam.esm.dao.impl.TagDaoImplTest@66629230, testMethod = loadByIdTest@TagDaoImplTest, testException = [null], mergedContextConfiguration = [MergedContextConfiguration@226602e1 testClass = TagDaoImplTest, locations = '{}', classes = '{class com.epam.esm.configuration.DaoTestConfiguration}', contextInitializerClasses = '[]', activeProfiles = '{}', propertySourceLocations = '{}', propertySourceProperties = '{}', contextCustomizers = set[org.springframework.boot.test.autoconfigure.actuate.metrics.MetricsExportContextCustomizerFactory$DisableMetricExportContextCustomizer@5e04c722, org.springframework.boot.test.autoconfigure.properties.PropertyMappingContextCustomizer@0, org.springframework.boot.test.autoconfigure.web.servlet.WebDriverContextCustomizerFactory$Customizer@460ecfa8, org.springframework.boot.test.context.filter.ExcludeFilterContextCustomizer@1b165e5f, org.springframework.boot.test.json.DuplicateJsonObjectContextCustomizerFactory$DuplicateJsonObjectContextCustomizer@f93eaef, org.springframework.boot.test.mock.mockito.MockitoContextCustomizer@0], contextLoader = 'org.springframework.test.context.support.DelegatingSmartContextLoader', parent = [null]], attributes = map['org.springframework.test.context.event.ApplicationEventsTestExecutionListener.recordApplicationEvents' -> false]], class annotated with @DirtiesContext [false] with mode [null], method annotated with @DirtiesContext [false] with mode [null].
05:18:27.955 [Test worker] DEBUG org.springframework.test.context.support.DependencyInjectionTestExecutionListener - Performing dependency injection for test context [[DefaultTestContext@3c4b139d testClass = TagDaoImplTest, testInstance = com.epam.esm.dao.impl.TagDaoImplTest@6c23cec2, testMethod = [null], testException = [null], mergedContextConfiguration = [MergedContextConfiguration@226602e1 testClass = TagDaoImplTest, locations = '{}', classes = '{class com.epam.esm.configuration.DaoTestConfiguration}', contextInitializerClasses = '[]', activeProfiles = '{}', propertySourceLocations = '{}', propertySourceProperties = '{}', contextCustomizers = set[org.springframework.boot.test.autoconfigure.actuate.metrics.MetricsExportContextCustomizerFactory$DisableMetricExportContextCustomizer@5e04c722, org.springframework.boot.test.autoconfigure.properties.PropertyMappingContextCustomizer@0, org.springframework.boot.test.autoconfigure.web.servlet.WebDriverContextCustomizerFactory$Customizer@460ecfa8, org.springframework.boot.test.context.filter.ExcludeFilterContextCustomizer@1b165e5f, org.springframework.boot.test.json.DuplicateJsonObjectContextCustomizerFactory$DuplicateJsonObjectContextCustomizer@f93eaef, org.springframework.boot.test.mock.mockito.MockitoContextCustomizer@0], contextLoader = 'org.springframework.test.context.support.DelegatingSmartContextLoader', parent = [null]], attributes = map['org.springframework.test.context.event.ApplicationEventsTestExecutionListener.recordApplicationEvents' -> false]]].
05:18:27.955 [Test worker] DEBUG org.springframework.test.context.cache.DefaultCacheAwareContextLoaderDelegate - Retrieved ApplicationContext [733602954] from cache with key [[MergedContextConfiguration@226602e1 testClass = TagDaoImplTest, locations = '{}', classes = '{class com.epam.esm.configuration.DaoTestConfiguration}', contextInitializerClasses = '[]', activeProfiles = '{}', propertySourceLocations = '{}', propertySourceProperties = '{}', contextCustomizers = set[org.springframework.boot.test.autoconfigure.actuate.metrics.MetricsExportContextCustomizerFactory$DisableMetricExportContextCustomizer@5e04c722, org.springframework.boot.test.autoconfigure.properties.PropertyMappingContextCustomizer@0, org.springframework.boot.test.autoconfigure.web.servlet.WebDriverContextCustomizerFactory$Customizer@460ecfa8, org.springframework.boot.test.context.filter.ExcludeFilterContextCustomizer@1b165e5f, org.springframework.boot.test.json.DuplicateJsonObjectContextCustomizerFactory$DuplicateJsonObjectContextCustomizer@f93eaef, org.springframework.boot.test.mock.mockito.MockitoContextCustomizer@0], contextLoader = 'org.springframework.test.context.support.DelegatingSmartContextLoader', parent = [null]]]
05:18:27.955 [Test worker] DEBUG org.springframework.test.context.cache - Spring test ApplicationContext cache statistics: [DefaultContextCache@34b4204d size = 1, maxSize = 32, parentContextCount = 0, hitCount = 150, missCount = 1]
05:18:27.956 [Test worker] DEBUG org.springframework.test.context.cache.DefaultCacheAwareContextLoaderDelegate - Retrieved ApplicationContext [733602954] from cache with key [[MergedContextConfiguration@226602e1 testClass = TagDaoImplTest, locations = '{}', classes = '{class com.epam.esm.configuration.DaoTestConfiguration}', contextInitializerClasses = '[]', activeProfiles = '{}', propertySourceLocations = '{}', propertySourceProperties = '{}', contextCustomizers = set[org.springframework.boot.test.autoconfigure.actuate.metrics.MetricsExportContextCustomizerFactory$DisableMetricExportContextCustomizer@5e04c722, org.springframework.boot.test.autoconfigure.properties.PropertyMappingContextCustomizer@0, org.springframework.boot.test.autoconfigure.web.servlet.WebDriverContextCustomizerFactory$Customizer@460ecfa8, org.springframework.boot.test.context.filter.ExcludeFilterContextCustomizer@1b165e5f, org.springframework.boot.test.json.DuplicateJsonObjectContextCustomizerFactory$DuplicateJsonObjectContextCustomizer@f93eaef, org.springframework.boot.test.mock.mockito.MockitoContextCustomizer@0], contextLoader = 'org.springframework.test.context.support.DelegatingSmartContextLoader', parent = [null]]]
05:18:27.956 [Test worker] DEBUG org.springframework.test.context.cache - Spring test ApplicationContext cache statistics: [DefaultContextCache@34b4204d size = 1, maxSize = 32, parentContextCount = 0, hitCount = 151, missCount = 1]
05:18:27.957 [Test worker] DEBUG org.springframework.test.context.support.AbstractDirtiesContextTestExecutionListener - Before test method: context [DefaultTestContext@3c4b139d testClass = TagDaoImplTest, testInstance = com.epam.esm.dao.impl.TagDaoImplTest@6c23cec2, testMethod = loadAllTest@TagDaoImplTest, testException = [null], mergedContextConfiguration = [MergedContextConfiguration@226602e1 testClass = TagDaoImplTest, locations = '{}', classes = '{class com.epam.esm.configuration.DaoTestConfiguration}', contextInitializerClasses = '[]', activeProfiles = '{}', propertySourceLocations = '{}', propertySourceProperties = '{}', contextCustomizers = set[org.springframework.boot.test.autoconfigure.actuate.metrics.MetricsExportContextCustomizerFactory$DisableMetricExportContextCustomizer@5e04c722, org.springframework.boot.test.autoconfigure.properties.PropertyMappingContextCustomizer@0, org.springframework.boot.test.autoconfigure.web.servlet.WebDriverContextCustomizerFactory$Customizer@460ecfa8, org.springframework.boot.test.context.filter.ExcludeFilterContextCustomizer@1b165e5f, org.springframework.boot.test.json.DuplicateJsonObjectContextCustomizerFactory$DuplicateJsonObjectContextCustomizer@f93eaef, org.springframework.boot.test.mock.mockito.MockitoContextCustomizer@0], contextLoader = 'org.springframework.test.context.support.DelegatingSmartContextLoader', parent = [null]], attributes = map['org.springframework.test.context.event.ApplicationEventsTestExecutionListener.recordApplicationEvents' -> false]], class annotated with @DirtiesContext [false] with mode [null], method annotated with @DirtiesContext [false] with mode [null].
05:18:27.957 [Test worker] DEBUG org.springframework.test.context.transaction.TransactionalTestExecutionListener - Explicit transaction definition [PROPAGATION_REQUIRED,ISOLATION_DEFAULT] found for test context [DefaultTestContext@3c4b139d testClass = TagDaoImplTest, testInstance = com.epam.esm.dao.impl.TagDaoImplTest@6c23cec2, testMethod = loadAllTest@TagDaoImplTest, testException = [null], mergedContextConfiguration = [MergedContextConfiguration@226602e1 testClass = TagDaoImplTest, locations = '{}', classes = '{class com.epam.esm.configuration.DaoTestConfiguration}', contextInitializerClasses = '[]', activeProfiles = '{}', propertySourceLocations = '{}', propertySourceProperties = '{}', contextCustomizers = set[org.springframework.boot.test.autoconfigure.actuate.metrics.MetricsExportContextCustomizerFactory$DisableMetricExportContextCustomizer@5e04c722, org.springframework.boot.test.autoconfigure.properties.PropertyMappingContextCustomizer@0, org.springframework.boot.test.autoconfigure.web.servlet.WebDriverContextCustomizerFactory$Customizer@460ecfa8, org.springframework.boot.test.context.filter.ExcludeFilterContextCustomizer@1b165e5f, org.springframework.boot.test.json.DuplicateJsonObjectContextCustomizerFactory$DuplicateJsonObjectContextCustomizer@f93eaef, org.springframework.boot.test.mock.mockito.MockitoContextCustomizer@0], contextLoader = 'org.springframework.test.context.support.DelegatingSmartContextLoader', parent = [null]], attributes = map['org.springframework.test.context.event.ApplicationEventsTestExecutionListener.recordApplicationEvents' -> false]]
05:18:27.958 [Test worker] DEBUG org.springframework.test.context.cache.DefaultCacheAwareContextLoaderDelegate - Retrieved ApplicationContext [733602954] from cache with key [[MergedContextConfiguration@226602e1 testClass = TagDaoImplTest, locations = '{}', classes = '{class com.epam.esm.configuration.DaoTestConfiguration}', contextInitializerClasses = '[]', activeProfiles = '{}', propertySourceLocations = '{}', propertySourceProperties = '{}', contextCustomizers = set[org.springframework.boot.test.autoconfigure.actuate.metrics.MetricsExportContextCustomizerFactory$DisableMetricExportContextCustomizer@5e04c722, org.springframework.boot.test.autoconfigure.properties.PropertyMappingContextCustomizer@0, org.springframework.boot.test.autoconfigure.web.servlet.WebDriverContextCustomizerFactory$Customizer@460ecfa8, org.springframework.boot.test.context.filter.ExcludeFilterContextCustomizer@1b165e5f, org.springframework.boot.test.json.DuplicateJsonObjectContextCustomizerFactory$DuplicateJsonObjectContextCustomizer@f93eaef, org.springframework.boot.test.mock.mockito.MockitoContextCustomizer@0], contextLoader = 'org.springframework.test.context.support.DelegatingSmartContextLoader', parent = [null]]]
05:18:27.958 [Test worker] DEBUG org.springframework.test.context.cache - Spring test ApplicationContext cache statistics: [DefaultContextCache@34b4204d size = 1, maxSize = 32, parentContextCount = 0, hitCount = 152, missCount = 1]
05:18:27.958 [Test worker] DEBUG org.springframework.test.context.transaction.TransactionalTestExecutionListener - No method-level @Rollback override: using default rollback [true] for test context [DefaultTestContext@3c4b139d testClass = TagDaoImplTest, testInstance = com.epam.esm.dao.impl.TagDaoImplTest@6c23cec2, testMethod = loadAllTest@TagDaoImplTest, testException = [null], mergedContextConfiguration = [MergedContextConfiguration@226602e1 testClass = TagDaoImplTest, locations = '{}', classes = '{class com.epam.esm.configuration.DaoTestConfiguration}', contextInitializerClasses = '[]', activeProfiles = '{}', propertySourceLocations = '{}', propertySourceProperties = '{}', contextCustomizers = set[org.springframework.boot.test.autoconfigure.actuate.metrics.MetricsExportContextCustomizerFactory$DisableMetricExportContextCustomizer@5e04c722, org.springframework.boot.test.autoconfigure.properties.PropertyMappingContextCustomizer@0, org.springframework.boot.test.autoconfigure.web.servlet.WebDriverContextCustomizerFactory$Customizer@460ecfa8, org.springframework.boot.test.context.filter.ExcludeFilterContextCustomizer@1b165e5f, org.springframework.boot.test.json.DuplicateJsonObjectContextCustomizerFactory$DuplicateJsonObjectContextCustomizer@f93eaef, org.springframework.boot.test.mock.mockito.MockitoContextCustomizer@0], contextLoader = 'org.springframework.test.context.support.DelegatingSmartContextLoader', parent = [null]], attributes = map['org.springframework.test.context.event.ApplicationEventsTestExecutionListener.recordApplicationEvents' -> false]].
05:18:27.958 [Test worker] DEBUG org.springframework.orm.jpa.JpaTransactionManager - Creating new transaction with name [com.epam.esm.dao.impl.TagDaoImplTest.loadAllTest]: PROPAGATION_REQUIRED,ISOLATION_DEFAULT
05:18:27.958 [Test worker] DEBUG org.springframework.orm.jpa.JpaTransactionManager - Opened new EntityManager [SessionImpl(507761337<open>)] for JPA transaction
05:18:27.958 [Test worker] DEBUG org.hibernate.engine.transaction.internal.TransactionImpl - On TransactionImpl creation, JpaCompliance#isJpaTransactionComplianceEnabled == false
05:18:27.958 [Test worker] DEBUG org.hibernate.engine.transaction.internal.TransactionImpl - begin
05:18:27.958 [Test worker] DEBUG org.springframework.jdbc.datasource.DriverManagerDataSource - Creating new JDBC DriverManager Connection to [jdbc:h2:mem:second;DB_CLOSE_DELAY=-1]
05:18:27.959 [Test worker] DEBUG org.springframework.orm.jpa.JpaTransactionManager - Exposing JPA transaction as JDBC [org.springframework.orm.jpa.vendor.HibernateJpaDialect$HibernateConnectionHandle@2fafbe54]
05:18:27.959 [Test worker] INFO org.springframework.test.context.transaction.TransactionContext - Began transaction (1) for test context [DefaultTestContext@3c4b139d testClass = TagDaoImplTest, testInstance = com.epam.esm.dao.impl.TagDaoImplTest@6c23cec2, testMethod = loadAllTest@TagDaoImplTest, testException = [null], mergedContextConfiguration = [MergedContextConfiguration@226602e1 testClass = TagDaoImplTest, locations = '{}', classes = '{class com.epam.esm.configuration.DaoTestConfiguration}', contextInitializerClasses = '[]', activeProfiles = '{}', propertySourceLocations = '{}', propertySourceProperties = '{}', contextCustomizers = set[org.springframework.boot.test.autoconfigure.actuate.metrics.MetricsExportContextCustomizerFactory$DisableMetricExportContextCustomizer@5e04c722, org.springframework.boot.test.autoconfigure.properties.PropertyMappingContextCustomizer@0, org.springframework.boot.test.autoconfigure.web.servlet.WebDriverContextCustomizerFactory$Customizer@460ecfa8, org.springframework.boot.test.context.filter.ExcludeFilterContextCustomizer@1b165e5f, org.springframework.boot.test.json.DuplicateJsonObjectContextCustomizerFactory$DuplicateJsonObjectContextCustomizer@f93eaef, org.springframework.boot.test.mock.mockito.MockitoContextCustomizer@0], contextLoader = 'org.springframework.test.context.support.DelegatingSmartContextLoader', parent = [null]], attributes = map['org.springframework.test.context.event.ApplicationEventsTestExecutionListener.recordApplicationEvents' -> false]]; transaction manager [org.springframework.orm.jpa.JpaTransactionManager@2da89516]; rollback [true]
05:18:27.960 [Test worker] DEBUG org.springframework.test.context.cache.DefaultCacheAwareContextLoaderDelegate - Retrieved ApplicationContext [733602954] from cache with key [[MergedContextConfiguration@226602e1 testClass = TagDaoImplTest, locations = '{}', classes = '{class com.epam.esm.configuration.DaoTestConfiguration}', contextInitializerClasses = '[]', activeProfiles = '{}', propertySourceLocations = '{}', propertySourceProperties = '{}', contextCustomizers = set[org.springframework.boot.test.autoconfigure.actuate.metrics.MetricsExportContextCustomizerFactory$DisableMetricExportContextCustomizer@5e04c722, org.springframework.boot.test.autoconfigure.properties.PropertyMappingContextCustomizer@0, org.springframework.boot.test.autoconfigure.web.servlet.WebDriverContextCustomizerFactory$Customizer@460ecfa8, org.springframework.boot.test.context.filter.ExcludeFilterContextCustomizer@1b165e5f, org.springframework.boot.test.json.DuplicateJsonObjectContextCustomizerFactory$DuplicateJsonObjectContextCustomizer@f93eaef, org.springframework.boot.test.mock.mockito.MockitoContextCustomizer@0], contextLoader = 'org.springframework.test.context.support.DelegatingSmartContextLoader', parent = [null]]]
05:18:27.960 [Test worker] DEBUG org.springframework.test.context.cache - Spring test ApplicationContext cache statistics: [DefaultContextCache@34b4204d size = 1, maxSize = 32, parentContextCount = 0, hitCount = 153, missCount = 1]
05:18:27.961 [Test worker] DEBUG org.springframework.test.context.cache.DefaultCacheAwareContextLoaderDelegate - Retrieved ApplicationContext [733602954] from cache with key [[MergedContextConfiguration@226602e1 testClass = TagDaoImplTest, locations = '{}', classes = '{class com.epam.esm.configuration.DaoTestConfiguration}', contextInitializerClasses = '[]', activeProfiles = '{}', propertySourceLocations = '{}', propertySourceProperties = '{}', contextCustomizers = set[org.springframework.boot.test.autoconfigure.actuate.metrics.MetricsExportContextCustomizerFactory$DisableMetricExportContextCustomizer@5e04c722, org.springframework.boot.test.autoconfigure.properties.PropertyMappingContextCustomizer@0, org.springframework.boot.test.autoconfigure.web.servlet.WebDriverContextCustomizerFactory$Customizer@460ecfa8, org.springframework.boot.test.context.filter.ExcludeFilterContextCustomizer@1b165e5f, org.springframework.boot.test.json.DuplicateJsonObjectContextCustomizerFactory$DuplicateJsonObjectContextCustomizer@f93eaef, org.springframework.boot.test.mock.mockito.MockitoContextCustomizer@0], contextLoader = 'org.springframework.test.context.support.DelegatingSmartContextLoader', parent = [null]]]
05:18:27.961 [Test worker] DEBUG org.springframework.test.context.cache - Spring test ApplicationContext cache statistics: [DefaultContextCache@34b4204d size = 1, maxSize = 32, parentContextCount = 0, hitCount = 154, missCount = 1]
05:18:27.961 [Test worker] DEBUG org.springframework.test.context.cache.DefaultCacheAwareContextLoaderDelegate - Retrieved ApplicationContext [733602954] from cache with key [[MergedContextConfiguration@226602e1 testClass = TagDaoImplTest, locations = '{}', classes = '{class com.epam.esm.configuration.DaoTestConfiguration}', contextInitializerClasses = '[]', activeProfiles = '{}', propertySourceLocations = '{}', propertySourceProperties = '{}', contextCustomizers = set[org.springframework.boot.test.autoconfigure.actuate.metrics.MetricsExportContextCustomizerFactory$DisableMetricExportContextCustomizer@5e04c722, org.springframework.boot.test.autoconfigure.properties.PropertyMappingContextCustomizer@0, org.springframework.boot.test.autoconfigure.web.servlet.WebDriverContextCustomizerFactory$Customizer@460ecfa8, org.springframework.boot.test.context.filter.ExcludeFilterContextCustomizer@1b165e5f, org.springframework.boot.test.json.DuplicateJsonObjectContextCustomizerFactory$DuplicateJsonObjectContextCustomizer@f93eaef, org.springframework.boot.test.mock.mockito.MockitoContextCustomizer@0], contextLoader = 'org.springframework.test.context.support.DelegatingSmartContextLoader', parent = [null]]]
05:18:27.961 [Test worker] DEBUG org.springframework.test.context.cache - Spring test ApplicationContext cache statistics: [DefaultContextCache@34b4204d size = 1, maxSize = 32, parentContextCount = 0, hitCount = 155, missCount = 1]
05:18:27.962 [Test worker] DEBUG org.hibernate.hql.internal.ast.QueryTranslatorImpl - parse() - HQL: SELECT tag from com.epam.esm.model.entity.TagEntity tag where tag.name = ?1
05:18:27.963 [Test worker] DEBUG org.hibernate.hql.internal.ast.ErrorTracker - throwQueryException() : no errors
05:18:27.963 [Test worker] DEBUG org.hibernate.hql.internal.ast.QueryTranslatorImpl - --- HQL AST ---
 \-[QUERY] Node: 'query'
    +-[SELECT_FROM] Node: 'SELECT_FROM'
    |  +-[FROM] Node: 'from'
    |  |  \-[RANGE] Node: 'RANGE'
    |  |     +-[DOT] Node: '.'
    |  |     |  +-[DOT] Node: '.'
    |  |     |  |  +-[DOT] Node: '.'
    |  |     |  |  |  +-[DOT] Node: '.'
    |  |     |  |  |  |  +-[DOT] Node: '.'
    |  |     |  |  |  |  |  +-[IDENT] Node: 'com'
    |  |     |  |  |  |  |  \-[IDENT] Node: 'epam'
    |  |     |  |  |  |  \-[IDENT] Node: 'esm'
    |  |     |  |  |  \-[IDENT] Node: 'model'
    |  |     |  |  \-[IDENT] Node: 'entity'
    |  |     |  \-[IDENT] Node: 'TagEntity'
    |  |     \-[ALIAS] Node: 'tag'
    |  \-[SELECT] Node: 'SELECT'
    |     \-[IDENT] Node: 'tag'
    \-[WHERE] Node: 'where'
       \-[EQ] Node: '='
          +-[DOT] Node: '.'
          |  +-[IDENT] Node: 'tag'
          |  \-[IDENT] Node: 'name'
          \-[PARAM] Node: '?'
             \-[NUM_INT] Node: '1'

05:18:27.964 [Test worker] DEBUG org.hibernate.hql.internal.antlr.HqlSqlBaseWalker - select << begin [level=1, statement=select]
05:18:27.964 [Test worker] DEBUG org.hibernate.hql.internal.ast.tree.FromElement - FromClause{level=1} : com.epam.esm.model.entity.TagEntity (tag) -> tagentity0_
05:18:27.964 [Test worker] DEBUG org.hibernate.hql.internal.ast.tree.FromReferenceNode - Resolved : tag -> tagentity0_.id
05:18:27.964 [Test worker] DEBUG org.hibernate.hql.internal.ast.tree.FromReferenceNode - Resolved : tag -> tagentity0_.id
05:18:27.964 [Test worker] DEBUG org.hibernate.hql.internal.ast.tree.DotNode - getDataType() : name -> org.hibernate.type.StringType@17a5c48d
05:18:27.964 [Test worker] DEBUG org.hibernate.hql.internal.ast.tree.FromReferenceNode - Resolved : tag.name -> tagentity0_.name
05:18:27.964 [Test worker] DEBUG org.hibernate.hql.internal.antlr.HqlSqlBaseWalker - select : finishing up [level=1, statement=select]
05:18:27.964 [Test worker] DEBUG org.hibernate.hql.internal.ast.HqlSqlWalker - processQuery() :  ( SELECT ( {select clause} tagentity0_.id ) ( FromClause{level=1} TagEntity tagentity0_ ) ( where ( = ( tagentity0_.name tagentity0_.id name ) ? ) ) )
05:18:27.965 [Test worker] DEBUG org.hibernate.hql.internal.ast.util.JoinProcessor - Tables referenced from query nodes:
 \-QueryNode
    +-SelectClause
    | referencedTables(entity TagEntity): [TagEntity]
    |  +-IdentNode
    |  | persister: SingleTableEntityPersister(com.epam.esm.model.entity.TagEntity)
    |  | originalText: tag
    |  \-SqlFragment
    +-FromClause
    |  \-FromElement
    \-SqlNode
       \-BinaryLogicOperatorNode
          +-DotNode
          | persister: SingleTableEntityPersister(com.epam.esm.model.entity.TagEntity)
          | path: tag.name
          |  +-IdentNode
          |  | persister: SingleTableEntityPersister(com.epam.esm.model.entity.TagEntity)
          |  | originalText: tag
          |  \-IdentNode
          |    persister: null
          |    originalText: name
          \-ParameterNode

05:18:27.965 [Test worker] DEBUG org.hibernate.hql.internal.ast.util.JoinProcessor - Using FROM fragment [TagEntity tagentity0_]
05:18:27.965 [Test worker] DEBUG org.hibernate.hql.internal.antlr.HqlSqlBaseWalker - select >> end [level=1, statement=select]
05:18:27.965 [Test worker] DEBUG org.hibernate.hql.internal.ast.QueryTranslatorImpl - --- SQL AST ---
 \-[SELECT] QueryNode: 'SELECT'  querySpaces (TagEntity)
    +-[SELECT_CLAUSE] SelectClause: '{select clause}'
    |  +-[ALIAS_REF] IdentNode: 'tagentity0_.id as id1_4_' {alias=tag, className=com.epam.esm.model.entity.TagEntity, tableAlias=tagentity0_}
    |  \-[SQL_TOKEN] SqlFragment: 'tagentity0_.name as name2_4_'
    +-[FROM] FromClause: 'from' FromClause{level=1, fromElementCounter=1, fromElements=1, fromElementByClassAlias=[tag], fromElementByTableAlias=[tagentity0_], fromElementsByPath=[], collectionJoinFromElementsByPath=[], impliedElements=[]}
    |  \-[FROM_FRAGMENT] FromElement: 'TagEntity tagentity0_' FromElement{explicit,not a collection join,not a fetch join,fetch non-lazy properties,classAlias=tag,role=null,tableName=TagEntity,tableAlias=tagentity0_,origin=null,columns={,className=com.epam.esm.model.entity.TagEntity}}
    \-[WHERE] SqlNode: 'where'
       \-[EQ] BinaryLogicOperatorNode: '='
          +-[DOT] DotNode: 'tagentity0_.name' {propertyName=name,dereferenceType=PRIMITIVE,getPropertyPath=name,path=tag.name,tableAlias=tagentity0_,className=com.epam.esm.model.entity.TagEntity,classAlias=tag}
          |  +-[ALIAS_REF] IdentNode: 'tagentity0_.id' {alias=tag, className=com.epam.esm.model.entity.TagEntity, tableAlias=tagentity0_}
          |  \-[IDENT] IdentNode: 'name' {originalText=name}
          \-[PARAM] ParameterNode: '?' {label=1, expectedType=org.hibernate.type.StringType@17a5c48d}

05:18:27.965 [Test worker] DEBUG org.hibernate.hql.internal.ast.ErrorTracker - throwQueryException() : no errors
05:18:27.965 [Test worker] DEBUG org.hibernate.hql.internal.ast.QueryTranslatorImpl - HQL: SELECT tag from com.epam.esm.model.entity.TagEntity tag where tag.name = ?1
05:18:27.965 [Test worker] DEBUG org.hibernate.hql.internal.ast.QueryTranslatorImpl - SQL: select tagentity0_.id as id1_4_, tagentity0_.name as name2_4_ from TagEntity tagentity0_ where tagentity0_.name=?
05:18:27.965 [Test worker] DEBUG org.hibernate.hql.internal.ast.ErrorTracker - throwQueryException() : no errors
05:18:27.966 [Test worker] DEBUG org.hibernate.SQL - select tagentity0_.id as id1_4_, tagentity0_.name as name2_4_ from TagEntity tagentity0_ where tagentity0_.name=?
Hibernate: select tagentity0_.id as id1_4_, tagentity0_.name as name2_4_ from TagEntity tagentity0_ where tagentity0_.name=?
05:18:27.967 [Test worker] DEBUG org.hibernate.stat.internal.StatisticsImpl - HHH000117: HQL: SELECT tag from TagEntity tag where tag.name = ?1, time: 0ms, rows: 0
05:18:27.968 [Test worker] DEBUG org.hibernate.engine.spi.ActionQueue - Executing identity-insert immediately
05:18:27.968 [Test worker] DEBUG org.hibernate.SQL - insert into TagEntity (id, name) values (null, ?)
Hibernate: insert into TagEntity (id, name) values (null, ?)
05:18:27.968 [Test worker] DEBUG org.hibernate.id.IdentifierGeneratorHelper - Natively generated identity: 2
05:18:27.968 [Test worker] DEBUG org.hibernate.resource.jdbc.internal.ResourceRegistryStandardImpl - HHH000387: ResultSet's statement was not registered
05:18:27.969 [Test worker] DEBUG org.hibernate.event.internal.AbstractFlushingEventListener - Processing flush-time cascades
05:18:27.969 [Test worker] DEBUG org.hibernate.event.internal.AbstractFlushingEventListener - Dirty checking collections
05:18:27.969 [Test worker] DEBUG org.hibernate.event.internal.AbstractFlushingEventListener - Flushed: 0 insertions, 0 updates, 0 deletions to 1 objects
05:18:27.969 [Test worker] DEBUG org.hibernate.event.internal.AbstractFlushingEventListener - Flushed: 0 (re)creations, 0 updates, 0 removals to 0 collections
05:18:27.969 [Test worker] DEBUG org.hibernate.internal.util.EntityPrinter - Listing entities:
05:18:27.969 [Test worker] DEBUG org.hibernate.internal.util.EntityPrinter - com.epam.esm.model.entity.TagEntity{name=Tag1, id=2}
05:18:27.969 [Test worker] DEBUG org.hibernate.SQL - select tagentity0_.id as id1_4_, tagentity0_.name as name2_4_ from TagEntity tagentity0_ where tagentity0_.name=?
Hibernate: select tagentity0_.id as id1_4_, tagentity0_.name as name2_4_ from TagEntity tagentity0_ where tagentity0_.name=?
05:18:27.969 [Test worker] DEBUG org.hibernate.stat.internal.StatisticsImpl - HHH000117: HQL: SELECT tag from TagEntity tag where tag.name = ?1, time: 0ms, rows: 0
05:18:27.969 [Test worker] DEBUG org.hibernate.engine.spi.ActionQueue - Executing identity-insert immediately
05:18:27.970 [Test worker] DEBUG org.hibernate.SQL - insert into TagEntity (id, name) values (null, ?)
Hibernate: insert into TagEntity (id, name) values (null, ?)
05:18:27.970 [Test worker] DEBUG org.hibernate.id.IdentifierGeneratorHelper - Natively generated identity: 3
05:18:27.970 [Test worker] DEBUG org.hibernate.resource.jdbc.internal.ResourceRegistryStandardImpl - HHH000387: ResultSet's statement was not registered
05:18:27.970 [Test worker] DEBUG org.hibernate.event.internal.AbstractFlushingEventListener - Processing flush-time cascades
05:18:27.970 [Test worker] DEBUG org.hibernate.event.internal.AbstractFlushingEventListener - Dirty checking collections
05:18:27.970 [Test worker] DEBUG org.hibernate.event.internal.AbstractFlushingEventListener - Flushed: 0 insertions, 0 updates, 0 deletions to 2 objects
05:18:27.970 [Test worker] DEBUG org.hibernate.event.internal.AbstractFlushingEventListener - Flushed: 0 (re)creations, 0 updates, 0 removals to 0 collections
05:18:27.970 [Test worker] DEBUG org.hibernate.internal.util.EntityPrinter - Listing entities:
05:18:27.970 [Test worker] DEBUG org.hibernate.internal.util.EntityPrinter - com.epam.esm.model.entity.TagEntity{name=Tag1, id=2}
05:18:27.971 [Test worker] DEBUG org.hibernate.internal.util.EntityPrinter - com.epam.esm.model.entity.TagEntity{name=Tag2, id=3}
05:18:27.971 [Test worker] DEBUG org.hibernate.SQL - select tagentity0_.id as id1_4_, tagentity0_.name as name2_4_ from TagEntity tagentity0_ where tagentity0_.name=?
Hibernate: select tagentity0_.id as id1_4_, tagentity0_.name as name2_4_ from TagEntity tagentity0_ where tagentity0_.name=?
05:18:27.971 [Test worker] DEBUG org.hibernate.stat.internal.StatisticsImpl - HHH000117: HQL: SELECT tag from TagEntity tag where tag.name = ?1, time: 0ms, rows: 0
05:18:27.971 [Test worker] DEBUG org.hibernate.engine.spi.ActionQueue - Executing identity-insert immediately
05:18:27.971 [Test worker] DEBUG org.hibernate.SQL - insert into TagEntity (id, name) values (null, ?)
Hibernate: insert into TagEntity (id, name) values (null, ?)
05:18:27.971 [Test worker] DEBUG org.hibernate.id.IdentifierGeneratorHelper - Natively generated identity: 4
05:18:27.972 [Test worker] DEBUG org.hibernate.resource.jdbc.internal.ResourceRegistryStandardImpl - HHH000387: ResultSet's statement was not registered
05:18:27.972 [Test worker] DEBUG org.hibernate.event.internal.AbstractFlushingEventListener - Processing flush-time cascades
05:18:27.972 [Test worker] DEBUG org.hibernate.event.internal.AbstractFlushingEventListener - Dirty checking collections
05:18:27.972 [Test worker] DEBUG org.hibernate.event.internal.AbstractFlushingEventListener - Flushed: 0 insertions, 0 updates, 0 deletions to 3 objects
05:18:27.972 [Test worker] DEBUG org.hibernate.event.internal.AbstractFlushingEventListener - Flushed: 0 (re)creations, 0 updates, 0 removals to 0 collections
05:18:27.972 [Test worker] DEBUG org.hibernate.internal.util.EntityPrinter - Listing entities:
05:18:27.972 [Test worker] DEBUG org.hibernate.internal.util.EntityPrinter - com.epam.esm.model.entity.TagEntity{name=Tag1, id=2}
05:18:27.972 [Test worker] DEBUG org.hibernate.internal.util.EntityPrinter - com.epam.esm.model.entity.TagEntity{name=Tag2, id=3}
05:18:27.972 [Test worker] DEBUG org.hibernate.internal.util.EntityPrinter - com.epam.esm.model.entity.TagEntity{name=Tag3, id=4}
05:18:27.972 [Test worker] DEBUG org.hibernate.SQL - select tagentity0_.id as id1_4_, tagentity0_.name as name2_4_ from TagEntity tagentity0_ where tagentity0_.name=?
Hibernate: select tagentity0_.id as id1_4_, tagentity0_.name as name2_4_ from TagEntity tagentity0_ where tagentity0_.name=?
05:18:27.973 [Test worker] DEBUG org.hibernate.stat.internal.StatisticsImpl - HHH000117: HQL: SELECT tag from TagEntity tag where tag.name = ?1, time: 0ms, rows: 0
05:18:27.973 [Test worker] DEBUG org.hibernate.engine.spi.ActionQueue - Executing identity-insert immediately
05:18:27.973 [Test worker] DEBUG org.hibernate.SQL - insert into TagEntity (id, name) values (null, ?)
Hibernate: insert into TagEntity (id, name) values (null, ?)
05:18:27.973 [Test worker] DEBUG org.hibernate.id.IdentifierGeneratorHelper - Natively generated identity: 5
05:18:27.973 [Test worker] DEBUG org.hibernate.resource.jdbc.internal.ResourceRegistryStandardImpl - HHH000387: ResultSet's statement was not registered
05:18:27.974 [Test worker] DEBUG org.hibernate.event.internal.AbstractFlushingEventListener - Processing flush-time cascades
05:18:27.974 [Test worker] DEBUG org.hibernate.event.internal.AbstractFlushingEventListener - Dirty checking collections
05:18:27.974 [Test worker] DEBUG org.hibernate.event.internal.AbstractFlushingEventListener - Flushed: 0 insertions, 0 updates, 0 deletions to 4 objects
05:18:27.974 [Test worker] DEBUG org.hibernate.event.internal.AbstractFlushingEventListener - Flushed: 0 (re)creations, 0 updates, 0 removals to 0 collections
05:18:27.974 [Test worker] DEBUG org.hibernate.internal.util.EntityPrinter - Listing entities:
05:18:27.974 [Test worker] DEBUG org.hibernate.internal.util.EntityPrinter - com.epam.esm.model.entity.TagEntity{name=Tag1, id=2}
05:18:27.974 [Test worker] DEBUG org.hibernate.internal.util.EntityPrinter - com.epam.esm.model.entity.TagEntity{name=Tag2, id=3}
05:18:27.974 [Test worker] DEBUG org.hibernate.internal.util.EntityPrinter - com.epam.esm.model.entity.TagEntity{name=Tag3, id=4}
05:18:27.974 [Test worker] DEBUG org.hibernate.internal.util.EntityPrinter - com.epam.esm.model.entity.TagEntity{name=Tag4, id=5}
05:18:27.974 [Test worker] DEBUG org.hibernate.SQL - select tagentity0_.id as id1_4_, tagentity0_.name as name2_4_ from TagEntity tagentity0_ where tagentity0_.name=?
Hibernate: select tagentity0_.id as id1_4_, tagentity0_.name as name2_4_ from TagEntity tagentity0_ where tagentity0_.name=?
05:18:27.974 [Test worker] DEBUG org.hibernate.stat.internal.StatisticsImpl - HHH000117: HQL: SELECT tag from TagEntity tag where tag.name = ?1, time: 0ms, rows: 0
05:18:27.975 [Test worker] DEBUG org.hibernate.engine.spi.ActionQueue - Executing identity-insert immediately
05:18:27.975 [Test worker] DEBUG org.hibernate.SQL - insert into TagEntity (id, name) values (null, ?)
Hibernate: insert into TagEntity (id, name) values (null, ?)
05:18:27.975 [Test worker] DEBUG org.hibernate.id.IdentifierGeneratorHelper - Natively generated identity: 6
05:18:27.975 [Test worker] DEBUG org.hibernate.resource.jdbc.internal.ResourceRegistryStandardImpl - HHH000387: ResultSet's statement was not registered
05:18:27.975 [Test worker] DEBUG org.hibernate.event.internal.AbstractFlushingEventListener - Processing flush-time cascades
05:18:27.975 [Test worker] DEBUG org.hibernate.event.internal.AbstractFlushingEventListener - Dirty checking collections
05:18:27.976 [Test worker] DEBUG org.hibernate.event.internal.AbstractFlushingEventListener - Flushed: 0 insertions, 0 updates, 0 deletions to 5 objects
05:18:27.976 [Test worker] DEBUG org.hibernate.event.internal.AbstractFlushingEventListener - Flushed: 0 (re)creations, 0 updates, 0 removals to 0 collections
05:18:27.976 [Test worker] DEBUG org.hibernate.internal.util.EntityPrinter - Listing entities:
05:18:27.976 [Test worker] DEBUG org.hibernate.internal.util.EntityPrinter - com.epam.esm.model.entity.TagEntity{name=Tag1, id=2}
05:18:27.976 [Test worker] DEBUG org.hibernate.internal.util.EntityPrinter - com.epam.esm.model.entity.TagEntity{name=Tag2, id=3}
05:18:27.976 [Test worker] DEBUG org.hibernate.internal.util.EntityPrinter - com.epam.esm.model.entity.TagEntity{name=Tag3, id=4}
05:18:27.976 [Test worker] DEBUG org.hibernate.internal.util.EntityPrinter - com.epam.esm.model.entity.TagEntity{name=Tag4, id=5}
05:18:27.976 [Test worker] DEBUG org.hibernate.internal.util.EntityPrinter - com.epam.esm.model.entity.TagEntity{name=Tag5, id=6}
05:18:27.976 [Test worker] DEBUG org.hibernate.SQL - select tagentity0_.id as id1_4_, tagentity0_.name as name2_4_ from TagEntity tagentity0_ where tagentity0_.name=?
Hibernate: select tagentity0_.id as id1_4_, tagentity0_.name as name2_4_ from TagEntity tagentity0_ where tagentity0_.name=?
05:18:27.977 [Test worker] DEBUG org.hibernate.stat.internal.StatisticsImpl - HHH000117: HQL: SELECT tag from TagEntity tag where tag.name = ?1, time: 1ms, rows: 0
05:18:27.979 [Test worker] DEBUG org.hibernate.engine.spi.ActionQueue - Executing identity-insert immediately
05:18:27.979 [Test worker] DEBUG org.hibernate.SQL - insert into TagEntity (id, name) values (null, ?)
Hibernate: insert into TagEntity (id, name) values (null, ?)
05:18:27.980 [Test worker] DEBUG org.hibernate.id.IdentifierGeneratorHelper - Natively generated identity: 7
05:18:27.980 [Test worker] DEBUG org.hibernate.resource.jdbc.internal.ResourceRegistryStandardImpl - HHH000387: ResultSet's statement was not registered
05:18:27.981 [Test worker] DEBUG org.hibernate.event.internal.AbstractFlushingEventListener - Processing flush-time cascades
05:18:27.982 [Test worker] DEBUG org.hibernate.event.internal.AbstractFlushingEventListener - Dirty checking collections
05:18:27.982 [Test worker] DEBUG org.hibernate.event.internal.AbstractFlushingEventListener - Flushed: 0 insertions, 0 updates, 0 deletions to 6 objects
05:18:27.982 [Test worker] DEBUG org.hibernate.event.internal.AbstractFlushingEventListener - Flushed: 0 (re)creations, 0 updates, 0 removals to 0 collections
05:18:27.982 [Test worker] DEBUG org.hibernate.internal.util.EntityPrinter - Listing entities:
05:18:27.982 [Test worker] DEBUG org.hibernate.internal.util.EntityPrinter - com.epam.esm.model.entity.TagEntity{name=Tag6, id=7}
05:18:27.982 [Test worker] DEBUG org.hibernate.internal.util.EntityPrinter - com.epam.esm.model.entity.TagEntity{name=Tag1, id=2}
05:18:27.982 [Test worker] DEBUG org.hibernate.internal.util.EntityPrinter - com.epam.esm.model.entity.TagEntity{name=Tag2, id=3}
05:18:27.982 [Test worker] DEBUG org.hibernate.internal.util.EntityPrinter - com.epam.esm.model.entity.TagEntity{name=Tag3, id=4}
05:18:27.982 [Test worker] DEBUG org.hibernate.internal.util.EntityPrinter - com.epam.esm.model.entity.TagEntity{name=Tag4, id=5}
05:18:27.982 [Test worker] DEBUG org.hibernate.internal.util.EntityPrinter - com.epam.esm.model.entity.TagEntity{name=Tag5, id=6}
05:18:27.982 [Test worker] DEBUG org.hibernate.SQL - select tagentity0_.id as id1_4_, tagentity0_.name as name2_4_ from TagEntity tagentity0_ where tagentity0_.name=?
Hibernate: select tagentity0_.id as id1_4_, tagentity0_.name as name2_4_ from TagEntity tagentity0_ where tagentity0_.name=?
05:18:27.983 [Test worker] DEBUG org.hibernate.stat.internal.StatisticsImpl - HHH000117: HQL: SELECT tag from TagEntity tag where tag.name = ?1, time: 0ms, rows: 0
05:18:27.983 [Test worker] DEBUG org.hibernate.engine.spi.ActionQueue - Executing identity-insert immediately
05:18:27.983 [Test worker] DEBUG org.hibernate.SQL - insert into TagEntity (id, name) values (null, ?)
Hibernate: insert into TagEntity (id, name) values (null, ?)
05:18:27.984 [Test worker] DEBUG org.hibernate.id.IdentifierGeneratorHelper - Natively generated identity: 8
05:18:27.984 [Test worker] DEBUG org.hibernate.resource.jdbc.internal.ResourceRegistryStandardImpl - HHH000387: ResultSet's statement was not registered
05:18:27.984 [Test worker] DEBUG org.hibernate.event.internal.AbstractFlushingEventListener - Processing flush-time cascades
05:18:27.984 [Test worker] DEBUG org.hibernate.event.internal.AbstractFlushingEventListener - Dirty checking collections
05:18:27.985 [Test worker] DEBUG org.hibernate.event.internal.AbstractFlushingEventListener - Flushed: 0 insertions, 0 updates, 0 deletions to 7 objects
05:18:27.985 [Test worker] DEBUG org.hibernate.event.internal.AbstractFlushingEventListener - Flushed: 0 (re)creations, 0 updates, 0 removals to 0 collections
05:18:27.985 [Test worker] DEBUG org.hibernate.internal.util.EntityPrinter - Listing entities:
05:18:27.985 [Test worker] DEBUG org.hibernate.internal.util.EntityPrinter - com.epam.esm.model.entity.TagEntity{name=Tag1, id=2}
05:18:27.985 [Test worker] DEBUG org.hibernate.internal.util.EntityPrinter - com.epam.esm.model.entity.TagEntity{name=Tag2, id=3}
05:18:27.985 [Test worker] DEBUG org.hibernate.internal.util.EntityPrinter - com.epam.esm.model.entity.TagEntity{name=Tag3, id=4}
05:18:27.985 [Test worker] DEBUG org.hibernate.internal.util.EntityPrinter - com.epam.esm.model.entity.TagEntity{name=Tag4, id=5}
05:18:27.985 [Test worker] DEBUG org.hibernate.internal.util.EntityPrinter - com.epam.esm.model.entity.TagEntity{name=Tag5, id=6}
05:18:27.985 [Test worker] DEBUG org.hibernate.internal.util.EntityPrinter - com.epam.esm.model.entity.TagEntity{name=Tag6, id=7}
05:18:27.985 [Test worker] DEBUG org.hibernate.internal.util.EntityPrinter - com.epam.esm.model.entity.TagEntity{name=Tag7, id=8}
05:18:27.985 [Test worker] DEBUG org.hibernate.SQL - select tagentity0_.id as id1_4_, tagentity0_.name as name2_4_ from TagEntity tagentity0_ where tagentity0_.name=?
Hibernate: select tagentity0_.id as id1_4_, tagentity0_.name as name2_4_ from TagEntity tagentity0_ where tagentity0_.name=?
05:18:27.985 [Test worker] DEBUG org.hibernate.stat.internal.StatisticsImpl - HHH000117: HQL: SELECT tag from TagEntity tag where tag.name = ?1, time: 0ms, rows: 0
05:18:27.986 [Test worker] DEBUG org.hibernate.engine.spi.ActionQueue - Executing identity-insert immediately
05:18:27.986 [Test worker] DEBUG org.hibernate.SQL - insert into TagEntity (id, name) values (null, ?)
Hibernate: insert into TagEntity (id, name) values (null, ?)
05:18:27.986 [Test worker] DEBUG org.hibernate.id.IdentifierGeneratorHelper - Natively generated identity: 9
05:18:27.986 [Test worker] DEBUG org.hibernate.resource.jdbc.internal.ResourceRegistryStandardImpl - HHH000387: ResultSet's statement was not registered
05:18:27.986 [Test worker] DEBUG org.hibernate.event.internal.AbstractFlushingEventListener - Processing flush-time cascades
05:18:27.986 [Test worker] DEBUG org.hibernate.event.internal.AbstractFlushingEventListener - Dirty checking collections
05:18:27.987 [Test worker] DEBUG org.hibernate.event.internal.AbstractFlushingEventListener - Flushed: 0 insertions, 0 updates, 0 deletions to 8 objects
05:18:27.987 [Test worker] DEBUG org.hibernate.event.internal.AbstractFlushingEventListener - Flushed: 0 (re)creations, 0 updates, 0 removals to 0 collections
05:18:27.987 [Test worker] DEBUG org.hibernate.internal.util.EntityPrinter - Listing entities:
05:18:27.987 [Test worker] DEBUG org.hibernate.internal.util.EntityPrinter - com.epam.esm.model.entity.TagEntity{name=Tag1, id=2}
05:18:27.987 [Test worker] DEBUG org.hibernate.internal.util.EntityPrinter - com.epam.esm.model.entity.TagEntity{name=Tag2, id=3}
05:18:27.987 [Test worker] DEBUG org.hibernate.internal.util.EntityPrinter - com.epam.esm.model.entity.TagEntity{name=Tag3, id=4}
05:18:27.987 [Test worker] DEBUG org.hibernate.internal.util.EntityPrinter - com.epam.esm.model.entity.TagEntity{name=Tag4, id=5}
05:18:27.987 [Test worker] DEBUG org.hibernate.internal.util.EntityPrinter - com.epam.esm.model.entity.TagEntity{name=Tag5, id=6}
05:18:27.987 [Test worker] DEBUG org.hibernate.internal.util.EntityPrinter - com.epam.esm.model.entity.TagEntity{name=Tag6, id=7}
05:18:27.987 [Test worker] DEBUG org.hibernate.internal.util.EntityPrinter - com.epam.esm.model.entity.TagEntity{name=Tag7, id=8}
05:18:27.987 [Test worker] DEBUG org.hibernate.internal.util.EntityPrinter - com.epam.esm.model.entity.TagEntity{name=Tag8, id=9}
05:18:27.987 [Test worker] DEBUG org.hibernate.SQL - select tagentity0_.id as id1_4_, tagentity0_.name as name2_4_ from TagEntity tagentity0_ where tagentity0_.name=?
Hibernate: select tagentity0_.id as id1_4_, tagentity0_.name as name2_4_ from TagEntity tagentity0_ where tagentity0_.name=?
05:18:27.987 [Test worker] DEBUG org.hibernate.stat.internal.StatisticsImpl - HHH000117: HQL: SELECT tag from TagEntity tag where tag.name = ?1, time: 0ms, rows: 0
05:18:27.988 [Test worker] DEBUG org.hibernate.engine.spi.ActionQueue - Executing identity-insert immediately
05:18:27.988 [Test worker] DEBUG org.hibernate.SQL - insert into TagEntity (id, name) values (null, ?)
Hibernate: insert into TagEntity (id, name) values (null, ?)
05:18:27.988 [Test worker] DEBUG org.hibernate.id.IdentifierGeneratorHelper - Natively generated identity: 10
05:18:27.988 [Test worker] DEBUG org.hibernate.resource.jdbc.internal.ResourceRegistryStandardImpl - HHH000387: ResultSet's statement was not registered
05:18:27.989 [Test worker] DEBUG org.hibernate.event.internal.AbstractFlushingEventListener - Processing flush-time cascades
05:18:27.989 [Test worker] DEBUG org.hibernate.event.internal.AbstractFlushingEventListener - Dirty checking collections
05:18:27.989 [Test worker] DEBUG org.hibernate.event.internal.AbstractFlushingEventListener - Flushed: 0 insertions, 0 updates, 0 deletions to 9 objects
05:18:27.989 [Test worker] DEBUG org.hibernate.event.internal.AbstractFlushingEventListener - Flushed: 0 (re)creations, 0 updates, 0 removals to 0 collections
05:18:27.989 [Test worker] DEBUG org.hibernate.internal.util.EntityPrinter - Listing entities:
05:18:27.989 [Test worker] DEBUG org.hibernate.internal.util.EntityPrinter - com.epam.esm.model.entity.TagEntity{name=Tag1, id=2}
05:18:27.989 [Test worker] DEBUG org.hibernate.internal.util.EntityPrinter - com.epam.esm.model.entity.TagEntity{name=Tag2, id=3}
05:18:27.989 [Test worker] DEBUG org.hibernate.internal.util.EntityPrinter - com.epam.esm.model.entity.TagEntity{name=Tag3, id=4}
05:18:27.989 [Test worker] DEBUG org.hibernate.internal.util.EntityPrinter - com.epam.esm.model.entity.TagEntity{name=Tag4, id=5}
05:18:27.989 [Test worker] DEBUG org.hibernate.internal.util.EntityPrinter - com.epam.esm.model.entity.TagEntity{name=Tag5, id=6}
05:18:27.989 [Test worker] DEBUG org.hibernate.internal.util.EntityPrinter - com.epam.esm.model.entity.TagEntity{name=Tag6, id=7}
05:18:27.989 [Test worker] DEBUG org.hibernate.internal.util.EntityPrinter - com.epam.esm.model.entity.TagEntity{name=Tag7, id=8}
05:18:27.989 [Test worker] DEBUG org.hibernate.internal.util.EntityPrinter - com.epam.esm.model.entity.TagEntity{name=Tag8, id=9}
05:18:27.989 [Test worker] DEBUG org.hibernate.internal.util.EntityPrinter - com.epam.esm.model.entity.TagEntity{name=Tag9, id=10}
05:18:27.989 [Test worker] DEBUG org.hibernate.SQL - select tagentity0_.id as id1_4_, tagentity0_.name as name2_4_ from TagEntity tagentity0_ where tagentity0_.name=?
Hibernate: select tagentity0_.id as id1_4_, tagentity0_.name as name2_4_ from TagEntity tagentity0_ where tagentity0_.name=?
05:18:27.990 [Test worker] DEBUG org.hibernate.stat.internal.StatisticsImpl - HHH000117: HQL: SELECT tag from TagEntity tag where tag.name = ?1, time: 0ms, rows: 0
05:18:27.990 [Test worker] DEBUG org.hibernate.engine.spi.ActionQueue - Executing identity-insert immediately
05:18:27.990 [Test worker] DEBUG org.hibernate.SQL - insert into TagEntity (id, name) values (null, ?)
Hibernate: insert into TagEntity (id, name) values (null, ?)
05:18:27.990 [Test worker] DEBUG org.hibernate.id.IdentifierGeneratorHelper - Natively generated identity: 11
05:18:27.990 [Test worker] DEBUG org.hibernate.resource.jdbc.internal.ResourceRegistryStandardImpl - HHH000387: ResultSet's statement was not registered
05:18:27.991 [Test worker] DEBUG org.hibernate.hql.internal.ast.QueryTranslatorImpl - parse() - HQL: SELECT tag FROM com.epam.esm.model.entity.TagEntity tag
05:18:27.991 [Test worker] DEBUG org.hibernate.hql.internal.ast.ErrorTracker - throwQueryException() : no errors
05:18:27.992 [Test worker] DEBUG org.hibernate.hql.internal.ast.QueryTranslatorImpl - --- HQL AST ---
 \-[QUERY] Node: 'query'
    \-[SELECT_FROM] Node: 'SELECT_FROM'
       +-[FROM] Node: 'FROM'
       |  \-[RANGE] Node: 'RANGE'
       |     +-[DOT] Node: '.'
       |     |  +-[DOT] Node: '.'
       |     |  |  +-[DOT] Node: '.'
       |     |  |  |  +-[DOT] Node: '.'
       |     |  |  |  |  +-[DOT] Node: '.'
       |     |  |  |  |  |  +-[IDENT] Node: 'com'
       |     |  |  |  |  |  \-[IDENT] Node: 'epam'
       |     |  |  |  |  \-[IDENT] Node: 'esm'
       |     |  |  |  \-[IDENT] Node: 'model'
       |     |  |  \-[IDENT] Node: 'entity'
       |     |  \-[IDENT] Node: 'TagEntity'
       |     \-[ALIAS] Node: 'tag'
       \-[SELECT] Node: 'SELECT'
          \-[IDENT] Node: 'tag'

05:18:27.992 [Test worker] DEBUG org.hibernate.hql.internal.antlr.HqlSqlBaseWalker - select << begin [level=1, statement=select]
05:18:27.993 [Test worker] DEBUG org.hibernate.hql.internal.ast.tree.FromElement - FromClause{level=1} : com.epam.esm.model.entity.TagEntity (tag) -> tagentity0_
05:18:27.993 [Test worker] DEBUG org.hibernate.hql.internal.ast.tree.FromReferenceNode - Resolved : tag -> tagentity0_.id
05:18:27.993 [Test worker] DEBUG org.hibernate.hql.internal.antlr.HqlSqlBaseWalker - select : finishing up [level=1, statement=select]
05:18:27.993 [Test worker] DEBUG org.hibernate.hql.internal.ast.HqlSqlWalker - processQuery() :  ( SELECT ( {select clause} tagentity0_.id ) ( FromClause{level=1} TagEntity tagentity0_ ) )
05:18:27.993 [Test worker] DEBUG org.hibernate.hql.internal.ast.util.JoinProcessor - Tables referenced from query nodes:
 \-QueryNode
    +-SelectClause
    | referencedTables(entity TagEntity): [TagEntity]
    |  +-IdentNode
    |  | persister: SingleTableEntityPersister(com.epam.esm.model.entity.TagEntity)
    |  | originalText: tag
    |  \-SqlFragment
    \-FromClause
       \-FromElement

05:18:27.994 [Test worker] DEBUG org.hibernate.hql.internal.ast.util.JoinProcessor - Using FROM fragment [TagEntity tagentity0_]
05:18:27.994 [Test worker] DEBUG org.hibernate.hql.internal.antlr.HqlSqlBaseWalker - select >> end [level=1, statement=select]
05:18:27.994 [Test worker] DEBUG org.hibernate.hql.internal.ast.QueryTranslatorImpl - --- SQL AST ---
 \-[SELECT] QueryNode: 'SELECT'  querySpaces (TagEntity)
    +-[SELECT_CLAUSE] SelectClause: '{select clause}'
    |  +-[ALIAS_REF] IdentNode: 'tagentity0_.id as id1_4_' {alias=tag, className=com.epam.esm.model.entity.TagEntity, tableAlias=tagentity0_}
    |  \-[SQL_TOKEN] SqlFragment: 'tagentity0_.name as name2_4_'
    \-[FROM] FromClause: 'FROM' FromClause{level=1, fromElementCounter=1, fromElements=1, fromElementByClassAlias=[tag], fromElementByTableAlias=[tagentity0_], fromElementsByPath=[], collectionJoinFromElementsByPath=[], impliedElements=[]}
       \-[FROM_FRAGMENT] FromElement: 'TagEntity tagentity0_' FromElement{explicit,not a collection join,not a fetch join,fetch non-lazy properties,classAlias=tag,role=null,tableName=TagEntity,tableAlias=tagentity0_,origin=null,columns={,className=com.epam.esm.model.entity.TagEntity}}

05:18:27.994 [Test worker] DEBUG org.hibernate.hql.internal.ast.ErrorTracker - throwQueryException() : no errors
05:18:27.994 [Test worker] DEBUG org.hibernate.hql.internal.ast.QueryTranslatorImpl - HQL: SELECT tag FROM com.epam.esm.model.entity.TagEntity tag
05:18:27.994 [Test worker] DEBUG org.hibernate.hql.internal.ast.QueryTranslatorImpl - SQL: select tagentity0_.id as id1_4_, tagentity0_.name as name2_4_ from TagEntity tagentity0_
05:18:27.994 [Test worker] DEBUG org.hibernate.hql.internal.ast.ErrorTracker - throwQueryException() : no errors
05:18:27.994 [Test worker] DEBUG org.hibernate.event.internal.AbstractFlushingEventListener - Processing flush-time cascades
05:18:27.995 [Test worker] DEBUG org.hibernate.event.internal.AbstractFlushingEventListener - Dirty checking collections
05:18:27.995 [Test worker] DEBUG org.hibernate.event.internal.AbstractFlushingEventListener - Flushed: 0 insertions, 0 updates, 0 deletions to 10 objects
05:18:27.995 [Test worker] DEBUG org.hibernate.event.internal.AbstractFlushingEventListener - Flushed: 0 (re)creations, 0 updates, 0 removals to 0 collections
05:18:27.995 [Test worker] DEBUG org.hibernate.internal.util.EntityPrinter - Listing entities:
05:18:27.995 [Test worker] DEBUG org.hibernate.internal.util.EntityPrinter - com.epam.esm.model.entity.TagEntity{name=Tag1, id=2}
05:18:27.995 [Test worker] DEBUG org.hibernate.internal.util.EntityPrinter - com.epam.esm.model.entity.TagEntity{name=Tag2, id=3}
05:18:27.995 [Test worker] DEBUG org.hibernate.internal.util.EntityPrinter - com.epam.esm.model.entity.TagEntity{name=Tag3, id=4}
05:18:27.995 [Test worker] DEBUG org.hibernate.internal.util.EntityPrinter - com.epam.esm.model.entity.TagEntity{name=Tag4, id=5}
05:18:27.995 [Test worker] DEBUG org.hibernate.internal.util.EntityPrinter - com.epam.esm.model.entity.TagEntity{name=Tag5, id=6}
05:18:27.995 [Test worker] DEBUG org.hibernate.internal.util.EntityPrinter - com.epam.esm.model.entity.TagEntity{name=Tag6, id=7}
05:18:27.995 [Test worker] DEBUG org.hibernate.internal.util.EntityPrinter - com.epam.esm.model.entity.TagEntity{name=Tag7, id=8}
05:18:27.995 [Test worker] DEBUG org.hibernate.internal.util.EntityPrinter - com.epam.esm.model.entity.TagEntity{name=Tag8, id=9}
05:18:27.995 [Test worker] DEBUG org.hibernate.internal.util.EntityPrinter - com.epam.esm.model.entity.TagEntity{name=Tag9, id=10}
05:18:27.996 [Test worker] DEBUG org.hibernate.internal.util.EntityPrinter - com.epam.esm.model.entity.TagEntity{name=Tag10, id=11}
05:18:27.996 [Test worker] DEBUG org.hibernate.SQL - select tagentity0_.id as id1_4_, tagentity0_.name as name2_4_ from TagEntity tagentity0_
Hibernate: select tagentity0_.id as id1_4_, tagentity0_.name as name2_4_ from TagEntity tagentity0_
05:18:27.996 [Test worker] DEBUG org.hibernate.loader.Loader - Result set row: 0
05:18:27.996 [Test worker] DEBUG org.hibernate.loader.Loader - Result row: EntityKey[com.epam.esm.model.entity.TagEntity#2]
05:18:27.996 [Test worker] DEBUG org.hibernate.loader.Loader - Result set row: 1
05:18:27.996 [Test worker] DEBUG org.hibernate.loader.Loader - Result row: EntityKey[com.epam.esm.model.entity.TagEntity#3]
05:18:27.996 [Test worker] DEBUG org.hibernate.loader.Loader - Result set row: 2
05:18:27.996 [Test worker] DEBUG org.hibernate.loader.Loader - Result row: EntityKey[com.epam.esm.model.entity.TagEntity#4]
05:18:27.996 [Test worker] DEBUG org.hibernate.loader.Loader - Result set row: 3
05:18:27.996 [Test worker] DEBUG org.hibernate.loader.Loader - Result row: EntityKey[com.epam.esm.model.entity.TagEntity#5]
05:18:27.997 [Test worker] DEBUG org.hibernate.loader.Loader - Result set row: 4
05:18:27.997 [Test worker] DEBUG org.hibernate.loader.Loader - Result row: EntityKey[com.epam.esm.model.entity.TagEntity#6]
05:18:27.997 [Test worker] DEBUG org.hibernate.loader.Loader - Result set row: 5
05:18:27.997 [Test worker] DEBUG org.hibernate.loader.Loader - Result row: EntityKey[com.epam.esm.model.entity.TagEntity#7]
05:18:27.997 [Test worker] DEBUG org.hibernate.loader.Loader - Result set row: 6
05:18:27.997 [Test worker] DEBUG org.hibernate.loader.Loader - Result row: EntityKey[com.epam.esm.model.entity.TagEntity#8]
05:18:27.997 [Test worker] DEBUG org.hibernate.loader.Loader - Result set row: 7
05:18:27.997 [Test worker] DEBUG org.hibernate.loader.Loader - Result row: EntityKey[com.epam.esm.model.entity.TagEntity#9]
05:18:27.997 [Test worker] DEBUG org.hibernate.loader.Loader - Result set row: 8
05:18:27.997 [Test worker] DEBUG org.hibernate.loader.Loader - Result row: EntityKey[com.epam.esm.model.entity.TagEntity#10]
05:18:27.997 [Test worker] DEBUG org.hibernate.loader.Loader - Result set row: 9
05:18:27.997 [Test worker] DEBUG org.hibernate.loader.Loader - Result row: EntityKey[com.epam.esm.model.entity.TagEntity#11]
05:18:27.997 [Test worker] DEBUG org.hibernate.stat.internal.StatisticsImpl - HHH000117: HQL: SELECT tag FROM TagEntity tag, time: 1ms, rows: 10
05:18:27.998 [Test worker] DEBUG org.springframework.test.context.cache.DefaultCacheAwareContextLoaderDelegate - Retrieved ApplicationContext [733602954] from cache with key [[MergedContextConfiguration@226602e1 testClass = TagDaoImplTest, locations = '{}', classes = '{class com.epam.esm.configuration.DaoTestConfiguration}', contextInitializerClasses = '[]', activeProfiles = '{}', propertySourceLocations = '{}', propertySourceProperties = '{}', contextCustomizers = set[org.springframework.boot.test.autoconfigure.actuate.metrics.MetricsExportContextCustomizerFactory$DisableMetricExportContextCustomizer@5e04c722, org.springframework.boot.test.autoconfigure.properties.PropertyMappingContextCustomizer@0, org.springframework.boot.test.autoconfigure.web.servlet.WebDriverContextCustomizerFactory$Customizer@460ecfa8, org.springframework.boot.test.context.filter.ExcludeFilterContextCustomizer@1b165e5f, org.springframework.boot.test.json.DuplicateJsonObjectContextCustomizerFactory$DuplicateJsonObjectContextCustomizer@f93eaef, org.springframework.boot.test.mock.mockito.MockitoContextCustomizer@0], contextLoader = 'org.springframework.test.context.support.DelegatingSmartContextLoader', parent = [null]]]
05:18:27.998 [Test worker] DEBUG org.springframework.test.context.cache - Spring test ApplicationContext cache statistics: [DefaultContextCache@34b4204d size = 1, maxSize = 32, parentContextCount = 0, hitCount = 156, missCount = 1]
05:18:27.998 [Test worker] DEBUG org.springframework.test.context.cache.DefaultCacheAwareContextLoaderDelegate - Retrieved ApplicationContext [733602954] from cache with key [[MergedContextConfiguration@226602e1 testClass = TagDaoImplTest, locations = '{}', classes = '{class com.epam.esm.configuration.DaoTestConfiguration}', contextInitializerClasses = '[]', activeProfiles = '{}', propertySourceLocations = '{}', propertySourceProperties = '{}', contextCustomizers = set[org.springframework.boot.test.autoconfigure.actuate.metrics.MetricsExportContextCustomizerFactory$DisableMetricExportContextCustomizer@5e04c722, org.springframework.boot.test.autoconfigure.properties.PropertyMappingContextCustomizer@0, org.springframework.boot.test.autoconfigure.web.servlet.WebDriverContextCustomizerFactory$Customizer@460ecfa8, org.springframework.boot.test.context.filter.ExcludeFilterContextCustomizer@1b165e5f, org.springframework.boot.test.json.DuplicateJsonObjectContextCustomizerFactory$DuplicateJsonObjectContextCustomizer@f93eaef, org.springframework.boot.test.mock.mockito.MockitoContextCustomizer@0], contextLoader = 'org.springframework.test.context.support.DelegatingSmartContextLoader', parent = [null]]]
05:18:27.998 [Test worker] DEBUG org.springframework.test.context.cache - Spring test ApplicationContext cache statistics: [DefaultContextCache@34b4204d size = 1, maxSize = 32, parentContextCount = 0, hitCount = 157, missCount = 1]
05:18:27.999 [Test worker] DEBUG org.springframework.test.context.cache.DefaultCacheAwareContextLoaderDelegate - Retrieved ApplicationContext [733602954] from cache with key [[MergedContextConfiguration@226602e1 testClass = TagDaoImplTest, locations = '{}', classes = '{class com.epam.esm.configuration.DaoTestConfiguration}', contextInitializerClasses = '[]', activeProfiles = '{}', propertySourceLocations = '{}', propertySourceProperties = '{}', contextCustomizers = set[org.springframework.boot.test.autoconfigure.actuate.metrics.MetricsExportContextCustomizerFactory$DisableMetricExportContextCustomizer@5e04c722, org.springframework.boot.test.autoconfigure.properties.PropertyMappingContextCustomizer@0, org.springframework.boot.test.autoconfigure.web.servlet.WebDriverContextCustomizerFactory$Customizer@460ecfa8, org.springframework.boot.test.context.filter.ExcludeFilterContextCustomizer@1b165e5f, org.springframework.boot.test.json.DuplicateJsonObjectContextCustomizerFactory$DuplicateJsonObjectContextCustomizer@f93eaef, org.springframework.boot.test.mock.mockito.MockitoContextCustomizer@0], contextLoader = 'org.springframework.test.context.support.DelegatingSmartContextLoader', parent = [null]]]
05:18:27.999 [Test worker] DEBUG org.springframework.test.context.cache - Spring test ApplicationContext cache statistics: [DefaultContextCache@34b4204d size = 1, maxSize = 32, parentContextCount = 0, hitCount = 158, missCount = 1]
05:18:27.999 [Test worker] DEBUG org.springframework.test.context.cache.DefaultCacheAwareContextLoaderDelegate - Retrieved ApplicationContext [733602954] from cache with key [[MergedContextConfiguration@226602e1 testClass = TagDaoImplTest, locations = '{}', classes = '{class com.epam.esm.configuration.DaoTestConfiguration}', contextInitializerClasses = '[]', activeProfiles = '{}', propertySourceLocations = '{}', propertySourceProperties = '{}', contextCustomizers = set[org.springframework.boot.test.autoconfigure.actuate.metrics.MetricsExportContextCustomizerFactory$DisableMetricExportContextCustomizer@5e04c722, org.springframework.boot.test.autoconfigure.properties.PropertyMappingContextCustomizer@0, org.springframework.boot.test.autoconfigure.web.servlet.WebDriverContextCustomizerFactory$Customizer@460ecfa8, org.springframework.boot.test.context.filter.ExcludeFilterContextCustomizer@1b165e5f, org.springframework.boot.test.json.DuplicateJsonObjectContextCustomizerFactory$DuplicateJsonObjectContextCustomizer@f93eaef, org.springframework.boot.test.mock.mockito.MockitoContextCustomizer@0], contextLoader = 'org.springframework.test.context.support.DelegatingSmartContextLoader', parent = [null]]]
05:18:27.999 [Test worker] DEBUG org.springframework.test.context.cache - Spring test ApplicationContext cache statistics: [DefaultContextCache@34b4204d size = 1, maxSize = 32, parentContextCount = 0, hitCount = 159, missCount = 1]
05:18:27.999 [Test worker] DEBUG org.springframework.test.context.cache.DefaultCacheAwareContextLoaderDelegate - Retrieved ApplicationContext [733602954] from cache with key [[MergedContextConfiguration@226602e1 testClass = TagDaoImplTest, locations = '{}', classes = '{class com.epam.esm.configuration.DaoTestConfiguration}', contextInitializerClasses = '[]', activeProfiles = '{}', propertySourceLocations = '{}', propertySourceProperties = '{}', contextCustomizers = set[org.springframework.boot.test.autoconfigure.actuate.metrics.MetricsExportContextCustomizerFactory$DisableMetricExportContextCustomizer@5e04c722, org.springframework.boot.test.autoconfigure.properties.PropertyMappingContextCustomizer@0, org.springframework.boot.test.autoconfigure.web.servlet.WebDriverContextCustomizerFactory$Customizer@460ecfa8, org.springframework.boot.test.context.filter.ExcludeFilterContextCustomizer@1b165e5f, org.springframework.boot.test.json.DuplicateJsonObjectContextCustomizerFactory$DuplicateJsonObjectContextCustomizer@f93eaef, org.springframework.boot.test.mock.mockito.MockitoContextCustomizer@0], contextLoader = 'org.springframework.test.context.support.DelegatingSmartContextLoader', parent = [null]]]
05:18:27.999 [Test worker] DEBUG org.springframework.test.context.cache - Spring test ApplicationContext cache statistics: [DefaultContextCache@34b4204d size = 1, maxSize = 32, parentContextCount = 0, hitCount = 160, missCount = 1]
05:18:28.000 [Test worker] DEBUG org.springframework.test.context.cache.DefaultCacheAwareContextLoaderDelegate - Retrieved ApplicationContext [733602954] from cache with key [[MergedContextConfiguration@226602e1 testClass = TagDaoImplTest, locations = '{}', classes = '{class com.epam.esm.configuration.DaoTestConfiguration}', contextInitializerClasses = '[]', activeProfiles = '{}', propertySourceLocations = '{}', propertySourceProperties = '{}', contextCustomizers = set[org.springframework.boot.test.autoconfigure.actuate.metrics.MetricsExportContextCustomizerFactory$DisableMetricExportContextCustomizer@5e04c722, org.springframework.boot.test.autoconfigure.properties.PropertyMappingContextCustomizer@0, org.springframework.boot.test.autoconfigure.web.servlet.WebDriverContextCustomizerFactory$Customizer@460ecfa8, org.springframework.boot.test.context.filter.ExcludeFilterContextCustomizer@1b165e5f, org.springframework.boot.test.json.DuplicateJsonObjectContextCustomizerFactory$DuplicateJsonObjectContextCustomizer@f93eaef, org.springframework.boot.test.mock.mockito.MockitoContextCustomizer@0], contextLoader = 'org.springframework.test.context.support.DelegatingSmartContextLoader', parent = [null]]]
05:18:28.000 [Test worker] DEBUG org.springframework.test.context.cache - Spring test ApplicationContext cache statistics: [DefaultContextCache@34b4204d size = 1, maxSize = 32, parentContextCount = 0, hitCount = 161, missCount = 1]
05:18:28.000 [Test worker] DEBUG org.springframework.orm.jpa.JpaTransactionManager - Initiating transaction rollback
05:18:28.000 [Test worker] DEBUG org.springframework.orm.jpa.JpaTransactionManager - Rolling back JPA transaction on EntityManager [SessionImpl(507761337<open>)]
05:18:28.000 [Test worker] DEBUG org.hibernate.engine.transaction.internal.TransactionImpl - rolling back
05:18:28.001 [Test worker] DEBUG org.springframework.orm.jpa.JpaTransactionManager - Closing JPA EntityManager [SessionImpl(507761337<open>)] after transaction
05:18:28.001 [Test worker] INFO org.hibernate.engine.internal.StatisticalLoggingSessionEventListener - Session Metrics {
    565922 nanoseconds spent acquiring 1 JDBC connections;
    0 nanoseconds spent releasing 0 JDBC connections;
    1273643 nanoseconds spent preparing 21 JDBC statements;
    4948923 nanoseconds spent executing 21 JDBC statements;
    0 nanoseconds spent executing 0 JDBC batches;
    0 nanoseconds spent performing 0 L2C puts;
    0 nanoseconds spent performing 0 L2C hits;
    0 nanoseconds spent performing 0 L2C misses;
    0 nanoseconds spent executing 0 flushes (flushing a total of 0 entities and 0 collections);
    6216677 nanoseconds spent executing 11 partial-flushes (flushing a total of 55 entities and 55 collections)
}
05:18:28.001 [Test worker] INFO org.springframework.test.context.transaction.TransactionContext - Rolled back transaction for test: [DefaultTestContext@3c4b139d testClass = TagDaoImplTest, testInstance = com.epam.esm.dao.impl.TagDaoImplTest@6c23cec2, testMethod = loadAllTest@TagDaoImplTest, testException = [null], mergedContextConfiguration = [MergedContextConfiguration@226602e1 testClass = TagDaoImplTest, locations = '{}', classes = '{class com.epam.esm.configuration.DaoTestConfiguration}', contextInitializerClasses = '[]', activeProfiles = '{}', propertySourceLocations = '{}', propertySourceProperties = '{}', contextCustomizers = set[org.springframework.boot.test.autoconfigure.actuate.metrics.MetricsExportContextCustomizerFactory$DisableMetricExportContextCustomizer@5e04c722, org.springframework.boot.test.autoconfigure.properties.PropertyMappingContextCustomizer@0, org.springframework.boot.test.autoconfigure.web.servlet.WebDriverContextCustomizerFactory$Customizer@460ecfa8, org.springframework.boot.test.context.filter.ExcludeFilterContextCustomizer@1b165e5f, org.springframework.boot.test.json.DuplicateJsonObjectContextCustomizerFactory$DuplicateJsonObjectContextCustomizer@f93eaef, org.springframework.boot.test.mock.mockito.MockitoContextCustomizer@0], contextLoader = 'org.springframework.test.context.support.DelegatingSmartContextLoader', parent = [null]], attributes = map['org.springframework.test.context.event.ApplicationEventsTestExecutionListener.recordApplicationEvents' -> false]]
05:18:28.002 [Test worker] DEBUG org.springframework.test.context.support.AbstractDirtiesContextTestExecutionListener - After test method: context [DefaultTestContext@3c4b139d testClass = TagDaoImplTest, testInstance = com.epam.esm.dao.impl.TagDaoImplTest@6c23cec2, testMethod = loadAllTest@TagDaoImplTest, testException = [null], mergedContextConfiguration = [MergedContextConfiguration@226602e1 testClass = TagDaoImplTest, locations = '{}', classes = '{class com.epam.esm.configuration.DaoTestConfiguration}', contextInitializerClasses = '[]', activeProfiles = '{}', propertySourceLocations = '{}', propertySourceProperties = '{}', contextCustomizers = set[org.springframework.boot.test.autoconfigure.actuate.metrics.MetricsExportContextCustomizerFactory$DisableMetricExportContextCustomizer@5e04c722, org.springframework.boot.test.autoconfigure.properties.PropertyMappingContextCustomizer@0, org.springframework.boot.test.autoconfigure.web.servlet.WebDriverContextCustomizerFactory$Customizer@460ecfa8, org.springframework.boot.test.context.filter.ExcludeFilterContextCustomizer@1b165e5f, org.springframework.boot.test.json.DuplicateJsonObjectContextCustomizerFactory$DuplicateJsonObjectContextCustomizer@f93eaef, org.springframework.boot.test.mock.mockito.MockitoContextCustomizer@0], contextLoader = 'org.springframework.test.context.support.DelegatingSmartContextLoader', parent = [null]], attributes = map['org.springframework.test.context.event.ApplicationEventsTestExecutionListener.recordApplicationEvents' -> false]], class annotated with @DirtiesContext [false] with mode [null], method annotated with @DirtiesContext [false] with mode [null].
05:18:28.003 [Test worker] DEBUG org.springframework.test.context.support.DependencyInjectionTestExecutionListener - Performing dependency injection for test context [[DefaultTestContext@3c4b139d testClass = TagDaoImplTest, testInstance = com.epam.esm.dao.impl.TagDaoImplTest@ffc4bbd, testMethod = [null], testException = [null], mergedContextConfiguration = [MergedContextConfiguration@226602e1 testClass = TagDaoImplTest, locations = '{}', classes = '{class com.epam.esm.configuration.DaoTestConfiguration}', contextInitializerClasses = '[]', activeProfiles = '{}', propertySourceLocations = '{}', propertySourceProperties = '{}', contextCustomizers = set[org.springframework.boot.test.autoconfigure.actuate.metrics.MetricsExportContextCustomizerFactory$DisableMetricExportContextCustomizer@5e04c722, org.springframework.boot.test.autoconfigure.properties.PropertyMappingContextCustomizer@0, org.springframework.boot.test.autoconfigure.web.servlet.WebDriverContextCustomizerFactory$Customizer@460ecfa8, org.springframework.boot.test.context.filter.ExcludeFilterContextCustomizer@1b165e5f, org.springframework.boot.test.json.DuplicateJsonObjectContextCustomizerFactory$DuplicateJsonObjectContextCustomizer@f93eaef, org.springframework.boot.test.mock.mockito.MockitoContextCustomizer@0], contextLoader = 'org.springframework.test.context.support.DelegatingSmartContextLoader', parent = [null]], attributes = map['org.springframework.test.context.event.ApplicationEventsTestExecutionListener.recordApplicationEvents' -> false]]].
05:18:28.003 [Test worker] DEBUG org.springframework.test.context.cache.DefaultCacheAwareContextLoaderDelegate - Retrieved ApplicationContext [733602954] from cache with key [[MergedContextConfiguration@226602e1 testClass = TagDaoImplTest, locations = '{}', classes = '{class com.epam.esm.configuration.DaoTestConfiguration}', contextInitializerClasses = '[]', activeProfiles = '{}', propertySourceLocations = '{}', propertySourceProperties = '{}', contextCustomizers = set[org.springframework.boot.test.autoconfigure.actuate.metrics.MetricsExportContextCustomizerFactory$DisableMetricExportContextCustomizer@5e04c722, org.springframework.boot.test.autoconfigure.properties.PropertyMappingContextCustomizer@0, org.springframework.boot.test.autoconfigure.web.servlet.WebDriverContextCustomizerFactory$Customizer@460ecfa8, org.springframework.boot.test.context.filter.ExcludeFilterContextCustomizer@1b165e5f, org.springframework.boot.test.json.DuplicateJsonObjectContextCustomizerFactory$DuplicateJsonObjectContextCustomizer@f93eaef, org.springframework.boot.test.mock.mockito.MockitoContextCustomizer@0], contextLoader = 'org.springframework.test.context.support.DelegatingSmartContextLoader', parent = [null]]]
05:18:28.003 [Test worker] DEBUG org.springframework.test.context.cache - Spring test ApplicationContext cache statistics: [DefaultContextCache@34b4204d size = 1, maxSize = 32, parentContextCount = 0, hitCount = 162, missCount = 1]
05:18:28.003 [Test worker] DEBUG org.springframework.test.context.cache.DefaultCacheAwareContextLoaderDelegate - Retrieved ApplicationContext [733602954] from cache with key [[MergedContextConfiguration@226602e1 testClass = TagDaoImplTest, locations = '{}', classes = '{class com.epam.esm.configuration.DaoTestConfiguration}', contextInitializerClasses = '[]', activeProfiles = '{}', propertySourceLocations = '{}', propertySourceProperties = '{}', contextCustomizers = set[org.springframework.boot.test.autoconfigure.actuate.metrics.MetricsExportContextCustomizerFactory$DisableMetricExportContextCustomizer@5e04c722, org.springframework.boot.test.autoconfigure.properties.PropertyMappingContextCustomizer@0, org.springframework.boot.test.autoconfigure.web.servlet.WebDriverContextCustomizerFactory$Customizer@460ecfa8, org.springframework.boot.test.context.filter.ExcludeFilterContextCustomizer@1b165e5f, org.springframework.boot.test.json.DuplicateJsonObjectContextCustomizerFactory$DuplicateJsonObjectContextCustomizer@f93eaef, org.springframework.boot.test.mock.mockito.MockitoContextCustomizer@0], contextLoader = 'org.springframework.test.context.support.DelegatingSmartContextLoader', parent = [null]]]
05:18:28.004 [Test worker] DEBUG org.springframework.test.context.cache - Spring test ApplicationContext cache statistics: [DefaultContextCache@34b4204d size = 1, maxSize = 32, parentContextCount = 0, hitCount = 163, missCount = 1]
05:18:28.004 [Test worker] DEBUG org.springframework.test.context.support.AbstractDirtiesContextTestExecutionListener - Before test method: context [DefaultTestContext@3c4b139d testClass = TagDaoImplTest, testInstance = com.epam.esm.dao.impl.TagDaoImplTest@ffc4bbd, testMethod = loadByNameTest@TagDaoImplTest, testException = [null], mergedContextConfiguration = [MergedContextConfiguration@226602e1 testClass = TagDaoImplTest, locations = '{}', classes = '{class com.epam.esm.configuration.DaoTestConfiguration}', contextInitializerClasses = '[]', activeProfiles = '{}', propertySourceLocations = '{}', propertySourceProperties = '{}', contextCustomizers = set[org.springframework.boot.test.autoconfigure.actuate.metrics.MetricsExportContextCustomizerFactory$DisableMetricExportContextCustomizer@5e04c722, org.springframework.boot.test.autoconfigure.properties.PropertyMappingContextCustomizer@0, org.springframework.boot.test.autoconfigure.web.servlet.WebDriverContextCustomizerFactory$Customizer@460ecfa8, org.springframework.boot.test.context.filter.ExcludeFilterContextCustomizer@1b165e5f, org.springframework.boot.test.json.DuplicateJsonObjectContextCustomizerFactory$DuplicateJsonObjectContextCustomizer@f93eaef, org.springframework.boot.test.mock.mockito.MockitoContextCustomizer@0], contextLoader = 'org.springframework.test.context.support.DelegatingSmartContextLoader', parent = [null]], attributes = map['org.springframework.test.context.event.ApplicationEventsTestExecutionListener.recordApplicationEvents' -> false]], class annotated with @DirtiesContext [false] with mode [null], method annotated with @DirtiesContext [false] with mode [null].
05:18:28.005 [Test worker] DEBUG org.springframework.test.context.transaction.TransactionalTestExecutionListener - Explicit transaction definition [PROPAGATION_REQUIRED,ISOLATION_DEFAULT] found for test context [DefaultTestContext@3c4b139d testClass = TagDaoImplTest, testInstance = com.epam.esm.dao.impl.TagDaoImplTest@ffc4bbd, testMethod = loadByNameTest@TagDaoImplTest, testException = [null], mergedContextConfiguration = [MergedContextConfiguration@226602e1 testClass = TagDaoImplTest, locations = '{}', classes = '{class com.epam.esm.configuration.DaoTestConfiguration}', contextInitializerClasses = '[]', activeProfiles = '{}', propertySourceLocations = '{}', propertySourceProperties = '{}', contextCustomizers = set[org.springframework.boot.test.autoconfigure.actuate.metrics.MetricsExportContextCustomizerFactory$DisableMetricExportContextCustomizer@5e04c722, org.springframework.boot.test.autoconfigure.properties.PropertyMappingContextCustomizer@0, org.springframework.boot.test.autoconfigure.web.servlet.WebDriverContextCustomizerFactory$Customizer@460ecfa8, org.springframework.boot.test.context.filter.ExcludeFilterContextCustomizer@1b165e5f, org.springframework.boot.test.json.DuplicateJsonObjectContextCustomizerFactory$DuplicateJsonObjectContextCustomizer@f93eaef, org.springframework.boot.test.mock.mockito.MockitoContextCustomizer@0], contextLoader = 'org.springframework.test.context.support.DelegatingSmartContextLoader', parent = [null]], attributes = map['org.springframework.test.context.event.ApplicationEventsTestExecutionListener.recordApplicationEvents' -> false]]
05:18:28.005 [Test worker] DEBUG org.springframework.test.context.cache.DefaultCacheAwareContextLoaderDelegate - Retrieved ApplicationContext [733602954] from cache with key [[MergedContextConfiguration@226602e1 testClass = TagDaoImplTest, locations = '{}', classes = '{class com.epam.esm.configuration.DaoTestConfiguration}', contextInitializerClasses = '[]', activeProfiles = '{}', propertySourceLocations = '{}', propertySourceProperties = '{}', contextCustomizers = set[org.springframework.boot.test.autoconfigure.actuate.metrics.MetricsExportContextCustomizerFactory$DisableMetricExportContextCustomizer@5e04c722, org.springframework.boot.test.autoconfigure.properties.PropertyMappingContextCustomizer@0, org.springframework.boot.test.autoconfigure.web.servlet.WebDriverContextCustomizerFactory$Customizer@460ecfa8, org.springframework.boot.test.context.filter.ExcludeFilterContextCustomizer@1b165e5f, org.springframework.boot.test.json.DuplicateJsonObjectContextCustomizerFactory$DuplicateJsonObjectContextCustomizer@f93eaef, org.springframework.boot.test.mock.mockito.MockitoContextCustomizer@0], contextLoader = 'org.springframework.test.context.support.DelegatingSmartContextLoader', parent = [null]]]
05:18:28.005 [Test worker] DEBUG org.springframework.test.context.cache - Spring test ApplicationContext cache statistics: [DefaultContextCache@34b4204d size = 1, maxSize = 32, parentContextCount = 0, hitCount = 164, missCount = 1]
05:18:28.005 [Test worker] DEBUG org.springframework.test.context.transaction.TransactionalTestExecutionListener - No method-level @Rollback override: using default rollback [true] for test context [DefaultTestContext@3c4b139d testClass = TagDaoImplTest, testInstance = com.epam.esm.dao.impl.TagDaoImplTest@ffc4bbd, testMethod = loadByNameTest@TagDaoImplTest, testException = [null], mergedContextConfiguration = [MergedContextConfiguration@226602e1 testClass = TagDaoImplTest, locations = '{}', classes = '{class com.epam.esm.configuration.DaoTestConfiguration}', contextInitializerClasses = '[]', activeProfiles = '{}', propertySourceLocations = '{}', propertySourceProperties = '{}', contextCustomizers = set[org.springframework.boot.test.autoconfigure.actuate.metrics.MetricsExportContextCustomizerFactory$DisableMetricExportContextCustomizer@5e04c722, org.springframework.boot.test.autoconfigure.properties.PropertyMappingContextCustomizer@0, org.springframework.boot.test.autoconfigure.web.servlet.WebDriverContextCustomizerFactory$Customizer@460ecfa8, org.springframework.boot.test.context.filter.ExcludeFilterContextCustomizer@1b165e5f, org.springframework.boot.test.json.DuplicateJsonObjectContextCustomizerFactory$DuplicateJsonObjectContextCustomizer@f93eaef, org.springframework.boot.test.mock.mockito.MockitoContextCustomizer@0], contextLoader = 'org.springframework.test.context.support.DelegatingSmartContextLoader', parent = [null]], attributes = map['org.springframework.test.context.event.ApplicationEventsTestExecutionListener.recordApplicationEvents' -> false]].
05:18:28.005 [Test worker] DEBUG org.springframework.orm.jpa.JpaTransactionManager - Creating new transaction with name [com.epam.esm.dao.impl.TagDaoImplTest.loadByNameTest]: PROPAGATION_REQUIRED,ISOLATION_DEFAULT
05:18:28.005 [Test worker] DEBUG org.springframework.orm.jpa.JpaTransactionManager - Opened new EntityManager [SessionImpl(672792299<open>)] for JPA transaction
05:18:28.005 [Test worker] DEBUG org.hibernate.engine.transaction.internal.TransactionImpl - On TransactionImpl creation, JpaCompliance#isJpaTransactionComplianceEnabled == false
05:18:28.005 [Test worker] DEBUG org.hibernate.engine.transaction.internal.TransactionImpl - begin
05:18:28.005 [Test worker] DEBUG org.springframework.jdbc.datasource.DriverManagerDataSource - Creating new JDBC DriverManager Connection to [jdbc:h2:mem:second;DB_CLOSE_DELAY=-1]
05:18:28.006 [Test worker] DEBUG org.springframework.orm.jpa.JpaTransactionManager - Exposing JPA transaction as JDBC [org.springframework.orm.jpa.vendor.HibernateJpaDialect$HibernateConnectionHandle@1bf357dd]
05:18:28.006 [Test worker] INFO org.springframework.test.context.transaction.TransactionContext - Began transaction (1) for test context [DefaultTestContext@3c4b139d testClass = TagDaoImplTest, testInstance = com.epam.esm.dao.impl.TagDaoImplTest@ffc4bbd, testMethod = loadByNameTest@TagDaoImplTest, testException = [null], mergedContextConfiguration = [MergedContextConfiguration@226602e1 testClass = TagDaoImplTest, locations = '{}', classes = '{class com.epam.esm.configuration.DaoTestConfiguration}', contextInitializerClasses = '[]', activeProfiles = '{}', propertySourceLocations = '{}', propertySourceProperties = '{}', contextCustomizers = set[org.springframework.boot.test.autoconfigure.actuate.metrics.MetricsExportContextCustomizerFactory$DisableMetricExportContextCustomizer@5e04c722, org.springframework.boot.test.autoconfigure.properties.PropertyMappingContextCustomizer@0, org.springframework.boot.test.autoconfigure.web.servlet.WebDriverContextCustomizerFactory$Customizer@460ecfa8, org.springframework.boot.test.context.filter.ExcludeFilterContextCustomizer@1b165e5f, org.springframework.boot.test.json.DuplicateJsonObjectContextCustomizerFactory$DuplicateJsonObjectContextCustomizer@f93eaef, org.springframework.boot.test.mock.mockito.MockitoContextCustomizer@0], contextLoader = 'org.springframework.test.context.support.DelegatingSmartContextLoader', parent = [null]], attributes = map['org.springframework.test.context.event.ApplicationEventsTestExecutionListener.recordApplicationEvents' -> false]]; transaction manager [org.springframework.orm.jpa.JpaTransactionManager@2da89516]; rollback [true]
05:18:28.006 [Test worker] DEBUG org.springframework.test.context.cache.DefaultCacheAwareContextLoaderDelegate - Retrieved ApplicationContext [733602954] from cache with key [[MergedContextConfiguration@226602e1 testClass = TagDaoImplTest, locations = '{}', classes = '{class com.epam.esm.configuration.DaoTestConfiguration}', contextInitializerClasses = '[]', activeProfiles = '{}', propertySourceLocations = '{}', propertySourceProperties = '{}', contextCustomizers = set[org.springframework.boot.test.autoconfigure.actuate.metrics.MetricsExportContextCustomizerFactory$DisableMetricExportContextCustomizer@5e04c722, org.springframework.boot.test.autoconfigure.properties.PropertyMappingContextCustomizer@0, org.springframework.boot.test.autoconfigure.web.servlet.WebDriverContextCustomizerFactory$Customizer@460ecfa8, org.springframework.boot.test.context.filter.ExcludeFilterContextCustomizer@1b165e5f, org.springframework.boot.test.json.DuplicateJsonObjectContextCustomizerFactory$DuplicateJsonObjectContextCustomizer@f93eaef, org.springframework.boot.test.mock.mockito.MockitoContextCustomizer@0], contextLoader = 'org.springframework.test.context.support.DelegatingSmartContextLoader', parent = [null]]]
05:18:28.006 [Test worker] DEBUG org.springframework.test.context.cache - Spring test ApplicationContext cache statistics: [DefaultContextCache@34b4204d size = 1, maxSize = 32, parentContextCount = 0, hitCount = 165, missCount = 1]
05:18:28.007 [Test worker] DEBUG org.springframework.test.context.cache.DefaultCacheAwareContextLoaderDelegate - Retrieved ApplicationContext [733602954] from cache with key [[MergedContextConfiguration@226602e1 testClass = TagDaoImplTest, locations = '{}', classes = '{class com.epam.esm.configuration.DaoTestConfiguration}', contextInitializerClasses = '[]', activeProfiles = '{}', propertySourceLocations = '{}', propertySourceProperties = '{}', contextCustomizers = set[org.springframework.boot.test.autoconfigure.actuate.metrics.MetricsExportContextCustomizerFactory$DisableMetricExportContextCustomizer@5e04c722, org.springframework.boot.test.autoconfigure.properties.PropertyMappingContextCustomizer@0, org.springframework.boot.test.autoconfigure.web.servlet.WebDriverContextCustomizerFactory$Customizer@460ecfa8, org.springframework.boot.test.context.filter.ExcludeFilterContextCustomizer@1b165e5f, org.springframework.boot.test.json.DuplicateJsonObjectContextCustomizerFactory$DuplicateJsonObjectContextCustomizer@f93eaef, org.springframework.boot.test.mock.mockito.MockitoContextCustomizer@0], contextLoader = 'org.springframework.test.context.support.DelegatingSmartContextLoader', parent = [null]]]
05:18:28.007 [Test worker] DEBUG org.springframework.test.context.cache - Spring test ApplicationContext cache statistics: [DefaultContextCache@34b4204d size = 1, maxSize = 32, parentContextCount = 0, hitCount = 166, missCount = 1]
05:18:28.007 [Test worker] DEBUG org.springframework.test.context.cache.DefaultCacheAwareContextLoaderDelegate - Retrieved ApplicationContext [733602954] from cache with key [[MergedContextConfiguration@226602e1 testClass = TagDaoImplTest, locations = '{}', classes = '{class com.epam.esm.configuration.DaoTestConfiguration}', contextInitializerClasses = '[]', activeProfiles = '{}', propertySourceLocations = '{}', propertySourceProperties = '{}', contextCustomizers = set[org.springframework.boot.test.autoconfigure.actuate.metrics.MetricsExportContextCustomizerFactory$DisableMetricExportContextCustomizer@5e04c722, org.springframework.boot.test.autoconfigure.properties.PropertyMappingContextCustomizer@0, org.springframework.boot.test.autoconfigure.web.servlet.WebDriverContextCustomizerFactory$Customizer@460ecfa8, org.springframework.boot.test.context.filter.ExcludeFilterContextCustomizer@1b165e5f, org.springframework.boot.test.json.DuplicateJsonObjectContextCustomizerFactory$DuplicateJsonObjectContextCustomizer@f93eaef, org.springframework.boot.test.mock.mockito.MockitoContextCustomizer@0], contextLoader = 'org.springframework.test.context.support.DelegatingSmartContextLoader', parent = [null]]]
05:18:28.007 [Test worker] DEBUG org.springframework.test.context.cache - Spring test ApplicationContext cache statistics: [DefaultContextCache@34b4204d size = 1, maxSize = 32, parentContextCount = 0, hitCount = 167, missCount = 1]
05:18:28.008 [Test worker] DEBUG org.hibernate.engine.spi.ActionQueue - Executing identity-insert immediately
05:18:28.008 [Test worker] DEBUG org.hibernate.SQL - insert into TagEntity (id, name) values (null, ?)
Hibernate: insert into TagEntity (id, name) values (null, ?)
05:18:28.008 [Test worker] DEBUG org.hibernate.id.IdentifierGeneratorHelper - Natively generated identity: 12
05:18:28.008 [Test worker] DEBUG org.hibernate.resource.jdbc.internal.ResourceRegistryStandardImpl - HHH000387: ResultSet's statement was not registered
05:18:28.009 [Test worker] DEBUG org.hibernate.hql.internal.ast.QueryTranslatorImpl - parse() - HQL: SELECT tag FROM com.epam.esm.model.entity.TagEntity tag WHERE tag.name = ?1
05:18:28.010 [Test worker] DEBUG org.hibernate.hql.internal.ast.ErrorTracker - throwQueryException() : no errors
05:18:28.010 [Test worker] DEBUG org.hibernate.hql.internal.ast.QueryTranslatorImpl - --- HQL AST ---
 \-[QUERY] Node: 'query'
    +-[SELECT_FROM] Node: 'SELECT_FROM'
    |  +-[FROM] Node: 'FROM'
    |  |  \-[RANGE] Node: 'RANGE'
    |  |     +-[DOT] Node: '.'
    |  |     |  +-[DOT] Node: '.'
    |  |     |  |  +-[DOT] Node: '.'
    |  |     |  |  |  +-[DOT] Node: '.'
    |  |     |  |  |  |  +-[DOT] Node: '.'
    |  |     |  |  |  |  |  +-[IDENT] Node: 'com'
    |  |     |  |  |  |  |  \-[IDENT] Node: 'epam'
    |  |     |  |  |  |  \-[IDENT] Node: 'esm'
    |  |     |  |  |  \-[IDENT] Node: 'model'
    |  |     |  |  \-[IDENT] Node: 'entity'
    |  |     |  \-[IDENT] Node: 'TagEntity'
    |  |     \-[ALIAS] Node: 'tag'
    |  \-[SELECT] Node: 'SELECT'
    |     \-[IDENT] Node: 'tag'
    \-[WHERE] Node: 'WHERE'
       \-[EQ] Node: '='
          +-[DOT] Node: '.'
          |  +-[IDENT] Node: 'tag'
          |  \-[IDENT] Node: 'name'
          \-[PARAM] Node: '?'
             \-[NUM_INT] Node: '1'

05:18:28.011 [Test worker] DEBUG org.hibernate.hql.internal.antlr.HqlSqlBaseWalker - select << begin [level=1, statement=select]
05:18:28.011 [Test worker] DEBUG org.hibernate.hql.internal.ast.tree.FromElement - FromClause{level=1} : com.epam.esm.model.entity.TagEntity (tag) -> tagentity0_
05:18:28.011 [Test worker] DEBUG org.hibernate.hql.internal.ast.tree.FromReferenceNode - Resolved : tag -> tagentity0_.id
05:18:28.011 [Test worker] DEBUG org.hibernate.hql.internal.ast.tree.FromReferenceNode - Resolved : tag -> tagentity0_.id
05:18:28.011 [Test worker] DEBUG org.hibernate.hql.internal.ast.tree.DotNode - getDataType() : name -> org.hibernate.type.StringType@17a5c48d
05:18:28.011 [Test worker] DEBUG org.hibernate.hql.internal.ast.tree.FromReferenceNode - Resolved : tag.name -> tagentity0_.name
05:18:28.011 [Test worker] DEBUG org.hibernate.hql.internal.antlr.HqlSqlBaseWalker - select : finishing up [level=1, statement=select]
05:18:28.011 [Test worker] DEBUG org.hibernate.hql.internal.ast.HqlSqlWalker - processQuery() :  ( SELECT ( {select clause} tagentity0_.id ) ( FromClause{level=1} TagEntity tagentity0_ ) ( WHERE ( = ( tagentity0_.name tagentity0_.id name ) ? ) ) )
05:18:28.012 [Test worker] DEBUG org.hibernate.hql.internal.ast.util.JoinProcessor - Tables referenced from query nodes:
 \-QueryNode
    +-SelectClause
    | referencedTables(entity TagEntity): [TagEntity]
    |  +-IdentNode
    |  | persister: SingleTableEntityPersister(com.epam.esm.model.entity.TagEntity)
    |  | originalText: tag
    |  \-SqlFragment
    +-FromClause
    |  \-FromElement
    \-SqlNode
       \-BinaryLogicOperatorNode
          +-DotNode
          | persister: SingleTableEntityPersister(com.epam.esm.model.entity.TagEntity)
          | path: tag.name
          |  +-IdentNode
          |  | persister: SingleTableEntityPersister(com.epam.esm.model.entity.TagEntity)
          |  | originalText: tag
          |  \-IdentNode
          |    persister: null
          |    originalText: name
          \-ParameterNode

05:18:28.012 [Test worker] DEBUG org.hibernate.hql.internal.ast.util.JoinProcessor - Using FROM fragment [TagEntity tagentity0_]
05:18:28.012 [Test worker] DEBUG org.hibernate.hql.internal.antlr.HqlSqlBaseWalker - select >> end [level=1, statement=select]
05:18:28.012 [Test worker] DEBUG org.hibernate.hql.internal.ast.QueryTranslatorImpl - --- SQL AST ---
 \-[SELECT] QueryNode: 'SELECT'  querySpaces (TagEntity)
    +-[SELECT_CLAUSE] SelectClause: '{select clause}'
    |  +-[ALIAS_REF] IdentNode: 'tagentity0_.id as id1_4_' {alias=tag, className=com.epam.esm.model.entity.TagEntity, tableAlias=tagentity0_}
    |  \-[SQL_TOKEN] SqlFragment: 'tagentity0_.name as name2_4_'
    +-[FROM] FromClause: 'FROM' FromClause{level=1, fromElementCounter=1, fromElements=1, fromElementByClassAlias=[tag], fromElementByTableAlias=[tagentity0_], fromElementsByPath=[], collectionJoinFromElementsByPath=[], impliedElements=[]}
    |  \-[FROM_FRAGMENT] FromElement: 'TagEntity tagentity0_' FromElement{explicit,not a collection join,not a fetch join,fetch non-lazy properties,classAlias=tag,role=null,tableName=TagEntity,tableAlias=tagentity0_,origin=null,columns={,className=com.epam.esm.model.entity.TagEntity}}
    \-[WHERE] SqlNode: 'WHERE'
       \-[EQ] BinaryLogicOperatorNode: '='
          +-[DOT] DotNode: 'tagentity0_.name' {propertyName=name,dereferenceType=PRIMITIVE,getPropertyPath=name,path=tag.name,tableAlias=tagentity0_,className=com.epam.esm.model.entity.TagEntity,classAlias=tag}
          |  +-[ALIAS_REF] IdentNode: 'tagentity0_.id' {alias=tag, className=com.epam.esm.model.entity.TagEntity, tableAlias=tagentity0_}
          |  \-[IDENT] IdentNode: 'name' {originalText=name}
          \-[PARAM] ParameterNode: '?' {label=1, expectedType=org.hibernate.type.StringType@17a5c48d}

05:18:28.012 [Test worker] DEBUG org.hibernate.hql.internal.ast.ErrorTracker - throwQueryException() : no errors
05:18:28.012 [Test worker] DEBUG org.hibernate.hql.internal.ast.QueryTranslatorImpl - HQL: SELECT tag FROM com.epam.esm.model.entity.TagEntity tag WHERE tag.name = ?1
05:18:28.012 [Test worker] DEBUG org.hibernate.hql.internal.ast.QueryTranslatorImpl - SQL: select tagentity0_.id as id1_4_, tagentity0_.name as name2_4_ from TagEntity tagentity0_ where tagentity0_.name=?
05:18:28.012 [Test worker] DEBUG org.hibernate.hql.internal.ast.ErrorTracker - throwQueryException() : no errors
05:18:28.012 [Test worker] DEBUG org.hibernate.event.internal.AbstractFlushingEventListener - Processing flush-time cascades
05:18:28.012 [Test worker] DEBUG org.hibernate.event.internal.AbstractFlushingEventListener - Dirty checking collections
05:18:28.013 [Test worker] DEBUG org.hibernate.event.internal.AbstractFlushingEventListener - Flushed: 0 insertions, 0 updates, 0 deletions to 1 objects
05:18:28.013 [Test worker] DEBUG org.hibernate.event.internal.AbstractFlushingEventListener - Flushed: 0 (re)creations, 0 updates, 0 removals to 0 collections
05:18:28.013 [Test worker] DEBUG org.hibernate.internal.util.EntityPrinter - Listing entities:
05:18:28.013 [Test worker] DEBUG org.hibernate.internal.util.EntityPrinter - com.epam.esm.model.entity.TagEntity{name=TEST, id=12}
05:18:28.013 [Test worker] DEBUG org.hibernate.SQL - select tagentity0_.id as id1_4_, tagentity0_.name as name2_4_ from TagEntity tagentity0_ where tagentity0_.name=?
Hibernate: select tagentity0_.id as id1_4_, tagentity0_.name as name2_4_ from TagEntity tagentity0_ where tagentity0_.name=?
05:18:28.013 [Test worker] DEBUG org.hibernate.loader.Loader - Result set row: 0
05:18:28.013 [Test worker] DEBUG org.hibernate.loader.Loader - Result row: EntityKey[com.epam.esm.model.entity.TagEntity#12]
05:18:28.013 [Test worker] DEBUG org.hibernate.stat.internal.StatisticsImpl - HHH000117: HQL: SELECT tag FROM TagEntity tag WHERE tag.name = ?1, time: 0ms, rows: 1
05:18:28.014 [Test worker] DEBUG org.springframework.test.context.cache.DefaultCacheAwareContextLoaderDelegate - Retrieved ApplicationContext [733602954] from cache with key [[MergedContextConfiguration@226602e1 testClass = TagDaoImplTest, locations = '{}', classes = '{class com.epam.esm.configuration.DaoTestConfiguration}', contextInitializerClasses = '[]', activeProfiles = '{}', propertySourceLocations = '{}', propertySourceProperties = '{}', contextCustomizers = set[org.springframework.boot.test.autoconfigure.actuate.metrics.MetricsExportContextCustomizerFactory$DisableMetricExportContextCustomizer@5e04c722, org.springframework.boot.test.autoconfigure.properties.PropertyMappingContextCustomizer@0, org.springframework.boot.test.autoconfigure.web.servlet.WebDriverContextCustomizerFactory$Customizer@460ecfa8, org.springframework.boot.test.context.filter.ExcludeFilterContextCustomizer@1b165e5f, org.springframework.boot.test.json.DuplicateJsonObjectContextCustomizerFactory$DuplicateJsonObjectContextCustomizer@f93eaef, org.springframework.boot.test.mock.mockito.MockitoContextCustomizer@0], contextLoader = 'org.springframework.test.context.support.DelegatingSmartContextLoader', parent = [null]]]
05:18:28.014 [Test worker] DEBUG org.springframework.test.context.cache - Spring test ApplicationContext cache statistics: [DefaultContextCache@34b4204d size = 1, maxSize = 32, parentContextCount = 0, hitCount = 168, missCount = 1]
05:18:28.014 [Test worker] DEBUG org.springframework.test.context.cache.DefaultCacheAwareContextLoaderDelegate - Retrieved ApplicationContext [733602954] from cache with key [[MergedContextConfiguration@226602e1 testClass = TagDaoImplTest, locations = '{}', classes = '{class com.epam.esm.configuration.DaoTestConfiguration}', contextInitializerClasses = '[]', activeProfiles = '{}', propertySourceLocations = '{}', propertySourceProperties = '{}', contextCustomizers = set[org.springframework.boot.test.autoconfigure.actuate.metrics.MetricsExportContextCustomizerFactory$DisableMetricExportContextCustomizer@5e04c722, org.springframework.boot.test.autoconfigure.properties.PropertyMappingContextCustomizer@0, org.springframework.boot.test.autoconfigure.web.servlet.WebDriverContextCustomizerFactory$Customizer@460ecfa8, org.springframework.boot.test.context.filter.ExcludeFilterContextCustomizer@1b165e5f, org.springframework.boot.test.json.DuplicateJsonObjectContextCustomizerFactory$DuplicateJsonObjectContextCustomizer@f93eaef, org.springframework.boot.test.mock.mockito.MockitoContextCustomizer@0], contextLoader = 'org.springframework.test.context.support.DelegatingSmartContextLoader', parent = [null]]]
05:18:28.014 [Test worker] DEBUG org.springframework.test.context.cache - Spring test ApplicationContext cache statistics: [DefaultContextCache@34b4204d size = 1, maxSize = 32, parentContextCount = 0, hitCount = 169, missCount = 1]
05:18:28.014 [Test worker] DEBUG org.springframework.test.context.cache.DefaultCacheAwareContextLoaderDelegate - Retrieved ApplicationContext [733602954] from cache with key [[MergedContextConfiguration@226602e1 testClass = TagDaoImplTest, locations = '{}', classes = '{class com.epam.esm.configuration.DaoTestConfiguration}', contextInitializerClasses = '[]', activeProfiles = '{}', propertySourceLocations = '{}', propertySourceProperties = '{}', contextCustomizers = set[org.springframework.boot.test.autoconfigure.actuate.metrics.MetricsExportContextCustomizerFactory$DisableMetricExportContextCustomizer@5e04c722, org.springframework.boot.test.autoconfigure.properties.PropertyMappingContextCustomizer@0, org.springframework.boot.test.autoconfigure.web.servlet.WebDriverContextCustomizerFactory$Customizer@460ecfa8, org.springframework.boot.test.context.filter.ExcludeFilterContextCustomizer@1b165e5f, org.springframework.boot.test.json.DuplicateJsonObjectContextCustomizerFactory$DuplicateJsonObjectContextCustomizer@f93eaef, org.springframework.boot.test.mock.mockito.MockitoContextCustomizer@0], contextLoader = 'org.springframework.test.context.support.DelegatingSmartContextLoader', parent = [null]]]
05:18:28.014 [Test worker] DEBUG org.springframework.test.context.cache - Spring test ApplicationContext cache statistics: [DefaultContextCache@34b4204d size = 1, maxSize = 32, parentContextCount = 0, hitCount = 170, missCount = 1]
05:18:28.014 [Test worker] DEBUG org.springframework.test.context.cache.DefaultCacheAwareContextLoaderDelegate - Retrieved ApplicationContext [733602954] from cache with key [[MergedContextConfiguration@226602e1 testClass = TagDaoImplTest, locations = '{}', classes = '{class com.epam.esm.configuration.DaoTestConfiguration}', contextInitializerClasses = '[]', activeProfiles = '{}', propertySourceLocations = '{}', propertySourceProperties = '{}', contextCustomizers = set[org.springframework.boot.test.autoconfigure.actuate.metrics.MetricsExportContextCustomizerFactory$DisableMetricExportContextCustomizer@5e04c722, org.springframework.boot.test.autoconfigure.properties.PropertyMappingContextCustomizer@0, org.springframework.boot.test.autoconfigure.web.servlet.WebDriverContextCustomizerFactory$Customizer@460ecfa8, org.springframework.boot.test.context.filter.ExcludeFilterContextCustomizer@1b165e5f, org.springframework.boot.test.json.DuplicateJsonObjectContextCustomizerFactory$DuplicateJsonObjectContextCustomizer@f93eaef, org.springframework.boot.test.mock.mockito.MockitoContextCustomizer@0], contextLoader = 'org.springframework.test.context.support.DelegatingSmartContextLoader', parent = [null]]]
05:18:28.014 [Test worker] DEBUG org.springframework.test.context.cache - Spring test ApplicationContext cache statistics: [DefaultContextCache@34b4204d size = 1, maxSize = 32, parentContextCount = 0, hitCount = 171, missCount = 1]
05:18:28.015 [Test worker] DEBUG org.springframework.test.context.cache.DefaultCacheAwareContextLoaderDelegate - Retrieved ApplicationContext [733602954] from cache with key [[MergedContextConfiguration@226602e1 testClass = TagDaoImplTest, locations = '{}', classes = '{class com.epam.esm.configuration.DaoTestConfiguration}', contextInitializerClasses = '[]', activeProfiles = '{}', propertySourceLocations = '{}', propertySourceProperties = '{}', contextCustomizers = set[org.springframework.boot.test.autoconfigure.actuate.metrics.MetricsExportContextCustomizerFactory$DisableMetricExportContextCustomizer@5e04c722, org.springframework.boot.test.autoconfigure.properties.PropertyMappingContextCustomizer@0, org.springframework.boot.test.autoconfigure.web.servlet.WebDriverContextCustomizerFactory$Customizer@460ecfa8, org.springframework.boot.test.context.filter.ExcludeFilterContextCustomizer@1b165e5f, org.springframework.boot.test.json.DuplicateJsonObjectContextCustomizerFactory$DuplicateJsonObjectContextCustomizer@f93eaef, org.springframework.boot.test.mock.mockito.MockitoContextCustomizer@0], contextLoader = 'org.springframework.test.context.support.DelegatingSmartContextLoader', parent = [null]]]
05:18:28.015 [Test worker] DEBUG org.springframework.test.context.cache - Spring test ApplicationContext cache statistics: [DefaultContextCache@34b4204d size = 1, maxSize = 32, parentContextCount = 0, hitCount = 172, missCount = 1]
05:18:28.015 [Test worker] DEBUG org.springframework.test.context.cache.DefaultCacheAwareContextLoaderDelegate - Retrieved ApplicationContext [733602954] from cache with key [[MergedContextConfiguration@226602e1 testClass = TagDaoImplTest, locations = '{}', classes = '{class com.epam.esm.configuration.DaoTestConfiguration}', contextInitializerClasses = '[]', activeProfiles = '{}', propertySourceLocations = '{}', propertySourceProperties = '{}', contextCustomizers = set[org.springframework.boot.test.autoconfigure.actuate.metrics.MetricsExportContextCustomizerFactory$DisableMetricExportContextCustomizer@5e04c722, org.springframework.boot.test.autoconfigure.properties.PropertyMappingContextCustomizer@0, org.springframework.boot.test.autoconfigure.web.servlet.WebDriverContextCustomizerFactory$Customizer@460ecfa8, org.springframework.boot.test.context.filter.ExcludeFilterContextCustomizer@1b165e5f, org.springframework.boot.test.json.DuplicateJsonObjectContextCustomizerFactory$DuplicateJsonObjectContextCustomizer@f93eaef, org.springframework.boot.test.mock.mockito.MockitoContextCustomizer@0], contextLoader = 'org.springframework.test.context.support.DelegatingSmartContextLoader', parent = [null]]]
05:18:28.015 [Test worker] DEBUG org.springframework.test.context.cache - Spring test ApplicationContext cache statistics: [DefaultContextCache@34b4204d size = 1, maxSize = 32, parentContextCount = 0, hitCount = 173, missCount = 1]
05:18:28.015 [Test worker] DEBUG org.springframework.orm.jpa.JpaTransactionManager - Initiating transaction rollback
05:18:28.015 [Test worker] DEBUG org.springframework.orm.jpa.JpaTransactionManager - Rolling back JPA transaction on EntityManager [SessionImpl(672792299<open>)]
05:18:28.015 [Test worker] DEBUG org.hibernate.engine.transaction.internal.TransactionImpl - rolling back
05:18:28.016 [Test worker] DEBUG org.springframework.orm.jpa.JpaTransactionManager - Closing JPA EntityManager [SessionImpl(672792299<open>)] after transaction
05:18:28.016 [Test worker] INFO org.hibernate.engine.internal.StatisticalLoggingSessionEventListener - Session Metrics {
    495880 nanoseconds spent acquiring 1 JDBC connections;
    0 nanoseconds spent releasing 0 JDBC connections;
    322230 nanoseconds spent preparing 2 JDBC statements;
    425928 nanoseconds spent executing 2 JDBC statements;
    0 nanoseconds spent executing 0 JDBC batches;
    0 nanoseconds spent performing 0 L2C puts;
    0 nanoseconds spent performing 0 L2C hits;
    0 nanoseconds spent performing 0 L2C misses;
    0 nanoseconds spent executing 0 flushes (flushing a total of 0 entities and 0 collections);
    219676 nanoseconds spent executing 1 partial-flushes (flushing a total of 1 entities and 1 collections)
}
05:18:28.016 [Test worker] INFO org.springframework.test.context.transaction.TransactionContext - Rolled back transaction for test: [DefaultTestContext@3c4b139d testClass = TagDaoImplTest, testInstance = com.epam.esm.dao.impl.TagDaoImplTest@ffc4bbd, testMethod = loadByNameTest@TagDaoImplTest, testException = [null], mergedContextConfiguration = [MergedContextConfiguration@226602e1 testClass = TagDaoImplTest, locations = '{}', classes = '{class com.epam.esm.configuration.DaoTestConfiguration}', contextInitializerClasses = '[]', activeProfiles = '{}', propertySourceLocations = '{}', propertySourceProperties = '{}', contextCustomizers = set[org.springframework.boot.test.autoconfigure.actuate.metrics.MetricsExportContextCustomizerFactory$DisableMetricExportContextCustomizer@5e04c722, org.springframework.boot.test.autoconfigure.properties.PropertyMappingContextCustomizer@0, org.springframework.boot.test.autoconfigure.web.servlet.WebDriverContextCustomizerFactory$Customizer@460ecfa8, org.springframework.boot.test.context.filter.ExcludeFilterContextCustomizer@1b165e5f, org.springframework.boot.test.json.DuplicateJsonObjectContextCustomizerFactory$DuplicateJsonObjectContextCustomizer@f93eaef, org.springframework.boot.test.mock.mockito.MockitoContextCustomizer@0], contextLoader = 'org.springframework.test.context.support.DelegatingSmartContextLoader', parent = [null]], attributes = map['org.springframework.test.context.event.ApplicationEventsTestExecutionListener.recordApplicationEvents' -> false]]
05:18:28.016 [Test worker] DEBUG org.springframework.test.context.support.AbstractDirtiesContextTestExecutionListener - After test method: context [DefaultTestContext@3c4b139d testClass = TagDaoImplTest, testInstance = com.epam.esm.dao.impl.TagDaoImplTest@ffc4bbd, testMethod = loadByNameTest@TagDaoImplTest, testException = [null], mergedContextConfiguration = [MergedContextConfiguration@226602e1 testClass = TagDaoImplTest, locations = '{}', classes = '{class com.epam.esm.configuration.DaoTestConfiguration}', contextInitializerClasses = '[]', activeProfiles = '{}', propertySourceLocations = '{}', propertySourceProperties = '{}', contextCustomizers = set[org.springframework.boot.test.autoconfigure.actuate.metrics.MetricsExportContextCustomizerFactory$DisableMetricExportContextCustomizer@5e04c722, org.springframework.boot.test.autoconfigure.properties.PropertyMappingContextCustomizer@0, org.springframework.boot.test.autoconfigure.web.servlet.WebDriverContextCustomizerFactory$Customizer@460ecfa8, org.springframework.boot.test.context.filter.ExcludeFilterContextCustomizer@1b165e5f, org.springframework.boot.test.json.DuplicateJsonObjectContextCustomizerFactory$DuplicateJsonObjectContextCustomizer@f93eaef, org.springframework.boot.test.mock.mockito.MockitoContextCustomizer@0], contextLoader = 'org.springframework.test.context.support.DelegatingSmartContextLoader', parent = [null]], attributes = map['org.springframework.test.context.event.ApplicationEventsTestExecutionListener.recordApplicationEvents' -> false]], class annotated with @DirtiesContext [false] with mode [null], method annotated with @DirtiesContext [false] with mode [null].
05:18:28.017 [Test worker] DEBUG org.springframework.test.context.support.DependencyInjectionTestExecutionListener - Performing dependency injection for test context [[DefaultTestContext@3c4b139d testClass = TagDaoImplTest, testInstance = com.epam.esm.dao.impl.TagDaoImplTest@33252177, testMethod = [null], testException = [null], mergedContextConfiguration = [MergedContextConfiguration@226602e1 testClass = TagDaoImplTest, locations = '{}', classes = '{class com.epam.esm.configuration.DaoTestConfiguration}', contextInitializerClasses = '[]', activeProfiles = '{}', propertySourceLocations = '{}', propertySourceProperties = '{}', contextCustomizers = set[org.springframework.boot.test.autoconfigure.actuate.metrics.MetricsExportContextCustomizerFactory$DisableMetricExportContextCustomizer@5e04c722, org.springframework.boot.test.autoconfigure.properties.PropertyMappingContextCustomizer@0, org.springframework.boot.test.autoconfigure.web.servlet.WebDriverContextCustomizerFactory$Customizer@460ecfa8, org.springframework.boot.test.context.filter.ExcludeFilterContextCustomizer@1b165e5f, org.springframework.boot.test.json.DuplicateJsonObjectContextCustomizerFactory$DuplicateJsonObjectContextCustomizer@f93eaef, org.springframework.boot.test.mock.mockito.MockitoContextCustomizer@0], contextLoader = 'org.springframework.test.context.support.DelegatingSmartContextLoader', parent = [null]], attributes = map['org.springframework.test.context.event.ApplicationEventsTestExecutionListener.recordApplicationEvents' -> false]]].
05:18:28.017 [Test worker] DEBUG org.springframework.test.context.cache.DefaultCacheAwareContextLoaderDelegate - Retrieved ApplicationContext [733602954] from cache with key [[MergedContextConfiguration@226602e1 testClass = TagDaoImplTest, locations = '{}', classes = '{class com.epam.esm.configuration.DaoTestConfiguration}', contextInitializerClasses = '[]', activeProfiles = '{}', propertySourceLocations = '{}', propertySourceProperties = '{}', contextCustomizers = set[org.springframework.boot.test.autoconfigure.actuate.metrics.MetricsExportContextCustomizerFactory$DisableMetricExportContextCustomizer@5e04c722, org.springframework.boot.test.autoconfigure.properties.PropertyMappingContextCustomizer@0, org.springframework.boot.test.autoconfigure.web.servlet.WebDriverContextCustomizerFactory$Customizer@460ecfa8, org.springframework.boot.test.context.filter.ExcludeFilterContextCustomizer@1b165e5f, org.springframework.boot.test.json.DuplicateJsonObjectContextCustomizerFactory$DuplicateJsonObjectContextCustomizer@f93eaef, org.springframework.boot.test.mock.mockito.MockitoContextCustomizer@0], contextLoader = 'org.springframework.test.context.support.DelegatingSmartContextLoader', parent = [null]]]
05:18:28.017 [Test worker] DEBUG org.springframework.test.context.cache - Spring test ApplicationContext cache statistics: [DefaultContextCache@34b4204d size = 1, maxSize = 32, parentContextCount = 0, hitCount = 174, missCount = 1]
05:18:28.018 [Test worker] DEBUG org.springframework.test.context.cache.DefaultCacheAwareContextLoaderDelegate - Retrieved ApplicationContext [733602954] from cache with key [[MergedContextConfiguration@226602e1 testClass = TagDaoImplTest, locations = '{}', classes = '{class com.epam.esm.configuration.DaoTestConfiguration}', contextInitializerClasses = '[]', activeProfiles = '{}', propertySourceLocations = '{}', propertySourceProperties = '{}', contextCustomizers = set[org.springframework.boot.test.autoconfigure.actuate.metrics.MetricsExportContextCustomizerFactory$DisableMetricExportContextCustomizer@5e04c722, org.springframework.boot.test.autoconfigure.properties.PropertyMappingContextCustomizer@0, org.springframework.boot.test.autoconfigure.web.servlet.WebDriverContextCustomizerFactory$Customizer@460ecfa8, org.springframework.boot.test.context.filter.ExcludeFilterContextCustomizer@1b165e5f, org.springframework.boot.test.json.DuplicateJsonObjectContextCustomizerFactory$DuplicateJsonObjectContextCustomizer@f93eaef, org.springframework.boot.test.mock.mockito.MockitoContextCustomizer@0], contextLoader = 'org.springframework.test.context.support.DelegatingSmartContextLoader', parent = [null]]]
05:18:28.018 [Test worker] DEBUG org.springframework.test.context.cache - Spring test ApplicationContext cache statistics: [DefaultContextCache@34b4204d size = 1, maxSize = 32, parentContextCount = 0, hitCount = 175, missCount = 1]
05:18:28.018 [Test worker] DEBUG org.springframework.test.context.support.AbstractDirtiesContextTestExecutionListener - Before test method: context [DefaultTestContext@3c4b139d testClass = TagDaoImplTest, testInstance = com.epam.esm.dao.impl.TagDaoImplTest@33252177, testMethod = createTest@TagDaoImplTest, testException = [null], mergedContextConfiguration = [MergedContextConfiguration@226602e1 testClass = TagDaoImplTest, locations = '{}', classes = '{class com.epam.esm.configuration.DaoTestConfiguration}', contextInitializerClasses = '[]', activeProfiles = '{}', propertySourceLocations = '{}', propertySourceProperties = '{}', contextCustomizers = set[org.springframework.boot.test.autoconfigure.actuate.metrics.MetricsExportContextCustomizerFactory$DisableMetricExportContextCustomizer@5e04c722, org.springframework.boot.test.autoconfigure.properties.PropertyMappingContextCustomizer@0, org.springframework.boot.test.autoconfigure.web.servlet.WebDriverContextCustomizerFactory$Customizer@460ecfa8, org.springframework.boot.test.context.filter.ExcludeFilterContextCustomizer@1b165e5f, org.springframework.boot.test.json.DuplicateJsonObjectContextCustomizerFactory$DuplicateJsonObjectContextCustomizer@f93eaef, org.springframework.boot.test.mock.mockito.MockitoContextCustomizer@0], contextLoader = 'org.springframework.test.context.support.DelegatingSmartContextLoader', parent = [null]], attributes = map['org.springframework.test.context.event.ApplicationEventsTestExecutionListener.recordApplicationEvents' -> false]], class annotated with @DirtiesContext [false] with mode [null], method annotated with @DirtiesContext [false] with mode [null].
05:18:28.019 [Test worker] DEBUG org.springframework.test.context.transaction.TransactionalTestExecutionListener - Explicit transaction definition [PROPAGATION_REQUIRED,ISOLATION_DEFAULT] found for test context [DefaultTestContext@3c4b139d testClass = TagDaoImplTest, testInstance = com.epam.esm.dao.impl.TagDaoImplTest@33252177, testMethod = createTest@TagDaoImplTest, testException = [null], mergedContextConfiguration = [MergedContextConfiguration@226602e1 testClass = TagDaoImplTest, locations = '{}', classes = '{class com.epam.esm.configuration.DaoTestConfiguration}', contextInitializerClasses = '[]', activeProfiles = '{}', propertySourceLocations = '{}', propertySourceProperties = '{}', contextCustomizers = set[org.springframework.boot.test.autoconfigure.actuate.metrics.MetricsExportContextCustomizerFactory$DisableMetricExportContextCustomizer@5e04c722, org.springframework.boot.test.autoconfigure.properties.PropertyMappingContextCustomizer@0, org.springframework.boot.test.autoconfigure.web.servlet.WebDriverContextCustomizerFactory$Customizer@460ecfa8, org.springframework.boot.test.context.filter.ExcludeFilterContextCustomizer@1b165e5f, org.springframework.boot.test.json.DuplicateJsonObjectContextCustomizerFactory$DuplicateJsonObjectContextCustomizer@f93eaef, org.springframework.boot.test.mock.mockito.MockitoContextCustomizer@0], contextLoader = 'org.springframework.test.context.support.DelegatingSmartContextLoader', parent = [null]], attributes = map['org.springframework.test.context.event.ApplicationEventsTestExecutionListener.recordApplicationEvents' -> false]]
05:18:28.019 [Test worker] DEBUG org.springframework.test.context.cache.DefaultCacheAwareContextLoaderDelegate - Retrieved ApplicationContext [733602954] from cache with key [[MergedContextConfiguration@226602e1 testClass = TagDaoImplTest, locations = '{}', classes = '{class com.epam.esm.configuration.DaoTestConfiguration}', contextInitializerClasses = '[]', activeProfiles = '{}', propertySourceLocations = '{}', propertySourceProperties = '{}', contextCustomizers = set[org.springframework.boot.test.autoconfigure.actuate.metrics.MetricsExportContextCustomizerFactory$DisableMetricExportContextCustomizer@5e04c722, org.springframework.boot.test.autoconfigure.properties.PropertyMappingContextCustomizer@0, org.springframework.boot.test.autoconfigure.web.servlet.WebDriverContextCustomizerFactory$Customizer@460ecfa8, org.springframework.boot.test.context.filter.ExcludeFilterContextCustomizer@1b165e5f, org.springframework.boot.test.json.DuplicateJsonObjectContextCustomizerFactory$DuplicateJsonObjectContextCustomizer@f93eaef, org.springframework.boot.test.mock.mockito.MockitoContextCustomizer@0], contextLoader = 'org.springframework.test.context.support.DelegatingSmartContextLoader', parent = [null]]]
05:18:28.019 [Test worker] DEBUG org.springframework.test.context.cache - Spring test ApplicationContext cache statistics: [DefaultContextCache@34b4204d size = 1, maxSize = 32, parentContextCount = 0, hitCount = 176, missCount = 1]
05:18:28.019 [Test worker] DEBUG org.springframework.test.context.transaction.TransactionalTestExecutionListener - No method-level @Rollback override: using default rollback [true] for test context [DefaultTestContext@3c4b139d testClass = TagDaoImplTest, testInstance = com.epam.esm.dao.impl.TagDaoImplTest@33252177, testMethod = createTest@TagDaoImplTest, testException = [null], mergedContextConfiguration = [MergedContextConfiguration@226602e1 testClass = TagDaoImplTest, locations = '{}', classes = '{class com.epam.esm.configuration.DaoTestConfiguration}', contextInitializerClasses = '[]', activeProfiles = '{}', propertySourceLocations = '{}', propertySourceProperties = '{}', contextCustomizers = set[org.springframework.boot.test.autoconfigure.actuate.metrics.MetricsExportContextCustomizerFactory$DisableMetricExportContextCustomizer@5e04c722, org.springframework.boot.test.autoconfigure.properties.PropertyMappingContextCustomizer@0, org.springframework.boot.test.autoconfigure.web.servlet.WebDriverContextCustomizerFactory$Customizer@460ecfa8, org.springframework.boot.test.context.filter.ExcludeFilterContextCustomizer@1b165e5f, org.springframework.boot.test.json.DuplicateJsonObjectContextCustomizerFactory$DuplicateJsonObjectContextCustomizer@f93eaef, org.springframework.boot.test.mock.mockito.MockitoContextCustomizer@0], contextLoader = 'org.springframework.test.context.support.DelegatingSmartContextLoader', parent = [null]], attributes = map['org.springframework.test.context.event.ApplicationEventsTestExecutionListener.recordApplicationEvents' -> false]].
05:18:28.019 [Test worker] DEBUG org.springframework.orm.jpa.JpaTransactionManager - Creating new transaction with name [com.epam.esm.dao.impl.TagDaoImplTest.createTest]: PROPAGATION_REQUIRED,ISOLATION_DEFAULT
05:18:28.019 [Test worker] DEBUG org.springframework.orm.jpa.JpaTransactionManager - Opened new EntityManager [SessionImpl(2010712041<open>)] for JPA transaction
05:18:28.019 [Test worker] DEBUG org.hibernate.engine.transaction.internal.TransactionImpl - On TransactionImpl creation, JpaCompliance#isJpaTransactionComplianceEnabled == false
05:18:28.019 [Test worker] DEBUG org.hibernate.engine.transaction.internal.TransactionImpl - begin
05:18:28.020 [Test worker] DEBUG org.springframework.jdbc.datasource.DriverManagerDataSource - Creating new JDBC DriverManager Connection to [jdbc:h2:mem:second;DB_CLOSE_DELAY=-1]
05:18:28.020 [Test worker] DEBUG org.springframework.orm.jpa.JpaTransactionManager - Exposing JPA transaction as JDBC [org.springframework.orm.jpa.vendor.HibernateJpaDialect$HibernateConnectionHandle@45def1ad]
05:18:28.020 [Test worker] INFO org.springframework.test.context.transaction.TransactionContext - Began transaction (1) for test context [DefaultTestContext@3c4b139d testClass = TagDaoImplTest, testInstance = com.epam.esm.dao.impl.TagDaoImplTest@33252177, testMethod = createTest@TagDaoImplTest, testException = [null], mergedContextConfiguration = [MergedContextConfiguration@226602e1 testClass = TagDaoImplTest, locations = '{}', classes = '{class com.epam.esm.configuration.DaoTestConfiguration}', contextInitializerClasses = '[]', activeProfiles = '{}', propertySourceLocations = '{}', propertySourceProperties = '{}', contextCustomizers = set[org.springframework.boot.test.autoconfigure.actuate.metrics.MetricsExportContextCustomizerFactory$DisableMetricExportContextCustomizer@5e04c722, org.springframework.boot.test.autoconfigure.properties.PropertyMappingContextCustomizer@0, org.springframework.boot.test.autoconfigure.web.servlet.WebDriverContextCustomizerFactory$Customizer@460ecfa8, org.springframework.boot.test.context.filter.ExcludeFilterContextCustomizer@1b165e5f, org.springframework.boot.test.json.DuplicateJsonObjectContextCustomizerFactory$DuplicateJsonObjectContextCustomizer@f93eaef, org.springframework.boot.test.mock.mockito.MockitoContextCustomizer@0], contextLoader = 'org.springframework.test.context.support.DelegatingSmartContextLoader', parent = [null]], attributes = map['org.springframework.test.context.event.ApplicationEventsTestExecutionListener.recordApplicationEvents' -> false]]; transaction manager [org.springframework.orm.jpa.JpaTransactionManager@2da89516]; rollback [true]
05:18:28.020 [Test worker] DEBUG org.springframework.test.context.cache.DefaultCacheAwareContextLoaderDelegate - Retrieved ApplicationContext [733602954] from cache with key [[MergedContextConfiguration@226602e1 testClass = TagDaoImplTest, locations = '{}', classes = '{class com.epam.esm.configuration.DaoTestConfiguration}', contextInitializerClasses = '[]', activeProfiles = '{}', propertySourceLocations = '{}', propertySourceProperties = '{}', contextCustomizers = set[org.springframework.boot.test.autoconfigure.actuate.metrics.MetricsExportContextCustomizerFactory$DisableMetricExportContextCustomizer@5e04c722, org.springframework.boot.test.autoconfigure.properties.PropertyMappingContextCustomizer@0, org.springframework.boot.test.autoconfigure.web.servlet.WebDriverContextCustomizerFactory$Customizer@460ecfa8, org.springframework.boot.test.context.filter.ExcludeFilterContextCustomizer@1b165e5f, org.springframework.boot.test.json.DuplicateJsonObjectContextCustomizerFactory$DuplicateJsonObjectContextCustomizer@f93eaef, org.springframework.boot.test.mock.mockito.MockitoContextCustomizer@0], contextLoader = 'org.springframework.test.context.support.DelegatingSmartContextLoader', parent = [null]]]
05:18:28.021 [Test worker] DEBUG org.springframework.test.context.cache - Spring test ApplicationContext cache statistics: [DefaultContextCache@34b4204d size = 1, maxSize = 32, parentContextCount = 0, hitCount = 177, missCount = 1]
05:18:28.021 [Test worker] DEBUG org.springframework.test.context.cache.DefaultCacheAwareContextLoaderDelegate - Retrieved ApplicationContext [733602954] from cache with key [[MergedContextConfiguration@226602e1 testClass = TagDaoImplTest, locations = '{}', classes = '{class com.epam.esm.configuration.DaoTestConfiguration}', contextInitializerClasses = '[]', activeProfiles = '{}', propertySourceLocations = '{}', propertySourceProperties = '{}', contextCustomizers = set[org.springframework.boot.test.autoconfigure.actuate.metrics.MetricsExportContextCustomizerFactory$DisableMetricExportContextCustomizer@5e04c722, org.springframework.boot.test.autoconfigure.properties.PropertyMappingContextCustomizer@0, org.springframework.boot.test.autoconfigure.web.servlet.WebDriverContextCustomizerFactory$Customizer@460ecfa8, org.springframework.boot.test.context.filter.ExcludeFilterContextCustomizer@1b165e5f, org.springframework.boot.test.json.DuplicateJsonObjectContextCustomizerFactory$DuplicateJsonObjectContextCustomizer@f93eaef, org.springframework.boot.test.mock.mockito.MockitoContextCustomizer@0], contextLoader = 'org.springframework.test.context.support.DelegatingSmartContextLoader', parent = [null]]]
05:18:28.021 [Test worker] DEBUG org.springframework.test.context.cache - Spring test ApplicationContext cache statistics: [DefaultContextCache@34b4204d size = 1, maxSize = 32, parentContextCount = 0, hitCount = 178, missCount = 1]
05:18:28.021 [Test worker] DEBUG org.springframework.test.context.cache.DefaultCacheAwareContextLoaderDelegate - Retrieved ApplicationContext [733602954] from cache with key [[MergedContextConfiguration@226602e1 testClass = TagDaoImplTest, locations = '{}', classes = '{class com.epam.esm.configuration.DaoTestConfiguration}', contextInitializerClasses = '[]', activeProfiles = '{}', propertySourceLocations = '{}', propertySourceProperties = '{}', contextCustomizers = set[org.springframework.boot.test.autoconfigure.actuate.metrics.MetricsExportContextCustomizerFactory$DisableMetricExportContextCustomizer@5e04c722, org.springframework.boot.test.autoconfigure.properties.PropertyMappingContextCustomizer@0, org.springframework.boot.test.autoconfigure.web.servlet.WebDriverContextCustomizerFactory$Customizer@460ecfa8, org.springframework.boot.test.context.filter.ExcludeFilterContextCustomizer@1b165e5f, org.springframework.boot.test.json.DuplicateJsonObjectContextCustomizerFactory$DuplicateJsonObjectContextCustomizer@f93eaef, org.springframework.boot.test.mock.mockito.MockitoContextCustomizer@0], contextLoader = 'org.springframework.test.context.support.DelegatingSmartContextLoader', parent = [null]]]
05:18:28.021 [Test worker] DEBUG org.springframework.test.context.cache - Spring test ApplicationContext cache statistics: [DefaultContextCache@34b4204d size = 1, maxSize = 32, parentContextCount = 0, hitCount = 179, missCount = 1]
05:18:28.022 [Test worker] DEBUG org.hibernate.SQL - select tagentity0_.id as id1_4_, tagentity0_.name as name2_4_ from TagEntity tagentity0_ where tagentity0_.name=?
Hibernate: select tagentity0_.id as id1_4_, tagentity0_.name as name2_4_ from TagEntity tagentity0_ where tagentity0_.name=?
05:18:28.022 [Test worker] DEBUG org.hibernate.stat.internal.StatisticsImpl - HHH000117: HQL: SELECT tag from TagEntity tag where tag.name = ?1, time: 0ms, rows: 0
05:18:28.023 [Test worker] DEBUG org.hibernate.engine.spi.ActionQueue - Executing identity-insert immediately
05:18:28.023 [Test worker] DEBUG org.hibernate.SQL - insert into TagEntity (id, name) values (null, ?)
Hibernate: insert into TagEntity (id, name) values (null, ?)
05:18:28.024 [Test worker] DEBUG org.hibernate.id.IdentifierGeneratorHelper - Natively generated identity: 13
05:18:28.024 [Test worker] DEBUG org.hibernate.resource.jdbc.internal.ResourceRegistryStandardImpl - HHH000387: ResultSet's statement was not registered
05:18:28.024 [Test worker] DEBUG org.hibernate.event.internal.AbstractFlushingEventListener - Processing flush-time cascades
05:18:28.024 [Test worker] DEBUG org.hibernate.event.internal.AbstractFlushingEventListener - Dirty checking collections
05:18:28.025 [Test worker] DEBUG org.hibernate.event.internal.AbstractFlushingEventListener - Flushed: 0 insertions, 0 updates, 0 deletions to 1 objects
05:18:28.025 [Test worker] DEBUG org.hibernate.event.internal.AbstractFlushingEventListener - Flushed: 0 (re)creations, 0 updates, 0 removals to 0 collections
05:18:28.025 [Test worker] DEBUG org.hibernate.internal.util.EntityPrinter - Listing entities:
05:18:28.025 [Test worker] DEBUG org.hibernate.internal.util.EntityPrinter - com.epam.esm.model.entity.TagEntity{name=TEST, id=13}
05:18:28.025 [Test worker] DEBUG org.hibernate.SQL - select tagentity0_.id as id1_4_, tagentity0_.name as name2_4_ from TagEntity tagentity0_ where tagentity0_.name=?
Hibernate: select tagentity0_.id as id1_4_, tagentity0_.name as name2_4_ from TagEntity tagentity0_ where tagentity0_.name=?
05:18:28.025 [Test worker] DEBUG org.hibernate.loader.Loader - Result set row: 0
05:18:28.025 [Test worker] DEBUG org.hibernate.loader.Loader - Result row: EntityKey[com.epam.esm.model.entity.TagEntity#13]
05:18:28.026 [Test worker] DEBUG org.hibernate.stat.internal.StatisticsImpl - HHH000117: HQL: SELECT tag FROM TagEntity tag WHERE tag.name = ?1, time: 0ms, rows: 1
05:18:28.026 [Test worker] DEBUG org.springframework.test.context.cache.DefaultCacheAwareContextLoaderDelegate - Retrieved ApplicationContext [733602954] from cache with key [[MergedContextConfiguration@226602e1 testClass = TagDaoImplTest, locations = '{}', classes = '{class com.epam.esm.configuration.DaoTestConfiguration}', contextInitializerClasses = '[]', activeProfiles = '{}', propertySourceLocations = '{}', propertySourceProperties = '{}', contextCustomizers = set[org.springframework.boot.test.autoconfigure.actuate.metrics.MetricsExportContextCustomizerFactory$DisableMetricExportContextCustomizer@5e04c722, org.springframework.boot.test.autoconfigure.properties.PropertyMappingContextCustomizer@0, org.springframework.boot.test.autoconfigure.web.servlet.WebDriverContextCustomizerFactory$Customizer@460ecfa8, org.springframework.boot.test.context.filter.ExcludeFilterContextCustomizer@1b165e5f, org.springframework.boot.test.json.DuplicateJsonObjectContextCustomizerFactory$DuplicateJsonObjectContextCustomizer@f93eaef, org.springframework.boot.test.mock.mockito.MockitoContextCustomizer@0], contextLoader = 'org.springframework.test.context.support.DelegatingSmartContextLoader', parent = [null]]]
05:18:28.027 [Test worker] DEBUG org.springframework.test.context.cache - Spring test ApplicationContext cache statistics: [DefaultContextCache@34b4204d size = 1, maxSize = 32, parentContextCount = 0, hitCount = 180, missCount = 1]
05:18:28.028 [Test worker] DEBUG org.springframework.test.context.cache.DefaultCacheAwareContextLoaderDelegate - Retrieved ApplicationContext [733602954] from cache with key [[MergedContextConfiguration@226602e1 testClass = TagDaoImplTest, locations = '{}', classes = '{class com.epam.esm.configuration.DaoTestConfiguration}', contextInitializerClasses = '[]', activeProfiles = '{}', propertySourceLocations = '{}', propertySourceProperties = '{}', contextCustomizers = set[org.springframework.boot.test.autoconfigure.actuate.metrics.MetricsExportContextCustomizerFactory$DisableMetricExportContextCustomizer@5e04c722, org.springframework.boot.test.autoconfigure.properties.PropertyMappingContextCustomizer@0, org.springframework.boot.test.autoconfigure.web.servlet.WebDriverContextCustomizerFactory$Customizer@460ecfa8, org.springframework.boot.test.context.filter.ExcludeFilterContextCustomizer@1b165e5f, org.springframework.boot.test.json.DuplicateJsonObjectContextCustomizerFactory$DuplicateJsonObjectContextCustomizer@f93eaef, org.springframework.boot.test.mock.mockito.MockitoContextCustomizer@0], contextLoader = 'org.springframework.test.context.support.DelegatingSmartContextLoader', parent = [null]]]
05:18:28.028 [Test worker] DEBUG org.springframework.test.context.cache - Spring test ApplicationContext cache statistics: [DefaultContextCache@34b4204d size = 1, maxSize = 32, parentContextCount = 0, hitCount = 181, missCount = 1]
05:18:28.029 [Test worker] DEBUG org.springframework.test.context.cache.DefaultCacheAwareContextLoaderDelegate - Retrieved ApplicationContext [733602954] from cache with key [[MergedContextConfiguration@226602e1 testClass = TagDaoImplTest, locations = '{}', classes = '{class com.epam.esm.configuration.DaoTestConfiguration}', contextInitializerClasses = '[]', activeProfiles = '{}', propertySourceLocations = '{}', propertySourceProperties = '{}', contextCustomizers = set[org.springframework.boot.test.autoconfigure.actuate.metrics.MetricsExportContextCustomizerFactory$DisableMetricExportContextCustomizer@5e04c722, org.springframework.boot.test.autoconfigure.properties.PropertyMappingContextCustomizer@0, org.springframework.boot.test.autoconfigure.web.servlet.WebDriverContextCustomizerFactory$Customizer@460ecfa8, org.springframework.boot.test.context.filter.ExcludeFilterContextCustomizer@1b165e5f, org.springframework.boot.test.json.DuplicateJsonObjectContextCustomizerFactory$DuplicateJsonObjectContextCustomizer@f93eaef, org.springframework.boot.test.mock.mockito.MockitoContextCustomizer@0], contextLoader = 'org.springframework.test.context.support.DelegatingSmartContextLoader', parent = [null]]]
05:18:28.030 [Test worker] DEBUG org.springframework.test.context.cache - Spring test ApplicationContext cache statistics: [DefaultContextCache@34b4204d size = 1, maxSize = 32, parentContextCount = 0, hitCount = 182, missCount = 1]
05:18:28.030 [Test worker] DEBUG org.springframework.test.context.cache.DefaultCacheAwareContextLoaderDelegate - Retrieved ApplicationContext [733602954] from cache with key [[MergedContextConfiguration@226602e1 testClass = TagDaoImplTest, locations = '{}', classes = '{class com.epam.esm.configuration.DaoTestConfiguration}', contextInitializerClasses = '[]', activeProfiles = '{}', propertySourceLocations = '{}', propertySourceProperties = '{}', contextCustomizers = set[org.springframework.boot.test.autoconfigure.actuate.metrics.MetricsExportContextCustomizerFactory$DisableMetricExportContextCustomizer@5e04c722, org.springframework.boot.test.autoconfigure.properties.PropertyMappingContextCustomizer@0, org.springframework.boot.test.autoconfigure.web.servlet.WebDriverContextCustomizerFactory$Customizer@460ecfa8, org.springframework.boot.test.context.filter.ExcludeFilterContextCustomizer@1b165e5f, org.springframework.boot.test.json.DuplicateJsonObjectContextCustomizerFactory$DuplicateJsonObjectContextCustomizer@f93eaef, org.springframework.boot.test.mock.mockito.MockitoContextCustomizer@0], contextLoader = 'org.springframework.test.context.support.DelegatingSmartContextLoader', parent = [null]]]
05:18:28.030 [Test worker] DEBUG org.springframework.test.context.cache - Spring test ApplicationContext cache statistics: [DefaultContextCache@34b4204d size = 1, maxSize = 32, parentContextCount = 0, hitCount = 183, missCount = 1]
05:18:28.030 [Test worker] DEBUG org.springframework.test.context.cache.DefaultCacheAwareContextLoaderDelegate - Retrieved ApplicationContext [733602954] from cache with key [[MergedContextConfiguration@226602e1 testClass = TagDaoImplTest, locations = '{}', classes = '{class com.epam.esm.configuration.DaoTestConfiguration}', contextInitializerClasses = '[]', activeProfiles = '{}', propertySourceLocations = '{}', propertySourceProperties = '{}', contextCustomizers = set[org.springframework.boot.test.autoconfigure.actuate.metrics.MetricsExportContextCustomizerFactory$DisableMetricExportContextCustomizer@5e04c722, org.springframework.boot.test.autoconfigure.properties.PropertyMappingContextCustomizer@0, org.springframework.boot.test.autoconfigure.web.servlet.WebDriverContextCustomizerFactory$Customizer@460ecfa8, org.springframework.boot.test.context.filter.ExcludeFilterContextCustomizer@1b165e5f, org.springframework.boot.test.json.DuplicateJsonObjectContextCustomizerFactory$DuplicateJsonObjectContextCustomizer@f93eaef, org.springframework.boot.test.mock.mockito.MockitoContextCustomizer@0], contextLoader = 'org.springframework.test.context.support.DelegatingSmartContextLoader', parent = [null]]]
05:18:28.030 [Test worker] DEBUG org.springframework.test.context.cache - Spring test ApplicationContext cache statistics: [DefaultContextCache@34b4204d size = 1, maxSize = 32, parentContextCount = 0, hitCount = 184, missCount = 1]
05:18:28.032 [Test worker] DEBUG org.springframework.test.context.cache.DefaultCacheAwareContextLoaderDelegate - Retrieved ApplicationContext [733602954] from cache with key [[MergedContextConfiguration@226602e1 testClass = TagDaoImplTest, locations = '{}', classes = '{class com.epam.esm.configuration.DaoTestConfiguration}', contextInitializerClasses = '[]', activeProfiles = '{}', propertySourceLocations = '{}', propertySourceProperties = '{}', contextCustomizers = set[org.springframework.boot.test.autoconfigure.actuate.metrics.MetricsExportContextCustomizerFactory$DisableMetricExportContextCustomizer@5e04c722, org.springframework.boot.test.autoconfigure.properties.PropertyMappingContextCustomizer@0, org.springframework.boot.test.autoconfigure.web.servlet.WebDriverContextCustomizerFactory$Customizer@460ecfa8, org.springframework.boot.test.context.filter.ExcludeFilterContextCustomizer@1b165e5f, org.springframework.boot.test.json.DuplicateJsonObjectContextCustomizerFactory$DuplicateJsonObjectContextCustomizer@f93eaef, org.springframework.boot.test.mock.mockito.MockitoContextCustomizer@0], contextLoader = 'org.springframework.test.context.support.DelegatingSmartContextLoader', parent = [null]]]
05:18:28.032 [Test worker] DEBUG org.springframework.test.context.cache - Spring test ApplicationContext cache statistics: [DefaultContextCache@34b4204d size = 1, maxSize = 32, parentContextCount = 0, hitCount = 185, missCount = 1]
05:18:28.032 [Test worker] DEBUG org.springframework.orm.jpa.JpaTransactionManager - Initiating transaction rollback
05:18:28.032 [Test worker] DEBUG org.springframework.orm.jpa.JpaTransactionManager - Rolling back JPA transaction on EntityManager [SessionImpl(2010712041<open>)]
05:18:28.032 [Test worker] DEBUG org.hibernate.engine.transaction.internal.TransactionImpl - rolling back
05:18:28.033 [Test worker] DEBUG org.springframework.orm.jpa.JpaTransactionManager - Closing JPA EntityManager [SessionImpl(2010712041<open>)] after transaction
05:18:28.033 [Test worker] INFO org.hibernate.engine.internal.StatisticalLoggingSessionEventListener - Session Metrics {
    498662 nanoseconds spent acquiring 1 JDBC connections;
    0 nanoseconds spent releasing 0 JDBC connections;
    363457 nanoseconds spent preparing 3 JDBC statements;
    847902 nanoseconds spent executing 3 JDBC statements;
    0 nanoseconds spent executing 0 JDBC batches;
    0 nanoseconds spent performing 0 L2C puts;
    0 nanoseconds spent performing 0 L2C hits;
    0 nanoseconds spent performing 0 L2C misses;
    0 nanoseconds spent executing 0 flushes (flushing a total of 0 entities and 0 collections);
    382615 nanoseconds spent executing 2 partial-flushes (flushing a total of 1 entities and 1 collections)
}
05:18:28.033 [Test worker] INFO org.springframework.test.context.transaction.TransactionContext - Rolled back transaction for test: [DefaultTestContext@3c4b139d testClass = TagDaoImplTest, testInstance = com.epam.esm.dao.impl.TagDaoImplTest@33252177, testMethod = createTest@TagDaoImplTest, testException = [null], mergedContextConfiguration = [MergedContextConfiguration@226602e1 testClass = TagDaoImplTest, locations = '{}', classes = '{class com.epam.esm.configuration.DaoTestConfiguration}', contextInitializerClasses = '[]', activeProfiles = '{}', propertySourceLocations = '{}', propertySourceProperties = '{}', contextCustomizers = set[org.springframework.boot.test.autoconfigure.actuate.metrics.MetricsExportContextCustomizerFactory$DisableMetricExportContextCustomizer@5e04c722, org.springframework.boot.test.autoconfigure.properties.PropertyMappingContextCustomizer@0, org.springframework.boot.test.autoconfigure.web.servlet.WebDriverContextCustomizerFactory$Customizer@460ecfa8, org.springframework.boot.test.context.filter.ExcludeFilterContextCustomizer@1b165e5f, org.springframework.boot.test.json.DuplicateJsonObjectContextCustomizerFactory$DuplicateJsonObjectContextCustomizer@f93eaef, org.springframework.boot.test.mock.mockito.MockitoContextCustomizer@0], contextLoader = 'org.springframework.test.context.support.DelegatingSmartContextLoader', parent = [null]], attributes = map['org.springframework.test.context.event.ApplicationEventsTestExecutionListener.recordApplicationEvents' -> false]]
05:18:28.033 [Test worker] DEBUG org.springframework.test.context.support.AbstractDirtiesContextTestExecutionListener - After test method: context [DefaultTestContext@3c4b139d testClass = TagDaoImplTest, testInstance = com.epam.esm.dao.impl.TagDaoImplTest@33252177, testMethod = createTest@TagDaoImplTest, testException = [null], mergedContextConfiguration = [MergedContextConfiguration@226602e1 testClass = TagDaoImplTest, locations = '{}', classes = '{class com.epam.esm.configuration.DaoTestConfiguration}', contextInitializerClasses = '[]', activeProfiles = '{}', propertySourceLocations = '{}', propertySourceProperties = '{}', contextCustomizers = set[org.springframework.boot.test.autoconfigure.actuate.metrics.MetricsExportContextCustomizerFactory$DisableMetricExportContextCustomizer@5e04c722, org.springframework.boot.test.autoconfigure.properties.PropertyMappingContextCustomizer@0, org.springframework.boot.test.autoconfigure.web.servlet.WebDriverContextCustomizerFactory$Customizer@460ecfa8, org.springframework.boot.test.context.filter.ExcludeFilterContextCustomizer@1b165e5f, org.springframework.boot.test.json.DuplicateJsonObjectContextCustomizerFactory$DuplicateJsonObjectContextCustomizer@f93eaef, org.springframework.boot.test.mock.mockito.MockitoContextCustomizer@0], contextLoader = 'org.springframework.test.context.support.DelegatingSmartContextLoader', parent = [null]], attributes = map['org.springframework.test.context.event.ApplicationEventsTestExecutionListener.recordApplicationEvents' -> false]], class annotated with @DirtiesContext [false] with mode [null], method annotated with @DirtiesContext [false] with mode [null].
05:18:28.034 [Test worker] DEBUG org.springframework.test.context.support.DependencyInjectionTestExecutionListener - Performing dependency injection for test context [[DefaultTestContext@3c4b139d testClass = TagDaoImplTest, testInstance = com.epam.esm.dao.impl.TagDaoImplTest@17c71c6e, testMethod = [null], testException = [null], mergedContextConfiguration = [MergedContextConfiguration@226602e1 testClass = TagDaoImplTest, locations = '{}', classes = '{class com.epam.esm.configuration.DaoTestConfiguration}', contextInitializerClasses = '[]', activeProfiles = '{}', propertySourceLocations = '{}', propertySourceProperties = '{}', contextCustomizers = set[org.springframework.boot.test.autoconfigure.actuate.metrics.MetricsExportContextCustomizerFactory$DisableMetricExportContextCustomizer@5e04c722, org.springframework.boot.test.autoconfigure.properties.PropertyMappingContextCustomizer@0, org.springframework.boot.test.autoconfigure.web.servlet.WebDriverContextCustomizerFactory$Customizer@460ecfa8, org.springframework.boot.test.context.filter.ExcludeFilterContextCustomizer@1b165e5f, org.springframework.boot.test.json.DuplicateJsonObjectContextCustomizerFactory$DuplicateJsonObjectContextCustomizer@f93eaef, org.springframework.boot.test.mock.mockito.MockitoContextCustomizer@0], contextLoader = 'org.springframework.test.context.support.DelegatingSmartContextLoader', parent = [null]], attributes = map['org.springframework.test.context.event.ApplicationEventsTestExecutionListener.recordApplicationEvents' -> false]]].
05:18:28.034 [Test worker] DEBUG org.springframework.test.context.cache.DefaultCacheAwareContextLoaderDelegate - Retrieved ApplicationContext [733602954] from cache with key [[MergedContextConfiguration@226602e1 testClass = TagDaoImplTest, locations = '{}', classes = '{class com.epam.esm.configuration.DaoTestConfiguration}', contextInitializerClasses = '[]', activeProfiles = '{}', propertySourceLocations = '{}', propertySourceProperties = '{}', contextCustomizers = set[org.springframework.boot.test.autoconfigure.actuate.metrics.MetricsExportContextCustomizerFactory$DisableMetricExportContextCustomizer@5e04c722, org.springframework.boot.test.autoconfigure.properties.PropertyMappingContextCustomizer@0, org.springframework.boot.test.autoconfigure.web.servlet.WebDriverContextCustomizerFactory$Customizer@460ecfa8, org.springframework.boot.test.context.filter.ExcludeFilterContextCustomizer@1b165e5f, org.springframework.boot.test.json.DuplicateJsonObjectContextCustomizerFactory$DuplicateJsonObjectContextCustomizer@f93eaef, org.springframework.boot.test.mock.mockito.MockitoContextCustomizer@0], contextLoader = 'org.springframework.test.context.support.DelegatingSmartContextLoader', parent = [null]]]
05:18:28.034 [Test worker] DEBUG org.springframework.test.context.cache - Spring test ApplicationContext cache statistics: [DefaultContextCache@34b4204d size = 1, maxSize = 32, parentContextCount = 0, hitCount = 186, missCount = 1]
05:18:28.034 [Test worker] DEBUG org.springframework.test.context.cache.DefaultCacheAwareContextLoaderDelegate - Retrieved ApplicationContext [733602954] from cache with key [[MergedContextConfiguration@226602e1 testClass = TagDaoImplTest, locations = '{}', classes = '{class com.epam.esm.configuration.DaoTestConfiguration}', contextInitializerClasses = '[]', activeProfiles = '{}', propertySourceLocations = '{}', propertySourceProperties = '{}', contextCustomizers = set[org.springframework.boot.test.autoconfigure.actuate.metrics.MetricsExportContextCustomizerFactory$DisableMetricExportContextCustomizer@5e04c722, org.springframework.boot.test.autoconfigure.properties.PropertyMappingContextCustomizer@0, org.springframework.boot.test.autoconfigure.web.servlet.WebDriverContextCustomizerFactory$Customizer@460ecfa8, org.springframework.boot.test.context.filter.ExcludeFilterContextCustomizer@1b165e5f, org.springframework.boot.test.json.DuplicateJsonObjectContextCustomizerFactory$DuplicateJsonObjectContextCustomizer@f93eaef, org.springframework.boot.test.mock.mockito.MockitoContextCustomizer@0], contextLoader = 'org.springframework.test.context.support.DelegatingSmartContextLoader', parent = [null]]]
05:18:28.035 [Test worker] DEBUG org.springframework.test.context.cache - Spring test ApplicationContext cache statistics: [DefaultContextCache@34b4204d size = 1, maxSize = 32, parentContextCount = 0, hitCount = 187, missCount = 1]
05:18:28.035 [Test worker] DEBUG org.springframework.test.context.support.AbstractDirtiesContextTestExecutionListener - Before test method: context [DefaultTestContext@3c4b139d testClass = TagDaoImplTest, testInstance = com.epam.esm.dao.impl.TagDaoImplTest@17c71c6e, testMethod = deleteTest@TagDaoImplTest, testException = [null], mergedContextConfiguration = [MergedContextConfiguration@226602e1 testClass = TagDaoImplTest, locations = '{}', classes = '{class com.epam.esm.configuration.DaoTestConfiguration}', contextInitializerClasses = '[]', activeProfiles = '{}', propertySourceLocations = '{}', propertySourceProperties = '{}', contextCustomizers = set[org.springframework.boot.test.autoconfigure.actuate.metrics.MetricsExportContextCustomizerFactory$DisableMetricExportContextCustomizer@5e04c722, org.springframework.boot.test.autoconfigure.properties.PropertyMappingContextCustomizer@0, org.springframework.boot.test.autoconfigure.web.servlet.WebDriverContextCustomizerFactory$Customizer@460ecfa8, org.springframework.boot.test.context.filter.ExcludeFilterContextCustomizer@1b165e5f, org.springframework.boot.test.json.DuplicateJsonObjectContextCustomizerFactory$DuplicateJsonObjectContextCustomizer@f93eaef, org.springframework.boot.test.mock.mockito.MockitoContextCustomizer@0], contextLoader = 'org.springframework.test.context.support.DelegatingSmartContextLoader', parent = [null]], attributes = map['org.springframework.test.context.event.ApplicationEventsTestExecutionListener.recordApplicationEvents' -> false]], class annotated with @DirtiesContext [false] with mode [null], method annotated with @DirtiesContext [false] with mode [null].
05:18:28.037 [Test worker] DEBUG org.springframework.test.context.transaction.TransactionalTestExecutionListener - Explicit transaction definition [PROPAGATION_REQUIRED,ISOLATION_DEFAULT] found for test context [DefaultTestContext@3c4b139d testClass = TagDaoImplTest, testInstance = com.epam.esm.dao.impl.TagDaoImplTest@17c71c6e, testMethod = deleteTest@TagDaoImplTest, testException = [null], mergedContextConfiguration = [MergedContextConfiguration@226602e1 testClass = TagDaoImplTest, locations = '{}', classes = '{class com.epam.esm.configuration.DaoTestConfiguration}', contextInitializerClasses = '[]', activeProfiles = '{}', propertySourceLocations = '{}', propertySourceProperties = '{}', contextCustomizers = set[org.springframework.boot.test.autoconfigure.actuate.metrics.MetricsExportContextCustomizerFactory$DisableMetricExportContextCustomizer@5e04c722, org.springframework.boot.test.autoconfigure.properties.PropertyMappingContextCustomizer@0, org.springframework.boot.test.autoconfigure.web.servlet.WebDriverContextCustomizerFactory$Customizer@460ecfa8, org.springframework.boot.test.context.filter.ExcludeFilterContextCustomizer@1b165e5f, org.springframework.boot.test.json.DuplicateJsonObjectContextCustomizerFactory$DuplicateJsonObjectContextCustomizer@f93eaef, org.springframework.boot.test.mock.mockito.MockitoContextCustomizer@0], contextLoader = 'org.springframework.test.context.support.DelegatingSmartContextLoader', parent = [null]], attributes = map['org.springframework.test.context.event.ApplicationEventsTestExecutionListener.recordApplicationEvents' -> false]]
05:18:28.037 [Test worker] DEBUG org.springframework.test.context.cache.DefaultCacheAwareContextLoaderDelegate - Retrieved ApplicationContext [733602954] from cache with key [[MergedContextConfiguration@226602e1 testClass = TagDaoImplTest, locations = '{}', classes = '{class com.epam.esm.configuration.DaoTestConfiguration}', contextInitializerClasses = '[]', activeProfiles = '{}', propertySourceLocations = '{}', propertySourceProperties = '{}', contextCustomizers = set[org.springframework.boot.test.autoconfigure.actuate.metrics.MetricsExportContextCustomizerFactory$DisableMetricExportContextCustomizer@5e04c722, org.springframework.boot.test.autoconfigure.properties.PropertyMappingContextCustomizer@0, org.springframework.boot.test.autoconfigure.web.servlet.WebDriverContextCustomizerFactory$Customizer@460ecfa8, org.springframework.boot.test.context.filter.ExcludeFilterContextCustomizer@1b165e5f, org.springframework.boot.test.json.DuplicateJsonObjectContextCustomizerFactory$DuplicateJsonObjectContextCustomizer@f93eaef, org.springframework.boot.test.mock.mockito.MockitoContextCustomizer@0], contextLoader = 'org.springframework.test.context.support.DelegatingSmartContextLoader', parent = [null]]]
05:18:28.037 [Test worker] DEBUG org.springframework.test.context.cache - Spring test ApplicationContext cache statistics: [DefaultContextCache@34b4204d size = 1, maxSize = 32, parentContextCount = 0, hitCount = 188, missCount = 1]
05:18:28.037 [Test worker] DEBUG org.springframework.test.context.transaction.TransactionalTestExecutionListener - No method-level @Rollback override: using default rollback [true] for test context [DefaultTestContext@3c4b139d testClass = TagDaoImplTest, testInstance = com.epam.esm.dao.impl.TagDaoImplTest@17c71c6e, testMethod = deleteTest@TagDaoImplTest, testException = [null], mergedContextConfiguration = [MergedContextConfiguration@226602e1 testClass = TagDaoImplTest, locations = '{}', classes = '{class com.epam.esm.configuration.DaoTestConfiguration}', contextInitializerClasses = '[]', activeProfiles = '{}', propertySourceLocations = '{}', propertySourceProperties = '{}', contextCustomizers = set[org.springframework.boot.test.autoconfigure.actuate.metrics.MetricsExportContextCustomizerFactory$DisableMetricExportContextCustomizer@5e04c722, org.springframework.boot.test.autoconfigure.properties.PropertyMappingContextCustomizer@0, org.springframework.boot.test.autoconfigure.web.servlet.WebDriverContextCustomizerFactory$Customizer@460ecfa8, org.springframework.boot.test.context.filter.ExcludeFilterContextCustomizer@1b165e5f, org.springframework.boot.test.json.DuplicateJsonObjectContextCustomizerFactory$DuplicateJsonObjectContextCustomizer@f93eaef, org.springframework.boot.test.mock.mockito.MockitoContextCustomizer@0], contextLoader = 'org.springframework.test.context.support.DelegatingSmartContextLoader', parent = [null]], attributes = map['org.springframework.test.context.event.ApplicationEventsTestExecutionListener.recordApplicationEvents' -> false]].
05:18:28.037 [Test worker] DEBUG org.springframework.orm.jpa.JpaTransactionManager - Creating new transaction with name [com.epam.esm.dao.impl.TagDaoImplTest.deleteTest]: PROPAGATION_REQUIRED,ISOLATION_DEFAULT
05:18:28.038 [Test worker] DEBUG org.springframework.orm.jpa.JpaTransactionManager - Opened new EntityManager [SessionImpl(610219730<open>)] for JPA transaction
05:18:28.038 [Test worker] DEBUG org.hibernate.engine.transaction.internal.TransactionImpl - On TransactionImpl creation, JpaCompliance#isJpaTransactionComplianceEnabled == false
05:18:28.038 [Test worker] DEBUG org.hibernate.engine.transaction.internal.TransactionImpl - begin
05:18:28.038 [Test worker] DEBUG org.springframework.jdbc.datasource.DriverManagerDataSource - Creating new JDBC DriverManager Connection to [jdbc:h2:mem:second;DB_CLOSE_DELAY=-1]
05:18:28.039 [Test worker] DEBUG org.springframework.orm.jpa.JpaTransactionManager - Exposing JPA transaction as JDBC [org.springframework.orm.jpa.vendor.HibernateJpaDialect$HibernateConnectionHandle@c9187c0]
05:18:28.039 [Test worker] INFO org.springframework.test.context.transaction.TransactionContext - Began transaction (1) for test context [DefaultTestContext@3c4b139d testClass = TagDaoImplTest, testInstance = com.epam.esm.dao.impl.TagDaoImplTest@17c71c6e, testMethod = deleteTest@TagDaoImplTest, testException = [null], mergedContextConfiguration = [MergedContextConfiguration@226602e1 testClass = TagDaoImplTest, locations = '{}', classes = '{class com.epam.esm.configuration.DaoTestConfiguration}', contextInitializerClasses = '[]', activeProfiles = '{}', propertySourceLocations = '{}', propertySourceProperties = '{}', contextCustomizers = set[org.springframework.boot.test.autoconfigure.actuate.metrics.MetricsExportContextCustomizerFactory$DisableMetricExportContextCustomizer@5e04c722, org.springframework.boot.test.autoconfigure.properties.PropertyMappingContextCustomizer@0, org.springframework.boot.test.autoconfigure.web.servlet.WebDriverContextCustomizerFactory$Customizer@460ecfa8, org.springframework.boot.test.context.filter.ExcludeFilterContextCustomizer@1b165e5f, org.springframework.boot.test.json.DuplicateJsonObjectContextCustomizerFactory$DuplicateJsonObjectContextCustomizer@f93eaef, org.springframework.boot.test.mock.mockito.MockitoContextCustomizer@0], contextLoader = 'org.springframework.test.context.support.DelegatingSmartContextLoader', parent = [null]], attributes = map['org.springframework.test.context.event.ApplicationEventsTestExecutionListener.recordApplicationEvents' -> false]]; transaction manager [org.springframework.orm.jpa.JpaTransactionManager@2da89516]; rollback [true]
05:18:28.039 [Test worker] DEBUG org.springframework.test.context.cache.DefaultCacheAwareContextLoaderDelegate - Retrieved ApplicationContext [733602954] from cache with key [[MergedContextConfiguration@226602e1 testClass = TagDaoImplTest, locations = '{}', classes = '{class com.epam.esm.configuration.DaoTestConfiguration}', contextInitializerClasses = '[]', activeProfiles = '{}', propertySourceLocations = '{}', propertySourceProperties = '{}', contextCustomizers = set[org.springframework.boot.test.autoconfigure.actuate.metrics.MetricsExportContextCustomizerFactory$DisableMetricExportContextCustomizer@5e04c722, org.springframework.boot.test.autoconfigure.properties.PropertyMappingContextCustomizer@0, org.springframework.boot.test.autoconfigure.web.servlet.WebDriverContextCustomizerFactory$Customizer@460ecfa8, org.springframework.boot.test.context.filter.ExcludeFilterContextCustomizer@1b165e5f, org.springframework.boot.test.json.DuplicateJsonObjectContextCustomizerFactory$DuplicateJsonObjectContextCustomizer@f93eaef, org.springframework.boot.test.mock.mockito.MockitoContextCustomizer@0], contextLoader = 'org.springframework.test.context.support.DelegatingSmartContextLoader', parent = [null]]]
05:18:28.039 [Test worker] DEBUG org.springframework.test.context.cache - Spring test ApplicationContext cache statistics: [DefaultContextCache@34b4204d size = 1, maxSize = 32, parentContextCount = 0, hitCount = 189, missCount = 1]
05:18:28.040 [Test worker] DEBUG org.springframework.test.context.cache.DefaultCacheAwareContextLoaderDelegate - Retrieved ApplicationContext [733602954] from cache with key [[MergedContextConfiguration@226602e1 testClass = TagDaoImplTest, locations = '{}', classes = '{class com.epam.esm.configuration.DaoTestConfiguration}', contextInitializerClasses = '[]', activeProfiles = '{}', propertySourceLocations = '{}', propertySourceProperties = '{}', contextCustomizers = set[org.springframework.boot.test.autoconfigure.actuate.metrics.MetricsExportContextCustomizerFactory$DisableMetricExportContextCustomizer@5e04c722, org.springframework.boot.test.autoconfigure.properties.PropertyMappingContextCustomizer@0, org.springframework.boot.test.autoconfigure.web.servlet.WebDriverContextCustomizerFactory$Customizer@460ecfa8, org.springframework.boot.test.context.filter.ExcludeFilterContextCustomizer@1b165e5f, org.springframework.boot.test.json.DuplicateJsonObjectContextCustomizerFactory$DuplicateJsonObjectContextCustomizer@f93eaef, org.springframework.boot.test.mock.mockito.MockitoContextCustomizer@0], contextLoader = 'org.springframework.test.context.support.DelegatingSmartContextLoader', parent = [null]]]
05:18:28.040 [Test worker] DEBUG org.springframework.test.context.cache - Spring test ApplicationContext cache statistics: [DefaultContextCache@34b4204d size = 1, maxSize = 32, parentContextCount = 0, hitCount = 190, missCount = 1]
05:18:28.040 [Test worker] DEBUG org.springframework.test.context.cache.DefaultCacheAwareContextLoaderDelegate - Retrieved ApplicationContext [733602954] from cache with key [[MergedContextConfiguration@226602e1 testClass = TagDaoImplTest, locations = '{}', classes = '{class com.epam.esm.configuration.DaoTestConfiguration}', contextInitializerClasses = '[]', activeProfiles = '{}', propertySourceLocations = '{}', propertySourceProperties = '{}', contextCustomizers = set[org.springframework.boot.test.autoconfigure.actuate.metrics.MetricsExportContextCustomizerFactory$DisableMetricExportContextCustomizer@5e04c722, org.springframework.boot.test.autoconfigure.properties.PropertyMappingContextCustomizer@0, org.springframework.boot.test.autoconfigure.web.servlet.WebDriverContextCustomizerFactory$Customizer@460ecfa8, org.springframework.boot.test.context.filter.ExcludeFilterContextCustomizer@1b165e5f, org.springframework.boot.test.json.DuplicateJsonObjectContextCustomizerFactory$DuplicateJsonObjectContextCustomizer@f93eaef, org.springframework.boot.test.mock.mockito.MockitoContextCustomizer@0], contextLoader = 'org.springframework.test.context.support.DelegatingSmartContextLoader', parent = [null]]]
05:18:28.040 [Test worker] DEBUG org.springframework.test.context.cache - Spring test ApplicationContext cache statistics: [DefaultContextCache@34b4204d size = 1, maxSize = 32, parentContextCount = 0, hitCount = 191, missCount = 1]
05:18:28.041 [Test worker] DEBUG org.hibernate.engine.spi.ActionQueue - Executing identity-insert immediately
05:18:28.041 [Test worker] DEBUG org.hibernate.SQL - insert into TagEntity (id, name) values (null, ?)
Hibernate: insert into TagEntity (id, name) values (null, ?)
05:18:28.042 [Test worker] DEBUG org.hibernate.id.IdentifierGeneratorHelper - Natively generated identity: 14
05:18:28.042 [Test worker] DEBUG org.hibernate.resource.jdbc.internal.ResourceRegistryStandardImpl - HHH000387: ResultSet's statement was not registered
05:18:28.043 [Test worker] DEBUG org.hibernate.SQL - select tagentity0_.id as id1_4_0_, tagentity0_.name as name2_4_0_ from TagEntity tagentity0_ where tagentity0_.id=?
Hibernate: select tagentity0_.id as id1_4_0_, tagentity0_.name as name2_4_0_ from TagEntity tagentity0_ where tagentity0_.id=?
05:18:28.044 [Test worker] DEBUG org.hibernate.loader.entity.plan.AbstractLoadPlanBasedEntityLoader - Done entity load : com.epam.esm.model.entity.TagEntity#1
05:18:28.044 [Test worker] DEBUG org.hibernate.SQL - select tagentity0_.id as id1_4_0_, tagentity0_.name as name2_4_0_ from TagEntity tagentity0_ where tagentity0_.id=?
Hibernate: select tagentity0_.id as id1_4_0_, tagentity0_.name as name2_4_0_ from TagEntity tagentity0_ where tagentity0_.id=?
05:18:28.044 [Test worker] DEBUG org.hibernate.loader.entity.plan.AbstractLoadPlanBasedEntityLoader - Done entity load : com.epam.esm.model.entity.TagEntity#1
05:18:28.045 [Test worker] DEBUG org.springframework.test.context.cache.DefaultCacheAwareContextLoaderDelegate - Retrieved ApplicationContext [733602954] from cache with key [[MergedContextConfiguration@226602e1 testClass = TagDaoImplTest, locations = '{}', classes = '{class com.epam.esm.configuration.DaoTestConfiguration}', contextInitializerClasses = '[]', activeProfiles = '{}', propertySourceLocations = '{}', propertySourceProperties = '{}', contextCustomizers = set[org.springframework.boot.test.autoconfigure.actuate.metrics.MetricsExportContextCustomizerFactory$DisableMetricExportContextCustomizer@5e04c722, org.springframework.boot.test.autoconfigure.properties.PropertyMappingContextCustomizer@0, org.springframework.boot.test.autoconfigure.web.servlet.WebDriverContextCustomizerFactory$Customizer@460ecfa8, org.springframework.boot.test.context.filter.ExcludeFilterContextCustomizer@1b165e5f, org.springframework.boot.test.json.DuplicateJsonObjectContextCustomizerFactory$DuplicateJsonObjectContextCustomizer@f93eaef, org.springframework.boot.test.mock.mockito.MockitoContextCustomizer@0], contextLoader = 'org.springframework.test.context.support.DelegatingSmartContextLoader', parent = [null]]]
05:18:28.045 [Test worker] DEBUG org.springframework.test.context.cache - Spring test ApplicationContext cache statistics: [DefaultContextCache@34b4204d size = 1, maxSize = 32, parentContextCount = 0, hitCount = 192, missCount = 1]
05:18:28.045 [Test worker] DEBUG org.springframework.test.context.cache.DefaultCacheAwareContextLoaderDelegate - Retrieved ApplicationContext [733602954] from cache with key [[MergedContextConfiguration@226602e1 testClass = TagDaoImplTest, locations = '{}', classes = '{class com.epam.esm.configuration.DaoTestConfiguration}', contextInitializerClasses = '[]', activeProfiles = '{}', propertySourceLocations = '{}', propertySourceProperties = '{}', contextCustomizers = set[org.springframework.boot.test.autoconfigure.actuate.metrics.MetricsExportContextCustomizerFactory$DisableMetricExportContextCustomizer@5e04c722, org.springframework.boot.test.autoconfigure.properties.PropertyMappingContextCustomizer@0, org.springframework.boot.test.autoconfigure.web.servlet.WebDriverContextCustomizerFactory$Customizer@460ecfa8, org.springframework.boot.test.context.filter.ExcludeFilterContextCustomizer@1b165e5f, org.springframework.boot.test.json.DuplicateJsonObjectContextCustomizerFactory$DuplicateJsonObjectContextCustomizer@f93eaef, org.springframework.boot.test.mock.mockito.MockitoContextCustomizer@0], contextLoader = 'org.springframework.test.context.support.DelegatingSmartContextLoader', parent = [null]]]
05:18:28.045 [Test worker] DEBUG org.springframework.test.context.cache - Spring test ApplicationContext cache statistics: [DefaultContextCache@34b4204d size = 1, maxSize = 32, parentContextCount = 0, hitCount = 193, missCount = 1]
05:18:28.046 [Test worker] DEBUG org.springframework.test.context.cache.DefaultCacheAwareContextLoaderDelegate - Retrieved ApplicationContext [733602954] from cache with key [[MergedContextConfiguration@226602e1 testClass = TagDaoImplTest, locations = '{}', classes = '{class com.epam.esm.configuration.DaoTestConfiguration}', contextInitializerClasses = '[]', activeProfiles = '{}', propertySourceLocations = '{}', propertySourceProperties = '{}', contextCustomizers = set[org.springframework.boot.test.autoconfigure.actuate.metrics.MetricsExportContextCustomizerFactory$DisableMetricExportContextCustomizer@5e04c722, org.springframework.boot.test.autoconfigure.properties.PropertyMappingContextCustomizer@0, org.springframework.boot.test.autoconfigure.web.servlet.WebDriverContextCustomizerFactory$Customizer@460ecfa8, org.springframework.boot.test.context.filter.ExcludeFilterContextCustomizer@1b165e5f, org.springframework.boot.test.json.DuplicateJsonObjectContextCustomizerFactory$DuplicateJsonObjectContextCustomizer@f93eaef, org.springframework.boot.test.mock.mockito.MockitoContextCustomizer@0], contextLoader = 'org.springframework.test.context.support.DelegatingSmartContextLoader', parent = [null]]]
05:18:28.046 [Test worker] DEBUG org.springframework.test.context.cache - Spring test ApplicationContext cache statistics: [DefaultContextCache@34b4204d size = 1, maxSize = 32, parentContextCount = 0, hitCount = 194, missCount = 1]
05:18:28.046 [Test worker] DEBUG org.springframework.test.context.cache.DefaultCacheAwareContextLoaderDelegate - Retrieved ApplicationContext [733602954] from cache with key [[MergedContextConfiguration@226602e1 testClass = TagDaoImplTest, locations = '{}', classes = '{class com.epam.esm.configuration.DaoTestConfiguration}', contextInitializerClasses = '[]', activeProfiles = '{}', propertySourceLocations = '{}', propertySourceProperties = '{}', contextCustomizers = set[org.springframework.boot.test.autoconfigure.actuate.metrics.MetricsExportContextCustomizerFactory$DisableMetricExportContextCustomizer@5e04c722, org.springframework.boot.test.autoconfigure.properties.PropertyMappingContextCustomizer@0, org.springframework.boot.test.autoconfigure.web.servlet.WebDriverContextCustomizerFactory$Customizer@460ecfa8, org.springframework.boot.test.context.filter.ExcludeFilterContextCustomizer@1b165e5f, org.springframework.boot.test.json.DuplicateJsonObjectContextCustomizerFactory$DuplicateJsonObjectContextCustomizer@f93eaef, org.springframework.boot.test.mock.mockito.MockitoContextCustomizer@0], contextLoader = 'org.springframework.test.context.support.DelegatingSmartContextLoader', parent = [null]]]
05:18:28.046 [Test worker] DEBUG org.springframework.test.context.cache - Spring test ApplicationContext cache statistics: [DefaultContextCache@34b4204d size = 1, maxSize = 32, parentContextCount = 0, hitCount = 195, missCount = 1]
05:18:28.046 [Test worker] DEBUG org.springframework.test.context.cache.DefaultCacheAwareContextLoaderDelegate - Retrieved ApplicationContext [733602954] from cache with key [[MergedContextConfiguration@226602e1 testClass = TagDaoImplTest, locations = '{}', classes = '{class com.epam.esm.configuration.DaoTestConfiguration}', contextInitializerClasses = '[]', activeProfiles = '{}', propertySourceLocations = '{}', propertySourceProperties = '{}', contextCustomizers = set[org.springframework.boot.test.autoconfigure.actuate.metrics.MetricsExportContextCustomizerFactory$DisableMetricExportContextCustomizer@5e04c722, org.springframework.boot.test.autoconfigure.properties.PropertyMappingContextCustomizer@0, org.springframework.boot.test.autoconfigure.web.servlet.WebDriverContextCustomizerFactory$Customizer@460ecfa8, org.springframework.boot.test.context.filter.ExcludeFilterContextCustomizer@1b165e5f, org.springframework.boot.test.json.DuplicateJsonObjectContextCustomizerFactory$DuplicateJsonObjectContextCustomizer@f93eaef, org.springframework.boot.test.mock.mockito.MockitoContextCustomizer@0], contextLoader = 'org.springframework.test.context.support.DelegatingSmartContextLoader', parent = [null]]]
05:18:28.046 [Test worker] DEBUG org.springframework.test.context.cache - Spring test ApplicationContext cache statistics: [DefaultContextCache@34b4204d size = 1, maxSize = 32, parentContextCount = 0, hitCount = 196, missCount = 1]
05:18:28.047 [Test worker] DEBUG org.springframework.test.context.cache.DefaultCacheAwareContextLoaderDelegate - Retrieved ApplicationContext [733602954] from cache with key [[MergedContextConfiguration@226602e1 testClass = TagDaoImplTest, locations = '{}', classes = '{class com.epam.esm.configuration.DaoTestConfiguration}', contextInitializerClasses = '[]', activeProfiles = '{}', propertySourceLocations = '{}', propertySourceProperties = '{}', contextCustomizers = set[org.springframework.boot.test.autoconfigure.actuate.metrics.MetricsExportContextCustomizerFactory$DisableMetricExportContextCustomizer@5e04c722, org.springframework.boot.test.autoconfigure.properties.PropertyMappingContextCustomizer@0, org.springframework.boot.test.autoconfigure.web.servlet.WebDriverContextCustomizerFactory$Customizer@460ecfa8, org.springframework.boot.test.context.filter.ExcludeFilterContextCustomizer@1b165e5f, org.springframework.boot.test.json.DuplicateJsonObjectContextCustomizerFactory$DuplicateJsonObjectContextCustomizer@f93eaef, org.springframework.boot.test.mock.mockito.MockitoContextCustomizer@0], contextLoader = 'org.springframework.test.context.support.DelegatingSmartContextLoader', parent = [null]]]
05:18:28.048 [Test worker] DEBUG org.springframework.test.context.cache - Spring test ApplicationContext cache statistics: [DefaultContextCache@34b4204d size = 1, maxSize = 32, parentContextCount = 0, hitCount = 197, missCount = 1]
05:18:28.049 [Test worker] DEBUG org.springframework.orm.jpa.JpaTransactionManager - Initiating transaction rollback
05:18:28.049 [Test worker] DEBUG org.springframework.orm.jpa.JpaTransactionManager - Rolling back JPA transaction on EntityManager [SessionImpl(610219730<open>)]
05:18:28.049 [Test worker] DEBUG org.hibernate.engine.transaction.internal.TransactionImpl - rolling back
05:18:28.049 [Test worker] DEBUG org.springframework.orm.jpa.JpaTransactionManager - Closing JPA EntityManager [SessionImpl(610219730<open>)] after transaction
05:18:28.050 [Test worker] INFO org.hibernate.engine.internal.StatisticalLoggingSessionEventListener - Session Metrics {
    576121 nanoseconds spent acquiring 1 JDBC connections;
    0 nanoseconds spent releasing 0 JDBC connections;
    397874 nanoseconds spent preparing 3 JDBC statements;
    695078 nanoseconds spent executing 3 JDBC statements;
    0 nanoseconds spent executing 0 JDBC batches;
    0 nanoseconds spent performing 0 L2C puts;
    0 nanoseconds spent performing 0 L2C hits;
    0 nanoseconds spent performing 0 L2C misses;
    0 nanoseconds spent executing 0 flushes (flushing a total of 0 entities and 0 collections);
    0 nanoseconds spent executing 0 partial-flushes (flushing a total of 0 entities and 0 collections)
}
05:18:28.050 [Test worker] INFO org.springframework.test.context.transaction.TransactionContext - Rolled back transaction for test: [DefaultTestContext@3c4b139d testClass = TagDaoImplTest, testInstance = com.epam.esm.dao.impl.TagDaoImplTest@17c71c6e, testMethod = deleteTest@TagDaoImplTest, testException = [null], mergedContextConfiguration = [MergedContextConfiguration@226602e1 testClass = TagDaoImplTest, locations = '{}', classes = '{class com.epam.esm.configuration.DaoTestConfiguration}', contextInitializerClasses = '[]', activeProfiles = '{}', propertySourceLocations = '{}', propertySourceProperties = '{}', contextCustomizers = set[org.springframework.boot.test.autoconfigure.actuate.metrics.MetricsExportContextCustomizerFactory$DisableMetricExportContextCustomizer@5e04c722, org.springframework.boot.test.autoconfigure.properties.PropertyMappingContextCustomizer@0, org.springframework.boot.test.autoconfigure.web.servlet.WebDriverContextCustomizerFactory$Customizer@460ecfa8, org.springframework.boot.test.context.filter.ExcludeFilterContextCustomizer@1b165e5f, org.springframework.boot.test.json.DuplicateJsonObjectContextCustomizerFactory$DuplicateJsonObjectContextCustomizer@f93eaef, org.springframework.boot.test.mock.mockito.MockitoContextCustomizer@0], contextLoader = 'org.springframework.test.context.support.DelegatingSmartContextLoader', parent = [null]], attributes = map['org.springframework.test.context.event.ApplicationEventsTestExecutionListener.recordApplicationEvents' -> false]]
05:18:28.051 [Test worker] DEBUG org.springframework.test.context.support.AbstractDirtiesContextTestExecutionListener - After test method: context [DefaultTestContext@3c4b139d testClass = TagDaoImplTest, testInstance = com.epam.esm.dao.impl.TagDaoImplTest@17c71c6e, testMethod = deleteTest@TagDaoImplTest, testException = [null], mergedContextConfiguration = [MergedContextConfiguration@226602e1 testClass = TagDaoImplTest, locations = '{}', classes = '{class com.epam.esm.configuration.DaoTestConfiguration}', contextInitializerClasses = '[]', activeProfiles = '{}', propertySourceLocations = '{}', propertySourceProperties = '{}', contextCustomizers = set[org.springframework.boot.test.autoconfigure.actuate.metrics.MetricsExportContextCustomizerFactory$DisableMetricExportContextCustomizer@5e04c722, org.springframework.boot.test.autoconfigure.properties.PropertyMappingContextCustomizer@0, org.springframework.boot.test.autoconfigure.web.servlet.WebDriverContextCustomizerFactory$Customizer@460ecfa8, org.springframework.boot.test.context.filter.ExcludeFilterContextCustomizer@1b165e5f, org.springframework.boot.test.json.DuplicateJsonObjectContextCustomizerFactory$DuplicateJsonObjectContextCustomizer@f93eaef, org.springframework.boot.test.mock.mockito.MockitoContextCustomizer@0], contextLoader = 'org.springframework.test.context.support.DelegatingSmartContextLoader', parent = [null]], attributes = map['org.springframework.test.context.event.ApplicationEventsTestExecutionListener.recordApplicationEvents' -> false]], class annotated with @DirtiesContext [false] with mode [null], method annotated with @DirtiesContext [false] with mode [null].
05:18:28.051 [Test worker] DEBUG org.springframework.test.context.cache.DefaultCacheAwareContextLoaderDelegate - Retrieved ApplicationContext [733602954] from cache with key [[MergedContextConfiguration@226602e1 testClass = TagDaoImplTest, locations = '{}', classes = '{class com.epam.esm.configuration.DaoTestConfiguration}', contextInitializerClasses = '[]', activeProfiles = '{}', propertySourceLocations = '{}', propertySourceProperties = '{}', contextCustomizers = set[org.springframework.boot.test.autoconfigure.actuate.metrics.MetricsExportContextCustomizerFactory$DisableMetricExportContextCustomizer@5e04c722, org.springframework.boot.test.autoconfigure.properties.PropertyMappingContextCustomizer@0, org.springframework.boot.test.autoconfigure.web.servlet.WebDriverContextCustomizerFactory$Customizer@460ecfa8, org.springframework.boot.test.context.filter.ExcludeFilterContextCustomizer@1b165e5f, org.springframework.boot.test.json.DuplicateJsonObjectContextCustomizerFactory$DuplicateJsonObjectContextCustomizer@f93eaef, org.springframework.boot.test.mock.mockito.MockitoContextCustomizer@0], contextLoader = 'org.springframework.test.context.support.DelegatingSmartContextLoader', parent = [null]]]
05:18:28.051 [Test worker] DEBUG org.springframework.test.context.cache - Spring test ApplicationContext cache statistics: [DefaultContextCache@34b4204d size = 1, maxSize = 32, parentContextCount = 0, hitCount = 198, missCount = 1]
05:18:28.052 [Test worker] DEBUG org.springframework.test.context.support.AbstractDirtiesContextTestExecutionListener - After test class: context [DefaultTestContext@3c4b139d testClass = TagDaoImplTest, testInstance = [null], testMethod = [null], testException = [null], mergedContextConfiguration = [MergedContextConfiguration@226602e1 testClass = TagDaoImplTest, locations = '{}', classes = '{class com.epam.esm.configuration.DaoTestConfiguration}', contextInitializerClasses = '[]', activeProfiles = '{}', propertySourceLocations = '{}', propertySourceProperties = '{}', contextCustomizers = set[org.springframework.boot.test.autoconfigure.actuate.metrics.MetricsExportContextCustomizerFactory$DisableMetricExportContextCustomizer@5e04c722, org.springframework.boot.test.autoconfigure.properties.PropertyMappingContextCustomizer@0, org.springframework.boot.test.autoconfigure.web.servlet.WebDriverContextCustomizerFactory$Customizer@460ecfa8, org.springframework.boot.test.context.filter.ExcludeFilterContextCustomizer@1b165e5f, org.springframework.boot.test.json.DuplicateJsonObjectContextCustomizerFactory$DuplicateJsonObjectContextCustomizer@f93eaef, org.springframework.boot.test.mock.mockito.MockitoContextCustomizer@0], contextLoader = 'org.springframework.test.context.support.DelegatingSmartContextLoader', parent = [null]], attributes = map['org.springframework.test.context.event.ApplicationEventsTestExecutionListener.recordApplicationEvents' -> false]], class annotated with @DirtiesContext [false] with mode [null].
]]></system-out>
  <system-err><![CDATA[]]></system-err>
</testsuite>
