<?xml version="1.0" encoding="UTF-8"?>
<testsuite name="com.epam.esm.dao.impl.CertificateDaoImplTest" tests="5" skipped="0" failures="0" errors="0" timestamp="2021-11-06T01:29:02" hostname="RazorLTP" time="0.437">
  <properties/>
  <testcase name="loadByIdTest()" classname="com.epam.esm.dao.impl.CertificateDaoImplTest" time="0.224"/>
  <testcase name="loadAllTest()" classname="com.epam.esm.dao.impl.CertificateDaoImplTest" time="0.161"/>
  <testcase name="loadByNameTest()" classname="com.epam.esm.dao.impl.CertificateDaoImplTest" time="0.014"/>
  <testcase name="createTest()" classname="com.epam.esm.dao.impl.CertificateDaoImplTest" time="0.013"/>
  <testcase name="deleteTest()" classname="com.epam.esm.dao.impl.CertificateDaoImplTest" time="0.017"/>
  <system-out><![CDATA[04:29:00.863 [Test worker] DEBUG org.springframework.test.context.BootstrapUtils - Instantiating CacheAwareContextLoaderDelegate from class [org.springframework.test.context.cache.DefaultCacheAwareContextLoaderDelegate]
04:29:00.874 [Test worker] DEBUG org.springframework.test.context.BootstrapUtils - Instantiating BootstrapContext using constructor [public org.springframework.test.context.support.DefaultBootstrapContext(java.lang.Class,org.springframework.test.context.CacheAwareContextLoaderDelegate)]
04:29:00.895 [Test worker] DEBUG org.springframework.test.context.BootstrapUtils - Instantiating TestContextBootstrapper for test class [com.epam.esm.dao.impl.CertificateDaoImplTest] from class [org.springframework.test.context.support.DefaultTestContextBootstrapper]
04:29:00.910 [Test worker] DEBUG org.springframework.test.context.support.AbstractDelegatingSmartContextLoader - Delegating to AnnotationConfigContextLoader to process context configuration [ContextConfigurationAttributes@22cc66d0 declaringClass = 'com.epam.esm.dao.impl.CertificateDaoImplTest', classes = '{class com.epam.esm.configuration.DaoTestConfiguration}', locations = '{}', inheritLocations = true, initializers = '{}', inheritInitializers = true, name = [null], contextLoaderClass = 'org.springframework.test.context.ContextLoader'].
04:29:00.944 [Test worker] DEBUG org.springframework.test.context.support.ActiveProfilesUtils - Could not find an 'annotation declaring class' for annotation type [org.springframework.test.context.ActiveProfiles] and class [com.epam.esm.dao.impl.CertificateDaoImplTest]
04:29:00.945 [Test worker] DEBUG org.springframework.test.context.support.DefaultTestContextBootstrapper - @TestExecutionListeners is not present for class [com.epam.esm.dao.impl.CertificateDaoImplTest]: using defaults.
04:29:00.945 [Test worker] INFO org.springframework.test.context.support.DefaultTestContextBootstrapper - Loaded default TestExecutionListener class names from location [META-INF/spring.factories]: [org.springframework.boot.test.autoconfigure.restdocs.RestDocsTestExecutionListener, org.springframework.boot.test.autoconfigure.web.client.MockRestServiceServerResetTestExecutionListener, org.springframework.boot.test.autoconfigure.web.servlet.MockMvcPrintOnlyOnFailureTestExecutionListener, org.springframework.boot.test.autoconfigure.web.servlet.WebDriverTestExecutionListener, org.springframework.boot.test.autoconfigure.webservices.client.MockWebServiceServerTestExecutionListener, org.springframework.boot.test.mock.mockito.MockitoTestExecutionListener, org.springframework.boot.test.mock.mockito.ResetMocksTestExecutionListener, org.springframework.test.context.web.ServletTestExecutionListener, org.springframework.test.context.support.DirtiesContextBeforeModesTestExecutionListener, org.springframework.test.context.event.ApplicationEventsTestExecutionListener, org.springframework.test.context.support.DependencyInjectionTestExecutionListener, org.springframework.test.context.support.DirtiesContextTestExecutionListener, org.springframework.test.context.transaction.TransactionalTestExecutionListener, org.springframework.test.context.jdbc.SqlScriptsTestExecutionListener, org.springframework.test.context.event.EventPublishingTestExecutionListener]
04:29:00.951 [Test worker] DEBUG org.springframework.test.context.support.DefaultTestContextBootstrapper - Skipping candidate TestExecutionListener [org.springframework.test.context.web.ServletTestExecutionListener] due to a missing dependency. Specify custom listener classes or make the default listener classes and their required dependencies available. Offending class: [javax/servlet/ServletContext]
04:29:00.957 [Test worker] INFO org.springframework.test.context.support.DefaultTestContextBootstrapper - Using TestExecutionListeners: [org.springframework.test.context.support.DirtiesContextBeforeModesTestExecutionListener@43a9564d, org.springframework.test.context.event.ApplicationEventsTestExecutionListener@2ba80af4, org.springframework.boot.test.mock.mockito.MockitoTestExecutionListener@12f58f24, org.springframework.test.context.support.DependencyInjectionTestExecutionListener@ba5a6d3, org.springframework.test.context.support.DirtiesContextTestExecutionListener@2b792d4, org.springframework.test.context.transaction.TransactionalTestExecutionListener@6923d7dc, org.springframework.test.context.jdbc.SqlScriptsTestExecutionListener@5711e973, org.springframework.test.context.event.EventPublishingTestExecutionListener@71244e7c, org.springframework.boot.test.autoconfigure.restdocs.RestDocsTestExecutionListener@4f3b43be, org.springframework.boot.test.autoconfigure.web.client.MockRestServiceServerResetTestExecutionListener@3851f0b2, org.springframework.boot.test.autoconfigure.web.servlet.MockMvcPrintOnlyOnFailureTestExecutionListener@60d3dcba, org.springframework.boot.test.autoconfigure.web.servlet.WebDriverTestExecutionListener@33573972, org.springframework.boot.test.autoconfigure.webservices.client.MockWebServiceServerTestExecutionListener@2664aa15, org.springframework.boot.test.mock.mockito.ResetMocksTestExecutionListener@11071a0b]
04:29:00.958 [Test worker] DEBUG org.springframework.test.context.support.AbstractDirtiesContextTestExecutionListener - Before test class: context [DefaultTestContext@29934d06 testClass = CertificateDaoImplTest, testInstance = [null], testMethod = [null], testException = [null], mergedContextConfiguration = [MergedContextConfiguration@1d733d37 testClass = CertificateDaoImplTest, locations = '{}', classes = '{class com.epam.esm.configuration.DaoTestConfiguration}', contextInitializerClasses = '[]', activeProfiles = '{}', propertySourceLocations = '{}', propertySourceProperties = '{}', contextCustomizers = set[org.springframework.boot.test.autoconfigure.actuate.metrics.MetricsExportContextCustomizerFactory$DisableMetricExportContextCustomizer@491e42b4, org.springframework.boot.test.autoconfigure.properties.PropertyMappingContextCustomizer@0, org.springframework.boot.test.autoconfigure.web.servlet.WebDriverContextCustomizerFactory$Customizer@1970d49a, org.springframework.boot.test.context.filter.ExcludeFilterContextCustomizer@178e422e, org.springframework.boot.test.json.DuplicateJsonObjectContextCustomizerFactory$DuplicateJsonObjectContextCustomizer@1cf9c2c, org.springframework.boot.test.mock.mockito.MockitoContextCustomizer@0], contextLoader = 'org.springframework.test.context.support.DelegatingSmartContextLoader', parent = [null]], attributes = map[[empty]]], class annotated with @DirtiesContext [false] with mode [null].
04:29:00.969 [Test worker] DEBUG org.springframework.test.context.support.DependencyInjectionTestExecutionListener - Performing dependency injection for test context [[DefaultTestContext@29934d06 testClass = CertificateDaoImplTest, testInstance = com.epam.esm.dao.impl.CertificateDaoImplTest@ae25bce, testMethod = [null], testException = [null], mergedContextConfiguration = [MergedContextConfiguration@1d733d37 testClass = CertificateDaoImplTest, locations = '{}', classes = '{class com.epam.esm.configuration.DaoTestConfiguration}', contextInitializerClasses = '[]', activeProfiles = '{}', propertySourceLocations = '{}', propertySourceProperties = '{}', contextCustomizers = set[org.springframework.boot.test.autoconfigure.actuate.metrics.MetricsExportContextCustomizerFactory$DisableMetricExportContextCustomizer@491e42b4, org.springframework.boot.test.autoconfigure.properties.PropertyMappingContextCustomizer@0, org.springframework.boot.test.autoconfigure.web.servlet.WebDriverContextCustomizerFactory$Customizer@1970d49a, org.springframework.boot.test.context.filter.ExcludeFilterContextCustomizer@178e422e, org.springframework.boot.test.json.DuplicateJsonObjectContextCustomizerFactory$DuplicateJsonObjectContextCustomizer@1cf9c2c, org.springframework.boot.test.mock.mockito.MockitoContextCustomizer@0], contextLoader = 'org.springframework.test.context.support.DelegatingSmartContextLoader', parent = [null]], attributes = map['org.springframework.test.context.event.ApplicationEventsTestExecutionListener.recordApplicationEvents' -> false]]].
04:29:00.969 [Test worker] DEBUG org.springframework.test.context.support.AbstractDelegatingSmartContextLoader - Delegating to AnnotationConfigContextLoader to load context from [MergedContextConfiguration@1d733d37 testClass = CertificateDaoImplTest, locations = '{}', classes = '{class com.epam.esm.configuration.DaoTestConfiguration}', contextInitializerClasses = '[]', activeProfiles = '{}', propertySourceLocations = '{}', propertySourceProperties = '{}', contextCustomizers = set[org.springframework.boot.test.autoconfigure.actuate.metrics.MetricsExportContextCustomizerFactory$DisableMetricExportContextCustomizer@491e42b4, org.springframework.boot.test.autoconfigure.properties.PropertyMappingContextCustomizer@0, org.springframework.boot.test.autoconfigure.web.servlet.WebDriverContextCustomizerFactory$Customizer@1970d49a, org.springframework.boot.test.context.filter.ExcludeFilterContextCustomizer@178e422e, org.springframework.boot.test.json.DuplicateJsonObjectContextCustomizerFactory$DuplicateJsonObjectContextCustomizer@1cf9c2c, org.springframework.boot.test.mock.mockito.MockitoContextCustomizer@0], contextLoader = 'org.springframework.test.context.support.DelegatingSmartContextLoader', parent = [null]].
04:29:00.970 [Test worker] DEBUG org.springframework.test.context.support.AbstractGenericContextLoader - Loading ApplicationContext for merged context configuration [[MergedContextConfiguration@1d733d37 testClass = CertificateDaoImplTest, locations = '{}', classes = '{class com.epam.esm.configuration.DaoTestConfiguration}', contextInitializerClasses = '[]', activeProfiles = '{}', propertySourceLocations = '{}', propertySourceProperties = '{}', contextCustomizers = set[org.springframework.boot.test.autoconfigure.actuate.metrics.MetricsExportContextCustomizerFactory$DisableMetricExportContextCustomizer@491e42b4, org.springframework.boot.test.autoconfigure.properties.PropertyMappingContextCustomizer@0, org.springframework.boot.test.autoconfigure.web.servlet.WebDriverContextCustomizerFactory$Customizer@1970d49a, org.springframework.boot.test.context.filter.ExcludeFilterContextCustomizer@178e422e, org.springframework.boot.test.json.DuplicateJsonObjectContextCustomizerFactory$DuplicateJsonObjectContextCustomizer@1cf9c2c, org.springframework.boot.test.mock.mockito.MockitoContextCustomizer@0], contextLoader = 'org.springframework.test.context.support.DelegatingSmartContextLoader', parent = [null]]].
04:29:00.998 [Test worker] DEBUG org.springframework.core.env.StandardEnvironment - Activating profiles []
04:29:00.998 [Test worker] DEBUG org.springframework.test.context.support.AnnotationConfigContextLoader - Registering component classes: {class com.epam.esm.configuration.DaoTestConfiguration}
04:29:01.037 [Test worker] DEBUG org.springframework.context.support.GenericApplicationContext - Refreshing org.springframework.context.support.GenericApplicationContext@6bb2c5ee
04:29:01.048 [Test worker] DEBUG org.springframework.beans.factory.support.DefaultListableBeanFactory - Creating shared instance of singleton bean 'org.springframework.context.annotation.internalConfigurationAnnotationProcessor'
04:29:01.103 [Test worker] DEBUG org.springframework.context.annotation.ClassPathBeanDefinitionScanner - Identified candidate component class: file [/home/razor/Lab/task3/ThirdModule/dao/build/classes/java/main/com/epam/esm/configuration/DaoConfiguration.class]
04:29:01.104 [Test worker] DEBUG org.springframework.context.annotation.ClassPathBeanDefinitionScanner - Ignored because not a concrete top-level class: file [/home/razor/Lab/task3/ThirdModule/dao/build/classes/java/main/com/epam/esm/dao/CertificateDao.class]
04:29:01.105 [Test worker] DEBUG org.springframework.context.annotation.ClassPathBeanDefinitionScanner - Ignored because not a concrete top-level class: file [/home/razor/Lab/task3/ThirdModule/dao/build/classes/java/main/com/epam/esm/dao/OrderDao.class]
04:29:01.105 [Test worker] DEBUG org.springframework.context.annotation.ClassPathBeanDefinitionScanner - Ignored because not a concrete top-level class: file [/home/razor/Lab/task3/ThirdModule/dao/build/classes/java/main/com/epam/esm/dao/TagDao.class]
04:29:01.106 [Test worker] DEBUG org.springframework.context.annotation.ClassPathBeanDefinitionScanner - Ignored because not a concrete top-level class: file [/home/razor/Lab/task3/ThirdModule/dao/build/classes/java/main/com/epam/esm/dao/UserDao.class]
04:29:01.106 [Test worker] DEBUG org.springframework.context.annotation.ClassPathBeanDefinitionScanner - Identified candidate component class: file [/home/razor/Lab/task3/ThirdModule/dao/build/classes/java/main/com/epam/esm/dao/impl/CertificateDaoImpl.class]
04:29:01.106 [Test worker] DEBUG org.springframework.context.annotation.ClassPathBeanDefinitionScanner - Identified candidate component class: file [/home/razor/Lab/task3/ThirdModule/dao/build/classes/java/main/com/epam/esm/dao/impl/OrderDaoImpl.class]
04:29:01.107 [Test worker] DEBUG org.springframework.context.annotation.ClassPathBeanDefinitionScanner - Identified candidate component class: file [/home/razor/Lab/task3/ThirdModule/dao/build/classes/java/main/com/epam/esm/dao/impl/TagDaoImpl.class]
04:29:01.107 [Test worker] DEBUG org.springframework.context.annotation.ClassPathBeanDefinitionScanner - Identified candidate component class: file [/home/razor/Lab/task3/ThirdModule/dao/build/classes/java/main/com/epam/esm/dao/impl/UserDaoImpl.class]
04:29:01.219 [Test worker] DEBUG org.springframework.beans.factory.support.DefaultListableBeanFactory - Creating shared instance of singleton bean 'org.springframework.boot.test.mock.mockito.MockitoPostProcessor'
04:29:01.233 [Test worker] DEBUG org.springframework.beans.factory.support.DefaultListableBeanFactory - Creating shared instance of singleton bean 'org.springframework.context.event.internalEventListenerProcessor'
04:29:01.235 [Test worker] DEBUG org.springframework.beans.factory.support.DefaultListableBeanFactory - Creating shared instance of singleton bean 'org.springframework.context.event.internalEventListenerFactory'
04:29:01.235 [Test worker] DEBUG org.springframework.beans.factory.support.DefaultListableBeanFactory - Creating shared instance of singleton bean 'org.springframework.transaction.config.internalTransactionalEventListenerFactory'
04:29:01.237 [Test worker] DEBUG org.springframework.beans.factory.support.DefaultListableBeanFactory - Creating shared instance of singleton bean 'org.springframework.context.annotation.internalAutowiredAnnotationProcessor'
04:29:01.239 [Test worker] DEBUG org.springframework.beans.factory.support.DefaultListableBeanFactory - Creating shared instance of singleton bean 'org.springframework.context.annotation.internalCommonAnnotationProcessor'
04:29:01.242 [Test worker] DEBUG org.springframework.beans.factory.support.DefaultListableBeanFactory - Creating shared instance of singleton bean 'org.springframework.context.annotation.internalPersistenceAnnotationProcessor'
04:29:01.242 [Test worker] DEBUG org.springframework.beans.factory.support.DefaultListableBeanFactory - Creating shared instance of singleton bean 'org.springframework.boot.test.mock.mockito.MockitoPostProcessor$SpyPostProcessor'
04:29:01.243 [Test worker] DEBUG org.springframework.beans.factory.support.DefaultListableBeanFactory - Creating shared instance of singleton bean 'org.springframework.aop.config.internalAutoProxyCreator'
04:29:01.278 [Test worker] DEBUG org.springframework.beans.factory.support.DefaultListableBeanFactory - Creating shared instance of singleton bean 'entityManagerFactory'
04:29:01.278 [Test worker] DEBUG org.springframework.beans.factory.support.DefaultListableBeanFactory - Creating shared instance of singleton bean 'daoTestConfiguration'
04:29:01.283 [Test worker] DEBUG org.springframework.beans.factory.support.DefaultListableBeanFactory - Creating shared instance of singleton bean 'org.springframework.transaction.config.internalTransactionAdvisor'
04:29:01.283 [Test worker] DEBUG org.springframework.beans.factory.support.DefaultListableBeanFactory - Creating shared instance of singleton bean 'org.springframework.transaction.annotation.ProxyTransactionManagementConfiguration'
04:29:01.294 [Test worker] DEBUG org.springframework.beans.factory.support.DefaultListableBeanFactory - Creating shared instance of singleton bean 'transactionAttributeSource'
04:29:01.299 [Test worker] DEBUG org.springframework.beans.factory.support.DefaultListableBeanFactory - Creating shared instance of singleton bean 'transactionInterceptor'
04:29:01.299 [Test worker] DEBUG org.springframework.beans.factory.support.DefaultListableBeanFactory - Autowiring by type from bean name 'transactionInterceptor' via factory method to bean named 'transactionAttributeSource'
04:29:01.308 [Test worker] DEBUG org.springframework.beans.factory.support.DefaultListableBeanFactory - Autowiring by type from bean name 'org.springframework.transaction.config.internalTransactionAdvisor' via factory method to bean named 'transactionAttributeSource'
04:29:01.308 [Test worker] DEBUG org.springframework.beans.factory.support.DefaultListableBeanFactory - Autowiring by type from bean name 'org.springframework.transaction.config.internalTransactionAdvisor' via factory method to bean named 'transactionInterceptor'
04:29:01.329 [Test worker] DEBUG org.springframework.beans.factory.support.DefaultListableBeanFactory - Creating shared instance of singleton bean 'dataSource'
04:29:01.333 [Test worker] DEBUG org.springframework.jdbc.datasource.DriverManagerDataSource - Loaded JDBC driver: org.h2.Driver
04:29:01.396 [Test worker] DEBUG org.jboss.logging - Logging Provider: org.jboss.logging.Log4j2LoggerProvider
04:29:01.418 [Test worker] DEBUG org.springframework.orm.jpa.LocalContainerEntityManagerFactoryBean - Building JPA container EntityManagerFactory for persistence unit 'default'
04:29:01.432 [Test worker] DEBUG org.hibernate.jpa.internal.util.LogHelper - PersistenceUnitInfo [
	name: default
	persistence provider classname: null
	classloader: jdk.internal.loader.ClassLoaders$AppClassLoader@68de145
	excludeUnlistedClasses: true
	JTA datasource: null
	Non JTA datasource: org.springframework.jdbc.datasource.DriverManagerDataSource@4eae449f
	Transaction type: RESOURCE_LOCAL
	PU root URL: file:/home/razor/Lab/task3/ThirdModule/dao/build/classes/java/test/
	Shared Cache Mode: UNSPECIFIED
	Validation Mode: AUTO
	Jar files URLs []
	Managed classes names [
		com.epam.esm.model.entity.CertificateEntity
		com.epam.esm.model.entity.OrderEntity
		com.epam.esm.model.entity.TagEntity
		com.epam.esm.model.entity.UserEntity]
	Mapping files names []
	Properties []
04:29:01.443 [Test worker] DEBUG org.hibernate.integrator.internal.IntegratorServiceImpl - Adding Integrator [org.hibernate.cfg.beanvalidation.BeanValidationIntegrator].
04:29:01.444 [Test worker] DEBUG org.hibernate.integrator.internal.IntegratorServiceImpl - Adding Integrator [org.hibernate.secure.spi.JaccIntegrator].
04:29:01.447 [Test worker] DEBUG org.hibernate.integrator.internal.IntegratorServiceImpl - Adding Integrator [org.hibernate.cache.internal.CollectionCacheInvalidator].
04:29:01.475 [Test worker] INFO org.hibernate.Version - HHH000412: Hibernate ORM core version 5.4.32.Final
04:29:01.476 [Test worker] DEBUG org.hibernate.cfg.Environment - HHH000206: hibernate.properties not found
04:29:01.562 [Test worker] DEBUG org.hibernate.service.spi.ServiceBinding - Overriding existing service binding [org.hibernate.secure.spi.JaccService]
04:29:01.573 [Test worker] DEBUG org.hibernate.cache.internal.RegionFactoryInitiator - Cannot default RegionFactory based on registered strategies as `[]` RegionFactory strategies were registered
04:29:01.573 [Test worker] DEBUG org.hibernate.cache.internal.RegionFactoryInitiator - Cache region factory : org.hibernate.cache.internal.NoCachingRegionFactory
04:29:01.586 [Test worker] INFO org.hibernate.annotations.common.Version - HCANN000001: Hibernate Commons Annotations {5.1.2.Final}
04:29:01.607 [Test worker] DEBUG org.hibernate.type.BasicTypeRegistry - Adding type registration boolean -> org.hibernate.type.BooleanType@660a0387
04:29:01.608 [Test worker] DEBUG org.hibernate.type.BasicTypeRegistry - Adding type registration boolean -> org.hibernate.type.BooleanType@660a0387
04:29:01.608 [Test worker] DEBUG org.hibernate.type.BasicTypeRegistry - Adding type registration java.lang.Boolean -> org.hibernate.type.BooleanType@660a0387
04:29:01.608 [Test worker] DEBUG org.hibernate.type.BasicTypeRegistry - Adding type registration numeric_boolean -> org.hibernate.type.NumericBooleanType@140c433c
04:29:01.609 [Test worker] DEBUG org.hibernate.type.BasicTypeRegistry - Adding type registration true_false -> org.hibernate.type.TrueFalseType@33a3c878
04:29:01.609 [Test worker] DEBUG org.hibernate.type.BasicTypeRegistry - Adding type registration yes_no -> org.hibernate.type.YesNoType@187e3bc3
04:29:01.610 [Test worker] DEBUG org.hibernate.type.BasicTypeRegistry - Adding type registration byte -> org.hibernate.type.ByteType@51059791
04:29:01.611 [Test worker] DEBUG org.hibernate.type.BasicTypeRegistry - Adding type registration byte -> org.hibernate.type.ByteType@51059791
04:29:01.611 [Test worker] DEBUG org.hibernate.type.BasicTypeRegistry - Adding type registration java.lang.Byte -> org.hibernate.type.ByteType@51059791
04:29:01.611 [Test worker] DEBUG org.hibernate.type.BasicTypeRegistry - Adding type registration character -> org.hibernate.type.CharacterType@5b684bdc
04:29:01.612 [Test worker] DEBUG org.hibernate.type.BasicTypeRegistry - Adding type registration char -> org.hibernate.type.CharacterType@5b684bdc
04:29:01.612 [Test worker] DEBUG org.hibernate.type.BasicTypeRegistry - Adding type registration java.lang.Character -> org.hibernate.type.CharacterType@5b684bdc
04:29:01.613 [Test worker] DEBUG org.hibernate.type.BasicTypeRegistry - Adding type registration short -> org.hibernate.type.ShortType@3bf0f51c
04:29:01.613 [Test worker] DEBUG org.hibernate.type.BasicTypeRegistry - Adding type registration short -> org.hibernate.type.ShortType@3bf0f51c
04:29:01.613 [Test worker] DEBUG org.hibernate.type.BasicTypeRegistry - Adding type registration java.lang.Short -> org.hibernate.type.ShortType@3bf0f51c
04:29:01.614 [Test worker] DEBUG org.hibernate.type.BasicTypeRegistry - Adding type registration integer -> org.hibernate.type.IntegerType@f2b159c
04:29:01.614 [Test worker] DEBUG org.hibernate.type.BasicTypeRegistry - Adding type registration int -> org.hibernate.type.IntegerType@f2b159c
04:29:01.615 [Test worker] DEBUG org.hibernate.type.BasicTypeRegistry - Adding type registration java.lang.Integer -> org.hibernate.type.IntegerType@f2b159c
04:29:01.616 [Test worker] DEBUG org.hibernate.type.BasicTypeRegistry - Adding type registration long -> org.hibernate.type.LongType@65b54577
04:29:01.616 [Test worker] DEBUG org.hibernate.type.BasicTypeRegistry - Adding type registration long -> org.hibernate.type.LongType@65b54577
04:29:01.616 [Test worker] DEBUG org.hibernate.type.BasicTypeRegistry - Adding type registration java.lang.Long -> org.hibernate.type.LongType@65b54577
04:29:01.616 [Test worker] DEBUG org.hibernate.type.BasicTypeRegistry - Adding type registration float -> org.hibernate.type.FloatType@1348da8d
04:29:01.616 [Test worker] DEBUG org.hibernate.type.BasicTypeRegistry - Adding type registration float -> org.hibernate.type.FloatType@1348da8d
04:29:01.617 [Test worker] DEBUG org.hibernate.type.BasicTypeRegistry - Adding type registration java.lang.Float -> org.hibernate.type.FloatType@1348da8d
04:29:01.617 [Test worker] DEBUG org.hibernate.type.BasicTypeRegistry - Adding type registration double -> org.hibernate.type.DoubleType@180277b5
04:29:01.617 [Test worker] DEBUG org.hibernate.type.BasicTypeRegistry - Adding type registration double -> org.hibernate.type.DoubleType@180277b5
04:29:01.617 [Test worker] DEBUG org.hibernate.type.BasicTypeRegistry - Adding type registration java.lang.Double -> org.hibernate.type.DoubleType@180277b5
04:29:01.619 [Test worker] DEBUG org.hibernate.type.BasicTypeRegistry - Adding type registration big_decimal -> org.hibernate.type.BigDecimalType@69b085d7
04:29:01.619 [Test worker] DEBUG org.hibernate.type.BasicTypeRegistry - Adding type registration java.math.BigDecimal -> org.hibernate.type.BigDecimalType@69b085d7
04:29:01.620 [Test worker] DEBUG org.hibernate.type.BasicTypeRegistry - Adding type registration big_integer -> org.hibernate.type.BigIntegerType@713793f8
04:29:01.620 [Test worker] DEBUG org.hibernate.type.BasicTypeRegistry - Adding type registration java.math.BigInteger -> org.hibernate.type.BigIntegerType@713793f8
04:29:01.621 [Test worker] DEBUG org.hibernate.type.BasicTypeRegistry - Adding type registration string -> org.hibernate.type.StringType@304dba7
04:29:01.621 [Test worker] DEBUG org.hibernate.type.BasicTypeRegistry - Adding type registration java.lang.String -> org.hibernate.type.StringType@304dba7
04:29:01.622 [Test worker] DEBUG org.hibernate.type.BasicTypeRegistry - Adding type registration nstring -> org.hibernate.type.StringNVarcharType@6739d2b3
04:29:01.622 [Test worker] DEBUG org.hibernate.type.BasicTypeRegistry - Adding type registration ncharacter -> org.hibernate.type.CharacterNCharType@620b84a9
04:29:01.623 [Test worker] DEBUG org.hibernate.type.BasicTypeRegistry - Adding type registration url -> org.hibernate.type.UrlType@451901ff
04:29:01.623 [Test worker] DEBUG org.hibernate.type.BasicTypeRegistry - Adding type registration java.net.URL -> org.hibernate.type.UrlType@451901ff
04:29:01.624 [Test worker] DEBUG org.hibernate.type.BasicTypeRegistry - Adding type registration Duration -> org.hibernate.type.DurationType@580d919b
04:29:01.624 [Test worker] DEBUG org.hibernate.type.BasicTypeRegistry - Adding type registration java.time.Duration -> org.hibernate.type.DurationType@580d919b
04:29:01.631 [Test worker] DEBUG org.hibernate.type.BasicTypeRegistry - Adding type registration Instant -> org.hibernate.type.InstantType@22b228af
04:29:01.632 [Test worker] DEBUG org.hibernate.type.BasicTypeRegistry - Adding type registration java.time.Instant -> org.hibernate.type.InstantType@22b228af
04:29:01.633 [Test worker] DEBUG org.hibernate.type.BasicTypeRegistry - Adding type registration LocalDateTime -> org.hibernate.type.LocalDateTimeType@5ae3bfea
04:29:01.633 [Test worker] DEBUG org.hibernate.type.BasicTypeRegistry - Adding type registration java.time.LocalDateTime -> org.hibernate.type.LocalDateTimeType@5ae3bfea
04:29:01.634 [Test worker] DEBUG org.hibernate.type.BasicTypeRegistry - Adding type registration LocalDate -> org.hibernate.type.LocalDateType@65642338
04:29:01.635 [Test worker] DEBUG org.hibernate.type.BasicTypeRegistry - Adding type registration java.time.LocalDate -> org.hibernate.type.LocalDateType@65642338
04:29:01.636 [Test worker] DEBUG org.hibernate.type.BasicTypeRegistry - Adding type registration LocalTime -> org.hibernate.type.LocalTimeType@57b9684
04:29:01.636 [Test worker] DEBUG org.hibernate.type.BasicTypeRegistry - Adding type registration java.time.LocalTime -> org.hibernate.type.LocalTimeType@57b9684
04:29:01.637 [Test worker] DEBUG org.hibernate.type.BasicTypeRegistry - Adding type registration OffsetDateTime -> org.hibernate.type.OffsetDateTimeType@18ac911b
04:29:01.637 [Test worker] DEBUG org.hibernate.type.BasicTypeRegistry - Adding type registration java.time.OffsetDateTime -> org.hibernate.type.OffsetDateTimeType@18ac911b
04:29:01.638 [Test worker] DEBUG org.hibernate.type.BasicTypeRegistry - Adding type registration OffsetTime -> org.hibernate.type.OffsetTimeType@463b935c
04:29:01.638 [Test worker] DEBUG org.hibernate.type.BasicTypeRegistry - Adding type registration java.time.OffsetTime -> org.hibernate.type.OffsetTimeType@463b935c
04:29:01.640 [Test worker] DEBUG org.hibernate.type.BasicTypeRegistry - Adding type registration ZonedDateTime -> org.hibernate.type.ZonedDateTimeType@3bff3e36
04:29:01.640 [Test worker] DEBUG org.hibernate.type.BasicTypeRegistry - Adding type registration java.time.ZonedDateTime -> org.hibernate.type.ZonedDateTimeType@3bff3e36
04:29:01.641 [Test worker] DEBUG org.hibernate.type.BasicTypeRegistry - Adding type registration date -> org.hibernate.type.DateType@5bb67f67
04:29:01.641 [Test worker] DEBUG org.hibernate.type.BasicTypeRegistry - Adding type registration java.sql.Date -> org.hibernate.type.DateType@5bb67f67
04:29:01.642 [Test worker] DEBUG org.hibernate.type.BasicTypeRegistry - Adding type registration time -> org.hibernate.type.TimeType@558588a2
04:29:01.642 [Test worker] DEBUG org.hibernate.type.BasicTypeRegistry - Adding type registration java.sql.Time -> org.hibernate.type.TimeType@558588a2
04:29:01.643 [Test worker] DEBUG org.hibernate.type.BasicTypeRegistry - Adding type registration timestamp -> org.hibernate.type.TimestampType@31f967a5
04:29:01.643 [Test worker] DEBUG org.hibernate.type.BasicTypeRegistry - Adding type registration java.sql.Timestamp -> org.hibernate.type.TimestampType@31f967a5
04:29:01.643 [Test worker] DEBUG org.hibernate.type.BasicTypeRegistry - Adding type registration java.util.Date -> org.hibernate.type.TimestampType@31f967a5
04:29:01.644 [Test worker] DEBUG org.hibernate.type.BasicTypeRegistry - Adding type registration dbtimestamp -> org.hibernate.type.DbTimestampType@5ccef675
04:29:01.645 [Test worker] DEBUG org.hibernate.type.BasicTypeRegistry - Adding type registration calendar -> org.hibernate.type.CalendarType@2b7774d
04:29:01.645 [Test worker] DEBUG org.hibernate.type.BasicTypeRegistry - Adding type registration java.util.Calendar -> org.hibernate.type.CalendarType@2b7774d
04:29:01.645 [Test worker] DEBUG org.hibernate.type.BasicTypeRegistry - Adding type registration java.util.GregorianCalendar -> org.hibernate.type.CalendarType@2b7774d
04:29:01.646 [Test worker] DEBUG org.hibernate.type.BasicTypeRegistry - Adding type registration calendar_date -> org.hibernate.type.CalendarDateType@5f33c8b3
04:29:01.647 [Test worker] DEBUG org.hibernate.type.BasicTypeRegistry - Adding type registration calendar_time -> org.hibernate.type.CalendarTimeType@3738b8ea
04:29:01.647 [Test worker] DEBUG org.hibernate.type.BasicTypeRegistry - Adding type registration locale -> org.hibernate.type.LocaleType@3ea329bd
04:29:01.647 [Test worker] DEBUG org.hibernate.type.BasicTypeRegistry - Adding type registration java.util.Locale -> org.hibernate.type.LocaleType@3ea329bd
04:29:01.648 [Test worker] DEBUG org.hibernate.type.BasicTypeRegistry - Adding type registration currency -> org.hibernate.type.CurrencyType@5a196263
04:29:01.649 [Test worker] DEBUG org.hibernate.type.BasicTypeRegistry - Adding type registration java.util.Currency -> org.hibernate.type.CurrencyType@5a196263
04:29:01.650 [Test worker] DEBUG org.hibernate.type.BasicTypeRegistry - Adding type registration timezone -> org.hibernate.type.TimeZoneType@db6d334
04:29:01.650 [Test worker] DEBUG org.hibernate.type.BasicTypeRegistry - Adding type registration java.util.TimeZone -> org.hibernate.type.TimeZoneType@db6d334
04:29:01.650 [Test worker] DEBUG org.hibernate.type.BasicTypeRegistry - Adding type registration class -> org.hibernate.type.ClassType@53f26d4b
04:29:01.650 [Test worker] DEBUG org.hibernate.type.BasicTypeRegistry - Adding type registration java.lang.Class -> org.hibernate.type.ClassType@53f26d4b
04:29:01.651 [Test worker] DEBUG org.hibernate.type.BasicTypeRegistry - Adding type registration uuid-binary -> org.hibernate.type.UUIDBinaryType@46171975
04:29:01.651 [Test worker] DEBUG org.hibernate.type.BasicTypeRegistry - Adding type registration java.util.UUID -> org.hibernate.type.UUIDBinaryType@46171975
04:29:01.652 [Test worker] DEBUG org.hibernate.type.BasicTypeRegistry - Adding type registration uuid-char -> org.hibernate.type.UUIDCharType@2a0dc1a4
04:29:01.652 [Test worker] DEBUG org.hibernate.type.BasicTypeRegistry - Adding type registration binary -> org.hibernate.type.BinaryType@14ab6194
04:29:01.652 [Test worker] DEBUG org.hibernate.type.BasicTypeRegistry - Adding type registration byte[] -> org.hibernate.type.BinaryType@14ab6194
04:29:01.653 [Test worker] DEBUG org.hibernate.type.BasicTypeRegistry - Adding type registration [B -> org.hibernate.type.BinaryType@14ab6194
04:29:01.653 [Test worker] DEBUG org.hibernate.type.BasicTypeRegistry - Adding type registration wrapper-binary -> org.hibernate.type.WrapperBinaryType@9f549b4
04:29:01.654 [Test worker] DEBUG org.hibernate.type.BasicTypeRegistry - Adding type registration Byte[] -> org.hibernate.type.WrapperBinaryType@9f549b4
04:29:01.654 [Test worker] DEBUG org.hibernate.type.BasicTypeRegistry - Adding type registration [Ljava.lang.Byte; -> org.hibernate.type.WrapperBinaryType@9f549b4
04:29:01.655 [Test worker] DEBUG org.hibernate.type.BasicTypeRegistry - Adding type registration row_version -> org.hibernate.type.RowVersionType@7638e360
04:29:01.655 [Test worker] DEBUG org.hibernate.type.BasicTypeRegistry - Adding type registration image -> org.hibernate.type.ImageType@561a905c
04:29:01.656 [Test worker] DEBUG org.hibernate.type.BasicTypeRegistry - Adding type registration characters -> org.hibernate.type.CharArrayType@251f7943
04:29:01.656 [Test worker] DEBUG org.hibernate.type.BasicTypeRegistry - Adding type registration char[] -> org.hibernate.type.CharArrayType@251f7943
04:29:01.656 [Test worker] DEBUG org.hibernate.type.BasicTypeRegistry - Adding type registration [C -> org.hibernate.type.CharArrayType@251f7943
04:29:01.656 [Test worker] DEBUG org.hibernate.type.BasicTypeRegistry - Adding type registration wrapper-characters -> org.hibernate.type.CharacterArrayType@39594e85
04:29:01.657 [Test worker] DEBUG org.hibernate.type.BasicTypeRegistry - Adding type registration [Ljava.lang.Character; -> org.hibernate.type.CharacterArrayType@39594e85
04:29:01.657 [Test worker] DEBUG org.hibernate.type.BasicTypeRegistry - Adding type registration Character[] -> org.hibernate.type.CharacterArrayType@39594e85
04:29:01.657 [Test worker] DEBUG org.hibernate.type.BasicTypeRegistry - Adding type registration text -> org.hibernate.type.TextType@27c0c3f1
04:29:01.657 [Test worker] DEBUG org.hibernate.type.BasicTypeRegistry - Adding type registration ntext -> org.hibernate.type.NTextType@14eaa240
04:29:01.658 [Test worker] DEBUG org.hibernate.type.BasicTypeRegistry - Adding type registration blob -> org.hibernate.type.BlobType@3fab1ba
04:29:01.658 [Test worker] DEBUG org.hibernate.type.BasicTypeRegistry - Adding type registration java.sql.Blob -> org.hibernate.type.BlobType@3fab1ba
04:29:01.659 [Test worker] DEBUG org.hibernate.type.BasicTypeRegistry - Adding type registration materialized_blob -> org.hibernate.type.MaterializedBlobType@3fc7c79e
04:29:01.660 [Test worker] DEBUG org.hibernate.type.BasicTypeRegistry - Adding type registration clob -> org.hibernate.type.ClobType@2bc6f4fb
04:29:01.660 [Test worker] DEBUG org.hibernate.type.BasicTypeRegistry - Adding type registration java.sql.Clob -> org.hibernate.type.ClobType@2bc6f4fb
04:29:01.661 [Test worker] DEBUG org.hibernate.type.BasicTypeRegistry - Adding type registration nclob -> org.hibernate.type.NClobType@6aa3f13
04:29:01.661 [Test worker] DEBUG org.hibernate.type.BasicTypeRegistry - Adding type registration java.sql.NClob -> org.hibernate.type.NClobType@6aa3f13
04:29:01.661 [Test worker] DEBUG org.hibernate.type.BasicTypeRegistry - Adding type registration materialized_clob -> org.hibernate.type.MaterializedClobType@48687711
04:29:01.661 [Test worker] DEBUG org.hibernate.type.BasicTypeRegistry - Adding type registration materialized_nclob -> org.hibernate.type.MaterializedNClobType@5c0f5347
04:29:01.662 [Test worker] DEBUG org.hibernate.type.BasicTypeRegistry - Adding type registration serializable -> org.hibernate.type.SerializableType@4b0e6403
04:29:01.666 [Test worker] DEBUG org.hibernate.type.BasicTypeRegistry - Adding type registration object -> org.hibernate.type.ObjectType@4cb7b716
04:29:01.666 [Test worker] DEBUG org.hibernate.type.BasicTypeRegistry - Adding type registration java.lang.Object -> org.hibernate.type.ObjectType@4cb7b716
04:29:01.667 [Test worker] DEBUG org.hibernate.type.BasicTypeRegistry - Adding type registration imm_date -> org.hibernate.type.AdaptedImmutableType@11f33c74
04:29:01.667 [Test worker] DEBUG org.hibernate.type.BasicTypeRegistry - Adding type registration imm_time -> org.hibernate.type.AdaptedImmutableType@4affbbe9
04:29:01.667 [Test worker] DEBUG org.hibernate.type.BasicTypeRegistry - Adding type registration imm_timestamp -> org.hibernate.type.AdaptedImmutableType@3978168e
04:29:01.667 [Test worker] DEBUG org.hibernate.type.BasicTypeRegistry - Adding type registration imm_dbtimestamp -> org.hibernate.type.AdaptedImmutableType@303fd74d
04:29:01.668 [Test worker] DEBUG org.hibernate.type.BasicTypeRegistry - Adding type registration imm_calendar -> org.hibernate.type.AdaptedImmutableType@38a74da2
04:29:01.668 [Test worker] DEBUG org.hibernate.type.BasicTypeRegistry - Adding type registration imm_calendar_date -> org.hibernate.type.AdaptedImmutableType@f3099ac
04:29:01.668 [Test worker] DEBUG org.hibernate.type.BasicTypeRegistry - Adding type registration imm_binary -> org.hibernate.type.AdaptedImmutableType@768522a2
04:29:01.668 [Test worker] DEBUG org.hibernate.type.BasicTypeRegistry - Adding type registration imm_serializable -> org.hibernate.type.AdaptedImmutableType@384e0680
04:29:01.681 [Test worker] DEBUG org.hibernate.boot.internal.BootstrapContextImpl - Injecting JPA temp ClassLoader [org.springframework.instrument.classloading.SimpleThrowawayClassLoader@2c4792d5] into BootstrapContext; was [null]
04:29:01.681 [Test worker] DEBUG org.hibernate.boot.internal.ClassLoaderAccessImpl - ClassLoaderAccessImpl#injectTempClassLoader(org.springframework.instrument.classloading.SimpleThrowawayClassLoader@2c4792d5) [was null]
04:29:01.682 [Test worker] DEBUG org.hibernate.boot.internal.BootstrapContextImpl - Injecting ScanEnvironment [org.hibernate.jpa.boot.internal.StandardJpaScanEnvironmentImpl@14b0f6cc] into BootstrapContext; was [null]
04:29:01.682 [Test worker] DEBUG org.hibernate.boot.internal.BootstrapContextImpl - Injecting ScanOptions [org.hibernate.boot.archive.scan.internal.StandardScanOptions@65123631] into BootstrapContext; was [org.hibernate.boot.archive.scan.internal.StandardScanOptions@8d04937]
04:29:01.761 [Test worker] DEBUG org.hibernate.boot.internal.BootstrapContextImpl - Injecting JPA temp ClassLoader [null] into BootstrapContext; was [org.springframework.instrument.classloading.SimpleThrowawayClassLoader@2c4792d5]
04:29:01.761 [Test worker] DEBUG org.hibernate.boot.internal.ClassLoaderAccessImpl - ClassLoaderAccessImpl#injectTempClassLoader(null) [was org.springframework.instrument.classloading.SimpleThrowawayClassLoader@2c4792d5]
04:29:01.769 [Test worker] DEBUG org.hibernate.id.factory.internal.DefaultIdentifierGeneratorFactory - Registering IdentifierGenerator strategy [uuid2] -> [org.hibernate.id.UUIDGenerator]
04:29:01.769 [Test worker] DEBUG org.hibernate.id.factory.internal.DefaultIdentifierGeneratorFactory - Registering IdentifierGenerator strategy [guid] -> [org.hibernate.id.GUIDGenerator]
04:29:01.769 [Test worker] DEBUG org.hibernate.id.factory.internal.DefaultIdentifierGeneratorFactory - Registering IdentifierGenerator strategy [uuid] -> [org.hibernate.id.UUIDHexGenerator]
04:29:01.769 [Test worker] DEBUG org.hibernate.id.factory.internal.DefaultIdentifierGeneratorFactory - Registering IdentifierGenerator strategy [uuid.hex] -> [org.hibernate.id.UUIDHexGenerator]
04:29:01.770 [Test worker] DEBUG org.hibernate.id.factory.internal.DefaultIdentifierGeneratorFactory - Registering IdentifierGenerator strategy [assigned] -> [org.hibernate.id.Assigned]
04:29:01.770 [Test worker] DEBUG org.hibernate.id.factory.internal.DefaultIdentifierGeneratorFactory - Registering IdentifierGenerator strategy [identity] -> [org.hibernate.id.IdentityGenerator]
04:29:01.770 [Test worker] DEBUG org.hibernate.id.factory.internal.DefaultIdentifierGeneratorFactory - Registering IdentifierGenerator strategy [select] -> [org.hibernate.id.SelectGenerator]
04:29:01.771 [Test worker] DEBUG org.hibernate.id.factory.internal.DefaultIdentifierGeneratorFactory - Registering IdentifierGenerator strategy [sequence] -> [org.hibernate.id.enhanced.SequenceStyleGenerator]
04:29:01.772 [Test worker] DEBUG org.hibernate.id.factory.internal.DefaultIdentifierGeneratorFactory - Registering IdentifierGenerator strategy [seqhilo] -> [org.hibernate.id.SequenceHiLoGenerator]
04:29:01.772 [Test worker] DEBUG org.hibernate.id.factory.internal.DefaultIdentifierGeneratorFactory - Registering IdentifierGenerator strategy [increment] -> [org.hibernate.id.IncrementGenerator]
04:29:01.773 [Test worker] DEBUG org.hibernate.id.factory.internal.DefaultIdentifierGeneratorFactory - Registering IdentifierGenerator strategy [foreign] -> [org.hibernate.id.ForeignGenerator]
04:29:01.773 [Test worker] DEBUG org.hibernate.id.factory.internal.DefaultIdentifierGeneratorFactory - Registering IdentifierGenerator strategy [sequence-identity] -> [org.hibernate.id.SequenceIdentityGenerator]
04:29:01.773 [Test worker] DEBUG org.hibernate.id.factory.internal.DefaultIdentifierGeneratorFactory - Registering IdentifierGenerator strategy [enhanced-sequence] -> [org.hibernate.id.enhanced.SequenceStyleGenerator]
04:29:01.774 [Test worker] DEBUG org.hibernate.id.factory.internal.DefaultIdentifierGeneratorFactory - Registering IdentifierGenerator strategy [enhanced-table] -> [org.hibernate.id.enhanced.TableGenerator]
04:29:01.777 [Test worker] DEBUG org.springframework.jdbc.datasource.DriverManagerDataSource - Creating new JDBC DriverManager Connection to [jdbc:h2:mem:second;DB_CLOSE_DELAY=-1]
04:29:01.915 [Test worker] DEBUG org.hibernate.engine.jdbc.env.internal.JdbcEnvironmentInitiator - Database ->
       name : H2
    version : 1.4.200 (2019-10-14)
      major : 1
      minor : 4
04:29:01.915 [Test worker] DEBUG org.hibernate.engine.jdbc.env.internal.JdbcEnvironmentInitiator - Driver ->
       name : H2 JDBC Driver
    version : 1.4.200 (2019-10-14)
      major : 1
      minor : 4
04:29:01.915 [Test worker] DEBUG org.hibernate.engine.jdbc.env.internal.JdbcEnvironmentInitiator - JDBC version : 4.1
04:29:01.923 [Test worker] INFO org.hibernate.dialect.Dialect - HHH000400: Using dialect: org.hibernate.dialect.H2Dialect
04:29:01.953 [Test worker] DEBUG org.hibernate.engine.jdbc.env.spi.IdentifierHelperBuilder - JDBC driver metadata reported database stores quoted identifiers in neither upper, lower nor mixed case
04:29:01.978 [Test worker] DEBUG org.hibernate.boot.model.relational.Namespace - Created database namespace [logicalName=Name{catalog=null, schema=null}, physicalName=Name{catalog=null, schema=null}]
04:29:01.980 [Test worker] DEBUG org.hibernate.type.spi.TypeConfiguration$Scope - Scoping TypeConfiguration [org.hibernate.type.spi.TypeConfiguration@4b65788b] to MetadataBuildingContext [org.hibernate.boot.internal.MetadataBuildingContextRootImpl@1bd72a88]
04:29:02.017 [Test worker] DEBUG org.hibernate.cfg.AnnotationBinder - Binding entity from annotated class: com.epam.esm.model.entity.CertificateEntity
04:29:02.028 [Test worker] DEBUG org.hibernate.cfg.Ejb3Column - Binding column: Ejb3DiscriminatorColumn{logicalColumnName'DTYPE', discriminatorTypeName='string'}
04:29:02.031 [Test worker] DEBUG org.hibernate.cfg.annotations.EntityBinder - Import with entity name CertificateEntity
04:29:02.035 [Test worker] DEBUG org.hibernate.cfg.annotations.EntityBinder - Bind entity com.epam.esm.model.entity.CertificateEntity on table CertificateEntity
04:29:02.051 [Test worker] DEBUG org.hibernate.cfg.Ejb3Column - Binding column: Ejb3Column{table=org.hibernate.mapping.Table(CertificateEntity), mappingColumn=id, insertable=true, updatable=true, unique=false}
04:29:02.053 [Test worker] DEBUG org.hibernate.boot.internal.ClassLoaderAccessImpl - Not known whether passed class name [com.epam.esm.model.entity.CertificateEntity] is safe
04:29:02.053 [Test worker] DEBUG org.hibernate.boot.internal.ClassLoaderAccessImpl - No temp ClassLoader provided; using live ClassLoader for loading potentially unsafe class : com.epam.esm.model.entity.CertificateEntity
04:29:02.053 [Test worker] DEBUG org.hibernate.cfg.annotations.PropertyBinder - MetadataSourceProcessor property id with lazy=false
04:29:02.054 [Test worker] DEBUG org.hibernate.cfg.AbstractPropertyHolder - Attempting to locate auto-apply AttributeConverter for property [com.epam.esm.model.entity.CertificateEntity:id]
04:29:02.056 [Test worker] DEBUG org.hibernate.cfg.annotations.SimpleValueBinder - building SimpleValue for id
04:29:02.057 [Test worker] DEBUG org.hibernate.cfg.annotations.PropertyBinder - Building property id
04:29:02.059 [Test worker] DEBUG org.hibernate.cfg.BinderHelper - #makeIdGenerator(org.hibernate.mapping.SimpleValue([org.hibernate.mapping.Column(id)]), id, identity, , ...)
04:29:02.059 [Test worker] DEBUG org.hibernate.cfg.Ejb3Column - Binding column: Ejb3Column{table=org.hibernate.mapping.Table(CertificateEntity), mappingColumn=createDate, insertable=true, updatable=true, unique=false}
04:29:02.059 [Test worker] DEBUG org.hibernate.cfg.annotations.PropertyBinder - MetadataSourceProcessor property createDate with lazy=false
04:29:02.059 [Test worker] DEBUG org.hibernate.cfg.AbstractPropertyHolder - Attempting to locate auto-apply AttributeConverter for property [com.epam.esm.model.entity.CertificateEntity:createDate]
04:29:02.059 [Test worker] DEBUG org.hibernate.cfg.annotations.SimpleValueBinder - building SimpleValue for createDate
04:29:02.059 [Test worker] DEBUG org.hibernate.cfg.annotations.PropertyBinder - Building property createDate
04:29:02.060 [Test worker] DEBUG org.hibernate.cfg.Ejb3Column - Binding column: Ejb3Column{table=org.hibernate.mapping.Table(CertificateEntity), mappingColumn=description, insertable=true, updatable=true, unique=false}
04:29:02.060 [Test worker] DEBUG org.hibernate.cfg.annotations.PropertyBinder - MetadataSourceProcessor property description with lazy=false
04:29:02.060 [Test worker] DEBUG org.hibernate.cfg.AbstractPropertyHolder - Attempting to locate auto-apply AttributeConverter for property [com.epam.esm.model.entity.CertificateEntity:description]
04:29:02.060 [Test worker] DEBUG org.hibernate.cfg.annotations.SimpleValueBinder - building SimpleValue for description
04:29:02.060 [Test worker] DEBUG org.hibernate.cfg.annotations.PropertyBinder - Building property description
04:29:02.060 [Test worker] DEBUG org.hibernate.cfg.Ejb3Column - Binding column: Ejb3Column{table=org.hibernate.mapping.Table(CertificateEntity), mappingColumn=duration, insertable=true, updatable=true, unique=false}
04:29:02.060 [Test worker] DEBUG org.hibernate.cfg.annotations.PropertyBinder - MetadataSourceProcessor property duration with lazy=false
04:29:02.060 [Test worker] DEBUG org.hibernate.cfg.AbstractPropertyHolder - Attempting to locate auto-apply AttributeConverter for property [com.epam.esm.model.entity.CertificateEntity:duration]
04:29:02.060 [Test worker] DEBUG org.hibernate.cfg.annotations.SimpleValueBinder - building SimpleValue for duration
04:29:02.060 [Test worker] DEBUG org.hibernate.cfg.annotations.PropertyBinder - Building property duration
04:29:02.061 [Test worker] DEBUG org.hibernate.cfg.Ejb3Column - Binding column: Ejb3Column{table=org.hibernate.mapping.Table(CertificateEntity), mappingColumn=lastUpdateDate, insertable=true, updatable=true, unique=false}
04:29:02.061 [Test worker] DEBUG org.hibernate.cfg.annotations.PropertyBinder - MetadataSourceProcessor property lastUpdateDate with lazy=false
04:29:02.061 [Test worker] DEBUG org.hibernate.cfg.AbstractPropertyHolder - Attempting to locate auto-apply AttributeConverter for property [com.epam.esm.model.entity.CertificateEntity:lastUpdateDate]
04:29:02.061 [Test worker] DEBUG org.hibernate.cfg.annotations.SimpleValueBinder - building SimpleValue for lastUpdateDate
04:29:02.061 [Test worker] DEBUG org.hibernate.cfg.annotations.PropertyBinder - Building property lastUpdateDate
04:29:02.061 [Test worker] DEBUG org.hibernate.cfg.Ejb3Column - Binding column: Ejb3Column{table=org.hibernate.mapping.Table(CertificateEntity), mappingColumn=name, insertable=true, updatable=true, unique=true}
04:29:02.061 [Test worker] DEBUG org.hibernate.cfg.annotations.PropertyBinder - MetadataSourceProcessor property name with lazy=false
04:29:02.061 [Test worker] DEBUG org.hibernate.cfg.AbstractPropertyHolder - Attempting to locate auto-apply AttributeConverter for property [com.epam.esm.model.entity.CertificateEntity:name]
04:29:02.061 [Test worker] DEBUG org.hibernate.cfg.annotations.SimpleValueBinder - building SimpleValue for name
04:29:02.062 [Test worker] DEBUG org.hibernate.cfg.annotations.PropertyBinder - Building property name
04:29:02.062 [Test worker] DEBUG org.hibernate.cfg.Ejb3Column - Binding column: Ejb3Column{table=org.hibernate.mapping.Table(CertificateEntity), mappingColumn=price, insertable=true, updatable=true, unique=false}
04:29:02.062 [Test worker] DEBUG org.hibernate.cfg.annotations.PropertyBinder - MetadataSourceProcessor property price with lazy=false
04:29:02.062 [Test worker] DEBUG org.hibernate.cfg.AbstractPropertyHolder - Attempting to locate auto-apply AttributeConverter for property [com.epam.esm.model.entity.CertificateEntity:price]
04:29:02.062 [Test worker] DEBUG org.hibernate.cfg.annotations.SimpleValueBinder - building SimpleValue for price
04:29:02.062 [Test worker] DEBUG org.hibernate.cfg.annotations.PropertyBinder - Building property price
04:29:02.063 [Test worker] DEBUG org.hibernate.cfg.Ejb3Column - Binding column: Ejb3Column{table=org.hibernate.mapping.Table(CertificateEntity), mappingColumn=null, insertable=true, updatable=true, unique=false}
04:29:02.069 [Test worker] DEBUG org.hibernate.cfg.Ejb3Column - Binding column: Ejb3Column{table=org.hibernate.mapping.Table(CertificateEntity), mappingColumn=element, insertable=true, updatable=true, unique=false}
04:29:02.069 [Test worker] DEBUG org.hibernate.cfg.Ejb3Column - Binding column: Ejb3Column{table=org.hibernate.mapping.Table(CertificateEntity), mappingColumn=tagEntities_KEY, insertable=true, updatable=true, unique=false}
04:29:02.070 [Test worker] DEBUG org.hibernate.cfg.Ejb3Column - Binding column: Ejb3JoinColumn{logicalColumnName='tagEntities_KEY', referencedColumn='null', mappedBy='null'}
04:29:02.071 [Test worker] DEBUG org.hibernate.cfg.Ejb3Column - Binding column: Ejb3JoinColumn{logicalColumnName='null', referencedColumn='null', mappedBy=''}
04:29:02.071 [Test worker] DEBUG org.hibernate.cfg.Ejb3Column - Binding column: Ejb3JoinColumn{logicalColumnName='null', referencedColumn='null', mappedBy=''}
04:29:02.072 [Test worker] DEBUG org.hibernate.cfg.annotations.CollectionBinder - Collection role: com.epam.esm.model.entity.CertificateEntity.tagEntities
04:29:02.073 [Test worker] DEBUG org.hibernate.cfg.annotations.PropertyBinder - Building property tagEntities
04:29:02.074 [Test worker] DEBUG org.hibernate.cfg.AnnotationBinder - Binding entity from annotated class: com.epam.esm.model.entity.OrderEntity
04:29:02.075 [Test worker] DEBUG org.hibernate.cfg.Ejb3Column - Binding column: Ejb3DiscriminatorColumn{logicalColumnName'DTYPE', discriminatorTypeName='string'}
04:29:02.075 [Test worker] DEBUG org.hibernate.cfg.annotations.EntityBinder - Import with entity name OrderEntity
04:29:02.075 [Test worker] DEBUG org.hibernate.cfg.annotations.EntityBinder - Bind entity com.epam.esm.model.entity.OrderEntity on table OrderEntity
04:29:02.077 [Test worker] DEBUG org.hibernate.cfg.Ejb3Column - Binding column: Ejb3Column{table=org.hibernate.mapping.Table(OrderEntity), mappingColumn=id, insertable=true, updatable=true, unique=false}
04:29:02.077 [Test worker] DEBUG org.hibernate.boot.internal.ClassLoaderAccessImpl - Not known whether passed class name [com.epam.esm.model.entity.OrderEntity] is safe
04:29:02.077 [Test worker] DEBUG org.hibernate.boot.internal.ClassLoaderAccessImpl - No temp ClassLoader provided; using live ClassLoader for loading potentially unsafe class : com.epam.esm.model.entity.OrderEntity
04:29:02.077 [Test worker] DEBUG org.hibernate.cfg.annotations.PropertyBinder - MetadataSourceProcessor property id with lazy=false
04:29:02.077 [Test worker] DEBUG org.hibernate.cfg.AbstractPropertyHolder - Attempting to locate auto-apply AttributeConverter for property [com.epam.esm.model.entity.OrderEntity:id]
04:29:02.078 [Test worker] DEBUG org.hibernate.cfg.annotations.SimpleValueBinder - building SimpleValue for id
04:29:02.078 [Test worker] DEBUG org.hibernate.cfg.annotations.PropertyBinder - Building property id
04:29:02.078 [Test worker] DEBUG org.hibernate.cfg.BinderHelper - #makeIdGenerator(org.hibernate.mapping.SimpleValue([org.hibernate.mapping.Column(id)]), id, identity, , ...)
04:29:02.078 [Test worker] DEBUG org.hibernate.cfg.Ejb3Column - Binding column: Ejb3Column{table=org.hibernate.mapping.Table(OrderEntity), mappingColumn=null, insertable=true, updatable=true, unique=false}
04:29:02.078 [Test worker] DEBUG org.hibernate.cfg.Ejb3Column - Binding column: Ejb3Column{table=org.hibernate.mapping.Table(OrderEntity), mappingColumn=element, insertable=true, updatable=true, unique=false}
04:29:02.078 [Test worker] DEBUG org.hibernate.cfg.Ejb3Column - Binding column: Ejb3Column{table=org.hibernate.mapping.Table(OrderEntity), mappingColumn=certificateEntities_KEY, insertable=true, updatable=true, unique=false}
04:29:02.078 [Test worker] DEBUG org.hibernate.cfg.Ejb3Column - Binding column: Ejb3JoinColumn{logicalColumnName='certificateEntities_KEY', referencedColumn='null', mappedBy='null'}
04:29:02.078 [Test worker] DEBUG org.hibernate.cfg.Ejb3Column - Binding column: Ejb3JoinColumn{logicalColumnName='null', referencedColumn='null', mappedBy=''}
04:29:02.079 [Test worker] DEBUG org.hibernate.cfg.Ejb3Column - Binding column: Ejb3JoinColumn{logicalColumnName='null', referencedColumn='null', mappedBy=''}
04:29:02.079 [Test worker] DEBUG org.hibernate.cfg.annotations.CollectionBinder - Collection role: com.epam.esm.model.entity.OrderEntity.certificateEntities
04:29:02.079 [Test worker] DEBUG org.hibernate.cfg.annotations.PropertyBinder - Building property certificateEntities
04:29:02.079 [Test worker] DEBUG org.hibernate.cfg.Ejb3Column - Binding column: Ejb3JoinColumn{logicalColumnName='null', referencedColumn='null', mappedBy='null'}
04:29:02.079 [Test worker] DEBUG org.hibernate.cfg.Ejb3Column - Binding column: Ejb3Column{table=org.hibernate.mapping.Table(OrderEntity), mappingColumn=owner, insertable=true, updatable=true, unique=false}
04:29:02.081 [Test worker] DEBUG org.hibernate.cfg.annotations.PropertyBinder - Building property owner
04:29:02.081 [Test worker] DEBUG org.hibernate.cfg.Ejb3Column - Binding column: Ejb3Column{table=org.hibernate.mapping.Table(OrderEntity), mappingColumn=purchaseDate, insertable=true, updatable=true, unique=false}
04:29:02.081 [Test worker] DEBUG org.hibernate.cfg.annotations.PropertyBinder - MetadataSourceProcessor property purchaseDate with lazy=false
04:29:02.081 [Test worker] DEBUG org.hibernate.cfg.AbstractPropertyHolder - Attempting to locate auto-apply AttributeConverter for property [com.epam.esm.model.entity.OrderEntity:purchaseDate]
04:29:02.081 [Test worker] DEBUG org.hibernate.cfg.annotations.SimpleValueBinder - building SimpleValue for purchaseDate
04:29:02.081 [Test worker] DEBUG org.hibernate.cfg.annotations.PropertyBinder - Building property purchaseDate
04:29:02.081 [Test worker] DEBUG org.hibernate.cfg.Ejb3Column - Binding column: Ejb3Column{table=org.hibernate.mapping.Table(OrderEntity), mappingColumn=summary, insertable=true, updatable=true, unique=false}
04:29:02.081 [Test worker] DEBUG org.hibernate.cfg.annotations.PropertyBinder - MetadataSourceProcessor property summary with lazy=false
04:29:02.081 [Test worker] DEBUG org.hibernate.cfg.AbstractPropertyHolder - Attempting to locate auto-apply AttributeConverter for property [com.epam.esm.model.entity.OrderEntity:summary]
04:29:02.082 [Test worker] DEBUG org.hibernate.cfg.annotations.SimpleValueBinder - building SimpleValue for summary
04:29:02.082 [Test worker] DEBUG org.hibernate.cfg.annotations.PropertyBinder - Building property summary
04:29:02.082 [Test worker] DEBUG org.hibernate.cfg.AnnotationBinder - Binding entity from annotated class: com.epam.esm.model.entity.TagEntity
04:29:02.082 [Test worker] DEBUG org.hibernate.cfg.Ejb3Column - Binding column: Ejb3DiscriminatorColumn{logicalColumnName'DTYPE', discriminatorTypeName='string'}
04:29:02.082 [Test worker] DEBUG org.hibernate.cfg.annotations.EntityBinder - Import with entity name TagEntity
04:29:02.082 [Test worker] DEBUG org.hibernate.cfg.annotations.EntityBinder - Bind entity com.epam.esm.model.entity.TagEntity on table TagEntity
04:29:02.083 [Test worker] DEBUG org.hibernate.cfg.Ejb3Column - Binding column: Ejb3Column{table=org.hibernate.mapping.Table(TagEntity), mappingColumn=id, insertable=true, updatable=true, unique=false}
04:29:02.083 [Test worker] DEBUG org.hibernate.boot.internal.ClassLoaderAccessImpl - Not known whether passed class name [com.epam.esm.model.entity.TagEntity] is safe
04:29:02.083 [Test worker] DEBUG org.hibernate.boot.internal.ClassLoaderAccessImpl - No temp ClassLoader provided; using live ClassLoader for loading potentially unsafe class : com.epam.esm.model.entity.TagEntity
04:29:02.083 [Test worker] DEBUG org.hibernate.cfg.annotations.PropertyBinder - MetadataSourceProcessor property id with lazy=false
04:29:02.083 [Test worker] DEBUG org.hibernate.cfg.AbstractPropertyHolder - Attempting to locate auto-apply AttributeConverter for property [com.epam.esm.model.entity.TagEntity:id]
04:29:02.083 [Test worker] DEBUG org.hibernate.cfg.annotations.SimpleValueBinder - building SimpleValue for id
04:29:02.083 [Test worker] DEBUG org.hibernate.cfg.annotations.PropertyBinder - Building property id
04:29:02.084 [Test worker] DEBUG org.hibernate.cfg.BinderHelper - #makeIdGenerator(org.hibernate.mapping.SimpleValue([org.hibernate.mapping.Column(id)]), id, identity, , ...)
04:29:02.084 [Test worker] DEBUG org.hibernate.cfg.Ejb3Column - Binding column: Ejb3Column{table=org.hibernate.mapping.Table(TagEntity), mappingColumn=name, insertable=true, updatable=true, unique=true}
04:29:02.084 [Test worker] DEBUG org.hibernate.cfg.annotations.PropertyBinder - MetadataSourceProcessor property name with lazy=false
04:29:02.084 [Test worker] DEBUG org.hibernate.cfg.AbstractPropertyHolder - Attempting to locate auto-apply AttributeConverter for property [com.epam.esm.model.entity.TagEntity:name]
04:29:02.084 [Test worker] DEBUG org.hibernate.cfg.annotations.SimpleValueBinder - building SimpleValue for name
04:29:02.084 [Test worker] DEBUG org.hibernate.cfg.annotations.PropertyBinder - Building property name
04:29:02.084 [Test worker] DEBUG org.hibernate.cfg.AnnotationBinder - Binding entity from annotated class: com.epam.esm.model.entity.UserEntity
04:29:02.084 [Test worker] DEBUG org.hibernate.cfg.Ejb3Column - Binding column: Ejb3DiscriminatorColumn{logicalColumnName'DTYPE', discriminatorTypeName='string'}
04:29:02.084 [Test worker] DEBUG org.hibernate.cfg.annotations.EntityBinder - Import with entity name UserEntity
04:29:02.084 [Test worker] DEBUG org.hibernate.cfg.annotations.EntityBinder - Bind entity com.epam.esm.model.entity.UserEntity on table UserEntity
04:29:02.086 [Test worker] DEBUG org.hibernate.cfg.Ejb3Column - Binding column: Ejb3Column{table=org.hibernate.mapping.Table(UserEntity), mappingColumn=id, insertable=true, updatable=true, unique=false}
04:29:02.086 [Test worker] DEBUG org.hibernate.boot.internal.ClassLoaderAccessImpl - Not known whether passed class name [com.epam.esm.model.entity.UserEntity] is safe
04:29:02.086 [Test worker] DEBUG org.hibernate.boot.internal.ClassLoaderAccessImpl - No temp ClassLoader provided; using live ClassLoader for loading potentially unsafe class : com.epam.esm.model.entity.UserEntity
04:29:02.086 [Test worker] DEBUG org.hibernate.cfg.annotations.PropertyBinder - MetadataSourceProcessor property id with lazy=false
04:29:02.087 [Test worker] DEBUG org.hibernate.cfg.AbstractPropertyHolder - Attempting to locate auto-apply AttributeConverter for property [com.epam.esm.model.entity.UserEntity:id]
04:29:02.087 [Test worker] DEBUG org.hibernate.cfg.annotations.SimpleValueBinder - building SimpleValue for id
04:29:02.087 [Test worker] DEBUG org.hibernate.cfg.annotations.PropertyBinder - Building property id
04:29:02.087 [Test worker] DEBUG org.hibernate.cfg.BinderHelper - #makeIdGenerator(org.hibernate.mapping.SimpleValue([org.hibernate.mapping.Column(id)]), id, identity, , ...)
04:29:02.087 [Test worker] DEBUG org.hibernate.cfg.Ejb3Column - Binding column: Ejb3JoinColumn{logicalColumnName='null', referencedColumn='null', mappedBy='owner'}
04:29:02.087 [Test worker] DEBUG org.hibernate.cfg.Ejb3Column - Binding column: Ejb3Column{table=org.hibernate.mapping.Table(UserEntity), mappingColumn=orderEntities, insertable=true, updatable=true, unique=false}
04:29:02.087 [Test worker] DEBUG org.hibernate.cfg.Ejb3Column - Binding column: Ejb3Column{table=org.hibernate.mapping.Table(UserEntity), mappingColumn=null, insertable=true, updatable=true, unique=false}
04:29:02.087 [Test worker] DEBUG org.hibernate.cfg.Ejb3Column - Binding column: Ejb3Column{table=org.hibernate.mapping.Table(UserEntity), mappingColumn=element, insertable=true, updatable=true, unique=false}
04:29:02.088 [Test worker] DEBUG org.hibernate.cfg.Ejb3Column - Binding column: Ejb3Column{table=org.hibernate.mapping.Table(UserEntity), mappingColumn=orderEntities_KEY, insertable=true, updatable=true, unique=false}
04:29:02.088 [Test worker] DEBUG org.hibernate.cfg.Ejb3Column - Binding column: Ejb3JoinColumn{logicalColumnName='orderEntities_KEY', referencedColumn='null', mappedBy='null'}
04:29:02.088 [Test worker] DEBUG org.hibernate.cfg.Ejb3Column - Binding column: Ejb3JoinColumn{logicalColumnName='null', referencedColumn='null', mappedBy='owner'}
04:29:02.088 [Test worker] DEBUG org.hibernate.cfg.Ejb3Column - Binding column: Ejb3JoinColumn{logicalColumnName='null', referencedColumn='null', mappedBy='owner'}
04:29:02.088 [Test worker] DEBUG org.hibernate.cfg.annotations.CollectionBinder - Collection role: com.epam.esm.model.entity.UserEntity.orderEntities
04:29:02.088 [Test worker] DEBUG org.hibernate.cfg.annotations.PropertyBinder - Building property orderEntities
04:29:02.089 [Test worker] DEBUG org.hibernate.cfg.Ejb3Column - Binding column: Ejb3Column{table=org.hibernate.mapping.Table(UserEntity), mappingColumn=username, insertable=true, updatable=true, unique=false}
04:29:02.089 [Test worker] DEBUG org.hibernate.cfg.annotations.PropertyBinder - MetadataSourceProcessor property username with lazy=false
04:29:02.089 [Test worker] DEBUG org.hibernate.cfg.AbstractPropertyHolder - Attempting to locate auto-apply AttributeConverter for property [com.epam.esm.model.entity.UserEntity:username]
04:29:02.089 [Test worker] DEBUG org.hibernate.cfg.annotations.SimpleValueBinder - building SimpleValue for username
04:29:02.089 [Test worker] DEBUG org.hibernate.cfg.annotations.PropertyBinder - Building property username
04:29:02.090 [Test worker] DEBUG org.hibernate.cfg.annotations.SimpleValueBinder - Starting fillSimpleValue for id
04:29:02.090 [Test worker] DEBUG org.hibernate.cfg.annotations.SimpleValueBinder - Starting fillSimpleValue for createDate
04:29:02.090 [Test worker] DEBUG org.hibernate.cfg.annotations.SimpleValueBinder - Starting fillSimpleValue for description
04:29:02.090 [Test worker] DEBUG org.hibernate.cfg.annotations.SimpleValueBinder - Starting fillSimpleValue for duration
04:29:02.090 [Test worker] DEBUG org.hibernate.cfg.annotations.SimpleValueBinder - Starting fillSimpleValue for lastUpdateDate
04:29:02.090 [Test worker] DEBUG org.hibernate.cfg.annotations.SimpleValueBinder - Starting fillSimpleValue for name
04:29:02.090 [Test worker] DEBUG org.hibernate.cfg.annotations.SimpleValueBinder - Starting fillSimpleValue for price
04:29:02.090 [Test worker] DEBUG org.hibernate.cfg.annotations.SimpleValueBinder - Starting fillSimpleValue for id
04:29:02.090 [Test worker] DEBUG org.hibernate.cfg.annotations.SimpleValueBinder - Starting fillSimpleValue for purchaseDate
04:29:02.090 [Test worker] DEBUG org.hibernate.cfg.annotations.SimpleValueBinder - Starting fillSimpleValue for summary
04:29:02.090 [Test worker] DEBUG org.hibernate.cfg.annotations.SimpleValueBinder - Starting fillSimpleValue for id
04:29:02.091 [Test worker] DEBUG org.hibernate.cfg.annotations.SimpleValueBinder - Starting fillSimpleValue for name
04:29:02.091 [Test worker] DEBUG org.hibernate.cfg.annotations.SimpleValueBinder - Starting fillSimpleValue for id
04:29:02.091 [Test worker] DEBUG org.hibernate.cfg.annotations.SimpleValueBinder - Starting fillSimpleValue for username
04:29:02.094 [Test worker] DEBUG org.hibernate.mapping.PrimaryKey - Forcing column [id] to be non-null as it is part of the primary key for table [certificateentity]
04:29:02.094 [Test worker] DEBUG org.hibernate.mapping.PrimaryKey - Forcing column [id] to be non-null as it is part of the primary key for table [orderentity]
04:29:02.094 [Test worker] DEBUG org.hibernate.mapping.PrimaryKey - Forcing column [id] to be non-null as it is part of the primary key for table [tagentity]
04:29:02.094 [Test worker] DEBUG org.hibernate.mapping.PrimaryKey - Forcing column [id] to be non-null as it is part of the primary key for table [userentity]
04:29:02.094 [Test worker] DEBUG org.hibernate.cfg.CollectionSecondPass - Second pass for collection: com.epam.esm.model.entity.OrderEntity.certificateEntities
04:29:02.094 [Test worker] DEBUG org.hibernate.cfg.annotations.CollectionBinder - Binding as ManyToMany: com.epam.esm.model.entity.OrderEntity.certificateEntities
04:29:02.097 [Test worker] DEBUG org.hibernate.cfg.CollectionSecondPass - Mapped collection key: OrderEntity_id, element: certificateEntities_id
04:29:02.097 [Test worker] DEBUG org.hibernate.cfg.CollectionSecondPass - Second pass for collection: com.epam.esm.model.entity.CertificateEntity.tagEntities
04:29:02.097 [Test worker] DEBUG org.hibernate.cfg.annotations.CollectionBinder - Binding as ManyToMany: com.epam.esm.model.entity.CertificateEntity.tagEntities
04:29:02.097 [Test worker] DEBUG org.hibernate.cfg.CollectionSecondPass - Mapped collection key: CertificateEntity_id, element: tagEntities_id
04:29:02.097 [Test worker] DEBUG org.hibernate.cfg.CollectionSecondPass - Second pass for collection: com.epam.esm.model.entity.UserEntity.orderEntities
04:29:02.098 [Test worker] DEBUG org.hibernate.cfg.annotations.CollectionBinder - Binding a OneToMany: com.epam.esm.model.entity.UserEntity.orderEntities through a foreign key
04:29:02.098 [Test worker] DEBUG org.hibernate.cfg.annotations.CollectionBinder - Mapping collection: com.epam.esm.model.entity.UserEntity.orderEntities -> OrderEntity
04:29:02.098 [Test worker] DEBUG org.hibernate.cfg.annotations.TableBinder - Retrieving property com.epam.esm.model.entity.OrderEntity.owner
04:29:02.098 [Test worker] DEBUG org.hibernate.cfg.CollectionSecondPass - Mapped collection key: owner_id, one-to-many: com.epam.esm.model.entity.OrderEntity
04:29:02.098 [Test worker] DEBUG org.hibernate.boot.internal.InFlightMetadataCollectorImpl - Resolving reference to class: com.epam.esm.model.entity.TagEntity
04:29:02.100 [Test worker] DEBUG org.hibernate.boot.internal.InFlightMetadataCollectorImpl - Resolving reference to class: com.epam.esm.model.entity.CertificateEntity
04:29:02.100 [Test worker] DEBUG org.hibernate.boot.internal.InFlightMetadataCollectorImpl - Resolving reference to class: com.epam.esm.model.entity.UserEntity
04:29:02.101 [Test worker] DEBUG org.hibernate.boot.internal.InFlightMetadataCollectorImpl - Resolving reference to class: com.epam.esm.model.entity.CertificateEntity
04:29:02.101 [Test worker] DEBUG org.hibernate.boot.internal.InFlightMetadataCollectorImpl - Resolving reference to class: com.epam.esm.model.entity.OrderEntity
04:29:02.102 [Test worker] DEBUG org.hibernate.boot.internal.InFlightMetadataCollectorImpl - Resolving reference to class: com.epam.esm.model.entity.TagEntity
04:29:02.102 [Test worker] DEBUG org.hibernate.boot.internal.InFlightMetadataCollectorImpl - Resolving reference to class: com.epam.esm.model.entity.CertificateEntity
04:29:02.102 [Test worker] DEBUG org.hibernate.boot.internal.InFlightMetadataCollectorImpl - Resolving reference to class: com.epam.esm.model.entity.UserEntity
04:29:02.102 [Test worker] DEBUG org.hibernate.boot.internal.InFlightMetadataCollectorImpl - Resolving reference to class: com.epam.esm.model.entity.CertificateEntity
04:29:02.102 [Test worker] DEBUG org.hibernate.boot.internal.InFlightMetadataCollectorImpl - Resolving reference to class: com.epam.esm.model.entity.OrderEntity
04:29:02.124 [Test worker] DEBUG org.hibernate.internal.SessionFactoryImpl - Building session factory
04:29:02.125 [Test worker] DEBUG org.hibernate.cfg.Settings - SessionFactory name : null
04:29:02.125 [Test worker] DEBUG org.hibernate.cfg.Settings - Automatic flush during beforeCompletion(): enabled
04:29:02.125 [Test worker] DEBUG org.hibernate.cfg.Settings - Automatic session close at end of transaction: disabled
04:29:02.125 [Test worker] DEBUG org.hibernate.cfg.Settings - Statistics: enabled
04:29:02.125 [Test worker] DEBUG org.hibernate.cfg.Settings - Deleted entity synthetic identifier rollback: disabled
04:29:02.125 [Test worker] DEBUG org.hibernate.cfg.Settings - Default entity-mode: pojo
04:29:02.125 [Test worker] DEBUG org.hibernate.cfg.Settings - Check Nullability in Core (should be disabled when Bean Validation is on): enabled
04:29:02.125 [Test worker] DEBUG org.hibernate.cfg.Settings - Allow initialization of lazy state outside session : disabled
04:29:02.125 [Test worker] DEBUG org.hibernate.cfg.Settings - Using BatchFetchStyle : LEGACY
04:29:02.125 [Test worker] DEBUG org.hibernate.cfg.Settings - Default batch fetch size: -1
04:29:02.125 [Test worker] DEBUG org.hibernate.cfg.Settings - Maximum outer join fetch depth: null
04:29:02.125 [Test worker] DEBUG org.hibernate.cfg.Settings - Default null ordering: NONE
04:29:02.125 [Test worker] DEBUG org.hibernate.cfg.Settings - Order SQL updates by primary key: disabled
04:29:02.125 [Test worker] DEBUG org.hibernate.cfg.Settings - Order SQL inserts for batching: disabled
04:29:02.125 [Test worker] DEBUG org.hibernate.cfg.Settings - multi-tenancy strategy : NONE
04:29:02.125 [Test worker] DEBUG org.hibernate.cfg.Settings - JTA Track by Thread: enabled
04:29:02.126 [Test worker] DEBUG org.hibernate.cfg.Settings - Query language substitutions: {}
04:29:02.126 [Test worker] DEBUG org.hibernate.cfg.Settings - Named query checking : enabled
04:29:02.126 [Test worker] DEBUG org.hibernate.cfg.Settings - Second-level cache: disabled
04:29:02.126 [Test worker] DEBUG org.hibernate.cfg.Settings - Second-level query cache: disabled
04:29:02.126 [Test worker] DEBUG org.hibernate.cfg.Settings - Second-level query cache factory: null
04:29:02.126 [Test worker] DEBUG org.hibernate.cfg.Settings - Second-level cache region prefix: null
04:29:02.126 [Test worker] DEBUG org.hibernate.cfg.Settings - Optimize second-level cache for minimal puts: disabled
04:29:02.126 [Test worker] DEBUG org.hibernate.cfg.Settings - Structured second-level cache entries: disabled
04:29:02.126 [Test worker] DEBUG org.hibernate.cfg.Settings - Second-level cache direct-reference entries: disabled
04:29:02.126 [Test worker] DEBUG org.hibernate.cfg.Settings - Automatic eviction of collection cache: disabled
04:29:02.126 [Test worker] DEBUG org.hibernate.cfg.Settings - JDBC batch size: 15
04:29:02.126 [Test worker] DEBUG org.hibernate.cfg.Settings - JDBC batch updates for versioned data: enabled
04:29:02.126 [Test worker] DEBUG org.hibernate.cfg.Settings - Scrollable result sets: enabled
04:29:02.126 [Test worker] DEBUG org.hibernate.cfg.Settings - Wrap result sets: disabled
04:29:02.126 [Test worker] DEBUG org.hibernate.cfg.Settings - JDBC3 getGeneratedKeys(): enabled
04:29:02.126 [Test worker] DEBUG org.hibernate.cfg.Settings - JDBC result set fetch size: null
04:29:02.126 [Test worker] DEBUG org.hibernate.cfg.Settings - Connection release mode: ON_CLOSE
04:29:02.126 [Test worker] DEBUG org.hibernate.cfg.Settings - Generate SQL with comments: disabled
04:29:02.126 [Test worker] DEBUG org.hibernate.cfg.Settings - JPA compliance - query : disabled
04:29:02.126 [Test worker] DEBUG org.hibernate.cfg.Settings - JPA compliance - closed-handling : disabled
04:29:02.127 [Test worker] DEBUG org.hibernate.cfg.Settings - JPA compliance - lists : disabled
04:29:02.127 [Test worker] DEBUG org.hibernate.cfg.Settings - JPA compliance - transactions : disabled
04:29:02.172 [Test worker] DEBUG org.hibernate.internal.SessionFactoryImpl - Session factory constructed with filter configurations : {}
04:29:02.173 [Test worker] DEBUG org.hibernate.internal.SessionFactoryImpl - Instantiating session factory with properties: {java.specification.version=13, hibernate.connection.handling_mode=DELAYED_ACQUISITION_AND_HOLD, sun.jnu.encoding=UTF-8, hibernate.dialect=org.hibernate.dialect.H2Dialect, org.gradle.test.worker=25, java.class.path=/home/razor/.gradle/caches/7.1/workerMain/gradle-worker.jar:/home/razor/Lab/task3/ThirdModule/dao/build/classes/java/test:/home/razor/Lab/task3/ThirdModule/dao/build/resources/test:/home/razor/Lab/task3/ThirdModule/dao/build/classes/java/main:/home/razor/Lab/task3/ThirdModule/dao/build/resources/main:/home/razor/.gradle/caches/modules-2/files-2.1/mysql/mysql-connector-java/8.0.27/f1da9f10a3de6348725a413304aab6d0aa04f923/mysql-connector-java-8.0.27.jar:/home/razor/.gradle/caches/modules-2/files-2.1/org.projectlombok/lombok/1.18.20/18bcea7d5df4d49227b4a0743a536208ce4825bb/lombok-1.18.20.jar:/home/razor/.gradle/caches/modules-2/files-2.1/junit/junit/4.13.1/cdd00374f1fee76b11e2a9d127405aa3f6be5b6a/junit-4.13.1.jar:/home/razor/.gradle/caches/modules-2/files-2.1/org.springframework.boot/spring-boot-starter-data-jpa/2.5.6/8d7fe99c33e09390316749614d9795d80b49207b/spring-boot-starter-data-jpa-2.5.6.jar:/home/razor/.gradle/caches/modules-2/files-2.1/org.springframework.boot/spring-boot-starter-test/2.5.2/226e09262316b1ff101797346b2ca56432880353/spring-boot-starter-test-2.5.2.jar:/home/razor/.gradle/caches/modules-2/files-2.1/org.springframework.boot/spring-boot-starter-aop/2.5.2/1877448bb875154c2558e385f4590c648ada5f11/spring-boot-starter-aop-2.5.2.jar:/home/razor/.gradle/caches/modules-2/files-2.1/org.springframework.boot/spring-boot-starter-jdbc/2.5.2/de9142ad6a67d2ec7d58465ab8d2fcf759f24d25/spring-boot-starter-jdbc-2.5.2.jar:/home/razor/.gradle/caches/modules-2/files-2.1/org.springframework.boot/spring-boot-starter/2.5.2/5aa5345f60cd3fbca331c05015e0700553448d66/spring-boot-starter-2.5.2.jar:/home/razor/.gradle/caches/modules-2/files-2.1/com.h2database/h2/1.4.200/f7533fe7cb8e99c87a43d325a77b4b678ad9031a/h2-1.4.200.jar:/home/razor/.gradle/caches/modules-2/files-2.1/org.hamcrest/hamcrest-core/2.2/3f2bd07716a31c395e2837254f37f21f0f0ab24b/hamcrest-core-2.2.jar:/home/razor/.gradle/caches/modules-2/files-2.1/jakarta.transaction/jakarta.transaction-api/1.3.3/c4179d48720a1e87202115fbed6089bdc4195405/jakarta.transaction-api-1.3.3.jar:/home/razor/.gradle/caches/modules-2/files-2.1/jakarta.persistence/jakarta.persistence-api/2.2.3/8f6ea5daedc614f07a3654a455660145286f024e/jakarta.persistence-api-2.2.3.jar:/home/razor/.gradle/caches/modules-2/files-2.1/org.hibernate/hibernate-core/5.4.32.Final/99a5e10bf455337014c190e141ec631e9ff71663/hibernate-core-5.4.32.Final.jar:/home/razor/.gradle/caches/modules-2/files-2.1/org.springframework.data/spring-data-jpa/2.5.2/37a27171338da87485cdf66a40596195433d1db/spring-data-jpa-2.5.2.jar:/home/razor/.gradle/caches/modules-2/files-2.1/org.springframework/spring-aspects/5.3.8/863f531cc3ea9d82d391d17c8eb33732e7a864b6/spring-aspects-5.3.8.jar:/home/razor/.gradle/caches/modules-2/files-2.1/org.springframework.boot/spring-boot-test-autoconfigure/2.5.2/223f1311f59eecfd24980f9776bb39e1fef92c0e/spring-boot-test-autoconfigure-2.5.2.jar:/home/razor/.gradle/caches/modules-2/files-2.1/org.springframework.boot/spring-boot-autoconfigure/2.5.2/aa924c5d0d375f4b2b66f211704c24d40a7e647b/spring-boot-autoconfigure-2.5.2.jar:/home/razor/.gradle/caches/modules-2/files-2.1/org.springframework.boot/spring-boot-test/2.5.2/477509ac730e2fb8fe67c0d9f2d0bca21c4316df/spring-boot-test-2.5.2.jar:/home/razor/.gradle/caches/modules-2/files-2.1/org.springframework.boot/spring-boot/2.5.2/bd6dc87b5ad870dbf635d0c7d9a3006666c9e797/spring-boot-2.5.2.jar:/home/razor/.gradle/caches/modules-2/files-2.1/org.springframework.boot/spring-boot-starter-logging/2.5.2/8b94a1e350f68f8c3a7de6460e5691a84c8c157d/spring-boot-starter-logging-2.5.2.jar:/home/razor/.gradle/caches/modules-2/files-2.1/jakarta.annotation/jakarta.annotation-api/1.3.5/59eb84ee0d616332ff44aba065f3888cf002cd2d/jakarta.annotation-api-1.3.5.jar:/home/razor/.gradle/caches/modules-2/files-2.1/org.springframework/spring-test/5.3.8/4ce3ee7725d4ecd13b5c52d67bb0a76173f8a34d/spring-test-5.3.8.jar:/home/razor/.gradle/caches/modules-2/files-2.1/org.springframework/spring-context/5.3.8/c367a05423e963c222e38a6a88b97d44de3880ca/spring-context-5.3.8.jar:/home/razor/.gradle/caches/modules-2/files-2.1/org.springframework/spring-aop/5.3.8/1377f80f938b1fc7eabe9e6c4f6895e77e3bec40/spring-aop-5.3.8.jar:/home/razor/.gradle/caches/modules-2/files-2.1/org.springframework/spring-orm/5.3.8/bac8889d4621f2f47ee2b118ebbddf61dd299239/spring-orm-5.3.8.jar:/home/razor/.gradle/caches/modules-2/files-2.1/org.springframework/spring-jdbc/5.3.8/cf8b7a2be3565eed94f575ae640e22d9357c7dcd/spring-jdbc-5.3.8.jar:/home/razor/.gradle/caches/modules-2/files-2.1/org.springframework.data/spring-data-commons/2.5.2/25a00968c046736667e086ed9fd254f0e26e7ffc/spring-data-commons-2.5.2.jar:/home/razor/.gradle/caches/modules-2/files-2.1/org.springframework/spring-tx/5.3.8/3202859a7e9560110f1fe8284c28feb009c6f460/spring-tx-5.3.8.jar:/home/razor/.gradle/caches/modules-2/files-2.1/org.springframework/spring-beans/5.3.8/3d66fed1eebfcd119efcabc6218c813700a21ed/spring-beans-5.3.8.jar:/home/razor/.gradle/caches/modules-2/files-2.1/org.springframework/spring-expression/5.3.8/8a14547b76cbae3aeb02739e5b38e71835a6bbd8/spring-expression-5.3.8.jar:/home/razor/.gradle/caches/modules-2/files-2.1/org.springframework/spring-core/5.3.8/da9b87dacaa5bbf80fad0f7b483988372a00a152/spring-core-5.3.8.jar:/home/razor/.gradle/caches/modules-2/files-2.1/org.yaml/snakeyaml/1.28/7cae037c3014350c923776548e71c9feb7a69259/snakeyaml-1.28.jar:/home/razor/.gradle/caches/modules-2/files-2.1/com.jayway.jsonpath/json-path/2.5.0/c35ef29095125b51638d19120f63e2b56eff20e9/json-path-2.5.0.jar:/home/razor/.gradle/caches/modules-2/files-2.1/org.glassfish.jaxb/jaxb-runtime/2.3.4/5f3828d3a345ff3d8acb83f07ba04eccf59e15bb/jaxb-runtime-2.3.4.jar:/home/razor/.gradle/caches/modules-2/files-2.1/jakarta.xml.bind/jakarta.xml.bind-api/2.3.3/48e3b9cfc10752fba3521d6511f4165bea951801/jakarta.xml.bind-api-2.3.3.jar:/home/razor/.gradle/caches/modules-2/files-2.1/org.assertj/assertj-core/3.19.0/f64cb5690b85e68d5e1e6c6152bfb6e3840a452d/assertj-core-3.19.0.jar:/home/razor/.gradle/caches/modules-2/files-2.1/org.hamcrest/hamcrest/2.2/1820c0968dba3a11a1b30669bb1f01978a91dedc/hamcrest-2.2.jar:/home/razor/.gradle/caches/modules-2/files-2.1/org.mockito/mockito-junit-jupiter/3.9.0/871745ab6af5a269411ea3c1f99ced82ed079436/mockito-junit-jupiter-3.9.0.jar:/home/razor/.gradle/caches/modules-2/files-2.1/org.junit.jupiter/junit-jupiter-params/5.7.2/685f832f8c54dd40100f646d61aca88ed9545421/junit-jupiter-params-5.7.2.jar:/home/razor/.gradle/caches/modules-2/files-2.1/org.junit.jupiter/junit-jupiter-engine/5.7.2/9415680a889f00b8205a094c5c487bc69dc7077d/junit-jupiter-engine-5.7.2.jar:/home/razor/.gradle/caches/modules-2/files-2.1/org.junit.jupiter/junit-jupiter-api/5.7.2/f4b4079732a9c537983324cfa4e46655f21d2c56/junit-jupiter-api-5.7.2.jar:/home/razor/.gradle/caches/modules-2/files-2.1/org.junit.platform/junit-platform-engine/1.7.2/2573770b46b8a199ed5f6b0f96fb99e468bfe891/junit-platform-engine-1.7.2.jar:/home/razor/.gradle/caches/modules-2/files-2.1/org.junit.platform/junit-platform-commons/1.7.2/34adfea6c13fc4a996cf38cdad80800ce850d198/junit-platform-commons-1.7.2.jar:/home/razor/.gradle/caches/modules-2/files-2.1/org.junit.jupiter/junit-jupiter/5.7.2/62faa742964a9d8dab8fdb4a0eab7b01441c171f/junit-jupiter-5.7.2.jar:/home/razor/.gradle/caches/modules-2/files-2.1/org.mockito/mockito-core/3.9.0/b7573430aea743b26434b44f4f46272af613e660/mockito-core-3.9.0.jar:/home/razor/.gradle/caches/modules-2/files-2.1/org.skyscreamer/jsonassert/1.5.0/6c9d5fe2f59da598d9aefc1cfc6528ff3cf32df3/jsonassert-1.5.0.jar:/home/razor/.gradle/caches/modules-2/files-2.1/org.xmlunit/xmlunit-core/2.8.2/8e4e46b87afaaf9b6cfb8de778e473cf7aeb087f/xmlunit-core-2.8.2.jar:/home/razor/.gradle/caches/modules-2/files-2.1/org.aspectj/aspectjweaver/1.9.6/ee3b73aa16df35179255f17354d9dfd8e7822835/aspectjweaver-1.9.6.jar:/home/razor/.gradle/caches/modules-2/files-2.1/com.zaxxer/HikariCP/4.0.3/107cbdf0db6780a065f895ae9d8fbf3bb0e1c21f/HikariCP-4.0.3.jar:/home/razor/.gradle/caches/modules-2/files-2.1/org.hibernate.common/hibernate-commons-annotations/5.1.2.Final/e59ffdbc6ad09eeb33507b39ffcf287679a498c8/hibernate-commons-annotations-5.1.2.Final.jar:/home/razor/.gradle/caches/modules-2/files-2.1/org.jboss.logging/jboss-logging/3.4.2.Final/e517b8a93dd9962ed5481345e4d262fdd47c4217/jboss-logging-3.4.2.Final.jar:/home/razor/.gradle/caches/modules-2/files-2.1/org.javassist/javassist/3.27.0-GA/f63e6aa899e15eca8fdaa402a79af4c417252213/javassist-3.27.0-GA.jar:/home/razor/.gradle/caches/modules-2/files-2.1/net.bytebuddy/byte-buddy/1.10.22/ef45d7e2cd1c600d279704f492ed5ce2ceb6cdb5/byte-buddy-1.10.22.jar:/home/razor/.gradle/caches/modules-2/files-2.1/antlr/antlr/2.7.7/83cd2cd674a217ade95a4bb83a8a14f351f48bd0/antlr-2.7.7.jar:/home/razor/.gradle/caches/modules-2/files-2.1/org.jboss/jandex/2.2.3.Final/d3865101f0666b63586683bd811d754517f331ab/jandex-2.2.3.Final.jar:/home/razor/.gradle/caches/modules-2/files-2.1/com.fasterxml/classmate/1.5.1/3fe0bed568c62df5e89f4f174c101eab25345b6c/classmate-1.5.1.jar:/home/razor/.gradle/caches/modules-2/files-2.1/org.dom4j/dom4j/2.1.3/a75914155a9f5808963170ec20653668a2ffd2fd/dom4j-2.1.3.jar:/home/razor/.gradle/caches/modules-2/files-2.1/ch.qos.logback/logback-classic/1.2.3/7c4f3c474fb2c041d8028740440937705ebb473a/logback-classic-1.2.3.jar:/home/razor/.gradle/caches/modules-2/files-2.1/org.apache.logging.log4j/log4j-to-slf4j/2.14.1/ce8a86a3f50a4304749828ce68e7478cafbc8039/log4j-to-slf4j-2.14.1.jar:/home/razor/.gradle/caches/modules-2/files-2.1/org.slf4j/jul-to-slf4j/1.7.31/f9ff62d83a25a94c1619de06d4015e2797bc849c/jul-to-slf4j-1.7.31.jar:/home/razor/.gradle/caches/modules-2/files-2.1/org.slf4j/slf4j-api/1.7.31/9545c9cb71de4c18d97a91e32ef0be6f3f6661b7/slf4j-api-1.7.31.jar:/home/razor/.gradle/caches/modules-2/files-2.1/org.springframework/spring-jcl/5.3.8/a143c8618eb2be8674c3cf132d9a5c953bb5488/spring-jcl-5.3.8.jar:/home/razor/.gradle/caches/modules-2/files-2.1/net.minidev/json-smart/2.4.7/8d7f4c1530c07c54930935f3da85f48b83b3c109/json-smart-2.4.7.jar:/home/razor/.gradle/caches/modules-2/files-2.1/jakarta.activation/jakarta.activation-api/1.2.2/99f53adba383cb1bf7c3862844488574b559621f/jakarta.activation-api-1.2.2.jar:/home/razor/.gradle/caches/modules-2/files-2.1/net.bytebuddy/byte-buddy-agent/1.10.22/b01df6b71a882b9fde5a608a26e641cd399a4d83/byte-buddy-agent-1.10.22.jar:/home/razor/.gradle/caches/modules-2/files-2.1/org.objenesis/objenesis/3.2/7fadf57620c8b8abdf7519533e5527367cb51f09/objenesis-3.2.jar:/home/razor/.gradle/caches/modules-2/files-2.1/com.vaadin.external.google/android-json/0.0.20131108.vaadin1/fa26d351fe62a6a17f5cda1287c1c6110dec413f/android-json-0.0.20131108.vaadin1.jar:/home/razor/.gradle/caches/modules-2/files-2.1/org.glassfish.jaxb/txw2/2.3.4/257fa649d3137a1060d222aefb96b7d1dd5f1286/txw2-2.3.4.jar:/home/razor/.gradle/caches/modules-2/files-2.1/com.sun.istack/istack-commons-runtime/3.0.12/cbbe1a62b0cc6c85972e99d52aaee350153dc530/istack-commons-runtime-3.0.12.jar:/home/razor/.gradle/caches/modules-2/files-2.1/com.sun.activation/jakarta.activation/1.2.2/74548703f9851017ce2f556066659438019e7eb5/jakarta.activation-1.2.2.jar:/home/razor/.gradle/caches/modules-2/files-2.1/ch.qos.logback/logback-core/1.2.3/864344400c3d4d92dfeb0a305dc87d953677c03c/logback-core-1.2.3.jar:/home/razor/.gradle/caches/modules-2/files-2.1/org.apache.logging.log4j/log4j-api/2.14.1/cd8858fbbde69f46bce8db1152c18a43328aae78/log4j-api-2.14.1.jar:/home/razor/.gradle/caches/modules-2/files-2.1/net.minidev/accessors-smart/2.4.7/3970cfc505e6657ca60f3aa57c849f6043000d7a/accessors-smart-2.4.7.jar:/home/razor/.gradle/caches/modules-2/files-2.1/org.apiguardian/apiguardian-api/1.1.0/fc9dff4bb36d627bdc553de77e1f17efd790876c/apiguardian-api-1.1.0.jar:/home/razor/.gradle/caches/modules-2/files-2.1/org.opentest4j/opentest4j/1.2.0/28c11eb91f9b6d8e200631d46e20a7f407f2a046/opentest4j-1.2.0.jar:/home/razor/.gradle/caches/modules-2/files-2.1/org.ow2.asm/asm/9.1/a99500cf6eea30535eeac6be73899d048f8d12a8/asm-9.1.jar, java.vm.vendor=Private Build, sun.arch.data.model=64, user.variant=, java.vendor.url=Unknown, user.timezone=Europe/Minsk, java.vm.specification.version=13, os.name=Linux, hibernate.generate_statistics=true, javax.persistence.validation.mode=AUTO, user.country=US, sun.java.launcher=SUN_STANDARD, sun.boot.library.path=/usr/lib/jvm/java-13-openjdk-amd64/lib, sun.java.command=worker.org.gradle.process.internal.worker.GradleWorkerMain 'Gradle Test Executor 25', javax.persistence.nonJtaDataSource=org.springframework.jdbc.datasource.DriverManagerDataSource@4eae449f, javax.persistence.sharedCache.mode=UNSPECIFIED, jdk.debug=release, sun.cpu.endian=little, user.home=/home/razor, user.language=en, java.specification.vendor=Oracle Corporation, org.gradle.native=false, java.version.date=2021-04-20, java.home=/usr/lib/jvm/java-13-openjdk-amd64, file.separator=/, java.vm.compressedOopsMode=32-bit, line.separator=
, java.vm.specification.vendor=Oracle Corporation, java.specification.name=Java Platform API Specification, hibernate.transaction.coordinator_class=class org.hibernate.resource.transaction.backend.jdbc.internal.JdbcResourceLocalTransactionCoordinatorBuilderImpl, hibernate.hbm2ddl.auto=update, sun.management.compiler=HotSpot 64-Bit Tiered Compilers, java.runtime.version=13.0.7+5-Ubuntu-0ubuntu120.04, user.name=razor, path.separator=:, os.version=5.4.0-89-generic, java.runtime.name=OpenJDK Runtime Environment, file.encoding=UTF-8, hibernate.ejb.persistenceUnitName=default, java.vm.name=OpenJDK 64-Bit Server VM, hibernate.show_sql=true, java.vendor.url.bug=Unknown, java.io.tmpdir=/tmp, java.version=13.0.7, user.dir=/home/razor/Lab/task3/ThirdModule/dao, os.arch=amd64, java.vm.specification.name=Java Virtual Machine Specification, org.gradle.internal.worker.tmpdir=/home/razor/Lab/task3/ThirdModule/dao/build/tmp/test/work, hibernate.boot.CfgXmlAccessService.key=org.hibernate.boot.registry.StandardServiceRegistryBuilder$1@e280902, java.library.path=/usr/java/packages/lib:/usr/lib/x86_64-linux-gnu/jni:/lib/x86_64-linux-gnu:/usr/lib/x86_64-linux-gnu:/usr/lib/jni:/lib:/usr/lib, java.vendor=Private Build, java.vm.info=mixed mode, java.vm.version=13.0.7+5-Ubuntu-0ubuntu120.04, hibernate.bytecode.use_reflection_optimizer=false, sun.io.unicode.encoding=UnicodeLittle, hibernate.connection.datasource=org.springframework.jdbc.datasource.DriverManagerDataSource@4eae449f, java.class.version=57.0}
04:29:02.182 [Test worker] DEBUG org.hibernate.secure.spi.JaccIntegrator - Skipping JACC integration as it was not enabled
04:29:02.183 [Test worker] DEBUG org.hibernate.internal.SessionFactoryImpl - Instantiated session factory
04:29:02.183 [Test worker] DEBUG org.hibernate.type.spi.TypeConfiguration$Scope - Scoping TypeConfiguration [org.hibernate.type.spi.TypeConfiguration@4b65788b] to SessionFactoryImpl [org.hibernate.internal.SessionFactoryImpl@6a75fc47]
04:29:02.218 [Test worker] DEBUG org.hibernate.boot.internal.ClassLoaderAccessImpl - Not known whether passed class name [com.epam.esm.model.entity.CertificateEntity] is safe
04:29:02.218 [Test worker] DEBUG org.hibernate.boot.internal.ClassLoaderAccessImpl - No temp ClassLoader provided; using live ClassLoader for loading potentially unsafe class : com.epam.esm.model.entity.CertificateEntity
04:29:02.369 [Test worker] DEBUG org.hibernate.boot.internal.ClassLoaderAccessImpl - Not known whether passed class name [com.epam.esm.model.entity.TagEntity] is safe
04:29:02.369 [Test worker] DEBUG org.hibernate.boot.internal.ClassLoaderAccessImpl - No temp ClassLoader provided; using live ClassLoader for loading potentially unsafe class : com.epam.esm.model.entity.TagEntity
04:29:02.378 [Test worker] DEBUG org.hibernate.boot.internal.ClassLoaderAccessImpl - Not known whether passed class name [com.epam.esm.model.entity.UserEntity] is safe
04:29:02.378 [Test worker] DEBUG org.hibernate.boot.internal.ClassLoaderAccessImpl - No temp ClassLoader provided; using live ClassLoader for loading potentially unsafe class : com.epam.esm.model.entity.UserEntity
04:29:02.389 [Test worker] DEBUG org.hibernate.boot.internal.ClassLoaderAccessImpl - Not known whether passed class name [com.epam.esm.model.entity.OrderEntity] is safe
04:29:02.389 [Test worker] DEBUG org.hibernate.boot.internal.ClassLoaderAccessImpl - No temp ClassLoader provided; using live ClassLoader for loading potentially unsafe class : com.epam.esm.model.entity.OrderEntity
04:29:02.409 [Test worker] DEBUG org.hibernate.persister.collection.AbstractCollectionPersister - Static SQL for collection: com.epam.esm.model.entity.OrderEntity.certificateEntities
04:29:02.409 [Test worker] DEBUG org.hibernate.persister.collection.AbstractCollectionPersister -  Row insert: insert into OrderEntity_CertificateEntity (OrderEntity_id, certificateEntities_id) values (?, ?)
04:29:02.409 [Test worker] DEBUG org.hibernate.persister.collection.AbstractCollectionPersister -  Row update: update OrderEntity_CertificateEntity set certificateEntities_id=? where OrderEntity_id=? and certificateEntities_id=?
04:29:02.409 [Test worker] DEBUG org.hibernate.persister.collection.AbstractCollectionPersister -  Row delete: delete from OrderEntity_CertificateEntity where OrderEntity_id=? and certificateEntities_id=?
04:29:02.409 [Test worker] DEBUG org.hibernate.persister.collection.AbstractCollectionPersister -  One-shot delete: delete from OrderEntity_CertificateEntity where OrderEntity_id=?
04:29:02.409 [Test worker] DEBUG org.hibernate.persister.collection.AbstractCollectionPersister - Static SQL for collection: com.epam.esm.model.entity.CertificateEntity.tagEntities
04:29:02.410 [Test worker] DEBUG org.hibernate.persister.collection.AbstractCollectionPersister -  Row insert: insert into CertificateEntity_TagEntity (CertificateEntity_id, tagEntities_id) values (?, ?)
04:29:02.410 [Test worker] DEBUG org.hibernate.persister.collection.AbstractCollectionPersister -  Row update: update CertificateEntity_TagEntity set tagEntities_id=? where CertificateEntity_id=? and tagEntities_id=?
04:29:02.410 [Test worker] DEBUG org.hibernate.persister.collection.AbstractCollectionPersister -  Row delete: delete from CertificateEntity_TagEntity where CertificateEntity_id=? and tagEntities_id=?
04:29:02.410 [Test worker] DEBUG org.hibernate.persister.collection.AbstractCollectionPersister -  One-shot delete: delete from CertificateEntity_TagEntity where CertificateEntity_id=?
04:29:02.411 [Test worker] DEBUG org.hibernate.persister.collection.AbstractCollectionPersister - Static SQL for collection: com.epam.esm.model.entity.UserEntity.orderEntities
04:29:02.411 [Test worker] DEBUG org.hibernate.persister.collection.AbstractCollectionPersister -  Row insert: update OrderEntity set owner_id=? where id=?
04:29:02.411 [Test worker] DEBUG org.hibernate.persister.collection.AbstractCollectionPersister -  Row update: update OrderEntity set  where id=?
04:29:02.411 [Test worker] DEBUG org.hibernate.persister.collection.AbstractCollectionPersister -  Row delete: update OrderEntity set owner_id=null where owner_id=? and id=?
04:29:02.411 [Test worker] DEBUG org.hibernate.persister.collection.AbstractCollectionPersister -  One-shot delete: update OrderEntity set owner_id=null where owner_id=?
04:29:02.414 [Test worker] DEBUG org.hibernate.persister.entity.AbstractEntityPersister - Static SQL for entity: com.epam.esm.model.entity.CertificateEntity
04:29:02.414 [Test worker] DEBUG org.hibernate.persister.entity.AbstractEntityPersister -  Version select: select id from CertificateEntity where id =?
04:29:02.414 [Test worker] DEBUG org.hibernate.persister.entity.AbstractEntityPersister -  Snapshot select: select certificat_.id, certificat_.createDate as createda2_0_, certificat_.description as descript3_0_, certificat_.duration as duration4_0_, certificat_.lastUpdateDate as lastupda5_0_, certificat_.name as name6_0_, certificat_.price as price7_0_ from CertificateEntity certificat_ where certificat_.id=?
04:29:02.414 [Test worker] DEBUG org.hibernate.persister.entity.AbstractEntityPersister -  Insert 0: insert into CertificateEntity (createDate, description, duration, lastUpdateDate, name, price, id) values (?, ?, ?, ?, ?, ?, ?)
04:29:02.414 [Test worker] DEBUG org.hibernate.persister.entity.AbstractEntityPersister -  Update 0: update CertificateEntity set createDate=?, description=?, duration=?, lastUpdateDate=?, name=?, price=? where id=?
04:29:02.414 [Test worker] DEBUG org.hibernate.persister.entity.AbstractEntityPersister -  Delete 0: delete from CertificateEntity where id=?
04:29:02.414 [Test worker] DEBUG org.hibernate.persister.entity.AbstractEntityPersister -  Identity insert: insert into CertificateEntity (id, createDate, description, duration, lastUpdateDate, name, price) values (null, ?, ?, ?, ?, ?, ?)
04:29:02.437 [Test worker] DEBUG org.hibernate.loader.plan.build.internal.spaces.QuerySpacesImpl - Adding QuerySpace : uid = <gen:0> -> org.hibernate.loader.plan.build.internal.spaces.EntityQuerySpaceImpl@4199e89f]
04:29:02.438 [Test worker] DEBUG org.hibernate.persister.walking.spi.MetamodelGraphWalker - Visiting attribute path : createDate
04:29:02.438 [Test worker] DEBUG org.hibernate.persister.walking.spi.MetamodelGraphWalker - Visiting attribute path : description
04:29:02.438 [Test worker] DEBUG org.hibernate.persister.walking.spi.MetamodelGraphWalker - Visiting attribute path : duration
04:29:02.438 [Test worker] DEBUG org.hibernate.persister.walking.spi.MetamodelGraphWalker - Visiting attribute path : lastUpdateDate
04:29:02.438 [Test worker] DEBUG org.hibernate.persister.walking.spi.MetamodelGraphWalker - Visiting attribute path : name
04:29:02.438 [Test worker] DEBUG org.hibernate.persister.walking.spi.MetamodelGraphWalker - Visiting attribute path : price
04:29:02.438 [Test worker] DEBUG org.hibernate.persister.walking.spi.MetamodelGraphWalker - Visiting attribute path : tagEntities
04:29:02.441 [Test worker] DEBUG org.hibernate.loader.plan.build.internal.spaces.QuerySpacesImpl - Adding QuerySpace : uid = <gen:1> -> org.hibernate.loader.plan.build.internal.spaces.CollectionQuerySpaceImpl@2076e894]
04:29:02.442 [Test worker] DEBUG org.hibernate.loader.plan.build.internal.spaces.QuerySpacesImpl - Adding QuerySpace : uid = <gen:2> -> org.hibernate.loader.plan.build.internal.spaces.EntityQuerySpaceImpl@7f881a62]
04:29:02.443 [Test worker] DEBUG org.hibernate.persister.walking.spi.MetamodelGraphWalker - Visiting attribute path : tagEntities.name
04:29:02.443 [Test worker] DEBUG org.hibernate.loader.plan.build.internal.FetchStyleLoadPlanBuildingAssociationVisitationStrategy - Building LoadPlan...
04:29:02.450 [Test worker] DEBUG org.hibernate.loader.plan.exec.internal.LoadQueryJoinAndFetchProcessor - processing queryspace <gen:0>
04:29:02.457 [Test worker] DEBUG org.hibernate.loader.plan.build.spi.LoadPlanTreePrinter - LoadPlan(entity=com.epam.esm.model.entity.CertificateEntity)
    - Returns
       - EntityReturnImpl(entity=com.epam.esm.model.entity.CertificateEntity, querySpaceUid=<gen:0>, path=com.epam.esm.model.entity.CertificateEntity)
          - CollectionAttributeFetchImpl(collection=com.epam.esm.model.entity.CertificateEntity.tagEntities, querySpaceUid=<gen:1>, path=com.epam.esm.model.entity.CertificateEntity.tagEntities)
             - (collection element) CollectionFetchableElementEntityGraph(entity=com.epam.esm.model.entity.TagEntity, querySpaceUid=<gen:2>, path=com.epam.esm.model.entity.CertificateEntity.tagEntities.<elements>)
    - QuerySpaces
       - EntityQuerySpaceImpl(uid=<gen:0>, entity=com.epam.esm.model.entity.CertificateEntity)
          - SQL table alias mapping - certificat0_
          - alias suffix - 0_
          - suffixed key columns - {id1_0_0_}
          - JOIN (JoinDefinedByMetadata(tagEntities)) : <gen:0> -> <gen:1>
             - CollectionQuerySpaceImpl(uid=<gen:1>, collection=com.epam.esm.model.entity.CertificateEntity.tagEntities)
                - SQL table alias mapping - tagentitie1_
                - alias suffix - 1_
                - suffixed key columns - {certific1_1_1_}
                - entity-element alias suffix - 2_
                - 2_entity-element suffixed key columns - id1_4_2_
                - JOIN (JoinDefinedByMetadata(elements)) : <gen:1> -> <gen:2>
                   - EntityQuerySpaceImpl(uid=<gen:2>, entity=com.epam.esm.model.entity.TagEntity)
                      - SQL table alias mapping - tagentity2_
                      - alias suffix - 2_
                      - suffixed key columns - {id1_4_2_}

04:29:02.458 [Test worker] DEBUG org.hibernate.loader.entity.plan.EntityLoader - Static select for entity com.epam.esm.model.entity.CertificateEntity [NONE]: select certificat0_.id as id1_0_0_, certificat0_.createDate as createda2_0_0_, certificat0_.description as descript3_0_0_, certificat0_.duration as duration4_0_0_, certificat0_.lastUpdateDate as lastupda5_0_0_, certificat0_.name as name6_0_0_, certificat0_.price as price7_0_0_, tagentitie1_.CertificateEntity_id as certific1_1_1_, tagentity2_.id as tagentit2_1_1_, tagentity2_.id as id1_4_2_, tagentity2_.name as name2_4_2_ from CertificateEntity certificat0_ left outer join CertificateEntity_TagEntity tagentitie1_ on certificat0_.id=tagentitie1_.CertificateEntity_id left outer join TagEntity tagentity2_ on tagentitie1_.tagEntities_id=tagentity2_.id where certificat0_.id=?
04:29:02.459 [Test worker] DEBUG org.hibernate.persister.entity.AbstractEntityPersister - Static SQL for entity: com.epam.esm.model.entity.TagEntity
04:29:02.459 [Test worker] DEBUG org.hibernate.persister.entity.AbstractEntityPersister -  Version select: select id from TagEntity where id =?
04:29:02.459 [Test worker] DEBUG org.hibernate.persister.entity.AbstractEntityPersister -  Snapshot select: select tagentity_.id, tagentity_.name as name2_4_ from TagEntity tagentity_ where tagentity_.id=?
04:29:02.459 [Test worker] DEBUG org.hibernate.persister.entity.AbstractEntityPersister -  Insert 0: insert into TagEntity (name, id) values (?, ?)
04:29:02.459 [Test worker] DEBUG org.hibernate.persister.entity.AbstractEntityPersister -  Update 0: update TagEntity set name=? where id=?
04:29:02.459 [Test worker] DEBUG org.hibernate.persister.entity.AbstractEntityPersister -  Delete 0: delete from TagEntity where id=?
04:29:02.459 [Test worker] DEBUG org.hibernate.persister.entity.AbstractEntityPersister -  Identity insert: insert into TagEntity (id, name) values (null, ?)
04:29:02.459 [Test worker] DEBUG org.hibernate.loader.plan.build.internal.spaces.QuerySpacesImpl - Adding QuerySpace : uid = <gen:0> -> org.hibernate.loader.plan.build.internal.spaces.EntityQuerySpaceImpl@57c6aa92]
04:29:02.459 [Test worker] DEBUG org.hibernate.persister.walking.spi.MetamodelGraphWalker - Visiting attribute path : name
04:29:02.459 [Test worker] DEBUG org.hibernate.loader.plan.build.internal.FetchStyleLoadPlanBuildingAssociationVisitationStrategy - Building LoadPlan...
04:29:02.459 [Test worker] DEBUG org.hibernate.loader.plan.exec.internal.LoadQueryJoinAndFetchProcessor - processing queryspace <gen:0>
04:29:02.460 [Test worker] DEBUG org.hibernate.loader.plan.build.spi.LoadPlanTreePrinter - LoadPlan(entity=com.epam.esm.model.entity.TagEntity)
    - Returns
       - EntityReturnImpl(entity=com.epam.esm.model.entity.TagEntity, querySpaceUid=<gen:0>, path=com.epam.esm.model.entity.TagEntity)
    - QuerySpaces
       - EntityQuerySpaceImpl(uid=<gen:0>, entity=com.epam.esm.model.entity.TagEntity)
          - SQL table alias mapping - tagentity0_
          - alias suffix - 0_
          - suffixed key columns - {id1_4_0_}

04:29:02.460 [Test worker] DEBUG org.hibernate.loader.entity.plan.EntityLoader - Static select for entity com.epam.esm.model.entity.TagEntity [NONE]: select tagentity0_.id as id1_4_0_, tagentity0_.name as name2_4_0_ from TagEntity tagentity0_ where tagentity0_.id=?
04:29:02.460 [Test worker] DEBUG org.hibernate.persister.entity.AbstractEntityPersister - Static SQL for entity: com.epam.esm.model.entity.UserEntity
04:29:02.460 [Test worker] DEBUG org.hibernate.persister.entity.AbstractEntityPersister -  Version select: select id from UserEntity where id =?
04:29:02.460 [Test worker] DEBUG org.hibernate.persister.entity.AbstractEntityPersister -  Snapshot select: select userentity_.id, userentity_.username as username2_5_ from UserEntity userentity_ where userentity_.id=?
04:29:02.460 [Test worker] DEBUG org.hibernate.persister.entity.AbstractEntityPersister -  Insert 0: insert into UserEntity (username, id) values (?, ?)
04:29:02.460 [Test worker] DEBUG org.hibernate.persister.entity.AbstractEntityPersister -  Update 0: update UserEntity set username=? where id=?
04:29:02.460 [Test worker] DEBUG org.hibernate.persister.entity.AbstractEntityPersister -  Delete 0: delete from UserEntity where id=?
04:29:02.460 [Test worker] DEBUG org.hibernate.persister.entity.AbstractEntityPersister -  Identity insert: insert into UserEntity (id, username) values (null, ?)
04:29:02.460 [Test worker] DEBUG org.hibernate.loader.plan.build.internal.spaces.QuerySpacesImpl - Adding QuerySpace : uid = <gen:0> -> org.hibernate.loader.plan.build.internal.spaces.EntityQuerySpaceImpl@2cbd7227]
04:29:02.460 [Test worker] DEBUG org.hibernate.persister.walking.spi.MetamodelGraphWalker - Visiting attribute path : orderEntities
04:29:02.460 [Test worker] DEBUG org.hibernate.loader.plan.build.internal.spaces.QuerySpacesImpl - Adding QuerySpace : uid = <gen:1> -> org.hibernate.loader.plan.build.internal.spaces.CollectionQuerySpaceImpl@22dcade]
04:29:02.460 [Test worker] DEBUG org.hibernate.loader.plan.build.internal.spaces.QuerySpacesImpl - Adding QuerySpace : uid = <gen:2> -> org.hibernate.loader.plan.build.internal.spaces.EntityQuerySpaceImpl@18eaddd1]
04:29:02.460 [Test worker] DEBUG org.hibernate.persister.walking.spi.MetamodelGraphWalker - Visiting attribute path : orderEntities.certificateEntities
04:29:02.460 [Test worker] DEBUG org.hibernate.loader.plan.build.internal.spaces.QuerySpacesImpl - Adding QuerySpace : uid = <gen:3> -> org.hibernate.loader.plan.build.internal.spaces.CollectionQuerySpaceImpl@38b3c05a]
04:29:02.460 [Test worker] DEBUG org.hibernate.loader.plan.build.internal.spaces.QuerySpacesImpl - Adding QuerySpace : uid = <gen:4> -> org.hibernate.loader.plan.build.internal.spaces.EntityQuerySpaceImpl@76f996c8]
04:29:02.461 [Test worker] DEBUG org.hibernate.persister.walking.spi.MetamodelGraphWalker - Visiting attribute path : orderEntities.owner
04:29:02.461 [Test worker] DEBUG org.hibernate.persister.walking.spi.MetamodelGraphWalker - Property path deemed to be circular : orderEntities.owner
04:29:02.461 [Test worker] DEBUG org.hibernate.persister.walking.spi.MetamodelGraphWalker - Visiting attribute path : orderEntities.purchaseDate
04:29:02.461 [Test worker] DEBUG org.hibernate.persister.walking.spi.MetamodelGraphWalker - Visiting attribute path : orderEntities.summary
04:29:02.461 [Test worker] DEBUG org.hibernate.persister.walking.spi.MetamodelGraphWalker - Visiting attribute path : username
04:29:02.461 [Test worker] DEBUG org.hibernate.loader.plan.build.internal.FetchStyleLoadPlanBuildingAssociationVisitationStrategy - Building LoadPlan...
04:29:02.461 [Test worker] DEBUG org.hibernate.loader.plan.exec.internal.LoadQueryJoinAndFetchProcessor - processing queryspace <gen:0>
04:29:02.462 [Test worker] DEBUG org.hibernate.loader.plan.build.spi.LoadPlanTreePrinter - LoadPlan(entity=com.epam.esm.model.entity.UserEntity)
    - Returns
       - EntityReturnImpl(entity=com.epam.esm.model.entity.UserEntity, querySpaceUid=<gen:0>, path=com.epam.esm.model.entity.UserEntity)
          - CollectionAttributeFetchImpl(collection=com.epam.esm.model.entity.UserEntity.orderEntities, querySpaceUid=<gen:1>, path=com.epam.esm.model.entity.UserEntity.orderEntities)
             - (collection element) CollectionFetchableElementEntityGraph(entity=com.epam.esm.model.entity.OrderEntity, querySpaceUid=<gen:2>, path=com.epam.esm.model.entity.UserEntity.orderEntities.<elements>)
                - CollectionAttributeFetchImpl(collection=com.epam.esm.model.entity.OrderEntity.certificateEntities, querySpaceUid=<gen:3>, path=com.epam.esm.model.entity.UserEntity.orderEntities.<elements>.certificateEntities)
                   - (collection element) CollectionFetchableElementEntityGraph(entity=com.epam.esm.model.entity.CertificateEntity, querySpaceUid=<gen:4>, path=com.epam.esm.model.entity.UserEntity.orderEntities.<elements>.certificateEntities.<elements>)
    - QuerySpaces
       - EntityQuerySpaceImpl(uid=<gen:0>, entity=com.epam.esm.model.entity.UserEntity)
          - SQL table alias mapping - userentity0_
          - alias suffix - 0_
          - suffixed key columns - {id1_5_0_}
          - JOIN (JoinDefinedByMetadata(orderEntities)) : <gen:0> -> <gen:1>
             - CollectionQuerySpaceImpl(uid=<gen:1>, collection=com.epam.esm.model.entity.UserEntity.orderEntities)
                - SQL table alias mapping - orderentit1_
                - alias suffix - 1_
                - suffixed key columns - {owner_id4_2_1_}
                - entity-element alias suffix - 2_
                - 2_entity-element suffixed key columns - id1_2_2_
                - JOIN (JoinDefinedByMetadata(elements)) : <gen:1> -> <gen:2>
                   - EntityQuerySpaceImpl(uid=<gen:2>, entity=com.epam.esm.model.entity.OrderEntity)
                      - SQL table alias mapping - orderentit1_
                      - alias suffix - 2_
                      - suffixed key columns - {id1_2_2_}

04:29:02.462 [Test worker] DEBUG org.hibernate.loader.entity.plan.EntityLoader - Static select for entity com.epam.esm.model.entity.UserEntity [NONE]: select userentity0_.id as id1_5_0_, userentity0_.username as username2_5_0_, orderentit1_.owner_id as owner_id4_2_1_, orderentit1_.id as id1_2_1_, orderentit1_.id as id1_2_2_, orderentit1_.owner_id as owner_id4_2_2_, orderentit1_.purchaseDate as purchase2_2_2_, orderentit1_.summary as summary3_2_2_ from UserEntity userentity0_ left outer join OrderEntity orderentit1_ on userentity0_.id=orderentit1_.owner_id where userentity0_.id=?
04:29:02.462 [Test worker] DEBUG org.hibernate.persister.entity.AbstractEntityPersister - Static SQL for entity: com.epam.esm.model.entity.OrderEntity
04:29:02.462 [Test worker] DEBUG org.hibernate.persister.entity.AbstractEntityPersister -  Version select: select id from OrderEntity where id =?
04:29:02.462 [Test worker] DEBUG org.hibernate.persister.entity.AbstractEntityPersister -  Snapshot select: select orderentit_.id, orderentit_.owner_id as owner_id4_2_, orderentit_.purchaseDate as purchase2_2_, orderentit_.summary as summary3_2_ from OrderEntity orderentit_ where orderentit_.id=?
04:29:02.462 [Test worker] DEBUG org.hibernate.persister.entity.AbstractEntityPersister -  Insert 0: insert into OrderEntity (owner_id, purchaseDate, summary, id) values (?, ?, ?, ?)
04:29:02.463 [Test worker] DEBUG org.hibernate.persister.entity.AbstractEntityPersister -  Update 0: update OrderEntity set owner_id=?, purchaseDate=?, summary=? where id=?
04:29:02.463 [Test worker] DEBUG org.hibernate.persister.entity.AbstractEntityPersister -  Delete 0: delete from OrderEntity where id=?
04:29:02.463 [Test worker] DEBUG org.hibernate.persister.entity.AbstractEntityPersister -  Identity insert: insert into OrderEntity (id, owner_id, purchaseDate, summary) values (null, ?, ?, ?)
04:29:02.463 [Test worker] DEBUG org.hibernate.loader.plan.build.internal.spaces.QuerySpacesImpl - Adding QuerySpace : uid = <gen:0> -> org.hibernate.loader.plan.build.internal.spaces.EntityQuerySpaceImpl@135438a6]
04:29:02.463 [Test worker] DEBUG org.hibernate.persister.walking.spi.MetamodelGraphWalker - Visiting attribute path : certificateEntities
04:29:02.463 [Test worker] DEBUG org.hibernate.loader.plan.build.internal.spaces.QuerySpacesImpl - Adding QuerySpace : uid = <gen:1> -> org.hibernate.loader.plan.build.internal.spaces.CollectionQuerySpaceImpl@80662b1]
04:29:02.463 [Test worker] DEBUG org.hibernate.loader.plan.build.internal.spaces.QuerySpacesImpl - Adding QuerySpace : uid = <gen:2> -> org.hibernate.loader.plan.build.internal.spaces.EntityQuerySpaceImpl@435ee24f]
04:29:02.463 [Test worker] DEBUG org.hibernate.persister.walking.spi.MetamodelGraphWalker - Visiting attribute path : owner
04:29:02.463 [Test worker] DEBUG org.hibernate.loader.plan.build.internal.spaces.QuerySpacesImpl - Adding QuerySpace : uid = <gen:3> -> org.hibernate.loader.plan.build.internal.spaces.EntityQuerySpaceImpl@71fd638a]
04:29:02.464 [Test worker] DEBUG org.hibernate.persister.walking.spi.MetamodelGraphWalker - Visiting attribute path : owner.orderEntities
04:29:02.464 [Test worker] DEBUG org.hibernate.persister.walking.spi.MetamodelGraphWalker - Property path deemed to be circular : owner.orderEntities
04:29:02.464 [Test worker] DEBUG org.hibernate.persister.walking.spi.MetamodelGraphWalker - Visiting attribute path : owner.username
04:29:02.464 [Test worker] DEBUG org.hibernate.persister.walking.spi.MetamodelGraphWalker - Visiting attribute path : purchaseDate
04:29:02.464 [Test worker] DEBUG org.hibernate.persister.walking.spi.MetamodelGraphWalker - Visiting attribute path : summary
04:29:02.464 [Test worker] DEBUG org.hibernate.loader.plan.build.internal.FetchStyleLoadPlanBuildingAssociationVisitationStrategy - Building LoadPlan...
04:29:02.464 [Test worker] DEBUG org.hibernate.loader.plan.exec.internal.LoadQueryJoinAndFetchProcessor - processing queryspace <gen:0>
04:29:02.464 [Test worker] DEBUG org.hibernate.loader.plan.build.spi.LoadPlanTreePrinter - LoadPlan(entity=com.epam.esm.model.entity.OrderEntity)
    - Returns
       - EntityReturnImpl(entity=com.epam.esm.model.entity.OrderEntity, querySpaceUid=<gen:0>, path=com.epam.esm.model.entity.OrderEntity)
          - CollectionAttributeFetchImpl(collection=com.epam.esm.model.entity.OrderEntity.certificateEntities, querySpaceUid=<gen:1>, path=com.epam.esm.model.entity.OrderEntity.certificateEntities)
             - (collection element) CollectionFetchableElementEntityGraph(entity=com.epam.esm.model.entity.CertificateEntity, querySpaceUid=<gen:2>, path=com.epam.esm.model.entity.OrderEntity.certificateEntities.<elements>)
          - EntityAttributeFetchImpl(entity=com.epam.esm.model.entity.UserEntity, querySpaceUid=<gen:3>, path=com.epam.esm.model.entity.OrderEntity.owner)
    - QuerySpaces
       - EntityQuerySpaceImpl(uid=<gen:0>, entity=com.epam.esm.model.entity.OrderEntity)
          - SQL table alias mapping - orderentit0_
          - alias suffix - 0_
          - suffixed key columns - {id1_2_0_}
          - JOIN (JoinDefinedByMetadata(owner)) : <gen:0> -> <gen:3>
             - EntityQuerySpaceImpl(uid=<gen:3>, entity=com.epam.esm.model.entity.UserEntity)
                - SQL table alias mapping - userentity1_
                - alias suffix - 1_
                - suffixed key columns - {id1_5_1_}

04:29:02.465 [Test worker] DEBUG org.hibernate.loader.entity.plan.EntityLoader - Static select for entity com.epam.esm.model.entity.OrderEntity [NONE]: select orderentit0_.id as id1_2_0_, orderentit0_.owner_id as owner_id4_2_0_, orderentit0_.purchaseDate as purchase2_2_0_, orderentit0_.summary as summary3_2_0_, userentity1_.id as id1_5_1_, userentity1_.username as username2_5_1_ from OrderEntity orderentit0_ left outer join UserEntity userentity1_ on orderentit0_.owner_id=userentity1_.id where orderentit0_.id=?
04:29:02.467 [Test worker] DEBUG org.hibernate.loader.plan.build.internal.spaces.QuerySpacesImpl - Adding QuerySpace : uid = <gen:0> -> org.hibernate.loader.plan.build.internal.spaces.CollectionQuerySpaceImpl@766ad74c]
04:29:02.467 [Test worker] DEBUG org.hibernate.loader.plan.build.internal.spaces.QuerySpacesImpl - Adding QuerySpace : uid = <gen:1> -> org.hibernate.loader.plan.build.internal.spaces.EntityQuerySpaceImpl@70c97f9b]
04:29:02.467 [Test worker] DEBUG org.hibernate.persister.walking.spi.MetamodelGraphWalker - Visiting attribute path : createDate
04:29:02.467 [Test worker] DEBUG org.hibernate.persister.walking.spi.MetamodelGraphWalker - Visiting attribute path : description
04:29:02.467 [Test worker] DEBUG org.hibernate.persister.walking.spi.MetamodelGraphWalker - Visiting attribute path : duration
04:29:02.468 [Test worker] DEBUG org.hibernate.persister.walking.spi.MetamodelGraphWalker - Visiting attribute path : lastUpdateDate
04:29:02.468 [Test worker] DEBUG org.hibernate.persister.walking.spi.MetamodelGraphWalker - Visiting attribute path : name
04:29:02.468 [Test worker] DEBUG org.hibernate.persister.walking.spi.MetamodelGraphWalker - Visiting attribute path : price
04:29:02.468 [Test worker] DEBUG org.hibernate.persister.walking.spi.MetamodelGraphWalker - Visiting attribute path : tagEntities
04:29:02.468 [Test worker] DEBUG org.hibernate.loader.plan.build.internal.spaces.QuerySpacesImpl - Adding QuerySpace : uid = <gen:2> -> org.hibernate.loader.plan.build.internal.spaces.CollectionQuerySpaceImpl@72d46faa]
04:29:02.468 [Test worker] DEBUG org.hibernate.loader.plan.build.internal.spaces.QuerySpacesImpl - Adding QuerySpace : uid = <gen:3> -> org.hibernate.loader.plan.build.internal.spaces.EntityQuerySpaceImpl@49dae3cc]
04:29:02.468 [Test worker] DEBUG org.hibernate.loader.plan.build.internal.FetchStyleLoadPlanBuildingAssociationVisitationStrategy - Building LoadPlan...
04:29:02.469 [Test worker] DEBUG org.hibernate.loader.plan.exec.internal.LoadQueryJoinAndFetchProcessor - processing queryspace <gen:0>
04:29:02.469 [Test worker] DEBUG org.hibernate.loader.plan.build.spi.LoadPlanTreePrinter - LoadPlan(collection=com.epam.esm.model.entity.OrderEntity.certificateEntities)
    - Returns
       - CollectionReturnImpl(collection=com.epam.esm.model.entity.OrderEntity.certificateEntities, querySpaceUid=<gen:0>, path=[com.epam.esm.model.entity.OrderEntity.certificateEntities])
          - (collection element) CollectionFetchableElementEntityGraph(entity=com.epam.esm.model.entity.CertificateEntity, querySpaceUid=<gen:1>, path=[com.epam.esm.model.entity.OrderEntity.certificateEntities].<elements>)
             - CollectionAttributeFetchImpl(collection=com.epam.esm.model.entity.CertificateEntity.tagEntities, querySpaceUid=<gen:2>, path=[com.epam.esm.model.entity.OrderEntity.certificateEntities].<elements>.tagEntities)
                - (collection element) CollectionFetchableElementEntityGraph(entity=com.epam.esm.model.entity.TagEntity, querySpaceUid=<gen:3>, path=[com.epam.esm.model.entity.OrderEntity.certificateEntities].<elements>.tagEntities.<elements>)
    - QuerySpaces
       - CollectionQuerySpaceImpl(uid=<gen:0>, collection=com.epam.esm.model.entity.OrderEntity.certificateEntities)
          - SQL table alias mapping - certificat0_
          - alias suffix - 0_
          - suffixed key columns - {orderent1_3_0_}
          - entity-element alias suffix - 1_
          - 1_entity-element suffixed key columns - id1_0_1_
          - JOIN (JoinDefinedByMetadata(elements)) : <gen:0> -> <gen:1>
             - EntityQuerySpaceImpl(uid=<gen:1>, entity=com.epam.esm.model.entity.CertificateEntity)
                - SQL table alias mapping - certificat1_
                - alias suffix - 1_
                - suffixed key columns - {id1_0_1_}

04:29:02.470 [Test worker] DEBUG org.hibernate.loader.collection.plan.CollectionLoader - Static select for collection com.epam.esm.model.entity.OrderEntity.certificateEntities: select certificat0_.OrderEntity_id as orderent1_3_0_, certificat0_.certificateEntities_id as certific2_3_0_, certificat1_.id as id1_0_1_, certificat1_.createDate as createda2_0_1_, certificat1_.description as descript3_0_1_, certificat1_.duration as duration4_0_1_, certificat1_.lastUpdateDate as lastupda5_0_1_, certificat1_.name as name6_0_1_, certificat1_.price as price7_0_1_ from OrderEntity_CertificateEntity certificat0_ inner join CertificateEntity certificat1_ on certificat0_.certificateEntities_id=certificat1_.id where certificat0_.OrderEntity_id=?
04:29:02.470 [Test worker] DEBUG org.hibernate.loader.plan.build.internal.spaces.QuerySpacesImpl - Adding QuerySpace : uid = <gen:0> -> org.hibernate.loader.plan.build.internal.spaces.CollectionQuerySpaceImpl@3fd39c7e]
04:29:02.470 [Test worker] DEBUG org.hibernate.loader.plan.build.internal.spaces.QuerySpacesImpl - Adding QuerySpace : uid = <gen:1> -> org.hibernate.loader.plan.build.internal.spaces.EntityQuerySpaceImpl@508f69da]
04:29:02.470 [Test worker] DEBUG org.hibernate.persister.walking.spi.MetamodelGraphWalker - Visiting attribute path : name
04:29:02.470 [Test worker] DEBUG org.hibernate.loader.plan.build.internal.FetchStyleLoadPlanBuildingAssociationVisitationStrategy - Building LoadPlan...
04:29:02.470 [Test worker] DEBUG org.hibernate.loader.plan.exec.internal.LoadQueryJoinAndFetchProcessor - processing queryspace <gen:0>
04:29:02.471 [Test worker] DEBUG org.hibernate.loader.plan.build.spi.LoadPlanTreePrinter - LoadPlan(collection=com.epam.esm.model.entity.CertificateEntity.tagEntities)
    - Returns
       - CollectionReturnImpl(collection=com.epam.esm.model.entity.CertificateEntity.tagEntities, querySpaceUid=<gen:0>, path=[com.epam.esm.model.entity.CertificateEntity.tagEntities])
          - (collection element) CollectionFetchableElementEntityGraph(entity=com.epam.esm.model.entity.TagEntity, querySpaceUid=<gen:1>, path=[com.epam.esm.model.entity.CertificateEntity.tagEntities].<elements>)
    - QuerySpaces
       - CollectionQuerySpaceImpl(uid=<gen:0>, collection=com.epam.esm.model.entity.CertificateEntity.tagEntities)
          - SQL table alias mapping - tagentitie0_
          - alias suffix - 0_
          - suffixed key columns - {certific1_1_0_}
          - entity-element alias suffix - 1_
          - 1_entity-element suffixed key columns - id1_4_1_
          - JOIN (JoinDefinedByMetadata(elements)) : <gen:0> -> <gen:1>
             - EntityQuerySpaceImpl(uid=<gen:1>, entity=com.epam.esm.model.entity.TagEntity)
                - SQL table alias mapping - tagentity1_
                - alias suffix - 1_
                - suffixed key columns - {id1_4_1_}

04:29:02.471 [Test worker] DEBUG org.hibernate.loader.collection.plan.CollectionLoader - Static select for collection com.epam.esm.model.entity.CertificateEntity.tagEntities: select tagentitie0_.CertificateEntity_id as certific1_1_0_, tagentitie0_.tagEntities_id as tagentit2_1_0_, tagentity1_.id as id1_4_1_, tagentity1_.name as name2_4_1_ from CertificateEntity_TagEntity tagentitie0_ inner join TagEntity tagentity1_ on tagentitie0_.tagEntities_id=tagentity1_.id where tagentitie0_.CertificateEntity_id=?
04:29:02.471 [Test worker] DEBUG org.hibernate.loader.plan.build.internal.spaces.QuerySpacesImpl - Adding QuerySpace : uid = <gen:0> -> org.hibernate.loader.plan.build.internal.spaces.CollectionQuerySpaceImpl@6f29d60c]
04:29:02.471 [Test worker] DEBUG org.hibernate.loader.plan.build.internal.spaces.QuerySpacesImpl - Adding QuerySpace : uid = <gen:1> -> org.hibernate.loader.plan.build.internal.spaces.EntityQuerySpaceImpl@4443b38a]
04:29:02.471 [Test worker] DEBUG org.hibernate.persister.walking.spi.MetamodelGraphWalker - Visiting attribute path : certificateEntities
04:29:02.471 [Test worker] DEBUG org.hibernate.loader.plan.build.internal.spaces.QuerySpacesImpl - Adding QuerySpace : uid = <gen:2> -> org.hibernate.loader.plan.build.internal.spaces.CollectionQuerySpaceImpl@5921c697]
04:29:02.471 [Test worker] DEBUG org.hibernate.loader.plan.build.internal.spaces.QuerySpacesImpl - Adding QuerySpace : uid = <gen:3> -> org.hibernate.loader.plan.build.internal.spaces.EntityQuerySpaceImpl@a7e1da]
04:29:02.471 [Test worker] DEBUG org.hibernate.persister.walking.spi.MetamodelGraphWalker - Visiting attribute path : owner
04:29:02.471 [Test worker] DEBUG org.hibernate.persister.walking.spi.MetamodelGraphWalker - Property path deemed to be circular : owner
04:29:02.471 [Test worker] DEBUG org.hibernate.persister.walking.spi.MetamodelGraphWalker - Visiting attribute path : purchaseDate
04:29:02.471 [Test worker] DEBUG org.hibernate.persister.walking.spi.MetamodelGraphWalker - Visiting attribute path : summary
04:29:02.471 [Test worker] DEBUG org.hibernate.loader.plan.build.internal.FetchStyleLoadPlanBuildingAssociationVisitationStrategy - Building LoadPlan...
04:29:02.472 [Test worker] DEBUG org.hibernate.loader.plan.exec.internal.LoadQueryJoinAndFetchProcessor - processing queryspace <gen:0>
04:29:02.472 [Test worker] DEBUG org.hibernate.loader.plan.build.spi.LoadPlanTreePrinter - LoadPlan(collection=com.epam.esm.model.entity.UserEntity.orderEntities)
    - Returns
       - CollectionReturnImpl(collection=com.epam.esm.model.entity.UserEntity.orderEntities, querySpaceUid=<gen:0>, path=[com.epam.esm.model.entity.UserEntity.orderEntities])
          - (collection element) CollectionFetchableElementEntityGraph(entity=com.epam.esm.model.entity.OrderEntity, querySpaceUid=<gen:1>, path=[com.epam.esm.model.entity.UserEntity.orderEntities].<elements>)
             - CollectionAttributeFetchImpl(collection=com.epam.esm.model.entity.OrderEntity.certificateEntities, querySpaceUid=<gen:2>, path=[com.epam.esm.model.entity.UserEntity.orderEntities].<elements>.certificateEntities)
                - (collection element) CollectionFetchableElementEntityGraph(entity=com.epam.esm.model.entity.CertificateEntity, querySpaceUid=<gen:3>, path=[com.epam.esm.model.entity.UserEntity.orderEntities].<elements>.certificateEntities.<elements>)
    - QuerySpaces
       - CollectionQuerySpaceImpl(uid=<gen:0>, collection=com.epam.esm.model.entity.UserEntity.orderEntities)
          - SQL table alias mapping - orderentit0_
          - alias suffix - 0_
          - suffixed key columns - {owner_id4_2_0_}
          - entity-element alias suffix - 1_
          - 1_entity-element suffixed key columns - id1_2_1_
          - JOIN (JoinDefinedByMetadata(elements)) : <gen:0> -> <gen:1>
             - EntityQuerySpaceImpl(uid=<gen:1>, entity=com.epam.esm.model.entity.OrderEntity)
                - SQL table alias mapping - orderentit0_
                - alias suffix - 1_
                - suffixed key columns - {id1_2_1_}

04:29:02.472 [Test worker] DEBUG org.hibernate.loader.collection.plan.CollectionLoader - Static select for collection com.epam.esm.model.entity.UserEntity.orderEntities: select orderentit0_.owner_id as owner_id4_2_0_, orderentit0_.id as id1_2_0_, orderentit0_.id as id1_2_1_, orderentit0_.owner_id as owner_id4_2_1_, orderentit0_.purchaseDate as purchase2_2_1_, orderentit0_.summary as summary3_2_1_ from OrderEntity orderentit0_ where orderentit0_.owner_id=?
04:29:02.501 [Test worker] DEBUG org.springframework.jdbc.datasource.DriverManagerDataSource - Creating new JDBC DriverManager Connection to [jdbc:h2:mem:second;DB_CLOSE_DELAY=-1]
04:29:02.541 [Test worker] DEBUG org.hibernate.SQL - create table CertificateEntity (id bigint generated by default as identity, createDate timestamp, description varchar(255), duration integer not null, lastUpdateDate timestamp, name varchar(255), price double not null, primary key (id))
Hibernate: create table CertificateEntity (id bigint generated by default as identity, createDate timestamp, description varchar(255), duration integer not null, lastUpdateDate timestamp, name varchar(255), price double not null, primary key (id))
04:29:02.550 [Test worker] DEBUG org.hibernate.SQL - create table CertificateEntity_TagEntity (CertificateEntity_id bigint not null, tagEntities_id bigint not null)
Hibernate: create table CertificateEntity_TagEntity (CertificateEntity_id bigint not null, tagEntities_id bigint not null)
04:29:02.551 [Test worker] DEBUG org.hibernate.SQL - create table OrderEntity (id bigint generated by default as identity, purchaseDate timestamp, summary double not null, owner_id bigint, primary key (id))
Hibernate: create table OrderEntity (id bigint generated by default as identity, purchaseDate timestamp, summary double not null, owner_id bigint, primary key (id))
04:29:02.552 [Test worker] DEBUG org.hibernate.SQL - create table OrderEntity_CertificateEntity (OrderEntity_id bigint not null, certificateEntities_id bigint not null)
Hibernate: create table OrderEntity_CertificateEntity (OrderEntity_id bigint not null, certificateEntities_id bigint not null)
04:29:02.553 [Test worker] DEBUG org.hibernate.SQL - create table TagEntity (id bigint generated by default as identity, name varchar(255), primary key (id))
Hibernate: create table TagEntity (id bigint generated by default as identity, name varchar(255), primary key (id))
04:29:02.554 [Test worker] DEBUG org.hibernate.SQL - create table UserEntity (id bigint generated by default as identity, username varchar(255), primary key (id))
Hibernate: create table UserEntity (id bigint generated by default as identity, username varchar(255), primary key (id))
04:29:02.556 [Test worker] DEBUG org.hibernate.SQL - alter table CertificateEntity drop constraint if exists UK_4io0jhvdc8ko9e8bkkw0n443a
Hibernate: alter table CertificateEntity drop constraint if exists UK_4io0jhvdc8ko9e8bkkw0n443a
04:29:02.556 [Test worker] DEBUG org.hibernate.SQL - alter table CertificateEntity add constraint UK_4io0jhvdc8ko9e8bkkw0n443a unique (name)
Hibernate: alter table CertificateEntity add constraint UK_4io0jhvdc8ko9e8bkkw0n443a unique (name)
04:29:02.558 [Test worker] DEBUG org.hibernate.SQL - alter table TagEntity drop constraint if exists UK_nju473xvkvj63irbn01bhcx4t
Hibernate: alter table TagEntity drop constraint if exists UK_nju473xvkvj63irbn01bhcx4t
04:29:02.559 [Test worker] DEBUG org.hibernate.SQL - alter table TagEntity add constraint UK_nju473xvkvj63irbn01bhcx4t unique (name)
Hibernate: alter table TagEntity add constraint UK_nju473xvkvj63irbn01bhcx4t unique (name)
04:29:02.559 [Test worker] DEBUG org.hibernate.SQL - alter table CertificateEntity_TagEntity add constraint FKbvum6omumgn0swmkmk4c3657e foreign key (tagEntities_id) references TagEntity
Hibernate: alter table CertificateEntity_TagEntity add constraint FKbvum6omumgn0swmkmk4c3657e foreign key (tagEntities_id) references TagEntity
04:29:02.562 [Test worker] DEBUG org.hibernate.SQL - alter table CertificateEntity_TagEntity add constraint FK5491dmfo7v0qf5q8tc8jo7t5r foreign key (CertificateEntity_id) references CertificateEntity
Hibernate: alter table CertificateEntity_TagEntity add constraint FK5491dmfo7v0qf5q8tc8jo7t5r foreign key (CertificateEntity_id) references CertificateEntity
04:29:02.564 [Test worker] DEBUG org.hibernate.SQL - alter table OrderEntity add constraint FK9cgrikp7ml2kg2yt9epnsqufu foreign key (owner_id) references UserEntity
Hibernate: alter table OrderEntity add constraint FK9cgrikp7ml2kg2yt9epnsqufu foreign key (owner_id) references UserEntity
04:29:02.565 [Test worker] DEBUG org.hibernate.SQL - alter table OrderEntity_CertificateEntity add constraint FK29lv6m2jli6oko525tfbqiykr foreign key (certificateEntities_id) references CertificateEntity
Hibernate: alter table OrderEntity_CertificateEntity add constraint FK29lv6m2jli6oko525tfbqiykr foreign key (certificateEntities_id) references CertificateEntity
04:29:02.567 [Test worker] DEBUG org.hibernate.SQL - alter table OrderEntity_CertificateEntity add constraint FKbd3ti9u2flbdqa1fb9hgwnq2o foreign key (OrderEntity_id) references OrderEntity
Hibernate: alter table OrderEntity_CertificateEntity add constraint FKbd3ti9u2flbdqa1fb9hgwnq2o foreign key (OrderEntity_id) references OrderEntity
04:29:02.569 [Test worker] DEBUG org.hibernate.engine.transaction.jta.platform.internal.JtaPlatformInitiator - No JtaPlatform was specified, checking resolver
04:29:02.569 [Test worker] DEBUG org.hibernate.engine.transaction.jta.platform.internal.JtaPlatformResolverInitiator - No JtaPlatformResolver was specified, using default [org.hibernate.engine.transaction.jta.platform.internal.StandardJtaPlatformResolver]
04:29:02.573 [Test worker] DEBUG org.hibernate.engine.transaction.jta.platform.internal.StandardJtaPlatformResolver - Could not resolve JtaPlatform, using default [org.hibernate.engine.transaction.jta.platform.internal.NoJtaPlatform]
04:29:02.573 [Test worker] INFO org.hibernate.engine.transaction.jta.platform.internal.JtaPlatformInitiator - HHH000490: Using JtaPlatform implementation: [org.hibernate.engine.transaction.jta.platform.internal.NoJtaPlatform]
04:29:02.574 [Test worker] DEBUG org.hibernate.query.spi.NamedQueryRepository - Checking 0 named HQL queries
04:29:02.574 [Test worker] DEBUG org.hibernate.query.spi.NamedQueryRepository - Checking 0 named SQL queries
04:29:02.581 [Test worker] DEBUG org.hibernate.internal.SessionFactoryRegistry - Initializing SessionFactoryRegistry : org.hibernate.internal.SessionFactoryRegistry@44bd1b9e
04:29:02.581 [Test worker] DEBUG org.hibernate.internal.SessionFactoryRegistry - Registering SessionFactory: bb8e79e8-2c33-4017-af9b-f90a7b023e80 (<unnamed>)
04:29:02.581 [Test worker] DEBUG org.hibernate.internal.SessionFactoryRegistry - Not binding SessionFactory to JNDI, no JNDI name configured
04:29:02.581 [Test worker] INFO org.springframework.orm.jpa.LocalContainerEntityManagerFactoryBean - Initialized JPA EntityManagerFactory for persistence unit 'default'
04:29:02.585 [Test worker] DEBUG org.springframework.beans.factory.support.DefaultListableBeanFactory - Creating shared instance of singleton bean 'daoConfiguration'
04:29:02.588 [Test worker] DEBUG org.springframework.beans.factory.support.DefaultListableBeanFactory - Creating shared instance of singleton bean 'certificateDaoImpl'
04:29:02.590 [Test worker] DEBUG org.springframework.beans.factory.support.DefaultListableBeanFactory - Creating shared instance of singleton bean 'tagDaoImpl'
04:29:02.616 [Test worker] DEBUG org.springframework.beans.factory.support.DefaultListableBeanFactory - Autowiring by type from bean name 'certificateDaoImpl' via constructor to bean named 'tagDaoImpl'
04:29:02.619 [Test worker] DEBUG org.springframework.beans.factory.support.DefaultListableBeanFactory - Creating shared instance of singleton bean 'orderDaoImpl'
04:29:02.620 [Test worker] DEBUG org.springframework.beans.factory.support.DefaultListableBeanFactory - Autowiring by type from bean name 'orderDaoImpl' via constructor to bean named 'certificateDaoImpl'
04:29:02.622 [Test worker] DEBUG org.springframework.beans.factory.support.DefaultListableBeanFactory - Creating shared instance of singleton bean 'userDaoImpl'
04:29:02.624 [Test worker] DEBUG org.springframework.beans.factory.support.DefaultListableBeanFactory - Creating shared instance of singleton bean 'transactionManager'
04:29:02.625 [Test worker] DEBUG org.springframework.beans.factory.support.DefaultListableBeanFactory - Autowiring by type from bean name 'transactionManager' via factory method to bean named 'entityManagerFactory'
04:29:02.649 [Test worker] DEBUG org.springframework.test.context.cache.DefaultCacheAwareContextLoaderDelegate - Storing ApplicationContext [1806878190] in cache under key [[MergedContextConfiguration@1d733d37 testClass = CertificateDaoImplTest, locations = '{}', classes = '{class com.epam.esm.configuration.DaoTestConfiguration}', contextInitializerClasses = '[]', activeProfiles = '{}', propertySourceLocations = '{}', propertySourceProperties = '{}', contextCustomizers = set[org.springframework.boot.test.autoconfigure.actuate.metrics.MetricsExportContextCustomizerFactory$DisableMetricExportContextCustomizer@491e42b4, org.springframework.boot.test.autoconfigure.properties.PropertyMappingContextCustomizer@0, org.springframework.boot.test.autoconfigure.web.servlet.WebDriverContextCustomizerFactory$Customizer@1970d49a, org.springframework.boot.test.context.filter.ExcludeFilterContextCustomizer@178e422e, org.springframework.boot.test.json.DuplicateJsonObjectContextCustomizerFactory$DuplicateJsonObjectContextCustomizer@1cf9c2c, org.springframework.boot.test.mock.mockito.MockitoContextCustomizer@0], contextLoader = 'org.springframework.test.context.support.DelegatingSmartContextLoader', parent = [null]]]
04:29:02.649 [Test worker] DEBUG org.springframework.test.context.cache - Spring test ApplicationContext cache statistics: [DefaultContextCache@4e17f97e size = 1, maxSize = 32, parentContextCount = 0, hitCount = 0, missCount = 1]
04:29:02.654 [Test worker] DEBUG org.springframework.test.context.cache.DefaultCacheAwareContextLoaderDelegate - Retrieved ApplicationContext [1806878190] from cache with key [[MergedContextConfiguration@1d733d37 testClass = CertificateDaoImplTest, locations = '{}', classes = '{class com.epam.esm.configuration.DaoTestConfiguration}', contextInitializerClasses = '[]', activeProfiles = '{}', propertySourceLocations = '{}', propertySourceProperties = '{}', contextCustomizers = set[org.springframework.boot.test.autoconfigure.actuate.metrics.MetricsExportContextCustomizerFactory$DisableMetricExportContextCustomizer@491e42b4, org.springframework.boot.test.autoconfigure.properties.PropertyMappingContextCustomizer@0, org.springframework.boot.test.autoconfigure.web.servlet.WebDriverContextCustomizerFactory$Customizer@1970d49a, org.springframework.boot.test.context.filter.ExcludeFilterContextCustomizer@178e422e, org.springframework.boot.test.json.DuplicateJsonObjectContextCustomizerFactory$DuplicateJsonObjectContextCustomizer@1cf9c2c, org.springframework.boot.test.mock.mockito.MockitoContextCustomizer@0], contextLoader = 'org.springframework.test.context.support.DelegatingSmartContextLoader', parent = [null]]]
04:29:02.654 [Test worker] DEBUG org.springframework.test.context.cache - Spring test ApplicationContext cache statistics: [DefaultContextCache@4e17f97e size = 1, maxSize = 32, parentContextCount = 0, hitCount = 1, missCount = 1]
04:29:02.658 [Test worker] DEBUG org.springframework.test.context.support.AbstractDirtiesContextTestExecutionListener - Before test method: context [DefaultTestContext@29934d06 testClass = CertificateDaoImplTest, testInstance = com.epam.esm.dao.impl.CertificateDaoImplTest@ae25bce, testMethod = loadByIdTest@CertificateDaoImplTest, testException = [null], mergedContextConfiguration = [MergedContextConfiguration@1d733d37 testClass = CertificateDaoImplTest, locations = '{}', classes = '{class com.epam.esm.configuration.DaoTestConfiguration}', contextInitializerClasses = '[]', activeProfiles = '{}', propertySourceLocations = '{}', propertySourceProperties = '{}', contextCustomizers = set[org.springframework.boot.test.autoconfigure.actuate.metrics.MetricsExportContextCustomizerFactory$DisableMetricExportContextCustomizer@491e42b4, org.springframework.boot.test.autoconfigure.properties.PropertyMappingContextCustomizer@0, org.springframework.boot.test.autoconfigure.web.servlet.WebDriverContextCustomizerFactory$Customizer@1970d49a, org.springframework.boot.test.context.filter.ExcludeFilterContextCustomizer@178e422e, org.springframework.boot.test.json.DuplicateJsonObjectContextCustomizerFactory$DuplicateJsonObjectContextCustomizer@1cf9c2c, org.springframework.boot.test.mock.mockito.MockitoContextCustomizer@0], contextLoader = 'org.springframework.test.context.support.DelegatingSmartContextLoader', parent = [null]], attributes = map['org.springframework.test.context.event.ApplicationEventsTestExecutionListener.recordApplicationEvents' -> false]], class annotated with @DirtiesContext [false] with mode [null], method annotated with @DirtiesContext [false] with mode [null].
04:29:02.661 [Test worker] DEBUG org.springframework.test.context.transaction.TransactionalTestExecutionListener - Explicit transaction definition [PROPAGATION_REQUIRED,ISOLATION_DEFAULT] found for test context [DefaultTestContext@29934d06 testClass = CertificateDaoImplTest, testInstance = com.epam.esm.dao.impl.CertificateDaoImplTest@ae25bce, testMethod = loadByIdTest@CertificateDaoImplTest, testException = [null], mergedContextConfiguration = [MergedContextConfiguration@1d733d37 testClass = CertificateDaoImplTest, locations = '{}', classes = '{class com.epam.esm.configuration.DaoTestConfiguration}', contextInitializerClasses = '[]', activeProfiles = '{}', propertySourceLocations = '{}', propertySourceProperties = '{}', contextCustomizers = set[org.springframework.boot.test.autoconfigure.actuate.metrics.MetricsExportContextCustomizerFactory$DisableMetricExportContextCustomizer@491e42b4, org.springframework.boot.test.autoconfigure.properties.PropertyMappingContextCustomizer@0, org.springframework.boot.test.autoconfigure.web.servlet.WebDriverContextCustomizerFactory$Customizer@1970d49a, org.springframework.boot.test.context.filter.ExcludeFilterContextCustomizer@178e422e, org.springframework.boot.test.json.DuplicateJsonObjectContextCustomizerFactory$DuplicateJsonObjectContextCustomizer@1cf9c2c, org.springframework.boot.test.mock.mockito.MockitoContextCustomizer@0], contextLoader = 'org.springframework.test.context.support.DelegatingSmartContextLoader', parent = [null]], attributes = map['org.springframework.test.context.event.ApplicationEventsTestExecutionListener.recordApplicationEvents' -> false]]
04:29:02.661 [Test worker] DEBUG org.springframework.test.context.cache.DefaultCacheAwareContextLoaderDelegate - Retrieved ApplicationContext [1806878190] from cache with key [[MergedContextConfiguration@1d733d37 testClass = CertificateDaoImplTest, locations = '{}', classes = '{class com.epam.esm.configuration.DaoTestConfiguration}', contextInitializerClasses = '[]', activeProfiles = '{}', propertySourceLocations = '{}', propertySourceProperties = '{}', contextCustomizers = set[org.springframework.boot.test.autoconfigure.actuate.metrics.MetricsExportContextCustomizerFactory$DisableMetricExportContextCustomizer@491e42b4, org.springframework.boot.test.autoconfigure.properties.PropertyMappingContextCustomizer@0, org.springframework.boot.test.autoconfigure.web.servlet.WebDriverContextCustomizerFactory$Customizer@1970d49a, org.springframework.boot.test.context.filter.ExcludeFilterContextCustomizer@178e422e, org.springframework.boot.test.json.DuplicateJsonObjectContextCustomizerFactory$DuplicateJsonObjectContextCustomizer@1cf9c2c, org.springframework.boot.test.mock.mockito.MockitoContextCustomizer@0], contextLoader = 'org.springframework.test.context.support.DelegatingSmartContextLoader', parent = [null]]]
04:29:02.661 [Test worker] DEBUG org.springframework.test.context.cache - Spring test ApplicationContext cache statistics: [DefaultContextCache@4e17f97e size = 1, maxSize = 32, parentContextCount = 0, hitCount = 2, missCount = 1]
04:29:02.662 [Test worker] DEBUG org.springframework.test.context.transaction.TransactionalTestExecutionListener - No method-level @Rollback override: using default rollback [true] for test context [DefaultTestContext@29934d06 testClass = CertificateDaoImplTest, testInstance = com.epam.esm.dao.impl.CertificateDaoImplTest@ae25bce, testMethod = loadByIdTest@CertificateDaoImplTest, testException = [null], mergedContextConfiguration = [MergedContextConfiguration@1d733d37 testClass = CertificateDaoImplTest, locations = '{}', classes = '{class com.epam.esm.configuration.DaoTestConfiguration}', contextInitializerClasses = '[]', activeProfiles = '{}', propertySourceLocations = '{}', propertySourceProperties = '{}', contextCustomizers = set[org.springframework.boot.test.autoconfigure.actuate.metrics.MetricsExportContextCustomizerFactory$DisableMetricExportContextCustomizer@491e42b4, org.springframework.boot.test.autoconfigure.properties.PropertyMappingContextCustomizer@0, org.springframework.boot.test.autoconfigure.web.servlet.WebDriverContextCustomizerFactory$Customizer@1970d49a, org.springframework.boot.test.context.filter.ExcludeFilterContextCustomizer@178e422e, org.springframework.boot.test.json.DuplicateJsonObjectContextCustomizerFactory$DuplicateJsonObjectContextCustomizer@1cf9c2c, org.springframework.boot.test.mock.mockito.MockitoContextCustomizer@0], contextLoader = 'org.springframework.test.context.support.DelegatingSmartContextLoader', parent = [null]], attributes = map['org.springframework.test.context.event.ApplicationEventsTestExecutionListener.recordApplicationEvents' -> false]].
04:29:02.664 [Test worker] DEBUG org.springframework.orm.jpa.JpaTransactionManager - Creating new transaction with name [com.epam.esm.dao.impl.CertificateDaoImplTest.loadByIdTest]: PROPAGATION_REQUIRED,ISOLATION_DEFAULT
04:29:02.701 [Test worker] DEBUG org.hibernate.stat.internal.StatisticsInitiator - Statistics initialized [enabled=true]
04:29:02.703 [Test worker] DEBUG org.springframework.orm.jpa.JpaTransactionManager - Opened new EntityManager [SessionImpl(1400273500<open>)] for JPA transaction
04:29:02.705 [Test worker] DEBUG org.hibernate.engine.transaction.internal.TransactionImpl - On TransactionImpl creation, JpaCompliance#isJpaTransactionComplianceEnabled == false
04:29:02.705 [Test worker] DEBUG org.hibernate.engine.transaction.internal.TransactionImpl - begin
04:29:02.705 [Test worker] DEBUG org.springframework.jdbc.datasource.DriverManagerDataSource - Creating new JDBC DriverManager Connection to [jdbc:h2:mem:second;DB_CLOSE_DELAY=-1]
04:29:02.707 [Test worker] DEBUG org.springframework.orm.jpa.JpaTransactionManager - Exposing JPA transaction as JDBC [org.springframework.orm.jpa.vendor.HibernateJpaDialect$HibernateConnectionHandle@4888fee6]
04:29:02.707 [Test worker] INFO org.springframework.test.context.transaction.TransactionContext - Began transaction (1) for test context [DefaultTestContext@29934d06 testClass = CertificateDaoImplTest, testInstance = com.epam.esm.dao.impl.CertificateDaoImplTest@ae25bce, testMethod = loadByIdTest@CertificateDaoImplTest, testException = [null], mergedContextConfiguration = [MergedContextConfiguration@1d733d37 testClass = CertificateDaoImplTest, locations = '{}', classes = '{class com.epam.esm.configuration.DaoTestConfiguration}', contextInitializerClasses = '[]', activeProfiles = '{}', propertySourceLocations = '{}', propertySourceProperties = '{}', contextCustomizers = set[org.springframework.boot.test.autoconfigure.actuate.metrics.MetricsExportContextCustomizerFactory$DisableMetricExportContextCustomizer@491e42b4, org.springframework.boot.test.autoconfigure.properties.PropertyMappingContextCustomizer@0, org.springframework.boot.test.autoconfigure.web.servlet.WebDriverContextCustomizerFactory$Customizer@1970d49a, org.springframework.boot.test.context.filter.ExcludeFilterContextCustomizer@178e422e, org.springframework.boot.test.json.DuplicateJsonObjectContextCustomizerFactory$DuplicateJsonObjectContextCustomizer@1cf9c2c, org.springframework.boot.test.mock.mockito.MockitoContextCustomizer@0], contextLoader = 'org.springframework.test.context.support.DelegatingSmartContextLoader', parent = [null]], attributes = map['org.springframework.test.context.event.ApplicationEventsTestExecutionListener.recordApplicationEvents' -> false]]; transaction manager [org.springframework.orm.jpa.JpaTransactionManager@5f1d7692]; rollback [true]
04:29:02.710 [Test worker] DEBUG org.springframework.test.context.cache.DefaultCacheAwareContextLoaderDelegate - Retrieved ApplicationContext [1806878190] from cache with key [[MergedContextConfiguration@1d733d37 testClass = CertificateDaoImplTest, locations = '{}', classes = '{class com.epam.esm.configuration.DaoTestConfiguration}', contextInitializerClasses = '[]', activeProfiles = '{}', propertySourceLocations = '{}', propertySourceProperties = '{}', contextCustomizers = set[org.springframework.boot.test.autoconfigure.actuate.metrics.MetricsExportContextCustomizerFactory$DisableMetricExportContextCustomizer@491e42b4, org.springframework.boot.test.autoconfigure.properties.PropertyMappingContextCustomizer@0, org.springframework.boot.test.autoconfigure.web.servlet.WebDriverContextCustomizerFactory$Customizer@1970d49a, org.springframework.boot.test.context.filter.ExcludeFilterContextCustomizer@178e422e, org.springframework.boot.test.json.DuplicateJsonObjectContextCustomizerFactory$DuplicateJsonObjectContextCustomizer@1cf9c2c, org.springframework.boot.test.mock.mockito.MockitoContextCustomizer@0], contextLoader = 'org.springframework.test.context.support.DelegatingSmartContextLoader', parent = [null]]]
04:29:02.711 [Test worker] DEBUG org.springframework.test.context.cache - Spring test ApplicationContext cache statistics: [DefaultContextCache@4e17f97e size = 1, maxSize = 32, parentContextCount = 0, hitCount = 3, missCount = 1]
04:29:02.711 [Test worker] DEBUG org.springframework.test.context.cache.DefaultCacheAwareContextLoaderDelegate - Retrieved ApplicationContext [1806878190] from cache with key [[MergedContextConfiguration@1d733d37 testClass = CertificateDaoImplTest, locations = '{}', classes = '{class com.epam.esm.configuration.DaoTestConfiguration}', contextInitializerClasses = '[]', activeProfiles = '{}', propertySourceLocations = '{}', propertySourceProperties = '{}', contextCustomizers = set[org.springframework.boot.test.autoconfigure.actuate.metrics.MetricsExportContextCustomizerFactory$DisableMetricExportContextCustomizer@491e42b4, org.springframework.boot.test.autoconfigure.properties.PropertyMappingContextCustomizer@0, org.springframework.boot.test.autoconfigure.web.servlet.WebDriverContextCustomizerFactory$Customizer@1970d49a, org.springframework.boot.test.context.filter.ExcludeFilterContextCustomizer@178e422e, org.springframework.boot.test.json.DuplicateJsonObjectContextCustomizerFactory$DuplicateJsonObjectContextCustomizer@1cf9c2c, org.springframework.boot.test.mock.mockito.MockitoContextCustomizer@0], contextLoader = 'org.springframework.test.context.support.DelegatingSmartContextLoader', parent = [null]]]
04:29:02.711 [Test worker] DEBUG org.springframework.test.context.cache - Spring test ApplicationContext cache statistics: [DefaultContextCache@4e17f97e size = 1, maxSize = 32, parentContextCount = 0, hitCount = 4, missCount = 1]
04:29:02.828 [Test worker] DEBUG org.springframework.test.context.cache.DefaultCacheAwareContextLoaderDelegate - Retrieved ApplicationContext [1806878190] from cache with key [[MergedContextConfiguration@1d733d37 testClass = CertificateDaoImplTest, locations = '{}', classes = '{class com.epam.esm.configuration.DaoTestConfiguration}', contextInitializerClasses = '[]', activeProfiles = '{}', propertySourceLocations = '{}', propertySourceProperties = '{}', contextCustomizers = set[org.springframework.boot.test.autoconfigure.actuate.metrics.MetricsExportContextCustomizerFactory$DisableMetricExportContextCustomizer@491e42b4, org.springframework.boot.test.autoconfigure.properties.PropertyMappingContextCustomizer@0, org.springframework.boot.test.autoconfigure.web.servlet.WebDriverContextCustomizerFactory$Customizer@1970d49a, org.springframework.boot.test.context.filter.ExcludeFilterContextCustomizer@178e422e, org.springframework.boot.test.json.DuplicateJsonObjectContextCustomizerFactory$DuplicateJsonObjectContextCustomizer@1cf9c2c, org.springframework.boot.test.mock.mockito.MockitoContextCustomizer@0], contextLoader = 'org.springframework.test.context.support.DelegatingSmartContextLoader', parent = [null]]]
04:29:02.828 [Test worker] DEBUG org.springframework.test.context.cache - Spring test ApplicationContext cache statistics: [DefaultContextCache@4e17f97e size = 1, maxSize = 32, parentContextCount = 0, hitCount = 5, missCount = 1]
04:29:02.847 [Test worker] DEBUG org.hibernate.engine.spi.ActionQueue - Executing identity-insert immediately
04:29:02.849 [Test worker] DEBUG org.hibernate.SQL - insert into CertificateEntity (id, createDate, description, duration, lastUpdateDate, name, price) values (null, ?, ?, ?, ?, ?, ?)
Hibernate: insert into CertificateEntity (id, createDate, description, duration, lastUpdateDate, name, price) values (null, ?, ?, ?, ?, ?, ?)
04:29:02.855 [Test worker] DEBUG org.hibernate.id.IdentifierGeneratorHelper - Natively generated identity: 1
04:29:02.855 [Test worker] DEBUG org.hibernate.resource.jdbc.internal.ResourceRegistryStandardImpl - HHH000387: ResultSet's statement was not registered
04:29:02.865 [Test worker] DEBUG org.springframework.test.context.cache.DefaultCacheAwareContextLoaderDelegate - Retrieved ApplicationContext [1806878190] from cache with key [[MergedContextConfiguration@1d733d37 testClass = CertificateDaoImplTest, locations = '{}', classes = '{class com.epam.esm.configuration.DaoTestConfiguration}', contextInitializerClasses = '[]', activeProfiles = '{}', propertySourceLocations = '{}', propertySourceProperties = '{}', contextCustomizers = set[org.springframework.boot.test.autoconfigure.actuate.metrics.MetricsExportContextCustomizerFactory$DisableMetricExportContextCustomizer@491e42b4, org.springframework.boot.test.autoconfigure.properties.PropertyMappingContextCustomizer@0, org.springframework.boot.test.autoconfigure.web.servlet.WebDriverContextCustomizerFactory$Customizer@1970d49a, org.springframework.boot.test.context.filter.ExcludeFilterContextCustomizer@178e422e, org.springframework.boot.test.json.DuplicateJsonObjectContextCustomizerFactory$DuplicateJsonObjectContextCustomizer@1cf9c2c, org.springframework.boot.test.mock.mockito.MockitoContextCustomizer@0], contextLoader = 'org.springframework.test.context.support.DelegatingSmartContextLoader', parent = [null]]]
04:29:02.865 [Test worker] DEBUG org.springframework.test.context.cache - Spring test ApplicationContext cache statistics: [DefaultContextCache@4e17f97e size = 1, maxSize = 32, parentContextCount = 0, hitCount = 6, missCount = 1]
04:29:02.866 [Test worker] DEBUG org.springframework.test.context.cache.DefaultCacheAwareContextLoaderDelegate - Retrieved ApplicationContext [1806878190] from cache with key [[MergedContextConfiguration@1d733d37 testClass = CertificateDaoImplTest, locations = '{}', classes = '{class com.epam.esm.configuration.DaoTestConfiguration}', contextInitializerClasses = '[]', activeProfiles = '{}', propertySourceLocations = '{}', propertySourceProperties = '{}', contextCustomizers = set[org.springframework.boot.test.autoconfigure.actuate.metrics.MetricsExportContextCustomizerFactory$DisableMetricExportContextCustomizer@491e42b4, org.springframework.boot.test.autoconfigure.properties.PropertyMappingContextCustomizer@0, org.springframework.boot.test.autoconfigure.web.servlet.WebDriverContextCustomizerFactory$Customizer@1970d49a, org.springframework.boot.test.context.filter.ExcludeFilterContextCustomizer@178e422e, org.springframework.boot.test.json.DuplicateJsonObjectContextCustomizerFactory$DuplicateJsonObjectContextCustomizer@1cf9c2c, org.springframework.boot.test.mock.mockito.MockitoContextCustomizer@0], contextLoader = 'org.springframework.test.context.support.DelegatingSmartContextLoader', parent = [null]]]
04:29:02.866 [Test worker] DEBUG org.springframework.test.context.cache - Spring test ApplicationContext cache statistics: [DefaultContextCache@4e17f97e size = 1, maxSize = 32, parentContextCount = 0, hitCount = 7, missCount = 1]
04:29:02.867 [Test worker] DEBUG org.springframework.test.context.cache.DefaultCacheAwareContextLoaderDelegate - Retrieved ApplicationContext [1806878190] from cache with key [[MergedContextConfiguration@1d733d37 testClass = CertificateDaoImplTest, locations = '{}', classes = '{class com.epam.esm.configuration.DaoTestConfiguration}', contextInitializerClasses = '[]', activeProfiles = '{}', propertySourceLocations = '{}', propertySourceProperties = '{}', contextCustomizers = set[org.springframework.boot.test.autoconfigure.actuate.metrics.MetricsExportContextCustomizerFactory$DisableMetricExportContextCustomizer@491e42b4, org.springframework.boot.test.autoconfigure.properties.PropertyMappingContextCustomizer@0, org.springframework.boot.test.autoconfigure.web.servlet.WebDriverContextCustomizerFactory$Customizer@1970d49a, org.springframework.boot.test.context.filter.ExcludeFilterContextCustomizer@178e422e, org.springframework.boot.test.json.DuplicateJsonObjectContextCustomizerFactory$DuplicateJsonObjectContextCustomizer@1cf9c2c, org.springframework.boot.test.mock.mockito.MockitoContextCustomizer@0], contextLoader = 'org.springframework.test.context.support.DelegatingSmartContextLoader', parent = [null]]]
04:29:02.867 [Test worker] DEBUG org.springframework.test.context.cache - Spring test ApplicationContext cache statistics: [DefaultContextCache@4e17f97e size = 1, maxSize = 32, parentContextCount = 0, hitCount = 8, missCount = 1]
04:29:02.867 [Test worker] DEBUG org.springframework.test.context.cache.DefaultCacheAwareContextLoaderDelegate - Retrieved ApplicationContext [1806878190] from cache with key [[MergedContextConfiguration@1d733d37 testClass = CertificateDaoImplTest, locations = '{}', classes = '{class com.epam.esm.configuration.DaoTestConfiguration}', contextInitializerClasses = '[]', activeProfiles = '{}', propertySourceLocations = '{}', propertySourceProperties = '{}', contextCustomizers = set[org.springframework.boot.test.autoconfigure.actuate.metrics.MetricsExportContextCustomizerFactory$DisableMetricExportContextCustomizer@491e42b4, org.springframework.boot.test.autoconfigure.properties.PropertyMappingContextCustomizer@0, org.springframework.boot.test.autoconfigure.web.servlet.WebDriverContextCustomizerFactory$Customizer@1970d49a, org.springframework.boot.test.context.filter.ExcludeFilterContextCustomizer@178e422e, org.springframework.boot.test.json.DuplicateJsonObjectContextCustomizerFactory$DuplicateJsonObjectContextCustomizer@1cf9c2c, org.springframework.boot.test.mock.mockito.MockitoContextCustomizer@0], contextLoader = 'org.springframework.test.context.support.DelegatingSmartContextLoader', parent = [null]]]
04:29:02.867 [Test worker] DEBUG org.springframework.test.context.cache - Spring test ApplicationContext cache statistics: [DefaultContextCache@4e17f97e size = 1, maxSize = 32, parentContextCount = 0, hitCount = 9, missCount = 1]
04:29:02.868 [Test worker] DEBUG org.springframework.test.context.cache.DefaultCacheAwareContextLoaderDelegate - Retrieved ApplicationContext [1806878190] from cache with key [[MergedContextConfiguration@1d733d37 testClass = CertificateDaoImplTest, locations = '{}', classes = '{class com.epam.esm.configuration.DaoTestConfiguration}', contextInitializerClasses = '[]', activeProfiles = '{}', propertySourceLocations = '{}', propertySourceProperties = '{}', contextCustomizers = set[org.springframework.boot.test.autoconfigure.actuate.metrics.MetricsExportContextCustomizerFactory$DisableMetricExportContextCustomizer@491e42b4, org.springframework.boot.test.autoconfigure.properties.PropertyMappingContextCustomizer@0, org.springframework.boot.test.autoconfigure.web.servlet.WebDriverContextCustomizerFactory$Customizer@1970d49a, org.springframework.boot.test.context.filter.ExcludeFilterContextCustomizer@178e422e, org.springframework.boot.test.json.DuplicateJsonObjectContextCustomizerFactory$DuplicateJsonObjectContextCustomizer@1cf9c2c, org.springframework.boot.test.mock.mockito.MockitoContextCustomizer@0], contextLoader = 'org.springframework.test.context.support.DelegatingSmartContextLoader', parent = [null]]]
04:29:02.868 [Test worker] DEBUG org.springframework.test.context.cache - Spring test ApplicationContext cache statistics: [DefaultContextCache@4e17f97e size = 1, maxSize = 32, parentContextCount = 0, hitCount = 10, missCount = 1]
04:29:02.870 [Test worker] DEBUG org.springframework.test.context.cache.DefaultCacheAwareContextLoaderDelegate - Retrieved ApplicationContext [1806878190] from cache with key [[MergedContextConfiguration@1d733d37 testClass = CertificateDaoImplTest, locations = '{}', classes = '{class com.epam.esm.configuration.DaoTestConfiguration}', contextInitializerClasses = '[]', activeProfiles = '{}', propertySourceLocations = '{}', propertySourceProperties = '{}', contextCustomizers = set[org.springframework.boot.test.autoconfigure.actuate.metrics.MetricsExportContextCustomizerFactory$DisableMetricExportContextCustomizer@491e42b4, org.springframework.boot.test.autoconfigure.properties.PropertyMappingContextCustomizer@0, org.springframework.boot.test.autoconfigure.web.servlet.WebDriverContextCustomizerFactory$Customizer@1970d49a, org.springframework.boot.test.context.filter.ExcludeFilterContextCustomizer@178e422e, org.springframework.boot.test.json.DuplicateJsonObjectContextCustomizerFactory$DuplicateJsonObjectContextCustomizer@1cf9c2c, org.springframework.boot.test.mock.mockito.MockitoContextCustomizer@0], contextLoader = 'org.springframework.test.context.support.DelegatingSmartContextLoader', parent = [null]]]
04:29:02.870 [Test worker] DEBUG org.springframework.test.context.cache - Spring test ApplicationContext cache statistics: [DefaultContextCache@4e17f97e size = 1, maxSize = 32, parentContextCount = 0, hitCount = 11, missCount = 1]
04:29:02.871 [Test worker] DEBUG org.springframework.orm.jpa.JpaTransactionManager - Initiating transaction rollback
04:29:02.871 [Test worker] DEBUG org.springframework.orm.jpa.JpaTransactionManager - Rolling back JPA transaction on EntityManager [SessionImpl(1400273500<open>)]
04:29:02.871 [Test worker] DEBUG org.hibernate.engine.transaction.internal.TransactionImpl - rolling back
04:29:02.874 [Test worker] DEBUG org.springframework.orm.jpa.JpaTransactionManager - Closing JPA EntityManager [SessionImpl(1400273500<open>)] after transaction
04:29:02.874 [Test worker] INFO org.hibernate.engine.internal.StatisticalLoggingSessionEventListener - Session Metrics {
    515549 nanoseconds spent acquiring 1 JDBC connections;
    0 nanoseconds spent releasing 0 JDBC connections;
    513938 nanoseconds spent preparing 1 JDBC statements;
    2401351 nanoseconds spent executing 1 JDBC statements;
    0 nanoseconds spent executing 0 JDBC batches;
    0 nanoseconds spent performing 0 L2C puts;
    0 nanoseconds spent performing 0 L2C hits;
    0 nanoseconds spent performing 0 L2C misses;
    0 nanoseconds spent executing 0 flushes (flushing a total of 0 entities and 0 collections);
    0 nanoseconds spent executing 0 partial-flushes (flushing a total of 0 entities and 0 collections)
}
04:29:02.875 [Test worker] INFO org.springframework.test.context.transaction.TransactionContext - Rolled back transaction for test: [DefaultTestContext@29934d06 testClass = CertificateDaoImplTest, testInstance = com.epam.esm.dao.impl.CertificateDaoImplTest@ae25bce, testMethod = loadByIdTest@CertificateDaoImplTest, testException = [null], mergedContextConfiguration = [MergedContextConfiguration@1d733d37 testClass = CertificateDaoImplTest, locations = '{}', classes = '{class com.epam.esm.configuration.DaoTestConfiguration}', contextInitializerClasses = '[]', activeProfiles = '{}', propertySourceLocations = '{}', propertySourceProperties = '{}', contextCustomizers = set[org.springframework.boot.test.autoconfigure.actuate.metrics.MetricsExportContextCustomizerFactory$DisableMetricExportContextCustomizer@491e42b4, org.springframework.boot.test.autoconfigure.properties.PropertyMappingContextCustomizer@0, org.springframework.boot.test.autoconfigure.web.servlet.WebDriverContextCustomizerFactory$Customizer@1970d49a, org.springframework.boot.test.context.filter.ExcludeFilterContextCustomizer@178e422e, org.springframework.boot.test.json.DuplicateJsonObjectContextCustomizerFactory$DuplicateJsonObjectContextCustomizer@1cf9c2c, org.springframework.boot.test.mock.mockito.MockitoContextCustomizer@0], contextLoader = 'org.springframework.test.context.support.DelegatingSmartContextLoader', parent = [null]], attributes = map['org.springframework.test.context.event.ApplicationEventsTestExecutionListener.recordApplicationEvents' -> false]]
04:29:02.875 [Test worker] DEBUG org.springframework.test.context.support.AbstractDirtiesContextTestExecutionListener - After test method: context [DefaultTestContext@29934d06 testClass = CertificateDaoImplTest, testInstance = com.epam.esm.dao.impl.CertificateDaoImplTest@ae25bce, testMethod = loadByIdTest@CertificateDaoImplTest, testException = [null], mergedContextConfiguration = [MergedContextConfiguration@1d733d37 testClass = CertificateDaoImplTest, locations = '{}', classes = '{class com.epam.esm.configuration.DaoTestConfiguration}', contextInitializerClasses = '[]', activeProfiles = '{}', propertySourceLocations = '{}', propertySourceProperties = '{}', contextCustomizers = set[org.springframework.boot.test.autoconfigure.actuate.metrics.MetricsExportContextCustomizerFactory$DisableMetricExportContextCustomizer@491e42b4, org.springframework.boot.test.autoconfigure.properties.PropertyMappingContextCustomizer@0, org.springframework.boot.test.autoconfigure.web.servlet.WebDriverContextCustomizerFactory$Customizer@1970d49a, org.springframework.boot.test.context.filter.ExcludeFilterContextCustomizer@178e422e, org.springframework.boot.test.json.DuplicateJsonObjectContextCustomizerFactory$DuplicateJsonObjectContextCustomizer@1cf9c2c, org.springframework.boot.test.mock.mockito.MockitoContextCustomizer@0], contextLoader = 'org.springframework.test.context.support.DelegatingSmartContextLoader', parent = [null]], attributes = map['org.springframework.test.context.event.ApplicationEventsTestExecutionListener.recordApplicationEvents' -> false]], class annotated with @DirtiesContext [false] with mode [null], method annotated with @DirtiesContext [false] with mode [null].
04:29:02.880 [Test worker] DEBUG org.springframework.test.context.support.DependencyInjectionTestExecutionListener - Performing dependency injection for test context [[DefaultTestContext@29934d06 testClass = CertificateDaoImplTest, testInstance = com.epam.esm.dao.impl.CertificateDaoImplTest@25ba5653, testMethod = [null], testException = [null], mergedContextConfiguration = [MergedContextConfiguration@1d733d37 testClass = CertificateDaoImplTest, locations = '{}', classes = '{class com.epam.esm.configuration.DaoTestConfiguration}', contextInitializerClasses = '[]', activeProfiles = '{}', propertySourceLocations = '{}', propertySourceProperties = '{}', contextCustomizers = set[org.springframework.boot.test.autoconfigure.actuate.metrics.MetricsExportContextCustomizerFactory$DisableMetricExportContextCustomizer@491e42b4, org.springframework.boot.test.autoconfigure.properties.PropertyMappingContextCustomizer@0, org.springframework.boot.test.autoconfigure.web.servlet.WebDriverContextCustomizerFactory$Customizer@1970d49a, org.springframework.boot.test.context.filter.ExcludeFilterContextCustomizer@178e422e, org.springframework.boot.test.json.DuplicateJsonObjectContextCustomizerFactory$DuplicateJsonObjectContextCustomizer@1cf9c2c, org.springframework.boot.test.mock.mockito.MockitoContextCustomizer@0], contextLoader = 'org.springframework.test.context.support.DelegatingSmartContextLoader', parent = [null]], attributes = map['org.springframework.test.context.event.ApplicationEventsTestExecutionListener.recordApplicationEvents' -> false]]].
04:29:02.880 [Test worker] DEBUG org.springframework.test.context.cache.DefaultCacheAwareContextLoaderDelegate - Retrieved ApplicationContext [1806878190] from cache with key [[MergedContextConfiguration@1d733d37 testClass = CertificateDaoImplTest, locations = '{}', classes = '{class com.epam.esm.configuration.DaoTestConfiguration}', contextInitializerClasses = '[]', activeProfiles = '{}', propertySourceLocations = '{}', propertySourceProperties = '{}', contextCustomizers = set[org.springframework.boot.test.autoconfigure.actuate.metrics.MetricsExportContextCustomizerFactory$DisableMetricExportContextCustomizer@491e42b4, org.springframework.boot.test.autoconfigure.properties.PropertyMappingContextCustomizer@0, org.springframework.boot.test.autoconfigure.web.servlet.WebDriverContextCustomizerFactory$Customizer@1970d49a, org.springframework.boot.test.context.filter.ExcludeFilterContextCustomizer@178e422e, org.springframework.boot.test.json.DuplicateJsonObjectContextCustomizerFactory$DuplicateJsonObjectContextCustomizer@1cf9c2c, org.springframework.boot.test.mock.mockito.MockitoContextCustomizer@0], contextLoader = 'org.springframework.test.context.support.DelegatingSmartContextLoader', parent = [null]]]
04:29:02.880 [Test worker] DEBUG org.springframework.test.context.cache - Spring test ApplicationContext cache statistics: [DefaultContextCache@4e17f97e size = 1, maxSize = 32, parentContextCount = 0, hitCount = 12, missCount = 1]
04:29:02.881 [Test worker] DEBUG org.springframework.test.context.cache.DefaultCacheAwareContextLoaderDelegate - Retrieved ApplicationContext [1806878190] from cache with key [[MergedContextConfiguration@1d733d37 testClass = CertificateDaoImplTest, locations = '{}', classes = '{class com.epam.esm.configuration.DaoTestConfiguration}', contextInitializerClasses = '[]', activeProfiles = '{}', propertySourceLocations = '{}', propertySourceProperties = '{}', contextCustomizers = set[org.springframework.boot.test.autoconfigure.actuate.metrics.MetricsExportContextCustomizerFactory$DisableMetricExportContextCustomizer@491e42b4, org.springframework.boot.test.autoconfigure.properties.PropertyMappingContextCustomizer@0, org.springframework.boot.test.autoconfigure.web.servlet.WebDriverContextCustomizerFactory$Customizer@1970d49a, org.springframework.boot.test.context.filter.ExcludeFilterContextCustomizer@178e422e, org.springframework.boot.test.json.DuplicateJsonObjectContextCustomizerFactory$DuplicateJsonObjectContextCustomizer@1cf9c2c, org.springframework.boot.test.mock.mockito.MockitoContextCustomizer@0], contextLoader = 'org.springframework.test.context.support.DelegatingSmartContextLoader', parent = [null]]]
04:29:02.881 [Test worker] DEBUG org.springframework.test.context.cache - Spring test ApplicationContext cache statistics: [DefaultContextCache@4e17f97e size = 1, maxSize = 32, parentContextCount = 0, hitCount = 13, missCount = 1]
04:29:02.882 [Test worker] DEBUG org.springframework.test.context.support.AbstractDirtiesContextTestExecutionListener - Before test method: context [DefaultTestContext@29934d06 testClass = CertificateDaoImplTest, testInstance = com.epam.esm.dao.impl.CertificateDaoImplTest@25ba5653, testMethod = loadAllTest@CertificateDaoImplTest, testException = [null], mergedContextConfiguration = [MergedContextConfiguration@1d733d37 testClass = CertificateDaoImplTest, locations = '{}', classes = '{class com.epam.esm.configuration.DaoTestConfiguration}', contextInitializerClasses = '[]', activeProfiles = '{}', propertySourceLocations = '{}', propertySourceProperties = '{}', contextCustomizers = set[org.springframework.boot.test.autoconfigure.actuate.metrics.MetricsExportContextCustomizerFactory$DisableMetricExportContextCustomizer@491e42b4, org.springframework.boot.test.autoconfigure.properties.PropertyMappingContextCustomizer@0, org.springframework.boot.test.autoconfigure.web.servlet.WebDriverContextCustomizerFactory$Customizer@1970d49a, org.springframework.boot.test.context.filter.ExcludeFilterContextCustomizer@178e422e, org.springframework.boot.test.json.DuplicateJsonObjectContextCustomizerFactory$DuplicateJsonObjectContextCustomizer@1cf9c2c, org.springframework.boot.test.mock.mockito.MockitoContextCustomizer@0], contextLoader = 'org.springframework.test.context.support.DelegatingSmartContextLoader', parent = [null]], attributes = map['org.springframework.test.context.event.ApplicationEventsTestExecutionListener.recordApplicationEvents' -> false]], class annotated with @DirtiesContext [false] with mode [null], method annotated with @DirtiesContext [false] with mode [null].
04:29:02.882 [Test worker] DEBUG org.springframework.test.context.transaction.TransactionalTestExecutionListener - Explicit transaction definition [PROPAGATION_REQUIRED,ISOLATION_DEFAULT] found for test context [DefaultTestContext@29934d06 testClass = CertificateDaoImplTest, testInstance = com.epam.esm.dao.impl.CertificateDaoImplTest@25ba5653, testMethod = loadAllTest@CertificateDaoImplTest, testException = [null], mergedContextConfiguration = [MergedContextConfiguration@1d733d37 testClass = CertificateDaoImplTest, locations = '{}', classes = '{class com.epam.esm.configuration.DaoTestConfiguration}', contextInitializerClasses = '[]', activeProfiles = '{}', propertySourceLocations = '{}', propertySourceProperties = '{}', contextCustomizers = set[org.springframework.boot.test.autoconfigure.actuate.metrics.MetricsExportContextCustomizerFactory$DisableMetricExportContextCustomizer@491e42b4, org.springframework.boot.test.autoconfigure.properties.PropertyMappingContextCustomizer@0, org.springframework.boot.test.autoconfigure.web.servlet.WebDriverContextCustomizerFactory$Customizer@1970d49a, org.springframework.boot.test.context.filter.ExcludeFilterContextCustomizer@178e422e, org.springframework.boot.test.json.DuplicateJsonObjectContextCustomizerFactory$DuplicateJsonObjectContextCustomizer@1cf9c2c, org.springframework.boot.test.mock.mockito.MockitoContextCustomizer@0], contextLoader = 'org.springframework.test.context.support.DelegatingSmartContextLoader', parent = [null]], attributes = map['org.springframework.test.context.event.ApplicationEventsTestExecutionListener.recordApplicationEvents' -> false]]
04:29:02.883 [Test worker] DEBUG org.springframework.test.context.cache.DefaultCacheAwareContextLoaderDelegate - Retrieved ApplicationContext [1806878190] from cache with key [[MergedContextConfiguration@1d733d37 testClass = CertificateDaoImplTest, locations = '{}', classes = '{class com.epam.esm.configuration.DaoTestConfiguration}', contextInitializerClasses = '[]', activeProfiles = '{}', propertySourceLocations = '{}', propertySourceProperties = '{}', contextCustomizers = set[org.springframework.boot.test.autoconfigure.actuate.metrics.MetricsExportContextCustomizerFactory$DisableMetricExportContextCustomizer@491e42b4, org.springframework.boot.test.autoconfigure.properties.PropertyMappingContextCustomizer@0, org.springframework.boot.test.autoconfigure.web.servlet.WebDriverContextCustomizerFactory$Customizer@1970d49a, org.springframework.boot.test.context.filter.ExcludeFilterContextCustomizer@178e422e, org.springframework.boot.test.json.DuplicateJsonObjectContextCustomizerFactory$DuplicateJsonObjectContextCustomizer@1cf9c2c, org.springframework.boot.test.mock.mockito.MockitoContextCustomizer@0], contextLoader = 'org.springframework.test.context.support.DelegatingSmartContextLoader', parent = [null]]]
04:29:02.883 [Test worker] DEBUG org.springframework.test.context.cache - Spring test ApplicationContext cache statistics: [DefaultContextCache@4e17f97e size = 1, maxSize = 32, parentContextCount = 0, hitCount = 14, missCount = 1]
04:29:02.883 [Test worker] DEBUG org.springframework.test.context.transaction.TransactionalTestExecutionListener - No method-level @Rollback override: using default rollback [true] for test context [DefaultTestContext@29934d06 testClass = CertificateDaoImplTest, testInstance = com.epam.esm.dao.impl.CertificateDaoImplTest@25ba5653, testMethod = loadAllTest@CertificateDaoImplTest, testException = [null], mergedContextConfiguration = [MergedContextConfiguration@1d733d37 testClass = CertificateDaoImplTest, locations = '{}', classes = '{class com.epam.esm.configuration.DaoTestConfiguration}', contextInitializerClasses = '[]', activeProfiles = '{}', propertySourceLocations = '{}', propertySourceProperties = '{}', contextCustomizers = set[org.springframework.boot.test.autoconfigure.actuate.metrics.MetricsExportContextCustomizerFactory$DisableMetricExportContextCustomizer@491e42b4, org.springframework.boot.test.autoconfigure.properties.PropertyMappingContextCustomizer@0, org.springframework.boot.test.autoconfigure.web.servlet.WebDriverContextCustomizerFactory$Customizer@1970d49a, org.springframework.boot.test.context.filter.ExcludeFilterContextCustomizer@178e422e, org.springframework.boot.test.json.DuplicateJsonObjectContextCustomizerFactory$DuplicateJsonObjectContextCustomizer@1cf9c2c, org.springframework.boot.test.mock.mockito.MockitoContextCustomizer@0], contextLoader = 'org.springframework.test.context.support.DelegatingSmartContextLoader', parent = [null]], attributes = map['org.springframework.test.context.event.ApplicationEventsTestExecutionListener.recordApplicationEvents' -> false]].
04:29:02.883 [Test worker] DEBUG org.springframework.orm.jpa.JpaTransactionManager - Creating new transaction with name [com.epam.esm.dao.impl.CertificateDaoImplTest.loadAllTest]: PROPAGATION_REQUIRED,ISOLATION_DEFAULT
04:29:02.883 [Test worker] DEBUG org.springframework.orm.jpa.JpaTransactionManager - Opened new EntityManager [SessionImpl(111824252<open>)] for JPA transaction
04:29:02.883 [Test worker] DEBUG org.hibernate.engine.transaction.internal.TransactionImpl - On TransactionImpl creation, JpaCompliance#isJpaTransactionComplianceEnabled == false
04:29:02.883 [Test worker] DEBUG org.hibernate.engine.transaction.internal.TransactionImpl - begin
04:29:02.883 [Test worker] DEBUG org.springframework.jdbc.datasource.DriverManagerDataSource - Creating new JDBC DriverManager Connection to [jdbc:h2:mem:second;DB_CLOSE_DELAY=-1]
04:29:02.884 [Test worker] DEBUG org.springframework.orm.jpa.JpaTransactionManager - Exposing JPA transaction as JDBC [org.springframework.orm.jpa.vendor.HibernateJpaDialect$HibernateConnectionHandle@1cdd08ff]
04:29:02.884 [Test worker] INFO org.springframework.test.context.transaction.TransactionContext - Began transaction (1) for test context [DefaultTestContext@29934d06 testClass = CertificateDaoImplTest, testInstance = com.epam.esm.dao.impl.CertificateDaoImplTest@25ba5653, testMethod = loadAllTest@CertificateDaoImplTest, testException = [null], mergedContextConfiguration = [MergedContextConfiguration@1d733d37 testClass = CertificateDaoImplTest, locations = '{}', classes = '{class com.epam.esm.configuration.DaoTestConfiguration}', contextInitializerClasses = '[]', activeProfiles = '{}', propertySourceLocations = '{}', propertySourceProperties = '{}', contextCustomizers = set[org.springframework.boot.test.autoconfigure.actuate.metrics.MetricsExportContextCustomizerFactory$DisableMetricExportContextCustomizer@491e42b4, org.springframework.boot.test.autoconfigure.properties.PropertyMappingContextCustomizer@0, org.springframework.boot.test.autoconfigure.web.servlet.WebDriverContextCustomizerFactory$Customizer@1970d49a, org.springframework.boot.test.context.filter.ExcludeFilterContextCustomizer@178e422e, org.springframework.boot.test.json.DuplicateJsonObjectContextCustomizerFactory$DuplicateJsonObjectContextCustomizer@1cf9c2c, org.springframework.boot.test.mock.mockito.MockitoContextCustomizer@0], contextLoader = 'org.springframework.test.context.support.DelegatingSmartContextLoader', parent = [null]], attributes = map['org.springframework.test.context.event.ApplicationEventsTestExecutionListener.recordApplicationEvents' -> false]]; transaction manager [org.springframework.orm.jpa.JpaTransactionManager@5f1d7692]; rollback [true]
04:29:02.884 [Test worker] DEBUG org.springframework.test.context.cache.DefaultCacheAwareContextLoaderDelegate - Retrieved ApplicationContext [1806878190] from cache with key [[MergedContextConfiguration@1d733d37 testClass = CertificateDaoImplTest, locations = '{}', classes = '{class com.epam.esm.configuration.DaoTestConfiguration}', contextInitializerClasses = '[]', activeProfiles = '{}', propertySourceLocations = '{}', propertySourceProperties = '{}', contextCustomizers = set[org.springframework.boot.test.autoconfigure.actuate.metrics.MetricsExportContextCustomizerFactory$DisableMetricExportContextCustomizer@491e42b4, org.springframework.boot.test.autoconfigure.properties.PropertyMappingContextCustomizer@0, org.springframework.boot.test.autoconfigure.web.servlet.WebDriverContextCustomizerFactory$Customizer@1970d49a, org.springframework.boot.test.context.filter.ExcludeFilterContextCustomizer@178e422e, org.springframework.boot.test.json.DuplicateJsonObjectContextCustomizerFactory$DuplicateJsonObjectContextCustomizer@1cf9c2c, org.springframework.boot.test.mock.mockito.MockitoContextCustomizer@0], contextLoader = 'org.springframework.test.context.support.DelegatingSmartContextLoader', parent = [null]]]
04:29:02.884 [Test worker] DEBUG org.springframework.test.context.cache - Spring test ApplicationContext cache statistics: [DefaultContextCache@4e17f97e size = 1, maxSize = 32, parentContextCount = 0, hitCount = 15, missCount = 1]
04:29:02.885 [Test worker] DEBUG org.springframework.test.context.cache.DefaultCacheAwareContextLoaderDelegate - Retrieved ApplicationContext [1806878190] from cache with key [[MergedContextConfiguration@1d733d37 testClass = CertificateDaoImplTest, locations = '{}', classes = '{class com.epam.esm.configuration.DaoTestConfiguration}', contextInitializerClasses = '[]', activeProfiles = '{}', propertySourceLocations = '{}', propertySourceProperties = '{}', contextCustomizers = set[org.springframework.boot.test.autoconfigure.actuate.metrics.MetricsExportContextCustomizerFactory$DisableMetricExportContextCustomizer@491e42b4, org.springframework.boot.test.autoconfigure.properties.PropertyMappingContextCustomizer@0, org.springframework.boot.test.autoconfigure.web.servlet.WebDriverContextCustomizerFactory$Customizer@1970d49a, org.springframework.boot.test.context.filter.ExcludeFilterContextCustomizer@178e422e, org.springframework.boot.test.json.DuplicateJsonObjectContextCustomizerFactory$DuplicateJsonObjectContextCustomizer@1cf9c2c, org.springframework.boot.test.mock.mockito.MockitoContextCustomizer@0], contextLoader = 'org.springframework.test.context.support.DelegatingSmartContextLoader', parent = [null]]]
04:29:02.885 [Test worker] DEBUG org.springframework.test.context.cache - Spring test ApplicationContext cache statistics: [DefaultContextCache@4e17f97e size = 1, maxSize = 32, parentContextCount = 0, hitCount = 16, missCount = 1]
04:29:02.885 [Test worker] DEBUG org.springframework.test.context.cache.DefaultCacheAwareContextLoaderDelegate - Retrieved ApplicationContext [1806878190] from cache with key [[MergedContextConfiguration@1d733d37 testClass = CertificateDaoImplTest, locations = '{}', classes = '{class com.epam.esm.configuration.DaoTestConfiguration}', contextInitializerClasses = '[]', activeProfiles = '{}', propertySourceLocations = '{}', propertySourceProperties = '{}', contextCustomizers = set[org.springframework.boot.test.autoconfigure.actuate.metrics.MetricsExportContextCustomizerFactory$DisableMetricExportContextCustomizer@491e42b4, org.springframework.boot.test.autoconfigure.properties.PropertyMappingContextCustomizer@0, org.springframework.boot.test.autoconfigure.web.servlet.WebDriverContextCustomizerFactory$Customizer@1970d49a, org.springframework.boot.test.context.filter.ExcludeFilterContextCustomizer@178e422e, org.springframework.boot.test.json.DuplicateJsonObjectContextCustomizerFactory$DuplicateJsonObjectContextCustomizer@1cf9c2c, org.springframework.boot.test.mock.mockito.MockitoContextCustomizer@0], contextLoader = 'org.springframework.test.context.support.DelegatingSmartContextLoader', parent = [null]]]
04:29:02.885 [Test worker] DEBUG org.springframework.test.context.cache - Spring test ApplicationContext cache statistics: [DefaultContextCache@4e17f97e size = 1, maxSize = 32, parentContextCount = 0, hitCount = 17, missCount = 1]
04:29:02.894 [Test worker] DEBUG org.hibernate.hql.internal.QueryTranslatorFactoryInitiator - QueryTranslatorFactory: org.hibernate.hql.internal.ast.ASTQueryTranslatorFactory@2d7c6095
04:29:02.911 [Test worker] DEBUG org.hibernate.hql.internal.ast.QueryTranslatorImpl - parse() - HQL: SELECT cert FROM com.epam.esm.model.entity.CertificateEntity cert WHERE cert.name = ?1
04:29:02.915 [Test worker] DEBUG org.hibernate.hql.internal.ast.ErrorTracker - throwQueryException() : no errors
04:29:02.920 [Test worker] DEBUG org.hibernate.hql.internal.ast.QueryTranslatorImpl - --- HQL AST ---
 \-[QUERY] Node: 'query'
    +-[SELECT_FROM] Node: 'SELECT_FROM'
    |  +-[FROM] Node: 'FROM'
    |  |  \-[RANGE] Node: 'RANGE'
    |  |     +-[DOT] Node: '.'
    |  |     |  +-[DOT] Node: '.'
    |  |     |  |  +-[DOT] Node: '.'
    |  |     |  |  |  +-[DOT] Node: '.'
    |  |     |  |  |  |  +-[DOT] Node: '.'
    |  |     |  |  |  |  |  +-[IDENT] Node: 'com'
    |  |     |  |  |  |  |  \-[IDENT] Node: 'epam'
    |  |     |  |  |  |  \-[IDENT] Node: 'esm'
    |  |     |  |  |  \-[IDENT] Node: 'model'
    |  |     |  |  \-[IDENT] Node: 'entity'
    |  |     |  \-[IDENT] Node: 'CertificateEntity'
    |  |     \-[ALIAS] Node: 'cert'
    |  \-[SELECT] Node: 'SELECT'
    |     \-[IDENT] Node: 'cert'
    \-[WHERE] Node: 'WHERE'
       \-[EQ] Node: '='
          +-[DOT] Node: '.'
          |  +-[IDENT] Node: 'cert'
          |  \-[IDENT] Node: 'name'
          \-[PARAM] Node: '?'
             \-[NUM_INT] Node: '1'

04:29:02.935 [Test worker] DEBUG org.hibernate.hql.internal.antlr.HqlSqlBaseWalker - select << begin [level=1, statement=select]
04:29:02.943 [Test worker] DEBUG org.hibernate.hql.internal.ast.tree.FromElement - FromClause{level=1} : com.epam.esm.model.entity.CertificateEntity (cert) -> certificat0_
04:29:02.944 [Test worker] DEBUG org.hibernate.hql.internal.ast.tree.FromReferenceNode - Resolved : cert -> certificat0_.id
04:29:02.945 [Test worker] DEBUG org.hibernate.hql.internal.ast.tree.FromReferenceNode - Resolved : cert -> certificat0_.id
04:29:02.946 [Test worker] DEBUG org.hibernate.hql.internal.ast.tree.DotNode - getDataType() : name -> org.hibernate.type.StringType@304dba7
04:29:02.947 [Test worker] DEBUG org.hibernate.hql.internal.ast.tree.FromReferenceNode - Resolved : cert.name -> certificat0_.name
04:29:02.948 [Test worker] DEBUG org.hibernate.hql.internal.antlr.HqlSqlBaseWalker - select : finishing up [level=1, statement=select]
04:29:02.948 [Test worker] DEBUG org.hibernate.hql.internal.ast.HqlSqlWalker - processQuery() :  ( SELECT ( {select clause} certificat0_.id ) ( FromClause{level=1} CertificateEntity certificat0_ ) ( WHERE ( = ( certificat0_.name certificat0_.id name ) ? ) ) )
04:29:02.952 [Test worker] DEBUG org.hibernate.hql.internal.ast.util.JoinProcessor - Tables referenced from query nodes:
 \-QueryNode
    +-SelectClause
    | referencedTables(entity CertificateEntity): [CertificateEntity]
    |  +-IdentNode
    |  | persister: SingleTableEntityPersister(com.epam.esm.model.entity.CertificateEntity)
    |  | originalText: cert
    |  \-SqlFragment
    +-FromClause
    |  \-FromElement
    \-SqlNode
       \-BinaryLogicOperatorNode
          +-DotNode
          | persister: SingleTableEntityPersister(com.epam.esm.model.entity.CertificateEntity)
          | path: cert.name
          |  +-IdentNode
          |  | persister: SingleTableEntityPersister(com.epam.esm.model.entity.CertificateEntity)
          |  | originalText: cert
          |  \-IdentNode
          |    persister: null
          |    originalText: name
          \-ParameterNode

04:29:02.954 [Test worker] DEBUG org.hibernate.hql.internal.ast.util.JoinProcessor - Using FROM fragment [CertificateEntity certificat0_]
04:29:02.954 [Test worker] DEBUG org.hibernate.hql.internal.antlr.HqlSqlBaseWalker - select >> end [level=1, statement=select]
04:29:02.955 [Test worker] DEBUG org.hibernate.hql.internal.ast.QueryTranslatorImpl - --- SQL AST ---
 \-[SELECT] QueryNode: 'SELECT'  querySpaces (CertificateEntity)
    +-[SELECT_CLAUSE] SelectClause: '{select clause}'
    |  +-[ALIAS_REF] IdentNode: 'certificat0_.id as id1_0_' {alias=cert, className=com.epam.esm.model.entity.CertificateEntity, tableAlias=certificat0_}
    |  \-[SQL_TOKEN] SqlFragment: 'certificat0_.createDate as createda2_0_, certificat0_.description as descript3_0_, certificat0_.duration as duration4_0_, certificat0_.lastUpdateDate as lastupda5_0_, certificat0_.name as name6_0_, certificat0_.price as price7_0_'
    +-[FROM] FromClause: 'FROM' FromClause{level=1, fromElementCounter=1, fromElements=1, fromElementByClassAlias=[cert], fromElementByTableAlias=[certificat0_], fromElementsByPath=[], collectionJoinFromElementsByPath=[], impliedElements=[]}
    |  \-[FROM_FRAGMENT] FromElement: 'CertificateEntity certificat0_' FromElement{explicit,not a collection join,not a fetch join,fetch non-lazy properties,classAlias=cert,role=null,tableName=CertificateEntity,tableAlias=certificat0_,origin=null,columns={,className=com.epam.esm.model.entity.CertificateEntity}}
    \-[WHERE] SqlNode: 'WHERE'
       \-[EQ] BinaryLogicOperatorNode: '='
          +-[DOT] DotNode: 'certificat0_.name' {propertyName=name,dereferenceType=PRIMITIVE,getPropertyPath=name,path=cert.name,tableAlias=certificat0_,className=com.epam.esm.model.entity.CertificateEntity,classAlias=cert}
          |  +-[ALIAS_REF] IdentNode: 'certificat0_.id' {alias=cert, className=com.epam.esm.model.entity.CertificateEntity, tableAlias=certificat0_}
          |  \-[IDENT] IdentNode: 'name' {originalText=name}
          \-[PARAM] ParameterNode: '?' {label=1, expectedType=org.hibernate.type.StringType@304dba7}

04:29:02.955 [Test worker] DEBUG org.hibernate.hql.internal.ast.ErrorTracker - throwQueryException() : no errors
04:29:02.959 [Test worker] DEBUG org.hibernate.hql.internal.ast.QueryTranslatorImpl - HQL: SELECT cert FROM com.epam.esm.model.entity.CertificateEntity cert WHERE cert.name = ?1
04:29:02.959 [Test worker] DEBUG org.hibernate.hql.internal.ast.QueryTranslatorImpl - SQL: select certificat0_.id as id1_0_, certificat0_.createDate as createda2_0_, certificat0_.description as descript3_0_, certificat0_.duration as duration4_0_, certificat0_.lastUpdateDate as lastupda5_0_, certificat0_.name as name6_0_, certificat0_.price as price7_0_ from CertificateEntity certificat0_ where certificat0_.name=?
04:29:02.959 [Test worker] DEBUG org.hibernate.hql.internal.ast.ErrorTracker - throwQueryException() : no errors
04:29:02.971 [Test worker] DEBUG org.hibernate.SQL - select certificat0_.id as id1_0_, certificat0_.createDate as createda2_0_, certificat0_.description as descript3_0_, certificat0_.duration as duration4_0_, certificat0_.lastUpdateDate as lastupda5_0_, certificat0_.name as name6_0_, certificat0_.price as price7_0_ from CertificateEntity certificat0_ where certificat0_.name=?
Hibernate: select certificat0_.id as id1_0_, certificat0_.createDate as createda2_0_, certificat0_.description as descript3_0_, certificat0_.duration as duration4_0_, certificat0_.lastUpdateDate as lastupda5_0_, certificat0_.name as name6_0_, certificat0_.price as price7_0_ from CertificateEntity certificat0_ where certificat0_.name=?
04:29:02.972 [Test worker] DEBUG org.hibernate.stat.internal.StatisticsImpl - HHH000117: HQL: SELECT cert FROM CertificateEntity cert WHERE cert.name = ?1, time: 1ms, rows: 0
04:29:02.977 [Test worker] DEBUG org.hibernate.engine.spi.ActionQueue - Executing identity-insert immediately
04:29:02.977 [Test worker] DEBUG org.hibernate.SQL - insert into CertificateEntity (id, createDate, description, duration, lastUpdateDate, name, price) values (null, ?, ?, ?, ?, ?, ?)
Hibernate: insert into CertificateEntity (id, createDate, description, duration, lastUpdateDate, name, price) values (null, ?, ?, ?, ?, ?, ?)
04:29:02.978 [Test worker] DEBUG org.hibernate.id.IdentifierGeneratorHelper - Natively generated identity: 2
04:29:02.978 [Test worker] DEBUG org.hibernate.resource.jdbc.internal.ResourceRegistryStandardImpl - HHH000387: ResultSet's statement was not registered
04:29:02.978 [Test worker] DEBUG org.hibernate.event.internal.AbstractFlushingEventListener - Processing flush-time cascades
04:29:02.978 [Test worker] DEBUG org.hibernate.event.internal.AbstractFlushingEventListener - Dirty checking collections
04:29:02.982 [Test worker] DEBUG org.hibernate.engine.internal.Collections - Collection found: [com.epam.esm.model.entity.CertificateEntity.tagEntities#2], was: [<unreferenced>] (initialized)
04:29:02.984 [Test worker] DEBUG org.hibernate.event.internal.AbstractFlushingEventListener - Flushed: 0 insertions, 0 updates, 0 deletions to 1 objects
04:29:02.984 [Test worker] DEBUG org.hibernate.event.internal.AbstractFlushingEventListener - Flushed: 1 (re)creations, 0 updates, 0 removals to 1 collections
04:29:02.985 [Test worker] DEBUG org.hibernate.internal.util.EntityPrinter - Listing entities:
04:29:02.986 [Test worker] DEBUG org.hibernate.internal.util.EntityPrinter - com.epam.esm.model.entity.CertificateEntity{duration=0, lastUpdateDate=null, price=0.0, tagEntities=[], name=0, description=null, id=2, createDate=null}
04:29:02.986 [Test worker] DEBUG org.hibernate.SQL - select certificat0_.id as id1_0_, certificat0_.createDate as createda2_0_, certificat0_.description as descript3_0_, certificat0_.duration as duration4_0_, certificat0_.lastUpdateDate as lastupda5_0_, certificat0_.name as name6_0_, certificat0_.price as price7_0_ from CertificateEntity certificat0_ where certificat0_.name=?
Hibernate: select certificat0_.id as id1_0_, certificat0_.createDate as createda2_0_, certificat0_.description as descript3_0_, certificat0_.duration as duration4_0_, certificat0_.lastUpdateDate as lastupda5_0_, certificat0_.name as name6_0_, certificat0_.price as price7_0_ from CertificateEntity certificat0_ where certificat0_.name=?
04:29:02.986 [Test worker] DEBUG org.hibernate.stat.internal.StatisticsImpl - HHH000117: HQL: SELECT cert FROM CertificateEntity cert WHERE cert.name = ?1, time: 0ms, rows: 0
04:29:02.987 [Test worker] DEBUG org.hibernate.engine.spi.ActionQueue - Executing identity-insert immediately
04:29:02.987 [Test worker] DEBUG org.hibernate.SQL - insert into CertificateEntity (id, createDate, description, duration, lastUpdateDate, name, price) values (null, ?, ?, ?, ?, ?, ?)
Hibernate: insert into CertificateEntity (id, createDate, description, duration, lastUpdateDate, name, price) values (null, ?, ?, ?, ?, ?, ?)
04:29:02.987 [Test worker] DEBUG org.hibernate.id.IdentifierGeneratorHelper - Natively generated identity: 3
04:29:02.987 [Test worker] DEBUG org.hibernate.resource.jdbc.internal.ResourceRegistryStandardImpl - HHH000387: ResultSet's statement was not registered
04:29:02.988 [Test worker] DEBUG org.hibernate.event.internal.AbstractFlushingEventListener - Processing flush-time cascades
04:29:02.988 [Test worker] DEBUG org.hibernate.event.internal.AbstractFlushingEventListener - Dirty checking collections
04:29:02.988 [Test worker] DEBUG org.hibernate.engine.internal.Collections - Collection found: [com.epam.esm.model.entity.CertificateEntity.tagEntities#2], was: [<unreferenced>] (initialized)
04:29:02.988 [Test worker] DEBUG org.hibernate.engine.internal.Collections - Collection found: [com.epam.esm.model.entity.CertificateEntity.tagEntities#3], was: [<unreferenced>] (initialized)
04:29:02.988 [Test worker] DEBUG org.hibernate.event.internal.AbstractFlushingEventListener - Flushed: 0 insertions, 0 updates, 0 deletions to 2 objects
04:29:02.989 [Test worker] DEBUG org.hibernate.event.internal.AbstractFlushingEventListener - Flushed: 2 (re)creations, 0 updates, 0 removals to 2 collections
04:29:02.989 [Test worker] DEBUG org.hibernate.internal.util.EntityPrinter - Listing entities:
04:29:02.989 [Test worker] DEBUG org.hibernate.internal.util.EntityPrinter - com.epam.esm.model.entity.CertificateEntity{duration=0, lastUpdateDate=null, price=0.0, tagEntities=[], name=0, description=null, id=2, createDate=null}
04:29:02.989 [Test worker] DEBUG org.hibernate.internal.util.EntityPrinter - com.epam.esm.model.entity.CertificateEntity{duration=0, lastUpdateDate=null, price=0.0, tagEntities=[], name=1, description=null, id=3, createDate=null}
04:29:02.989 [Test worker] DEBUG org.hibernate.SQL - select certificat0_.id as id1_0_, certificat0_.createDate as createda2_0_, certificat0_.description as descript3_0_, certificat0_.duration as duration4_0_, certificat0_.lastUpdateDate as lastupda5_0_, certificat0_.name as name6_0_, certificat0_.price as price7_0_ from CertificateEntity certificat0_ where certificat0_.name=?
Hibernate: select certificat0_.id as id1_0_, certificat0_.createDate as createda2_0_, certificat0_.description as descript3_0_, certificat0_.duration as duration4_0_, certificat0_.lastUpdateDate as lastupda5_0_, certificat0_.name as name6_0_, certificat0_.price as price7_0_ from CertificateEntity certificat0_ where certificat0_.name=?
04:29:02.990 [Test worker] DEBUG org.hibernate.stat.internal.StatisticsImpl - HHH000117: HQL: SELECT cert FROM CertificateEntity cert WHERE cert.name = ?1, time: 0ms, rows: 0
04:29:02.990 [Test worker] DEBUG org.hibernate.engine.spi.ActionQueue - Executing identity-insert immediately
04:29:02.990 [Test worker] DEBUG org.hibernate.SQL - insert into CertificateEntity (id, createDate, description, duration, lastUpdateDate, name, price) values (null, ?, ?, ?, ?, ?, ?)
Hibernate: insert into CertificateEntity (id, createDate, description, duration, lastUpdateDate, name, price) values (null, ?, ?, ?, ?, ?, ?)
04:29:02.990 [Test worker] DEBUG org.hibernate.id.IdentifierGeneratorHelper - Natively generated identity: 4
04:29:02.991 [Test worker] DEBUG org.hibernate.resource.jdbc.internal.ResourceRegistryStandardImpl - HHH000387: ResultSet's statement was not registered
04:29:02.991 [Test worker] DEBUG org.hibernate.event.internal.AbstractFlushingEventListener - Processing flush-time cascades
04:29:02.991 [Test worker] DEBUG org.hibernate.event.internal.AbstractFlushingEventListener - Dirty checking collections
04:29:02.991 [Test worker] DEBUG org.hibernate.engine.internal.Collections - Collection found: [com.epam.esm.model.entity.CertificateEntity.tagEntities#2], was: [<unreferenced>] (initialized)
04:29:02.992 [Test worker] DEBUG org.hibernate.engine.internal.Collections - Collection found: [com.epam.esm.model.entity.CertificateEntity.tagEntities#3], was: [<unreferenced>] (initialized)
04:29:02.992 [Test worker] DEBUG org.hibernate.engine.internal.Collections - Collection found: [com.epam.esm.model.entity.CertificateEntity.tagEntities#4], was: [<unreferenced>] (initialized)
04:29:02.992 [Test worker] DEBUG org.hibernate.event.internal.AbstractFlushingEventListener - Flushed: 0 insertions, 0 updates, 0 deletions to 3 objects
04:29:02.992 [Test worker] DEBUG org.hibernate.event.internal.AbstractFlushingEventListener - Flushed: 3 (re)creations, 0 updates, 0 removals to 3 collections
04:29:02.992 [Test worker] DEBUG org.hibernate.internal.util.EntityPrinter - Listing entities:
04:29:02.992 [Test worker] DEBUG org.hibernate.internal.util.EntityPrinter - com.epam.esm.model.entity.CertificateEntity{duration=0, lastUpdateDate=null, price=0.0, tagEntities=[], name=0, description=null, id=2, createDate=null}
04:29:02.992 [Test worker] DEBUG org.hibernate.internal.util.EntityPrinter - com.epam.esm.model.entity.CertificateEntity{duration=0, lastUpdateDate=null, price=0.0, tagEntities=[], name=1, description=null, id=3, createDate=null}
04:29:02.992 [Test worker] DEBUG org.hibernate.internal.util.EntityPrinter - com.epam.esm.model.entity.CertificateEntity{duration=0, lastUpdateDate=null, price=0.0, tagEntities=[], name=2, description=null, id=4, createDate=null}
04:29:02.992 [Test worker] DEBUG org.hibernate.SQL - select certificat0_.id as id1_0_, certificat0_.createDate as createda2_0_, certificat0_.description as descript3_0_, certificat0_.duration as duration4_0_, certificat0_.lastUpdateDate as lastupda5_0_, certificat0_.name as name6_0_, certificat0_.price as price7_0_ from CertificateEntity certificat0_ where certificat0_.name=?
Hibernate: select certificat0_.id as id1_0_, certificat0_.createDate as createda2_0_, certificat0_.description as descript3_0_, certificat0_.duration as duration4_0_, certificat0_.lastUpdateDate as lastupda5_0_, certificat0_.name as name6_0_, certificat0_.price as price7_0_ from CertificateEntity certificat0_ where certificat0_.name=?
04:29:02.993 [Test worker] DEBUG org.hibernate.stat.internal.StatisticsImpl - HHH000117: HQL: SELECT cert FROM CertificateEntity cert WHERE cert.name = ?1, time: 0ms, rows: 0
04:29:02.993 [Test worker] DEBUG org.hibernate.engine.spi.ActionQueue - Executing identity-insert immediately
04:29:02.993 [Test worker] DEBUG org.hibernate.SQL - insert into CertificateEntity (id, createDate, description, duration, lastUpdateDate, name, price) values (null, ?, ?, ?, ?, ?, ?)
Hibernate: insert into CertificateEntity (id, createDate, description, duration, lastUpdateDate, name, price) values (null, ?, ?, ?, ?, ?, ?)
04:29:02.994 [Test worker] DEBUG org.hibernate.id.IdentifierGeneratorHelper - Natively generated identity: 5
04:29:02.994 [Test worker] DEBUG org.hibernate.resource.jdbc.internal.ResourceRegistryStandardImpl - HHH000387: ResultSet's statement was not registered
04:29:02.995 [Test worker] DEBUG org.hibernate.event.internal.AbstractFlushingEventListener - Processing flush-time cascades
04:29:02.995 [Test worker] DEBUG org.hibernate.event.internal.AbstractFlushingEventListener - Dirty checking collections
04:29:02.995 [Test worker] DEBUG org.hibernate.engine.internal.Collections - Collection found: [com.epam.esm.model.entity.CertificateEntity.tagEntities#2], was: [<unreferenced>] (initialized)
04:29:02.995 [Test worker] DEBUG org.hibernate.engine.internal.Collections - Collection found: [com.epam.esm.model.entity.CertificateEntity.tagEntities#3], was: [<unreferenced>] (initialized)
04:29:02.995 [Test worker] DEBUG org.hibernate.engine.internal.Collections - Collection found: [com.epam.esm.model.entity.CertificateEntity.tagEntities#4], was: [<unreferenced>] (initialized)
04:29:02.996 [Test worker] DEBUG org.hibernate.engine.internal.Collections - Collection found: [com.epam.esm.model.entity.CertificateEntity.tagEntities#5], was: [<unreferenced>] (initialized)
04:29:02.996 [Test worker] DEBUG org.hibernate.event.internal.AbstractFlushingEventListener - Flushed: 0 insertions, 0 updates, 0 deletions to 4 objects
04:29:02.996 [Test worker] DEBUG org.hibernate.event.internal.AbstractFlushingEventListener - Flushed: 4 (re)creations, 0 updates, 0 removals to 4 collections
04:29:02.996 [Test worker] DEBUG org.hibernate.internal.util.EntityPrinter - Listing entities:
04:29:02.996 [Test worker] DEBUG org.hibernate.internal.util.EntityPrinter - com.epam.esm.model.entity.CertificateEntity{duration=0, lastUpdateDate=null, price=0.0, tagEntities=[], name=0, description=null, id=2, createDate=null}
04:29:02.996 [Test worker] DEBUG org.hibernate.internal.util.EntityPrinter - com.epam.esm.model.entity.CertificateEntity{duration=0, lastUpdateDate=null, price=0.0, tagEntities=[], name=1, description=null, id=3, createDate=null}
04:29:02.996 [Test worker] DEBUG org.hibernate.internal.util.EntityPrinter - com.epam.esm.model.entity.CertificateEntity{duration=0, lastUpdateDate=null, price=0.0, tagEntities=[], name=2, description=null, id=4, createDate=null}
04:29:02.996 [Test worker] DEBUG org.hibernate.internal.util.EntityPrinter - com.epam.esm.model.entity.CertificateEntity{duration=0, lastUpdateDate=null, price=0.0, tagEntities=[], name=3, description=null, id=5, createDate=null}
04:29:02.996 [Test worker] DEBUG org.hibernate.SQL - select certificat0_.id as id1_0_, certificat0_.createDate as createda2_0_, certificat0_.description as descript3_0_, certificat0_.duration as duration4_0_, certificat0_.lastUpdateDate as lastupda5_0_, certificat0_.name as name6_0_, certificat0_.price as price7_0_ from CertificateEntity certificat0_ where certificat0_.name=?
Hibernate: select certificat0_.id as id1_0_, certificat0_.createDate as createda2_0_, certificat0_.description as descript3_0_, certificat0_.duration as duration4_0_, certificat0_.lastUpdateDate as lastupda5_0_, certificat0_.name as name6_0_, certificat0_.price as price7_0_ from CertificateEntity certificat0_ where certificat0_.name=?
04:29:02.997 [Test worker] DEBUG org.hibernate.stat.internal.StatisticsImpl - HHH000117: HQL: SELECT cert FROM CertificateEntity cert WHERE cert.name = ?1, time: 0ms, rows: 0
04:29:02.997 [Test worker] DEBUG org.hibernate.engine.spi.ActionQueue - Executing identity-insert immediately
04:29:02.997 [Test worker] DEBUG org.hibernate.SQL - insert into CertificateEntity (id, createDate, description, duration, lastUpdateDate, name, price) values (null, ?, ?, ?, ?, ?, ?)
Hibernate: insert into CertificateEntity (id, createDate, description, duration, lastUpdateDate, name, price) values (null, ?, ?, ?, ?, ?, ?)
04:29:02.998 [Test worker] DEBUG org.hibernate.id.IdentifierGeneratorHelper - Natively generated identity: 6
04:29:02.998 [Test worker] DEBUG org.hibernate.resource.jdbc.internal.ResourceRegistryStandardImpl - HHH000387: ResultSet's statement was not registered
04:29:02.999 [Test worker] DEBUG org.hibernate.event.internal.AbstractFlushingEventListener - Processing flush-time cascades
04:29:03.000 [Test worker] DEBUG org.hibernate.event.internal.AbstractFlushingEventListener - Dirty checking collections
04:29:03.000 [Test worker] DEBUG org.hibernate.engine.internal.Collections - Collection found: [com.epam.esm.model.entity.CertificateEntity.tagEntities#2], was: [<unreferenced>] (initialized)
04:29:03.000 [Test worker] DEBUG org.hibernate.engine.internal.Collections - Collection found: [com.epam.esm.model.entity.CertificateEntity.tagEntities#3], was: [<unreferenced>] (initialized)
04:29:03.000 [Test worker] DEBUG org.hibernate.engine.internal.Collections - Collection found: [com.epam.esm.model.entity.CertificateEntity.tagEntities#4], was: [<unreferenced>] (initialized)
04:29:03.001 [Test worker] DEBUG org.hibernate.engine.internal.Collections - Collection found: [com.epam.esm.model.entity.CertificateEntity.tagEntities#5], was: [<unreferenced>] (initialized)
04:29:03.001 [Test worker] DEBUG org.hibernate.engine.internal.Collections - Collection found: [com.epam.esm.model.entity.CertificateEntity.tagEntities#6], was: [<unreferenced>] (initialized)
04:29:03.001 [Test worker] DEBUG org.hibernate.event.internal.AbstractFlushingEventListener - Flushed: 0 insertions, 0 updates, 0 deletions to 5 objects
04:29:03.001 [Test worker] DEBUG org.hibernate.event.internal.AbstractFlushingEventListener - Flushed: 5 (re)creations, 0 updates, 0 removals to 5 collections
04:29:03.001 [Test worker] DEBUG org.hibernate.internal.util.EntityPrinter - Listing entities:
04:29:03.001 [Test worker] DEBUG org.hibernate.internal.util.EntityPrinter - com.epam.esm.model.entity.CertificateEntity{duration=0, lastUpdateDate=null, price=0.0, tagEntities=[], name=0, description=null, id=2, createDate=null}
04:29:03.001 [Test worker] DEBUG org.hibernate.internal.util.EntityPrinter - com.epam.esm.model.entity.CertificateEntity{duration=0, lastUpdateDate=null, price=0.0, tagEntities=[], name=1, description=null, id=3, createDate=null}
04:29:03.001 [Test worker] DEBUG org.hibernate.internal.util.EntityPrinter - com.epam.esm.model.entity.CertificateEntity{duration=0, lastUpdateDate=null, price=0.0, tagEntities=[], name=2, description=null, id=4, createDate=null}
04:29:03.002 [Test worker] DEBUG org.hibernate.internal.util.EntityPrinter - com.epam.esm.model.entity.CertificateEntity{duration=0, lastUpdateDate=null, price=0.0, tagEntities=[], name=3, description=null, id=5, createDate=null}
04:29:03.002 [Test worker] DEBUG org.hibernate.internal.util.EntityPrinter - com.epam.esm.model.entity.CertificateEntity{duration=0, lastUpdateDate=null, price=0.0, tagEntities=[], name=4, description=null, id=6, createDate=null}
04:29:03.002 [Test worker] DEBUG org.hibernate.SQL - select certificat0_.id as id1_0_, certificat0_.createDate as createda2_0_, certificat0_.description as descript3_0_, certificat0_.duration as duration4_0_, certificat0_.lastUpdateDate as lastupda5_0_, certificat0_.name as name6_0_, certificat0_.price as price7_0_ from CertificateEntity certificat0_ where certificat0_.name=?
Hibernate: select certificat0_.id as id1_0_, certificat0_.createDate as createda2_0_, certificat0_.description as descript3_0_, certificat0_.duration as duration4_0_, certificat0_.lastUpdateDate as lastupda5_0_, certificat0_.name as name6_0_, certificat0_.price as price7_0_ from CertificateEntity certificat0_ where certificat0_.name=?
04:29:03.003 [Test worker] DEBUG org.hibernate.stat.internal.StatisticsImpl - HHH000117: HQL: SELECT cert FROM CertificateEntity cert WHERE cert.name = ?1, time: 0ms, rows: 0
04:29:03.003 [Test worker] DEBUG org.hibernate.engine.spi.ActionQueue - Executing identity-insert immediately
04:29:03.003 [Test worker] DEBUG org.hibernate.SQL - insert into CertificateEntity (id, createDate, description, duration, lastUpdateDate, name, price) values (null, ?, ?, ?, ?, ?, ?)
Hibernate: insert into CertificateEntity (id, createDate, description, duration, lastUpdateDate, name, price) values (null, ?, ?, ?, ?, ?, ?)
04:29:03.004 [Test worker] DEBUG org.hibernate.id.IdentifierGeneratorHelper - Natively generated identity: 7
04:29:03.004 [Test worker] DEBUG org.hibernate.resource.jdbc.internal.ResourceRegistryStandardImpl - HHH000387: ResultSet's statement was not registered
04:29:03.005 [Test worker] DEBUG org.hibernate.event.internal.AbstractFlushingEventListener - Processing flush-time cascades
04:29:03.005 [Test worker] DEBUG org.hibernate.event.internal.AbstractFlushingEventListener - Dirty checking collections
04:29:03.005 [Test worker] DEBUG org.hibernate.engine.internal.Collections - Collection found: [com.epam.esm.model.entity.CertificateEntity.tagEntities#2], was: [<unreferenced>] (initialized)
04:29:03.005 [Test worker] DEBUG org.hibernate.engine.internal.Collections - Collection found: [com.epam.esm.model.entity.CertificateEntity.tagEntities#3], was: [<unreferenced>] (initialized)
04:29:03.006 [Test worker] DEBUG org.hibernate.engine.internal.Collections - Collection found: [com.epam.esm.model.entity.CertificateEntity.tagEntities#4], was: [<unreferenced>] (initialized)
04:29:03.006 [Test worker] DEBUG org.hibernate.engine.internal.Collections - Collection found: [com.epam.esm.model.entity.CertificateEntity.tagEntities#5], was: [<unreferenced>] (initialized)
04:29:03.006 [Test worker] DEBUG org.hibernate.engine.internal.Collections - Collection found: [com.epam.esm.model.entity.CertificateEntity.tagEntities#6], was: [<unreferenced>] (initialized)
04:29:03.007 [Test worker] DEBUG org.hibernate.engine.internal.Collections - Collection found: [com.epam.esm.model.entity.CertificateEntity.tagEntities#7], was: [<unreferenced>] (initialized)
04:29:03.007 [Test worker] DEBUG org.hibernate.event.internal.AbstractFlushingEventListener - Flushed: 0 insertions, 0 updates, 0 deletions to 6 objects
04:29:03.007 [Test worker] DEBUG org.hibernate.event.internal.AbstractFlushingEventListener - Flushed: 6 (re)creations, 0 updates, 0 removals to 6 collections
04:29:03.007 [Test worker] DEBUG org.hibernate.internal.util.EntityPrinter - Listing entities:
04:29:03.007 [Test worker] DEBUG org.hibernate.internal.util.EntityPrinter - com.epam.esm.model.entity.CertificateEntity{duration=0, lastUpdateDate=null, price=0.0, tagEntities=[], name=0, description=null, id=2, createDate=null}
04:29:03.007 [Test worker] DEBUG org.hibernate.internal.util.EntityPrinter - com.epam.esm.model.entity.CertificateEntity{duration=0, lastUpdateDate=null, price=0.0, tagEntities=[], name=1, description=null, id=3, createDate=null}
04:29:03.007 [Test worker] DEBUG org.hibernate.internal.util.EntityPrinter - com.epam.esm.model.entity.CertificateEntity{duration=0, lastUpdateDate=null, price=0.0, tagEntities=[], name=2, description=null, id=4, createDate=null}
04:29:03.007 [Test worker] DEBUG org.hibernate.internal.util.EntityPrinter - com.epam.esm.model.entity.CertificateEntity{duration=0, lastUpdateDate=null, price=0.0, tagEntities=[], name=3, description=null, id=5, createDate=null}
04:29:03.007 [Test worker] DEBUG org.hibernate.internal.util.EntityPrinter - com.epam.esm.model.entity.CertificateEntity{duration=0, lastUpdateDate=null, price=0.0, tagEntities=[], name=4, description=null, id=6, createDate=null}
04:29:03.007 [Test worker] DEBUG org.hibernate.internal.util.EntityPrinter - com.epam.esm.model.entity.CertificateEntity{duration=0, lastUpdateDate=null, price=0.0, tagEntities=[], name=5, description=null, id=7, createDate=null}
04:29:03.007 [Test worker] DEBUG org.hibernate.SQL - select certificat0_.id as id1_0_, certificat0_.createDate as createda2_0_, certificat0_.description as descript3_0_, certificat0_.duration as duration4_0_, certificat0_.lastUpdateDate as lastupda5_0_, certificat0_.name as name6_0_, certificat0_.price as price7_0_ from CertificateEntity certificat0_ where certificat0_.name=?
Hibernate: select certificat0_.id as id1_0_, certificat0_.createDate as createda2_0_, certificat0_.description as descript3_0_, certificat0_.duration as duration4_0_, certificat0_.lastUpdateDate as lastupda5_0_, certificat0_.name as name6_0_, certificat0_.price as price7_0_ from CertificateEntity certificat0_ where certificat0_.name=?
04:29:03.008 [Test worker] DEBUG org.hibernate.stat.internal.StatisticsImpl - HHH000117: HQL: SELECT cert FROM CertificateEntity cert WHERE cert.name = ?1, time: 0ms, rows: 0
04:29:03.008 [Test worker] DEBUG org.hibernate.engine.spi.ActionQueue - Executing identity-insert immediately
04:29:03.008 [Test worker] DEBUG org.hibernate.SQL - insert into CertificateEntity (id, createDate, description, duration, lastUpdateDate, name, price) values (null, ?, ?, ?, ?, ?, ?)
Hibernate: insert into CertificateEntity (id, createDate, description, duration, lastUpdateDate, name, price) values (null, ?, ?, ?, ?, ?, ?)
04:29:03.009 [Test worker] DEBUG org.hibernate.id.IdentifierGeneratorHelper - Natively generated identity: 8
04:29:03.009 [Test worker] DEBUG org.hibernate.resource.jdbc.internal.ResourceRegistryStandardImpl - HHH000387: ResultSet's statement was not registered
04:29:03.009 [Test worker] DEBUG org.hibernate.event.internal.AbstractFlushingEventListener - Processing flush-time cascades
04:29:03.009 [Test worker] DEBUG org.hibernate.event.internal.AbstractFlushingEventListener - Dirty checking collections
04:29:03.009 [Test worker] DEBUG org.hibernate.engine.internal.Collections - Collection found: [com.epam.esm.model.entity.CertificateEntity.tagEntities#2], was: [<unreferenced>] (initialized)
04:29:03.010 [Test worker] DEBUG org.hibernate.engine.internal.Collections - Collection found: [com.epam.esm.model.entity.CertificateEntity.tagEntities#3], was: [<unreferenced>] (initialized)
04:29:03.010 [Test worker] DEBUG org.hibernate.engine.internal.Collections - Collection found: [com.epam.esm.model.entity.CertificateEntity.tagEntities#4], was: [<unreferenced>] (initialized)
04:29:03.010 [Test worker] DEBUG org.hibernate.engine.internal.Collections - Collection found: [com.epam.esm.model.entity.CertificateEntity.tagEntities#5], was: [<unreferenced>] (initialized)
04:29:03.010 [Test worker] DEBUG org.hibernate.engine.internal.Collections - Collection found: [com.epam.esm.model.entity.CertificateEntity.tagEntities#6], was: [<unreferenced>] (initialized)
04:29:03.010 [Test worker] DEBUG org.hibernate.engine.internal.Collections - Collection found: [com.epam.esm.model.entity.CertificateEntity.tagEntities#7], was: [<unreferenced>] (initialized)
04:29:03.010 [Test worker] DEBUG org.hibernate.engine.internal.Collections - Collection found: [com.epam.esm.model.entity.CertificateEntity.tagEntities#8], was: [<unreferenced>] (initialized)
04:29:03.010 [Test worker] DEBUG org.hibernate.event.internal.AbstractFlushingEventListener - Flushed: 0 insertions, 0 updates, 0 deletions to 7 objects
04:29:03.010 [Test worker] DEBUG org.hibernate.event.internal.AbstractFlushingEventListener - Flushed: 7 (re)creations, 0 updates, 0 removals to 7 collections
04:29:03.010 [Test worker] DEBUG org.hibernate.internal.util.EntityPrinter - Listing entities:
04:29:03.011 [Test worker] DEBUG org.hibernate.internal.util.EntityPrinter - com.epam.esm.model.entity.CertificateEntity{duration=0, lastUpdateDate=null, price=0.0, tagEntities=[], name=4, description=null, id=6, createDate=null}
04:29:03.011 [Test worker] DEBUG org.hibernate.internal.util.EntityPrinter - com.epam.esm.model.entity.CertificateEntity{duration=0, lastUpdateDate=null, price=0.0, tagEntities=[], name=5, description=null, id=7, createDate=null}
04:29:03.011 [Test worker] DEBUG org.hibernate.internal.util.EntityPrinter - com.epam.esm.model.entity.CertificateEntity{duration=0, lastUpdateDate=null, price=0.0, tagEntities=[], name=6, description=null, id=8, createDate=null}
04:29:03.011 [Test worker] DEBUG org.hibernate.internal.util.EntityPrinter - com.epam.esm.model.entity.CertificateEntity{duration=0, lastUpdateDate=null, price=0.0, tagEntities=[], name=0, description=null, id=2, createDate=null}
04:29:03.011 [Test worker] DEBUG org.hibernate.internal.util.EntityPrinter - com.epam.esm.model.entity.CertificateEntity{duration=0, lastUpdateDate=null, price=0.0, tagEntities=[], name=1, description=null, id=3, createDate=null}
04:29:03.011 [Test worker] DEBUG org.hibernate.internal.util.EntityPrinter - com.epam.esm.model.entity.CertificateEntity{duration=0, lastUpdateDate=null, price=0.0, tagEntities=[], name=2, description=null, id=4, createDate=null}
04:29:03.011 [Test worker] DEBUG org.hibernate.internal.util.EntityPrinter - com.epam.esm.model.entity.CertificateEntity{duration=0, lastUpdateDate=null, price=0.0, tagEntities=[], name=3, description=null, id=5, createDate=null}
04:29:03.011 [Test worker] DEBUG org.hibernate.SQL - select certificat0_.id as id1_0_, certificat0_.createDate as createda2_0_, certificat0_.description as descript3_0_, certificat0_.duration as duration4_0_, certificat0_.lastUpdateDate as lastupda5_0_, certificat0_.name as name6_0_, certificat0_.price as price7_0_ from CertificateEntity certificat0_ where certificat0_.name=?
Hibernate: select certificat0_.id as id1_0_, certificat0_.createDate as createda2_0_, certificat0_.description as descript3_0_, certificat0_.duration as duration4_0_, certificat0_.lastUpdateDate as lastupda5_0_, certificat0_.name as name6_0_, certificat0_.price as price7_0_ from CertificateEntity certificat0_ where certificat0_.name=?
04:29:03.011 [Test worker] DEBUG org.hibernate.stat.internal.StatisticsImpl - HHH000117: HQL: SELECT cert FROM CertificateEntity cert WHERE cert.name = ?1, time: 0ms, rows: 0
04:29:03.012 [Test worker] DEBUG org.hibernate.engine.spi.ActionQueue - Executing identity-insert immediately
04:29:03.012 [Test worker] DEBUG org.hibernate.SQL - insert into CertificateEntity (id, createDate, description, duration, lastUpdateDate, name, price) values (null, ?, ?, ?, ?, ?, ?)
Hibernate: insert into CertificateEntity (id, createDate, description, duration, lastUpdateDate, name, price) values (null, ?, ?, ?, ?, ?, ?)
04:29:03.012 [Test worker] DEBUG org.hibernate.id.IdentifierGeneratorHelper - Natively generated identity: 9
04:29:03.012 [Test worker] DEBUG org.hibernate.resource.jdbc.internal.ResourceRegistryStandardImpl - HHH000387: ResultSet's statement was not registered
04:29:03.013 [Test worker] DEBUG org.hibernate.event.internal.AbstractFlushingEventListener - Processing flush-time cascades
04:29:03.013 [Test worker] DEBUG org.hibernate.event.internal.AbstractFlushingEventListener - Dirty checking collections
04:29:03.013 [Test worker] DEBUG org.hibernate.engine.internal.Collections - Collection found: [com.epam.esm.model.entity.CertificateEntity.tagEntities#2], was: [<unreferenced>] (initialized)
04:29:03.013 [Test worker] DEBUG org.hibernate.engine.internal.Collections - Collection found: [com.epam.esm.model.entity.CertificateEntity.tagEntities#3], was: [<unreferenced>] (initialized)
04:29:03.013 [Test worker] DEBUG org.hibernate.engine.internal.Collections - Collection found: [com.epam.esm.model.entity.CertificateEntity.tagEntities#4], was: [<unreferenced>] (initialized)
04:29:03.013 [Test worker] DEBUG org.hibernate.engine.internal.Collections - Collection found: [com.epam.esm.model.entity.CertificateEntity.tagEntities#5], was: [<unreferenced>] (initialized)
04:29:03.013 [Test worker] DEBUG org.hibernate.engine.internal.Collections - Collection found: [com.epam.esm.model.entity.CertificateEntity.tagEntities#6], was: [<unreferenced>] (initialized)
04:29:03.013 [Test worker] DEBUG org.hibernate.engine.internal.Collections - Collection found: [com.epam.esm.model.entity.CertificateEntity.tagEntities#7], was: [<unreferenced>] (initialized)
04:29:03.014 [Test worker] DEBUG org.hibernate.engine.internal.Collections - Collection found: [com.epam.esm.model.entity.CertificateEntity.tagEntities#8], was: [<unreferenced>] (initialized)
04:29:03.014 [Test worker] DEBUG org.hibernate.engine.internal.Collections - Collection found: [com.epam.esm.model.entity.CertificateEntity.tagEntities#9], was: [<unreferenced>] (initialized)
04:29:03.014 [Test worker] DEBUG org.hibernate.event.internal.AbstractFlushingEventListener - Flushed: 0 insertions, 0 updates, 0 deletions to 8 objects
04:29:03.014 [Test worker] DEBUG org.hibernate.event.internal.AbstractFlushingEventListener - Flushed: 8 (re)creations, 0 updates, 0 removals to 8 collections
04:29:03.014 [Test worker] DEBUG org.hibernate.internal.util.EntityPrinter - Listing entities:
04:29:03.014 [Test worker] DEBUG org.hibernate.internal.util.EntityPrinter - com.epam.esm.model.entity.CertificateEntity{duration=0, lastUpdateDate=null, price=0.0, tagEntities=[], name=4, description=null, id=6, createDate=null}
04:29:03.014 [Test worker] DEBUG org.hibernate.internal.util.EntityPrinter - com.epam.esm.model.entity.CertificateEntity{duration=0, lastUpdateDate=null, price=0.0, tagEntities=[], name=5, description=null, id=7, createDate=null}
04:29:03.014 [Test worker] DEBUG org.hibernate.internal.util.EntityPrinter - com.epam.esm.model.entity.CertificateEntity{duration=0, lastUpdateDate=null, price=0.0, tagEntities=[], name=6, description=null, id=8, createDate=null}
04:29:03.014 [Test worker] DEBUG org.hibernate.internal.util.EntityPrinter - com.epam.esm.model.entity.CertificateEntity{duration=0, lastUpdateDate=null, price=0.0, tagEntities=[], name=7, description=null, id=9, createDate=null}
04:29:03.014 [Test worker] DEBUG org.hibernate.internal.util.EntityPrinter - com.epam.esm.model.entity.CertificateEntity{duration=0, lastUpdateDate=null, price=0.0, tagEntities=[], name=0, description=null, id=2, createDate=null}
04:29:03.014 [Test worker] DEBUG org.hibernate.internal.util.EntityPrinter - com.epam.esm.model.entity.CertificateEntity{duration=0, lastUpdateDate=null, price=0.0, tagEntities=[], name=1, description=null, id=3, createDate=null}
04:29:03.014 [Test worker] DEBUG org.hibernate.internal.util.EntityPrinter - com.epam.esm.model.entity.CertificateEntity{duration=0, lastUpdateDate=null, price=0.0, tagEntities=[], name=2, description=null, id=4, createDate=null}
04:29:03.015 [Test worker] DEBUG org.hibernate.internal.util.EntityPrinter - com.epam.esm.model.entity.CertificateEntity{duration=0, lastUpdateDate=null, price=0.0, tagEntities=[], name=3, description=null, id=5, createDate=null}
04:29:03.015 [Test worker] DEBUG org.hibernate.SQL - select certificat0_.id as id1_0_, certificat0_.createDate as createda2_0_, certificat0_.description as descript3_0_, certificat0_.duration as duration4_0_, certificat0_.lastUpdateDate as lastupda5_0_, certificat0_.name as name6_0_, certificat0_.price as price7_0_ from CertificateEntity certificat0_ where certificat0_.name=?
Hibernate: select certificat0_.id as id1_0_, certificat0_.createDate as createda2_0_, certificat0_.description as descript3_0_, certificat0_.duration as duration4_0_, certificat0_.lastUpdateDate as lastupda5_0_, certificat0_.name as name6_0_, certificat0_.price as price7_0_ from CertificateEntity certificat0_ where certificat0_.name=?
04:29:03.015 [Test worker] DEBUG org.hibernate.stat.internal.StatisticsImpl - HHH000117: HQL: SELECT cert FROM CertificateEntity cert WHERE cert.name = ?1, time: 0ms, rows: 0
04:29:03.015 [Test worker] DEBUG org.hibernate.engine.spi.ActionQueue - Executing identity-insert immediately
04:29:03.015 [Test worker] DEBUG org.hibernate.SQL - insert into CertificateEntity (id, createDate, description, duration, lastUpdateDate, name, price) values (null, ?, ?, ?, ?, ?, ?)
Hibernate: insert into CertificateEntity (id, createDate, description, duration, lastUpdateDate, name, price) values (null, ?, ?, ?, ?, ?, ?)
04:29:03.016 [Test worker] DEBUG org.hibernate.id.IdentifierGeneratorHelper - Natively generated identity: 10
04:29:03.016 [Test worker] DEBUG org.hibernate.resource.jdbc.internal.ResourceRegistryStandardImpl - HHH000387: ResultSet's statement was not registered
04:29:03.016 [Test worker] DEBUG org.hibernate.event.internal.AbstractFlushingEventListener - Processing flush-time cascades
04:29:03.016 [Test worker] DEBUG org.hibernate.event.internal.AbstractFlushingEventListener - Dirty checking collections
04:29:03.017 [Test worker] DEBUG org.hibernate.engine.internal.Collections - Collection found: [com.epam.esm.model.entity.CertificateEntity.tagEntities#2], was: [<unreferenced>] (initialized)
04:29:03.017 [Test worker] DEBUG org.hibernate.engine.internal.Collections - Collection found: [com.epam.esm.model.entity.CertificateEntity.tagEntities#3], was: [<unreferenced>] (initialized)
04:29:03.017 [Test worker] DEBUG org.hibernate.engine.internal.Collections - Collection found: [com.epam.esm.model.entity.CertificateEntity.tagEntities#4], was: [<unreferenced>] (initialized)
04:29:03.017 [Test worker] DEBUG org.hibernate.engine.internal.Collections - Collection found: [com.epam.esm.model.entity.CertificateEntity.tagEntities#5], was: [<unreferenced>] (initialized)
04:29:03.017 [Test worker] DEBUG org.hibernate.engine.internal.Collections - Collection found: [com.epam.esm.model.entity.CertificateEntity.tagEntities#6], was: [<unreferenced>] (initialized)
04:29:03.017 [Test worker] DEBUG org.hibernate.engine.internal.Collections - Collection found: [com.epam.esm.model.entity.CertificateEntity.tagEntities#7], was: [<unreferenced>] (initialized)
04:29:03.017 [Test worker] DEBUG org.hibernate.engine.internal.Collections - Collection found: [com.epam.esm.model.entity.CertificateEntity.tagEntities#8], was: [<unreferenced>] (initialized)
04:29:03.018 [Test worker] DEBUG org.hibernate.engine.internal.Collections - Collection found: [com.epam.esm.model.entity.CertificateEntity.tagEntities#9], was: [<unreferenced>] (initialized)
04:29:03.018 [Test worker] DEBUG org.hibernate.engine.internal.Collections - Collection found: [com.epam.esm.model.entity.CertificateEntity.tagEntities#10], was: [<unreferenced>] (initialized)
04:29:03.018 [Test worker] DEBUG org.hibernate.event.internal.AbstractFlushingEventListener - Flushed: 0 insertions, 0 updates, 0 deletions to 9 objects
04:29:03.018 [Test worker] DEBUG org.hibernate.event.internal.AbstractFlushingEventListener - Flushed: 9 (re)creations, 0 updates, 0 removals to 9 collections
04:29:03.018 [Test worker] DEBUG org.hibernate.internal.util.EntityPrinter - Listing entities:
04:29:03.018 [Test worker] DEBUG org.hibernate.internal.util.EntityPrinter - com.epam.esm.model.entity.CertificateEntity{duration=0, lastUpdateDate=null, price=0.0, tagEntities=[], name=8, description=null, id=10, createDate=null}
04:29:03.018 [Test worker] DEBUG org.hibernate.internal.util.EntityPrinter - com.epam.esm.model.entity.CertificateEntity{duration=0, lastUpdateDate=null, price=0.0, tagEntities=[], name=4, description=null, id=6, createDate=null}
04:29:03.018 [Test worker] DEBUG org.hibernate.internal.util.EntityPrinter - com.epam.esm.model.entity.CertificateEntity{duration=0, lastUpdateDate=null, price=0.0, tagEntities=[], name=5, description=null, id=7, createDate=null}
04:29:03.018 [Test worker] DEBUG org.hibernate.internal.util.EntityPrinter - com.epam.esm.model.entity.CertificateEntity{duration=0, lastUpdateDate=null, price=0.0, tagEntities=[], name=6, description=null, id=8, createDate=null}
04:29:03.018 [Test worker] DEBUG org.hibernate.internal.util.EntityPrinter - com.epam.esm.model.entity.CertificateEntity{duration=0, lastUpdateDate=null, price=0.0, tagEntities=[], name=7, description=null, id=9, createDate=null}
04:29:03.018 [Test worker] DEBUG org.hibernate.internal.util.EntityPrinter - com.epam.esm.model.entity.CertificateEntity{duration=0, lastUpdateDate=null, price=0.0, tagEntities=[], name=0, description=null, id=2, createDate=null}
04:29:03.018 [Test worker] DEBUG org.hibernate.internal.util.EntityPrinter - com.epam.esm.model.entity.CertificateEntity{duration=0, lastUpdateDate=null, price=0.0, tagEntities=[], name=1, description=null, id=3, createDate=null}
04:29:03.018 [Test worker] DEBUG org.hibernate.internal.util.EntityPrinter - com.epam.esm.model.entity.CertificateEntity{duration=0, lastUpdateDate=null, price=0.0, tagEntities=[], name=2, description=null, id=4, createDate=null}
04:29:03.018 [Test worker] DEBUG org.hibernate.internal.util.EntityPrinter - com.epam.esm.model.entity.CertificateEntity{duration=0, lastUpdateDate=null, price=0.0, tagEntities=[], name=3, description=null, id=5, createDate=null}
04:29:03.019 [Test worker] DEBUG org.hibernate.SQL - select certificat0_.id as id1_0_, certificat0_.createDate as createda2_0_, certificat0_.description as descript3_0_, certificat0_.duration as duration4_0_, certificat0_.lastUpdateDate as lastupda5_0_, certificat0_.name as name6_0_, certificat0_.price as price7_0_ from CertificateEntity certificat0_ where certificat0_.name=?
Hibernate: select certificat0_.id as id1_0_, certificat0_.createDate as createda2_0_, certificat0_.description as descript3_0_, certificat0_.duration as duration4_0_, certificat0_.lastUpdateDate as lastupda5_0_, certificat0_.name as name6_0_, certificat0_.price as price7_0_ from CertificateEntity certificat0_ where certificat0_.name=?
04:29:03.019 [Test worker] DEBUG org.hibernate.stat.internal.StatisticsImpl - HHH000117: HQL: SELECT cert FROM CertificateEntity cert WHERE cert.name = ?1, time: 0ms, rows: 0
04:29:03.019 [Test worker] DEBUG org.hibernate.engine.spi.ActionQueue - Executing identity-insert immediately
04:29:03.019 [Test worker] DEBUG org.hibernate.SQL - insert into CertificateEntity (id, createDate, description, duration, lastUpdateDate, name, price) values (null, ?, ?, ?, ?, ?, ?)
Hibernate: insert into CertificateEntity (id, createDate, description, duration, lastUpdateDate, name, price) values (null, ?, ?, ?, ?, ?, ?)
04:29:03.020 [Test worker] DEBUG org.hibernate.id.IdentifierGeneratorHelper - Natively generated identity: 11
04:29:03.020 [Test worker] DEBUG org.hibernate.resource.jdbc.internal.ResourceRegistryStandardImpl - HHH000387: ResultSet's statement was not registered
04:29:03.020 [Test worker] DEBUG org.hibernate.hql.internal.ast.QueryTranslatorImpl - parse() - HQL: SELECT cert FROM com.epam.esm.model.entity.CertificateEntity cert
04:29:03.021 [Test worker] DEBUG org.hibernate.hql.internal.ast.ErrorTracker - throwQueryException() : no errors
04:29:03.021 [Test worker] DEBUG org.hibernate.hql.internal.ast.QueryTranslatorImpl - --- HQL AST ---
 \-[QUERY] Node: 'query'
    \-[SELECT_FROM] Node: 'SELECT_FROM'
       +-[FROM] Node: 'FROM'
       |  \-[RANGE] Node: 'RANGE'
       |     +-[DOT] Node: '.'
       |     |  +-[DOT] Node: '.'
       |     |  |  +-[DOT] Node: '.'
       |     |  |  |  +-[DOT] Node: '.'
       |     |  |  |  |  +-[DOT] Node: '.'
       |     |  |  |  |  |  +-[IDENT] Node: 'com'
       |     |  |  |  |  |  \-[IDENT] Node: 'epam'
       |     |  |  |  |  \-[IDENT] Node: 'esm'
       |     |  |  |  \-[IDENT] Node: 'model'
       |     |  |  \-[IDENT] Node: 'entity'
       |     |  \-[IDENT] Node: 'CertificateEntity'
       |     \-[ALIAS] Node: 'cert'
       \-[SELECT] Node: 'SELECT'
          \-[IDENT] Node: 'cert'

04:29:03.022 [Test worker] DEBUG org.hibernate.hql.internal.antlr.HqlSqlBaseWalker - select << begin [level=1, statement=select]
04:29:03.022 [Test worker] DEBUG org.hibernate.hql.internal.ast.tree.FromElement - FromClause{level=1} : com.epam.esm.model.entity.CertificateEntity (cert) -> certificat0_
04:29:03.023 [Test worker] DEBUG org.hibernate.hql.internal.ast.tree.FromReferenceNode - Resolved : cert -> certificat0_.id
04:29:03.023 [Test worker] DEBUG org.hibernate.hql.internal.antlr.HqlSqlBaseWalker - select : finishing up [level=1, statement=select]
04:29:03.023 [Test worker] DEBUG org.hibernate.hql.internal.ast.HqlSqlWalker - processQuery() :  ( SELECT ( {select clause} certificat0_.id ) ( FromClause{level=1} CertificateEntity certificat0_ ) )
04:29:03.024 [Test worker] DEBUG org.hibernate.hql.internal.ast.util.JoinProcessor - Tables referenced from query nodes:
 \-QueryNode
    +-SelectClause
    | referencedTables(entity CertificateEntity): [CertificateEntity]
    |  +-IdentNode
    |  | persister: SingleTableEntityPersister(com.epam.esm.model.entity.CertificateEntity)
    |  | originalText: cert
    |  \-SqlFragment
    \-FromClause
       \-FromElement

04:29:03.024 [Test worker] DEBUG org.hibernate.hql.internal.ast.util.JoinProcessor - Using FROM fragment [CertificateEntity certificat0_]
04:29:03.024 [Test worker] DEBUG org.hibernate.hql.internal.antlr.HqlSqlBaseWalker - select >> end [level=1, statement=select]
04:29:03.024 [Test worker] DEBUG org.hibernate.hql.internal.ast.QueryTranslatorImpl - --- SQL AST ---
 \-[SELECT] QueryNode: 'SELECT'  querySpaces (CertificateEntity)
    +-[SELECT_CLAUSE] SelectClause: '{select clause}'
    |  +-[ALIAS_REF] IdentNode: 'certificat0_.id as id1_0_' {alias=cert, className=com.epam.esm.model.entity.CertificateEntity, tableAlias=certificat0_}
    |  \-[SQL_TOKEN] SqlFragment: 'certificat0_.createDate as createda2_0_, certificat0_.description as descript3_0_, certificat0_.duration as duration4_0_, certificat0_.lastUpdateDate as lastupda5_0_, certificat0_.name as name6_0_, certificat0_.price as price7_0_'
    \-[FROM] FromClause: 'FROM' FromClause{level=1, fromElementCounter=1, fromElements=1, fromElementByClassAlias=[cert], fromElementByTableAlias=[certificat0_], fromElementsByPath=[], collectionJoinFromElementsByPath=[], impliedElements=[]}
       \-[FROM_FRAGMENT] FromElement: 'CertificateEntity certificat0_' FromElement{explicit,not a collection join,not a fetch join,fetch non-lazy properties,classAlias=cert,role=null,tableName=CertificateEntity,tableAlias=certificat0_,origin=null,columns={,className=com.epam.esm.model.entity.CertificateEntity}}

04:29:03.024 [Test worker] DEBUG org.hibernate.hql.internal.ast.ErrorTracker - throwQueryException() : no errors
04:29:03.029 [Test worker] DEBUG org.hibernate.hql.internal.ast.QueryTranslatorImpl - HQL: SELECT cert FROM com.epam.esm.model.entity.CertificateEntity cert
04:29:03.029 [Test worker] DEBUG org.hibernate.hql.internal.ast.QueryTranslatorImpl - SQL: select certificat0_.id as id1_0_, certificat0_.createDate as createda2_0_, certificat0_.description as descript3_0_, certificat0_.duration as duration4_0_, certificat0_.lastUpdateDate as lastupda5_0_, certificat0_.name as name6_0_, certificat0_.price as price7_0_ from CertificateEntity certificat0_
04:29:03.029 [Test worker] DEBUG org.hibernate.hql.internal.ast.ErrorTracker - throwQueryException() : no errors
04:29:03.029 [Test worker] DEBUG org.hibernate.event.internal.AbstractFlushingEventListener - Processing flush-time cascades
04:29:03.030 [Test worker] DEBUG org.hibernate.event.internal.AbstractFlushingEventListener - Dirty checking collections
04:29:03.030 [Test worker] DEBUG org.hibernate.engine.internal.Collections - Collection found: [com.epam.esm.model.entity.CertificateEntity.tagEntities#2], was: [<unreferenced>] (initialized)
04:29:03.030 [Test worker] DEBUG org.hibernate.engine.internal.Collections - Collection found: [com.epam.esm.model.entity.CertificateEntity.tagEntities#3], was: [<unreferenced>] (initialized)
04:29:03.030 [Test worker] DEBUG org.hibernate.engine.internal.Collections - Collection found: [com.epam.esm.model.entity.CertificateEntity.tagEntities#4], was: [<unreferenced>] (initialized)
04:29:03.030 [Test worker] DEBUG org.hibernate.engine.internal.Collections - Collection found: [com.epam.esm.model.entity.CertificateEntity.tagEntities#5], was: [<unreferenced>] (initialized)
04:29:03.030 [Test worker] DEBUG org.hibernate.engine.internal.Collections - Collection found: [com.epam.esm.model.entity.CertificateEntity.tagEntities#6], was: [<unreferenced>] (initialized)
04:29:03.031 [Test worker] DEBUG org.hibernate.engine.internal.Collections - Collection found: [com.epam.esm.model.entity.CertificateEntity.tagEntities#7], was: [<unreferenced>] (initialized)
04:29:03.031 [Test worker] DEBUG org.hibernate.engine.internal.Collections - Collection found: [com.epam.esm.model.entity.CertificateEntity.tagEntities#8], was: [<unreferenced>] (initialized)
04:29:03.031 [Test worker] DEBUG org.hibernate.engine.internal.Collections - Collection found: [com.epam.esm.model.entity.CertificateEntity.tagEntities#9], was: [<unreferenced>] (initialized)
04:29:03.031 [Test worker] DEBUG org.hibernate.engine.internal.Collections - Collection found: [com.epam.esm.model.entity.CertificateEntity.tagEntities#10], was: [<unreferenced>] (initialized)
04:29:03.031 [Test worker] DEBUG org.hibernate.engine.internal.Collections - Collection found: [com.epam.esm.model.entity.CertificateEntity.tagEntities#11], was: [<unreferenced>] (initialized)
04:29:03.031 [Test worker] DEBUG org.hibernate.event.internal.AbstractFlushingEventListener - Flushed: 0 insertions, 0 updates, 0 deletions to 10 objects
04:29:03.031 [Test worker] DEBUG org.hibernate.event.internal.AbstractFlushingEventListener - Flushed: 10 (re)creations, 0 updates, 0 removals to 10 collections
04:29:03.031 [Test worker] DEBUG org.hibernate.internal.util.EntityPrinter - Listing entities:
04:29:03.031 [Test worker] DEBUG org.hibernate.internal.util.EntityPrinter - com.epam.esm.model.entity.CertificateEntity{duration=0, lastUpdateDate=null, price=0.0, tagEntities=[], name=8, description=null, id=10, createDate=null}
04:29:03.031 [Test worker] DEBUG org.hibernate.internal.util.EntityPrinter - com.epam.esm.model.entity.CertificateEntity{duration=0, lastUpdateDate=null, price=0.0, tagEntities=[], name=9, description=null, id=11, createDate=null}
04:29:03.032 [Test worker] DEBUG org.hibernate.internal.util.EntityPrinter - com.epam.esm.model.entity.CertificateEntity{duration=0, lastUpdateDate=null, price=0.0, tagEntities=[], name=4, description=null, id=6, createDate=null}
04:29:03.032 [Test worker] DEBUG org.hibernate.internal.util.EntityPrinter - com.epam.esm.model.entity.CertificateEntity{duration=0, lastUpdateDate=null, price=0.0, tagEntities=[], name=5, description=null, id=7, createDate=null}
04:29:03.032 [Test worker] DEBUG org.hibernate.internal.util.EntityPrinter - com.epam.esm.model.entity.CertificateEntity{duration=0, lastUpdateDate=null, price=0.0, tagEntities=[], name=6, description=null, id=8, createDate=null}
04:29:03.032 [Test worker] DEBUG org.hibernate.internal.util.EntityPrinter - com.epam.esm.model.entity.CertificateEntity{duration=0, lastUpdateDate=null, price=0.0, tagEntities=[], name=7, description=null, id=9, createDate=null}
04:29:03.032 [Test worker] DEBUG org.hibernate.internal.util.EntityPrinter - com.epam.esm.model.entity.CertificateEntity{duration=0, lastUpdateDate=null, price=0.0, tagEntities=[], name=0, description=null, id=2, createDate=null}
04:29:03.032 [Test worker] DEBUG org.hibernate.internal.util.EntityPrinter - com.epam.esm.model.entity.CertificateEntity{duration=0, lastUpdateDate=null, price=0.0, tagEntities=[], name=1, description=null, id=3, createDate=null}
04:29:03.032 [Test worker] DEBUG org.hibernate.internal.util.EntityPrinter - com.epam.esm.model.entity.CertificateEntity{duration=0, lastUpdateDate=null, price=0.0, tagEntities=[], name=2, description=null, id=4, createDate=null}
04:29:03.032 [Test worker] DEBUG org.hibernate.internal.util.EntityPrinter - com.epam.esm.model.entity.CertificateEntity{duration=0, lastUpdateDate=null, price=0.0, tagEntities=[], name=3, description=null, id=5, createDate=null}
04:29:03.032 [Test worker] DEBUG org.hibernate.SQL - select certificat0_.id as id1_0_, certificat0_.createDate as createda2_0_, certificat0_.description as descript3_0_, certificat0_.duration as duration4_0_, certificat0_.lastUpdateDate as lastupda5_0_, certificat0_.name as name6_0_, certificat0_.price as price7_0_ from CertificateEntity certificat0_
Hibernate: select certificat0_.id as id1_0_, certificat0_.createDate as createda2_0_, certificat0_.description as descript3_0_, certificat0_.duration as duration4_0_, certificat0_.lastUpdateDate as lastupda5_0_, certificat0_.name as name6_0_, certificat0_.price as price7_0_ from CertificateEntity certificat0_
04:29:03.033 [Test worker] DEBUG org.hibernate.loader.Loader - Result set row: 0
04:29:03.034 [Test worker] DEBUG org.hibernate.loader.Loader - Result row: EntityKey[com.epam.esm.model.entity.CertificateEntity#2]
04:29:03.035 [Test worker] DEBUG org.hibernate.loader.Loader - Result set row: 1
04:29:03.035 [Test worker] DEBUG org.hibernate.loader.Loader - Result row: EntityKey[com.epam.esm.model.entity.CertificateEntity#3]
04:29:03.035 [Test worker] DEBUG org.hibernate.loader.Loader - Result set row: 2
04:29:03.035 [Test worker] DEBUG org.hibernate.loader.Loader - Result row: EntityKey[com.epam.esm.model.entity.CertificateEntity#4]
04:29:03.035 [Test worker] DEBUG org.hibernate.loader.Loader - Result set row: 3
04:29:03.035 [Test worker] DEBUG org.hibernate.loader.Loader - Result row: EntityKey[com.epam.esm.model.entity.CertificateEntity#5]
04:29:03.035 [Test worker] DEBUG org.hibernate.loader.Loader - Result set row: 4
04:29:03.035 [Test worker] DEBUG org.hibernate.loader.Loader - Result row: EntityKey[com.epam.esm.model.entity.CertificateEntity#6]
04:29:03.035 [Test worker] DEBUG org.hibernate.loader.Loader - Result set row: 5
04:29:03.035 [Test worker] DEBUG org.hibernate.loader.Loader - Result row: EntityKey[com.epam.esm.model.entity.CertificateEntity#7]
04:29:03.035 [Test worker] DEBUG org.hibernate.loader.Loader - Result set row: 6
04:29:03.035 [Test worker] DEBUG org.hibernate.loader.Loader - Result row: EntityKey[com.epam.esm.model.entity.CertificateEntity#8]
04:29:03.035 [Test worker] DEBUG org.hibernate.loader.Loader - Result set row: 7
04:29:03.035 [Test worker] DEBUG org.hibernate.loader.Loader - Result row: EntityKey[com.epam.esm.model.entity.CertificateEntity#9]
04:29:03.036 [Test worker] DEBUG org.hibernate.loader.Loader - Result set row: 8
04:29:03.036 [Test worker] DEBUG org.hibernate.loader.Loader - Result row: EntityKey[com.epam.esm.model.entity.CertificateEntity#10]
04:29:03.036 [Test worker] DEBUG org.hibernate.loader.Loader - Result set row: 9
04:29:03.036 [Test worker] DEBUG org.hibernate.loader.Loader - Result row: EntityKey[com.epam.esm.model.entity.CertificateEntity#11]
04:29:03.037 [Test worker] DEBUG org.hibernate.stat.internal.StatisticsImpl - HHH000117: HQL: SELECT cert FROM CertificateEntity cert, time: 4ms, rows: 10
04:29:03.038 [Test worker] DEBUG org.springframework.test.context.cache.DefaultCacheAwareContextLoaderDelegate - Retrieved ApplicationContext [1806878190] from cache with key [[MergedContextConfiguration@1d733d37 testClass = CertificateDaoImplTest, locations = '{}', classes = '{class com.epam.esm.configuration.DaoTestConfiguration}', contextInitializerClasses = '[]', activeProfiles = '{}', propertySourceLocations = '{}', propertySourceProperties = '{}', contextCustomizers = set[org.springframework.boot.test.autoconfigure.actuate.metrics.MetricsExportContextCustomizerFactory$DisableMetricExportContextCustomizer@491e42b4, org.springframework.boot.test.autoconfigure.properties.PropertyMappingContextCustomizer@0, org.springframework.boot.test.autoconfigure.web.servlet.WebDriverContextCustomizerFactory$Customizer@1970d49a, org.springframework.boot.test.context.filter.ExcludeFilterContextCustomizer@178e422e, org.springframework.boot.test.json.DuplicateJsonObjectContextCustomizerFactory$DuplicateJsonObjectContextCustomizer@1cf9c2c, org.springframework.boot.test.mock.mockito.MockitoContextCustomizer@0], contextLoader = 'org.springframework.test.context.support.DelegatingSmartContextLoader', parent = [null]]]
04:29:03.038 [Test worker] DEBUG org.springframework.test.context.cache - Spring test ApplicationContext cache statistics: [DefaultContextCache@4e17f97e size = 1, maxSize = 32, parentContextCount = 0, hitCount = 18, missCount = 1]
04:29:03.038 [Test worker] DEBUG org.springframework.test.context.cache.DefaultCacheAwareContextLoaderDelegate - Retrieved ApplicationContext [1806878190] from cache with key [[MergedContextConfiguration@1d733d37 testClass = CertificateDaoImplTest, locations = '{}', classes = '{class com.epam.esm.configuration.DaoTestConfiguration}', contextInitializerClasses = '[]', activeProfiles = '{}', propertySourceLocations = '{}', propertySourceProperties = '{}', contextCustomizers = set[org.springframework.boot.test.autoconfigure.actuate.metrics.MetricsExportContextCustomizerFactory$DisableMetricExportContextCustomizer@491e42b4, org.springframework.boot.test.autoconfigure.properties.PropertyMappingContextCustomizer@0, org.springframework.boot.test.autoconfigure.web.servlet.WebDriverContextCustomizerFactory$Customizer@1970d49a, org.springframework.boot.test.context.filter.ExcludeFilterContextCustomizer@178e422e, org.springframework.boot.test.json.DuplicateJsonObjectContextCustomizerFactory$DuplicateJsonObjectContextCustomizer@1cf9c2c, org.springframework.boot.test.mock.mockito.MockitoContextCustomizer@0], contextLoader = 'org.springframework.test.context.support.DelegatingSmartContextLoader', parent = [null]]]
04:29:03.038 [Test worker] DEBUG org.springframework.test.context.cache - Spring test ApplicationContext cache statistics: [DefaultContextCache@4e17f97e size = 1, maxSize = 32, parentContextCount = 0, hitCount = 19, missCount = 1]
04:29:03.039 [Test worker] DEBUG org.springframework.test.context.cache.DefaultCacheAwareContextLoaderDelegate - Retrieved ApplicationContext [1806878190] from cache with key [[MergedContextConfiguration@1d733d37 testClass = CertificateDaoImplTest, locations = '{}', classes = '{class com.epam.esm.configuration.DaoTestConfiguration}', contextInitializerClasses = '[]', activeProfiles = '{}', propertySourceLocations = '{}', propertySourceProperties = '{}', contextCustomizers = set[org.springframework.boot.test.autoconfigure.actuate.metrics.MetricsExportContextCustomizerFactory$DisableMetricExportContextCustomizer@491e42b4, org.springframework.boot.test.autoconfigure.properties.PropertyMappingContextCustomizer@0, org.springframework.boot.test.autoconfigure.web.servlet.WebDriverContextCustomizerFactory$Customizer@1970d49a, org.springframework.boot.test.context.filter.ExcludeFilterContextCustomizer@178e422e, org.springframework.boot.test.json.DuplicateJsonObjectContextCustomizerFactory$DuplicateJsonObjectContextCustomizer@1cf9c2c, org.springframework.boot.test.mock.mockito.MockitoContextCustomizer@0], contextLoader = 'org.springframework.test.context.support.DelegatingSmartContextLoader', parent = [null]]]
04:29:03.039 [Test worker] DEBUG org.springframework.test.context.cache - Spring test ApplicationContext cache statistics: [DefaultContextCache@4e17f97e size = 1, maxSize = 32, parentContextCount = 0, hitCount = 20, missCount = 1]
04:29:03.039 [Test worker] DEBUG org.springframework.test.context.cache.DefaultCacheAwareContextLoaderDelegate - Retrieved ApplicationContext [1806878190] from cache with key [[MergedContextConfiguration@1d733d37 testClass = CertificateDaoImplTest, locations = '{}', classes = '{class com.epam.esm.configuration.DaoTestConfiguration}', contextInitializerClasses = '[]', activeProfiles = '{}', propertySourceLocations = '{}', propertySourceProperties = '{}', contextCustomizers = set[org.springframework.boot.test.autoconfigure.actuate.metrics.MetricsExportContextCustomizerFactory$DisableMetricExportContextCustomizer@491e42b4, org.springframework.boot.test.autoconfigure.properties.PropertyMappingContextCustomizer@0, org.springframework.boot.test.autoconfigure.web.servlet.WebDriverContextCustomizerFactory$Customizer@1970d49a, org.springframework.boot.test.context.filter.ExcludeFilterContextCustomizer@178e422e, org.springframework.boot.test.json.DuplicateJsonObjectContextCustomizerFactory$DuplicateJsonObjectContextCustomizer@1cf9c2c, org.springframework.boot.test.mock.mockito.MockitoContextCustomizer@0], contextLoader = 'org.springframework.test.context.support.DelegatingSmartContextLoader', parent = [null]]]
04:29:03.039 [Test worker] DEBUG org.springframework.test.context.cache - Spring test ApplicationContext cache statistics: [DefaultContextCache@4e17f97e size = 1, maxSize = 32, parentContextCount = 0, hitCount = 21, missCount = 1]
04:29:03.039 [Test worker] DEBUG org.springframework.test.context.cache.DefaultCacheAwareContextLoaderDelegate - Retrieved ApplicationContext [1806878190] from cache with key [[MergedContextConfiguration@1d733d37 testClass = CertificateDaoImplTest, locations = '{}', classes = '{class com.epam.esm.configuration.DaoTestConfiguration}', contextInitializerClasses = '[]', activeProfiles = '{}', propertySourceLocations = '{}', propertySourceProperties = '{}', contextCustomizers = set[org.springframework.boot.test.autoconfigure.actuate.metrics.MetricsExportContextCustomizerFactory$DisableMetricExportContextCustomizer@491e42b4, org.springframework.boot.test.autoconfigure.properties.PropertyMappingContextCustomizer@0, org.springframework.boot.test.autoconfigure.web.servlet.WebDriverContextCustomizerFactory$Customizer@1970d49a, org.springframework.boot.test.context.filter.ExcludeFilterContextCustomizer@178e422e, org.springframework.boot.test.json.DuplicateJsonObjectContextCustomizerFactory$DuplicateJsonObjectContextCustomizer@1cf9c2c, org.springframework.boot.test.mock.mockito.MockitoContextCustomizer@0], contextLoader = 'org.springframework.test.context.support.DelegatingSmartContextLoader', parent = [null]]]
04:29:03.039 [Test worker] DEBUG org.springframework.test.context.cache - Spring test ApplicationContext cache statistics: [DefaultContextCache@4e17f97e size = 1, maxSize = 32, parentContextCount = 0, hitCount = 22, missCount = 1]
04:29:03.040 [Test worker] DEBUG org.springframework.test.context.cache.DefaultCacheAwareContextLoaderDelegate - Retrieved ApplicationContext [1806878190] from cache with key [[MergedContextConfiguration@1d733d37 testClass = CertificateDaoImplTest, locations = '{}', classes = '{class com.epam.esm.configuration.DaoTestConfiguration}', contextInitializerClasses = '[]', activeProfiles = '{}', propertySourceLocations = '{}', propertySourceProperties = '{}', contextCustomizers = set[org.springframework.boot.test.autoconfigure.actuate.metrics.MetricsExportContextCustomizerFactory$DisableMetricExportContextCustomizer@491e42b4, org.springframework.boot.test.autoconfigure.properties.PropertyMappingContextCustomizer@0, org.springframework.boot.test.autoconfigure.web.servlet.WebDriverContextCustomizerFactory$Customizer@1970d49a, org.springframework.boot.test.context.filter.ExcludeFilterContextCustomizer@178e422e, org.springframework.boot.test.json.DuplicateJsonObjectContextCustomizerFactory$DuplicateJsonObjectContextCustomizer@1cf9c2c, org.springframework.boot.test.mock.mockito.MockitoContextCustomizer@0], contextLoader = 'org.springframework.test.context.support.DelegatingSmartContextLoader', parent = [null]]]
04:29:03.040 [Test worker] DEBUG org.springframework.test.context.cache - Spring test ApplicationContext cache statistics: [DefaultContextCache@4e17f97e size = 1, maxSize = 32, parentContextCount = 0, hitCount = 23, missCount = 1]
04:29:03.040 [Test worker] DEBUG org.springframework.orm.jpa.JpaTransactionManager - Initiating transaction rollback
04:29:03.040 [Test worker] DEBUG org.springframework.orm.jpa.JpaTransactionManager - Rolling back JPA transaction on EntityManager [SessionImpl(111824252<open>)]
04:29:03.040 [Test worker] DEBUG org.hibernate.engine.transaction.internal.TransactionImpl - rolling back
04:29:03.041 [Test worker] DEBUG org.springframework.orm.jpa.JpaTransactionManager - Closing JPA EntityManager [SessionImpl(111824252<open>)] after transaction
04:29:03.041 [Test worker] INFO org.hibernate.engine.internal.StatisticalLoggingSessionEventListener - Session Metrics {
    447111 nanoseconds spent acquiring 1 JDBC connections;
    0 nanoseconds spent releasing 0 JDBC connections;
    1408576 nanoseconds spent preparing 21 JDBC statements;
    5352455 nanoseconds spent executing 21 JDBC statements;
    0 nanoseconds spent executing 0 JDBC batches;
    0 nanoseconds spent performing 0 L2C puts;
    0 nanoseconds spent performing 0 L2C hits;
    0 nanoseconds spent performing 0 L2C misses;
    0 nanoseconds spent executing 0 flushes (flushing a total of 0 entities and 0 collections);
    26736108 nanoseconds spent executing 11 partial-flushes (flushing a total of 55 entities and 55 collections)
}
04:29:03.042 [Test worker] INFO org.springframework.test.context.transaction.TransactionContext - Rolled back transaction for test: [DefaultTestContext@29934d06 testClass = CertificateDaoImplTest, testInstance = com.epam.esm.dao.impl.CertificateDaoImplTest@25ba5653, testMethod = loadAllTest@CertificateDaoImplTest, testException = [null], mergedContextConfiguration = [MergedContextConfiguration@1d733d37 testClass = CertificateDaoImplTest, locations = '{}', classes = '{class com.epam.esm.configuration.DaoTestConfiguration}', contextInitializerClasses = '[]', activeProfiles = '{}', propertySourceLocations = '{}', propertySourceProperties = '{}', contextCustomizers = set[org.springframework.boot.test.autoconfigure.actuate.metrics.MetricsExportContextCustomizerFactory$DisableMetricExportContextCustomizer@491e42b4, org.springframework.boot.test.autoconfigure.properties.PropertyMappingContextCustomizer@0, org.springframework.boot.test.autoconfigure.web.servlet.WebDriverContextCustomizerFactory$Customizer@1970d49a, org.springframework.boot.test.context.filter.ExcludeFilterContextCustomizer@178e422e, org.springframework.boot.test.json.DuplicateJsonObjectContextCustomizerFactory$DuplicateJsonObjectContextCustomizer@1cf9c2c, org.springframework.boot.test.mock.mockito.MockitoContextCustomizer@0], contextLoader = 'org.springframework.test.context.support.DelegatingSmartContextLoader', parent = [null]], attributes = map['org.springframework.test.context.event.ApplicationEventsTestExecutionListener.recordApplicationEvents' -> false]]
04:29:03.042 [Test worker] DEBUG org.springframework.test.context.support.AbstractDirtiesContextTestExecutionListener - After test method: context [DefaultTestContext@29934d06 testClass = CertificateDaoImplTest, testInstance = com.epam.esm.dao.impl.CertificateDaoImplTest@25ba5653, testMethod = loadAllTest@CertificateDaoImplTest, testException = [null], mergedContextConfiguration = [MergedContextConfiguration@1d733d37 testClass = CertificateDaoImplTest, locations = '{}', classes = '{class com.epam.esm.configuration.DaoTestConfiguration}', contextInitializerClasses = '[]', activeProfiles = '{}', propertySourceLocations = '{}', propertySourceProperties = '{}', contextCustomizers = set[org.springframework.boot.test.autoconfigure.actuate.metrics.MetricsExportContextCustomizerFactory$DisableMetricExportContextCustomizer@491e42b4, org.springframework.boot.test.autoconfigure.properties.PropertyMappingContextCustomizer@0, org.springframework.boot.test.autoconfigure.web.servlet.WebDriverContextCustomizerFactory$Customizer@1970d49a, org.springframework.boot.test.context.filter.ExcludeFilterContextCustomizer@178e422e, org.springframework.boot.test.json.DuplicateJsonObjectContextCustomizerFactory$DuplicateJsonObjectContextCustomizer@1cf9c2c, org.springframework.boot.test.mock.mockito.MockitoContextCustomizer@0], contextLoader = 'org.springframework.test.context.support.DelegatingSmartContextLoader', parent = [null]], attributes = map['org.springframework.test.context.event.ApplicationEventsTestExecutionListener.recordApplicationEvents' -> false]], class annotated with @DirtiesContext [false] with mode [null], method annotated with @DirtiesContext [false] with mode [null].
04:29:03.043 [Test worker] DEBUG org.springframework.test.context.support.DependencyInjectionTestExecutionListener - Performing dependency injection for test context [[DefaultTestContext@29934d06 testClass = CertificateDaoImplTest, testInstance = com.epam.esm.dao.impl.CertificateDaoImplTest@58299feb, testMethod = [null], testException = [null], mergedContextConfiguration = [MergedContextConfiguration@1d733d37 testClass = CertificateDaoImplTest, locations = '{}', classes = '{class com.epam.esm.configuration.DaoTestConfiguration}', contextInitializerClasses = '[]', activeProfiles = '{}', propertySourceLocations = '{}', propertySourceProperties = '{}', contextCustomizers = set[org.springframework.boot.test.autoconfigure.actuate.metrics.MetricsExportContextCustomizerFactory$DisableMetricExportContextCustomizer@491e42b4, org.springframework.boot.test.autoconfigure.properties.PropertyMappingContextCustomizer@0, org.springframework.boot.test.autoconfigure.web.servlet.WebDriverContextCustomizerFactory$Customizer@1970d49a, org.springframework.boot.test.context.filter.ExcludeFilterContextCustomizer@178e422e, org.springframework.boot.test.json.DuplicateJsonObjectContextCustomizerFactory$DuplicateJsonObjectContextCustomizer@1cf9c2c, org.springframework.boot.test.mock.mockito.MockitoContextCustomizer@0], contextLoader = 'org.springframework.test.context.support.DelegatingSmartContextLoader', parent = [null]], attributes = map['org.springframework.test.context.event.ApplicationEventsTestExecutionListener.recordApplicationEvents' -> false]]].
04:29:03.043 [Test worker] DEBUG org.springframework.test.context.cache.DefaultCacheAwareContextLoaderDelegate - Retrieved ApplicationContext [1806878190] from cache with key [[MergedContextConfiguration@1d733d37 testClass = CertificateDaoImplTest, locations = '{}', classes = '{class com.epam.esm.configuration.DaoTestConfiguration}', contextInitializerClasses = '[]', activeProfiles = '{}', propertySourceLocations = '{}', propertySourceProperties = '{}', contextCustomizers = set[org.springframework.boot.test.autoconfigure.actuate.metrics.MetricsExportContextCustomizerFactory$DisableMetricExportContextCustomizer@491e42b4, org.springframework.boot.test.autoconfigure.properties.PropertyMappingContextCustomizer@0, org.springframework.boot.test.autoconfigure.web.servlet.WebDriverContextCustomizerFactory$Customizer@1970d49a, org.springframework.boot.test.context.filter.ExcludeFilterContextCustomizer@178e422e, org.springframework.boot.test.json.DuplicateJsonObjectContextCustomizerFactory$DuplicateJsonObjectContextCustomizer@1cf9c2c, org.springframework.boot.test.mock.mockito.MockitoContextCustomizer@0], contextLoader = 'org.springframework.test.context.support.DelegatingSmartContextLoader', parent = [null]]]
04:29:03.043 [Test worker] DEBUG org.springframework.test.context.cache - Spring test ApplicationContext cache statistics: [DefaultContextCache@4e17f97e size = 1, maxSize = 32, parentContextCount = 0, hitCount = 24, missCount = 1]
04:29:03.043 [Test worker] DEBUG org.springframework.test.context.cache.DefaultCacheAwareContextLoaderDelegate - Retrieved ApplicationContext [1806878190] from cache with key [[MergedContextConfiguration@1d733d37 testClass = CertificateDaoImplTest, locations = '{}', classes = '{class com.epam.esm.configuration.DaoTestConfiguration}', contextInitializerClasses = '[]', activeProfiles = '{}', propertySourceLocations = '{}', propertySourceProperties = '{}', contextCustomizers = set[org.springframework.boot.test.autoconfigure.actuate.metrics.MetricsExportContextCustomizerFactory$DisableMetricExportContextCustomizer@491e42b4, org.springframework.boot.test.autoconfigure.properties.PropertyMappingContextCustomizer@0, org.springframework.boot.test.autoconfigure.web.servlet.WebDriverContextCustomizerFactory$Customizer@1970d49a, org.springframework.boot.test.context.filter.ExcludeFilterContextCustomizer@178e422e, org.springframework.boot.test.json.DuplicateJsonObjectContextCustomizerFactory$DuplicateJsonObjectContextCustomizer@1cf9c2c, org.springframework.boot.test.mock.mockito.MockitoContextCustomizer@0], contextLoader = 'org.springframework.test.context.support.DelegatingSmartContextLoader', parent = [null]]]
04:29:03.044 [Test worker] DEBUG org.springframework.test.context.cache - Spring test ApplicationContext cache statistics: [DefaultContextCache@4e17f97e size = 1, maxSize = 32, parentContextCount = 0, hitCount = 25, missCount = 1]
04:29:03.044 [Test worker] DEBUG org.springframework.test.context.support.AbstractDirtiesContextTestExecutionListener - Before test method: context [DefaultTestContext@29934d06 testClass = CertificateDaoImplTest, testInstance = com.epam.esm.dao.impl.CertificateDaoImplTest@58299feb, testMethod = loadByNameTest@CertificateDaoImplTest, testException = [null], mergedContextConfiguration = [MergedContextConfiguration@1d733d37 testClass = CertificateDaoImplTest, locations = '{}', classes = '{class com.epam.esm.configuration.DaoTestConfiguration}', contextInitializerClasses = '[]', activeProfiles = '{}', propertySourceLocations = '{}', propertySourceProperties = '{}', contextCustomizers = set[org.springframework.boot.test.autoconfigure.actuate.metrics.MetricsExportContextCustomizerFactory$DisableMetricExportContextCustomizer@491e42b4, org.springframework.boot.test.autoconfigure.properties.PropertyMappingContextCustomizer@0, org.springframework.boot.test.autoconfigure.web.servlet.WebDriverContextCustomizerFactory$Customizer@1970d49a, org.springframework.boot.test.context.filter.ExcludeFilterContextCustomizer@178e422e, org.springframework.boot.test.json.DuplicateJsonObjectContextCustomizerFactory$DuplicateJsonObjectContextCustomizer@1cf9c2c, org.springframework.boot.test.mock.mockito.MockitoContextCustomizer@0], contextLoader = 'org.springframework.test.context.support.DelegatingSmartContextLoader', parent = [null]], attributes = map['org.springframework.test.context.event.ApplicationEventsTestExecutionListener.recordApplicationEvents' -> false]], class annotated with @DirtiesContext [false] with mode [null], method annotated with @DirtiesContext [false] with mode [null].
04:29:03.045 [Test worker] DEBUG org.springframework.test.context.transaction.TransactionalTestExecutionListener - Explicit transaction definition [PROPAGATION_REQUIRED,ISOLATION_DEFAULT] found for test context [DefaultTestContext@29934d06 testClass = CertificateDaoImplTest, testInstance = com.epam.esm.dao.impl.CertificateDaoImplTest@58299feb, testMethod = loadByNameTest@CertificateDaoImplTest, testException = [null], mergedContextConfiguration = [MergedContextConfiguration@1d733d37 testClass = CertificateDaoImplTest, locations = '{}', classes = '{class com.epam.esm.configuration.DaoTestConfiguration}', contextInitializerClasses = '[]', activeProfiles = '{}', propertySourceLocations = '{}', propertySourceProperties = '{}', contextCustomizers = set[org.springframework.boot.test.autoconfigure.actuate.metrics.MetricsExportContextCustomizerFactory$DisableMetricExportContextCustomizer@491e42b4, org.springframework.boot.test.autoconfigure.properties.PropertyMappingContextCustomizer@0, org.springframework.boot.test.autoconfigure.web.servlet.WebDriverContextCustomizerFactory$Customizer@1970d49a, org.springframework.boot.test.context.filter.ExcludeFilterContextCustomizer@178e422e, org.springframework.boot.test.json.DuplicateJsonObjectContextCustomizerFactory$DuplicateJsonObjectContextCustomizer@1cf9c2c, org.springframework.boot.test.mock.mockito.MockitoContextCustomizer@0], contextLoader = 'org.springframework.test.context.support.DelegatingSmartContextLoader', parent = [null]], attributes = map['org.springframework.test.context.event.ApplicationEventsTestExecutionListener.recordApplicationEvents' -> false]]
04:29:03.045 [Test worker] DEBUG org.springframework.test.context.cache.DefaultCacheAwareContextLoaderDelegate - Retrieved ApplicationContext [1806878190] from cache with key [[MergedContextConfiguration@1d733d37 testClass = CertificateDaoImplTest, locations = '{}', classes = '{class com.epam.esm.configuration.DaoTestConfiguration}', contextInitializerClasses = '[]', activeProfiles = '{}', propertySourceLocations = '{}', propertySourceProperties = '{}', contextCustomizers = set[org.springframework.boot.test.autoconfigure.actuate.metrics.MetricsExportContextCustomizerFactory$DisableMetricExportContextCustomizer@491e42b4, org.springframework.boot.test.autoconfigure.properties.PropertyMappingContextCustomizer@0, org.springframework.boot.test.autoconfigure.web.servlet.WebDriverContextCustomizerFactory$Customizer@1970d49a, org.springframework.boot.test.context.filter.ExcludeFilterContextCustomizer@178e422e, org.springframework.boot.test.json.DuplicateJsonObjectContextCustomizerFactory$DuplicateJsonObjectContextCustomizer@1cf9c2c, org.springframework.boot.test.mock.mockito.MockitoContextCustomizer@0], contextLoader = 'org.springframework.test.context.support.DelegatingSmartContextLoader', parent = [null]]]
04:29:03.045 [Test worker] DEBUG org.springframework.test.context.cache - Spring test ApplicationContext cache statistics: [DefaultContextCache@4e17f97e size = 1, maxSize = 32, parentContextCount = 0, hitCount = 26, missCount = 1]
04:29:03.045 [Test worker] DEBUG org.springframework.test.context.transaction.TransactionalTestExecutionListener - No method-level @Rollback override: using default rollback [true] for test context [DefaultTestContext@29934d06 testClass = CertificateDaoImplTest, testInstance = com.epam.esm.dao.impl.CertificateDaoImplTest@58299feb, testMethod = loadByNameTest@CertificateDaoImplTest, testException = [null], mergedContextConfiguration = [MergedContextConfiguration@1d733d37 testClass = CertificateDaoImplTest, locations = '{}', classes = '{class com.epam.esm.configuration.DaoTestConfiguration}', contextInitializerClasses = '[]', activeProfiles = '{}', propertySourceLocations = '{}', propertySourceProperties = '{}', contextCustomizers = set[org.springframework.boot.test.autoconfigure.actuate.metrics.MetricsExportContextCustomizerFactory$DisableMetricExportContextCustomizer@491e42b4, org.springframework.boot.test.autoconfigure.properties.PropertyMappingContextCustomizer@0, org.springframework.boot.test.autoconfigure.web.servlet.WebDriverContextCustomizerFactory$Customizer@1970d49a, org.springframework.boot.test.context.filter.ExcludeFilterContextCustomizer@178e422e, org.springframework.boot.test.json.DuplicateJsonObjectContextCustomizerFactory$DuplicateJsonObjectContextCustomizer@1cf9c2c, org.springframework.boot.test.mock.mockito.MockitoContextCustomizer@0], contextLoader = 'org.springframework.test.context.support.DelegatingSmartContextLoader', parent = [null]], attributes = map['org.springframework.test.context.event.ApplicationEventsTestExecutionListener.recordApplicationEvents' -> false]].
04:29:03.045 [Test worker] DEBUG org.springframework.orm.jpa.JpaTransactionManager - Creating new transaction with name [com.epam.esm.dao.impl.CertificateDaoImplTest.loadByNameTest]: PROPAGATION_REQUIRED,ISOLATION_DEFAULT
04:29:03.046 [Test worker] DEBUG org.springframework.orm.jpa.JpaTransactionManager - Opened new EntityManager [SessionImpl(2002732068<open>)] for JPA transaction
04:29:03.046 [Test worker] DEBUG org.hibernate.engine.transaction.internal.TransactionImpl - On TransactionImpl creation, JpaCompliance#isJpaTransactionComplianceEnabled == false
04:29:03.046 [Test worker] DEBUG org.hibernate.engine.transaction.internal.TransactionImpl - begin
04:29:03.046 [Test worker] DEBUG org.springframework.jdbc.datasource.DriverManagerDataSource - Creating new JDBC DriverManager Connection to [jdbc:h2:mem:second;DB_CLOSE_DELAY=-1]
04:29:03.047 [Test worker] DEBUG org.springframework.orm.jpa.JpaTransactionManager - Exposing JPA transaction as JDBC [org.springframework.orm.jpa.vendor.HibernateJpaDialect$HibernateConnectionHandle@1dfa2116]
04:29:03.047 [Test worker] INFO org.springframework.test.context.transaction.TransactionContext - Began transaction (1) for test context [DefaultTestContext@29934d06 testClass = CertificateDaoImplTest, testInstance = com.epam.esm.dao.impl.CertificateDaoImplTest@58299feb, testMethod = loadByNameTest@CertificateDaoImplTest, testException = [null], mergedContextConfiguration = [MergedContextConfiguration@1d733d37 testClass = CertificateDaoImplTest, locations = '{}', classes = '{class com.epam.esm.configuration.DaoTestConfiguration}', contextInitializerClasses = '[]', activeProfiles = '{}', propertySourceLocations = '{}', propertySourceProperties = '{}', contextCustomizers = set[org.springframework.boot.test.autoconfigure.actuate.metrics.MetricsExportContextCustomizerFactory$DisableMetricExportContextCustomizer@491e42b4, org.springframework.boot.test.autoconfigure.properties.PropertyMappingContextCustomizer@0, org.springframework.boot.test.autoconfigure.web.servlet.WebDriverContextCustomizerFactory$Customizer@1970d49a, org.springframework.boot.test.context.filter.ExcludeFilterContextCustomizer@178e422e, org.springframework.boot.test.json.DuplicateJsonObjectContextCustomizerFactory$DuplicateJsonObjectContextCustomizer@1cf9c2c, org.springframework.boot.test.mock.mockito.MockitoContextCustomizer@0], contextLoader = 'org.springframework.test.context.support.DelegatingSmartContextLoader', parent = [null]], attributes = map['org.springframework.test.context.event.ApplicationEventsTestExecutionListener.recordApplicationEvents' -> false]]; transaction manager [org.springframework.orm.jpa.JpaTransactionManager@5f1d7692]; rollback [true]
04:29:03.047 [Test worker] DEBUG org.springframework.test.context.cache.DefaultCacheAwareContextLoaderDelegate - Retrieved ApplicationContext [1806878190] from cache with key [[MergedContextConfiguration@1d733d37 testClass = CertificateDaoImplTest, locations = '{}', classes = '{class com.epam.esm.configuration.DaoTestConfiguration}', contextInitializerClasses = '[]', activeProfiles = '{}', propertySourceLocations = '{}', propertySourceProperties = '{}', contextCustomizers = set[org.springframework.boot.test.autoconfigure.actuate.metrics.MetricsExportContextCustomizerFactory$DisableMetricExportContextCustomizer@491e42b4, org.springframework.boot.test.autoconfigure.properties.PropertyMappingContextCustomizer@0, org.springframework.boot.test.autoconfigure.web.servlet.WebDriverContextCustomizerFactory$Customizer@1970d49a, org.springframework.boot.test.context.filter.ExcludeFilterContextCustomizer@178e422e, org.springframework.boot.test.json.DuplicateJsonObjectContextCustomizerFactory$DuplicateJsonObjectContextCustomizer@1cf9c2c, org.springframework.boot.test.mock.mockito.MockitoContextCustomizer@0], contextLoader = 'org.springframework.test.context.support.DelegatingSmartContextLoader', parent = [null]]]
04:29:03.047 [Test worker] DEBUG org.springframework.test.context.cache - Spring test ApplicationContext cache statistics: [DefaultContextCache@4e17f97e size = 1, maxSize = 32, parentContextCount = 0, hitCount = 27, missCount = 1]
04:29:03.048 [Test worker] DEBUG org.springframework.test.context.cache.DefaultCacheAwareContextLoaderDelegate - Retrieved ApplicationContext [1806878190] from cache with key [[MergedContextConfiguration@1d733d37 testClass = CertificateDaoImplTest, locations = '{}', classes = '{class com.epam.esm.configuration.DaoTestConfiguration}', contextInitializerClasses = '[]', activeProfiles = '{}', propertySourceLocations = '{}', propertySourceProperties = '{}', contextCustomizers = set[org.springframework.boot.test.autoconfigure.actuate.metrics.MetricsExportContextCustomizerFactory$DisableMetricExportContextCustomizer@491e42b4, org.springframework.boot.test.autoconfigure.properties.PropertyMappingContextCustomizer@0, org.springframework.boot.test.autoconfigure.web.servlet.WebDriverContextCustomizerFactory$Customizer@1970d49a, org.springframework.boot.test.context.filter.ExcludeFilterContextCustomizer@178e422e, org.springframework.boot.test.json.DuplicateJsonObjectContextCustomizerFactory$DuplicateJsonObjectContextCustomizer@1cf9c2c, org.springframework.boot.test.mock.mockito.MockitoContextCustomizer@0], contextLoader = 'org.springframework.test.context.support.DelegatingSmartContextLoader', parent = [null]]]
04:29:03.048 [Test worker] DEBUG org.springframework.test.context.cache - Spring test ApplicationContext cache statistics: [DefaultContextCache@4e17f97e size = 1, maxSize = 32, parentContextCount = 0, hitCount = 28, missCount = 1]
04:29:03.048 [Test worker] DEBUG org.springframework.test.context.cache.DefaultCacheAwareContextLoaderDelegate - Retrieved ApplicationContext [1806878190] from cache with key [[MergedContextConfiguration@1d733d37 testClass = CertificateDaoImplTest, locations = '{}', classes = '{class com.epam.esm.configuration.DaoTestConfiguration}', contextInitializerClasses = '[]', activeProfiles = '{}', propertySourceLocations = '{}', propertySourceProperties = '{}', contextCustomizers = set[org.springframework.boot.test.autoconfigure.actuate.metrics.MetricsExportContextCustomizerFactory$DisableMetricExportContextCustomizer@491e42b4, org.springframework.boot.test.autoconfigure.properties.PropertyMappingContextCustomizer@0, org.springframework.boot.test.autoconfigure.web.servlet.WebDriverContextCustomizerFactory$Customizer@1970d49a, org.springframework.boot.test.context.filter.ExcludeFilterContextCustomizer@178e422e, org.springframework.boot.test.json.DuplicateJsonObjectContextCustomizerFactory$DuplicateJsonObjectContextCustomizer@1cf9c2c, org.springframework.boot.test.mock.mockito.MockitoContextCustomizer@0], contextLoader = 'org.springframework.test.context.support.DelegatingSmartContextLoader', parent = [null]]]
04:29:03.048 [Test worker] DEBUG org.springframework.test.context.cache - Spring test ApplicationContext cache statistics: [DefaultContextCache@4e17f97e size = 1, maxSize = 32, parentContextCount = 0, hitCount = 29, missCount = 1]
04:29:03.049 [Test worker] DEBUG org.hibernate.engine.spi.ActionQueue - Executing identity-insert immediately
04:29:03.049 [Test worker] DEBUG org.hibernate.SQL - insert into CertificateEntity (id, createDate, description, duration, lastUpdateDate, name, price) values (null, ?, ?, ?, ?, ?, ?)
Hibernate: insert into CertificateEntity (id, createDate, description, duration, lastUpdateDate, name, price) values (null, ?, ?, ?, ?, ?, ?)
04:29:03.050 [Test worker] DEBUG org.hibernate.id.IdentifierGeneratorHelper - Natively generated identity: 12
04:29:03.050 [Test worker] DEBUG org.hibernate.resource.jdbc.internal.ResourceRegistryStandardImpl - HHH000387: ResultSet's statement was not registered
04:29:03.051 [Test worker] DEBUG org.hibernate.event.internal.AbstractFlushingEventListener - Processing flush-time cascades
04:29:03.051 [Test worker] DEBUG org.hibernate.event.internal.AbstractFlushingEventListener - Dirty checking collections
04:29:03.051 [Test worker] DEBUG org.hibernate.engine.internal.Collections - Collection found: [com.epam.esm.model.entity.CertificateEntity.tagEntities#12], was: [<unreferenced>] (initialized)
04:29:03.051 [Test worker] DEBUG org.hibernate.event.internal.AbstractFlushingEventListener - Flushed: 0 insertions, 0 updates, 0 deletions to 1 objects
04:29:03.051 [Test worker] DEBUG org.hibernate.event.internal.AbstractFlushingEventListener - Flushed: 1 (re)creations, 0 updates, 0 removals to 1 collections
04:29:03.051 [Test worker] DEBUG org.hibernate.internal.util.EntityPrinter - Listing entities:
04:29:03.051 [Test worker] DEBUG org.hibernate.internal.util.EntityPrinter - com.epam.esm.model.entity.CertificateEntity{duration=0, lastUpdateDate=null, price=0.0, tagEntities=[], name=Certificate1, description=null, id=12, createDate=null}
04:29:03.051 [Test worker] DEBUG org.hibernate.SQL - select certificat0_.id as id1_0_, certificat0_.createDate as createda2_0_, certificat0_.description as descript3_0_, certificat0_.duration as duration4_0_, certificat0_.lastUpdateDate as lastupda5_0_, certificat0_.name as name6_0_, certificat0_.price as price7_0_ from CertificateEntity certificat0_ where certificat0_.name=?
Hibernate: select certificat0_.id as id1_0_, certificat0_.createDate as createda2_0_, certificat0_.description as descript3_0_, certificat0_.duration as duration4_0_, certificat0_.lastUpdateDate as lastupda5_0_, certificat0_.name as name6_0_, certificat0_.price as price7_0_ from CertificateEntity certificat0_ where certificat0_.name=?
04:29:03.052 [Test worker] DEBUG org.hibernate.stat.internal.StatisticsImpl - HHH000117: HQL: SELECT cert FROM CertificateEntity cert WHERE cert.name = ?1, time: 0ms, rows: 0
04:29:03.053 [Test worker] DEBUG org.hibernate.loader.Loader - Result row: EntityKey[com.epam.esm.model.entity.CertificateEntity#12]
04:29:03.053 [Test worker] DEBUG org.springframework.test.context.cache.DefaultCacheAwareContextLoaderDelegate - Retrieved ApplicationContext [1806878190] from cache with key [[MergedContextConfiguration@1d733d37 testClass = CertificateDaoImplTest, locations = '{}', classes = '{class com.epam.esm.configuration.DaoTestConfiguration}', contextInitializerClasses = '[]', activeProfiles = '{}', propertySourceLocations = '{}', propertySourceProperties = '{}', contextCustomizers = set[org.springframework.boot.test.autoconfigure.actuate.metrics.MetricsExportContextCustomizerFactory$DisableMetricExportContextCustomizer@491e42b4, org.springframework.boot.test.autoconfigure.properties.PropertyMappingContextCustomizer@0, org.springframework.boot.test.autoconfigure.web.servlet.WebDriverContextCustomizerFactory$Customizer@1970d49a, org.springframework.boot.test.context.filter.ExcludeFilterContextCustomizer@178e422e, org.springframework.boot.test.json.DuplicateJsonObjectContextCustomizerFactory$DuplicateJsonObjectContextCustomizer@1cf9c2c, org.springframework.boot.test.mock.mockito.MockitoContextCustomizer@0], contextLoader = 'org.springframework.test.context.support.DelegatingSmartContextLoader', parent = [null]]]
04:29:03.053 [Test worker] DEBUG org.springframework.test.context.cache - Spring test ApplicationContext cache statistics: [DefaultContextCache@4e17f97e size = 1, maxSize = 32, parentContextCount = 0, hitCount = 30, missCount = 1]
04:29:03.054 [Test worker] DEBUG org.springframework.test.context.cache.DefaultCacheAwareContextLoaderDelegate - Retrieved ApplicationContext [1806878190] from cache with key [[MergedContextConfiguration@1d733d37 testClass = CertificateDaoImplTest, locations = '{}', classes = '{class com.epam.esm.configuration.DaoTestConfiguration}', contextInitializerClasses = '[]', activeProfiles = '{}', propertySourceLocations = '{}', propertySourceProperties = '{}', contextCustomizers = set[org.springframework.boot.test.autoconfigure.actuate.metrics.MetricsExportContextCustomizerFactory$DisableMetricExportContextCustomizer@491e42b4, org.springframework.boot.test.autoconfigure.properties.PropertyMappingContextCustomizer@0, org.springframework.boot.test.autoconfigure.web.servlet.WebDriverContextCustomizerFactory$Customizer@1970d49a, org.springframework.boot.test.context.filter.ExcludeFilterContextCustomizer@178e422e, org.springframework.boot.test.json.DuplicateJsonObjectContextCustomizerFactory$DuplicateJsonObjectContextCustomizer@1cf9c2c, org.springframework.boot.test.mock.mockito.MockitoContextCustomizer@0], contextLoader = 'org.springframework.test.context.support.DelegatingSmartContextLoader', parent = [null]]]
04:29:03.054 [Test worker] DEBUG org.springframework.test.context.cache - Spring test ApplicationContext cache statistics: [DefaultContextCache@4e17f97e size = 1, maxSize = 32, parentContextCount = 0, hitCount = 31, missCount = 1]
04:29:03.055 [Test worker] DEBUG org.springframework.test.context.cache.DefaultCacheAwareContextLoaderDelegate - Retrieved ApplicationContext [1806878190] from cache with key [[MergedContextConfiguration@1d733d37 testClass = CertificateDaoImplTest, locations = '{}', classes = '{class com.epam.esm.configuration.DaoTestConfiguration}', contextInitializerClasses = '[]', activeProfiles = '{}', propertySourceLocations = '{}', propertySourceProperties = '{}', contextCustomizers = set[org.springframework.boot.test.autoconfigure.actuate.metrics.MetricsExportContextCustomizerFactory$DisableMetricExportContextCustomizer@491e42b4, org.springframework.boot.test.autoconfigure.properties.PropertyMappingContextCustomizer@0, org.springframework.boot.test.autoconfigure.web.servlet.WebDriverContextCustomizerFactory$Customizer@1970d49a, org.springframework.boot.test.context.filter.ExcludeFilterContextCustomizer@178e422e, org.springframework.boot.test.json.DuplicateJsonObjectContextCustomizerFactory$DuplicateJsonObjectContextCustomizer@1cf9c2c, org.springframework.boot.test.mock.mockito.MockitoContextCustomizer@0], contextLoader = 'org.springframework.test.context.support.DelegatingSmartContextLoader', parent = [null]]]
04:29:03.055 [Test worker] DEBUG org.springframework.test.context.cache - Spring test ApplicationContext cache statistics: [DefaultContextCache@4e17f97e size = 1, maxSize = 32, parentContextCount = 0, hitCount = 32, missCount = 1]
04:29:03.055 [Test worker] DEBUG org.springframework.test.context.cache.DefaultCacheAwareContextLoaderDelegate - Retrieved ApplicationContext [1806878190] from cache with key [[MergedContextConfiguration@1d733d37 testClass = CertificateDaoImplTest, locations = '{}', classes = '{class com.epam.esm.configuration.DaoTestConfiguration}', contextInitializerClasses = '[]', activeProfiles = '{}', propertySourceLocations = '{}', propertySourceProperties = '{}', contextCustomizers = set[org.springframework.boot.test.autoconfigure.actuate.metrics.MetricsExportContextCustomizerFactory$DisableMetricExportContextCustomizer@491e42b4, org.springframework.boot.test.autoconfigure.properties.PropertyMappingContextCustomizer@0, org.springframework.boot.test.autoconfigure.web.servlet.WebDriverContextCustomizerFactory$Customizer@1970d49a, org.springframework.boot.test.context.filter.ExcludeFilterContextCustomizer@178e422e, org.springframework.boot.test.json.DuplicateJsonObjectContextCustomizerFactory$DuplicateJsonObjectContextCustomizer@1cf9c2c, org.springframework.boot.test.mock.mockito.MockitoContextCustomizer@0], contextLoader = 'org.springframework.test.context.support.DelegatingSmartContextLoader', parent = [null]]]
04:29:03.055 [Test worker] DEBUG org.springframework.test.context.cache - Spring test ApplicationContext cache statistics: [DefaultContextCache@4e17f97e size = 1, maxSize = 32, parentContextCount = 0, hitCount = 33, missCount = 1]
04:29:03.055 [Test worker] DEBUG org.springframework.test.context.cache.DefaultCacheAwareContextLoaderDelegate - Retrieved ApplicationContext [1806878190] from cache with key [[MergedContextConfiguration@1d733d37 testClass = CertificateDaoImplTest, locations = '{}', classes = '{class com.epam.esm.configuration.DaoTestConfiguration}', contextInitializerClasses = '[]', activeProfiles = '{}', propertySourceLocations = '{}', propertySourceProperties = '{}', contextCustomizers = set[org.springframework.boot.test.autoconfigure.actuate.metrics.MetricsExportContextCustomizerFactory$DisableMetricExportContextCustomizer@491e42b4, org.springframework.boot.test.autoconfigure.properties.PropertyMappingContextCustomizer@0, org.springframework.boot.test.autoconfigure.web.servlet.WebDriverContextCustomizerFactory$Customizer@1970d49a, org.springframework.boot.test.context.filter.ExcludeFilterContextCustomizer@178e422e, org.springframework.boot.test.json.DuplicateJsonObjectContextCustomizerFactory$DuplicateJsonObjectContextCustomizer@1cf9c2c, org.springframework.boot.test.mock.mockito.MockitoContextCustomizer@0], contextLoader = 'org.springframework.test.context.support.DelegatingSmartContextLoader', parent = [null]]]
04:29:03.055 [Test worker] DEBUG org.springframework.test.context.cache - Spring test ApplicationContext cache statistics: [DefaultContextCache@4e17f97e size = 1, maxSize = 32, parentContextCount = 0, hitCount = 34, missCount = 1]
04:29:03.056 [Test worker] DEBUG org.springframework.test.context.cache.DefaultCacheAwareContextLoaderDelegate - Retrieved ApplicationContext [1806878190] from cache with key [[MergedContextConfiguration@1d733d37 testClass = CertificateDaoImplTest, locations = '{}', classes = '{class com.epam.esm.configuration.DaoTestConfiguration}', contextInitializerClasses = '[]', activeProfiles = '{}', propertySourceLocations = '{}', propertySourceProperties = '{}', contextCustomizers = set[org.springframework.boot.test.autoconfigure.actuate.metrics.MetricsExportContextCustomizerFactory$DisableMetricExportContextCustomizer@491e42b4, org.springframework.boot.test.autoconfigure.properties.PropertyMappingContextCustomizer@0, org.springframework.boot.test.autoconfigure.web.servlet.WebDriverContextCustomizerFactory$Customizer@1970d49a, org.springframework.boot.test.context.filter.ExcludeFilterContextCustomizer@178e422e, org.springframework.boot.test.json.DuplicateJsonObjectContextCustomizerFactory$DuplicateJsonObjectContextCustomizer@1cf9c2c, org.springframework.boot.test.mock.mockito.MockitoContextCustomizer@0], contextLoader = 'org.springframework.test.context.support.DelegatingSmartContextLoader', parent = [null]]]
04:29:03.056 [Test worker] DEBUG org.springframework.test.context.cache - Spring test ApplicationContext cache statistics: [DefaultContextCache@4e17f97e size = 1, maxSize = 32, parentContextCount = 0, hitCount = 35, missCount = 1]
04:29:03.056 [Test worker] DEBUG org.springframework.orm.jpa.JpaTransactionManager - Initiating transaction rollback
04:29:03.057 [Test worker] DEBUG org.springframework.orm.jpa.JpaTransactionManager - Rolling back JPA transaction on EntityManager [SessionImpl(2002732068<open>)]
04:29:03.057 [Test worker] DEBUG org.hibernate.engine.transaction.internal.TransactionImpl - rolling back
04:29:03.058 [Test worker] DEBUG org.springframework.orm.jpa.JpaTransactionManager - Closing JPA EntityManager [SessionImpl(2002732068<open>)] after transaction
04:29:03.058 [Test worker] INFO org.hibernate.engine.internal.StatisticalLoggingSessionEventListener - Session Metrics {
    641011 nanoseconds spent acquiring 1 JDBC connections;
    0 nanoseconds spent releasing 0 JDBC connections;
    691576 nanoseconds spent preparing 2 JDBC statements;
    711069 nanoseconds spent executing 2 JDBC statements;
    0 nanoseconds spent executing 0 JDBC batches;
    0 nanoseconds spent performing 0 L2C puts;
    0 nanoseconds spent performing 0 L2C hits;
    0 nanoseconds spent performing 0 L2C misses;
    0 nanoseconds spent executing 0 flushes (flushing a total of 0 entities and 0 collections);
    610062 nanoseconds spent executing 1 partial-flushes (flushing a total of 1 entities and 1 collections)
}
04:29:03.058 [Test worker] INFO org.springframework.test.context.transaction.TransactionContext - Rolled back transaction for test: [DefaultTestContext@29934d06 testClass = CertificateDaoImplTest, testInstance = com.epam.esm.dao.impl.CertificateDaoImplTest@58299feb, testMethod = loadByNameTest@CertificateDaoImplTest, testException = [null], mergedContextConfiguration = [MergedContextConfiguration@1d733d37 testClass = CertificateDaoImplTest, locations = '{}', classes = '{class com.epam.esm.configuration.DaoTestConfiguration}', contextInitializerClasses = '[]', activeProfiles = '{}', propertySourceLocations = '{}', propertySourceProperties = '{}', contextCustomizers = set[org.springframework.boot.test.autoconfigure.actuate.metrics.MetricsExportContextCustomizerFactory$DisableMetricExportContextCustomizer@491e42b4, org.springframework.boot.test.autoconfigure.properties.PropertyMappingContextCustomizer@0, org.springframework.boot.test.autoconfigure.web.servlet.WebDriverContextCustomizerFactory$Customizer@1970d49a, org.springframework.boot.test.context.filter.ExcludeFilterContextCustomizer@178e422e, org.springframework.boot.test.json.DuplicateJsonObjectContextCustomizerFactory$DuplicateJsonObjectContextCustomizer@1cf9c2c, org.springframework.boot.test.mock.mockito.MockitoContextCustomizer@0], contextLoader = 'org.springframework.test.context.support.DelegatingSmartContextLoader', parent = [null]], attributes = map['org.springframework.test.context.event.ApplicationEventsTestExecutionListener.recordApplicationEvents' -> false]]
04:29:03.059 [Test worker] DEBUG org.springframework.test.context.support.AbstractDirtiesContextTestExecutionListener - After test method: context [DefaultTestContext@29934d06 testClass = CertificateDaoImplTest, testInstance = com.epam.esm.dao.impl.CertificateDaoImplTest@58299feb, testMethod = loadByNameTest@CertificateDaoImplTest, testException = [null], mergedContextConfiguration = [MergedContextConfiguration@1d733d37 testClass = CertificateDaoImplTest, locations = '{}', classes = '{class com.epam.esm.configuration.DaoTestConfiguration}', contextInitializerClasses = '[]', activeProfiles = '{}', propertySourceLocations = '{}', propertySourceProperties = '{}', contextCustomizers = set[org.springframework.boot.test.autoconfigure.actuate.metrics.MetricsExportContextCustomizerFactory$DisableMetricExportContextCustomizer@491e42b4, org.springframework.boot.test.autoconfigure.properties.PropertyMappingContextCustomizer@0, org.springframework.boot.test.autoconfigure.web.servlet.WebDriverContextCustomizerFactory$Customizer@1970d49a, org.springframework.boot.test.context.filter.ExcludeFilterContextCustomizer@178e422e, org.springframework.boot.test.json.DuplicateJsonObjectContextCustomizerFactory$DuplicateJsonObjectContextCustomizer@1cf9c2c, org.springframework.boot.test.mock.mockito.MockitoContextCustomizer@0], contextLoader = 'org.springframework.test.context.support.DelegatingSmartContextLoader', parent = [null]], attributes = map['org.springframework.test.context.event.ApplicationEventsTestExecutionListener.recordApplicationEvents' -> false]], class annotated with @DirtiesContext [false] with mode [null], method annotated with @DirtiesContext [false] with mode [null].
04:29:03.059 [Test worker] DEBUG org.springframework.test.context.support.DependencyInjectionTestExecutionListener - Performing dependency injection for test context [[DefaultTestContext@29934d06 testClass = CertificateDaoImplTest, testInstance = com.epam.esm.dao.impl.CertificateDaoImplTest@89986de, testMethod = [null], testException = [null], mergedContextConfiguration = [MergedContextConfiguration@1d733d37 testClass = CertificateDaoImplTest, locations = '{}', classes = '{class com.epam.esm.configuration.DaoTestConfiguration}', contextInitializerClasses = '[]', activeProfiles = '{}', propertySourceLocations = '{}', propertySourceProperties = '{}', contextCustomizers = set[org.springframework.boot.test.autoconfigure.actuate.metrics.MetricsExportContextCustomizerFactory$DisableMetricExportContextCustomizer@491e42b4, org.springframework.boot.test.autoconfigure.properties.PropertyMappingContextCustomizer@0, org.springframework.boot.test.autoconfigure.web.servlet.WebDriverContextCustomizerFactory$Customizer@1970d49a, org.springframework.boot.test.context.filter.ExcludeFilterContextCustomizer@178e422e, org.springframework.boot.test.json.DuplicateJsonObjectContextCustomizerFactory$DuplicateJsonObjectContextCustomizer@1cf9c2c, org.springframework.boot.test.mock.mockito.MockitoContextCustomizer@0], contextLoader = 'org.springframework.test.context.support.DelegatingSmartContextLoader', parent = [null]], attributes = map['org.springframework.test.context.event.ApplicationEventsTestExecutionListener.recordApplicationEvents' -> false]]].
04:29:03.060 [Test worker] DEBUG org.springframework.test.context.cache.DefaultCacheAwareContextLoaderDelegate - Retrieved ApplicationContext [1806878190] from cache with key [[MergedContextConfiguration@1d733d37 testClass = CertificateDaoImplTest, locations = '{}', classes = '{class com.epam.esm.configuration.DaoTestConfiguration}', contextInitializerClasses = '[]', activeProfiles = '{}', propertySourceLocations = '{}', propertySourceProperties = '{}', contextCustomizers = set[org.springframework.boot.test.autoconfigure.actuate.metrics.MetricsExportContextCustomizerFactory$DisableMetricExportContextCustomizer@491e42b4, org.springframework.boot.test.autoconfigure.properties.PropertyMappingContextCustomizer@0, org.springframework.boot.test.autoconfigure.web.servlet.WebDriverContextCustomizerFactory$Customizer@1970d49a, org.springframework.boot.test.context.filter.ExcludeFilterContextCustomizer@178e422e, org.springframework.boot.test.json.DuplicateJsonObjectContextCustomizerFactory$DuplicateJsonObjectContextCustomizer@1cf9c2c, org.springframework.boot.test.mock.mockito.MockitoContextCustomizer@0], contextLoader = 'org.springframework.test.context.support.DelegatingSmartContextLoader', parent = [null]]]
04:29:03.060 [Test worker] DEBUG org.springframework.test.context.cache - Spring test ApplicationContext cache statistics: [DefaultContextCache@4e17f97e size = 1, maxSize = 32, parentContextCount = 0, hitCount = 36, missCount = 1]
04:29:03.061 [Test worker] DEBUG org.springframework.test.context.cache.DefaultCacheAwareContextLoaderDelegate - Retrieved ApplicationContext [1806878190] from cache with key [[MergedContextConfiguration@1d733d37 testClass = CertificateDaoImplTest, locations = '{}', classes = '{class com.epam.esm.configuration.DaoTestConfiguration}', contextInitializerClasses = '[]', activeProfiles = '{}', propertySourceLocations = '{}', propertySourceProperties = '{}', contextCustomizers = set[org.springframework.boot.test.autoconfigure.actuate.metrics.MetricsExportContextCustomizerFactory$DisableMetricExportContextCustomizer@491e42b4, org.springframework.boot.test.autoconfigure.properties.PropertyMappingContextCustomizer@0, org.springframework.boot.test.autoconfigure.web.servlet.WebDriverContextCustomizerFactory$Customizer@1970d49a, org.springframework.boot.test.context.filter.ExcludeFilterContextCustomizer@178e422e, org.springframework.boot.test.json.DuplicateJsonObjectContextCustomizerFactory$DuplicateJsonObjectContextCustomizer@1cf9c2c, org.springframework.boot.test.mock.mockito.MockitoContextCustomizer@0], contextLoader = 'org.springframework.test.context.support.DelegatingSmartContextLoader', parent = [null]]]
04:29:03.061 [Test worker] DEBUG org.springframework.test.context.cache - Spring test ApplicationContext cache statistics: [DefaultContextCache@4e17f97e size = 1, maxSize = 32, parentContextCount = 0, hitCount = 37, missCount = 1]
04:29:03.062 [Test worker] DEBUG org.springframework.test.context.support.AbstractDirtiesContextTestExecutionListener - Before test method: context [DefaultTestContext@29934d06 testClass = CertificateDaoImplTest, testInstance = com.epam.esm.dao.impl.CertificateDaoImplTest@89986de, testMethod = createTest@CertificateDaoImplTest, testException = [null], mergedContextConfiguration = [MergedContextConfiguration@1d733d37 testClass = CertificateDaoImplTest, locations = '{}', classes = '{class com.epam.esm.configuration.DaoTestConfiguration}', contextInitializerClasses = '[]', activeProfiles = '{}', propertySourceLocations = '{}', propertySourceProperties = '{}', contextCustomizers = set[org.springframework.boot.test.autoconfigure.actuate.metrics.MetricsExportContextCustomizerFactory$DisableMetricExportContextCustomizer@491e42b4, org.springframework.boot.test.autoconfigure.properties.PropertyMappingContextCustomizer@0, org.springframework.boot.test.autoconfigure.web.servlet.WebDriverContextCustomizerFactory$Customizer@1970d49a, org.springframework.boot.test.context.filter.ExcludeFilterContextCustomizer@178e422e, org.springframework.boot.test.json.DuplicateJsonObjectContextCustomizerFactory$DuplicateJsonObjectContextCustomizer@1cf9c2c, org.springframework.boot.test.mock.mockito.MockitoContextCustomizer@0], contextLoader = 'org.springframework.test.context.support.DelegatingSmartContextLoader', parent = [null]], attributes = map['org.springframework.test.context.event.ApplicationEventsTestExecutionListener.recordApplicationEvents' -> false]], class annotated with @DirtiesContext [false] with mode [null], method annotated with @DirtiesContext [false] with mode [null].
04:29:03.062 [Test worker] DEBUG org.springframework.test.context.transaction.TransactionalTestExecutionListener - Explicit transaction definition [PROPAGATION_REQUIRED,ISOLATION_DEFAULT] found for test context [DefaultTestContext@29934d06 testClass = CertificateDaoImplTest, testInstance = com.epam.esm.dao.impl.CertificateDaoImplTest@89986de, testMethod = createTest@CertificateDaoImplTest, testException = [null], mergedContextConfiguration = [MergedContextConfiguration@1d733d37 testClass = CertificateDaoImplTest, locations = '{}', classes = '{class com.epam.esm.configuration.DaoTestConfiguration}', contextInitializerClasses = '[]', activeProfiles = '{}', propertySourceLocations = '{}', propertySourceProperties = '{}', contextCustomizers = set[org.springframework.boot.test.autoconfigure.actuate.metrics.MetricsExportContextCustomizerFactory$DisableMetricExportContextCustomizer@491e42b4, org.springframework.boot.test.autoconfigure.properties.PropertyMappingContextCustomizer@0, org.springframework.boot.test.autoconfigure.web.servlet.WebDriverContextCustomizerFactory$Customizer@1970d49a, org.springframework.boot.test.context.filter.ExcludeFilterContextCustomizer@178e422e, org.springframework.boot.test.json.DuplicateJsonObjectContextCustomizerFactory$DuplicateJsonObjectContextCustomizer@1cf9c2c, org.springframework.boot.test.mock.mockito.MockitoContextCustomizer@0], contextLoader = 'org.springframework.test.context.support.DelegatingSmartContextLoader', parent = [null]], attributes = map['org.springframework.test.context.event.ApplicationEventsTestExecutionListener.recordApplicationEvents' -> false]]
04:29:03.062 [Test worker] DEBUG org.springframework.test.context.cache.DefaultCacheAwareContextLoaderDelegate - Retrieved ApplicationContext [1806878190] from cache with key [[MergedContextConfiguration@1d733d37 testClass = CertificateDaoImplTest, locations = '{}', classes = '{class com.epam.esm.configuration.DaoTestConfiguration}', contextInitializerClasses = '[]', activeProfiles = '{}', propertySourceLocations = '{}', propertySourceProperties = '{}', contextCustomizers = set[org.springframework.boot.test.autoconfigure.actuate.metrics.MetricsExportContextCustomizerFactory$DisableMetricExportContextCustomizer@491e42b4, org.springframework.boot.test.autoconfigure.properties.PropertyMappingContextCustomizer@0, org.springframework.boot.test.autoconfigure.web.servlet.WebDriverContextCustomizerFactory$Customizer@1970d49a, org.springframework.boot.test.context.filter.ExcludeFilterContextCustomizer@178e422e, org.springframework.boot.test.json.DuplicateJsonObjectContextCustomizerFactory$DuplicateJsonObjectContextCustomizer@1cf9c2c, org.springframework.boot.test.mock.mockito.MockitoContextCustomizer@0], contextLoader = 'org.springframework.test.context.support.DelegatingSmartContextLoader', parent = [null]]]
04:29:03.062 [Test worker] DEBUG org.springframework.test.context.cache - Spring test ApplicationContext cache statistics: [DefaultContextCache@4e17f97e size = 1, maxSize = 32, parentContextCount = 0, hitCount = 38, missCount = 1]
04:29:03.063 [Test worker] DEBUG org.springframework.test.context.transaction.TransactionalTestExecutionListener - No method-level @Rollback override: using default rollback [true] for test context [DefaultTestContext@29934d06 testClass = CertificateDaoImplTest, testInstance = com.epam.esm.dao.impl.CertificateDaoImplTest@89986de, testMethod = createTest@CertificateDaoImplTest, testException = [null], mergedContextConfiguration = [MergedContextConfiguration@1d733d37 testClass = CertificateDaoImplTest, locations = '{}', classes = '{class com.epam.esm.configuration.DaoTestConfiguration}', contextInitializerClasses = '[]', activeProfiles = '{}', propertySourceLocations = '{}', propertySourceProperties = '{}', contextCustomizers = set[org.springframework.boot.test.autoconfigure.actuate.metrics.MetricsExportContextCustomizerFactory$DisableMetricExportContextCustomizer@491e42b4, org.springframework.boot.test.autoconfigure.properties.PropertyMappingContextCustomizer@0, org.springframework.boot.test.autoconfigure.web.servlet.WebDriverContextCustomizerFactory$Customizer@1970d49a, org.springframework.boot.test.context.filter.ExcludeFilterContextCustomizer@178e422e, org.springframework.boot.test.json.DuplicateJsonObjectContextCustomizerFactory$DuplicateJsonObjectContextCustomizer@1cf9c2c, org.springframework.boot.test.mock.mockito.MockitoContextCustomizer@0], contextLoader = 'org.springframework.test.context.support.DelegatingSmartContextLoader', parent = [null]], attributes = map['org.springframework.test.context.event.ApplicationEventsTestExecutionListener.recordApplicationEvents' -> false]].
04:29:03.063 [Test worker] DEBUG org.springframework.orm.jpa.JpaTransactionManager - Creating new transaction with name [com.epam.esm.dao.impl.CertificateDaoImplTest.createTest]: PROPAGATION_REQUIRED,ISOLATION_DEFAULT
04:29:03.063 [Test worker] DEBUG org.springframework.orm.jpa.JpaTransactionManager - Opened new EntityManager [SessionImpl(1477643048<open>)] for JPA transaction
04:29:03.063 [Test worker] DEBUG org.hibernate.engine.transaction.internal.TransactionImpl - On TransactionImpl creation, JpaCompliance#isJpaTransactionComplianceEnabled == false
04:29:03.063 [Test worker] DEBUG org.hibernate.engine.transaction.internal.TransactionImpl - begin
04:29:03.063 [Test worker] DEBUG org.springframework.jdbc.datasource.DriverManagerDataSource - Creating new JDBC DriverManager Connection to [jdbc:h2:mem:second;DB_CLOSE_DELAY=-1]
04:29:03.064 [Test worker] DEBUG org.springframework.orm.jpa.JpaTransactionManager - Exposing JPA transaction as JDBC [org.springframework.orm.jpa.vendor.HibernateJpaDialect$HibernateConnectionHandle@157e6e12]
04:29:03.064 [Test worker] INFO org.springframework.test.context.transaction.TransactionContext - Began transaction (1) for test context [DefaultTestContext@29934d06 testClass = CertificateDaoImplTest, testInstance = com.epam.esm.dao.impl.CertificateDaoImplTest@89986de, testMethod = createTest@CertificateDaoImplTest, testException = [null], mergedContextConfiguration = [MergedContextConfiguration@1d733d37 testClass = CertificateDaoImplTest, locations = '{}', classes = '{class com.epam.esm.configuration.DaoTestConfiguration}', contextInitializerClasses = '[]', activeProfiles = '{}', propertySourceLocations = '{}', propertySourceProperties = '{}', contextCustomizers = set[org.springframework.boot.test.autoconfigure.actuate.metrics.MetricsExportContextCustomizerFactory$DisableMetricExportContextCustomizer@491e42b4, org.springframework.boot.test.autoconfigure.properties.PropertyMappingContextCustomizer@0, org.springframework.boot.test.autoconfigure.web.servlet.WebDriverContextCustomizerFactory$Customizer@1970d49a, org.springframework.boot.test.context.filter.ExcludeFilterContextCustomizer@178e422e, org.springframework.boot.test.json.DuplicateJsonObjectContextCustomizerFactory$DuplicateJsonObjectContextCustomizer@1cf9c2c, org.springframework.boot.test.mock.mockito.MockitoContextCustomizer@0], contextLoader = 'org.springframework.test.context.support.DelegatingSmartContextLoader', parent = [null]], attributes = map['org.springframework.test.context.event.ApplicationEventsTestExecutionListener.recordApplicationEvents' -> false]]; transaction manager [org.springframework.orm.jpa.JpaTransactionManager@5f1d7692]; rollback [true]
04:29:03.064 [Test worker] DEBUG org.springframework.test.context.cache.DefaultCacheAwareContextLoaderDelegate - Retrieved ApplicationContext [1806878190] from cache with key [[MergedContextConfiguration@1d733d37 testClass = CertificateDaoImplTest, locations = '{}', classes = '{class com.epam.esm.configuration.DaoTestConfiguration}', contextInitializerClasses = '[]', activeProfiles = '{}', propertySourceLocations = '{}', propertySourceProperties = '{}', contextCustomizers = set[org.springframework.boot.test.autoconfigure.actuate.metrics.MetricsExportContextCustomizerFactory$DisableMetricExportContextCustomizer@491e42b4, org.springframework.boot.test.autoconfigure.properties.PropertyMappingContextCustomizer@0, org.springframework.boot.test.autoconfigure.web.servlet.WebDriverContextCustomizerFactory$Customizer@1970d49a, org.springframework.boot.test.context.filter.ExcludeFilterContextCustomizer@178e422e, org.springframework.boot.test.json.DuplicateJsonObjectContextCustomizerFactory$DuplicateJsonObjectContextCustomizer@1cf9c2c, org.springframework.boot.test.mock.mockito.MockitoContextCustomizer@0], contextLoader = 'org.springframework.test.context.support.DelegatingSmartContextLoader', parent = [null]]]
04:29:03.064 [Test worker] DEBUG org.springframework.test.context.cache - Spring test ApplicationContext cache statistics: [DefaultContextCache@4e17f97e size = 1, maxSize = 32, parentContextCount = 0, hitCount = 39, missCount = 1]
04:29:03.065 [Test worker] DEBUG org.springframework.test.context.cache.DefaultCacheAwareContextLoaderDelegate - Retrieved ApplicationContext [1806878190] from cache with key [[MergedContextConfiguration@1d733d37 testClass = CertificateDaoImplTest, locations = '{}', classes = '{class com.epam.esm.configuration.DaoTestConfiguration}', contextInitializerClasses = '[]', activeProfiles = '{}', propertySourceLocations = '{}', propertySourceProperties = '{}', contextCustomizers = set[org.springframework.boot.test.autoconfigure.actuate.metrics.MetricsExportContextCustomizerFactory$DisableMetricExportContextCustomizer@491e42b4, org.springframework.boot.test.autoconfigure.properties.PropertyMappingContextCustomizer@0, org.springframework.boot.test.autoconfigure.web.servlet.WebDriverContextCustomizerFactory$Customizer@1970d49a, org.springframework.boot.test.context.filter.ExcludeFilterContextCustomizer@178e422e, org.springframework.boot.test.json.DuplicateJsonObjectContextCustomizerFactory$DuplicateJsonObjectContextCustomizer@1cf9c2c, org.springframework.boot.test.mock.mockito.MockitoContextCustomizer@0], contextLoader = 'org.springframework.test.context.support.DelegatingSmartContextLoader', parent = [null]]]
04:29:03.065 [Test worker] DEBUG org.springframework.test.context.cache - Spring test ApplicationContext cache statistics: [DefaultContextCache@4e17f97e size = 1, maxSize = 32, parentContextCount = 0, hitCount = 40, missCount = 1]
04:29:03.065 [Test worker] DEBUG org.springframework.test.context.cache.DefaultCacheAwareContextLoaderDelegate - Retrieved ApplicationContext [1806878190] from cache with key [[MergedContextConfiguration@1d733d37 testClass = CertificateDaoImplTest, locations = '{}', classes = '{class com.epam.esm.configuration.DaoTestConfiguration}', contextInitializerClasses = '[]', activeProfiles = '{}', propertySourceLocations = '{}', propertySourceProperties = '{}', contextCustomizers = set[org.springframework.boot.test.autoconfigure.actuate.metrics.MetricsExportContextCustomizerFactory$DisableMetricExportContextCustomizer@491e42b4, org.springframework.boot.test.autoconfigure.properties.PropertyMappingContextCustomizer@0, org.springframework.boot.test.autoconfigure.web.servlet.WebDriverContextCustomizerFactory$Customizer@1970d49a, org.springframework.boot.test.context.filter.ExcludeFilterContextCustomizer@178e422e, org.springframework.boot.test.json.DuplicateJsonObjectContextCustomizerFactory$DuplicateJsonObjectContextCustomizer@1cf9c2c, org.springframework.boot.test.mock.mockito.MockitoContextCustomizer@0], contextLoader = 'org.springframework.test.context.support.DelegatingSmartContextLoader', parent = [null]]]
04:29:03.065 [Test worker] DEBUG org.springframework.test.context.cache - Spring test ApplicationContext cache statistics: [DefaultContextCache@4e17f97e size = 1, maxSize = 32, parentContextCount = 0, hitCount = 41, missCount = 1]
04:29:03.066 [Test worker] DEBUG org.hibernate.SQL - select certificat0_.id as id1_0_, certificat0_.createDate as createda2_0_, certificat0_.description as descript3_0_, certificat0_.duration as duration4_0_, certificat0_.lastUpdateDate as lastupda5_0_, certificat0_.name as name6_0_, certificat0_.price as price7_0_ from CertificateEntity certificat0_ where certificat0_.name=?
Hibernate: select certificat0_.id as id1_0_, certificat0_.createDate as createda2_0_, certificat0_.description as descript3_0_, certificat0_.duration as duration4_0_, certificat0_.lastUpdateDate as lastupda5_0_, certificat0_.name as name6_0_, certificat0_.price as price7_0_ from CertificateEntity certificat0_ where certificat0_.name=?
04:29:03.066 [Test worker] DEBUG org.hibernate.stat.internal.StatisticsImpl - HHH000117: HQL: SELECT cert FROM CertificateEntity cert WHERE cert.name = ?1, time: 0ms, rows: 0
04:29:03.067 [Test worker] DEBUG org.hibernate.engine.spi.ActionQueue - Executing identity-insert immediately
04:29:03.067 [Test worker] DEBUG org.hibernate.SQL - insert into CertificateEntity (id, createDate, description, duration, lastUpdateDate, name, price) values (null, ?, ?, ?, ?, ?, ?)
Hibernate: insert into CertificateEntity (id, createDate, description, duration, lastUpdateDate, name, price) values (null, ?, ?, ?, ?, ?, ?)
04:29:03.068 [Test worker] DEBUG org.hibernate.id.IdentifierGeneratorHelper - Natively generated identity: 13
04:29:03.068 [Test worker] DEBUG org.hibernate.resource.jdbc.internal.ResourceRegistryStandardImpl - HHH000387: ResultSet's statement was not registered
04:29:03.068 [Test worker] DEBUG org.hibernate.event.internal.AbstractFlushingEventListener - Processing flush-time cascades
04:29:03.068 [Test worker] DEBUG org.hibernate.event.internal.AbstractFlushingEventListener - Dirty checking collections
04:29:03.069 [Test worker] DEBUG org.hibernate.engine.internal.Collections - Collection found: [com.epam.esm.model.entity.CertificateEntity.tagEntities#13], was: [<unreferenced>] (initialized)
04:29:03.069 [Test worker] DEBUG org.hibernate.event.internal.AbstractFlushingEventListener - Flushed: 0 insertions, 0 updates, 0 deletions to 1 objects
04:29:03.069 [Test worker] DEBUG org.hibernate.event.internal.AbstractFlushingEventListener - Flushed: 1 (re)creations, 0 updates, 0 removals to 1 collections
04:29:03.069 [Test worker] DEBUG org.hibernate.internal.util.EntityPrinter - Listing entities:
04:29:03.069 [Test worker] DEBUG org.hibernate.internal.util.EntityPrinter - com.epam.esm.model.entity.CertificateEntity{duration=0, lastUpdateDate=null, price=0.0, tagEntities=[], name=Certificate1, description=null, id=13, createDate=null}
04:29:03.069 [Test worker] DEBUG org.hibernate.SQL - select certificat0_.id as id1_0_, certificat0_.createDate as createda2_0_, certificat0_.description as descript3_0_, certificat0_.duration as duration4_0_, certificat0_.lastUpdateDate as lastupda5_0_, certificat0_.name as name6_0_, certificat0_.price as price7_0_ from CertificateEntity certificat0_ where certificat0_.name=?
Hibernate: select certificat0_.id as id1_0_, certificat0_.createDate as createda2_0_, certificat0_.description as descript3_0_, certificat0_.duration as duration4_0_, certificat0_.lastUpdateDate as lastupda5_0_, certificat0_.name as name6_0_, certificat0_.price as price7_0_ from CertificateEntity certificat0_ where certificat0_.name=?
04:29:03.069 [Test worker] DEBUG org.hibernate.loader.Loader - Result set row: 0
04:29:03.069 [Test worker] DEBUG org.hibernate.loader.Loader - Result row: EntityKey[com.epam.esm.model.entity.CertificateEntity#13]
04:29:03.070 [Test worker] DEBUG org.hibernate.stat.internal.StatisticsImpl - HHH000117: HQL: SELECT cert FROM CertificateEntity cert WHERE cert.name = ?1, time: 0ms, rows: 1
04:29:03.070 [Test worker] DEBUG org.springframework.test.context.cache.DefaultCacheAwareContextLoaderDelegate - Retrieved ApplicationContext [1806878190] from cache with key [[MergedContextConfiguration@1d733d37 testClass = CertificateDaoImplTest, locations = '{}', classes = '{class com.epam.esm.configuration.DaoTestConfiguration}', contextInitializerClasses = '[]', activeProfiles = '{}', propertySourceLocations = '{}', propertySourceProperties = '{}', contextCustomizers = set[org.springframework.boot.test.autoconfigure.actuate.metrics.MetricsExportContextCustomizerFactory$DisableMetricExportContextCustomizer@491e42b4, org.springframework.boot.test.autoconfigure.properties.PropertyMappingContextCustomizer@0, org.springframework.boot.test.autoconfigure.web.servlet.WebDriverContextCustomizerFactory$Customizer@1970d49a, org.springframework.boot.test.context.filter.ExcludeFilterContextCustomizer@178e422e, org.springframework.boot.test.json.DuplicateJsonObjectContextCustomizerFactory$DuplicateJsonObjectContextCustomizer@1cf9c2c, org.springframework.boot.test.mock.mockito.MockitoContextCustomizer@0], contextLoader = 'org.springframework.test.context.support.DelegatingSmartContextLoader', parent = [null]]]
04:29:03.070 [Test worker] DEBUG org.springframework.test.context.cache - Spring test ApplicationContext cache statistics: [DefaultContextCache@4e17f97e size = 1, maxSize = 32, parentContextCount = 0, hitCount = 42, missCount = 1]
04:29:03.071 [Test worker] DEBUG org.springframework.test.context.cache.DefaultCacheAwareContextLoaderDelegate - Retrieved ApplicationContext [1806878190] from cache with key [[MergedContextConfiguration@1d733d37 testClass = CertificateDaoImplTest, locations = '{}', classes = '{class com.epam.esm.configuration.DaoTestConfiguration}', contextInitializerClasses = '[]', activeProfiles = '{}', propertySourceLocations = '{}', propertySourceProperties = '{}', contextCustomizers = set[org.springframework.boot.test.autoconfigure.actuate.metrics.MetricsExportContextCustomizerFactory$DisableMetricExportContextCustomizer@491e42b4, org.springframework.boot.test.autoconfigure.properties.PropertyMappingContextCustomizer@0, org.springframework.boot.test.autoconfigure.web.servlet.WebDriverContextCustomizerFactory$Customizer@1970d49a, org.springframework.boot.test.context.filter.ExcludeFilterContextCustomizer@178e422e, org.springframework.boot.test.json.DuplicateJsonObjectContextCustomizerFactory$DuplicateJsonObjectContextCustomizer@1cf9c2c, org.springframework.boot.test.mock.mockito.MockitoContextCustomizer@0], contextLoader = 'org.springframework.test.context.support.DelegatingSmartContextLoader', parent = [null]]]
04:29:03.071 [Test worker] DEBUG org.springframework.test.context.cache - Spring test ApplicationContext cache statistics: [DefaultContextCache@4e17f97e size = 1, maxSize = 32, parentContextCount = 0, hitCount = 43, missCount = 1]
04:29:03.071 [Test worker] DEBUG org.springframework.test.context.cache.DefaultCacheAwareContextLoaderDelegate - Retrieved ApplicationContext [1806878190] from cache with key [[MergedContextConfiguration@1d733d37 testClass = CertificateDaoImplTest, locations = '{}', classes = '{class com.epam.esm.configuration.DaoTestConfiguration}', contextInitializerClasses = '[]', activeProfiles = '{}', propertySourceLocations = '{}', propertySourceProperties = '{}', contextCustomizers = set[org.springframework.boot.test.autoconfigure.actuate.metrics.MetricsExportContextCustomizerFactory$DisableMetricExportContextCustomizer@491e42b4, org.springframework.boot.test.autoconfigure.properties.PropertyMappingContextCustomizer@0, org.springframework.boot.test.autoconfigure.web.servlet.WebDriverContextCustomizerFactory$Customizer@1970d49a, org.springframework.boot.test.context.filter.ExcludeFilterContextCustomizer@178e422e, org.springframework.boot.test.json.DuplicateJsonObjectContextCustomizerFactory$DuplicateJsonObjectContextCustomizer@1cf9c2c, org.springframework.boot.test.mock.mockito.MockitoContextCustomizer@0], contextLoader = 'org.springframework.test.context.support.DelegatingSmartContextLoader', parent = [null]]]
04:29:03.071 [Test worker] DEBUG org.springframework.test.context.cache - Spring test ApplicationContext cache statistics: [DefaultContextCache@4e17f97e size = 1, maxSize = 32, parentContextCount = 0, hitCount = 44, missCount = 1]
04:29:03.071 [Test worker] DEBUG org.springframework.test.context.cache.DefaultCacheAwareContextLoaderDelegate - Retrieved ApplicationContext [1806878190] from cache with key [[MergedContextConfiguration@1d733d37 testClass = CertificateDaoImplTest, locations = '{}', classes = '{class com.epam.esm.configuration.DaoTestConfiguration}', contextInitializerClasses = '[]', activeProfiles = '{}', propertySourceLocations = '{}', propertySourceProperties = '{}', contextCustomizers = set[org.springframework.boot.test.autoconfigure.actuate.metrics.MetricsExportContextCustomizerFactory$DisableMetricExportContextCustomizer@491e42b4, org.springframework.boot.test.autoconfigure.properties.PropertyMappingContextCustomizer@0, org.springframework.boot.test.autoconfigure.web.servlet.WebDriverContextCustomizerFactory$Customizer@1970d49a, org.springframework.boot.test.context.filter.ExcludeFilterContextCustomizer@178e422e, org.springframework.boot.test.json.DuplicateJsonObjectContextCustomizerFactory$DuplicateJsonObjectContextCustomizer@1cf9c2c, org.springframework.boot.test.mock.mockito.MockitoContextCustomizer@0], contextLoader = 'org.springframework.test.context.support.DelegatingSmartContextLoader', parent = [null]]]
04:29:03.071 [Test worker] DEBUG org.springframework.test.context.cache - Spring test ApplicationContext cache statistics: [DefaultContextCache@4e17f97e size = 1, maxSize = 32, parentContextCount = 0, hitCount = 45, missCount = 1]
04:29:03.072 [Test worker] DEBUG org.springframework.test.context.cache.DefaultCacheAwareContextLoaderDelegate - Retrieved ApplicationContext [1806878190] from cache with key [[MergedContextConfiguration@1d733d37 testClass = CertificateDaoImplTest, locations = '{}', classes = '{class com.epam.esm.configuration.DaoTestConfiguration}', contextInitializerClasses = '[]', activeProfiles = '{}', propertySourceLocations = '{}', propertySourceProperties = '{}', contextCustomizers = set[org.springframework.boot.test.autoconfigure.actuate.metrics.MetricsExportContextCustomizerFactory$DisableMetricExportContextCustomizer@491e42b4, org.springframework.boot.test.autoconfigure.properties.PropertyMappingContextCustomizer@0, org.springframework.boot.test.autoconfigure.web.servlet.WebDriverContextCustomizerFactory$Customizer@1970d49a, org.springframework.boot.test.context.filter.ExcludeFilterContextCustomizer@178e422e, org.springframework.boot.test.json.DuplicateJsonObjectContextCustomizerFactory$DuplicateJsonObjectContextCustomizer@1cf9c2c, org.springframework.boot.test.mock.mockito.MockitoContextCustomizer@0], contextLoader = 'org.springframework.test.context.support.DelegatingSmartContextLoader', parent = [null]]]
04:29:03.072 [Test worker] DEBUG org.springframework.test.context.cache - Spring test ApplicationContext cache statistics: [DefaultContextCache@4e17f97e size = 1, maxSize = 32, parentContextCount = 0, hitCount = 46, missCount = 1]
04:29:03.072 [Test worker] DEBUG org.springframework.test.context.cache.DefaultCacheAwareContextLoaderDelegate - Retrieved ApplicationContext [1806878190] from cache with key [[MergedContextConfiguration@1d733d37 testClass = CertificateDaoImplTest, locations = '{}', classes = '{class com.epam.esm.configuration.DaoTestConfiguration}', contextInitializerClasses = '[]', activeProfiles = '{}', propertySourceLocations = '{}', propertySourceProperties = '{}', contextCustomizers = set[org.springframework.boot.test.autoconfigure.actuate.metrics.MetricsExportContextCustomizerFactory$DisableMetricExportContextCustomizer@491e42b4, org.springframework.boot.test.autoconfigure.properties.PropertyMappingContextCustomizer@0, org.springframework.boot.test.autoconfigure.web.servlet.WebDriverContextCustomizerFactory$Customizer@1970d49a, org.springframework.boot.test.context.filter.ExcludeFilterContextCustomizer@178e422e, org.springframework.boot.test.json.DuplicateJsonObjectContextCustomizerFactory$DuplicateJsonObjectContextCustomizer@1cf9c2c, org.springframework.boot.test.mock.mockito.MockitoContextCustomizer@0], contextLoader = 'org.springframework.test.context.support.DelegatingSmartContextLoader', parent = [null]]]
04:29:03.072 [Test worker] DEBUG org.springframework.test.context.cache - Spring test ApplicationContext cache statistics: [DefaultContextCache@4e17f97e size = 1, maxSize = 32, parentContextCount = 0, hitCount = 47, missCount = 1]
04:29:03.073 [Test worker] DEBUG org.springframework.orm.jpa.JpaTransactionManager - Initiating transaction rollback
04:29:03.073 [Test worker] DEBUG org.springframework.orm.jpa.JpaTransactionManager - Rolling back JPA transaction on EntityManager [SessionImpl(1477643048<open>)]
04:29:03.073 [Test worker] DEBUG org.hibernate.engine.transaction.internal.TransactionImpl - rolling back
04:29:03.073 [Test worker] DEBUG org.springframework.orm.jpa.JpaTransactionManager - Closing JPA EntityManager [SessionImpl(1477643048<open>)] after transaction
04:29:03.073 [Test worker] INFO org.hibernate.engine.internal.StatisticalLoggingSessionEventListener - Session Metrics {
    465414 nanoseconds spent acquiring 1 JDBC connections;
    0 nanoseconds spent releasing 0 JDBC connections;
    562348 nanoseconds spent preparing 3 JDBC statements;
    630184 nanoseconds spent executing 3 JDBC statements;
    0 nanoseconds spent executing 0 JDBC batches;
    0 nanoseconds spent performing 0 L2C puts;
    0 nanoseconds spent performing 0 L2C hits;
    0 nanoseconds spent performing 0 L2C misses;
    0 nanoseconds spent executing 0 flushes (flushing a total of 0 entities and 0 collections);
    517896 nanoseconds spent executing 2 partial-flushes (flushing a total of 1 entities and 1 collections)
}
04:29:03.074 [Test worker] INFO org.springframework.test.context.transaction.TransactionContext - Rolled back transaction for test: [DefaultTestContext@29934d06 testClass = CertificateDaoImplTest, testInstance = com.epam.esm.dao.impl.CertificateDaoImplTest@89986de, testMethod = createTest@CertificateDaoImplTest, testException = [null], mergedContextConfiguration = [MergedContextConfiguration@1d733d37 testClass = CertificateDaoImplTest, locations = '{}', classes = '{class com.epam.esm.configuration.DaoTestConfiguration}', contextInitializerClasses = '[]', activeProfiles = '{}', propertySourceLocations = '{}', propertySourceProperties = '{}', contextCustomizers = set[org.springframework.boot.test.autoconfigure.actuate.metrics.MetricsExportContextCustomizerFactory$DisableMetricExportContextCustomizer@491e42b4, org.springframework.boot.test.autoconfigure.properties.PropertyMappingContextCustomizer@0, org.springframework.boot.test.autoconfigure.web.servlet.WebDriverContextCustomizerFactory$Customizer@1970d49a, org.springframework.boot.test.context.filter.ExcludeFilterContextCustomizer@178e422e, org.springframework.boot.test.json.DuplicateJsonObjectContextCustomizerFactory$DuplicateJsonObjectContextCustomizer@1cf9c2c, org.springframework.boot.test.mock.mockito.MockitoContextCustomizer@0], contextLoader = 'org.springframework.test.context.support.DelegatingSmartContextLoader', parent = [null]], attributes = map['org.springframework.test.context.event.ApplicationEventsTestExecutionListener.recordApplicationEvents' -> false]]
04:29:03.074 [Test worker] DEBUG org.springframework.test.context.support.AbstractDirtiesContextTestExecutionListener - After test method: context [DefaultTestContext@29934d06 testClass = CertificateDaoImplTest, testInstance = com.epam.esm.dao.impl.CertificateDaoImplTest@89986de, testMethod = createTest@CertificateDaoImplTest, testException = [null], mergedContextConfiguration = [MergedContextConfiguration@1d733d37 testClass = CertificateDaoImplTest, locations = '{}', classes = '{class com.epam.esm.configuration.DaoTestConfiguration}', contextInitializerClasses = '[]', activeProfiles = '{}', propertySourceLocations = '{}', propertySourceProperties = '{}', contextCustomizers = set[org.springframework.boot.test.autoconfigure.actuate.metrics.MetricsExportContextCustomizerFactory$DisableMetricExportContextCustomizer@491e42b4, org.springframework.boot.test.autoconfigure.properties.PropertyMappingContextCustomizer@0, org.springframework.boot.test.autoconfigure.web.servlet.WebDriverContextCustomizerFactory$Customizer@1970d49a, org.springframework.boot.test.context.filter.ExcludeFilterContextCustomizer@178e422e, org.springframework.boot.test.json.DuplicateJsonObjectContextCustomizerFactory$DuplicateJsonObjectContextCustomizer@1cf9c2c, org.springframework.boot.test.mock.mockito.MockitoContextCustomizer@0], contextLoader = 'org.springframework.test.context.support.DelegatingSmartContextLoader', parent = [null]], attributes = map['org.springframework.test.context.event.ApplicationEventsTestExecutionListener.recordApplicationEvents' -> false]], class annotated with @DirtiesContext [false] with mode [null], method annotated with @DirtiesContext [false] with mode [null].
04:29:03.075 [Test worker] DEBUG org.springframework.test.context.support.DependencyInjectionTestExecutionListener - Performing dependency injection for test context [[DefaultTestContext@29934d06 testClass = CertificateDaoImplTest, testInstance = com.epam.esm.dao.impl.CertificateDaoImplTest@18a57a73, testMethod = [null], testException = [null], mergedContextConfiguration = [MergedContextConfiguration@1d733d37 testClass = CertificateDaoImplTest, locations = '{}', classes = '{class com.epam.esm.configuration.DaoTestConfiguration}', contextInitializerClasses = '[]', activeProfiles = '{}', propertySourceLocations = '{}', propertySourceProperties = '{}', contextCustomizers = set[org.springframework.boot.test.autoconfigure.actuate.metrics.MetricsExportContextCustomizerFactory$DisableMetricExportContextCustomizer@491e42b4, org.springframework.boot.test.autoconfigure.properties.PropertyMappingContextCustomizer@0, org.springframework.boot.test.autoconfigure.web.servlet.WebDriverContextCustomizerFactory$Customizer@1970d49a, org.springframework.boot.test.context.filter.ExcludeFilterContextCustomizer@178e422e, org.springframework.boot.test.json.DuplicateJsonObjectContextCustomizerFactory$DuplicateJsonObjectContextCustomizer@1cf9c2c, org.springframework.boot.test.mock.mockito.MockitoContextCustomizer@0], contextLoader = 'org.springframework.test.context.support.DelegatingSmartContextLoader', parent = [null]], attributes = map['org.springframework.test.context.event.ApplicationEventsTestExecutionListener.recordApplicationEvents' -> false]]].
04:29:03.075 [Test worker] DEBUG org.springframework.test.context.cache.DefaultCacheAwareContextLoaderDelegate - Retrieved ApplicationContext [1806878190] from cache with key [[MergedContextConfiguration@1d733d37 testClass = CertificateDaoImplTest, locations = '{}', classes = '{class com.epam.esm.configuration.DaoTestConfiguration}', contextInitializerClasses = '[]', activeProfiles = '{}', propertySourceLocations = '{}', propertySourceProperties = '{}', contextCustomizers = set[org.springframework.boot.test.autoconfigure.actuate.metrics.MetricsExportContextCustomizerFactory$DisableMetricExportContextCustomizer@491e42b4, org.springframework.boot.test.autoconfigure.properties.PropertyMappingContextCustomizer@0, org.springframework.boot.test.autoconfigure.web.servlet.WebDriverContextCustomizerFactory$Customizer@1970d49a, org.springframework.boot.test.context.filter.ExcludeFilterContextCustomizer@178e422e, org.springframework.boot.test.json.DuplicateJsonObjectContextCustomizerFactory$DuplicateJsonObjectContextCustomizer@1cf9c2c, org.springframework.boot.test.mock.mockito.MockitoContextCustomizer@0], contextLoader = 'org.springframework.test.context.support.DelegatingSmartContextLoader', parent = [null]]]
04:29:03.075 [Test worker] DEBUG org.springframework.test.context.cache - Spring test ApplicationContext cache statistics: [DefaultContextCache@4e17f97e size = 1, maxSize = 32, parentContextCount = 0, hitCount = 48, missCount = 1]
04:29:03.075 [Test worker] DEBUG org.springframework.test.context.cache.DefaultCacheAwareContextLoaderDelegate - Retrieved ApplicationContext [1806878190] from cache with key [[MergedContextConfiguration@1d733d37 testClass = CertificateDaoImplTest, locations = '{}', classes = '{class com.epam.esm.configuration.DaoTestConfiguration}', contextInitializerClasses = '[]', activeProfiles = '{}', propertySourceLocations = '{}', propertySourceProperties = '{}', contextCustomizers = set[org.springframework.boot.test.autoconfigure.actuate.metrics.MetricsExportContextCustomizerFactory$DisableMetricExportContextCustomizer@491e42b4, org.springframework.boot.test.autoconfigure.properties.PropertyMappingContextCustomizer@0, org.springframework.boot.test.autoconfigure.web.servlet.WebDriverContextCustomizerFactory$Customizer@1970d49a, org.springframework.boot.test.context.filter.ExcludeFilterContextCustomizer@178e422e, org.springframework.boot.test.json.DuplicateJsonObjectContextCustomizerFactory$DuplicateJsonObjectContextCustomizer@1cf9c2c, org.springframework.boot.test.mock.mockito.MockitoContextCustomizer@0], contextLoader = 'org.springframework.test.context.support.DelegatingSmartContextLoader', parent = [null]]]
04:29:03.075 [Test worker] DEBUG org.springframework.test.context.cache - Spring test ApplicationContext cache statistics: [DefaultContextCache@4e17f97e size = 1, maxSize = 32, parentContextCount = 0, hitCount = 49, missCount = 1]
04:29:03.076 [Test worker] DEBUG org.springframework.test.context.support.AbstractDirtiesContextTestExecutionListener - Before test method: context [DefaultTestContext@29934d06 testClass = CertificateDaoImplTest, testInstance = com.epam.esm.dao.impl.CertificateDaoImplTest@18a57a73, testMethod = deleteTest@CertificateDaoImplTest, testException = [null], mergedContextConfiguration = [MergedContextConfiguration@1d733d37 testClass = CertificateDaoImplTest, locations = '{}', classes = '{class com.epam.esm.configuration.DaoTestConfiguration}', contextInitializerClasses = '[]', activeProfiles = '{}', propertySourceLocations = '{}', propertySourceProperties = '{}', contextCustomizers = set[org.springframework.boot.test.autoconfigure.actuate.metrics.MetricsExportContextCustomizerFactory$DisableMetricExportContextCustomizer@491e42b4, org.springframework.boot.test.autoconfigure.properties.PropertyMappingContextCustomizer@0, org.springframework.boot.test.autoconfigure.web.servlet.WebDriverContextCustomizerFactory$Customizer@1970d49a, org.springframework.boot.test.context.filter.ExcludeFilterContextCustomizer@178e422e, org.springframework.boot.test.json.DuplicateJsonObjectContextCustomizerFactory$DuplicateJsonObjectContextCustomizer@1cf9c2c, org.springframework.boot.test.mock.mockito.MockitoContextCustomizer@0], contextLoader = 'org.springframework.test.context.support.DelegatingSmartContextLoader', parent = [null]], attributes = map['org.springframework.test.context.event.ApplicationEventsTestExecutionListener.recordApplicationEvents' -> false]], class annotated with @DirtiesContext [false] with mode [null], method annotated with @DirtiesContext [false] with mode [null].
04:29:03.077 [Test worker] DEBUG org.springframework.test.context.transaction.TransactionalTestExecutionListener - Explicit transaction definition [PROPAGATION_REQUIRED,ISOLATION_DEFAULT] found for test context [DefaultTestContext@29934d06 testClass = CertificateDaoImplTest, testInstance = com.epam.esm.dao.impl.CertificateDaoImplTest@18a57a73, testMethod = deleteTest@CertificateDaoImplTest, testException = [null], mergedContextConfiguration = [MergedContextConfiguration@1d733d37 testClass = CertificateDaoImplTest, locations = '{}', classes = '{class com.epam.esm.configuration.DaoTestConfiguration}', contextInitializerClasses = '[]', activeProfiles = '{}', propertySourceLocations = '{}', propertySourceProperties = '{}', contextCustomizers = set[org.springframework.boot.test.autoconfigure.actuate.metrics.MetricsExportContextCustomizerFactory$DisableMetricExportContextCustomizer@491e42b4, org.springframework.boot.test.autoconfigure.properties.PropertyMappingContextCustomizer@0, org.springframework.boot.test.autoconfigure.web.servlet.WebDriverContextCustomizerFactory$Customizer@1970d49a, org.springframework.boot.test.context.filter.ExcludeFilterContextCustomizer@178e422e, org.springframework.boot.test.json.DuplicateJsonObjectContextCustomizerFactory$DuplicateJsonObjectContextCustomizer@1cf9c2c, org.springframework.boot.test.mock.mockito.MockitoContextCustomizer@0], contextLoader = 'org.springframework.test.context.support.DelegatingSmartContextLoader', parent = [null]], attributes = map['org.springframework.test.context.event.ApplicationEventsTestExecutionListener.recordApplicationEvents' -> false]]
04:29:03.077 [Test worker] DEBUG org.springframework.test.context.cache.DefaultCacheAwareContextLoaderDelegate - Retrieved ApplicationContext [1806878190] from cache with key [[MergedContextConfiguration@1d733d37 testClass = CertificateDaoImplTest, locations = '{}', classes = '{class com.epam.esm.configuration.DaoTestConfiguration}', contextInitializerClasses = '[]', activeProfiles = '{}', propertySourceLocations = '{}', propertySourceProperties = '{}', contextCustomizers = set[org.springframework.boot.test.autoconfigure.actuate.metrics.MetricsExportContextCustomizerFactory$DisableMetricExportContextCustomizer@491e42b4, org.springframework.boot.test.autoconfigure.properties.PropertyMappingContextCustomizer@0, org.springframework.boot.test.autoconfigure.web.servlet.WebDriverContextCustomizerFactory$Customizer@1970d49a, org.springframework.boot.test.context.filter.ExcludeFilterContextCustomizer@178e422e, org.springframework.boot.test.json.DuplicateJsonObjectContextCustomizerFactory$DuplicateJsonObjectContextCustomizer@1cf9c2c, org.springframework.boot.test.mock.mockito.MockitoContextCustomizer@0], contextLoader = 'org.springframework.test.context.support.DelegatingSmartContextLoader', parent = [null]]]
04:29:03.078 [Test worker] DEBUG org.springframework.test.context.cache - Spring test ApplicationContext cache statistics: [DefaultContextCache@4e17f97e size = 1, maxSize = 32, parentContextCount = 0, hitCount = 50, missCount = 1]
04:29:03.078 [Test worker] DEBUG org.springframework.test.context.transaction.TransactionalTestExecutionListener - No method-level @Rollback override: using default rollback [true] for test context [DefaultTestContext@29934d06 testClass = CertificateDaoImplTest, testInstance = com.epam.esm.dao.impl.CertificateDaoImplTest@18a57a73, testMethod = deleteTest@CertificateDaoImplTest, testException = [null], mergedContextConfiguration = [MergedContextConfiguration@1d733d37 testClass = CertificateDaoImplTest, locations = '{}', classes = '{class com.epam.esm.configuration.DaoTestConfiguration}', contextInitializerClasses = '[]', activeProfiles = '{}', propertySourceLocations = '{}', propertySourceProperties = '{}', contextCustomizers = set[org.springframework.boot.test.autoconfigure.actuate.metrics.MetricsExportContextCustomizerFactory$DisableMetricExportContextCustomizer@491e42b4, org.springframework.boot.test.autoconfigure.properties.PropertyMappingContextCustomizer@0, org.springframework.boot.test.autoconfigure.web.servlet.WebDriverContextCustomizerFactory$Customizer@1970d49a, org.springframework.boot.test.context.filter.ExcludeFilterContextCustomizer@178e422e, org.springframework.boot.test.json.DuplicateJsonObjectContextCustomizerFactory$DuplicateJsonObjectContextCustomizer@1cf9c2c, org.springframework.boot.test.mock.mockito.MockitoContextCustomizer@0], contextLoader = 'org.springframework.test.context.support.DelegatingSmartContextLoader', parent = [null]], attributes = map['org.springframework.test.context.event.ApplicationEventsTestExecutionListener.recordApplicationEvents' -> false]].
04:29:03.078 [Test worker] DEBUG org.springframework.orm.jpa.JpaTransactionManager - Creating new transaction with name [com.epam.esm.dao.impl.CertificateDaoImplTest.deleteTest]: PROPAGATION_REQUIRED,ISOLATION_DEFAULT
04:29:03.078 [Test worker] DEBUG org.springframework.orm.jpa.JpaTransactionManager - Opened new EntityManager [SessionImpl(632685209<open>)] for JPA transaction
04:29:03.078 [Test worker] DEBUG org.hibernate.engine.transaction.internal.TransactionImpl - On TransactionImpl creation, JpaCompliance#isJpaTransactionComplianceEnabled == false
04:29:03.078 [Test worker] DEBUG org.hibernate.engine.transaction.internal.TransactionImpl - begin
04:29:03.078 [Test worker] DEBUG org.springframework.jdbc.datasource.DriverManagerDataSource - Creating new JDBC DriverManager Connection to [jdbc:h2:mem:second;DB_CLOSE_DELAY=-1]
04:29:03.079 [Test worker] DEBUG org.springframework.orm.jpa.JpaTransactionManager - Exposing JPA transaction as JDBC [org.springframework.orm.jpa.vendor.HibernateJpaDialect$HibernateConnectionHandle@2cb29f81]
04:29:03.079 [Test worker] INFO org.springframework.test.context.transaction.TransactionContext - Began transaction (1) for test context [DefaultTestContext@29934d06 testClass = CertificateDaoImplTest, testInstance = com.epam.esm.dao.impl.CertificateDaoImplTest@18a57a73, testMethod = deleteTest@CertificateDaoImplTest, testException = [null], mergedContextConfiguration = [MergedContextConfiguration@1d733d37 testClass = CertificateDaoImplTest, locations = '{}', classes = '{class com.epam.esm.configuration.DaoTestConfiguration}', contextInitializerClasses = '[]', activeProfiles = '{}', propertySourceLocations = '{}', propertySourceProperties = '{}', contextCustomizers = set[org.springframework.boot.test.autoconfigure.actuate.metrics.MetricsExportContextCustomizerFactory$DisableMetricExportContextCustomizer@491e42b4, org.springframework.boot.test.autoconfigure.properties.PropertyMappingContextCustomizer@0, org.springframework.boot.test.autoconfigure.web.servlet.WebDriverContextCustomizerFactory$Customizer@1970d49a, org.springframework.boot.test.context.filter.ExcludeFilterContextCustomizer@178e422e, org.springframework.boot.test.json.DuplicateJsonObjectContextCustomizerFactory$DuplicateJsonObjectContextCustomizer@1cf9c2c, org.springframework.boot.test.mock.mockito.MockitoContextCustomizer@0], contextLoader = 'org.springframework.test.context.support.DelegatingSmartContextLoader', parent = [null]], attributes = map['org.springframework.test.context.event.ApplicationEventsTestExecutionListener.recordApplicationEvents' -> false]]; transaction manager [org.springframework.orm.jpa.JpaTransactionManager@5f1d7692]; rollback [true]
04:29:03.079 [Test worker] DEBUG org.springframework.test.context.cache.DefaultCacheAwareContextLoaderDelegate - Retrieved ApplicationContext [1806878190] from cache with key [[MergedContextConfiguration@1d733d37 testClass = CertificateDaoImplTest, locations = '{}', classes = '{class com.epam.esm.configuration.DaoTestConfiguration}', contextInitializerClasses = '[]', activeProfiles = '{}', propertySourceLocations = '{}', propertySourceProperties = '{}', contextCustomizers = set[org.springframework.boot.test.autoconfigure.actuate.metrics.MetricsExportContextCustomizerFactory$DisableMetricExportContextCustomizer@491e42b4, org.springframework.boot.test.autoconfigure.properties.PropertyMappingContextCustomizer@0, org.springframework.boot.test.autoconfigure.web.servlet.WebDriverContextCustomizerFactory$Customizer@1970d49a, org.springframework.boot.test.context.filter.ExcludeFilterContextCustomizer@178e422e, org.springframework.boot.test.json.DuplicateJsonObjectContextCustomizerFactory$DuplicateJsonObjectContextCustomizer@1cf9c2c, org.springframework.boot.test.mock.mockito.MockitoContextCustomizer@0], contextLoader = 'org.springframework.test.context.support.DelegatingSmartContextLoader', parent = [null]]]
04:29:03.079 [Test worker] DEBUG org.springframework.test.context.cache - Spring test ApplicationContext cache statistics: [DefaultContextCache@4e17f97e size = 1, maxSize = 32, parentContextCount = 0, hitCount = 51, missCount = 1]
04:29:03.080 [Test worker] DEBUG org.springframework.test.context.cache.DefaultCacheAwareContextLoaderDelegate - Retrieved ApplicationContext [1806878190] from cache with key [[MergedContextConfiguration@1d733d37 testClass = CertificateDaoImplTest, locations = '{}', classes = '{class com.epam.esm.configuration.DaoTestConfiguration}', contextInitializerClasses = '[]', activeProfiles = '{}', propertySourceLocations = '{}', propertySourceProperties = '{}', contextCustomizers = set[org.springframework.boot.test.autoconfigure.actuate.metrics.MetricsExportContextCustomizerFactory$DisableMetricExportContextCustomizer@491e42b4, org.springframework.boot.test.autoconfigure.properties.PropertyMappingContextCustomizer@0, org.springframework.boot.test.autoconfigure.web.servlet.WebDriverContextCustomizerFactory$Customizer@1970d49a, org.springframework.boot.test.context.filter.ExcludeFilterContextCustomizer@178e422e, org.springframework.boot.test.json.DuplicateJsonObjectContextCustomizerFactory$DuplicateJsonObjectContextCustomizer@1cf9c2c, org.springframework.boot.test.mock.mockito.MockitoContextCustomizer@0], contextLoader = 'org.springframework.test.context.support.DelegatingSmartContextLoader', parent = [null]]]
04:29:03.080 [Test worker] DEBUG org.springframework.test.context.cache - Spring test ApplicationContext cache statistics: [DefaultContextCache@4e17f97e size = 1, maxSize = 32, parentContextCount = 0, hitCount = 52, missCount = 1]
04:29:03.080 [Test worker] DEBUG org.springframework.test.context.cache.DefaultCacheAwareContextLoaderDelegate - Retrieved ApplicationContext [1806878190] from cache with key [[MergedContextConfiguration@1d733d37 testClass = CertificateDaoImplTest, locations = '{}', classes = '{class com.epam.esm.configuration.DaoTestConfiguration}', contextInitializerClasses = '[]', activeProfiles = '{}', propertySourceLocations = '{}', propertySourceProperties = '{}', contextCustomizers = set[org.springframework.boot.test.autoconfigure.actuate.metrics.MetricsExportContextCustomizerFactory$DisableMetricExportContextCustomizer@491e42b4, org.springframework.boot.test.autoconfigure.properties.PropertyMappingContextCustomizer@0, org.springframework.boot.test.autoconfigure.web.servlet.WebDriverContextCustomizerFactory$Customizer@1970d49a, org.springframework.boot.test.context.filter.ExcludeFilterContextCustomizer@178e422e, org.springframework.boot.test.json.DuplicateJsonObjectContextCustomizerFactory$DuplicateJsonObjectContextCustomizer@1cf9c2c, org.springframework.boot.test.mock.mockito.MockitoContextCustomizer@0], contextLoader = 'org.springframework.test.context.support.DelegatingSmartContextLoader', parent = [null]]]
04:29:03.080 [Test worker] DEBUG org.springframework.test.context.cache - Spring test ApplicationContext cache statistics: [DefaultContextCache@4e17f97e size = 1, maxSize = 32, parentContextCount = 0, hitCount = 53, missCount = 1]
04:29:03.081 [Test worker] DEBUG org.hibernate.engine.spi.ActionQueue - Executing identity-insert immediately
04:29:03.081 [Test worker] DEBUG org.hibernate.SQL - insert into CertificateEntity (id, createDate, description, duration, lastUpdateDate, name, price) values (null, ?, ?, ?, ?, ?, ?)
Hibernate: insert into CertificateEntity (id, createDate, description, duration, lastUpdateDate, name, price) values (null, ?, ?, ?, ?, ?, ?)
04:29:03.081 [Test worker] DEBUG org.hibernate.id.IdentifierGeneratorHelper - Natively generated identity: 14
04:29:03.081 [Test worker] DEBUG org.hibernate.resource.jdbc.internal.ResourceRegistryStandardImpl - HHH000387: ResultSet's statement was not registered
04:29:03.082 [Test worker] DEBUG org.hibernate.SQL - select certificat0_.id as id1_0_0_, certificat0_.createDate as createda2_0_0_, certificat0_.description as descript3_0_0_, certificat0_.duration as duration4_0_0_, certificat0_.lastUpdateDate as lastupda5_0_0_, certificat0_.name as name6_0_0_, certificat0_.price as price7_0_0_, tagentitie1_.CertificateEntity_id as certific1_1_1_, tagentity2_.id as tagentit2_1_1_, tagentity2_.id as id1_4_2_, tagentity2_.name as name2_4_2_ from CertificateEntity certificat0_ left outer join CertificateEntity_TagEntity tagentitie1_ on certificat0_.id=tagentitie1_.CertificateEntity_id left outer join TagEntity tagentity2_ on tagentitie1_.tagEntities_id=tagentity2_.id where certificat0_.id=?
Hibernate: select certificat0_.id as id1_0_0_, certificat0_.createDate as createda2_0_0_, certificat0_.description as descript3_0_0_, certificat0_.duration as duration4_0_0_, certificat0_.lastUpdateDate as lastupda5_0_0_, certificat0_.name as name6_0_0_, certificat0_.price as price7_0_0_, tagentitie1_.CertificateEntity_id as certific1_1_1_, tagentity2_.id as tagentit2_1_1_, tagentity2_.id as id1_4_2_, tagentity2_.name as name2_4_2_ from CertificateEntity certificat0_ left outer join CertificateEntity_TagEntity tagentitie1_ on certificat0_.id=tagentitie1_.CertificateEntity_id left outer join TagEntity tagentity2_ on tagentitie1_.tagEntities_id=tagentity2_.id where certificat0_.id=?
04:29:03.087 [Test worker] DEBUG org.hibernate.engine.loading.internal.CollectionLoadContext - No collections were found in result set for role: com.epam.esm.model.entity.CertificateEntity.tagEntities
04:29:03.087 [Test worker] DEBUG org.hibernate.loader.entity.plan.AbstractLoadPlanBasedEntityLoader - Done entity load : com.epam.esm.model.entity.CertificateEntity#1
04:29:03.087 [Test worker] DEBUG org.hibernate.SQL - select certificat0_.id as id1_0_0_, certificat0_.createDate as createda2_0_0_, certificat0_.description as descript3_0_0_, certificat0_.duration as duration4_0_0_, certificat0_.lastUpdateDate as lastupda5_0_0_, certificat0_.name as name6_0_0_, certificat0_.price as price7_0_0_, tagentitie1_.CertificateEntity_id as certific1_1_1_, tagentity2_.id as tagentit2_1_1_, tagentity2_.id as id1_4_2_, tagentity2_.name as name2_4_2_ from CertificateEntity certificat0_ left outer join CertificateEntity_TagEntity tagentitie1_ on certificat0_.id=tagentitie1_.CertificateEntity_id left outer join TagEntity tagentity2_ on tagentitie1_.tagEntities_id=tagentity2_.id where certificat0_.id=?
Hibernate: select certificat0_.id as id1_0_0_, certificat0_.createDate as createda2_0_0_, certificat0_.description as descript3_0_0_, certificat0_.duration as duration4_0_0_, certificat0_.lastUpdateDate as lastupda5_0_0_, certificat0_.name as name6_0_0_, certificat0_.price as price7_0_0_, tagentitie1_.CertificateEntity_id as certific1_1_1_, tagentity2_.id as tagentit2_1_1_, tagentity2_.id as id1_4_2_, tagentity2_.name as name2_4_2_ from CertificateEntity certificat0_ left outer join CertificateEntity_TagEntity tagentitie1_ on certificat0_.id=tagentitie1_.CertificateEntity_id left outer join TagEntity tagentity2_ on tagentitie1_.tagEntities_id=tagentity2_.id where certificat0_.id=?
04:29:03.088 [Test worker] DEBUG org.hibernate.engine.loading.internal.CollectionLoadContext - No collections were found in result set for role: com.epam.esm.model.entity.CertificateEntity.tagEntities
04:29:03.088 [Test worker] DEBUG org.hibernate.loader.entity.plan.AbstractLoadPlanBasedEntityLoader - Done entity load : com.epam.esm.model.entity.CertificateEntity#1
04:29:03.088 [Test worker] DEBUG org.springframework.test.context.cache.DefaultCacheAwareContextLoaderDelegate - Retrieved ApplicationContext [1806878190] from cache with key [[MergedContextConfiguration@1d733d37 testClass = CertificateDaoImplTest, locations = '{}', classes = '{class com.epam.esm.configuration.DaoTestConfiguration}', contextInitializerClasses = '[]', activeProfiles = '{}', propertySourceLocations = '{}', propertySourceProperties = '{}', contextCustomizers = set[org.springframework.boot.test.autoconfigure.actuate.metrics.MetricsExportContextCustomizerFactory$DisableMetricExportContextCustomizer@491e42b4, org.springframework.boot.test.autoconfigure.properties.PropertyMappingContextCustomizer@0, org.springframework.boot.test.autoconfigure.web.servlet.WebDriverContextCustomizerFactory$Customizer@1970d49a, org.springframework.boot.test.context.filter.ExcludeFilterContextCustomizer@178e422e, org.springframework.boot.test.json.DuplicateJsonObjectContextCustomizerFactory$DuplicateJsonObjectContextCustomizer@1cf9c2c, org.springframework.boot.test.mock.mockito.MockitoContextCustomizer@0], contextLoader = 'org.springframework.test.context.support.DelegatingSmartContextLoader', parent = [null]]]
04:29:03.088 [Test worker] DEBUG org.springframework.test.context.cache - Spring test ApplicationContext cache statistics: [DefaultContextCache@4e17f97e size = 1, maxSize = 32, parentContextCount = 0, hitCount = 54, missCount = 1]
04:29:03.089 [Test worker] DEBUG org.springframework.test.context.cache.DefaultCacheAwareContextLoaderDelegate - Retrieved ApplicationContext [1806878190] from cache with key [[MergedContextConfiguration@1d733d37 testClass = CertificateDaoImplTest, locations = '{}', classes = '{class com.epam.esm.configuration.DaoTestConfiguration}', contextInitializerClasses = '[]', activeProfiles = '{}', propertySourceLocations = '{}', propertySourceProperties = '{}', contextCustomizers = set[org.springframework.boot.test.autoconfigure.actuate.metrics.MetricsExportContextCustomizerFactory$DisableMetricExportContextCustomizer@491e42b4, org.springframework.boot.test.autoconfigure.properties.PropertyMappingContextCustomizer@0, org.springframework.boot.test.autoconfigure.web.servlet.WebDriverContextCustomizerFactory$Customizer@1970d49a, org.springframework.boot.test.context.filter.ExcludeFilterContextCustomizer@178e422e, org.springframework.boot.test.json.DuplicateJsonObjectContextCustomizerFactory$DuplicateJsonObjectContextCustomizer@1cf9c2c, org.springframework.boot.test.mock.mockito.MockitoContextCustomizer@0], contextLoader = 'org.springframework.test.context.support.DelegatingSmartContextLoader', parent = [null]]]
04:29:03.089 [Test worker] DEBUG org.springframework.test.context.cache - Spring test ApplicationContext cache statistics: [DefaultContextCache@4e17f97e size = 1, maxSize = 32, parentContextCount = 0, hitCount = 55, missCount = 1]
04:29:03.090 [Test worker] DEBUG org.springframework.test.context.cache.DefaultCacheAwareContextLoaderDelegate - Retrieved ApplicationContext [1806878190] from cache with key [[MergedContextConfiguration@1d733d37 testClass = CertificateDaoImplTest, locations = '{}', classes = '{class com.epam.esm.configuration.DaoTestConfiguration}', contextInitializerClasses = '[]', activeProfiles = '{}', propertySourceLocations = '{}', propertySourceProperties = '{}', contextCustomizers = set[org.springframework.boot.test.autoconfigure.actuate.metrics.MetricsExportContextCustomizerFactory$DisableMetricExportContextCustomizer@491e42b4, org.springframework.boot.test.autoconfigure.properties.PropertyMappingContextCustomizer@0, org.springframework.boot.test.autoconfigure.web.servlet.WebDriverContextCustomizerFactory$Customizer@1970d49a, org.springframework.boot.test.context.filter.ExcludeFilterContextCustomizer@178e422e, org.springframework.boot.test.json.DuplicateJsonObjectContextCustomizerFactory$DuplicateJsonObjectContextCustomizer@1cf9c2c, org.springframework.boot.test.mock.mockito.MockitoContextCustomizer@0], contextLoader = 'org.springframework.test.context.support.DelegatingSmartContextLoader', parent = [null]]]
04:29:03.090 [Test worker] DEBUG org.springframework.test.context.cache - Spring test ApplicationContext cache statistics: [DefaultContextCache@4e17f97e size = 1, maxSize = 32, parentContextCount = 0, hitCount = 56, missCount = 1]
04:29:03.090 [Test worker] DEBUG org.springframework.test.context.cache.DefaultCacheAwareContextLoaderDelegate - Retrieved ApplicationContext [1806878190] from cache with key [[MergedContextConfiguration@1d733d37 testClass = CertificateDaoImplTest, locations = '{}', classes = '{class com.epam.esm.configuration.DaoTestConfiguration}', contextInitializerClasses = '[]', activeProfiles = '{}', propertySourceLocations = '{}', propertySourceProperties = '{}', contextCustomizers = set[org.springframework.boot.test.autoconfigure.actuate.metrics.MetricsExportContextCustomizerFactory$DisableMetricExportContextCustomizer@491e42b4, org.springframework.boot.test.autoconfigure.properties.PropertyMappingContextCustomizer@0, org.springframework.boot.test.autoconfigure.web.servlet.WebDriverContextCustomizerFactory$Customizer@1970d49a, org.springframework.boot.test.context.filter.ExcludeFilterContextCustomizer@178e422e, org.springframework.boot.test.json.DuplicateJsonObjectContextCustomizerFactory$DuplicateJsonObjectContextCustomizer@1cf9c2c, org.springframework.boot.test.mock.mockito.MockitoContextCustomizer@0], contextLoader = 'org.springframework.test.context.support.DelegatingSmartContextLoader', parent = [null]]]
04:29:03.090 [Test worker] DEBUG org.springframework.test.context.cache - Spring test ApplicationContext cache statistics: [DefaultContextCache@4e17f97e size = 1, maxSize = 32, parentContextCount = 0, hitCount = 57, missCount = 1]
04:29:03.090 [Test worker] DEBUG org.springframework.test.context.cache.DefaultCacheAwareContextLoaderDelegate - Retrieved ApplicationContext [1806878190] from cache with key [[MergedContextConfiguration@1d733d37 testClass = CertificateDaoImplTest, locations = '{}', classes = '{class com.epam.esm.configuration.DaoTestConfiguration}', contextInitializerClasses = '[]', activeProfiles = '{}', propertySourceLocations = '{}', propertySourceProperties = '{}', contextCustomizers = set[org.springframework.boot.test.autoconfigure.actuate.metrics.MetricsExportContextCustomizerFactory$DisableMetricExportContextCustomizer@491e42b4, org.springframework.boot.test.autoconfigure.properties.PropertyMappingContextCustomizer@0, org.springframework.boot.test.autoconfigure.web.servlet.WebDriverContextCustomizerFactory$Customizer@1970d49a, org.springframework.boot.test.context.filter.ExcludeFilterContextCustomizer@178e422e, org.springframework.boot.test.json.DuplicateJsonObjectContextCustomizerFactory$DuplicateJsonObjectContextCustomizer@1cf9c2c, org.springframework.boot.test.mock.mockito.MockitoContextCustomizer@0], contextLoader = 'org.springframework.test.context.support.DelegatingSmartContextLoader', parent = [null]]]
04:29:03.091 [Test worker] DEBUG org.springframework.test.context.cache - Spring test ApplicationContext cache statistics: [DefaultContextCache@4e17f97e size = 1, maxSize = 32, parentContextCount = 0, hitCount = 58, missCount = 1]
04:29:03.091 [Test worker] DEBUG org.springframework.test.context.cache.DefaultCacheAwareContextLoaderDelegate - Retrieved ApplicationContext [1806878190] from cache with key [[MergedContextConfiguration@1d733d37 testClass = CertificateDaoImplTest, locations = '{}', classes = '{class com.epam.esm.configuration.DaoTestConfiguration}', contextInitializerClasses = '[]', activeProfiles = '{}', propertySourceLocations = '{}', propertySourceProperties = '{}', contextCustomizers = set[org.springframework.boot.test.autoconfigure.actuate.metrics.MetricsExportContextCustomizerFactory$DisableMetricExportContextCustomizer@491e42b4, org.springframework.boot.test.autoconfigure.properties.PropertyMappingContextCustomizer@0, org.springframework.boot.test.autoconfigure.web.servlet.WebDriverContextCustomizerFactory$Customizer@1970d49a, org.springframework.boot.test.context.filter.ExcludeFilterContextCustomizer@178e422e, org.springframework.boot.test.json.DuplicateJsonObjectContextCustomizerFactory$DuplicateJsonObjectContextCustomizer@1cf9c2c, org.springframework.boot.test.mock.mockito.MockitoContextCustomizer@0], contextLoader = 'org.springframework.test.context.support.DelegatingSmartContextLoader', parent = [null]]]
04:29:03.091 [Test worker] DEBUG org.springframework.test.context.cache - Spring test ApplicationContext cache statistics: [DefaultContextCache@4e17f97e size = 1, maxSize = 32, parentContextCount = 0, hitCount = 59, missCount = 1]
04:29:03.091 [Test worker] DEBUG org.springframework.orm.jpa.JpaTransactionManager - Initiating transaction rollback
04:29:03.091 [Test worker] DEBUG org.springframework.orm.jpa.JpaTransactionManager - Rolling back JPA transaction on EntityManager [SessionImpl(632685209<open>)]
04:29:03.091 [Test worker] DEBUG org.hibernate.engine.transaction.internal.TransactionImpl - rolling back
04:29:03.092 [Test worker] DEBUG org.springframework.orm.jpa.JpaTransactionManager - Closing JPA EntityManager [SessionImpl(632685209<open>)] after transaction
04:29:03.092 [Test worker] INFO org.hibernate.engine.internal.StatisticalLoggingSessionEventListener - Session Metrics {
    492578 nanoseconds spent acquiring 1 JDBC connections;
    0 nanoseconds spent releasing 0 JDBC connections;
    1037364 nanoseconds spent preparing 3 JDBC statements;
    668598 nanoseconds spent executing 3 JDBC statements;
    0 nanoseconds spent executing 0 JDBC batches;
    0 nanoseconds spent performing 0 L2C puts;
    0 nanoseconds spent performing 0 L2C hits;
    0 nanoseconds spent performing 0 L2C misses;
    0 nanoseconds spent executing 0 flushes (flushing a total of 0 entities and 0 collections);
    0 nanoseconds spent executing 0 partial-flushes (flushing a total of 0 entities and 0 collections)
}
04:29:03.092 [Test worker] INFO org.springframework.test.context.transaction.TransactionContext - Rolled back transaction for test: [DefaultTestContext@29934d06 testClass = CertificateDaoImplTest, testInstance = com.epam.esm.dao.impl.CertificateDaoImplTest@18a57a73, testMethod = deleteTest@CertificateDaoImplTest, testException = [null], mergedContextConfiguration = [MergedContextConfiguration@1d733d37 testClass = CertificateDaoImplTest, locations = '{}', classes = '{class com.epam.esm.configuration.DaoTestConfiguration}', contextInitializerClasses = '[]', activeProfiles = '{}', propertySourceLocations = '{}', propertySourceProperties = '{}', contextCustomizers = set[org.springframework.boot.test.autoconfigure.actuate.metrics.MetricsExportContextCustomizerFactory$DisableMetricExportContextCustomizer@491e42b4, org.springframework.boot.test.autoconfigure.properties.PropertyMappingContextCustomizer@0, org.springframework.boot.test.autoconfigure.web.servlet.WebDriverContextCustomizerFactory$Customizer@1970d49a, org.springframework.boot.test.context.filter.ExcludeFilterContextCustomizer@178e422e, org.springframework.boot.test.json.DuplicateJsonObjectContextCustomizerFactory$DuplicateJsonObjectContextCustomizer@1cf9c2c, org.springframework.boot.test.mock.mockito.MockitoContextCustomizer@0], contextLoader = 'org.springframework.test.context.support.DelegatingSmartContextLoader', parent = [null]], attributes = map['org.springframework.test.context.event.ApplicationEventsTestExecutionListener.recordApplicationEvents' -> false]]
04:29:03.092 [Test worker] DEBUG org.springframework.test.context.support.AbstractDirtiesContextTestExecutionListener - After test method: context [DefaultTestContext@29934d06 testClass = CertificateDaoImplTest, testInstance = com.epam.esm.dao.impl.CertificateDaoImplTest@18a57a73, testMethod = deleteTest@CertificateDaoImplTest, testException = [null], mergedContextConfiguration = [MergedContextConfiguration@1d733d37 testClass = CertificateDaoImplTest, locations = '{}', classes = '{class com.epam.esm.configuration.DaoTestConfiguration}', contextInitializerClasses = '[]', activeProfiles = '{}', propertySourceLocations = '{}', propertySourceProperties = '{}', contextCustomizers = set[org.springframework.boot.test.autoconfigure.actuate.metrics.MetricsExportContextCustomizerFactory$DisableMetricExportContextCustomizer@491e42b4, org.springframework.boot.test.autoconfigure.properties.PropertyMappingContextCustomizer@0, org.springframework.boot.test.autoconfigure.web.servlet.WebDriverContextCustomizerFactory$Customizer@1970d49a, org.springframework.boot.test.context.filter.ExcludeFilterContextCustomizer@178e422e, org.springframework.boot.test.json.DuplicateJsonObjectContextCustomizerFactory$DuplicateJsonObjectContextCustomizer@1cf9c2c, org.springframework.boot.test.mock.mockito.MockitoContextCustomizer@0], contextLoader = 'org.springframework.test.context.support.DelegatingSmartContextLoader', parent = [null]], attributes = map['org.springframework.test.context.event.ApplicationEventsTestExecutionListener.recordApplicationEvents' -> false]], class annotated with @DirtiesContext [false] with mode [null], method annotated with @DirtiesContext [false] with mode [null].
04:29:03.095 [Test worker] DEBUG org.springframework.test.context.cache.DefaultCacheAwareContextLoaderDelegate - Retrieved ApplicationContext [1806878190] from cache with key [[MergedContextConfiguration@1d733d37 testClass = CertificateDaoImplTest, locations = '{}', classes = '{class com.epam.esm.configuration.DaoTestConfiguration}', contextInitializerClasses = '[]', activeProfiles = '{}', propertySourceLocations = '{}', propertySourceProperties = '{}', contextCustomizers = set[org.springframework.boot.test.autoconfigure.actuate.metrics.MetricsExportContextCustomizerFactory$DisableMetricExportContextCustomizer@491e42b4, org.springframework.boot.test.autoconfigure.properties.PropertyMappingContextCustomizer@0, org.springframework.boot.test.autoconfigure.web.servlet.WebDriverContextCustomizerFactory$Customizer@1970d49a, org.springframework.boot.test.context.filter.ExcludeFilterContextCustomizer@178e422e, org.springframework.boot.test.json.DuplicateJsonObjectContextCustomizerFactory$DuplicateJsonObjectContextCustomizer@1cf9c2c, org.springframework.boot.test.mock.mockito.MockitoContextCustomizer@0], contextLoader = 'org.springframework.test.context.support.DelegatingSmartContextLoader', parent = [null]]]
04:29:03.095 [Test worker] DEBUG org.springframework.test.context.cache - Spring test ApplicationContext cache statistics: [DefaultContextCache@4e17f97e size = 1, maxSize = 32, parentContextCount = 0, hitCount = 60, missCount = 1]
04:29:03.095 [Test worker] DEBUG org.springframework.test.context.support.AbstractDirtiesContextTestExecutionListener - After test class: context [DefaultTestContext@29934d06 testClass = CertificateDaoImplTest, testInstance = [null], testMethod = [null], testException = [null], mergedContextConfiguration = [MergedContextConfiguration@1d733d37 testClass = CertificateDaoImplTest, locations = '{}', classes = '{class com.epam.esm.configuration.DaoTestConfiguration}', contextInitializerClasses = '[]', activeProfiles = '{}', propertySourceLocations = '{}', propertySourceProperties = '{}', contextCustomizers = set[org.springframework.boot.test.autoconfigure.actuate.metrics.MetricsExportContextCustomizerFactory$DisableMetricExportContextCustomizer@491e42b4, org.springframework.boot.test.autoconfigure.properties.PropertyMappingContextCustomizer@0, org.springframework.boot.test.autoconfigure.web.servlet.WebDriverContextCustomizerFactory$Customizer@1970d49a, org.springframework.boot.test.context.filter.ExcludeFilterContextCustomizer@178e422e, org.springframework.boot.test.json.DuplicateJsonObjectContextCustomizerFactory$DuplicateJsonObjectContextCustomizer@1cf9c2c, org.springframework.boot.test.mock.mockito.MockitoContextCustomizer@0], contextLoader = 'org.springframework.test.context.support.DelegatingSmartContextLoader', parent = [null]], attributes = map['org.springframework.test.context.event.ApplicationEventsTestExecutionListener.recordApplicationEvents' -> false]], class annotated with @DirtiesContext [false] with mode [null].
]]></system-out>
  <system-err><![CDATA[]]></system-err>
</testsuite>
