<?xml version="1.0" encoding="UTF-8"?>
<testsuite name="com.epam.esm.service.impl.OrderServiceImplTest" tests="2" skipped="0" failures="0" errors="0" timestamp="2021-11-06T00:44:02" hostname="RazorLTP" time="0.188">
  <properties/>
  <testcase name="findOrdersByOwnerTest()" classname="com.epam.esm.service.impl.OrderServiceImplTest" time="0.172"/>
  <testcase name="addOrderForUserFailTest()" classname="com.epam.esm.service.impl.OrderServiceImplTest" time="0.014"/>
  <system-out><![CDATA[03:44:02.773 [Test worker] DEBUG org.springframework.test.context.BootstrapUtils - Instantiating CacheAwareContextLoaderDelegate from class [org.springframework.test.context.cache.DefaultCacheAwareContextLoaderDelegate]
03:44:02.774 [Test worker] DEBUG org.springframework.test.context.BootstrapUtils - Instantiating BootstrapContext using constructor [public org.springframework.test.context.support.DefaultBootstrapContext(java.lang.Class,org.springframework.test.context.CacheAwareContextLoaderDelegate)]
03:44:02.774 [Test worker] DEBUG org.springframework.test.context.BootstrapUtils - Instantiating TestContextBootstrapper for test class [com.epam.esm.service.impl.OrderServiceImplTest] from class [org.springframework.test.context.support.DefaultTestContextBootstrapper]
03:44:02.775 [Test worker] DEBUG org.springframework.test.context.support.AbstractDelegatingSmartContextLoader - Delegating to AnnotationConfigContextLoader to process context configuration [ContextConfigurationAttributes@c858ff2 declaringClass = 'com.epam.esm.service.impl.OrderServiceImplTest', classes = '{class com.epam.esm.configuration.ServiceTestConfiguration}', locations = '{}', inheritLocations = true, initializers = '{}', inheritInitializers = true, name = [null], contextLoaderClass = 'org.springframework.test.context.ContextLoader'].
03:44:02.776 [Test worker] DEBUG org.springframework.test.context.support.ActiveProfilesUtils - Could not find an 'annotation declaring class' for annotation type [org.springframework.test.context.ActiveProfiles] and class [com.epam.esm.service.impl.OrderServiceImplTest]
03:44:02.776 [Test worker] DEBUG org.springframework.test.context.support.DefaultTestContextBootstrapper - @TestExecutionListeners is not present for class [com.epam.esm.service.impl.OrderServiceImplTest]: using defaults.
03:44:02.776 [Test worker] INFO org.springframework.test.context.support.DefaultTestContextBootstrapper - Loaded default TestExecutionListener class names from location [META-INF/spring.factories]: [org.springframework.boot.test.autoconfigure.restdocs.RestDocsTestExecutionListener, org.springframework.boot.test.autoconfigure.web.client.MockRestServiceServerResetTestExecutionListener, org.springframework.boot.test.autoconfigure.web.servlet.MockMvcPrintOnlyOnFailureTestExecutionListener, org.springframework.boot.test.autoconfigure.web.servlet.WebDriverTestExecutionListener, org.springframework.boot.test.autoconfigure.webservices.client.MockWebServiceServerTestExecutionListener, org.springframework.boot.test.mock.mockito.MockitoTestExecutionListener, org.springframework.boot.test.mock.mockito.ResetMocksTestExecutionListener, org.springframework.test.context.web.ServletTestExecutionListener, org.springframework.test.context.support.DirtiesContextBeforeModesTestExecutionListener, org.springframework.test.context.event.ApplicationEventsTestExecutionListener, org.springframework.test.context.support.DependencyInjectionTestExecutionListener, org.springframework.test.context.support.DirtiesContextTestExecutionListener, org.springframework.test.context.transaction.TransactionalTestExecutionListener, org.springframework.test.context.jdbc.SqlScriptsTestExecutionListener, org.springframework.test.context.event.EventPublishingTestExecutionListener]
03:44:02.777 [Test worker] DEBUG org.springframework.test.context.support.DefaultTestContextBootstrapper - Skipping candidate TestExecutionListener [org.springframework.test.context.web.ServletTestExecutionListener] due to a missing dependency. Specify custom listener classes or make the default listener classes and their required dependencies available. Offending class: [javax/servlet/ServletContext]
03:44:02.777 [Test worker] INFO org.springframework.test.context.support.DefaultTestContextBootstrapper - Using TestExecutionListeners: [org.springframework.test.context.support.DirtiesContextBeforeModesTestExecutionListener@11c7289b, org.springframework.test.context.event.ApplicationEventsTestExecutionListener@68ee030d, org.springframework.boot.test.mock.mockito.MockitoTestExecutionListener@2eb508d4, org.springframework.test.context.support.DependencyInjectionTestExecutionListener@e6ff8ef, org.springframework.test.context.support.DirtiesContextTestExecutionListener@26c49a49, org.springframework.test.context.transaction.TransactionalTestExecutionListener@3eaa13f7, org.springframework.test.context.jdbc.SqlScriptsTestExecutionListener@385f4f5e, org.springframework.test.context.event.EventPublishingTestExecutionListener@4906603a, org.springframework.boot.test.autoconfigure.restdocs.RestDocsTestExecutionListener@4b92bd81, org.springframework.boot.test.autoconfigure.web.client.MockRestServiceServerResetTestExecutionListener@25c92aaf, org.springframework.boot.test.autoconfigure.web.servlet.MockMvcPrintOnlyOnFailureTestExecutionListener@672eb4f7, org.springframework.boot.test.autoconfigure.web.servlet.WebDriverTestExecutionListener@1dd31f98, org.springframework.boot.test.autoconfigure.webservices.client.MockWebServiceServerTestExecutionListener@4373d716, org.springframework.boot.test.mock.mockito.ResetMocksTestExecutionListener@2f830185]
03:44:02.777 [Test worker] DEBUG org.springframework.test.context.support.AbstractDirtiesContextTestExecutionListener - Before test class: context [DefaultTestContext@3d98918e testClass = OrderServiceImplTest, testInstance = [null], testMethod = [null], testException = [null], mergedContextConfiguration = [MergedContextConfiguration@3832667a testClass = OrderServiceImplTest, locations = '{}', classes = '{class com.epam.esm.configuration.ServiceTestConfiguration}', contextInitializerClasses = '[]', activeProfiles = '{}', propertySourceLocations = '{}', propertySourceProperties = '{}', contextCustomizers = set[org.springframework.boot.test.autoconfigure.actuate.metrics.MetricsExportContextCustomizerFactory$DisableMetricExportContextCustomizer@4c596bb4, org.springframework.boot.test.autoconfigure.properties.PropertyMappingContextCustomizer@0, org.springframework.boot.test.autoconfigure.web.servlet.WebDriverContextCustomizerFactory$Customizer@de4aa03, org.springframework.boot.test.context.filter.ExcludeFilterContextCustomizer@6e0c30e0, org.springframework.boot.test.json.DuplicateJsonObjectContextCustomizerFactory$DuplicateJsonObjectContextCustomizer@616df5e9, org.springframework.boot.test.mock.mockito.MockitoContextCustomizer@0], contextLoader = 'org.springframework.test.context.support.DelegatingSmartContextLoader', parent = [null]], attributes = map[[empty]]], class annotated with @DirtiesContext [false] with mode [null].
03:44:02.778 [Test worker] DEBUG org.springframework.test.context.cache.DefaultCacheAwareContextLoaderDelegate - Retrieved ApplicationContext [271043915] from cache with key [[MergedContextConfiguration@3832667a testClass = OrderServiceImplTest, locations = '{}', classes = '{class com.epam.esm.configuration.ServiceTestConfiguration}', contextInitializerClasses = '[]', activeProfiles = '{}', propertySourceLocations = '{}', propertySourceProperties = '{}', contextCustomizers = set[org.springframework.boot.test.autoconfigure.actuate.metrics.MetricsExportContextCustomizerFactory$DisableMetricExportContextCustomizer@4c596bb4, org.springframework.boot.test.autoconfigure.properties.PropertyMappingContextCustomizer@0, org.springframework.boot.test.autoconfigure.web.servlet.WebDriverContextCustomizerFactory$Customizer@de4aa03, org.springframework.boot.test.context.filter.ExcludeFilterContextCustomizer@6e0c30e0, org.springframework.boot.test.json.DuplicateJsonObjectContextCustomizerFactory$DuplicateJsonObjectContextCustomizer@616df5e9, org.springframework.boot.test.mock.mockito.MockitoContextCustomizer@0], contextLoader = 'org.springframework.test.context.support.DelegatingSmartContextLoader', parent = [null]]]
03:44:02.778 [Test worker] DEBUG org.springframework.test.context.cache - Spring test ApplicationContext cache statistics: [DefaultContextCache@39430ca size = 1, maxSize = 32, parentContextCount = 0, hitCount = 75, missCount = 1]
03:44:02.779 [Test worker] DEBUG org.springframework.test.context.support.DependencyInjectionTestExecutionListener - Performing dependency injection for test context [[DefaultTestContext@3d98918e testClass = OrderServiceImplTest, testInstance = com.epam.esm.service.impl.OrderServiceImplTest@65a4dd0d, testMethod = [null], testException = [null], mergedContextConfiguration = [MergedContextConfiguration@3832667a testClass = OrderServiceImplTest, locations = '{}', classes = '{class com.epam.esm.configuration.ServiceTestConfiguration}', contextInitializerClasses = '[]', activeProfiles = '{}', propertySourceLocations = '{}', propertySourceProperties = '{}', contextCustomizers = set[org.springframework.boot.test.autoconfigure.actuate.metrics.MetricsExportContextCustomizerFactory$DisableMetricExportContextCustomizer@4c596bb4, org.springframework.boot.test.autoconfigure.properties.PropertyMappingContextCustomizer@0, org.springframework.boot.test.autoconfigure.web.servlet.WebDriverContextCustomizerFactory$Customizer@de4aa03, org.springframework.boot.test.context.filter.ExcludeFilterContextCustomizer@6e0c30e0, org.springframework.boot.test.json.DuplicateJsonObjectContextCustomizerFactory$DuplicateJsonObjectContextCustomizer@616df5e9, org.springframework.boot.test.mock.mockito.MockitoContextCustomizer@0], contextLoader = 'org.springframework.test.context.support.DelegatingSmartContextLoader', parent = [null]], attributes = map['org.springframework.test.context.event.ApplicationEventsTestExecutionListener.recordApplicationEvents' -> false]]].
03:44:02.779 [Test worker] DEBUG org.springframework.test.context.cache.DefaultCacheAwareContextLoaderDelegate - Retrieved ApplicationContext [271043915] from cache with key [[MergedContextConfiguration@3832667a testClass = OrderServiceImplTest, locations = '{}', classes = '{class com.epam.esm.configuration.ServiceTestConfiguration}', contextInitializerClasses = '[]', activeProfiles = '{}', propertySourceLocations = '{}', propertySourceProperties = '{}', contextCustomizers = set[org.springframework.boot.test.autoconfigure.actuate.metrics.MetricsExportContextCustomizerFactory$DisableMetricExportContextCustomizer@4c596bb4, org.springframework.boot.test.autoconfigure.properties.PropertyMappingContextCustomizer@0, org.springframework.boot.test.autoconfigure.web.servlet.WebDriverContextCustomizerFactory$Customizer@de4aa03, org.springframework.boot.test.context.filter.ExcludeFilterContextCustomizer@6e0c30e0, org.springframework.boot.test.json.DuplicateJsonObjectContextCustomizerFactory$DuplicateJsonObjectContextCustomizer@616df5e9, org.springframework.boot.test.mock.mockito.MockitoContextCustomizer@0], contextLoader = 'org.springframework.test.context.support.DelegatingSmartContextLoader', parent = [null]]]
03:44:02.779 [Test worker] DEBUG org.springframework.test.context.cache - Spring test ApplicationContext cache statistics: [DefaultContextCache@39430ca size = 1, maxSize = 32, parentContextCount = 0, hitCount = 76, missCount = 1]
03:44:02.783 [Test worker] DEBUG org.springframework.test.context.cache.DefaultCacheAwareContextLoaderDelegate - Retrieved ApplicationContext [271043915] from cache with key [[MergedContextConfiguration@3832667a testClass = OrderServiceImplTest, locations = '{}', classes = '{class com.epam.esm.configuration.ServiceTestConfiguration}', contextInitializerClasses = '[]', activeProfiles = '{}', propertySourceLocations = '{}', propertySourceProperties = '{}', contextCustomizers = set[org.springframework.boot.test.autoconfigure.actuate.metrics.MetricsExportContextCustomizerFactory$DisableMetricExportContextCustomizer@4c596bb4, org.springframework.boot.test.autoconfigure.properties.PropertyMappingContextCustomizer@0, org.springframework.boot.test.autoconfigure.web.servlet.WebDriverContextCustomizerFactory$Customizer@de4aa03, org.springframework.boot.test.context.filter.ExcludeFilterContextCustomizer@6e0c30e0, org.springframework.boot.test.json.DuplicateJsonObjectContextCustomizerFactory$DuplicateJsonObjectContextCustomizer@616df5e9, org.springframework.boot.test.mock.mockito.MockitoContextCustomizer@0], contextLoader = 'org.springframework.test.context.support.DelegatingSmartContextLoader', parent = [null]]]
03:44:02.783 [Test worker] DEBUG org.springframework.test.context.cache - Spring test ApplicationContext cache statistics: [DefaultContextCache@39430ca size = 1, maxSize = 32, parentContextCount = 0, hitCount = 77, missCount = 1]
03:44:02.784 [Test worker] DEBUG org.springframework.test.context.support.AbstractDirtiesContextTestExecutionListener - Before test method: context [DefaultTestContext@3d98918e testClass = OrderServiceImplTest, testInstance = com.epam.esm.service.impl.OrderServiceImplTest@65a4dd0d, testMethod = findOrdersByOwnerTest@OrderServiceImplTest, testException = [null], mergedContextConfiguration = [MergedContextConfiguration@3832667a testClass = OrderServiceImplTest, locations = '{}', classes = '{class com.epam.esm.configuration.ServiceTestConfiguration}', contextInitializerClasses = '[]', activeProfiles = '{}', propertySourceLocations = '{}', propertySourceProperties = '{}', contextCustomizers = set[org.springframework.boot.test.autoconfigure.actuate.metrics.MetricsExportContextCustomizerFactory$DisableMetricExportContextCustomizer@4c596bb4, org.springframework.boot.test.autoconfigure.properties.PropertyMappingContextCustomizer@0, org.springframework.boot.test.autoconfigure.web.servlet.WebDriverContextCustomizerFactory$Customizer@de4aa03, org.springframework.boot.test.context.filter.ExcludeFilterContextCustomizer@6e0c30e0, org.springframework.boot.test.json.DuplicateJsonObjectContextCustomizerFactory$DuplicateJsonObjectContextCustomizer@616df5e9, org.springframework.boot.test.mock.mockito.MockitoContextCustomizer@0], contextLoader = 'org.springframework.test.context.support.DelegatingSmartContextLoader', parent = [null]], attributes = map['org.springframework.test.context.event.ApplicationEventsTestExecutionListener.recordApplicationEvents' -> false]], class annotated with @DirtiesContext [false] with mode [null], method annotated with @DirtiesContext [false] with mode [null].
03:44:02.785 [Test worker] DEBUG org.springframework.test.context.transaction.TransactionalTestExecutionListener - Explicit transaction definition [PROPAGATION_REQUIRED,ISOLATION_DEFAULT] found for test context [DefaultTestContext@3d98918e testClass = OrderServiceImplTest, testInstance = com.epam.esm.service.impl.OrderServiceImplTest@65a4dd0d, testMethod = findOrdersByOwnerTest@OrderServiceImplTest, testException = [null], mergedContextConfiguration = [MergedContextConfiguration@3832667a testClass = OrderServiceImplTest, locations = '{}', classes = '{class com.epam.esm.configuration.ServiceTestConfiguration}', contextInitializerClasses = '[]', activeProfiles = '{}', propertySourceLocations = '{}', propertySourceProperties = '{}', contextCustomizers = set[org.springframework.boot.test.autoconfigure.actuate.metrics.MetricsExportContextCustomizerFactory$DisableMetricExportContextCustomizer@4c596bb4, org.springframework.boot.test.autoconfigure.properties.PropertyMappingContextCustomizer@0, org.springframework.boot.test.autoconfigure.web.servlet.WebDriverContextCustomizerFactory$Customizer@de4aa03, org.springframework.boot.test.context.filter.ExcludeFilterContextCustomizer@6e0c30e0, org.springframework.boot.test.json.DuplicateJsonObjectContextCustomizerFactory$DuplicateJsonObjectContextCustomizer@616df5e9, org.springframework.boot.test.mock.mockito.MockitoContextCustomizer@0], contextLoader = 'org.springframework.test.context.support.DelegatingSmartContextLoader', parent = [null]], attributes = map['org.springframework.test.context.event.ApplicationEventsTestExecutionListener.recordApplicationEvents' -> false]]
03:44:02.785 [Test worker] DEBUG org.springframework.test.context.cache.DefaultCacheAwareContextLoaderDelegate - Retrieved ApplicationContext [271043915] from cache with key [[MergedContextConfiguration@3832667a testClass = OrderServiceImplTest, locations = '{}', classes = '{class com.epam.esm.configuration.ServiceTestConfiguration}', contextInitializerClasses = '[]', activeProfiles = '{}', propertySourceLocations = '{}', propertySourceProperties = '{}', contextCustomizers = set[org.springframework.boot.test.autoconfigure.actuate.metrics.MetricsExportContextCustomizerFactory$DisableMetricExportContextCustomizer@4c596bb4, org.springframework.boot.test.autoconfigure.properties.PropertyMappingContextCustomizer@0, org.springframework.boot.test.autoconfigure.web.servlet.WebDriverContextCustomizerFactory$Customizer@de4aa03, org.springframework.boot.test.context.filter.ExcludeFilterContextCustomizer@6e0c30e0, org.springframework.boot.test.json.DuplicateJsonObjectContextCustomizerFactory$DuplicateJsonObjectContextCustomizer@616df5e9, org.springframework.boot.test.mock.mockito.MockitoContextCustomizer@0], contextLoader = 'org.springframework.test.context.support.DelegatingSmartContextLoader', parent = [null]]]
03:44:02.785 [Test worker] DEBUG org.springframework.test.context.cache - Spring test ApplicationContext cache statistics: [DefaultContextCache@39430ca size = 1, maxSize = 32, parentContextCount = 0, hitCount = 78, missCount = 1]
03:44:02.785 [Test worker] DEBUG org.springframework.test.context.transaction.TransactionalTestExecutionListener - No method-level @Rollback override: using default rollback [true] for test context [DefaultTestContext@3d98918e testClass = OrderServiceImplTest, testInstance = com.epam.esm.service.impl.OrderServiceImplTest@65a4dd0d, testMethod = findOrdersByOwnerTest@OrderServiceImplTest, testException = [null], mergedContextConfiguration = [MergedContextConfiguration@3832667a testClass = OrderServiceImplTest, locations = '{}', classes = '{class com.epam.esm.configuration.ServiceTestConfiguration}', contextInitializerClasses = '[]', activeProfiles = '{}', propertySourceLocations = '{}', propertySourceProperties = '{}', contextCustomizers = set[org.springframework.boot.test.autoconfigure.actuate.metrics.MetricsExportContextCustomizerFactory$DisableMetricExportContextCustomizer@4c596bb4, org.springframework.boot.test.autoconfigure.properties.PropertyMappingContextCustomizer@0, org.springframework.boot.test.autoconfigure.web.servlet.WebDriverContextCustomizerFactory$Customizer@de4aa03, org.springframework.boot.test.context.filter.ExcludeFilterContextCustomizer@6e0c30e0, org.springframework.boot.test.json.DuplicateJsonObjectContextCustomizerFactory$DuplicateJsonObjectContextCustomizer@616df5e9, org.springframework.boot.test.mock.mockito.MockitoContextCustomizer@0], contextLoader = 'org.springframework.test.context.support.DelegatingSmartContextLoader', parent = [null]], attributes = map['org.springframework.test.context.event.ApplicationEventsTestExecutionListener.recordApplicationEvents' -> false]].
03:44:02.785 [Test worker] DEBUG org.springframework.orm.jpa.JpaTransactionManager - Creating new transaction with name [com.epam.esm.service.impl.OrderServiceImplTest.findOrdersByOwnerTest]: PROPAGATION_REQUIRED,ISOLATION_DEFAULT
03:44:02.786 [Test worker] DEBUG org.springframework.orm.jpa.JpaTransactionManager - Opened new EntityManager [SessionImpl(1138021176<open>)] for JPA transaction
03:44:02.786 [Test worker] DEBUG org.hibernate.engine.transaction.internal.TransactionImpl - On TransactionImpl creation, JpaCompliance#isJpaTransactionComplianceEnabled == false
03:44:02.786 [Test worker] DEBUG org.hibernate.engine.transaction.internal.TransactionImpl - begin
03:44:02.786 [Test worker] DEBUG org.springframework.jdbc.datasource.DriverManagerDataSource - Creating new JDBC DriverManager Connection to [jdbc:h2:mem:second;DB_CLOSE_DELAY=-1]
03:44:02.786 [Test worker] DEBUG org.springframework.orm.jpa.JpaTransactionManager - Exposing JPA transaction as JDBC [org.springframework.orm.jpa.vendor.HibernateJpaDialect$HibernateConnectionHandle@5556ce39]
03:44:02.787 [Test worker] INFO org.springframework.test.context.transaction.TransactionContext - Began transaction (1) for test context [DefaultTestContext@3d98918e testClass = OrderServiceImplTest, testInstance = com.epam.esm.service.impl.OrderServiceImplTest@65a4dd0d, testMethod = findOrdersByOwnerTest@OrderServiceImplTest, testException = [null], mergedContextConfiguration = [MergedContextConfiguration@3832667a testClass = OrderServiceImplTest, locations = '{}', classes = '{class com.epam.esm.configuration.ServiceTestConfiguration}', contextInitializerClasses = '[]', activeProfiles = '{}', propertySourceLocations = '{}', propertySourceProperties = '{}', contextCustomizers = set[org.springframework.boot.test.autoconfigure.actuate.metrics.MetricsExportContextCustomizerFactory$DisableMetricExportContextCustomizer@4c596bb4, org.springframework.boot.test.autoconfigure.properties.PropertyMappingContextCustomizer@0, org.springframework.boot.test.autoconfigure.web.servlet.WebDriverContextCustomizerFactory$Customizer@de4aa03, org.springframework.boot.test.context.filter.ExcludeFilterContextCustomizer@6e0c30e0, org.springframework.boot.test.json.DuplicateJsonObjectContextCustomizerFactory$DuplicateJsonObjectContextCustomizer@616df5e9, org.springframework.boot.test.mock.mockito.MockitoContextCustomizer@0], contextLoader = 'org.springframework.test.context.support.DelegatingSmartContextLoader', parent = [null]], attributes = map['org.springframework.test.context.event.ApplicationEventsTestExecutionListener.recordApplicationEvents' -> false]]; transaction manager [org.springframework.orm.jpa.JpaTransactionManager@60670f05]; rollback [true]
03:44:02.787 [Test worker] DEBUG org.springframework.test.context.cache.DefaultCacheAwareContextLoaderDelegate - Retrieved ApplicationContext [271043915] from cache with key [[MergedContextConfiguration@3832667a testClass = OrderServiceImplTest, locations = '{}', classes = '{class com.epam.esm.configuration.ServiceTestConfiguration}', contextInitializerClasses = '[]', activeProfiles = '{}', propertySourceLocations = '{}', propertySourceProperties = '{}', contextCustomizers = set[org.springframework.boot.test.autoconfigure.actuate.metrics.MetricsExportContextCustomizerFactory$DisableMetricExportContextCustomizer@4c596bb4, org.springframework.boot.test.autoconfigure.properties.PropertyMappingContextCustomizer@0, org.springframework.boot.test.autoconfigure.web.servlet.WebDriverContextCustomizerFactory$Customizer@de4aa03, org.springframework.boot.test.context.filter.ExcludeFilterContextCustomizer@6e0c30e0, org.springframework.boot.test.json.DuplicateJsonObjectContextCustomizerFactory$DuplicateJsonObjectContextCustomizer@616df5e9, org.springframework.boot.test.mock.mockito.MockitoContextCustomizer@0], contextLoader = 'org.springframework.test.context.support.DelegatingSmartContextLoader', parent = [null]]]
03:44:02.787 [Test worker] DEBUG org.springframework.test.context.cache - Spring test ApplicationContext cache statistics: [DefaultContextCache@39430ca size = 1, maxSize = 32, parentContextCount = 0, hitCount = 79, missCount = 1]
03:44:02.788 [Test worker] DEBUG org.springframework.test.context.cache.DefaultCacheAwareContextLoaderDelegate - Retrieved ApplicationContext [271043915] from cache with key [[MergedContextConfiguration@3832667a testClass = OrderServiceImplTest, locations = '{}', classes = '{class com.epam.esm.configuration.ServiceTestConfiguration}', contextInitializerClasses = '[]', activeProfiles = '{}', propertySourceLocations = '{}', propertySourceProperties = '{}', contextCustomizers = set[org.springframework.boot.test.autoconfigure.actuate.metrics.MetricsExportContextCustomizerFactory$DisableMetricExportContextCustomizer@4c596bb4, org.springframework.boot.test.autoconfigure.properties.PropertyMappingContextCustomizer@0, org.springframework.boot.test.autoconfigure.web.servlet.WebDriverContextCustomizerFactory$Customizer@de4aa03, org.springframework.boot.test.context.filter.ExcludeFilterContextCustomizer@6e0c30e0, org.springframework.boot.test.json.DuplicateJsonObjectContextCustomizerFactory$DuplicateJsonObjectContextCustomizer@616df5e9, org.springframework.boot.test.mock.mockito.MockitoContextCustomizer@0], contextLoader = 'org.springframework.test.context.support.DelegatingSmartContextLoader', parent = [null]]]
03:44:02.788 [Test worker] DEBUG org.springframework.test.context.cache - Spring test ApplicationContext cache statistics: [DefaultContextCache@39430ca size = 1, maxSize = 32, parentContextCount = 0, hitCount = 80, missCount = 1]
03:44:02.788 [Test worker] DEBUG org.springframework.test.context.cache.DefaultCacheAwareContextLoaderDelegate - Retrieved ApplicationContext [271043915] from cache with key [[MergedContextConfiguration@3832667a testClass = OrderServiceImplTest, locations = '{}', classes = '{class com.epam.esm.configuration.ServiceTestConfiguration}', contextInitializerClasses = '[]', activeProfiles = '{}', propertySourceLocations = '{}', propertySourceProperties = '{}', contextCustomizers = set[org.springframework.boot.test.autoconfigure.actuate.metrics.MetricsExportContextCustomizerFactory$DisableMetricExportContextCustomizer@4c596bb4, org.springframework.boot.test.autoconfigure.properties.PropertyMappingContextCustomizer@0, org.springframework.boot.test.autoconfigure.web.servlet.WebDriverContextCustomizerFactory$Customizer@de4aa03, org.springframework.boot.test.context.filter.ExcludeFilterContextCustomizer@6e0c30e0, org.springframework.boot.test.json.DuplicateJsonObjectContextCustomizerFactory$DuplicateJsonObjectContextCustomizer@616df5e9, org.springframework.boot.test.mock.mockito.MockitoContextCustomizer@0], contextLoader = 'org.springframework.test.context.support.DelegatingSmartContextLoader', parent = [null]]]
03:44:02.788 [Test worker] DEBUG org.springframework.test.context.cache - Spring test ApplicationContext cache statistics: [DefaultContextCache@39430ca size = 1, maxSize = 32, parentContextCount = 0, hitCount = 81, missCount = 1]
03:44:02.789 [Test worker] DEBUG org.hibernate.SQL - select userentity0_.id as id1_5_, userentity0_.username as username2_5_ from UserEntity userentity0_ where userentity0_.username=?
Hibernate: select userentity0_.id as id1_5_, userentity0_.username as username2_5_ from UserEntity userentity0_ where userentity0_.username=?
03:44:02.790 [Test worker] DEBUG org.hibernate.stat.internal.StatisticsImpl - HHH000117: HQL: SELECT user FROM UserEntity user WHERE user.username = ?1, time: 0ms, rows: 0
03:44:02.791 [Test worker] DEBUG org.hibernate.engine.spi.ActionQueue - Executing identity-insert immediately
03:44:02.791 [Test worker] DEBUG org.hibernate.SQL - insert into UserEntity (id, username) values (null, ?)
Hibernate: insert into UserEntity (id, username) values (null, ?)
03:44:02.792 [Test worker] DEBUG org.hibernate.id.IdentifierGeneratorHelper - Natively generated identity: 3
03:44:02.792 [Test worker] DEBUG org.hibernate.resource.jdbc.internal.ResourceRegistryStandardImpl - HHH000387: ResultSet's statement was not registered
03:44:02.793 [Test worker] DEBUG org.hibernate.event.internal.AbstractFlushingEventListener - Processing flush-time cascades
03:44:02.793 [Test worker] DEBUG org.hibernate.event.internal.AbstractFlushingEventListener - Dirty checking collections
03:44:02.793 [Test worker] DEBUG org.hibernate.engine.internal.Collections - Collection found: [com.epam.esm.model.entity.UserEntity.orderEntities#3], was: [<unreferenced>] (initialized)
03:44:02.793 [Test worker] DEBUG org.hibernate.event.internal.AbstractFlushingEventListener - Flushed: 0 insertions, 0 updates, 0 deletions to 1 objects
03:44:02.793 [Test worker] DEBUG org.hibernate.event.internal.AbstractFlushingEventListener - Flushed: 1 (re)creations, 0 updates, 0 removals to 1 collections
03:44:02.793 [Test worker] DEBUG org.hibernate.internal.util.EntityPrinter - Listing entities:
03:44:02.793 [Test worker] DEBUG org.hibernate.internal.util.EntityPrinter - com.epam.esm.model.entity.UserEntity{id=3, orderEntities=[], username=Test}
03:44:02.793 [Test worker] DEBUG org.hibernate.SQL - select userentity0_.id as id1_5_, userentity0_.username as username2_5_ from UserEntity userentity0_ where userentity0_.username=?
Hibernate: select userentity0_.id as id1_5_, userentity0_.username as username2_5_ from UserEntity userentity0_ where userentity0_.username=?
03:44:02.794 [Test worker] DEBUG org.hibernate.stat.internal.StatisticsImpl - HHH000117: HQL: SELECT user FROM UserEntity user WHERE user.username = ?1, time: 0ms, rows: 0
03:44:02.794 [Test worker] DEBUG org.hibernate.engine.spi.ActionQueue - Executing identity-insert immediately
03:44:02.795 [Test worker] DEBUG org.hibernate.SQL - insert into UserEntity (id, username) values (null, ?)
Hibernate: insert into UserEntity (id, username) values (null, ?)
03:44:02.795 [Test worker] DEBUG org.hibernate.id.IdentifierGeneratorHelper - Natively generated identity: 4
03:44:02.795 [Test worker] DEBUG org.hibernate.resource.jdbc.internal.ResourceRegistryStandardImpl - HHH000387: ResultSet's statement was not registered
03:44:02.796 [Test worker] DEBUG org.hibernate.event.internal.AbstractFlushingEventListener - Processing flush-time cascades
03:44:02.796 [Test worker] DEBUG org.hibernate.event.internal.AbstractFlushingEventListener - Dirty checking collections
03:44:02.797 [Test worker] DEBUG org.hibernate.engine.internal.Collections - Collection found: [com.epam.esm.model.entity.UserEntity.orderEntities#3], was: [<unreferenced>] (initialized)
03:44:02.797 [Test worker] DEBUG org.hibernate.engine.internal.Collections - Collection found: [com.epam.esm.model.entity.UserEntity.orderEntities#4], was: [<unreferenced>] (initialized)
03:44:02.797 [Test worker] DEBUG org.hibernate.event.internal.AbstractFlushingEventListener - Flushed: 0 insertions, 0 updates, 0 deletions to 2 objects
03:44:02.797 [Test worker] DEBUG org.hibernate.event.internal.AbstractFlushingEventListener - Flushed: 2 (re)creations, 0 updates, 0 removals to 2 collections
03:44:02.797 [Test worker] DEBUG org.hibernate.internal.util.EntityPrinter - Listing entities:
03:44:02.797 [Test worker] DEBUG org.hibernate.internal.util.EntityPrinter - com.epam.esm.model.entity.UserEntity{id=3, orderEntities=[], username=Test}
03:44:02.797 [Test worker] DEBUG org.hibernate.internal.util.EntityPrinter - com.epam.esm.model.entity.UserEntity{id=4, orderEntities=[], username=TEST}
03:44:02.797 [Test worker] DEBUG org.hibernate.SQL - select userentity0_.id as id1_5_, userentity0_.username as username2_5_ from UserEntity userentity0_ where userentity0_.username=?
Hibernate: select userentity0_.id as id1_5_, userentity0_.username as username2_5_ from UserEntity userentity0_ where userentity0_.username=?
03:44:02.798 [Test worker] DEBUG org.hibernate.stat.internal.StatisticsImpl - HHH000117: HQL: SELECT user FROM UserEntity user WHERE user.username = ?1, time: 0ms, rows: 0
03:44:02.798 [Test worker] DEBUG org.hibernate.loader.Loader - Result row: EntityKey[com.epam.esm.model.entity.UserEntity#4]
03:44:02.798 [Test worker] DEBUG org.springframework.orm.jpa.JpaTransactionManager - Found thread-bound EntityManager [SessionImpl(1138021176<open>)] for JPA transaction
03:44:02.798 [Test worker] DEBUG org.springframework.orm.jpa.JpaTransactionManager - Participating in existing transaction
03:44:02.799 [Test worker] DEBUG org.hibernate.engine.spi.ActionQueue - Executing identity-insert immediately
03:44:02.799 [Test worker] DEBUG org.hibernate.SQL - insert into OrderEntity (id, owner_id, purchaseDate, summary) values (null, ?, ?, ?)
Hibernate: insert into OrderEntity (id, owner_id, purchaseDate, summary) values (null, ?, ?, ?)
03:44:02.800 [Test worker] DEBUG org.hibernate.id.IdentifierGeneratorHelper - Natively generated identity: 2
03:44:02.801 [Test worker] DEBUG org.hibernate.resource.jdbc.internal.ResourceRegistryStandardImpl - HHH000387: ResultSet's statement was not registered
03:44:02.801 [Test worker] DEBUG org.hibernate.event.internal.AbstractFlushingEventListener - Processing flush-time cascades
03:44:02.801 [Test worker] DEBUG org.hibernate.event.internal.AbstractFlushingEventListener - Dirty checking collections
03:44:02.802 [Test worker] DEBUG org.hibernate.engine.internal.Collections - Collection found: [com.epam.esm.model.entity.UserEntity.orderEntities#3], was: [<unreferenced>] (initialized)
03:44:02.802 [Test worker] DEBUG org.hibernate.engine.internal.Collections - Collection found: [com.epam.esm.model.entity.UserEntity.orderEntities#4], was: [<unreferenced>] (initialized)
03:44:02.802 [Test worker] DEBUG org.hibernate.engine.internal.Collections - Collection found: [com.epam.esm.model.entity.OrderEntity.certificateEntities#2], was: [<unreferenced>] (initialized)
03:44:02.802 [Test worker] DEBUG org.hibernate.event.internal.AbstractFlushingEventListener - Flushed: 0 insertions, 0 updates, 0 deletions to 3 objects
03:44:02.802 [Test worker] DEBUG org.hibernate.event.internal.AbstractFlushingEventListener - Flushed: 3 (re)creations, 0 updates, 0 removals to 3 collections
03:44:02.802 [Test worker] DEBUG org.hibernate.internal.util.EntityPrinter - Listing entities:
03:44:02.803 [Test worker] DEBUG org.hibernate.internal.util.EntityPrinter - com.epam.esm.model.entity.UserEntity{id=3, orderEntities=[], username=Test}
03:44:02.803 [Test worker] DEBUG org.hibernate.internal.util.EntityPrinter - com.epam.esm.model.entity.OrderEntity{owner=com.epam.esm.model.entity.UserEntity#4, summary=0.0, certificateEntities=[], purchaseDate=2021-11-06T03:44:02.798937, id=2}
03:44:02.803 [Test worker] DEBUG org.hibernate.internal.util.EntityPrinter - com.epam.esm.model.entity.UserEntity{id=4, orderEntities=[com.epam.esm.model.entity.OrderEntity#2], username=TEST}
03:44:02.803 [Test worker] DEBUG org.hibernate.SQL - select userentity0_.id as id1_5_, userentity0_.username as username2_5_ from UserEntity userentity0_ where userentity0_.username=?
Hibernate: select userentity0_.id as id1_5_, userentity0_.username as username2_5_ from UserEntity userentity0_ where userentity0_.username=?
03:44:02.804 [Test worker] DEBUG org.hibernate.stat.internal.StatisticsImpl - HHH000117: HQL: SELECT user FROM UserEntity user WHERE user.username = ?1, time: 0ms, rows: 0
03:44:02.804 [Test worker] DEBUG org.hibernate.loader.Loader - Result row: EntityKey[com.epam.esm.model.entity.UserEntity#3]
03:44:02.804 [Test worker] DEBUG org.springframework.orm.jpa.JpaTransactionManager - Found thread-bound EntityManager [SessionImpl(1138021176<open>)] for JPA transaction
03:44:02.804 [Test worker] DEBUG org.springframework.orm.jpa.JpaTransactionManager - Participating in existing transaction
03:44:02.805 [Test worker] DEBUG org.hibernate.engine.spi.ActionQueue - Executing identity-insert immediately
03:44:02.805 [Test worker] DEBUG org.hibernate.SQL - insert into OrderEntity (id, owner_id, purchaseDate, summary) values (null, ?, ?, ?)
Hibernate: insert into OrderEntity (id, owner_id, purchaseDate, summary) values (null, ?, ?, ?)
03:44:02.806 [Test worker] DEBUG org.hibernate.id.IdentifierGeneratorHelper - Natively generated identity: 3
03:44:02.806 [Test worker] DEBUG org.hibernate.resource.jdbc.internal.ResourceRegistryStandardImpl - HHH000387: ResultSet's statement was not registered
03:44:02.807 [Test worker] DEBUG org.hibernate.event.internal.AbstractFlushingEventListener - Processing flush-time cascades
03:44:02.807 [Test worker] DEBUG org.hibernate.event.internal.AbstractFlushingEventListener - Dirty checking collections
03:44:02.807 [Test worker] DEBUG org.hibernate.engine.internal.Collections - Collection found: [com.epam.esm.model.entity.UserEntity.orderEntities#3], was: [<unreferenced>] (initialized)
03:44:02.807 [Test worker] DEBUG org.hibernate.engine.internal.Collections - Collection found: [com.epam.esm.model.entity.UserEntity.orderEntities#4], was: [<unreferenced>] (initialized)
03:44:02.807 [Test worker] DEBUG org.hibernate.engine.internal.Collections - Collection found: [com.epam.esm.model.entity.OrderEntity.certificateEntities#2], was: [<unreferenced>] (initialized)
03:44:02.807 [Test worker] DEBUG org.hibernate.engine.internal.Collections - Collection found: [com.epam.esm.model.entity.OrderEntity.certificateEntities#3], was: [<unreferenced>] (initialized)
03:44:02.807 [Test worker] DEBUG org.hibernate.event.internal.AbstractFlushingEventListener - Flushed: 0 insertions, 0 updates, 0 deletions to 4 objects
03:44:02.807 [Test worker] DEBUG org.hibernate.event.internal.AbstractFlushingEventListener - Flushed: 4 (re)creations, 0 updates, 0 removals to 4 collections
03:44:02.808 [Test worker] DEBUG org.hibernate.internal.util.EntityPrinter - Listing entities:
03:44:02.808 [Test worker] DEBUG org.hibernate.internal.util.EntityPrinter - com.epam.esm.model.entity.UserEntity{id=3, orderEntities=[com.epam.esm.model.entity.OrderEntity#3], username=Test}
03:44:02.808 [Test worker] DEBUG org.hibernate.internal.util.EntityPrinter - com.epam.esm.model.entity.OrderEntity{owner=com.epam.esm.model.entity.UserEntity#4, summary=0.0, certificateEntities=[], purchaseDate=2021-11-06T03:44:02.798937, id=2}
03:44:02.808 [Test worker] DEBUG org.hibernate.internal.util.EntityPrinter - com.epam.esm.model.entity.UserEntity{id=4, orderEntities=[com.epam.esm.model.entity.OrderEntity#2], username=TEST}
03:44:02.808 [Test worker] DEBUG org.hibernate.internal.util.EntityPrinter - com.epam.esm.model.entity.OrderEntity{owner=com.epam.esm.model.entity.UserEntity#3, summary=0.0, certificateEntities=[], purchaseDate=2021-11-06T03:44:02.804883, id=3}
03:44:02.808 [Test worker] DEBUG org.hibernate.SQL - select userentity0_.id as id1_5_, userentity0_.username as username2_5_ from UserEntity userentity0_ where userentity0_.username=?
Hibernate: select userentity0_.id as id1_5_, userentity0_.username as username2_5_ from UserEntity userentity0_ where userentity0_.username=?
03:44:02.809 [Test worker] DEBUG org.hibernate.stat.internal.StatisticsImpl - HHH000117: HQL: SELECT user FROM UserEntity user WHERE user.username = ?1, time: 0ms, rows: 0
03:44:02.809 [Test worker] DEBUG org.hibernate.loader.Loader - Result row: EntityKey[com.epam.esm.model.entity.UserEntity#4]
03:44:02.809 [Test worker] DEBUG org.springframework.orm.jpa.JpaTransactionManager - Found thread-bound EntityManager [SessionImpl(1138021176<open>)] for JPA transaction
03:44:02.809 [Test worker] DEBUG org.springframework.orm.jpa.JpaTransactionManager - Participating in existing transaction
03:44:02.826 [Test worker] DEBUG org.hibernate.engine.spi.ActionQueue - Executing identity-insert immediately
03:44:02.826 [Test worker] DEBUG org.hibernate.SQL - insert into OrderEntity (id, owner_id, purchaseDate, summary) values (null, ?, ?, ?)
Hibernate: insert into OrderEntity (id, owner_id, purchaseDate, summary) values (null, ?, ?, ?)
03:44:02.827 [Test worker] DEBUG org.hibernate.id.IdentifierGeneratorHelper - Natively generated identity: 4
03:44:02.827 [Test worker] DEBUG org.hibernate.resource.jdbc.internal.ResourceRegistryStandardImpl - HHH000387: ResultSet's statement was not registered
03:44:02.828 [Test worker] DEBUG org.hibernate.event.internal.AbstractFlushingEventListener - Processing flush-time cascades
03:44:02.828 [Test worker] DEBUG org.hibernate.event.internal.AbstractFlushingEventListener - Dirty checking collections
03:44:02.828 [Test worker] DEBUG org.hibernate.engine.internal.Collections - Collection found: [com.epam.esm.model.entity.UserEntity.orderEntities#3], was: [<unreferenced>] (initialized)
03:44:02.828 [Test worker] DEBUG org.hibernate.engine.internal.Collections - Collection found: [com.epam.esm.model.entity.UserEntity.orderEntities#4], was: [<unreferenced>] (initialized)
03:44:02.828 [Test worker] DEBUG org.hibernate.engine.internal.Collections - Collection found: [com.epam.esm.model.entity.OrderEntity.certificateEntities#2], was: [<unreferenced>] (initialized)
03:44:02.828 [Test worker] DEBUG org.hibernate.engine.internal.Collections - Collection found: [com.epam.esm.model.entity.OrderEntity.certificateEntities#3], was: [<unreferenced>] (initialized)
03:44:02.828 [Test worker] DEBUG org.hibernate.engine.internal.Collections - Collection found: [com.epam.esm.model.entity.OrderEntity.certificateEntities#4], was: [<unreferenced>] (initialized)
03:44:02.829 [Test worker] DEBUG org.hibernate.event.internal.AbstractFlushingEventListener - Flushed: 0 insertions, 0 updates, 0 deletions to 5 objects
03:44:02.829 [Test worker] DEBUG org.hibernate.event.internal.AbstractFlushingEventListener - Flushed: 5 (re)creations, 0 updates, 0 removals to 5 collections
03:44:02.829 [Test worker] DEBUG org.hibernate.internal.util.EntityPrinter - Listing entities:
03:44:02.829 [Test worker] DEBUG org.hibernate.internal.util.EntityPrinter - com.epam.esm.model.entity.UserEntity{id=3, orderEntities=[com.epam.esm.model.entity.OrderEntity#3], username=Test}
03:44:02.829 [Test worker] DEBUG org.hibernate.internal.util.EntityPrinter - com.epam.esm.model.entity.OrderEntity{owner=com.epam.esm.model.entity.UserEntity#4, summary=0.0, certificateEntities=[], purchaseDate=2021-11-06T03:44:02.798937, id=2}
03:44:02.829 [Test worker] DEBUG org.hibernate.internal.util.EntityPrinter - com.epam.esm.model.entity.OrderEntity{owner=com.epam.esm.model.entity.UserEntity#4, summary=0.0, certificateEntities=[], purchaseDate=2021-11-06T03:44:02.809690, id=4}
03:44:02.829 [Test worker] DEBUG org.hibernate.internal.util.EntityPrinter - com.epam.esm.model.entity.UserEntity{id=4, orderEntities=[com.epam.esm.model.entity.OrderEntity#2, com.epam.esm.model.entity.OrderEntity#4], username=TEST}
03:44:02.829 [Test worker] DEBUG org.hibernate.internal.util.EntityPrinter - com.epam.esm.model.entity.OrderEntity{owner=com.epam.esm.model.entity.UserEntity#3, summary=0.0, certificateEntities=[], purchaseDate=2021-11-06T03:44:02.804883, id=3}
03:44:02.829 [Test worker] DEBUG org.hibernate.SQL - select userentity0_.id as id1_5_, userentity0_.username as username2_5_ from UserEntity userentity0_ where userentity0_.username=?
Hibernate: select userentity0_.id as id1_5_, userentity0_.username as username2_5_ from UserEntity userentity0_ where userentity0_.username=?
03:44:02.830 [Test worker] DEBUG org.hibernate.stat.internal.StatisticsImpl - HHH000117: HQL: SELECT user FROM UserEntity user WHERE user.username = ?1, time: 0ms, rows: 0
03:44:02.830 [Test worker] DEBUG org.hibernate.loader.Loader - Result row: EntityKey[com.epam.esm.model.entity.UserEntity#3]
03:44:02.830 [Test worker] DEBUG org.springframework.orm.jpa.JpaTransactionManager - Found thread-bound EntityManager [SessionImpl(1138021176<open>)] for JPA transaction
03:44:02.830 [Test worker] DEBUG org.springframework.orm.jpa.JpaTransactionManager - Participating in existing transaction
03:44:02.831 [Test worker] DEBUG org.hibernate.engine.spi.ActionQueue - Executing identity-insert immediately
03:44:02.831 [Test worker] DEBUG org.hibernate.SQL - insert into OrderEntity (id, owner_id, purchaseDate, summary) values (null, ?, ?, ?)
Hibernate: insert into OrderEntity (id, owner_id, purchaseDate, summary) values (null, ?, ?, ?)
03:44:02.832 [Test worker] DEBUG org.hibernate.id.IdentifierGeneratorHelper - Natively generated identity: 5
03:44:02.832 [Test worker] DEBUG org.hibernate.resource.jdbc.internal.ResourceRegistryStandardImpl - HHH000387: ResultSet's statement was not registered
03:44:02.832 [Test worker] DEBUG org.hibernate.event.internal.AbstractFlushingEventListener - Processing flush-time cascades
03:44:02.833 [Test worker] DEBUG org.hibernate.event.internal.AbstractFlushingEventListener - Dirty checking collections
03:44:02.833 [Test worker] DEBUG org.hibernate.engine.internal.Collections - Collection found: [com.epam.esm.model.entity.UserEntity.orderEntities#3], was: [<unreferenced>] (initialized)
03:44:02.833 [Test worker] DEBUG org.hibernate.engine.internal.Collections - Collection found: [com.epam.esm.model.entity.UserEntity.orderEntities#4], was: [<unreferenced>] (initialized)
03:44:02.833 [Test worker] DEBUG org.hibernate.engine.internal.Collections - Collection found: [com.epam.esm.model.entity.OrderEntity.certificateEntities#2], was: [<unreferenced>] (initialized)
03:44:02.833 [Test worker] DEBUG org.hibernate.engine.internal.Collections - Collection found: [com.epam.esm.model.entity.OrderEntity.certificateEntities#3], was: [<unreferenced>] (initialized)
03:44:02.833 [Test worker] DEBUG org.hibernate.engine.internal.Collections - Collection found: [com.epam.esm.model.entity.OrderEntity.certificateEntities#4], was: [<unreferenced>] (initialized)
03:44:02.834 [Test worker] DEBUG org.hibernate.engine.internal.Collections - Collection found: [com.epam.esm.model.entity.OrderEntity.certificateEntities#5], was: [<unreferenced>] (initialized)
03:44:02.834 [Test worker] DEBUG org.hibernate.event.internal.AbstractFlushingEventListener - Flushed: 0 insertions, 0 updates, 0 deletions to 6 objects
03:44:02.834 [Test worker] DEBUG org.hibernate.event.internal.AbstractFlushingEventListener - Flushed: 6 (re)creations, 0 updates, 0 removals to 6 collections
03:44:02.834 [Test worker] DEBUG org.hibernate.internal.util.EntityPrinter - Listing entities:
03:44:02.834 [Test worker] DEBUG org.hibernate.internal.util.EntityPrinter - com.epam.esm.model.entity.UserEntity{id=3, orderEntities=[com.epam.esm.model.entity.OrderEntity#3, com.epam.esm.model.entity.OrderEntity#5], username=Test}
03:44:02.834 [Test worker] DEBUG org.hibernate.internal.util.EntityPrinter - com.epam.esm.model.entity.OrderEntity{owner=com.epam.esm.model.entity.UserEntity#4, summary=0.0, certificateEntities=[], purchaseDate=2021-11-06T03:44:02.798937, id=2}
03:44:02.834 [Test worker] DEBUG org.hibernate.internal.util.EntityPrinter - com.epam.esm.model.entity.OrderEntity{owner=com.epam.esm.model.entity.UserEntity#3, summary=0.0, certificateEntities=[], purchaseDate=2021-11-06T03:44:02.830914, id=5}
03:44:02.834 [Test worker] DEBUG org.hibernate.internal.util.EntityPrinter - com.epam.esm.model.entity.OrderEntity{owner=com.epam.esm.model.entity.UserEntity#4, summary=0.0, certificateEntities=[], purchaseDate=2021-11-06T03:44:02.809690, id=4}
03:44:02.834 [Test worker] DEBUG org.hibernate.internal.util.EntityPrinter - com.epam.esm.model.entity.UserEntity{id=4, orderEntities=[com.epam.esm.model.entity.OrderEntity#2, com.epam.esm.model.entity.OrderEntity#4], username=TEST}
03:44:02.834 [Test worker] DEBUG org.hibernate.internal.util.EntityPrinter - com.epam.esm.model.entity.OrderEntity{owner=com.epam.esm.model.entity.UserEntity#3, summary=0.0, certificateEntities=[], purchaseDate=2021-11-06T03:44:02.804883, id=3}
03:44:02.835 [Test worker] DEBUG org.hibernate.SQL - select userentity0_.id as id1_5_, userentity0_.username as username2_5_ from UserEntity userentity0_ where userentity0_.username=?
Hibernate: select userentity0_.id as id1_5_, userentity0_.username as username2_5_ from UserEntity userentity0_ where userentity0_.username=?
03:44:02.835 [Test worker] DEBUG org.hibernate.stat.internal.StatisticsImpl - HHH000117: HQL: SELECT user FROM UserEntity user WHERE user.username = ?1, time: 0ms, rows: 0
03:44:02.835 [Test worker] DEBUG org.hibernate.loader.Loader - Result row: EntityKey[com.epam.esm.model.entity.UserEntity#4]
03:44:02.836 [Test worker] DEBUG org.springframework.orm.jpa.JpaTransactionManager - Found thread-bound EntityManager [SessionImpl(1138021176<open>)] for JPA transaction
03:44:02.836 [Test worker] DEBUG org.springframework.orm.jpa.JpaTransactionManager - Participating in existing transaction
03:44:02.836 [Test worker] DEBUG org.hibernate.engine.spi.ActionQueue - Executing identity-insert immediately
03:44:02.836 [Test worker] DEBUG org.hibernate.SQL - insert into OrderEntity (id, owner_id, purchaseDate, summary) values (null, ?, ?, ?)
Hibernate: insert into OrderEntity (id, owner_id, purchaseDate, summary) values (null, ?, ?, ?)
03:44:02.838 [Test worker] DEBUG org.hibernate.id.IdentifierGeneratorHelper - Natively generated identity: 6
03:44:02.838 [Test worker] DEBUG org.hibernate.resource.jdbc.internal.ResourceRegistryStandardImpl - HHH000387: ResultSet's statement was not registered
03:44:02.839 [Test worker] DEBUG org.hibernate.event.internal.AbstractFlushingEventListener - Processing flush-time cascades
03:44:02.839 [Test worker] DEBUG org.hibernate.event.internal.AbstractFlushingEventListener - Dirty checking collections
03:44:02.839 [Test worker] DEBUG org.hibernate.engine.internal.Collections - Collection found: [com.epam.esm.model.entity.UserEntity.orderEntities#3], was: [<unreferenced>] (initialized)
03:44:02.839 [Test worker] DEBUG org.hibernate.engine.internal.Collections - Collection found: [com.epam.esm.model.entity.UserEntity.orderEntities#4], was: [<unreferenced>] (initialized)
03:44:02.840 [Test worker] DEBUG org.hibernate.engine.internal.Collections - Collection found: [com.epam.esm.model.entity.OrderEntity.certificateEntities#2], was: [<unreferenced>] (initialized)
03:44:02.840 [Test worker] DEBUG org.hibernate.engine.internal.Collections - Collection found: [com.epam.esm.model.entity.OrderEntity.certificateEntities#3], was: [<unreferenced>] (initialized)
03:44:02.840 [Test worker] DEBUG org.hibernate.engine.internal.Collections - Collection found: [com.epam.esm.model.entity.OrderEntity.certificateEntities#4], was: [<unreferenced>] (initialized)
03:44:02.840 [Test worker] DEBUG org.hibernate.engine.internal.Collections - Collection found: [com.epam.esm.model.entity.OrderEntity.certificateEntities#5], was: [<unreferenced>] (initialized)
03:44:02.840 [Test worker] DEBUG org.hibernate.engine.internal.Collections - Collection found: [com.epam.esm.model.entity.OrderEntity.certificateEntities#6], was: [<unreferenced>] (initialized)
03:44:02.841 [Test worker] DEBUG org.hibernate.event.internal.AbstractFlushingEventListener - Flushed: 0 insertions, 0 updates, 0 deletions to 7 objects
03:44:02.841 [Test worker] DEBUG org.hibernate.event.internal.AbstractFlushingEventListener - Flushed: 7 (re)creations, 0 updates, 0 removals to 7 collections
03:44:02.841 [Test worker] DEBUG org.hibernate.internal.util.EntityPrinter - Listing entities:
03:44:02.841 [Test worker] DEBUG org.hibernate.internal.util.EntityPrinter - com.epam.esm.model.entity.UserEntity{id=3, orderEntities=[com.epam.esm.model.entity.OrderEntity#3, com.epam.esm.model.entity.OrderEntity#5], username=Test}
03:44:02.841 [Test worker] DEBUG org.hibernate.internal.util.EntityPrinter - com.epam.esm.model.entity.OrderEntity{owner=com.epam.esm.model.entity.UserEntity#4, summary=0.0, certificateEntities=[], purchaseDate=2021-11-06T03:44:02.798937, id=2}
03:44:02.841 [Test worker] DEBUG org.hibernate.internal.util.EntityPrinter - com.epam.esm.model.entity.UserEntity{id=4, orderEntities=[com.epam.esm.model.entity.OrderEntity#2, com.epam.esm.model.entity.OrderEntity#4, com.epam.esm.model.entity.OrderEntity#6], username=TEST}
03:44:02.842 [Test worker] DEBUG org.hibernate.internal.util.EntityPrinter - com.epam.esm.model.entity.OrderEntity{owner=com.epam.esm.model.entity.UserEntity#4, summary=0.0, certificateEntities=[], purchaseDate=2021-11-06T03:44:02.836317, id=6}
03:44:02.842 [Test worker] DEBUG org.hibernate.internal.util.EntityPrinter - com.epam.esm.model.entity.OrderEntity{owner=com.epam.esm.model.entity.UserEntity#3, summary=0.0, certificateEntities=[], purchaseDate=2021-11-06T03:44:02.830914, id=5}
03:44:02.842 [Test worker] DEBUG org.hibernate.internal.util.EntityPrinter - com.epam.esm.model.entity.OrderEntity{owner=com.epam.esm.model.entity.UserEntity#4, summary=0.0, certificateEntities=[], purchaseDate=2021-11-06T03:44:02.809690, id=4}
03:44:02.842 [Test worker] DEBUG org.hibernate.internal.util.EntityPrinter - com.epam.esm.model.entity.OrderEntity{owner=com.epam.esm.model.entity.UserEntity#3, summary=0.0, certificateEntities=[], purchaseDate=2021-11-06T03:44:02.804883, id=3}
03:44:02.842 [Test worker] DEBUG org.hibernate.SQL - select userentity0_.id as id1_5_, userentity0_.username as username2_5_ from UserEntity userentity0_ where userentity0_.username=?
Hibernate: select userentity0_.id as id1_5_, userentity0_.username as username2_5_ from UserEntity userentity0_ where userentity0_.username=?
03:44:02.843 [Test worker] DEBUG org.hibernate.stat.internal.StatisticsImpl - HHH000117: HQL: SELECT user FROM UserEntity user WHERE user.username = ?1, time: 0ms, rows: 0
03:44:02.843 [Test worker] DEBUG org.hibernate.loader.Loader - Result row: EntityKey[com.epam.esm.model.entity.UserEntity#3]
03:44:02.844 [Test worker] DEBUG org.springframework.orm.jpa.JpaTransactionManager - Found thread-bound EntityManager [SessionImpl(1138021176<open>)] for JPA transaction
03:44:02.844 [Test worker] DEBUG org.springframework.orm.jpa.JpaTransactionManager - Participating in existing transaction
03:44:02.844 [Test worker] DEBUG org.hibernate.engine.spi.ActionQueue - Executing identity-insert immediately
03:44:02.844 [Test worker] DEBUG org.hibernate.SQL - insert into OrderEntity (id, owner_id, purchaseDate, summary) values (null, ?, ?, ?)
Hibernate: insert into OrderEntity (id, owner_id, purchaseDate, summary) values (null, ?, ?, ?)
03:44:02.845 [Test worker] DEBUG org.hibernate.id.IdentifierGeneratorHelper - Natively generated identity: 7
03:44:02.845 [Test worker] DEBUG org.hibernate.resource.jdbc.internal.ResourceRegistryStandardImpl - HHH000387: ResultSet's statement was not registered
03:44:02.846 [Test worker] DEBUG org.hibernate.event.internal.AbstractFlushingEventListener - Processing flush-time cascades
03:44:02.846 [Test worker] DEBUG org.hibernate.event.internal.AbstractFlushingEventListener - Dirty checking collections
03:44:02.846 [Test worker] DEBUG org.hibernate.engine.internal.Collections - Collection found: [com.epam.esm.model.entity.UserEntity.orderEntities#3], was: [<unreferenced>] (initialized)
03:44:02.846 [Test worker] DEBUG org.hibernate.engine.internal.Collections - Collection found: [com.epam.esm.model.entity.UserEntity.orderEntities#4], was: [<unreferenced>] (initialized)
03:44:02.846 [Test worker] DEBUG org.hibernate.engine.internal.Collections - Collection found: [com.epam.esm.model.entity.OrderEntity.certificateEntities#2], was: [<unreferenced>] (initialized)
03:44:02.847 [Test worker] DEBUG org.hibernate.engine.internal.Collections - Collection found: [com.epam.esm.model.entity.OrderEntity.certificateEntities#3], was: [<unreferenced>] (initialized)
03:44:02.847 [Test worker] DEBUG org.hibernate.engine.internal.Collections - Collection found: [com.epam.esm.model.entity.OrderEntity.certificateEntities#4], was: [<unreferenced>] (initialized)
03:44:02.847 [Test worker] DEBUG org.hibernate.engine.internal.Collections - Collection found: [com.epam.esm.model.entity.OrderEntity.certificateEntities#5], was: [<unreferenced>] (initialized)
03:44:02.847 [Test worker] DEBUG org.hibernate.engine.internal.Collections - Collection found: [com.epam.esm.model.entity.OrderEntity.certificateEntities#6], was: [<unreferenced>] (initialized)
03:44:02.847 [Test worker] DEBUG org.hibernate.engine.internal.Collections - Collection found: [com.epam.esm.model.entity.OrderEntity.certificateEntities#7], was: [<unreferenced>] (initialized)
03:44:02.847 [Test worker] DEBUG org.hibernate.event.internal.AbstractFlushingEventListener - Flushed: 0 insertions, 0 updates, 0 deletions to 8 objects
03:44:02.847 [Test worker] DEBUG org.hibernate.event.internal.AbstractFlushingEventListener - Flushed: 8 (re)creations, 0 updates, 0 removals to 8 collections
03:44:02.848 [Test worker] DEBUG org.hibernate.internal.util.EntityPrinter - Listing entities:
03:44:02.848 [Test worker] DEBUG org.hibernate.internal.util.EntityPrinter - com.epam.esm.model.entity.UserEntity{id=3, orderEntities=[com.epam.esm.model.entity.OrderEntity#3, com.epam.esm.model.entity.OrderEntity#5, com.epam.esm.model.entity.OrderEntity#7], username=Test}
03:44:02.848 [Test worker] DEBUG org.hibernate.internal.util.EntityPrinter - com.epam.esm.model.entity.OrderEntity{owner=com.epam.esm.model.entity.UserEntity#4, summary=0.0, certificateEntities=[], purchaseDate=2021-11-06T03:44:02.798937, id=2}
03:44:02.848 [Test worker] DEBUG org.hibernate.internal.util.EntityPrinter - com.epam.esm.model.entity.UserEntity{id=4, orderEntities=[com.epam.esm.model.entity.OrderEntity#2, com.epam.esm.model.entity.OrderEntity#4, com.epam.esm.model.entity.OrderEntity#6], username=TEST}
03:44:02.848 [Test worker] DEBUG org.hibernate.internal.util.EntityPrinter - com.epam.esm.model.entity.OrderEntity{owner=com.epam.esm.model.entity.UserEntity#3, summary=0.0, certificateEntities=[], purchaseDate=2021-11-06T03:44:02.844296, id=7}
03:44:02.848 [Test worker] DEBUG org.hibernate.internal.util.EntityPrinter - com.epam.esm.model.entity.OrderEntity{owner=com.epam.esm.model.entity.UserEntity#4, summary=0.0, certificateEntities=[], purchaseDate=2021-11-06T03:44:02.836317, id=6}
03:44:02.848 [Test worker] DEBUG org.hibernate.internal.util.EntityPrinter - com.epam.esm.model.entity.OrderEntity{owner=com.epam.esm.model.entity.UserEntity#3, summary=0.0, certificateEntities=[], purchaseDate=2021-11-06T03:44:02.830914, id=5}
03:44:02.848 [Test worker] DEBUG org.hibernate.internal.util.EntityPrinter - com.epam.esm.model.entity.OrderEntity{owner=com.epam.esm.model.entity.UserEntity#4, summary=0.0, certificateEntities=[], purchaseDate=2021-11-06T03:44:02.809690, id=4}
03:44:02.849 [Test worker] DEBUG org.hibernate.internal.util.EntityPrinter - com.epam.esm.model.entity.OrderEntity{owner=com.epam.esm.model.entity.UserEntity#3, summary=0.0, certificateEntities=[], purchaseDate=2021-11-06T03:44:02.804883, id=3}
03:44:02.849 [Test worker] DEBUG org.hibernate.SQL - select userentity0_.id as id1_5_, userentity0_.username as username2_5_ from UserEntity userentity0_ where userentity0_.username=?
Hibernate: select userentity0_.id as id1_5_, userentity0_.username as username2_5_ from UserEntity userentity0_ where userentity0_.username=?
03:44:02.849 [Test worker] DEBUG org.hibernate.stat.internal.StatisticsImpl - HHH000117: HQL: SELECT user FROM UserEntity user WHERE user.username = ?1, time: 0ms, rows: 0
03:44:02.849 [Test worker] DEBUG org.hibernate.loader.Loader - Result row: EntityKey[com.epam.esm.model.entity.UserEntity#4]
03:44:02.850 [Test worker] DEBUG org.springframework.orm.jpa.JpaTransactionManager - Found thread-bound EntityManager [SessionImpl(1138021176<open>)] for JPA transaction
03:44:02.850 [Test worker] DEBUG org.springframework.orm.jpa.JpaTransactionManager - Participating in existing transaction
03:44:02.850 [Test worker] DEBUG org.hibernate.engine.spi.ActionQueue - Executing identity-insert immediately
03:44:02.850 [Test worker] DEBUG org.hibernate.SQL - insert into OrderEntity (id, owner_id, purchaseDate, summary) values (null, ?, ?, ?)
Hibernate: insert into OrderEntity (id, owner_id, purchaseDate, summary) values (null, ?, ?, ?)
03:44:02.851 [Test worker] DEBUG org.hibernate.id.IdentifierGeneratorHelper - Natively generated identity: 8
03:44:02.851 [Test worker] DEBUG org.hibernate.resource.jdbc.internal.ResourceRegistryStandardImpl - HHH000387: ResultSet's statement was not registered
03:44:02.852 [Test worker] DEBUG org.hibernate.event.internal.AbstractFlushingEventListener - Processing flush-time cascades
03:44:02.852 [Test worker] DEBUG org.hibernate.event.internal.AbstractFlushingEventListener - Dirty checking collections
03:44:02.852 [Test worker] DEBUG org.hibernate.engine.internal.Collections - Collection found: [com.epam.esm.model.entity.UserEntity.orderEntities#3], was: [<unreferenced>] (initialized)
03:44:02.852 [Test worker] DEBUG org.hibernate.engine.internal.Collections - Collection found: [com.epam.esm.model.entity.UserEntity.orderEntities#4], was: [<unreferenced>] (initialized)
03:44:02.853 [Test worker] DEBUG org.hibernate.engine.internal.Collections - Collection found: [com.epam.esm.model.entity.OrderEntity.certificateEntities#2], was: [<unreferenced>] (initialized)
03:44:02.853 [Test worker] DEBUG org.hibernate.engine.internal.Collections - Collection found: [com.epam.esm.model.entity.OrderEntity.certificateEntities#3], was: [<unreferenced>] (initialized)
03:44:02.853 [Test worker] DEBUG org.hibernate.engine.internal.Collections - Collection found: [com.epam.esm.model.entity.OrderEntity.certificateEntities#4], was: [<unreferenced>] (initialized)
03:44:02.853 [Test worker] DEBUG org.hibernate.engine.internal.Collections - Collection found: [com.epam.esm.model.entity.OrderEntity.certificateEntities#5], was: [<unreferenced>] (initialized)
03:44:02.854 [Test worker] DEBUG org.hibernate.engine.internal.Collections - Collection found: [com.epam.esm.model.entity.OrderEntity.certificateEntities#6], was: [<unreferenced>] (initialized)
03:44:02.854 [Test worker] DEBUG org.hibernate.engine.internal.Collections - Collection found: [com.epam.esm.model.entity.OrderEntity.certificateEntities#7], was: [<unreferenced>] (initialized)
03:44:02.854 [Test worker] DEBUG org.hibernate.engine.internal.Collections - Collection found: [com.epam.esm.model.entity.OrderEntity.certificateEntities#8], was: [<unreferenced>] (initialized)
03:44:02.854 [Test worker] DEBUG org.hibernate.event.internal.AbstractFlushingEventListener - Flushed: 0 insertions, 0 updates, 0 deletions to 9 objects
03:44:02.854 [Test worker] DEBUG org.hibernate.event.internal.AbstractFlushingEventListener - Flushed: 9 (re)creations, 0 updates, 0 removals to 9 collections
03:44:02.854 [Test worker] DEBUG org.hibernate.internal.util.EntityPrinter - Listing entities:
03:44:02.854 [Test worker] DEBUG org.hibernate.internal.util.EntityPrinter - com.epam.esm.model.entity.UserEntity{id=3, orderEntities=[com.epam.esm.model.entity.OrderEntity#3, com.epam.esm.model.entity.OrderEntity#5, com.epam.esm.model.entity.OrderEntity#7], username=Test}
03:44:02.855 [Test worker] DEBUG org.hibernate.internal.util.EntityPrinter - com.epam.esm.model.entity.OrderEntity{owner=com.epam.esm.model.entity.UserEntity#4, summary=0.0, certificateEntities=[], purchaseDate=2021-11-06T03:44:02.798937, id=2}
03:44:02.855 [Test worker] DEBUG org.hibernate.internal.util.EntityPrinter - com.epam.esm.model.entity.UserEntity{id=4, orderEntities=[com.epam.esm.model.entity.OrderEntity#2, com.epam.esm.model.entity.OrderEntity#4, com.epam.esm.model.entity.OrderEntity#6, com.epam.esm.model.entity.OrderEntity#8], username=TEST}
03:44:02.855 [Test worker] DEBUG org.hibernate.internal.util.EntityPrinter - com.epam.esm.model.entity.OrderEntity{owner=com.epam.esm.model.entity.UserEntity#4, summary=0.0, certificateEntities=[], purchaseDate=2021-11-06T03:44:02.850341, id=8}
03:44:02.855 [Test worker] DEBUG org.hibernate.internal.util.EntityPrinter - com.epam.esm.model.entity.OrderEntity{owner=com.epam.esm.model.entity.UserEntity#3, summary=0.0, certificateEntities=[], purchaseDate=2021-11-06T03:44:02.844296, id=7}
03:44:02.855 [Test worker] DEBUG org.hibernate.internal.util.EntityPrinter - com.epam.esm.model.entity.OrderEntity{owner=com.epam.esm.model.entity.UserEntity#4, summary=0.0, certificateEntities=[], purchaseDate=2021-11-06T03:44:02.836317, id=6}
03:44:02.856 [Test worker] DEBUG org.hibernate.internal.util.EntityPrinter - com.epam.esm.model.entity.OrderEntity{owner=com.epam.esm.model.entity.UserEntity#3, summary=0.0, certificateEntities=[], purchaseDate=2021-11-06T03:44:02.830914, id=5}
03:44:02.856 [Test worker] DEBUG org.hibernate.internal.util.EntityPrinter - com.epam.esm.model.entity.OrderEntity{owner=com.epam.esm.model.entity.UserEntity#4, summary=0.0, certificateEntities=[], purchaseDate=2021-11-06T03:44:02.809690, id=4}
03:44:02.856 [Test worker] DEBUG org.hibernate.internal.util.EntityPrinter - com.epam.esm.model.entity.OrderEntity{owner=com.epam.esm.model.entity.UserEntity#3, summary=0.0, certificateEntities=[], purchaseDate=2021-11-06T03:44:02.804883, id=3}
03:44:02.856 [Test worker] DEBUG org.hibernate.SQL - select userentity0_.id as id1_5_, userentity0_.username as username2_5_ from UserEntity userentity0_ where userentity0_.username=?
Hibernate: select userentity0_.id as id1_5_, userentity0_.username as username2_5_ from UserEntity userentity0_ where userentity0_.username=?
03:44:02.857 [Test worker] DEBUG org.hibernate.stat.internal.StatisticsImpl - HHH000117: HQL: SELECT user FROM UserEntity user WHERE user.username = ?1, time: 0ms, rows: 0
03:44:02.857 [Test worker] DEBUG org.hibernate.loader.Loader - Result row: EntityKey[com.epam.esm.model.entity.UserEntity#3]
03:44:02.857 [Test worker] DEBUG org.springframework.orm.jpa.JpaTransactionManager - Found thread-bound EntityManager [SessionImpl(1138021176<open>)] for JPA transaction
03:44:02.857 [Test worker] DEBUG org.springframework.orm.jpa.JpaTransactionManager - Participating in existing transaction
03:44:02.858 [Test worker] DEBUG org.hibernate.engine.spi.ActionQueue - Executing identity-insert immediately
03:44:02.858 [Test worker] DEBUG org.hibernate.SQL - insert into OrderEntity (id, owner_id, purchaseDate, summary) values (null, ?, ?, ?)
Hibernate: insert into OrderEntity (id, owner_id, purchaseDate, summary) values (null, ?, ?, ?)
03:44:02.859 [Test worker] DEBUG org.hibernate.id.IdentifierGeneratorHelper - Natively generated identity: 9
03:44:02.859 [Test worker] DEBUG org.hibernate.resource.jdbc.internal.ResourceRegistryStandardImpl - HHH000387: ResultSet's statement was not registered
03:44:02.860 [Test worker] DEBUG org.hibernate.event.internal.AbstractFlushingEventListener - Processing flush-time cascades
03:44:02.861 [Test worker] DEBUG org.hibernate.event.internal.AbstractFlushingEventListener - Dirty checking collections
03:44:02.861 [Test worker] DEBUG org.hibernate.engine.internal.Collections - Collection found: [com.epam.esm.model.entity.UserEntity.orderEntities#3], was: [<unreferenced>] (initialized)
03:44:02.862 [Test worker] DEBUG org.hibernate.engine.internal.Collections - Collection found: [com.epam.esm.model.entity.UserEntity.orderEntities#4], was: [<unreferenced>] (initialized)
03:44:02.862 [Test worker] DEBUG org.hibernate.engine.internal.Collections - Collection found: [com.epam.esm.model.entity.OrderEntity.certificateEntities#2], was: [<unreferenced>] (initialized)
03:44:02.862 [Test worker] DEBUG org.hibernate.engine.internal.Collections - Collection found: [com.epam.esm.model.entity.OrderEntity.certificateEntities#3], was: [<unreferenced>] (initialized)
03:44:02.862 [Test worker] DEBUG org.hibernate.engine.internal.Collections - Collection found: [com.epam.esm.model.entity.OrderEntity.certificateEntities#4], was: [<unreferenced>] (initialized)
03:44:02.862 [Test worker] DEBUG org.hibernate.engine.internal.Collections - Collection found: [com.epam.esm.model.entity.OrderEntity.certificateEntities#5], was: [<unreferenced>] (initialized)
03:44:02.862 [Test worker] DEBUG org.hibernate.engine.internal.Collections - Collection found: [com.epam.esm.model.entity.OrderEntity.certificateEntities#6], was: [<unreferenced>] (initialized)
03:44:02.862 [Test worker] DEBUG org.hibernate.engine.internal.Collections - Collection found: [com.epam.esm.model.entity.OrderEntity.certificateEntities#7], was: [<unreferenced>] (initialized)
03:44:02.862 [Test worker] DEBUG org.hibernate.engine.internal.Collections - Collection found: [com.epam.esm.model.entity.OrderEntity.certificateEntities#8], was: [<unreferenced>] (initialized)
03:44:02.863 [Test worker] DEBUG org.hibernate.engine.internal.Collections - Collection found: [com.epam.esm.model.entity.OrderEntity.certificateEntities#9], was: [<unreferenced>] (initialized)
03:44:02.863 [Test worker] DEBUG org.hibernate.event.internal.AbstractFlushingEventListener - Flushed: 0 insertions, 0 updates, 0 deletions to 10 objects
03:44:02.863 [Test worker] DEBUG org.hibernate.event.internal.AbstractFlushingEventListener - Flushed: 10 (re)creations, 0 updates, 0 removals to 10 collections
03:44:02.863 [Test worker] DEBUG org.hibernate.internal.util.EntityPrinter - Listing entities:
03:44:02.863 [Test worker] DEBUG org.hibernate.internal.util.EntityPrinter - com.epam.esm.model.entity.UserEntity{id=3, orderEntities=[com.epam.esm.model.entity.OrderEntity#3, com.epam.esm.model.entity.OrderEntity#5, com.epam.esm.model.entity.OrderEntity#7, com.epam.esm.model.entity.OrderEntity#9], username=Test}
03:44:02.863 [Test worker] DEBUG org.hibernate.internal.util.EntityPrinter - com.epam.esm.model.entity.OrderEntity{owner=com.epam.esm.model.entity.UserEntity#4, summary=0.0, certificateEntities=[], purchaseDate=2021-11-06T03:44:02.798937, id=2}
03:44:02.863 [Test worker] DEBUG org.hibernate.internal.util.EntityPrinter - com.epam.esm.model.entity.UserEntity{id=4, orderEntities=[com.epam.esm.model.entity.OrderEntity#2, com.epam.esm.model.entity.OrderEntity#4, com.epam.esm.model.entity.OrderEntity#6, com.epam.esm.model.entity.OrderEntity#8], username=TEST}
03:44:02.863 [Test worker] DEBUG org.hibernate.internal.util.EntityPrinter - com.epam.esm.model.entity.OrderEntity{owner=com.epam.esm.model.entity.UserEntity#3, summary=0.0, certificateEntities=[], purchaseDate=2021-11-06T03:44:02.857823, id=9}
03:44:02.863 [Test worker] DEBUG org.hibernate.internal.util.EntityPrinter - com.epam.esm.model.entity.OrderEntity{owner=com.epam.esm.model.entity.UserEntity#4, summary=0.0, certificateEntities=[], purchaseDate=2021-11-06T03:44:02.850341, id=8}
03:44:02.863 [Test worker] DEBUG org.hibernate.internal.util.EntityPrinter - com.epam.esm.model.entity.OrderEntity{owner=com.epam.esm.model.entity.UserEntity#3, summary=0.0, certificateEntities=[], purchaseDate=2021-11-06T03:44:02.844296, id=7}
03:44:02.863 [Test worker] DEBUG org.hibernate.internal.util.EntityPrinter - com.epam.esm.model.entity.OrderEntity{owner=com.epam.esm.model.entity.UserEntity#4, summary=0.0, certificateEntities=[], purchaseDate=2021-11-06T03:44:02.836317, id=6}
03:44:02.864 [Test worker] DEBUG org.hibernate.internal.util.EntityPrinter - com.epam.esm.model.entity.OrderEntity{owner=com.epam.esm.model.entity.UserEntity#3, summary=0.0, certificateEntities=[], purchaseDate=2021-11-06T03:44:02.830914, id=5}
03:44:02.864 [Test worker] DEBUG org.hibernate.internal.util.EntityPrinter - com.epam.esm.model.entity.OrderEntity{owner=com.epam.esm.model.entity.UserEntity#4, summary=0.0, certificateEntities=[], purchaseDate=2021-11-06T03:44:02.809690, id=4}
03:44:02.864 [Test worker] DEBUG org.hibernate.internal.util.EntityPrinter - com.epam.esm.model.entity.OrderEntity{owner=com.epam.esm.model.entity.UserEntity#3, summary=0.0, certificateEntities=[], purchaseDate=2021-11-06T03:44:02.804883, id=3}
03:44:02.864 [Test worker] DEBUG org.hibernate.SQL - select userentity0_.id as id1_5_, userentity0_.username as username2_5_ from UserEntity userentity0_ where userentity0_.username=?
Hibernate: select userentity0_.id as id1_5_, userentity0_.username as username2_5_ from UserEntity userentity0_ where userentity0_.username=?
03:44:02.864 [Test worker] DEBUG org.hibernate.stat.internal.StatisticsImpl - HHH000117: HQL: SELECT user FROM UserEntity user WHERE user.username = ?1, time: 0ms, rows: 0
03:44:02.865 [Test worker] DEBUG org.hibernate.loader.Loader - Result row: EntityKey[com.epam.esm.model.entity.UserEntity#4]
03:44:02.865 [Test worker] DEBUG org.springframework.orm.jpa.JpaTransactionManager - Found thread-bound EntityManager [SessionImpl(1138021176<open>)] for JPA transaction
03:44:02.865 [Test worker] DEBUG org.springframework.orm.jpa.JpaTransactionManager - Participating in existing transaction
03:44:02.865 [Test worker] DEBUG org.hibernate.engine.spi.ActionQueue - Executing identity-insert immediately
03:44:02.866 [Test worker] DEBUG org.hibernate.SQL - insert into OrderEntity (id, owner_id, purchaseDate, summary) values (null, ?, ?, ?)
Hibernate: insert into OrderEntity (id, owner_id, purchaseDate, summary) values (null, ?, ?, ?)
03:44:02.866 [Test worker] DEBUG org.hibernate.id.IdentifierGeneratorHelper - Natively generated identity: 10
03:44:02.866 [Test worker] DEBUG org.hibernate.resource.jdbc.internal.ResourceRegistryStandardImpl - HHH000387: ResultSet's statement was not registered
03:44:02.867 [Test worker] DEBUG org.hibernate.event.internal.AbstractFlushingEventListener - Processing flush-time cascades
03:44:02.867 [Test worker] DEBUG org.hibernate.event.internal.AbstractFlushingEventListener - Dirty checking collections
03:44:02.868 [Test worker] DEBUG org.hibernate.engine.internal.Collections - Collection found: [com.epam.esm.model.entity.UserEntity.orderEntities#3], was: [<unreferenced>] (initialized)
03:44:02.868 [Test worker] DEBUG org.hibernate.engine.internal.Collections - Collection found: [com.epam.esm.model.entity.UserEntity.orderEntities#4], was: [<unreferenced>] (initialized)
03:44:02.868 [Test worker] DEBUG org.hibernate.engine.internal.Collections - Collection found: [com.epam.esm.model.entity.OrderEntity.certificateEntities#2], was: [<unreferenced>] (initialized)
03:44:02.868 [Test worker] DEBUG org.hibernate.engine.internal.Collections - Collection found: [com.epam.esm.model.entity.OrderEntity.certificateEntities#3], was: [<unreferenced>] (initialized)
03:44:02.868 [Test worker] DEBUG org.hibernate.engine.internal.Collections - Collection found: [com.epam.esm.model.entity.OrderEntity.certificateEntities#4], was: [<unreferenced>] (initialized)
03:44:02.869 [Test worker] DEBUG org.hibernate.engine.internal.Collections - Collection found: [com.epam.esm.model.entity.OrderEntity.certificateEntities#5], was: [<unreferenced>] (initialized)
03:44:02.869 [Test worker] DEBUG org.hibernate.engine.internal.Collections - Collection found: [com.epam.esm.model.entity.OrderEntity.certificateEntities#6], was: [<unreferenced>] (initialized)
03:44:02.869 [Test worker] DEBUG org.hibernate.engine.internal.Collections - Collection found: [com.epam.esm.model.entity.OrderEntity.certificateEntities#7], was: [<unreferenced>] (initialized)
03:44:02.869 [Test worker] DEBUG org.hibernate.engine.internal.Collections - Collection found: [com.epam.esm.model.entity.OrderEntity.certificateEntities#8], was: [<unreferenced>] (initialized)
03:44:02.870 [Test worker] DEBUG org.hibernate.engine.internal.Collections - Collection found: [com.epam.esm.model.entity.OrderEntity.certificateEntities#9], was: [<unreferenced>] (initialized)
03:44:02.870 [Test worker] DEBUG org.hibernate.engine.internal.Collections - Collection found: [com.epam.esm.model.entity.OrderEntity.certificateEntities#10], was: [<unreferenced>] (initialized)
03:44:02.870 [Test worker] DEBUG org.hibernate.event.internal.AbstractFlushingEventListener - Flushed: 0 insertions, 0 updates, 0 deletions to 11 objects
03:44:02.870 [Test worker] DEBUG org.hibernate.event.internal.AbstractFlushingEventListener - Flushed: 11 (re)creations, 0 updates, 0 removals to 11 collections
03:44:02.871 [Test worker] DEBUG org.hibernate.internal.util.EntityPrinter - Listing entities:
03:44:02.871 [Test worker] DEBUG org.hibernate.internal.util.EntityPrinter - com.epam.esm.model.entity.UserEntity{id=3, orderEntities=[com.epam.esm.model.entity.OrderEntity#3, com.epam.esm.model.entity.OrderEntity#5, com.epam.esm.model.entity.OrderEntity#7, com.epam.esm.model.entity.OrderEntity#9], username=Test}
03:44:02.871 [Test worker] DEBUG org.hibernate.internal.util.EntityPrinter - com.epam.esm.model.entity.OrderEntity{owner=com.epam.esm.model.entity.UserEntity#4, summary=0.0, certificateEntities=[], purchaseDate=2021-11-06T03:44:02.798937, id=2}
03:44:02.872 [Test worker] DEBUG org.hibernate.internal.util.EntityPrinter - com.epam.esm.model.entity.UserEntity{id=4, orderEntities=[com.epam.esm.model.entity.OrderEntity#2, com.epam.esm.model.entity.OrderEntity#4, com.epam.esm.model.entity.OrderEntity#6, com.epam.esm.model.entity.OrderEntity#8, com.epam.esm.model.entity.OrderEntity#10], username=TEST}
03:44:02.872 [Test worker] DEBUG org.hibernate.internal.util.EntityPrinter - com.epam.esm.model.entity.OrderEntity{owner=com.epam.esm.model.entity.UserEntity#4, summary=0.0, certificateEntities=[], purchaseDate=2021-11-06T03:44:02.865605, id=10}
03:44:02.872 [Test worker] DEBUG org.hibernate.internal.util.EntityPrinter - com.epam.esm.model.entity.OrderEntity{owner=com.epam.esm.model.entity.UserEntity#3, summary=0.0, certificateEntities=[], purchaseDate=2021-11-06T03:44:02.857823, id=9}
03:44:02.872 [Test worker] DEBUG org.hibernate.internal.util.EntityPrinter - com.epam.esm.model.entity.OrderEntity{owner=com.epam.esm.model.entity.UserEntity#4, summary=0.0, certificateEntities=[], purchaseDate=2021-11-06T03:44:02.850341, id=8}
03:44:02.872 [Test worker] DEBUG org.hibernate.internal.util.EntityPrinter - com.epam.esm.model.entity.OrderEntity{owner=com.epam.esm.model.entity.UserEntity#3, summary=0.0, certificateEntities=[], purchaseDate=2021-11-06T03:44:02.844296, id=7}
03:44:02.873 [Test worker] DEBUG org.hibernate.internal.util.EntityPrinter - com.epam.esm.model.entity.OrderEntity{owner=com.epam.esm.model.entity.UserEntity#4, summary=0.0, certificateEntities=[], purchaseDate=2021-11-06T03:44:02.836317, id=6}
03:44:02.873 [Test worker] DEBUG org.hibernate.internal.util.EntityPrinter - com.epam.esm.model.entity.OrderEntity{owner=com.epam.esm.model.entity.UserEntity#3, summary=0.0, certificateEntities=[], purchaseDate=2021-11-06T03:44:02.830914, id=5}
03:44:02.873 [Test worker] DEBUG org.hibernate.internal.util.EntityPrinter - com.epam.esm.model.entity.OrderEntity{owner=com.epam.esm.model.entity.UserEntity#4, summary=0.0, certificateEntities=[], purchaseDate=2021-11-06T03:44:02.809690, id=4}
03:44:02.873 [Test worker] DEBUG org.hibernate.internal.util.EntityPrinter - com.epam.esm.model.entity.OrderEntity{owner=com.epam.esm.model.entity.UserEntity#3, summary=0.0, certificateEntities=[], purchaseDate=2021-11-06T03:44:02.804883, id=3}
03:44:02.873 [Test worker] DEBUG org.hibernate.SQL - select userentity0_.id as id1_5_, userentity0_.username as username2_5_ from UserEntity userentity0_ where userentity0_.username=?
Hibernate: select userentity0_.id as id1_5_, userentity0_.username as username2_5_ from UserEntity userentity0_ where userentity0_.username=?
03:44:02.874 [Test worker] DEBUG org.hibernate.stat.internal.StatisticsImpl - HHH000117: HQL: SELECT user FROM UserEntity user WHERE user.username = ?1, time: 0ms, rows: 0
03:44:02.874 [Test worker] DEBUG org.hibernate.loader.Loader - Result row: EntityKey[com.epam.esm.model.entity.UserEntity#3]
03:44:02.875 [Test worker] DEBUG org.springframework.orm.jpa.JpaTransactionManager - Found thread-bound EntityManager [SessionImpl(1138021176<open>)] for JPA transaction
03:44:02.875 [Test worker] DEBUG org.springframework.orm.jpa.JpaTransactionManager - Participating in existing transaction
03:44:02.875 [Test worker] DEBUG org.hibernate.engine.spi.ActionQueue - Executing identity-insert immediately
03:44:02.876 [Test worker] DEBUG org.hibernate.SQL - insert into OrderEntity (id, owner_id, purchaseDate, summary) values (null, ?, ?, ?)
Hibernate: insert into OrderEntity (id, owner_id, purchaseDate, summary) values (null, ?, ?, ?)
03:44:02.877 [Test worker] DEBUG org.hibernate.id.IdentifierGeneratorHelper - Natively generated identity: 11
03:44:02.877 [Test worker] DEBUG org.hibernate.resource.jdbc.internal.ResourceRegistryStandardImpl - HHH000387: ResultSet's statement was not registered
03:44:02.877 [Test worker] DEBUG org.hibernate.event.internal.AbstractFlushingEventListener - Processing flush-time cascades
03:44:02.878 [Test worker] DEBUG org.hibernate.event.internal.AbstractFlushingEventListener - Dirty checking collections
03:44:02.878 [Test worker] DEBUG org.hibernate.engine.internal.Collections - Collection found: [com.epam.esm.model.entity.UserEntity.orderEntities#3], was: [<unreferenced>] (initialized)
03:44:02.878 [Test worker] DEBUG org.hibernate.engine.internal.Collections - Collection found: [com.epam.esm.model.entity.UserEntity.orderEntities#4], was: [<unreferenced>] (initialized)
03:44:02.878 [Test worker] DEBUG org.hibernate.engine.internal.Collections - Collection found: [com.epam.esm.model.entity.OrderEntity.certificateEntities#2], was: [<unreferenced>] (initialized)
03:44:02.879 [Test worker] DEBUG org.hibernate.engine.internal.Collections - Collection found: [com.epam.esm.model.entity.OrderEntity.certificateEntities#3], was: [<unreferenced>] (initialized)
03:44:02.879 [Test worker] DEBUG org.hibernate.engine.internal.Collections - Collection found: [com.epam.esm.model.entity.OrderEntity.certificateEntities#4], was: [<unreferenced>] (initialized)
03:44:02.879 [Test worker] DEBUG org.hibernate.engine.internal.Collections - Collection found: [com.epam.esm.model.entity.OrderEntity.certificateEntities#5], was: [<unreferenced>] (initialized)
03:44:02.879 [Test worker] DEBUG org.hibernate.engine.internal.Collections - Collection found: [com.epam.esm.model.entity.OrderEntity.certificateEntities#6], was: [<unreferenced>] (initialized)
03:44:02.880 [Test worker] DEBUG org.hibernate.engine.internal.Collections - Collection found: [com.epam.esm.model.entity.OrderEntity.certificateEntities#7], was: [<unreferenced>] (initialized)
03:44:02.880 [Test worker] DEBUG org.hibernate.engine.internal.Collections - Collection found: [com.epam.esm.model.entity.OrderEntity.certificateEntities#8], was: [<unreferenced>] (initialized)
03:44:02.880 [Test worker] DEBUG org.hibernate.engine.internal.Collections - Collection found: [com.epam.esm.model.entity.OrderEntity.certificateEntities#9], was: [<unreferenced>] (initialized)
03:44:02.880 [Test worker] DEBUG org.hibernate.engine.internal.Collections - Collection found: [com.epam.esm.model.entity.OrderEntity.certificateEntities#10], was: [<unreferenced>] (initialized)
03:44:02.880 [Test worker] DEBUG org.hibernate.engine.internal.Collections - Collection found: [com.epam.esm.model.entity.OrderEntity.certificateEntities#11], was: [<unreferenced>] (initialized)
03:44:02.881 [Test worker] DEBUG org.hibernate.event.internal.AbstractFlushingEventListener - Flushed: 0 insertions, 0 updates, 0 deletions to 12 objects
03:44:02.881 [Test worker] DEBUG org.hibernate.event.internal.AbstractFlushingEventListener - Flushed: 12 (re)creations, 0 updates, 0 removals to 12 collections
03:44:02.881 [Test worker] DEBUG org.hibernate.internal.util.EntityPrinter - Listing entities:
03:44:02.881 [Test worker] DEBUG org.hibernate.internal.util.EntityPrinter - com.epam.esm.model.entity.UserEntity{id=3, orderEntities=[com.epam.esm.model.entity.OrderEntity#3, com.epam.esm.model.entity.OrderEntity#5, com.epam.esm.model.entity.OrderEntity#7, com.epam.esm.model.entity.OrderEntity#9, com.epam.esm.model.entity.OrderEntity#11], username=Test}
03:44:02.881 [Test worker] DEBUG org.hibernate.internal.util.EntityPrinter - com.epam.esm.model.entity.OrderEntity{owner=com.epam.esm.model.entity.UserEntity#4, summary=0.0, certificateEntities=[], purchaseDate=2021-11-06T03:44:02.798937, id=2}
03:44:02.882 [Test worker] DEBUG org.hibernate.internal.util.EntityPrinter - com.epam.esm.model.entity.UserEntity{id=4, orderEntities=[com.epam.esm.model.entity.OrderEntity#2, com.epam.esm.model.entity.OrderEntity#4, com.epam.esm.model.entity.OrderEntity#6, com.epam.esm.model.entity.OrderEntity#8, com.epam.esm.model.entity.OrderEntity#10], username=TEST}
03:44:02.882 [Test worker] DEBUG org.hibernate.internal.util.EntityPrinter - com.epam.esm.model.entity.OrderEntity{owner=com.epam.esm.model.entity.UserEntity#3, summary=0.0, certificateEntities=[], purchaseDate=2021-11-06T03:44:02.875623, id=11}
03:44:02.882 [Test worker] DEBUG org.hibernate.internal.util.EntityPrinter - com.epam.esm.model.entity.OrderEntity{owner=com.epam.esm.model.entity.UserEntity#4, summary=0.0, certificateEntities=[], purchaseDate=2021-11-06T03:44:02.865605, id=10}
03:44:02.882 [Test worker] DEBUG org.hibernate.internal.util.EntityPrinter - com.epam.esm.model.entity.OrderEntity{owner=com.epam.esm.model.entity.UserEntity#3, summary=0.0, certificateEntities=[], purchaseDate=2021-11-06T03:44:02.857823, id=9}
03:44:02.882 [Test worker] DEBUG org.hibernate.internal.util.EntityPrinter - com.epam.esm.model.entity.OrderEntity{owner=com.epam.esm.model.entity.UserEntity#4, summary=0.0, certificateEntities=[], purchaseDate=2021-11-06T03:44:02.850341, id=8}
03:44:02.882 [Test worker] DEBUG org.hibernate.internal.util.EntityPrinter - com.epam.esm.model.entity.OrderEntity{owner=com.epam.esm.model.entity.UserEntity#3, summary=0.0, certificateEntities=[], purchaseDate=2021-11-06T03:44:02.844296, id=7}
03:44:02.882 [Test worker] DEBUG org.hibernate.internal.util.EntityPrinter - com.epam.esm.model.entity.OrderEntity{owner=com.epam.esm.model.entity.UserEntity#4, summary=0.0, certificateEntities=[], purchaseDate=2021-11-06T03:44:02.836317, id=6}
03:44:02.882 [Test worker] DEBUG org.hibernate.internal.util.EntityPrinter - com.epam.esm.model.entity.OrderEntity{owner=com.epam.esm.model.entity.UserEntity#3, summary=0.0, certificateEntities=[], purchaseDate=2021-11-06T03:44:02.830914, id=5}
03:44:02.882 [Test worker] DEBUG org.hibernate.internal.util.EntityPrinter - com.epam.esm.model.entity.OrderEntity{owner=com.epam.esm.model.entity.UserEntity#4, summary=0.0, certificateEntities=[], purchaseDate=2021-11-06T03:44:02.809690, id=4}
03:44:02.882 [Test worker] DEBUG org.hibernate.internal.util.EntityPrinter - com.epam.esm.model.entity.OrderEntity{owner=com.epam.esm.model.entity.UserEntity#3, summary=0.0, certificateEntities=[], purchaseDate=2021-11-06T03:44:02.804883, id=3}
03:44:02.882 [Test worker] DEBUG org.hibernate.SQL - select userentity0_.id as id1_5_, userentity0_.username as username2_5_ from UserEntity userentity0_ where userentity0_.username=?
Hibernate: select userentity0_.id as id1_5_, userentity0_.username as username2_5_ from UserEntity userentity0_ where userentity0_.username=?
03:44:02.883 [Test worker] DEBUG org.hibernate.stat.internal.StatisticsImpl - HHH000117: HQL: SELECT user FROM UserEntity user WHERE user.username = ?1, time: 0ms, rows: 0
03:44:02.883 [Test worker] DEBUG org.hibernate.loader.Loader - Result row: EntityKey[com.epam.esm.model.entity.UserEntity#4]
03:44:02.883 [Test worker] DEBUG org.springframework.orm.jpa.JpaTransactionManager - Found thread-bound EntityManager [SessionImpl(1138021176<open>)] for JPA transaction
03:44:02.883 [Test worker] DEBUG org.springframework.orm.jpa.JpaTransactionManager - Participating in existing transaction
03:44:02.884 [Test worker] DEBUG org.hibernate.engine.spi.ActionQueue - Executing identity-insert immediately
03:44:02.884 [Test worker] DEBUG org.hibernate.SQL - insert into OrderEntity (id, owner_id, purchaseDate, summary) values (null, ?, ?, ?)
Hibernate: insert into OrderEntity (id, owner_id, purchaseDate, summary) values (null, ?, ?, ?)
03:44:02.885 [Test worker] DEBUG org.hibernate.id.IdentifierGeneratorHelper - Natively generated identity: 12
03:44:02.885 [Test worker] DEBUG org.hibernate.resource.jdbc.internal.ResourceRegistryStandardImpl - HHH000387: ResultSet's statement was not registered
03:44:02.885 [Test worker] DEBUG org.hibernate.event.internal.AbstractFlushingEventListener - Processing flush-time cascades
03:44:02.885 [Test worker] DEBUG org.hibernate.event.internal.AbstractFlushingEventListener - Dirty checking collections
03:44:02.885 [Test worker] DEBUG org.hibernate.engine.internal.Collections - Collection found: [com.epam.esm.model.entity.UserEntity.orderEntities#3], was: [<unreferenced>] (initialized)
03:44:02.886 [Test worker] DEBUG org.hibernate.engine.internal.Collections - Collection found: [com.epam.esm.model.entity.UserEntity.orderEntities#4], was: [<unreferenced>] (initialized)
03:44:02.886 [Test worker] DEBUG org.hibernate.engine.internal.Collections - Collection found: [com.epam.esm.model.entity.OrderEntity.certificateEntities#2], was: [<unreferenced>] (initialized)
03:44:02.886 [Test worker] DEBUG org.hibernate.engine.internal.Collections - Collection found: [com.epam.esm.model.entity.OrderEntity.certificateEntities#3], was: [<unreferenced>] (initialized)
03:44:02.886 [Test worker] DEBUG org.hibernate.engine.internal.Collections - Collection found: [com.epam.esm.model.entity.OrderEntity.certificateEntities#4], was: [<unreferenced>] (initialized)
03:44:02.886 [Test worker] DEBUG org.hibernate.engine.internal.Collections - Collection found: [com.epam.esm.model.entity.OrderEntity.certificateEntities#5], was: [<unreferenced>] (initialized)
03:44:02.886 [Test worker] DEBUG org.hibernate.engine.internal.Collections - Collection found: [com.epam.esm.model.entity.OrderEntity.certificateEntities#6], was: [<unreferenced>] (initialized)
03:44:02.886 [Test worker] DEBUG org.hibernate.engine.internal.Collections - Collection found: [com.epam.esm.model.entity.OrderEntity.certificateEntities#7], was: [<unreferenced>] (initialized)
03:44:02.886 [Test worker] DEBUG org.hibernate.engine.internal.Collections - Collection found: [com.epam.esm.model.entity.OrderEntity.certificateEntities#8], was: [<unreferenced>] (initialized)
03:44:02.887 [Test worker] DEBUG org.hibernate.engine.internal.Collections - Collection found: [com.epam.esm.model.entity.OrderEntity.certificateEntities#9], was: [<unreferenced>] (initialized)
03:44:02.887 [Test worker] DEBUG org.hibernate.engine.internal.Collections - Collection found: [com.epam.esm.model.entity.OrderEntity.certificateEntities#10], was: [<unreferenced>] (initialized)
03:44:02.887 [Test worker] DEBUG org.hibernate.engine.internal.Collections - Collection found: [com.epam.esm.model.entity.OrderEntity.certificateEntities#11], was: [<unreferenced>] (initialized)
03:44:02.887 [Test worker] DEBUG org.hibernate.engine.internal.Collections - Collection found: [com.epam.esm.model.entity.OrderEntity.certificateEntities#12], was: [<unreferenced>] (initialized)
03:44:02.887 [Test worker] DEBUG org.hibernate.event.internal.AbstractFlushingEventListener - Flushed: 0 insertions, 0 updates, 0 deletions to 13 objects
03:44:02.887 [Test worker] DEBUG org.hibernate.event.internal.AbstractFlushingEventListener - Flushed: 13 (re)creations, 0 updates, 0 removals to 13 collections
03:44:02.887 [Test worker] DEBUG org.hibernate.internal.util.EntityPrinter - Listing entities:
03:44:02.888 [Test worker] DEBUG org.hibernate.internal.util.EntityPrinter - com.epam.esm.model.entity.UserEntity{id=3, orderEntities=[com.epam.esm.model.entity.OrderEntity#3, com.epam.esm.model.entity.OrderEntity#5, com.epam.esm.model.entity.OrderEntity#7, com.epam.esm.model.entity.OrderEntity#9, com.epam.esm.model.entity.OrderEntity#11], username=Test}
03:44:02.888 [Test worker] DEBUG org.hibernate.internal.util.EntityPrinter - com.epam.esm.model.entity.OrderEntity{owner=com.epam.esm.model.entity.UserEntity#4, summary=0.0, certificateEntities=[], purchaseDate=2021-11-06T03:44:02.883887, id=12}
03:44:02.888 [Test worker] DEBUG org.hibernate.internal.util.EntityPrinter - com.epam.esm.model.entity.UserEntity{id=4, orderEntities=[com.epam.esm.model.entity.OrderEntity#2, com.epam.esm.model.entity.OrderEntity#4, com.epam.esm.model.entity.OrderEntity#6, com.epam.esm.model.entity.OrderEntity#8, com.epam.esm.model.entity.OrderEntity#10, com.epam.esm.model.entity.OrderEntity#12], username=TEST}
03:44:02.888 [Test worker] DEBUG org.hibernate.internal.util.EntityPrinter - com.epam.esm.model.entity.OrderEntity{owner=com.epam.esm.model.entity.UserEntity#3, summary=0.0, certificateEntities=[], purchaseDate=2021-11-06T03:44:02.875623, id=11}
03:44:02.888 [Test worker] DEBUG org.hibernate.internal.util.EntityPrinter - com.epam.esm.model.entity.OrderEntity{owner=com.epam.esm.model.entity.UserEntity#4, summary=0.0, certificateEntities=[], purchaseDate=2021-11-06T03:44:02.865605, id=10}
03:44:02.888 [Test worker] DEBUG org.hibernate.internal.util.EntityPrinter - com.epam.esm.model.entity.OrderEntity{owner=com.epam.esm.model.entity.UserEntity#3, summary=0.0, certificateEntities=[], purchaseDate=2021-11-06T03:44:02.857823, id=9}
03:44:02.888 [Test worker] DEBUG org.hibernate.internal.util.EntityPrinter - com.epam.esm.model.entity.OrderEntity{owner=com.epam.esm.model.entity.UserEntity#4, summary=0.0, certificateEntities=[], purchaseDate=2021-11-06T03:44:02.850341, id=8}
03:44:02.888 [Test worker] DEBUG org.hibernate.internal.util.EntityPrinter - com.epam.esm.model.entity.OrderEntity{owner=com.epam.esm.model.entity.UserEntity#3, summary=0.0, certificateEntities=[], purchaseDate=2021-11-06T03:44:02.844296, id=7}
03:44:02.889 [Test worker] DEBUG org.hibernate.internal.util.EntityPrinter - com.epam.esm.model.entity.OrderEntity{owner=com.epam.esm.model.entity.UserEntity#4, summary=0.0, certificateEntities=[], purchaseDate=2021-11-06T03:44:02.836317, id=6}
03:44:02.889 [Test worker] DEBUG org.hibernate.internal.util.EntityPrinter - com.epam.esm.model.entity.OrderEntity{owner=com.epam.esm.model.entity.UserEntity#3, summary=0.0, certificateEntities=[], purchaseDate=2021-11-06T03:44:02.830914, id=5}
03:44:02.889 [Test worker] DEBUG org.hibernate.internal.util.EntityPrinter - com.epam.esm.model.entity.OrderEntity{owner=com.epam.esm.model.entity.UserEntity#4, summary=0.0, certificateEntities=[], purchaseDate=2021-11-06T03:44:02.809690, id=4}
03:44:02.889 [Test worker] DEBUG org.hibernate.internal.util.EntityPrinter - com.epam.esm.model.entity.OrderEntity{owner=com.epam.esm.model.entity.UserEntity#3, summary=0.0, certificateEntities=[], purchaseDate=2021-11-06T03:44:02.804883, id=3}
03:44:02.889 [Test worker] DEBUG org.hibernate.internal.util.EntityPrinter - com.epam.esm.model.entity.OrderEntity{owner=com.epam.esm.model.entity.UserEntity#4, summary=0.0, certificateEntities=[], purchaseDate=2021-11-06T03:44:02.798937, id=2}
03:44:02.889 [Test worker] DEBUG org.hibernate.SQL - select userentity0_.id as id1_5_, userentity0_.username as username2_5_ from UserEntity userentity0_ where userentity0_.username=?
Hibernate: select userentity0_.id as id1_5_, userentity0_.username as username2_5_ from UserEntity userentity0_ where userentity0_.username=?
03:44:02.889 [Test worker] DEBUG org.hibernate.stat.internal.StatisticsImpl - HHH000117: HQL: SELECT user FROM UserEntity user WHERE user.username = ?1, time: 0ms, rows: 0
03:44:02.890 [Test worker] DEBUG org.hibernate.loader.Loader - Result row: EntityKey[com.epam.esm.model.entity.UserEntity#3]
03:44:02.890 [Test worker] DEBUG org.springframework.orm.jpa.JpaTransactionManager - Found thread-bound EntityManager [SessionImpl(1138021176<open>)] for JPA transaction
03:44:02.890 [Test worker] DEBUG org.springframework.orm.jpa.JpaTransactionManager - Participating in existing transaction
03:44:02.890 [Test worker] DEBUG org.hibernate.engine.spi.ActionQueue - Executing identity-insert immediately
03:44:02.890 [Test worker] DEBUG org.hibernate.SQL - insert into OrderEntity (id, owner_id, purchaseDate, summary) values (null, ?, ?, ?)
Hibernate: insert into OrderEntity (id, owner_id, purchaseDate, summary) values (null, ?, ?, ?)
03:44:02.891 [Test worker] DEBUG org.hibernate.id.IdentifierGeneratorHelper - Natively generated identity: 13
03:44:02.891 [Test worker] DEBUG org.hibernate.resource.jdbc.internal.ResourceRegistryStandardImpl - HHH000387: ResultSet's statement was not registered
03:44:02.892 [Test worker] DEBUG org.hibernate.event.internal.AbstractFlushingEventListener - Processing flush-time cascades
03:44:02.892 [Test worker] DEBUG org.hibernate.event.internal.AbstractFlushingEventListener - Dirty checking collections
03:44:02.892 [Test worker] DEBUG org.hibernate.engine.internal.Collections - Collection found: [com.epam.esm.model.entity.UserEntity.orderEntities#3], was: [<unreferenced>] (initialized)
03:44:02.892 [Test worker] DEBUG org.hibernate.engine.internal.Collections - Collection found: [com.epam.esm.model.entity.UserEntity.orderEntities#4], was: [<unreferenced>] (initialized)
03:44:02.893 [Test worker] DEBUG org.hibernate.engine.internal.Collections - Collection found: [com.epam.esm.model.entity.OrderEntity.certificateEntities#2], was: [<unreferenced>] (initialized)
03:44:02.893 [Test worker] DEBUG org.hibernate.engine.internal.Collections - Collection found: [com.epam.esm.model.entity.OrderEntity.certificateEntities#3], was: [<unreferenced>] (initialized)
03:44:02.893 [Test worker] DEBUG org.hibernate.engine.internal.Collections - Collection found: [com.epam.esm.model.entity.OrderEntity.certificateEntities#4], was: [<unreferenced>] (initialized)
03:44:02.893 [Test worker] DEBUG org.hibernate.engine.internal.Collections - Collection found: [com.epam.esm.model.entity.OrderEntity.certificateEntities#5], was: [<unreferenced>] (initialized)
03:44:02.893 [Test worker] DEBUG org.hibernate.engine.internal.Collections - Collection found: [com.epam.esm.model.entity.OrderEntity.certificateEntities#6], was: [<unreferenced>] (initialized)
03:44:02.894 [Test worker] DEBUG org.hibernate.engine.internal.Collections - Collection found: [com.epam.esm.model.entity.OrderEntity.certificateEntities#7], was: [<unreferenced>] (initialized)
03:44:02.894 [Test worker] DEBUG org.hibernate.engine.internal.Collections - Collection found: [com.epam.esm.model.entity.OrderEntity.certificateEntities#8], was: [<unreferenced>] (initialized)
03:44:02.894 [Test worker] DEBUG org.hibernate.engine.internal.Collections - Collection found: [com.epam.esm.model.entity.OrderEntity.certificateEntities#9], was: [<unreferenced>] (initialized)
03:44:02.894 [Test worker] DEBUG org.hibernate.engine.internal.Collections - Collection found: [com.epam.esm.model.entity.OrderEntity.certificateEntities#10], was: [<unreferenced>] (initialized)
03:44:02.894 [Test worker] DEBUG org.hibernate.engine.internal.Collections - Collection found: [com.epam.esm.model.entity.OrderEntity.certificateEntities#11], was: [<unreferenced>] (initialized)
03:44:02.894 [Test worker] DEBUG org.hibernate.engine.internal.Collections - Collection found: [com.epam.esm.model.entity.OrderEntity.certificateEntities#12], was: [<unreferenced>] (initialized)
03:44:02.894 [Test worker] DEBUG org.hibernate.engine.internal.Collections - Collection found: [com.epam.esm.model.entity.OrderEntity.certificateEntities#13], was: [<unreferenced>] (initialized)
03:44:02.894 [Test worker] DEBUG org.hibernate.event.internal.AbstractFlushingEventListener - Flushed: 0 insertions, 0 updates, 0 deletions to 14 objects
03:44:02.894 [Test worker] DEBUG org.hibernate.event.internal.AbstractFlushingEventListener - Flushed: 14 (re)creations, 0 updates, 0 removals to 14 collections
03:44:02.894 [Test worker] DEBUG org.hibernate.internal.util.EntityPrinter - Listing entities:
03:44:02.895 [Test worker] DEBUG org.hibernate.internal.util.EntityPrinter - com.epam.esm.model.entity.UserEntity{id=3, orderEntities=[com.epam.esm.model.entity.OrderEntity#3, com.epam.esm.model.entity.OrderEntity#5, com.epam.esm.model.entity.OrderEntity#7, com.epam.esm.model.entity.OrderEntity#9, com.epam.esm.model.entity.OrderEntity#11, com.epam.esm.model.entity.OrderEntity#13], username=Test}
03:44:02.895 [Test worker] DEBUG org.hibernate.internal.util.EntityPrinter - com.epam.esm.model.entity.OrderEntity{owner=com.epam.esm.model.entity.UserEntity#3, summary=0.0, certificateEntities=[], purchaseDate=2021-11-06T03:44:02.890525, id=13}
03:44:02.895 [Test worker] DEBUG org.hibernate.internal.util.EntityPrinter - com.epam.esm.model.entity.OrderEntity{owner=com.epam.esm.model.entity.UserEntity#4, summary=0.0, certificateEntities=[], purchaseDate=2021-11-06T03:44:02.883887, id=12}
03:44:02.895 [Test worker] DEBUG org.hibernate.internal.util.EntityPrinter - com.epam.esm.model.entity.UserEntity{id=4, orderEntities=[com.epam.esm.model.entity.OrderEntity#2, com.epam.esm.model.entity.OrderEntity#4, com.epam.esm.model.entity.OrderEntity#6, com.epam.esm.model.entity.OrderEntity#8, com.epam.esm.model.entity.OrderEntity#10, com.epam.esm.model.entity.OrderEntity#12], username=TEST}
03:44:02.895 [Test worker] DEBUG org.hibernate.internal.util.EntityPrinter - com.epam.esm.model.entity.OrderEntity{owner=com.epam.esm.model.entity.UserEntity#3, summary=0.0, certificateEntities=[], purchaseDate=2021-11-06T03:44:02.875623, id=11}
03:44:02.895 [Test worker] DEBUG org.hibernate.internal.util.EntityPrinter - com.epam.esm.model.entity.OrderEntity{owner=com.epam.esm.model.entity.UserEntity#4, summary=0.0, certificateEntities=[], purchaseDate=2021-11-06T03:44:02.865605, id=10}
03:44:02.895 [Test worker] DEBUG org.hibernate.internal.util.EntityPrinter - com.epam.esm.model.entity.OrderEntity{owner=com.epam.esm.model.entity.UserEntity#3, summary=0.0, certificateEntities=[], purchaseDate=2021-11-06T03:44:02.857823, id=9}
03:44:02.895 [Test worker] DEBUG org.hibernate.internal.util.EntityPrinter - com.epam.esm.model.entity.OrderEntity{owner=com.epam.esm.model.entity.UserEntity#4, summary=0.0, certificateEntities=[], purchaseDate=2021-11-06T03:44:02.850341, id=8}
03:44:02.895 [Test worker] DEBUG org.hibernate.internal.util.EntityPrinter - com.epam.esm.model.entity.OrderEntity{owner=com.epam.esm.model.entity.UserEntity#3, summary=0.0, certificateEntities=[], purchaseDate=2021-11-06T03:44:02.844296, id=7}
03:44:02.895 [Test worker] DEBUG org.hibernate.internal.util.EntityPrinter - com.epam.esm.model.entity.OrderEntity{owner=com.epam.esm.model.entity.UserEntity#4, summary=0.0, certificateEntities=[], purchaseDate=2021-11-06T03:44:02.836317, id=6}
03:44:02.895 [Test worker] DEBUG org.hibernate.internal.util.EntityPrinter - com.epam.esm.model.entity.OrderEntity{owner=com.epam.esm.model.entity.UserEntity#3, summary=0.0, certificateEntities=[], purchaseDate=2021-11-06T03:44:02.830914, id=5}
03:44:02.895 [Test worker] DEBUG org.hibernate.internal.util.EntityPrinter - com.epam.esm.model.entity.OrderEntity{owner=com.epam.esm.model.entity.UserEntity#4, summary=0.0, certificateEntities=[], purchaseDate=2021-11-06T03:44:02.809690, id=4}
03:44:02.895 [Test worker] DEBUG org.hibernate.internal.util.EntityPrinter - com.epam.esm.model.entity.OrderEntity{owner=com.epam.esm.model.entity.UserEntity#3, summary=0.0, certificateEntities=[], purchaseDate=2021-11-06T03:44:02.804883, id=3}
03:44:02.895 [Test worker] DEBUG org.hibernate.internal.util.EntityPrinter - com.epam.esm.model.entity.OrderEntity{owner=com.epam.esm.model.entity.UserEntity#4, summary=0.0, certificateEntities=[], purchaseDate=2021-11-06T03:44:02.798937, id=2}
03:44:02.895 [Test worker] DEBUG org.hibernate.SQL - select userentity0_.id as id1_5_, userentity0_.username as username2_5_ from UserEntity userentity0_ where userentity0_.username=?
Hibernate: select userentity0_.id as id1_5_, userentity0_.username as username2_5_ from UserEntity userentity0_ where userentity0_.username=?
03:44:02.896 [Test worker] DEBUG org.hibernate.stat.internal.StatisticsImpl - HHH000117: HQL: SELECT user FROM UserEntity user WHERE user.username = ?1, time: 0ms, rows: 0
03:44:02.896 [Test worker] DEBUG org.hibernate.loader.Loader - Result row: EntityKey[com.epam.esm.model.entity.UserEntity#4]
03:44:02.896 [Test worker] DEBUG org.springframework.orm.jpa.JpaTransactionManager - Found thread-bound EntityManager [SessionImpl(1138021176<open>)] for JPA transaction
03:44:02.896 [Test worker] DEBUG org.springframework.orm.jpa.JpaTransactionManager - Participating in existing transaction
03:44:02.897 [Test worker] DEBUG org.hibernate.engine.spi.ActionQueue - Executing identity-insert immediately
03:44:02.897 [Test worker] DEBUG org.hibernate.SQL - insert into OrderEntity (id, owner_id, purchaseDate, summary) values (null, ?, ?, ?)
Hibernate: insert into OrderEntity (id, owner_id, purchaseDate, summary) values (null, ?, ?, ?)
03:44:02.897 [Test worker] DEBUG org.hibernate.id.IdentifierGeneratorHelper - Natively generated identity: 14
03:44:02.897 [Test worker] DEBUG org.hibernate.resource.jdbc.internal.ResourceRegistryStandardImpl - HHH000387: ResultSet's statement was not registered
03:44:02.898 [Test worker] DEBUG org.hibernate.event.internal.AbstractFlushingEventListener - Processing flush-time cascades
03:44:02.898 [Test worker] DEBUG org.hibernate.event.internal.AbstractFlushingEventListener - Dirty checking collections
03:44:02.899 [Test worker] DEBUG org.hibernate.engine.internal.Collections - Collection found: [com.epam.esm.model.entity.UserEntity.orderEntities#3], was: [<unreferenced>] (initialized)
03:44:02.899 [Test worker] DEBUG org.hibernate.engine.internal.Collections - Collection found: [com.epam.esm.model.entity.UserEntity.orderEntities#4], was: [<unreferenced>] (initialized)
03:44:02.899 [Test worker] DEBUG org.hibernate.engine.internal.Collections - Collection found: [com.epam.esm.model.entity.OrderEntity.certificateEntities#2], was: [<unreferenced>] (initialized)
03:44:02.899 [Test worker] DEBUG org.hibernate.engine.internal.Collections - Collection found: [com.epam.esm.model.entity.OrderEntity.certificateEntities#3], was: [<unreferenced>] (initialized)
03:44:02.899 [Test worker] DEBUG org.hibernate.engine.internal.Collections - Collection found: [com.epam.esm.model.entity.OrderEntity.certificateEntities#4], was: [<unreferenced>] (initialized)
03:44:02.900 [Test worker] DEBUG org.hibernate.engine.internal.Collections - Collection found: [com.epam.esm.model.entity.OrderEntity.certificateEntities#5], was: [<unreferenced>] (initialized)
03:44:02.900 [Test worker] DEBUG org.hibernate.engine.internal.Collections - Collection found: [com.epam.esm.model.entity.OrderEntity.certificateEntities#6], was: [<unreferenced>] (initialized)
03:44:02.900 [Test worker] DEBUG org.hibernate.engine.internal.Collections - Collection found: [com.epam.esm.model.entity.OrderEntity.certificateEntities#7], was: [<unreferenced>] (initialized)
03:44:02.900 [Test worker] DEBUG org.hibernate.engine.internal.Collections - Collection found: [com.epam.esm.model.entity.OrderEntity.certificateEntities#8], was: [<unreferenced>] (initialized)
03:44:02.900 [Test worker] DEBUG org.hibernate.engine.internal.Collections - Collection found: [com.epam.esm.model.entity.OrderEntity.certificateEntities#9], was: [<unreferenced>] (initialized)
03:44:02.900 [Test worker] DEBUG org.hibernate.engine.internal.Collections - Collection found: [com.epam.esm.model.entity.OrderEntity.certificateEntities#10], was: [<unreferenced>] (initialized)
03:44:02.900 [Test worker] DEBUG org.hibernate.engine.internal.Collections - Collection found: [com.epam.esm.model.entity.OrderEntity.certificateEntities#11], was: [<unreferenced>] (initialized)
03:44:02.900 [Test worker] DEBUG org.hibernate.engine.internal.Collections - Collection found: [com.epam.esm.model.entity.OrderEntity.certificateEntities#12], was: [<unreferenced>] (initialized)
03:44:02.901 [Test worker] DEBUG org.hibernate.engine.internal.Collections - Collection found: [com.epam.esm.model.entity.OrderEntity.certificateEntities#13], was: [<unreferenced>] (initialized)
03:44:02.901 [Test worker] DEBUG org.hibernate.engine.internal.Collections - Collection found: [com.epam.esm.model.entity.OrderEntity.certificateEntities#14], was: [<unreferenced>] (initialized)
03:44:02.901 [Test worker] DEBUG org.hibernate.event.internal.AbstractFlushingEventListener - Flushed: 0 insertions, 0 updates, 0 deletions to 15 objects
03:44:02.901 [Test worker] DEBUG org.hibernate.event.internal.AbstractFlushingEventListener - Flushed: 15 (re)creations, 0 updates, 0 removals to 15 collections
03:44:02.901 [Test worker] DEBUG org.hibernate.internal.util.EntityPrinter - Listing entities:
03:44:02.901 [Test worker] DEBUG org.hibernate.internal.util.EntityPrinter - com.epam.esm.model.entity.UserEntity{id=3, orderEntities=[com.epam.esm.model.entity.OrderEntity#3, com.epam.esm.model.entity.OrderEntity#5, com.epam.esm.model.entity.OrderEntity#7, com.epam.esm.model.entity.OrderEntity#9, com.epam.esm.model.entity.OrderEntity#11, com.epam.esm.model.entity.OrderEntity#13], username=Test}
03:44:02.901 [Test worker] DEBUG org.hibernate.internal.util.EntityPrinter - com.epam.esm.model.entity.OrderEntity{owner=com.epam.esm.model.entity.UserEntity#4, summary=0.0, certificateEntities=[], purchaseDate=2021-11-06T03:44:02.896868, id=14}
03:44:02.902 [Test worker] DEBUG org.hibernate.internal.util.EntityPrinter - com.epam.esm.model.entity.OrderEntity{owner=com.epam.esm.model.entity.UserEntity#3, summary=0.0, certificateEntities=[], purchaseDate=2021-11-06T03:44:02.890525, id=13}
03:44:02.902 [Test worker] DEBUG org.hibernate.internal.util.EntityPrinter - com.epam.esm.model.entity.OrderEntity{owner=com.epam.esm.model.entity.UserEntity#4, summary=0.0, certificateEntities=[], purchaseDate=2021-11-06T03:44:02.883887, id=12}
03:44:02.902 [Test worker] DEBUG org.hibernate.internal.util.EntityPrinter - com.epam.esm.model.entity.UserEntity{id=4, orderEntities=[com.epam.esm.model.entity.OrderEntity#2, com.epam.esm.model.entity.OrderEntity#4, com.epam.esm.model.entity.OrderEntity#6, com.epam.esm.model.entity.OrderEntity#8, com.epam.esm.model.entity.OrderEntity#10, com.epam.esm.model.entity.OrderEntity#12, com.epam.esm.model.entity.OrderEntity#14], username=TEST}
03:44:02.902 [Test worker] DEBUG org.hibernate.internal.util.EntityPrinter - com.epam.esm.model.entity.OrderEntity{owner=com.epam.esm.model.entity.UserEntity#3, summary=0.0, certificateEntities=[], purchaseDate=2021-11-06T03:44:02.875623, id=11}
03:44:02.902 [Test worker] DEBUG org.hibernate.internal.util.EntityPrinter - com.epam.esm.model.entity.OrderEntity{owner=com.epam.esm.model.entity.UserEntity#4, summary=0.0, certificateEntities=[], purchaseDate=2021-11-06T03:44:02.865605, id=10}
03:44:02.902 [Test worker] DEBUG org.hibernate.internal.util.EntityPrinter - com.epam.esm.model.entity.OrderEntity{owner=com.epam.esm.model.entity.UserEntity#3, summary=0.0, certificateEntities=[], purchaseDate=2021-11-06T03:44:02.857823, id=9}
03:44:02.903 [Test worker] DEBUG org.hibernate.internal.util.EntityPrinter - com.epam.esm.model.entity.OrderEntity{owner=com.epam.esm.model.entity.UserEntity#4, summary=0.0, certificateEntities=[], purchaseDate=2021-11-06T03:44:02.850341, id=8}
03:44:02.903 [Test worker] DEBUG org.hibernate.internal.util.EntityPrinter - com.epam.esm.model.entity.OrderEntity{owner=com.epam.esm.model.entity.UserEntity#3, summary=0.0, certificateEntities=[], purchaseDate=2021-11-06T03:44:02.844296, id=7}
03:44:02.903 [Test worker] DEBUG org.hibernate.internal.util.EntityPrinter - com.epam.esm.model.entity.OrderEntity{owner=com.epam.esm.model.entity.UserEntity#4, summary=0.0, certificateEntities=[], purchaseDate=2021-11-06T03:44:02.836317, id=6}
03:44:02.903 [Test worker] DEBUG org.hibernate.internal.util.EntityPrinter - com.epam.esm.model.entity.OrderEntity{owner=com.epam.esm.model.entity.UserEntity#3, summary=0.0, certificateEntities=[], purchaseDate=2021-11-06T03:44:02.830914, id=5}
03:44:02.903 [Test worker] DEBUG org.hibernate.internal.util.EntityPrinter - com.epam.esm.model.entity.OrderEntity{owner=com.epam.esm.model.entity.UserEntity#4, summary=0.0, certificateEntities=[], purchaseDate=2021-11-06T03:44:02.809690, id=4}
03:44:02.903 [Test worker] DEBUG org.hibernate.internal.util.EntityPrinter - com.epam.esm.model.entity.OrderEntity{owner=com.epam.esm.model.entity.UserEntity#3, summary=0.0, certificateEntities=[], purchaseDate=2021-11-06T03:44:02.804883, id=3}
03:44:02.903 [Test worker] DEBUG org.hibernate.internal.util.EntityPrinter - com.epam.esm.model.entity.OrderEntity{owner=com.epam.esm.model.entity.UserEntity#4, summary=0.0, certificateEntities=[], purchaseDate=2021-11-06T03:44:02.798937, id=2}
03:44:02.903 [Test worker] DEBUG org.hibernate.SQL - select userentity0_.id as id1_5_, userentity0_.username as username2_5_ from UserEntity userentity0_ where userentity0_.username=?
Hibernate: select userentity0_.id as id1_5_, userentity0_.username as username2_5_ from UserEntity userentity0_ where userentity0_.username=?
03:44:02.904 [Test worker] DEBUG org.hibernate.stat.internal.StatisticsImpl - HHH000117: HQL: SELECT user FROM UserEntity user WHERE user.username = ?1, time: 0ms, rows: 0
03:44:02.904 [Test worker] DEBUG org.hibernate.loader.Loader - Result row: EntityKey[com.epam.esm.model.entity.UserEntity#3]
03:44:02.904 [Test worker] DEBUG org.springframework.orm.jpa.JpaTransactionManager - Found thread-bound EntityManager [SessionImpl(1138021176<open>)] for JPA transaction
03:44:02.904 [Test worker] DEBUG org.springframework.orm.jpa.JpaTransactionManager - Participating in existing transaction
03:44:02.905 [Test worker] DEBUG org.hibernate.engine.spi.ActionQueue - Executing identity-insert immediately
03:44:02.905 [Test worker] DEBUG org.hibernate.SQL - insert into OrderEntity (id, owner_id, purchaseDate, summary) values (null, ?, ?, ?)
Hibernate: insert into OrderEntity (id, owner_id, purchaseDate, summary) values (null, ?, ?, ?)
03:44:02.906 [Test worker] DEBUG org.hibernate.id.IdentifierGeneratorHelper - Natively generated identity: 15
03:44:02.906 [Test worker] DEBUG org.hibernate.resource.jdbc.internal.ResourceRegistryStandardImpl - HHH000387: ResultSet's statement was not registered
03:44:02.907 [Test worker] DEBUG org.hibernate.event.internal.AbstractFlushingEventListener - Processing flush-time cascades
03:44:02.907 [Test worker] DEBUG org.hibernate.event.internal.AbstractFlushingEventListener - Dirty checking collections
03:44:02.909 [Test worker] DEBUG org.hibernate.engine.internal.Collections - Collection found: [com.epam.esm.model.entity.UserEntity.orderEntities#3], was: [<unreferenced>] (initialized)
03:44:02.909 [Test worker] DEBUG org.hibernate.engine.internal.Collections - Collection found: [com.epam.esm.model.entity.UserEntity.orderEntities#4], was: [<unreferenced>] (initialized)
03:44:02.910 [Test worker] DEBUG org.hibernate.engine.internal.Collections - Collection found: [com.epam.esm.model.entity.OrderEntity.certificateEntities#2], was: [<unreferenced>] (initialized)
03:44:02.910 [Test worker] DEBUG org.hibernate.engine.internal.Collections - Collection found: [com.epam.esm.model.entity.OrderEntity.certificateEntities#3], was: [<unreferenced>] (initialized)
03:44:02.910 [Test worker] DEBUG org.hibernate.engine.internal.Collections - Collection found: [com.epam.esm.model.entity.OrderEntity.certificateEntities#4], was: [<unreferenced>] (initialized)
03:44:02.910 [Test worker] DEBUG org.hibernate.engine.internal.Collections - Collection found: [com.epam.esm.model.entity.OrderEntity.certificateEntities#5], was: [<unreferenced>] (initialized)
03:44:02.910 [Test worker] DEBUG org.hibernate.engine.internal.Collections - Collection found: [com.epam.esm.model.entity.OrderEntity.certificateEntities#6], was: [<unreferenced>] (initialized)
03:44:02.910 [Test worker] DEBUG org.hibernate.engine.internal.Collections - Collection found: [com.epam.esm.model.entity.OrderEntity.certificateEntities#7], was: [<unreferenced>] (initialized)
03:44:02.910 [Test worker] DEBUG org.hibernate.engine.internal.Collections - Collection found: [com.epam.esm.model.entity.OrderEntity.certificateEntities#8], was: [<unreferenced>] (initialized)
03:44:02.910 [Test worker] DEBUG org.hibernate.engine.internal.Collections - Collection found: [com.epam.esm.model.entity.OrderEntity.certificateEntities#9], was: [<unreferenced>] (initialized)
03:44:02.910 [Test worker] DEBUG org.hibernate.engine.internal.Collections - Collection found: [com.epam.esm.model.entity.OrderEntity.certificateEntities#10], was: [<unreferenced>] (initialized)
03:44:02.910 [Test worker] DEBUG org.hibernate.engine.internal.Collections - Collection found: [com.epam.esm.model.entity.OrderEntity.certificateEntities#11], was: [<unreferenced>] (initialized)
03:44:02.911 [Test worker] DEBUG org.hibernate.engine.internal.Collections - Collection found: [com.epam.esm.model.entity.OrderEntity.certificateEntities#12], was: [<unreferenced>] (initialized)
03:44:02.911 [Test worker] DEBUG org.hibernate.engine.internal.Collections - Collection found: [com.epam.esm.model.entity.OrderEntity.certificateEntities#13], was: [<unreferenced>] (initialized)
03:44:02.911 [Test worker] DEBUG org.hibernate.engine.internal.Collections - Collection found: [com.epam.esm.model.entity.OrderEntity.certificateEntities#14], was: [<unreferenced>] (initialized)
03:44:02.911 [Test worker] DEBUG org.hibernate.engine.internal.Collections - Collection found: [com.epam.esm.model.entity.OrderEntity.certificateEntities#15], was: [<unreferenced>] (initialized)
03:44:02.911 [Test worker] DEBUG org.hibernate.event.internal.AbstractFlushingEventListener - Flushed: 0 insertions, 0 updates, 0 deletions to 16 objects
03:44:02.911 [Test worker] DEBUG org.hibernate.event.internal.AbstractFlushingEventListener - Flushed: 16 (re)creations, 0 updates, 0 removals to 16 collections
03:44:02.911 [Test worker] DEBUG org.hibernate.internal.util.EntityPrinter - Listing entities:
03:44:02.911 [Test worker] DEBUG org.hibernate.internal.util.EntityPrinter - com.epam.esm.model.entity.UserEntity{id=3, orderEntities=[com.epam.esm.model.entity.OrderEntity#3, com.epam.esm.model.entity.OrderEntity#5, com.epam.esm.model.entity.OrderEntity#7, com.epam.esm.model.entity.OrderEntity#9, com.epam.esm.model.entity.OrderEntity#11, com.epam.esm.model.entity.OrderEntity#13, com.epam.esm.model.entity.OrderEntity#15], username=Test}
03:44:02.911 [Test worker] DEBUG org.hibernate.internal.util.EntityPrinter - com.epam.esm.model.entity.OrderEntity{owner=com.epam.esm.model.entity.UserEntity#3, summary=0.0, certificateEntities=[], purchaseDate=2021-11-06T03:44:02.905097, id=15}
03:44:02.911 [Test worker] DEBUG org.hibernate.internal.util.EntityPrinter - com.epam.esm.model.entity.OrderEntity{owner=com.epam.esm.model.entity.UserEntity#4, summary=0.0, certificateEntities=[], purchaseDate=2021-11-06T03:44:02.896868, id=14}
03:44:02.911 [Test worker] DEBUG org.hibernate.internal.util.EntityPrinter - com.epam.esm.model.entity.OrderEntity{owner=com.epam.esm.model.entity.UserEntity#3, summary=0.0, certificateEntities=[], purchaseDate=2021-11-06T03:44:02.890525, id=13}
03:44:02.912 [Test worker] DEBUG org.hibernate.internal.util.EntityPrinter - com.epam.esm.model.entity.OrderEntity{owner=com.epam.esm.model.entity.UserEntity#4, summary=0.0, certificateEntities=[], purchaseDate=2021-11-06T03:44:02.883887, id=12}
03:44:02.912 [Test worker] DEBUG org.hibernate.internal.util.EntityPrinter - com.epam.esm.model.entity.UserEntity{id=4, orderEntities=[com.epam.esm.model.entity.OrderEntity#2, com.epam.esm.model.entity.OrderEntity#4, com.epam.esm.model.entity.OrderEntity#6, com.epam.esm.model.entity.OrderEntity#8, com.epam.esm.model.entity.OrderEntity#10, com.epam.esm.model.entity.OrderEntity#12, com.epam.esm.model.entity.OrderEntity#14], username=TEST}
03:44:02.912 [Test worker] DEBUG org.hibernate.internal.util.EntityPrinter - com.epam.esm.model.entity.OrderEntity{owner=com.epam.esm.model.entity.UserEntity#3, summary=0.0, certificateEntities=[], purchaseDate=2021-11-06T03:44:02.875623, id=11}
03:44:02.912 [Test worker] DEBUG org.hibernate.internal.util.EntityPrinter - com.epam.esm.model.entity.OrderEntity{owner=com.epam.esm.model.entity.UserEntity#4, summary=0.0, certificateEntities=[], purchaseDate=2021-11-06T03:44:02.865605, id=10}
03:44:02.912 [Test worker] DEBUG org.hibernate.internal.util.EntityPrinter - com.epam.esm.model.entity.OrderEntity{owner=com.epam.esm.model.entity.UserEntity#3, summary=0.0, certificateEntities=[], purchaseDate=2021-11-06T03:44:02.857823, id=9}
03:44:02.912 [Test worker] DEBUG org.hibernate.internal.util.EntityPrinter - com.epam.esm.model.entity.OrderEntity{owner=com.epam.esm.model.entity.UserEntity#4, summary=0.0, certificateEntities=[], purchaseDate=2021-11-06T03:44:02.850341, id=8}
03:44:02.912 [Test worker] DEBUG org.hibernate.internal.util.EntityPrinter - com.epam.esm.model.entity.OrderEntity{owner=com.epam.esm.model.entity.UserEntity#3, summary=0.0, certificateEntities=[], purchaseDate=2021-11-06T03:44:02.844296, id=7}
03:44:02.912 [Test worker] DEBUG org.hibernate.internal.util.EntityPrinter - com.epam.esm.model.entity.OrderEntity{owner=com.epam.esm.model.entity.UserEntity#4, summary=0.0, certificateEntities=[], purchaseDate=2021-11-06T03:44:02.836317, id=6}
03:44:02.912 [Test worker] DEBUG org.hibernate.internal.util.EntityPrinter - com.epam.esm.model.entity.OrderEntity{owner=com.epam.esm.model.entity.UserEntity#3, summary=0.0, certificateEntities=[], purchaseDate=2021-11-06T03:44:02.830914, id=5}
03:44:02.912 [Test worker] DEBUG org.hibernate.internal.util.EntityPrinter - com.epam.esm.model.entity.OrderEntity{owner=com.epam.esm.model.entity.UserEntity#4, summary=0.0, certificateEntities=[], purchaseDate=2021-11-06T03:44:02.809690, id=4}
03:44:02.912 [Test worker] DEBUG org.hibernate.internal.util.EntityPrinter - com.epam.esm.model.entity.OrderEntity{owner=com.epam.esm.model.entity.UserEntity#3, summary=0.0, certificateEntities=[], purchaseDate=2021-11-06T03:44:02.804883, id=3}
03:44:02.912 [Test worker] DEBUG org.hibernate.internal.util.EntityPrinter - com.epam.esm.model.entity.OrderEntity{owner=com.epam.esm.model.entity.UserEntity#4, summary=0.0, certificateEntities=[], purchaseDate=2021-11-06T03:44:02.798937, id=2}
03:44:02.912 [Test worker] DEBUG org.hibernate.SQL - select userentity0_.id as id1_5_, userentity0_.username as username2_5_ from UserEntity userentity0_ where userentity0_.username=?
Hibernate: select userentity0_.id as id1_5_, userentity0_.username as username2_5_ from UserEntity userentity0_ where userentity0_.username=?
03:44:02.913 [Test worker] DEBUG org.hibernate.stat.internal.StatisticsImpl - HHH000117: HQL: SELECT user FROM UserEntity user WHERE user.username = ?1, time: 0ms, rows: 0
03:44:02.913 [Test worker] DEBUG org.hibernate.loader.Loader - Result row: EntityKey[com.epam.esm.model.entity.UserEntity#4]
03:44:02.913 [Test worker] DEBUG org.springframework.orm.jpa.JpaTransactionManager - Found thread-bound EntityManager [SessionImpl(1138021176<open>)] for JPA transaction
03:44:02.913 [Test worker] DEBUG org.springframework.orm.jpa.JpaTransactionManager - Participating in existing transaction
03:44:02.914 [Test worker] DEBUG org.hibernate.engine.spi.ActionQueue - Executing identity-insert immediately
03:44:02.914 [Test worker] DEBUG org.hibernate.SQL - insert into OrderEntity (id, owner_id, purchaseDate, summary) values (null, ?, ?, ?)
Hibernate: insert into OrderEntity (id, owner_id, purchaseDate, summary) values (null, ?, ?, ?)
03:44:02.915 [Test worker] DEBUG org.hibernate.id.IdentifierGeneratorHelper - Natively generated identity: 16
03:44:02.915 [Test worker] DEBUG org.hibernate.resource.jdbc.internal.ResourceRegistryStandardImpl - HHH000387: ResultSet's statement was not registered
03:44:02.916 [Test worker] DEBUG org.hibernate.event.internal.AbstractFlushingEventListener - Processing flush-time cascades
03:44:02.916 [Test worker] DEBUG org.hibernate.event.internal.AbstractFlushingEventListener - Dirty checking collections
03:44:02.916 [Test worker] DEBUG org.hibernate.engine.internal.Collections - Collection found: [com.epam.esm.model.entity.UserEntity.orderEntities#3], was: [<unreferenced>] (initialized)
03:44:02.916 [Test worker] DEBUG org.hibernate.engine.internal.Collections - Collection found: [com.epam.esm.model.entity.UserEntity.orderEntities#4], was: [<unreferenced>] (initialized)
03:44:02.916 [Test worker] DEBUG org.hibernate.engine.internal.Collections - Collection found: [com.epam.esm.model.entity.OrderEntity.certificateEntities#2], was: [<unreferenced>] (initialized)
03:44:02.917 [Test worker] DEBUG org.hibernate.engine.internal.Collections - Collection found: [com.epam.esm.model.entity.OrderEntity.certificateEntities#3], was: [<unreferenced>] (initialized)
03:44:02.917 [Test worker] DEBUG org.hibernate.engine.internal.Collections - Collection found: [com.epam.esm.model.entity.OrderEntity.certificateEntities#4], was: [<unreferenced>] (initialized)
03:44:02.917 [Test worker] DEBUG org.hibernate.engine.internal.Collections - Collection found: [com.epam.esm.model.entity.OrderEntity.certificateEntities#5], was: [<unreferenced>] (initialized)
03:44:02.917 [Test worker] DEBUG org.hibernate.engine.internal.Collections - Collection found: [com.epam.esm.model.entity.OrderEntity.certificateEntities#6], was: [<unreferenced>] (initialized)
03:44:02.917 [Test worker] DEBUG org.hibernate.engine.internal.Collections - Collection found: [com.epam.esm.model.entity.OrderEntity.certificateEntities#7], was: [<unreferenced>] (initialized)
03:44:02.917 [Test worker] DEBUG org.hibernate.engine.internal.Collections - Collection found: [com.epam.esm.model.entity.OrderEntity.certificateEntities#8], was: [<unreferenced>] (initialized)
03:44:02.917 [Test worker] DEBUG org.hibernate.engine.internal.Collections - Collection found: [com.epam.esm.model.entity.OrderEntity.certificateEntities#9], was: [<unreferenced>] (initialized)
03:44:02.917 [Test worker] DEBUG org.hibernate.engine.internal.Collections - Collection found: [com.epam.esm.model.entity.OrderEntity.certificateEntities#10], was: [<unreferenced>] (initialized)
03:44:02.917 [Test worker] DEBUG org.hibernate.engine.internal.Collections - Collection found: [com.epam.esm.model.entity.OrderEntity.certificateEntities#11], was: [<unreferenced>] (initialized)
03:44:02.918 [Test worker] DEBUG org.hibernate.engine.internal.Collections - Collection found: [com.epam.esm.model.entity.OrderEntity.certificateEntities#12], was: [<unreferenced>] (initialized)
03:44:02.918 [Test worker] DEBUG org.hibernate.engine.internal.Collections - Collection found: [com.epam.esm.model.entity.OrderEntity.certificateEntities#13], was: [<unreferenced>] (initialized)
03:44:02.918 [Test worker] DEBUG org.hibernate.engine.internal.Collections - Collection found: [com.epam.esm.model.entity.OrderEntity.certificateEntities#14], was: [<unreferenced>] (initialized)
03:44:02.918 [Test worker] DEBUG org.hibernate.engine.internal.Collections - Collection found: [com.epam.esm.model.entity.OrderEntity.certificateEntities#15], was: [<unreferenced>] (initialized)
03:44:02.918 [Test worker] DEBUG org.hibernate.engine.internal.Collections - Collection found: [com.epam.esm.model.entity.OrderEntity.certificateEntities#16], was: [<unreferenced>] (initialized)
03:44:02.918 [Test worker] DEBUG org.hibernate.event.internal.AbstractFlushingEventListener - Flushed: 0 insertions, 0 updates, 0 deletions to 17 objects
03:44:02.918 [Test worker] DEBUG org.hibernate.event.internal.AbstractFlushingEventListener - Flushed: 17 (re)creations, 0 updates, 0 removals to 17 collections
03:44:02.918 [Test worker] DEBUG org.hibernate.internal.util.EntityPrinter - Listing entities:
03:44:02.918 [Test worker] DEBUG org.hibernate.internal.util.EntityPrinter - com.epam.esm.model.entity.UserEntity{id=3, orderEntities=[com.epam.esm.model.entity.OrderEntity#3, com.epam.esm.model.entity.OrderEntity#5, com.epam.esm.model.entity.OrderEntity#7, com.epam.esm.model.entity.OrderEntity#9, com.epam.esm.model.entity.OrderEntity#11, com.epam.esm.model.entity.OrderEntity#13, com.epam.esm.model.entity.OrderEntity#15], username=Test}
03:44:02.918 [Test worker] DEBUG org.hibernate.internal.util.EntityPrinter - com.epam.esm.model.entity.OrderEntity{owner=com.epam.esm.model.entity.UserEntity#4, summary=0.0, certificateEntities=[], purchaseDate=2021-11-06T03:44:02.914330, id=16}
03:44:02.919 [Test worker] DEBUG org.hibernate.internal.util.EntityPrinter - com.epam.esm.model.entity.OrderEntity{owner=com.epam.esm.model.entity.UserEntity#3, summary=0.0, certificateEntities=[], purchaseDate=2021-11-06T03:44:02.905097, id=15}
03:44:02.919 [Test worker] DEBUG org.hibernate.internal.util.EntityPrinter - com.epam.esm.model.entity.OrderEntity{owner=com.epam.esm.model.entity.UserEntity#4, summary=0.0, certificateEntities=[], purchaseDate=2021-11-06T03:44:02.896868, id=14}
03:44:02.919 [Test worker] DEBUG org.hibernate.internal.util.EntityPrinter - com.epam.esm.model.entity.OrderEntity{owner=com.epam.esm.model.entity.UserEntity#3, summary=0.0, certificateEntities=[], purchaseDate=2021-11-06T03:44:02.890525, id=13}
03:44:02.919 [Test worker] DEBUG org.hibernate.internal.util.EntityPrinter - com.epam.esm.model.entity.OrderEntity{owner=com.epam.esm.model.entity.UserEntity#4, summary=0.0, certificateEntities=[], purchaseDate=2021-11-06T03:44:02.883887, id=12}
03:44:02.919 [Test worker] DEBUG org.hibernate.internal.util.EntityPrinter - com.epam.esm.model.entity.UserEntity{id=4, orderEntities=[com.epam.esm.model.entity.OrderEntity#2, com.epam.esm.model.entity.OrderEntity#4, com.epam.esm.model.entity.OrderEntity#6, com.epam.esm.model.entity.OrderEntity#8, com.epam.esm.model.entity.OrderEntity#10, com.epam.esm.model.entity.OrderEntity#12, com.epam.esm.model.entity.OrderEntity#14, com.epam.esm.model.entity.OrderEntity#16], username=TEST}
03:44:02.919 [Test worker] DEBUG org.hibernate.internal.util.EntityPrinter - com.epam.esm.model.entity.OrderEntity{owner=com.epam.esm.model.entity.UserEntity#3, summary=0.0, certificateEntities=[], purchaseDate=2021-11-06T03:44:02.875623, id=11}
03:44:02.919 [Test worker] DEBUG org.hibernate.internal.util.EntityPrinter - com.epam.esm.model.entity.OrderEntity{owner=com.epam.esm.model.entity.UserEntity#4, summary=0.0, certificateEntities=[], purchaseDate=2021-11-06T03:44:02.865605, id=10}
03:44:02.919 [Test worker] DEBUG org.hibernate.internal.util.EntityPrinter - com.epam.esm.model.entity.OrderEntity{owner=com.epam.esm.model.entity.UserEntity#3, summary=0.0, certificateEntities=[], purchaseDate=2021-11-06T03:44:02.857823, id=9}
03:44:02.919 [Test worker] DEBUG org.hibernate.internal.util.EntityPrinter - com.epam.esm.model.entity.OrderEntity{owner=com.epam.esm.model.entity.UserEntity#4, summary=0.0, certificateEntities=[], purchaseDate=2021-11-06T03:44:02.850341, id=8}
03:44:02.919 [Test worker] DEBUG org.hibernate.internal.util.EntityPrinter - com.epam.esm.model.entity.OrderEntity{owner=com.epam.esm.model.entity.UserEntity#3, summary=0.0, certificateEntities=[], purchaseDate=2021-11-06T03:44:02.844296, id=7}
03:44:02.919 [Test worker] DEBUG org.hibernate.internal.util.EntityPrinter - com.epam.esm.model.entity.OrderEntity{owner=com.epam.esm.model.entity.UserEntity#4, summary=0.0, certificateEntities=[], purchaseDate=2021-11-06T03:44:02.836317, id=6}
03:44:02.919 [Test worker] DEBUG org.hibernate.internal.util.EntityPrinter - com.epam.esm.model.entity.OrderEntity{owner=com.epam.esm.model.entity.UserEntity#3, summary=0.0, certificateEntities=[], purchaseDate=2021-11-06T03:44:02.830914, id=5}
03:44:02.919 [Test worker] DEBUG org.hibernate.internal.util.EntityPrinter - com.epam.esm.model.entity.OrderEntity{owner=com.epam.esm.model.entity.UserEntity#4, summary=0.0, certificateEntities=[], purchaseDate=2021-11-06T03:44:02.809690, id=4}
03:44:02.920 [Test worker] DEBUG org.hibernate.internal.util.EntityPrinter - com.epam.esm.model.entity.OrderEntity{owner=com.epam.esm.model.entity.UserEntity#3, summary=0.0, certificateEntities=[], purchaseDate=2021-11-06T03:44:02.804883, id=3}
03:44:02.920 [Test worker] DEBUG org.hibernate.internal.util.EntityPrinter - com.epam.esm.model.entity.OrderEntity{owner=com.epam.esm.model.entity.UserEntity#4, summary=0.0, certificateEntities=[], purchaseDate=2021-11-06T03:44:02.798937, id=2}
03:44:02.920 [Test worker] DEBUG org.hibernate.SQL - select userentity0_.id as id1_5_, userentity0_.username as username2_5_ from UserEntity userentity0_ where userentity0_.username=?
Hibernate: select userentity0_.id as id1_5_, userentity0_.username as username2_5_ from UserEntity userentity0_ where userentity0_.username=?
03:44:02.920 [Test worker] DEBUG org.hibernate.stat.internal.StatisticsImpl - HHH000117: HQL: SELECT user FROM UserEntity user WHERE user.username = ?1, time: 0ms, rows: 0
03:44:02.920 [Test worker] DEBUG org.hibernate.loader.Loader - Result row: EntityKey[com.epam.esm.model.entity.UserEntity#3]
03:44:02.921 [Test worker] DEBUG org.springframework.orm.jpa.JpaTransactionManager - Found thread-bound EntityManager [SessionImpl(1138021176<open>)] for JPA transaction
03:44:02.921 [Test worker] DEBUG org.springframework.orm.jpa.JpaTransactionManager - Participating in existing transaction
03:44:02.921 [Test worker] DEBUG org.hibernate.engine.spi.ActionQueue - Executing identity-insert immediately
03:44:02.921 [Test worker] DEBUG org.hibernate.SQL - insert into OrderEntity (id, owner_id, purchaseDate, summary) values (null, ?, ?, ?)
Hibernate: insert into OrderEntity (id, owner_id, purchaseDate, summary) values (null, ?, ?, ?)
03:44:02.922 [Test worker] DEBUG org.hibernate.id.IdentifierGeneratorHelper - Natively generated identity: 17
03:44:02.922 [Test worker] DEBUG org.hibernate.resource.jdbc.internal.ResourceRegistryStandardImpl - HHH000387: ResultSet's statement was not registered
03:44:02.924 [Test worker] DEBUG org.springframework.orm.jpa.JpaTransactionManager - Found thread-bound EntityManager [SessionImpl(1138021176<open>)] for JPA transaction
03:44:02.924 [Test worker] DEBUG org.springframework.orm.jpa.JpaTransactionManager - Participating in existing transaction
03:44:02.925 [Test worker] DEBUG org.hibernate.hql.internal.ast.QueryTranslatorImpl - parse() - HQL: SELECT ord FROM com.epam.esm.model.entity.OrderEntity ord WHERE ord.owner.username = ?1
03:44:02.926 [Test worker] DEBUG org.hibernate.hql.internal.ast.ErrorTracker - throwQueryException() : no errors
03:44:02.927 [Test worker] DEBUG org.hibernate.hql.internal.ast.QueryTranslatorImpl - --- HQL AST ---
 \-[QUERY] Node: 'query'
    +-[SELECT_FROM] Node: 'SELECT_FROM'
    |  +-[FROM] Node: 'FROM'
    |  |  \-[RANGE] Node: 'RANGE'
    |  |     +-[DOT] Node: '.'
    |  |     |  +-[DOT] Node: '.'
    |  |     |  |  +-[DOT] Node: '.'
    |  |     |  |  |  +-[DOT] Node: '.'
    |  |     |  |  |  |  +-[DOT] Node: '.'
    |  |     |  |  |  |  |  +-[IDENT] Node: 'com'
    |  |     |  |  |  |  |  \-[IDENT] Node: 'epam'
    |  |     |  |  |  |  \-[IDENT] Node: 'esm'
    |  |     |  |  |  \-[IDENT] Node: 'model'
    |  |     |  |  \-[IDENT] Node: 'entity'
    |  |     |  \-[IDENT] Node: 'OrderEntity'
    |  |     \-[ALIAS] Node: 'ord'
    |  \-[SELECT] Node: 'SELECT'
    |     \-[IDENT] Node: 'ord'
    \-[WHERE] Node: 'WHERE'
       \-[EQ] Node: '='
          +-[DOT] Node: '.'
          |  +-[DOT] Node: '.'
          |  |  +-[IDENT] Node: 'ord'
          |  |  \-[IDENT] Node: 'owner'
          |  \-[IDENT] Node: 'username'
          \-[PARAM] Node: '?'
             \-[NUM_INT] Node: '1'

03:44:02.927 [Test worker] DEBUG org.hibernate.hql.internal.antlr.HqlSqlBaseWalker - select << begin [level=1, statement=select]
03:44:02.927 [Test worker] DEBUG org.hibernate.hql.internal.ast.tree.FromElement - FromClause{level=1} : com.epam.esm.model.entity.OrderEntity (ord) -> orderentit0_
03:44:02.927 [Test worker] DEBUG org.hibernate.hql.internal.ast.tree.FromReferenceNode - Resolved : ord -> orderentit0_.id
03:44:02.928 [Test worker] DEBUG org.hibernate.hql.internal.ast.tree.FromReferenceNode - Resolved : ord -> orderentit0_.id
03:44:02.928 [Test worker] DEBUG org.hibernate.hql.internal.ast.tree.DotNode - getDataType() : owner -> org.hibernate.type.ManyToOneType(com.epam.esm.model.entity.UserEntity)
03:44:02.928 [Test worker] DEBUG org.hibernate.hql.internal.ast.tree.DotNode - dereferenceEntityJoin() : generating join for owner in com.epam.esm.model.entity.OrderEntity (<no alias>) parent = [  ( . ( . orderentit0_.id owner ) username ) ]
03:44:02.929 [Test worker] DEBUG org.hibernate.hql.internal.ast.tree.FromElement - FromClause{level=1} : com.epam.esm.model.entity.UserEntity (<no alias>) -> userentity1_
03:44:02.929 [Test worker] DEBUG org.hibernate.hql.internal.ast.tree.FromClause - addJoinByPathMap() : ord.owner -> ImpliedFromElement{implied,not a collection join,not a fetch join,fetch non-lazy properties,classAlias=null,role=null,tableName=UserEntity,tableAlias=userentity1_,origin=OrderEntity orderentit0_,columns={orderentit0_.owner_id,className=com.epam.esm.model.entity.UserEntity}}
03:44:02.929 [Test worker] DEBUG org.hibernate.hql.internal.ast.tree.FromReferenceNode - Resolved : ord.owner -> orderentit0_.owner_id
03:44:02.929 [Test worker] DEBUG org.hibernate.hql.internal.ast.tree.DotNode - getDataType() : username -> org.hibernate.type.StringType@1dffc02f
03:44:02.929 [Test worker] DEBUG org.hibernate.hql.internal.ast.tree.FromReferenceNode - Resolved : ord.owner.username -> userentity1_.username
03:44:02.929 [Test worker] DEBUG org.hibernate.hql.internal.antlr.HqlSqlBaseWalker - select : finishing up [level=1, statement=select]
03:44:02.929 [Test worker] DEBUG org.hibernate.hql.internal.ast.HqlSqlWalker - processQuery() :  ( SELECT ( {select clause} orderentit0_.id ) ( FromClause{level=1} OrderEntity orderentit0_ UserEntity userentity1_ ) ( WHERE ( = ( userentity1_.username ( orderentit0_.owner_id orderentit0_.id owner ) username ) ? ) ) )
03:44:02.930 [Test worker] DEBUG org.hibernate.hql.internal.ast.util.JoinProcessor - Tables referenced from query nodes:
 \-QueryNode
    +-SelectClause
    | referencedTables(entity OrderEntity): [OrderEntity]
    |  +-IdentNode
    |  | persister: SingleTableEntityPersister(com.epam.esm.model.entity.OrderEntity)
    |  | originalText: ord
    |  \-SqlFragment
    +-FromClause
    |  +-FromElement
    |  \-ImpliedFromElement
    \-SqlNode
       \-BinaryLogicOperatorNode
          +-DotNode
          | persister: SingleTableEntityPersister(com.epam.esm.model.entity.UserEntity)
          | path: ord.owner.username
          |  +-DotNode
          |  | persister: SingleTableEntityPersister(com.epam.esm.model.entity.UserEntity)
          |  | path: ord.owner
          |  |  +-IdentNode
          |  |  | persister: SingleTableEntityPersister(com.epam.esm.model.entity.OrderEntity)
          |  |  | originalText: ord
          |  |  \-IdentNode
          |  |    persister: null
          |  |    originalText: owner
          |  \-IdentNode
          |    persister: null
          |    originalText: username
          \-ParameterNode

03:44:02.930 [Test worker] DEBUG org.hibernate.hql.internal.ast.util.JoinProcessor - Using FROM fragment [OrderEntity orderentit0_]
03:44:02.930 [Test worker] DEBUG org.hibernate.hql.internal.ast.util.SyntheticAndFactory - Using unprocessed WHERE-fragment [orderentit0_.owner_id=userentity1_.id]
03:44:02.931 [Test worker] DEBUG org.hibernate.hql.internal.ast.util.SyntheticAndFactory - Using processed WHERE-fragment [orderentit0_.owner_id=userentity1_.id]
03:44:02.931 [Test worker] DEBUG org.hibernate.hql.internal.antlr.HqlSqlBaseWalker - select >> end [level=1, statement=select]
03:44:02.931 [Test worker] DEBUG org.hibernate.hql.internal.ast.QueryTranslatorImpl - --- SQL AST ---
 \-[SELECT] QueryNode: 'SELECT'  querySpaces (OrderEntity,UserEntity)
    +-[SELECT_CLAUSE] SelectClause: '{select clause}'
    |  +-[ALIAS_REF] IdentNode: 'orderentit0_.id as id1_2_' {alias=ord, className=com.epam.esm.model.entity.OrderEntity, tableAlias=orderentit0_}
    |  \-[SQL_TOKEN] SqlFragment: 'orderentit0_.owner_id as owner_id4_2_, orderentit0_.purchaseDate as purchase2_2_, orderentit0_.summary as summary3_2_'
    +-[FROM] FromClause: 'FROM' FromClause{level=1, fromElementCounter=2, fromElements=2, fromElementByClassAlias=[ord], fromElementByTableAlias=[orderentit0_, userentity1_], fromElementsByPath=[ord.owner], collectionJoinFromElementsByPath=[], impliedElements=[]}
    |  +-[FROM_FRAGMENT] FromElement: 'OrderEntity orderentit0_' FromElement{explicit,not a collection join,not a fetch join,fetch non-lazy properties,classAlias=ord,role=null,tableName=OrderEntity,tableAlias=orderentit0_,origin=null,columns={,className=com.epam.esm.model.entity.OrderEntity}}
    |  \-[FROM_FRAGMENT] ImpliedFromElement: 'UserEntity userentity1_' ImpliedFromElement{implied,not a collection join,not a fetch join,fetch non-lazy properties,classAlias=null,role=com.epam.esm.model.entity.OrderEntity.owner,tableName=UserEntity,tableAlias=userentity1_,origin=OrderEntity orderentit0_,columns={orderentit0_.owner_id,className=com.epam.esm.model.entity.UserEntity}}
    \-[WHERE] SqlNode: 'WHERE'
       +-[THETA_JOINS] SqlNode: '{theta joins}'
       |  \-[SQL_TOKEN] SqlFragment: 'orderentit0_.owner_id=userentity1_.id'
       \-[EQ] BinaryLogicOperatorNode: '='
          +-[DOT] DotNode: 'userentity1_.username' {propertyName=username,dereferenceType=PRIMITIVE,getPropertyPath=username,path=ord.owner.username,tableAlias=userentity1_,className=com.epam.esm.model.entity.UserEntity,classAlias=null}
          |  +-[DOT] DotNode: 'orderentit0_.owner_id' {propertyName=owner,dereferenceType=ENTITY,getPropertyPath=owner,path=ord.owner,tableAlias=userentity1_,className=com.epam.esm.model.entity.UserEntity,classAlias=null}
          |  |  +-[ALIAS_REF] IdentNode: 'orderentit0_.id' {alias=ord, className=com.epam.esm.model.entity.OrderEntity, tableAlias=orderentit0_}
          |  |  \-[IDENT] IdentNode: 'owner' {originalText=owner}
          |  \-[IDENT] IdentNode: 'username' {originalText=username}
          \-[PARAM] ParameterNode: '?' {label=1, expectedType=org.hibernate.type.StringType@1dffc02f}

03:44:02.931 [Test worker] DEBUG org.hibernate.hql.internal.ast.ErrorTracker - throwQueryException() : no errors
03:44:02.932 [Test worker] DEBUG org.hibernate.hql.internal.ast.QueryTranslatorImpl - HQL: SELECT ord FROM com.epam.esm.model.entity.OrderEntity ord WHERE ord.owner.username = ?1
03:44:02.932 [Test worker] DEBUG org.hibernate.hql.internal.ast.QueryTranslatorImpl - SQL: select orderentit0_.id as id1_2_, orderentit0_.owner_id as owner_id4_2_, orderentit0_.purchaseDate as purchase2_2_, orderentit0_.summary as summary3_2_ from OrderEntity orderentit0_ cross join UserEntity userentity1_ where orderentit0_.owner_id=userentity1_.id and userentity1_.username=?
03:44:02.932 [Test worker] DEBUG org.hibernate.hql.internal.ast.ErrorTracker - throwQueryException() : no errors
03:44:02.932 [Test worker] DEBUG org.hibernate.event.internal.AbstractFlushingEventListener - Processing flush-time cascades
03:44:02.932 [Test worker] DEBUG org.hibernate.event.internal.AbstractFlushingEventListener - Dirty checking collections
03:44:02.932 [Test worker] DEBUG org.hibernate.engine.internal.Collections - Collection found: [com.epam.esm.model.entity.UserEntity.orderEntities#3], was: [<unreferenced>] (initialized)
03:44:02.932 [Test worker] DEBUG org.hibernate.engine.internal.Collections - Collection found: [com.epam.esm.model.entity.UserEntity.orderEntities#4], was: [<unreferenced>] (initialized)
03:44:02.933 [Test worker] DEBUG org.hibernate.engine.internal.Collections - Collection found: [com.epam.esm.model.entity.OrderEntity.certificateEntities#2], was: [<unreferenced>] (initialized)
03:44:02.933 [Test worker] DEBUG org.hibernate.engine.internal.Collections - Collection found: [com.epam.esm.model.entity.OrderEntity.certificateEntities#3], was: [<unreferenced>] (initialized)
03:44:02.933 [Test worker] DEBUG org.hibernate.engine.internal.Collections - Collection found: [com.epam.esm.model.entity.OrderEntity.certificateEntities#4], was: [<unreferenced>] (initialized)
03:44:02.933 [Test worker] DEBUG org.hibernate.engine.internal.Collections - Collection found: [com.epam.esm.model.entity.OrderEntity.certificateEntities#5], was: [<unreferenced>] (initialized)
03:44:02.933 [Test worker] DEBUG org.hibernate.engine.internal.Collections - Collection found: [com.epam.esm.model.entity.OrderEntity.certificateEntities#6], was: [<unreferenced>] (initialized)
03:44:02.933 [Test worker] DEBUG org.hibernate.engine.internal.Collections - Collection found: [com.epam.esm.model.entity.OrderEntity.certificateEntities#7], was: [<unreferenced>] (initialized)
03:44:02.933 [Test worker] DEBUG org.hibernate.engine.internal.Collections - Collection found: [com.epam.esm.model.entity.OrderEntity.certificateEntities#8], was: [<unreferenced>] (initialized)
03:44:02.933 [Test worker] DEBUG org.hibernate.engine.internal.Collections - Collection found: [com.epam.esm.model.entity.OrderEntity.certificateEntities#9], was: [<unreferenced>] (initialized)
03:44:02.933 [Test worker] DEBUG org.hibernate.engine.internal.Collections - Collection found: [com.epam.esm.model.entity.OrderEntity.certificateEntities#10], was: [<unreferenced>] (initialized)
03:44:02.933 [Test worker] DEBUG org.hibernate.engine.internal.Collections - Collection found: [com.epam.esm.model.entity.OrderEntity.certificateEntities#11], was: [<unreferenced>] (initialized)
03:44:02.933 [Test worker] DEBUG org.hibernate.engine.internal.Collections - Collection found: [com.epam.esm.model.entity.OrderEntity.certificateEntities#12], was: [<unreferenced>] (initialized)
03:44:02.933 [Test worker] DEBUG org.hibernate.engine.internal.Collections - Collection found: [com.epam.esm.model.entity.OrderEntity.certificateEntities#13], was: [<unreferenced>] (initialized)
03:44:02.934 [Test worker] DEBUG org.hibernate.engine.internal.Collections - Collection found: [com.epam.esm.model.entity.OrderEntity.certificateEntities#14], was: [<unreferenced>] (initialized)
03:44:02.934 [Test worker] DEBUG org.hibernate.engine.internal.Collections - Collection found: [com.epam.esm.model.entity.OrderEntity.certificateEntities#15], was: [<unreferenced>] (initialized)
03:44:02.934 [Test worker] DEBUG org.hibernate.engine.internal.Collections - Collection found: [com.epam.esm.model.entity.OrderEntity.certificateEntities#16], was: [<unreferenced>] (initialized)
03:44:02.934 [Test worker] DEBUG org.hibernate.engine.internal.Collections - Collection found: [com.epam.esm.model.entity.OrderEntity.certificateEntities#17], was: [<unreferenced>] (initialized)
03:44:02.934 [Test worker] DEBUG org.hibernate.event.internal.AbstractFlushingEventListener - Flushed: 0 insertions, 0 updates, 0 deletions to 18 objects
03:44:02.934 [Test worker] DEBUG org.hibernate.event.internal.AbstractFlushingEventListener - Flushed: 18 (re)creations, 0 updates, 0 removals to 18 collections
03:44:02.934 [Test worker] DEBUG org.hibernate.internal.util.EntityPrinter - Listing entities:
03:44:02.934 [Test worker] DEBUG org.hibernate.internal.util.EntityPrinter - com.epam.esm.model.entity.UserEntity{id=3, orderEntities=[com.epam.esm.model.entity.OrderEntity#3, com.epam.esm.model.entity.OrderEntity#5, com.epam.esm.model.entity.OrderEntity#7, com.epam.esm.model.entity.OrderEntity#9, com.epam.esm.model.entity.OrderEntity#11, com.epam.esm.model.entity.OrderEntity#13, com.epam.esm.model.entity.OrderEntity#15, com.epam.esm.model.entity.OrderEntity#17], username=Test}
03:44:02.934 [Test worker] DEBUG org.hibernate.internal.util.EntityPrinter - com.epam.esm.model.entity.OrderEntity{owner=com.epam.esm.model.entity.UserEntity#3, summary=0.0, certificateEntities=[], purchaseDate=2021-11-06T03:44:02.921312, id=17}
03:44:02.934 [Test worker] DEBUG org.hibernate.internal.util.EntityPrinter - com.epam.esm.model.entity.OrderEntity{owner=com.epam.esm.model.entity.UserEntity#4, summary=0.0, certificateEntities=[], purchaseDate=2021-11-06T03:44:02.914330, id=16}
03:44:02.934 [Test worker] DEBUG org.hibernate.internal.util.EntityPrinter - com.epam.esm.model.entity.OrderEntity{owner=com.epam.esm.model.entity.UserEntity#3, summary=0.0, certificateEntities=[], purchaseDate=2021-11-06T03:44:02.905097, id=15}
03:44:02.934 [Test worker] DEBUG org.hibernate.internal.util.EntityPrinter - com.epam.esm.model.entity.OrderEntity{owner=com.epam.esm.model.entity.UserEntity#4, summary=0.0, certificateEntities=[], purchaseDate=2021-11-06T03:44:02.896868, id=14}
03:44:02.934 [Test worker] DEBUG org.hibernate.internal.util.EntityPrinter - com.epam.esm.model.entity.OrderEntity{owner=com.epam.esm.model.entity.UserEntity#3, summary=0.0, certificateEntities=[], purchaseDate=2021-11-06T03:44:02.890525, id=13}
03:44:02.934 [Test worker] DEBUG org.hibernate.internal.util.EntityPrinter - com.epam.esm.model.entity.OrderEntity{owner=com.epam.esm.model.entity.UserEntity#4, summary=0.0, certificateEntities=[], purchaseDate=2021-11-06T03:44:02.883887, id=12}
03:44:02.935 [Test worker] DEBUG org.hibernate.internal.util.EntityPrinter - com.epam.esm.model.entity.UserEntity{id=4, orderEntities=[com.epam.esm.model.entity.OrderEntity#2, com.epam.esm.model.entity.OrderEntity#4, com.epam.esm.model.entity.OrderEntity#6, com.epam.esm.model.entity.OrderEntity#8, com.epam.esm.model.entity.OrderEntity#10, com.epam.esm.model.entity.OrderEntity#12, com.epam.esm.model.entity.OrderEntity#14, com.epam.esm.model.entity.OrderEntity#16], username=TEST}
03:44:02.935 [Test worker] DEBUG org.hibernate.internal.util.EntityPrinter - com.epam.esm.model.entity.OrderEntity{owner=com.epam.esm.model.entity.UserEntity#3, summary=0.0, certificateEntities=[], purchaseDate=2021-11-06T03:44:02.875623, id=11}
03:44:02.935 [Test worker] DEBUG org.hibernate.internal.util.EntityPrinter - com.epam.esm.model.entity.OrderEntity{owner=com.epam.esm.model.entity.UserEntity#4, summary=0.0, certificateEntities=[], purchaseDate=2021-11-06T03:44:02.865605, id=10}
03:44:02.935 [Test worker] DEBUG org.hibernate.internal.util.EntityPrinter - com.epam.esm.model.entity.OrderEntity{owner=com.epam.esm.model.entity.UserEntity#3, summary=0.0, certificateEntities=[], purchaseDate=2021-11-06T03:44:02.857823, id=9}
03:44:02.935 [Test worker] DEBUG org.hibernate.internal.util.EntityPrinter - com.epam.esm.model.entity.OrderEntity{owner=com.epam.esm.model.entity.UserEntity#4, summary=0.0, certificateEntities=[], purchaseDate=2021-11-06T03:44:02.850341, id=8}
03:44:02.935 [Test worker] DEBUG org.hibernate.internal.util.EntityPrinter - com.epam.esm.model.entity.OrderEntity{owner=com.epam.esm.model.entity.UserEntity#3, summary=0.0, certificateEntities=[], purchaseDate=2021-11-06T03:44:02.844296, id=7}
03:44:02.935 [Test worker] DEBUG org.hibernate.internal.util.EntityPrinter - com.epam.esm.model.entity.OrderEntity{owner=com.epam.esm.model.entity.UserEntity#4, summary=0.0, certificateEntities=[], purchaseDate=2021-11-06T03:44:02.836317, id=6}
03:44:02.935 [Test worker] DEBUG org.hibernate.internal.util.EntityPrinter - com.epam.esm.model.entity.OrderEntity{owner=com.epam.esm.model.entity.UserEntity#3, summary=0.0, certificateEntities=[], purchaseDate=2021-11-06T03:44:02.830914, id=5}
03:44:02.935 [Test worker] DEBUG org.hibernate.internal.util.EntityPrinter - com.epam.esm.model.entity.OrderEntity{owner=com.epam.esm.model.entity.UserEntity#4, summary=0.0, certificateEntities=[], purchaseDate=2021-11-06T03:44:02.809690, id=4}
03:44:02.935 [Test worker] DEBUG org.hibernate.internal.util.EntityPrinter - com.epam.esm.model.entity.OrderEntity{owner=com.epam.esm.model.entity.UserEntity#3, summary=0.0, certificateEntities=[], purchaseDate=2021-11-06T03:44:02.804883, id=3}
03:44:02.935 [Test worker] DEBUG org.hibernate.internal.util.EntityPrinter - com.epam.esm.model.entity.OrderEntity{owner=com.epam.esm.model.entity.UserEntity#4, summary=0.0, certificateEntities=[], purchaseDate=2021-11-06T03:44:02.798937, id=2}
03:44:02.935 [Test worker] DEBUG org.hibernate.engine.spi.ActionQueue - Changes must be flushed to space: OrderEntity
03:44:02.939 [Test worker] DEBUG org.hibernate.persister.collection.AbstractCollectionPersister - Inserting collection: [com.epam.esm.model.entity.OrderEntity.certificateEntities#2]
03:44:02.939 [Test worker] DEBUG org.hibernate.persister.collection.AbstractCollectionPersister - Collection was empty
03:44:02.939 [Test worker] DEBUG org.hibernate.persister.collection.AbstractCollectionPersister - Inserting collection: [com.epam.esm.model.entity.OrderEntity.certificateEntities#3]
03:44:02.939 [Test worker] DEBUG org.hibernate.persister.collection.AbstractCollectionPersister - Collection was empty
03:44:02.939 [Test worker] DEBUG org.hibernate.persister.collection.AbstractCollectionPersister - Inserting collection: [com.epam.esm.model.entity.OrderEntity.certificateEntities#4]
03:44:02.939 [Test worker] DEBUG org.hibernate.persister.collection.AbstractCollectionPersister - Collection was empty
03:44:02.939 [Test worker] DEBUG org.hibernate.persister.collection.AbstractCollectionPersister - Inserting collection: [com.epam.esm.model.entity.OrderEntity.certificateEntities#5]
03:44:02.939 [Test worker] DEBUG org.hibernate.persister.collection.AbstractCollectionPersister - Collection was empty
03:44:02.939 [Test worker] DEBUG org.hibernate.persister.collection.AbstractCollectionPersister - Inserting collection: [com.epam.esm.model.entity.OrderEntity.certificateEntities#6]
03:44:02.939 [Test worker] DEBUG org.hibernate.persister.collection.AbstractCollectionPersister - Collection was empty
03:44:02.939 [Test worker] DEBUG org.hibernate.persister.collection.AbstractCollectionPersister - Inserting collection: [com.epam.esm.model.entity.OrderEntity.certificateEntities#7]
03:44:02.939 [Test worker] DEBUG org.hibernate.persister.collection.AbstractCollectionPersister - Collection was empty
03:44:02.939 [Test worker] DEBUG org.hibernate.persister.collection.AbstractCollectionPersister - Inserting collection: [com.epam.esm.model.entity.OrderEntity.certificateEntities#8]
03:44:02.939 [Test worker] DEBUG org.hibernate.persister.collection.AbstractCollectionPersister - Collection was empty
03:44:02.940 [Test worker] DEBUG org.hibernate.persister.collection.AbstractCollectionPersister - Inserting collection: [com.epam.esm.model.entity.OrderEntity.certificateEntities#9]
03:44:02.940 [Test worker] DEBUG org.hibernate.persister.collection.AbstractCollectionPersister - Collection was empty
03:44:02.940 [Test worker] DEBUG org.hibernate.persister.collection.AbstractCollectionPersister - Inserting collection: [com.epam.esm.model.entity.OrderEntity.certificateEntities#10]
03:44:02.940 [Test worker] DEBUG org.hibernate.persister.collection.AbstractCollectionPersister - Collection was empty
03:44:02.940 [Test worker] DEBUG org.hibernate.persister.collection.AbstractCollectionPersister - Inserting collection: [com.epam.esm.model.entity.OrderEntity.certificateEntities#11]
03:44:02.940 [Test worker] DEBUG org.hibernate.persister.collection.AbstractCollectionPersister - Collection was empty
03:44:02.940 [Test worker] DEBUG org.hibernate.persister.collection.AbstractCollectionPersister - Inserting collection: [com.epam.esm.model.entity.OrderEntity.certificateEntities#12]
03:44:02.940 [Test worker] DEBUG org.hibernate.persister.collection.AbstractCollectionPersister - Collection was empty
03:44:02.940 [Test worker] DEBUG org.hibernate.persister.collection.AbstractCollectionPersister - Inserting collection: [com.epam.esm.model.entity.OrderEntity.certificateEntities#13]
03:44:02.940 [Test worker] DEBUG org.hibernate.persister.collection.AbstractCollectionPersister - Collection was empty
03:44:02.940 [Test worker] DEBUG org.hibernate.persister.collection.AbstractCollectionPersister - Inserting collection: [com.epam.esm.model.entity.OrderEntity.certificateEntities#14]
03:44:02.940 [Test worker] DEBUG org.hibernate.persister.collection.AbstractCollectionPersister - Collection was empty
03:44:02.940 [Test worker] DEBUG org.hibernate.persister.collection.AbstractCollectionPersister - Inserting collection: [com.epam.esm.model.entity.OrderEntity.certificateEntities#15]
03:44:02.940 [Test worker] DEBUG org.hibernate.persister.collection.AbstractCollectionPersister - Collection was empty
03:44:02.940 [Test worker] DEBUG org.hibernate.persister.collection.AbstractCollectionPersister - Inserting collection: [com.epam.esm.model.entity.OrderEntity.certificateEntities#16]
03:44:02.940 [Test worker] DEBUG org.hibernate.persister.collection.AbstractCollectionPersister - Collection was empty
03:44:02.940 [Test worker] DEBUG org.hibernate.persister.collection.AbstractCollectionPersister - Inserting collection: [com.epam.esm.model.entity.OrderEntity.certificateEntities#17]
03:44:02.940 [Test worker] DEBUG org.hibernate.persister.collection.AbstractCollectionPersister - Collection was empty
03:44:02.942 [Test worker] DEBUG org.hibernate.SQL - select orderentit0_.id as id1_2_, orderentit0_.owner_id as owner_id4_2_, orderentit0_.purchaseDate as purchase2_2_, orderentit0_.summary as summary3_2_ from OrderEntity orderentit0_ cross join UserEntity userentity1_ where orderentit0_.owner_id=userentity1_.id and userentity1_.username=?
Hibernate: select orderentit0_.id as id1_2_, orderentit0_.owner_id as owner_id4_2_, orderentit0_.purchaseDate as purchase2_2_, orderentit0_.summary as summary3_2_ from OrderEntity orderentit0_ cross join UserEntity userentity1_ where orderentit0_.owner_id=userentity1_.id and userentity1_.username=?
03:44:02.944 [Test worker] DEBUG org.hibernate.loader.Loader - Result set row: 0
03:44:02.944 [Test worker] DEBUG org.hibernate.loader.Loader - Result row: EntityKey[com.epam.esm.model.entity.OrderEntity#3]
03:44:02.944 [Test worker] DEBUG org.hibernate.loader.Loader - Result set row: 1
03:44:02.944 [Test worker] DEBUG org.hibernate.loader.Loader - Result row: EntityKey[com.epam.esm.model.entity.OrderEntity#5]
03:44:02.944 [Test worker] DEBUG org.hibernate.loader.Loader - Result set row: 2
03:44:02.944 [Test worker] DEBUG org.hibernate.loader.Loader - Result row: EntityKey[com.epam.esm.model.entity.OrderEntity#7]
03:44:02.944 [Test worker] DEBUG org.hibernate.loader.Loader - Result set row: 3
03:44:02.944 [Test worker] DEBUG org.hibernate.loader.Loader - Result row: EntityKey[com.epam.esm.model.entity.OrderEntity#9]
03:44:02.944 [Test worker] DEBUG org.hibernate.loader.Loader - Result set row: 4
03:44:02.944 [Test worker] DEBUG org.hibernate.loader.Loader - Result row: EntityKey[com.epam.esm.model.entity.OrderEntity#11]
03:44:02.945 [Test worker] DEBUG org.hibernate.loader.Loader - Result set row: 5
03:44:02.945 [Test worker] DEBUG org.hibernate.loader.Loader - Result row: EntityKey[com.epam.esm.model.entity.OrderEntity#13]
03:44:02.945 [Test worker] DEBUG org.hibernate.loader.Loader - Result set row: 6
03:44:02.945 [Test worker] DEBUG org.hibernate.loader.Loader - Result row: EntityKey[com.epam.esm.model.entity.OrderEntity#15]
03:44:02.945 [Test worker] DEBUG org.hibernate.loader.Loader - Result set row: 7
03:44:02.945 [Test worker] DEBUG org.hibernate.loader.Loader - Result row: EntityKey[com.epam.esm.model.entity.OrderEntity#17]
03:44:02.945 [Test worker] DEBUG org.hibernate.stat.internal.StatisticsImpl - HHH000117: HQL: SELECT ord FROM OrderEntity ord WHERE ord.owner.username = ?1, time: 2ms, rows: 8
03:44:02.948 [Test worker] DEBUG org.springframework.test.context.cache.DefaultCacheAwareContextLoaderDelegate - Retrieved ApplicationContext [271043915] from cache with key [[MergedContextConfiguration@3832667a testClass = OrderServiceImplTest, locations = '{}', classes = '{class com.epam.esm.configuration.ServiceTestConfiguration}', contextInitializerClasses = '[]', activeProfiles = '{}', propertySourceLocations = '{}', propertySourceProperties = '{}', contextCustomizers = set[org.springframework.boot.test.autoconfigure.actuate.metrics.MetricsExportContextCustomizerFactory$DisableMetricExportContextCustomizer@4c596bb4, org.springframework.boot.test.autoconfigure.properties.PropertyMappingContextCustomizer@0, org.springframework.boot.test.autoconfigure.web.servlet.WebDriverContextCustomizerFactory$Customizer@de4aa03, org.springframework.boot.test.context.filter.ExcludeFilterContextCustomizer@6e0c30e0, org.springframework.boot.test.json.DuplicateJsonObjectContextCustomizerFactory$DuplicateJsonObjectContextCustomizer@616df5e9, org.springframework.boot.test.mock.mockito.MockitoContextCustomizer@0], contextLoader = 'org.springframework.test.context.support.DelegatingSmartContextLoader', parent = [null]]]
03:44:02.948 [Test worker] DEBUG org.springframework.test.context.cache - Spring test ApplicationContext cache statistics: [DefaultContextCache@39430ca size = 1, maxSize = 32, parentContextCount = 0, hitCount = 82, missCount = 1]
03:44:02.949 [Test worker] DEBUG org.springframework.test.context.cache.DefaultCacheAwareContextLoaderDelegate - Retrieved ApplicationContext [271043915] from cache with key [[MergedContextConfiguration@3832667a testClass = OrderServiceImplTest, locations = '{}', classes = '{class com.epam.esm.configuration.ServiceTestConfiguration}', contextInitializerClasses = '[]', activeProfiles = '{}', propertySourceLocations = '{}', propertySourceProperties = '{}', contextCustomizers = set[org.springframework.boot.test.autoconfigure.actuate.metrics.MetricsExportContextCustomizerFactory$DisableMetricExportContextCustomizer@4c596bb4, org.springframework.boot.test.autoconfigure.properties.PropertyMappingContextCustomizer@0, org.springframework.boot.test.autoconfigure.web.servlet.WebDriverContextCustomizerFactory$Customizer@de4aa03, org.springframework.boot.test.context.filter.ExcludeFilterContextCustomizer@6e0c30e0, org.springframework.boot.test.json.DuplicateJsonObjectContextCustomizerFactory$DuplicateJsonObjectContextCustomizer@616df5e9, org.springframework.boot.test.mock.mockito.MockitoContextCustomizer@0], contextLoader = 'org.springframework.test.context.support.DelegatingSmartContextLoader', parent = [null]]]
03:44:02.949 [Test worker] DEBUG org.springframework.test.context.cache - Spring test ApplicationContext cache statistics: [DefaultContextCache@39430ca size = 1, maxSize = 32, parentContextCount = 0, hitCount = 83, missCount = 1]
03:44:02.949 [Test worker] DEBUG org.springframework.test.context.cache.DefaultCacheAwareContextLoaderDelegate - Retrieved ApplicationContext [271043915] from cache with key [[MergedContextConfiguration@3832667a testClass = OrderServiceImplTest, locations = '{}', classes = '{class com.epam.esm.configuration.ServiceTestConfiguration}', contextInitializerClasses = '[]', activeProfiles = '{}', propertySourceLocations = '{}', propertySourceProperties = '{}', contextCustomizers = set[org.springframework.boot.test.autoconfigure.actuate.metrics.MetricsExportContextCustomizerFactory$DisableMetricExportContextCustomizer@4c596bb4, org.springframework.boot.test.autoconfigure.properties.PropertyMappingContextCustomizer@0, org.springframework.boot.test.autoconfigure.web.servlet.WebDriverContextCustomizerFactory$Customizer@de4aa03, org.springframework.boot.test.context.filter.ExcludeFilterContextCustomizer@6e0c30e0, org.springframework.boot.test.json.DuplicateJsonObjectContextCustomizerFactory$DuplicateJsonObjectContextCustomizer@616df5e9, org.springframework.boot.test.mock.mockito.MockitoContextCustomizer@0], contextLoader = 'org.springframework.test.context.support.DelegatingSmartContextLoader', parent = [null]]]
03:44:02.950 [Test worker] DEBUG org.springframework.test.context.cache - Spring test ApplicationContext cache statistics: [DefaultContextCache@39430ca size = 1, maxSize = 32, parentContextCount = 0, hitCount = 84, missCount = 1]
03:44:02.950 [Test worker] DEBUG org.springframework.test.context.cache.DefaultCacheAwareContextLoaderDelegate - Retrieved ApplicationContext [271043915] from cache with key [[MergedContextConfiguration@3832667a testClass = OrderServiceImplTest, locations = '{}', classes = '{class com.epam.esm.configuration.ServiceTestConfiguration}', contextInitializerClasses = '[]', activeProfiles = '{}', propertySourceLocations = '{}', propertySourceProperties = '{}', contextCustomizers = set[org.springframework.boot.test.autoconfigure.actuate.metrics.MetricsExportContextCustomizerFactory$DisableMetricExportContextCustomizer@4c596bb4, org.springframework.boot.test.autoconfigure.properties.PropertyMappingContextCustomizer@0, org.springframework.boot.test.autoconfigure.web.servlet.WebDriverContextCustomizerFactory$Customizer@de4aa03, org.springframework.boot.test.context.filter.ExcludeFilterContextCustomizer@6e0c30e0, org.springframework.boot.test.json.DuplicateJsonObjectContextCustomizerFactory$DuplicateJsonObjectContextCustomizer@616df5e9, org.springframework.boot.test.mock.mockito.MockitoContextCustomizer@0], contextLoader = 'org.springframework.test.context.support.DelegatingSmartContextLoader', parent = [null]]]
03:44:02.950 [Test worker] DEBUG org.springframework.test.context.cache - Spring test ApplicationContext cache statistics: [DefaultContextCache@39430ca size = 1, maxSize = 32, parentContextCount = 0, hitCount = 85, missCount = 1]
03:44:02.950 [Test worker] DEBUG org.springframework.test.context.cache.DefaultCacheAwareContextLoaderDelegate - Retrieved ApplicationContext [271043915] from cache with key [[MergedContextConfiguration@3832667a testClass = OrderServiceImplTest, locations = '{}', classes = '{class com.epam.esm.configuration.ServiceTestConfiguration}', contextInitializerClasses = '[]', activeProfiles = '{}', propertySourceLocations = '{}', propertySourceProperties = '{}', contextCustomizers = set[org.springframework.boot.test.autoconfigure.actuate.metrics.MetricsExportContextCustomizerFactory$DisableMetricExportContextCustomizer@4c596bb4, org.springframework.boot.test.autoconfigure.properties.PropertyMappingContextCustomizer@0, org.springframework.boot.test.autoconfigure.web.servlet.WebDriverContextCustomizerFactory$Customizer@de4aa03, org.springframework.boot.test.context.filter.ExcludeFilterContextCustomizer@6e0c30e0, org.springframework.boot.test.json.DuplicateJsonObjectContextCustomizerFactory$DuplicateJsonObjectContextCustomizer@616df5e9, org.springframework.boot.test.mock.mockito.MockitoContextCustomizer@0], contextLoader = 'org.springframework.test.context.support.DelegatingSmartContextLoader', parent = [null]]]
03:44:02.950 [Test worker] DEBUG org.springframework.test.context.cache - Spring test ApplicationContext cache statistics: [DefaultContextCache@39430ca size = 1, maxSize = 32, parentContextCount = 0, hitCount = 86, missCount = 1]
03:44:02.951 [Test worker] DEBUG org.springframework.test.context.cache.DefaultCacheAwareContextLoaderDelegate - Retrieved ApplicationContext [271043915] from cache with key [[MergedContextConfiguration@3832667a testClass = OrderServiceImplTest, locations = '{}', classes = '{class com.epam.esm.configuration.ServiceTestConfiguration}', contextInitializerClasses = '[]', activeProfiles = '{}', propertySourceLocations = '{}', propertySourceProperties = '{}', contextCustomizers = set[org.springframework.boot.test.autoconfigure.actuate.metrics.MetricsExportContextCustomizerFactory$DisableMetricExportContextCustomizer@4c596bb4, org.springframework.boot.test.autoconfigure.properties.PropertyMappingContextCustomizer@0, org.springframework.boot.test.autoconfigure.web.servlet.WebDriverContextCustomizerFactory$Customizer@de4aa03, org.springframework.boot.test.context.filter.ExcludeFilterContextCustomizer@6e0c30e0, org.springframework.boot.test.json.DuplicateJsonObjectContextCustomizerFactory$DuplicateJsonObjectContextCustomizer@616df5e9, org.springframework.boot.test.mock.mockito.MockitoContextCustomizer@0], contextLoader = 'org.springframework.test.context.support.DelegatingSmartContextLoader', parent = [null]]]
03:44:02.951 [Test worker] DEBUG org.springframework.test.context.cache - Spring test ApplicationContext cache statistics: [DefaultContextCache@39430ca size = 1, maxSize = 32, parentContextCount = 0, hitCount = 87, missCount = 1]
03:44:02.951 [Test worker] DEBUG org.springframework.orm.jpa.JpaTransactionManager - Initiating transaction rollback
03:44:02.951 [Test worker] DEBUG org.springframework.orm.jpa.JpaTransactionManager - Rolling back JPA transaction on EntityManager [SessionImpl(1138021176<open>)]
03:44:02.951 [Test worker] DEBUG org.hibernate.engine.transaction.internal.TransactionImpl - rolling back
03:44:02.953 [Test worker] DEBUG org.springframework.orm.jpa.JpaTransactionManager - Closing JPA EntityManager [SessionImpl(1138021176<open>)] after transaction
03:44:02.953 [Test worker] INFO org.hibernate.engine.internal.StatisticalLoggingSessionEventListener - Session Metrics {
    514173 nanoseconds spent acquiring 1 JDBC connections;
    0 nanoseconds spent releasing 0 JDBC connections;
    3145739 nanoseconds spent preparing 37 JDBC statements;
    11867684 nanoseconds spent executing 37 JDBC statements;
    0 nanoseconds spent executing 0 JDBC batches;
    0 nanoseconds spent performing 0 L2C puts;
    0 nanoseconds spent performing 0 L2C hits;
    0 nanoseconds spent performing 0 L2C misses;
    0 nanoseconds spent executing 0 flushes (flushing a total of 0 entities and 0 collections);
    67056967 nanoseconds spent executing 19 partial-flushes (flushing a total of 171 entities and 171 collections)
}
03:44:02.954 [Test worker] INFO org.springframework.test.context.transaction.TransactionContext - Rolled back transaction for test: [DefaultTestContext@3d98918e testClass = OrderServiceImplTest, testInstance = com.epam.esm.service.impl.OrderServiceImplTest@65a4dd0d, testMethod = findOrdersByOwnerTest@OrderServiceImplTest, testException = [null], mergedContextConfiguration = [MergedContextConfiguration@3832667a testClass = OrderServiceImplTest, locations = '{}', classes = '{class com.epam.esm.configuration.ServiceTestConfiguration}', contextInitializerClasses = '[]', activeProfiles = '{}', propertySourceLocations = '{}', propertySourceProperties = '{}', contextCustomizers = set[org.springframework.boot.test.autoconfigure.actuate.metrics.MetricsExportContextCustomizerFactory$DisableMetricExportContextCustomizer@4c596bb4, org.springframework.boot.test.autoconfigure.properties.PropertyMappingContextCustomizer@0, org.springframework.boot.test.autoconfigure.web.servlet.WebDriverContextCustomizerFactory$Customizer@de4aa03, org.springframework.boot.test.context.filter.ExcludeFilterContextCustomizer@6e0c30e0, org.springframework.boot.test.json.DuplicateJsonObjectContextCustomizerFactory$DuplicateJsonObjectContextCustomizer@616df5e9, org.springframework.boot.test.mock.mockito.MockitoContextCustomizer@0], contextLoader = 'org.springframework.test.context.support.DelegatingSmartContextLoader', parent = [null]], attributes = map['org.springframework.test.context.event.ApplicationEventsTestExecutionListener.recordApplicationEvents' -> false]]
03:44:02.955 [Test worker] DEBUG org.springframework.test.context.support.AbstractDirtiesContextTestExecutionListener - After test method: context [DefaultTestContext@3d98918e testClass = OrderServiceImplTest, testInstance = com.epam.esm.service.impl.OrderServiceImplTest@65a4dd0d, testMethod = findOrdersByOwnerTest@OrderServiceImplTest, testException = [null], mergedContextConfiguration = [MergedContextConfiguration@3832667a testClass = OrderServiceImplTest, locations = '{}', classes = '{class com.epam.esm.configuration.ServiceTestConfiguration}', contextInitializerClasses = '[]', activeProfiles = '{}', propertySourceLocations = '{}', propertySourceProperties = '{}', contextCustomizers = set[org.springframework.boot.test.autoconfigure.actuate.metrics.MetricsExportContextCustomizerFactory$DisableMetricExportContextCustomizer@4c596bb4, org.springframework.boot.test.autoconfigure.properties.PropertyMappingContextCustomizer@0, org.springframework.boot.test.autoconfigure.web.servlet.WebDriverContextCustomizerFactory$Customizer@de4aa03, org.springframework.boot.test.context.filter.ExcludeFilterContextCustomizer@6e0c30e0, org.springframework.boot.test.json.DuplicateJsonObjectContextCustomizerFactory$DuplicateJsonObjectContextCustomizer@616df5e9, org.springframework.boot.test.mock.mockito.MockitoContextCustomizer@0], contextLoader = 'org.springframework.test.context.support.DelegatingSmartContextLoader', parent = [null]], attributes = map['org.springframework.test.context.event.ApplicationEventsTestExecutionListener.recordApplicationEvents' -> false]], class annotated with @DirtiesContext [false] with mode [null], method annotated with @DirtiesContext [false] with mode [null].
03:44:02.956 [Test worker] DEBUG org.springframework.test.context.support.DependencyInjectionTestExecutionListener - Performing dependency injection for test context [[DefaultTestContext@3d98918e testClass = OrderServiceImplTest, testInstance = com.epam.esm.service.impl.OrderServiceImplTest@562b8db9, testMethod = [null], testException = [null], mergedContextConfiguration = [MergedContextConfiguration@3832667a testClass = OrderServiceImplTest, locations = '{}', classes = '{class com.epam.esm.configuration.ServiceTestConfiguration}', contextInitializerClasses = '[]', activeProfiles = '{}', propertySourceLocations = '{}', propertySourceProperties = '{}', contextCustomizers = set[org.springframework.boot.test.autoconfigure.actuate.metrics.MetricsExportContextCustomizerFactory$DisableMetricExportContextCustomizer@4c596bb4, org.springframework.boot.test.autoconfigure.properties.PropertyMappingContextCustomizer@0, org.springframework.boot.test.autoconfigure.web.servlet.WebDriverContextCustomizerFactory$Customizer@de4aa03, org.springframework.boot.test.context.filter.ExcludeFilterContextCustomizer@6e0c30e0, org.springframework.boot.test.json.DuplicateJsonObjectContextCustomizerFactory$DuplicateJsonObjectContextCustomizer@616df5e9, org.springframework.boot.test.mock.mockito.MockitoContextCustomizer@0], contextLoader = 'org.springframework.test.context.support.DelegatingSmartContextLoader', parent = [null]], attributes = map['org.springframework.test.context.event.ApplicationEventsTestExecutionListener.recordApplicationEvents' -> false]]].
03:44:02.956 [Test worker] DEBUG org.springframework.test.context.cache.DefaultCacheAwareContextLoaderDelegate - Retrieved ApplicationContext [271043915] from cache with key [[MergedContextConfiguration@3832667a testClass = OrderServiceImplTest, locations = '{}', classes = '{class com.epam.esm.configuration.ServiceTestConfiguration}', contextInitializerClasses = '[]', activeProfiles = '{}', propertySourceLocations = '{}', propertySourceProperties = '{}', contextCustomizers = set[org.springframework.boot.test.autoconfigure.actuate.metrics.MetricsExportContextCustomizerFactory$DisableMetricExportContextCustomizer@4c596bb4, org.springframework.boot.test.autoconfigure.properties.PropertyMappingContextCustomizer@0, org.springframework.boot.test.autoconfigure.web.servlet.WebDriverContextCustomizerFactory$Customizer@de4aa03, org.springframework.boot.test.context.filter.ExcludeFilterContextCustomizer@6e0c30e0, org.springframework.boot.test.json.DuplicateJsonObjectContextCustomizerFactory$DuplicateJsonObjectContextCustomizer@616df5e9, org.springframework.boot.test.mock.mockito.MockitoContextCustomizer@0], contextLoader = 'org.springframework.test.context.support.DelegatingSmartContextLoader', parent = [null]]]
03:44:02.956 [Test worker] DEBUG org.springframework.test.context.cache - Spring test ApplicationContext cache statistics: [DefaultContextCache@39430ca size = 1, maxSize = 32, parentContextCount = 0, hitCount = 88, missCount = 1]
03:44:02.957 [Test worker] DEBUG org.springframework.test.context.cache.DefaultCacheAwareContextLoaderDelegate - Retrieved ApplicationContext [271043915] from cache with key [[MergedContextConfiguration@3832667a testClass = OrderServiceImplTest, locations = '{}', classes = '{class com.epam.esm.configuration.ServiceTestConfiguration}', contextInitializerClasses = '[]', activeProfiles = '{}', propertySourceLocations = '{}', propertySourceProperties = '{}', contextCustomizers = set[org.springframework.boot.test.autoconfigure.actuate.metrics.MetricsExportContextCustomizerFactory$DisableMetricExportContextCustomizer@4c596bb4, org.springframework.boot.test.autoconfigure.properties.PropertyMappingContextCustomizer@0, org.springframework.boot.test.autoconfigure.web.servlet.WebDriverContextCustomizerFactory$Customizer@de4aa03, org.springframework.boot.test.context.filter.ExcludeFilterContextCustomizer@6e0c30e0, org.springframework.boot.test.json.DuplicateJsonObjectContextCustomizerFactory$DuplicateJsonObjectContextCustomizer@616df5e9, org.springframework.boot.test.mock.mockito.MockitoContextCustomizer@0], contextLoader = 'org.springframework.test.context.support.DelegatingSmartContextLoader', parent = [null]]]
03:44:02.957 [Test worker] DEBUG org.springframework.test.context.cache - Spring test ApplicationContext cache statistics: [DefaultContextCache@39430ca size = 1, maxSize = 32, parentContextCount = 0, hitCount = 89, missCount = 1]
03:44:02.958 [Test worker] DEBUG org.springframework.test.context.support.AbstractDirtiesContextTestExecutionListener - Before test method: context [DefaultTestContext@3d98918e testClass = OrderServiceImplTest, testInstance = com.epam.esm.service.impl.OrderServiceImplTest@562b8db9, testMethod = addOrderForUserFailTest@OrderServiceImplTest, testException = [null], mergedContextConfiguration = [MergedContextConfiguration@3832667a testClass = OrderServiceImplTest, locations = '{}', classes = '{class com.epam.esm.configuration.ServiceTestConfiguration}', contextInitializerClasses = '[]', activeProfiles = '{}', propertySourceLocations = '{}', propertySourceProperties = '{}', contextCustomizers = set[org.springframework.boot.test.autoconfigure.actuate.metrics.MetricsExportContextCustomizerFactory$DisableMetricExportContextCustomizer@4c596bb4, org.springframework.boot.test.autoconfigure.properties.PropertyMappingContextCustomizer@0, org.springframework.boot.test.autoconfigure.web.servlet.WebDriverContextCustomizerFactory$Customizer@de4aa03, org.springframework.boot.test.context.filter.ExcludeFilterContextCustomizer@6e0c30e0, org.springframework.boot.test.json.DuplicateJsonObjectContextCustomizerFactory$DuplicateJsonObjectContextCustomizer@616df5e9, org.springframework.boot.test.mock.mockito.MockitoContextCustomizer@0], contextLoader = 'org.springframework.test.context.support.DelegatingSmartContextLoader', parent = [null]], attributes = map['org.springframework.test.context.event.ApplicationEventsTestExecutionListener.recordApplicationEvents' -> false]], class annotated with @DirtiesContext [false] with mode [null], method annotated with @DirtiesContext [false] with mode [null].
03:44:02.958 [Test worker] DEBUG org.springframework.test.context.transaction.TransactionalTestExecutionListener - Explicit transaction definition [PROPAGATION_REQUIRED,ISOLATION_DEFAULT] found for test context [DefaultTestContext@3d98918e testClass = OrderServiceImplTest, testInstance = com.epam.esm.service.impl.OrderServiceImplTest@562b8db9, testMethod = addOrderForUserFailTest@OrderServiceImplTest, testException = [null], mergedContextConfiguration = [MergedContextConfiguration@3832667a testClass = OrderServiceImplTest, locations = '{}', classes = '{class com.epam.esm.configuration.ServiceTestConfiguration}', contextInitializerClasses = '[]', activeProfiles = '{}', propertySourceLocations = '{}', propertySourceProperties = '{}', contextCustomizers = set[org.springframework.boot.test.autoconfigure.actuate.metrics.MetricsExportContextCustomizerFactory$DisableMetricExportContextCustomizer@4c596bb4, org.springframework.boot.test.autoconfigure.properties.PropertyMappingContextCustomizer@0, org.springframework.boot.test.autoconfigure.web.servlet.WebDriverContextCustomizerFactory$Customizer@de4aa03, org.springframework.boot.test.context.filter.ExcludeFilterContextCustomizer@6e0c30e0, org.springframework.boot.test.json.DuplicateJsonObjectContextCustomizerFactory$DuplicateJsonObjectContextCustomizer@616df5e9, org.springframework.boot.test.mock.mockito.MockitoContextCustomizer@0], contextLoader = 'org.springframework.test.context.support.DelegatingSmartContextLoader', parent = [null]], attributes = map['org.springframework.test.context.event.ApplicationEventsTestExecutionListener.recordApplicationEvents' -> false]]
03:44:02.958 [Test worker] DEBUG org.springframework.test.context.cache.DefaultCacheAwareContextLoaderDelegate - Retrieved ApplicationContext [271043915] from cache with key [[MergedContextConfiguration@3832667a testClass = OrderServiceImplTest, locations = '{}', classes = '{class com.epam.esm.configuration.ServiceTestConfiguration}', contextInitializerClasses = '[]', activeProfiles = '{}', propertySourceLocations = '{}', propertySourceProperties = '{}', contextCustomizers = set[org.springframework.boot.test.autoconfigure.actuate.metrics.MetricsExportContextCustomizerFactory$DisableMetricExportContextCustomizer@4c596bb4, org.springframework.boot.test.autoconfigure.properties.PropertyMappingContextCustomizer@0, org.springframework.boot.test.autoconfigure.web.servlet.WebDriverContextCustomizerFactory$Customizer@de4aa03, org.springframework.boot.test.context.filter.ExcludeFilterContextCustomizer@6e0c30e0, org.springframework.boot.test.json.DuplicateJsonObjectContextCustomizerFactory$DuplicateJsonObjectContextCustomizer@616df5e9, org.springframework.boot.test.mock.mockito.MockitoContextCustomizer@0], contextLoader = 'org.springframework.test.context.support.DelegatingSmartContextLoader', parent = [null]]]
03:44:02.958 [Test worker] DEBUG org.springframework.test.context.cache - Spring test ApplicationContext cache statistics: [DefaultContextCache@39430ca size = 1, maxSize = 32, parentContextCount = 0, hitCount = 90, missCount = 1]
03:44:02.959 [Test worker] DEBUG org.springframework.test.context.transaction.TransactionalTestExecutionListener - No method-level @Rollback override: using default rollback [true] for test context [DefaultTestContext@3d98918e testClass = OrderServiceImplTest, testInstance = com.epam.esm.service.impl.OrderServiceImplTest@562b8db9, testMethod = addOrderForUserFailTest@OrderServiceImplTest, testException = [null], mergedContextConfiguration = [MergedContextConfiguration@3832667a testClass = OrderServiceImplTest, locations = '{}', classes = '{class com.epam.esm.configuration.ServiceTestConfiguration}', contextInitializerClasses = '[]', activeProfiles = '{}', propertySourceLocations = '{}', propertySourceProperties = '{}', contextCustomizers = set[org.springframework.boot.test.autoconfigure.actuate.metrics.MetricsExportContextCustomizerFactory$DisableMetricExportContextCustomizer@4c596bb4, org.springframework.boot.test.autoconfigure.properties.PropertyMappingContextCustomizer@0, org.springframework.boot.test.autoconfigure.web.servlet.WebDriverContextCustomizerFactory$Customizer@de4aa03, org.springframework.boot.test.context.filter.ExcludeFilterContextCustomizer@6e0c30e0, org.springframework.boot.test.json.DuplicateJsonObjectContextCustomizerFactory$DuplicateJsonObjectContextCustomizer@616df5e9, org.springframework.boot.test.mock.mockito.MockitoContextCustomizer@0], contextLoader = 'org.springframework.test.context.support.DelegatingSmartContextLoader', parent = [null]], attributes = map['org.springframework.test.context.event.ApplicationEventsTestExecutionListener.recordApplicationEvents' -> false]].
03:44:02.959 [Test worker] DEBUG org.springframework.orm.jpa.JpaTransactionManager - Creating new transaction with name [com.epam.esm.service.impl.OrderServiceImplTest.addOrderForUserFailTest]: PROPAGATION_REQUIRED,ISOLATION_DEFAULT
03:44:02.959 [Test worker] DEBUG org.springframework.orm.jpa.JpaTransactionManager - Opened new EntityManager [SessionImpl(343455023<open>)] for JPA transaction
03:44:02.959 [Test worker] DEBUG org.hibernate.engine.transaction.internal.TransactionImpl - On TransactionImpl creation, JpaCompliance#isJpaTransactionComplianceEnabled == false
03:44:02.959 [Test worker] DEBUG org.hibernate.engine.transaction.internal.TransactionImpl - begin
03:44:02.959 [Test worker] DEBUG org.springframework.jdbc.datasource.DriverManagerDataSource - Creating new JDBC DriverManager Connection to [jdbc:h2:mem:second;DB_CLOSE_DELAY=-1]
03:44:02.959 [Test worker] DEBUG org.springframework.orm.jpa.JpaTransactionManager - Exposing JPA transaction as JDBC [org.springframework.orm.jpa.vendor.HibernateJpaDialect$HibernateConnectionHandle@22529528]
03:44:02.959 [Test worker] INFO org.springframework.test.context.transaction.TransactionContext - Began transaction (1) for test context [DefaultTestContext@3d98918e testClass = OrderServiceImplTest, testInstance = com.epam.esm.service.impl.OrderServiceImplTest@562b8db9, testMethod = addOrderForUserFailTest@OrderServiceImplTest, testException = [null], mergedContextConfiguration = [MergedContextConfiguration@3832667a testClass = OrderServiceImplTest, locations = '{}', classes = '{class com.epam.esm.configuration.ServiceTestConfiguration}', contextInitializerClasses = '[]', activeProfiles = '{}', propertySourceLocations = '{}', propertySourceProperties = '{}', contextCustomizers = set[org.springframework.boot.test.autoconfigure.actuate.metrics.MetricsExportContextCustomizerFactory$DisableMetricExportContextCustomizer@4c596bb4, org.springframework.boot.test.autoconfigure.properties.PropertyMappingContextCustomizer@0, org.springframework.boot.test.autoconfigure.web.servlet.WebDriverContextCustomizerFactory$Customizer@de4aa03, org.springframework.boot.test.context.filter.ExcludeFilterContextCustomizer@6e0c30e0, org.springframework.boot.test.json.DuplicateJsonObjectContextCustomizerFactory$DuplicateJsonObjectContextCustomizer@616df5e9, org.springframework.boot.test.mock.mockito.MockitoContextCustomizer@0], contextLoader = 'org.springframework.test.context.support.DelegatingSmartContextLoader', parent = [null]], attributes = map['org.springframework.test.context.event.ApplicationEventsTestExecutionListener.recordApplicationEvents' -> false]]; transaction manager [org.springframework.orm.jpa.JpaTransactionManager@60670f05]; rollback [true]
03:44:02.960 [Test worker] DEBUG org.springframework.test.context.cache.DefaultCacheAwareContextLoaderDelegate - Retrieved ApplicationContext [271043915] from cache with key [[MergedContextConfiguration@3832667a testClass = OrderServiceImplTest, locations = '{}', classes = '{class com.epam.esm.configuration.ServiceTestConfiguration}', contextInitializerClasses = '[]', activeProfiles = '{}', propertySourceLocations = '{}', propertySourceProperties = '{}', contextCustomizers = set[org.springframework.boot.test.autoconfigure.actuate.metrics.MetricsExportContextCustomizerFactory$DisableMetricExportContextCustomizer@4c596bb4, org.springframework.boot.test.autoconfigure.properties.PropertyMappingContextCustomizer@0, org.springframework.boot.test.autoconfigure.web.servlet.WebDriverContextCustomizerFactory$Customizer@de4aa03, org.springframework.boot.test.context.filter.ExcludeFilterContextCustomizer@6e0c30e0, org.springframework.boot.test.json.DuplicateJsonObjectContextCustomizerFactory$DuplicateJsonObjectContextCustomizer@616df5e9, org.springframework.boot.test.mock.mockito.MockitoContextCustomizer@0], contextLoader = 'org.springframework.test.context.support.DelegatingSmartContextLoader', parent = [null]]]
03:44:02.960 [Test worker] DEBUG org.springframework.test.context.cache - Spring test ApplicationContext cache statistics: [DefaultContextCache@39430ca size = 1, maxSize = 32, parentContextCount = 0, hitCount = 91, missCount = 1]
03:44:02.960 [Test worker] DEBUG org.springframework.test.context.cache.DefaultCacheAwareContextLoaderDelegate - Retrieved ApplicationContext [271043915] from cache with key [[MergedContextConfiguration@3832667a testClass = OrderServiceImplTest, locations = '{}', classes = '{class com.epam.esm.configuration.ServiceTestConfiguration}', contextInitializerClasses = '[]', activeProfiles = '{}', propertySourceLocations = '{}', propertySourceProperties = '{}', contextCustomizers = set[org.springframework.boot.test.autoconfigure.actuate.metrics.MetricsExportContextCustomizerFactory$DisableMetricExportContextCustomizer@4c596bb4, org.springframework.boot.test.autoconfigure.properties.PropertyMappingContextCustomizer@0, org.springframework.boot.test.autoconfigure.web.servlet.WebDriverContextCustomizerFactory$Customizer@de4aa03, org.springframework.boot.test.context.filter.ExcludeFilterContextCustomizer@6e0c30e0, org.springframework.boot.test.json.DuplicateJsonObjectContextCustomizerFactory$DuplicateJsonObjectContextCustomizer@616df5e9, org.springframework.boot.test.mock.mockito.MockitoContextCustomizer@0], contextLoader = 'org.springframework.test.context.support.DelegatingSmartContextLoader', parent = [null]]]
03:44:02.960 [Test worker] DEBUG org.springframework.test.context.cache - Spring test ApplicationContext cache statistics: [DefaultContextCache@39430ca size = 1, maxSize = 32, parentContextCount = 0, hitCount = 92, missCount = 1]
03:44:02.961 [Test worker] DEBUG org.springframework.test.context.cache.DefaultCacheAwareContextLoaderDelegate - Retrieved ApplicationContext [271043915] from cache with key [[MergedContextConfiguration@3832667a testClass = OrderServiceImplTest, locations = '{}', classes = '{class com.epam.esm.configuration.ServiceTestConfiguration}', contextInitializerClasses = '[]', activeProfiles = '{}', propertySourceLocations = '{}', propertySourceProperties = '{}', contextCustomizers = set[org.springframework.boot.test.autoconfigure.actuate.metrics.MetricsExportContextCustomizerFactory$DisableMetricExportContextCustomizer@4c596bb4, org.springframework.boot.test.autoconfigure.properties.PropertyMappingContextCustomizer@0, org.springframework.boot.test.autoconfigure.web.servlet.WebDriverContextCustomizerFactory$Customizer@de4aa03, org.springframework.boot.test.context.filter.ExcludeFilterContextCustomizer@6e0c30e0, org.springframework.boot.test.json.DuplicateJsonObjectContextCustomizerFactory$DuplicateJsonObjectContextCustomizer@616df5e9, org.springframework.boot.test.mock.mockito.MockitoContextCustomizer@0], contextLoader = 'org.springframework.test.context.support.DelegatingSmartContextLoader', parent = [null]]]
03:44:02.961 [Test worker] DEBUG org.springframework.test.context.cache - Spring test ApplicationContext cache statistics: [DefaultContextCache@39430ca size = 1, maxSize = 32, parentContextCount = 0, hitCount = 93, missCount = 1]
03:44:02.961 [Test worker] DEBUG org.springframework.orm.jpa.JpaTransactionManager - Found thread-bound EntityManager [SessionImpl(343455023<open>)] for JPA transaction
03:44:02.961 [Test worker] DEBUG org.springframework.orm.jpa.JpaTransactionManager - Participating in existing transaction
03:44:02.961 [Test worker] DEBUG org.hibernate.SQL - select certificat0_.id as id1_0_0_, certificat0_.createDate as createda2_0_0_, certificat0_.description as descript3_0_0_, certificat0_.duration as duration4_0_0_, certificat0_.lastUpdateDate as lastupda5_0_0_, certificat0_.name as name6_0_0_, certificat0_.price as price7_0_0_, tagentitie1_.CertificateEntity_id as certific1_1_1_, tagentity2_.id as tagentit2_1_1_, tagentity2_.id as id1_4_2_, tagentity2_.name as name2_4_2_ from CertificateEntity certificat0_ left outer join CertificateEntity_TagEntity tagentitie1_ on certificat0_.id=tagentitie1_.CertificateEntity_id left outer join TagEntity tagentity2_ on tagentitie1_.tagEntities_id=tagentity2_.id where certificat0_.id=?
Hibernate: select certificat0_.id as id1_0_0_, certificat0_.createDate as createda2_0_0_, certificat0_.description as descript3_0_0_, certificat0_.duration as duration4_0_0_, certificat0_.lastUpdateDate as lastupda5_0_0_, certificat0_.name as name6_0_0_, certificat0_.price as price7_0_0_, tagentitie1_.CertificateEntity_id as certific1_1_1_, tagentity2_.id as tagentit2_1_1_, tagentity2_.id as id1_4_2_, tagentity2_.name as name2_4_2_ from CertificateEntity certificat0_ left outer join CertificateEntity_TagEntity tagentitie1_ on certificat0_.id=tagentitie1_.CertificateEntity_id left outer join TagEntity tagentity2_ on tagentitie1_.tagEntities_id=tagentity2_.id where certificat0_.id=?
03:44:02.966 [Test worker] DEBUG org.hibernate.engine.loading.internal.CollectionLoadContext - No collections were found in result set for role: com.epam.esm.model.entity.CertificateEntity.tagEntities
03:44:02.967 [Test worker] DEBUG org.hibernate.loader.entity.plan.AbstractLoadPlanBasedEntityLoader - Done entity load : com.epam.esm.model.entity.CertificateEntity#1
03:44:02.968 [Test worker] DEBUG org.springframework.test.context.cache.DefaultCacheAwareContextLoaderDelegate - Retrieved ApplicationContext [271043915] from cache with key [[MergedContextConfiguration@3832667a testClass = OrderServiceImplTest, locations = '{}', classes = '{class com.epam.esm.configuration.ServiceTestConfiguration}', contextInitializerClasses = '[]', activeProfiles = '{}', propertySourceLocations = '{}', propertySourceProperties = '{}', contextCustomizers = set[org.springframework.boot.test.autoconfigure.actuate.metrics.MetricsExportContextCustomizerFactory$DisableMetricExportContextCustomizer@4c596bb4, org.springframework.boot.test.autoconfigure.properties.PropertyMappingContextCustomizer@0, org.springframework.boot.test.autoconfigure.web.servlet.WebDriverContextCustomizerFactory$Customizer@de4aa03, org.springframework.boot.test.context.filter.ExcludeFilterContextCustomizer@6e0c30e0, org.springframework.boot.test.json.DuplicateJsonObjectContextCustomizerFactory$DuplicateJsonObjectContextCustomizer@616df5e9, org.springframework.boot.test.mock.mockito.MockitoContextCustomizer@0], contextLoader = 'org.springframework.test.context.support.DelegatingSmartContextLoader', parent = [null]]]
03:44:02.968 [Test worker] DEBUG org.springframework.test.context.cache - Spring test ApplicationContext cache statistics: [DefaultContextCache@39430ca size = 1, maxSize = 32, parentContextCount = 0, hitCount = 94, missCount = 1]
03:44:02.968 [Test worker] DEBUG org.springframework.test.context.cache.DefaultCacheAwareContextLoaderDelegate - Retrieved ApplicationContext [271043915] from cache with key [[MergedContextConfiguration@3832667a testClass = OrderServiceImplTest, locations = '{}', classes = '{class com.epam.esm.configuration.ServiceTestConfiguration}', contextInitializerClasses = '[]', activeProfiles = '{}', propertySourceLocations = '{}', propertySourceProperties = '{}', contextCustomizers = set[org.springframework.boot.test.autoconfigure.actuate.metrics.MetricsExportContextCustomizerFactory$DisableMetricExportContextCustomizer@4c596bb4, org.springframework.boot.test.autoconfigure.properties.PropertyMappingContextCustomizer@0, org.springframework.boot.test.autoconfigure.web.servlet.WebDriverContextCustomizerFactory$Customizer@de4aa03, org.springframework.boot.test.context.filter.ExcludeFilterContextCustomizer@6e0c30e0, org.springframework.boot.test.json.DuplicateJsonObjectContextCustomizerFactory$DuplicateJsonObjectContextCustomizer@616df5e9, org.springframework.boot.test.mock.mockito.MockitoContextCustomizer@0], contextLoader = 'org.springframework.test.context.support.DelegatingSmartContextLoader', parent = [null]]]
03:44:02.968 [Test worker] DEBUG org.springframework.test.context.cache - Spring test ApplicationContext cache statistics: [DefaultContextCache@39430ca size = 1, maxSize = 32, parentContextCount = 0, hitCount = 95, missCount = 1]
03:44:02.969 [Test worker] DEBUG org.springframework.test.context.cache.DefaultCacheAwareContextLoaderDelegate - Retrieved ApplicationContext [271043915] from cache with key [[MergedContextConfiguration@3832667a testClass = OrderServiceImplTest, locations = '{}', classes = '{class com.epam.esm.configuration.ServiceTestConfiguration}', contextInitializerClasses = '[]', activeProfiles = '{}', propertySourceLocations = '{}', propertySourceProperties = '{}', contextCustomizers = set[org.springframework.boot.test.autoconfigure.actuate.metrics.MetricsExportContextCustomizerFactory$DisableMetricExportContextCustomizer@4c596bb4, org.springframework.boot.test.autoconfigure.properties.PropertyMappingContextCustomizer@0, org.springframework.boot.test.autoconfigure.web.servlet.WebDriverContextCustomizerFactory$Customizer@de4aa03, org.springframework.boot.test.context.filter.ExcludeFilterContextCustomizer@6e0c30e0, org.springframework.boot.test.json.DuplicateJsonObjectContextCustomizerFactory$DuplicateJsonObjectContextCustomizer@616df5e9, org.springframework.boot.test.mock.mockito.MockitoContextCustomizer@0], contextLoader = 'org.springframework.test.context.support.DelegatingSmartContextLoader', parent = [null]]]
03:44:02.969 [Test worker] DEBUG org.springframework.test.context.cache - Spring test ApplicationContext cache statistics: [DefaultContextCache@39430ca size = 1, maxSize = 32, parentContextCount = 0, hitCount = 96, missCount = 1]
03:44:02.969 [Test worker] DEBUG org.springframework.test.context.cache.DefaultCacheAwareContextLoaderDelegate - Retrieved ApplicationContext [271043915] from cache with key [[MergedContextConfiguration@3832667a testClass = OrderServiceImplTest, locations = '{}', classes = '{class com.epam.esm.configuration.ServiceTestConfiguration}', contextInitializerClasses = '[]', activeProfiles = '{}', propertySourceLocations = '{}', propertySourceProperties = '{}', contextCustomizers = set[org.springframework.boot.test.autoconfigure.actuate.metrics.MetricsExportContextCustomizerFactory$DisableMetricExportContextCustomizer@4c596bb4, org.springframework.boot.test.autoconfigure.properties.PropertyMappingContextCustomizer@0, org.springframework.boot.test.autoconfigure.web.servlet.WebDriverContextCustomizerFactory$Customizer@de4aa03, org.springframework.boot.test.context.filter.ExcludeFilterContextCustomizer@6e0c30e0, org.springframework.boot.test.json.DuplicateJsonObjectContextCustomizerFactory$DuplicateJsonObjectContextCustomizer@616df5e9, org.springframework.boot.test.mock.mockito.MockitoContextCustomizer@0], contextLoader = 'org.springframework.test.context.support.DelegatingSmartContextLoader', parent = [null]]]
03:44:02.969 [Test worker] DEBUG org.springframework.test.context.cache - Spring test ApplicationContext cache statistics: [DefaultContextCache@39430ca size = 1, maxSize = 32, parentContextCount = 0, hitCount = 97, missCount = 1]
03:44:02.969 [Test worker] DEBUG org.springframework.test.context.cache.DefaultCacheAwareContextLoaderDelegate - Retrieved ApplicationContext [271043915] from cache with key [[MergedContextConfiguration@3832667a testClass = OrderServiceImplTest, locations = '{}', classes = '{class com.epam.esm.configuration.ServiceTestConfiguration}', contextInitializerClasses = '[]', activeProfiles = '{}', propertySourceLocations = '{}', propertySourceProperties = '{}', contextCustomizers = set[org.springframework.boot.test.autoconfigure.actuate.metrics.MetricsExportContextCustomizerFactory$DisableMetricExportContextCustomizer@4c596bb4, org.springframework.boot.test.autoconfigure.properties.PropertyMappingContextCustomizer@0, org.springframework.boot.test.autoconfigure.web.servlet.WebDriverContextCustomizerFactory$Customizer@de4aa03, org.springframework.boot.test.context.filter.ExcludeFilterContextCustomizer@6e0c30e0, org.springframework.boot.test.json.DuplicateJsonObjectContextCustomizerFactory$DuplicateJsonObjectContextCustomizer@616df5e9, org.springframework.boot.test.mock.mockito.MockitoContextCustomizer@0], contextLoader = 'org.springframework.test.context.support.DelegatingSmartContextLoader', parent = [null]]]
03:44:02.969 [Test worker] DEBUG org.springframework.test.context.cache - Spring test ApplicationContext cache statistics: [DefaultContextCache@39430ca size = 1, maxSize = 32, parentContextCount = 0, hitCount = 98, missCount = 1]
03:44:02.970 [Test worker] DEBUG org.springframework.test.context.cache.DefaultCacheAwareContextLoaderDelegate - Retrieved ApplicationContext [271043915] from cache with key [[MergedContextConfiguration@3832667a testClass = OrderServiceImplTest, locations = '{}', classes = '{class com.epam.esm.configuration.ServiceTestConfiguration}', contextInitializerClasses = '[]', activeProfiles = '{}', propertySourceLocations = '{}', propertySourceProperties = '{}', contextCustomizers = set[org.springframework.boot.test.autoconfigure.actuate.metrics.MetricsExportContextCustomizerFactory$DisableMetricExportContextCustomizer@4c596bb4, org.springframework.boot.test.autoconfigure.properties.PropertyMappingContextCustomizer@0, org.springframework.boot.test.autoconfigure.web.servlet.WebDriverContextCustomizerFactory$Customizer@de4aa03, org.springframework.boot.test.context.filter.ExcludeFilterContextCustomizer@6e0c30e0, org.springframework.boot.test.json.DuplicateJsonObjectContextCustomizerFactory$DuplicateJsonObjectContextCustomizer@616df5e9, org.springframework.boot.test.mock.mockito.MockitoContextCustomizer@0], contextLoader = 'org.springframework.test.context.support.DelegatingSmartContextLoader', parent = [null]]]
03:44:02.970 [Test worker] DEBUG org.springframework.test.context.cache - Spring test ApplicationContext cache statistics: [DefaultContextCache@39430ca size = 1, maxSize = 32, parentContextCount = 0, hitCount = 99, missCount = 1]
03:44:02.970 [Test worker] DEBUG org.springframework.orm.jpa.JpaTransactionManager - Initiating transaction rollback
03:44:02.970 [Test worker] DEBUG org.springframework.orm.jpa.JpaTransactionManager - Rolling back JPA transaction on EntityManager [SessionImpl(343455023<open>)]
03:44:02.970 [Test worker] DEBUG org.hibernate.engine.transaction.internal.TransactionImpl - rolling back
03:44:02.970 [Test worker] DEBUG org.springframework.orm.jpa.JpaTransactionManager - Closing JPA EntityManager [SessionImpl(343455023<open>)] after transaction
03:44:02.970 [Test worker] INFO org.hibernate.engine.internal.StatisticalLoggingSessionEventListener - Session Metrics {
    443493 nanoseconds spent acquiring 1 JDBC connections;
    0 nanoseconds spent releasing 0 JDBC connections;
    902746 nanoseconds spent preparing 1 JDBC statements;
    224740 nanoseconds spent executing 1 JDBC statements;
    0 nanoseconds spent executing 0 JDBC batches;
    0 nanoseconds spent performing 0 L2C puts;
    0 nanoseconds spent performing 0 L2C hits;
    0 nanoseconds spent performing 0 L2C misses;
    0 nanoseconds spent executing 0 flushes (flushing a total of 0 entities and 0 collections);
    0 nanoseconds spent executing 0 partial-flushes (flushing a total of 0 entities and 0 collections)
}
03:44:02.971 [Test worker] INFO org.springframework.test.context.transaction.TransactionContext - Rolled back transaction for test: [DefaultTestContext@3d98918e testClass = OrderServiceImplTest, testInstance = com.epam.esm.service.impl.OrderServiceImplTest@562b8db9, testMethod = addOrderForUserFailTest@OrderServiceImplTest, testException = [null], mergedContextConfiguration = [MergedContextConfiguration@3832667a testClass = OrderServiceImplTest, locations = '{}', classes = '{class com.epam.esm.configuration.ServiceTestConfiguration}', contextInitializerClasses = '[]', activeProfiles = '{}', propertySourceLocations = '{}', propertySourceProperties = '{}', contextCustomizers = set[org.springframework.boot.test.autoconfigure.actuate.metrics.MetricsExportContextCustomizerFactory$DisableMetricExportContextCustomizer@4c596bb4, org.springframework.boot.test.autoconfigure.properties.PropertyMappingContextCustomizer@0, org.springframework.boot.test.autoconfigure.web.servlet.WebDriverContextCustomizerFactory$Customizer@de4aa03, org.springframework.boot.test.context.filter.ExcludeFilterContextCustomizer@6e0c30e0, org.springframework.boot.test.json.DuplicateJsonObjectContextCustomizerFactory$DuplicateJsonObjectContextCustomizer@616df5e9, org.springframework.boot.test.mock.mockito.MockitoContextCustomizer@0], contextLoader = 'org.springframework.test.context.support.DelegatingSmartContextLoader', parent = [null]], attributes = map['org.springframework.test.context.event.ApplicationEventsTestExecutionListener.recordApplicationEvents' -> false]]
03:44:02.971 [Test worker] DEBUG org.springframework.test.context.support.AbstractDirtiesContextTestExecutionListener - After test method: context [DefaultTestContext@3d98918e testClass = OrderServiceImplTest, testInstance = com.epam.esm.service.impl.OrderServiceImplTest@562b8db9, testMethod = addOrderForUserFailTest@OrderServiceImplTest, testException = [null], mergedContextConfiguration = [MergedContextConfiguration@3832667a testClass = OrderServiceImplTest, locations = '{}', classes = '{class com.epam.esm.configuration.ServiceTestConfiguration}', contextInitializerClasses = '[]', activeProfiles = '{}', propertySourceLocations = '{}', propertySourceProperties = '{}', contextCustomizers = set[org.springframework.boot.test.autoconfigure.actuate.metrics.MetricsExportContextCustomizerFactory$DisableMetricExportContextCustomizer@4c596bb4, org.springframework.boot.test.autoconfigure.properties.PropertyMappingContextCustomizer@0, org.springframework.boot.test.autoconfigure.web.servlet.WebDriverContextCustomizerFactory$Customizer@de4aa03, org.springframework.boot.test.context.filter.ExcludeFilterContextCustomizer@6e0c30e0, org.springframework.boot.test.json.DuplicateJsonObjectContextCustomizerFactory$DuplicateJsonObjectContextCustomizer@616df5e9, org.springframework.boot.test.mock.mockito.MockitoContextCustomizer@0], contextLoader = 'org.springframework.test.context.support.DelegatingSmartContextLoader', parent = [null]], attributes = map['org.springframework.test.context.event.ApplicationEventsTestExecutionListener.recordApplicationEvents' -> false]], class annotated with @DirtiesContext [false] with mode [null], method annotated with @DirtiesContext [false] with mode [null].
03:44:02.971 [Test worker] DEBUG org.springframework.test.context.cache.DefaultCacheAwareContextLoaderDelegate - Retrieved ApplicationContext [271043915] from cache with key [[MergedContextConfiguration@3832667a testClass = OrderServiceImplTest, locations = '{}', classes = '{class com.epam.esm.configuration.ServiceTestConfiguration}', contextInitializerClasses = '[]', activeProfiles = '{}', propertySourceLocations = '{}', propertySourceProperties = '{}', contextCustomizers = set[org.springframework.boot.test.autoconfigure.actuate.metrics.MetricsExportContextCustomizerFactory$DisableMetricExportContextCustomizer@4c596bb4, org.springframework.boot.test.autoconfigure.properties.PropertyMappingContextCustomizer@0, org.springframework.boot.test.autoconfigure.web.servlet.WebDriverContextCustomizerFactory$Customizer@de4aa03, org.springframework.boot.test.context.filter.ExcludeFilterContextCustomizer@6e0c30e0, org.springframework.boot.test.json.DuplicateJsonObjectContextCustomizerFactory$DuplicateJsonObjectContextCustomizer@616df5e9, org.springframework.boot.test.mock.mockito.MockitoContextCustomizer@0], contextLoader = 'org.springframework.test.context.support.DelegatingSmartContextLoader', parent = [null]]]
03:44:02.971 [Test worker] DEBUG org.springframework.test.context.cache - Spring test ApplicationContext cache statistics: [DefaultContextCache@39430ca size = 1, maxSize = 32, parentContextCount = 0, hitCount = 100, missCount = 1]
03:44:02.971 [Test worker] DEBUG org.springframework.test.context.support.AbstractDirtiesContextTestExecutionListener - After test class: context [DefaultTestContext@3d98918e testClass = OrderServiceImplTest, testInstance = [null], testMethod = [null], testException = [null], mergedContextConfiguration = [MergedContextConfiguration@3832667a testClass = OrderServiceImplTest, locations = '{}', classes = '{class com.epam.esm.configuration.ServiceTestConfiguration}', contextInitializerClasses = '[]', activeProfiles = '{}', propertySourceLocations = '{}', propertySourceProperties = '{}', contextCustomizers = set[org.springframework.boot.test.autoconfigure.actuate.metrics.MetricsExportContextCustomizerFactory$DisableMetricExportContextCustomizer@4c596bb4, org.springframework.boot.test.autoconfigure.properties.PropertyMappingContextCustomizer@0, org.springframework.boot.test.autoconfigure.web.servlet.WebDriverContextCustomizerFactory$Customizer@de4aa03, org.springframework.boot.test.context.filter.ExcludeFilterContextCustomizer@6e0c30e0, org.springframework.boot.test.json.DuplicateJsonObjectContextCustomizerFactory$DuplicateJsonObjectContextCustomizer@616df5e9, org.springframework.boot.test.mock.mockito.MockitoContextCustomizer@0], contextLoader = 'org.springframework.test.context.support.DelegatingSmartContextLoader', parent = [null]], attributes = map['org.springframework.test.context.event.ApplicationEventsTestExecutionListener.recordApplicationEvents' -> false]], class annotated with @DirtiesContext [false] with mode [null].
]]></system-out>
  <system-err><![CDATA[]]></system-err>
</testsuite>
