<?xml version="1.0" encoding="UTF-8"?>
<testsuite name="com.epam.esm.service.impl.TagServiceImplTest" tests="2" skipped="0" failures="0" errors="0" timestamp="2021-11-06T00:16:27" hostname="RazorLTP" time="0.051">
  <properties/>
  <testcase name="getAllTest()" classname="com.epam.esm.service.impl.TagServiceImplTest" time="0.036"/>
  <testcase name="createTest()" classname="com.epam.esm.service.impl.TagServiceImplTest" time="0.014"/>
  <system-out><![CDATA[03:16:27.626 [Test worker] DEBUG org.springframework.test.context.BootstrapUtils - Instantiating CacheAwareContextLoaderDelegate from class [org.springframework.test.context.cache.DefaultCacheAwareContextLoaderDelegate]
03:16:27.626 [Test worker] DEBUG org.springframework.test.context.BootstrapUtils - Instantiating BootstrapContext using constructor [public org.springframework.test.context.support.DefaultBootstrapContext(java.lang.Class,org.springframework.test.context.CacheAwareContextLoaderDelegate)]
03:16:27.626 [Test worker] DEBUG org.springframework.test.context.BootstrapUtils - Instantiating TestContextBootstrapper for test class [com.epam.esm.service.impl.TagServiceImplTest] from class [org.springframework.test.context.support.DefaultTestContextBootstrapper]
03:16:27.627 [Test worker] DEBUG org.springframework.test.context.support.AbstractDelegatingSmartContextLoader - Delegating to AnnotationConfigContextLoader to process context configuration [ContextConfigurationAttributes@336369e4 declaringClass = 'com.epam.esm.service.impl.TagServiceImplTest', classes = '{class com.epam.esm.configuration.ServiceTestConfiguration}', locations = '{}', inheritLocations = true, initializers = '{}', inheritInitializers = true, name = [null], contextLoaderClass = 'org.springframework.test.context.ContextLoader'].
03:16:27.628 [Test worker] DEBUG org.springframework.test.context.support.ActiveProfilesUtils - Could not find an 'annotation declaring class' for annotation type [org.springframework.test.context.ActiveProfiles] and class [com.epam.esm.service.impl.TagServiceImplTest]
03:16:27.628 [Test worker] DEBUG org.springframework.test.context.support.DefaultTestContextBootstrapper - @TestExecutionListeners is not present for class [com.epam.esm.service.impl.TagServiceImplTest]: using defaults.
03:16:27.628 [Test worker] INFO org.springframework.test.context.support.DefaultTestContextBootstrapper - Loaded default TestExecutionListener class names from location [META-INF/spring.factories]: [org.springframework.boot.test.autoconfigure.restdocs.RestDocsTestExecutionListener, org.springframework.boot.test.autoconfigure.web.client.MockRestServiceServerResetTestExecutionListener, org.springframework.boot.test.autoconfigure.web.servlet.MockMvcPrintOnlyOnFailureTestExecutionListener, org.springframework.boot.test.autoconfigure.web.servlet.WebDriverTestExecutionListener, org.springframework.boot.test.autoconfigure.webservices.client.MockWebServiceServerTestExecutionListener, org.springframework.boot.test.mock.mockito.MockitoTestExecutionListener, org.springframework.boot.test.mock.mockito.ResetMocksTestExecutionListener, org.springframework.test.context.web.ServletTestExecutionListener, org.springframework.test.context.support.DirtiesContextBeforeModesTestExecutionListener, org.springframework.test.context.event.ApplicationEventsTestExecutionListener, org.springframework.test.context.support.DependencyInjectionTestExecutionListener, org.springframework.test.context.support.DirtiesContextTestExecutionListener, org.springframework.test.context.transaction.TransactionalTestExecutionListener, org.springframework.test.context.jdbc.SqlScriptsTestExecutionListener, org.springframework.test.context.event.EventPublishingTestExecutionListener]
03:16:27.628 [Test worker] DEBUG org.springframework.test.context.support.DefaultTestContextBootstrapper - Skipping candidate TestExecutionListener [org.springframework.test.context.web.ServletTestExecutionListener] due to a missing dependency. Specify custom listener classes or make the default listener classes and their required dependencies available. Offending class: [javax/servlet/ServletContext]
03:16:27.628 [Test worker] INFO org.springframework.test.context.support.DefaultTestContextBootstrapper - Using TestExecutionListeners: [org.springframework.test.context.support.DirtiesContextBeforeModesTestExecutionListener@364dd592, org.springframework.test.context.event.ApplicationEventsTestExecutionListener@740cecd1, org.springframework.boot.test.mock.mockito.MockitoTestExecutionListener@42d7045a, org.springframework.test.context.support.DependencyInjectionTestExecutionListener@6a5379ad, org.springframework.test.context.support.DirtiesContextTestExecutionListener@32ead030, org.springframework.test.context.transaction.TransactionalTestExecutionListener@2113d8d8, org.springframework.test.context.jdbc.SqlScriptsTestExecutionListener@5b9ced74, org.springframework.test.context.event.EventPublishingTestExecutionListener@2af379bb, org.springframework.boot.test.autoconfigure.restdocs.RestDocsTestExecutionListener@4efc4785, org.springframework.boot.test.autoconfigure.web.client.MockRestServiceServerResetTestExecutionListener@7116839a, org.springframework.boot.test.autoconfigure.web.servlet.MockMvcPrintOnlyOnFailureTestExecutionListener@4ddd3781, org.springframework.boot.test.autoconfigure.web.servlet.WebDriverTestExecutionListener@7c52a120, org.springframework.boot.test.autoconfigure.webservices.client.MockWebServiceServerTestExecutionListener@503e1140, org.springframework.boot.test.mock.mockito.ResetMocksTestExecutionListener@15f1428e]
03:16:27.628 [Test worker] DEBUG org.springframework.test.context.support.AbstractDirtiesContextTestExecutionListener - Before test class: context [DefaultTestContext@31340e8e testClass = TagServiceImplTest, testInstance = [null], testMethod = [null], testException = [null], mergedContextConfiguration = [MergedContextConfiguration@5806f229 testClass = TagServiceImplTest, locations = '{}', classes = '{class com.epam.esm.configuration.ServiceTestConfiguration}', contextInitializerClasses = '[]', activeProfiles = '{}', propertySourceLocations = '{}', propertySourceProperties = '{}', contextCustomizers = set[org.springframework.boot.test.autoconfigure.actuate.metrics.MetricsExportContextCustomizerFactory$DisableMetricExportContextCustomizer@4c596bb4, org.springframework.boot.test.autoconfigure.properties.PropertyMappingContextCustomizer@0, org.springframework.boot.test.autoconfigure.web.servlet.WebDriverContextCustomizerFactory$Customizer@de4aa03, org.springframework.boot.test.context.filter.ExcludeFilterContextCustomizer@6e0c30e0, org.springframework.boot.test.json.DuplicateJsonObjectContextCustomizerFactory$DuplicateJsonObjectContextCustomizer@616df5e9, org.springframework.boot.test.mock.mockito.MockitoContextCustomizer@0], contextLoader = 'org.springframework.test.context.support.DelegatingSmartContextLoader', parent = [null]], attributes = map[[empty]]], class annotated with @DirtiesContext [false] with mode [null].
03:16:27.628 [Test worker] DEBUG org.springframework.test.context.cache.DefaultCacheAwareContextLoaderDelegate - Retrieved ApplicationContext [271043915] from cache with key [[MergedContextConfiguration@5806f229 testClass = TagServiceImplTest, locations = '{}', classes = '{class com.epam.esm.configuration.ServiceTestConfiguration}', contextInitializerClasses = '[]', activeProfiles = '{}', propertySourceLocations = '{}', propertySourceProperties = '{}', contextCustomizers = set[org.springframework.boot.test.autoconfigure.actuate.metrics.MetricsExportContextCustomizerFactory$DisableMetricExportContextCustomizer@4c596bb4, org.springframework.boot.test.autoconfigure.properties.PropertyMappingContextCustomizer@0, org.springframework.boot.test.autoconfigure.web.servlet.WebDriverContextCustomizerFactory$Customizer@de4aa03, org.springframework.boot.test.context.filter.ExcludeFilterContextCustomizer@6e0c30e0, org.springframework.boot.test.json.DuplicateJsonObjectContextCustomizerFactory$DuplicateJsonObjectContextCustomizer@616df5e9, org.springframework.boot.test.mock.mockito.MockitoContextCustomizer@0], contextLoader = 'org.springframework.test.context.support.DelegatingSmartContextLoader', parent = [null]]]
03:16:27.628 [Test worker] DEBUG org.springframework.test.context.cache - Spring test ApplicationContext cache statistics: [DefaultContextCache@3d4f3eac size = 1, maxSize = 32, parentContextCount = 0, hitCount = 101, missCount = 1]
03:16:27.629 [Test worker] DEBUG org.springframework.test.context.support.DependencyInjectionTestExecutionListener - Performing dependency injection for test context [[DefaultTestContext@31340e8e testClass = TagServiceImplTest, testInstance = com.epam.esm.service.impl.TagServiceImplTest@78125c78, testMethod = [null], testException = [null], mergedContextConfiguration = [MergedContextConfiguration@5806f229 testClass = TagServiceImplTest, locations = '{}', classes = '{class com.epam.esm.configuration.ServiceTestConfiguration}', contextInitializerClasses = '[]', activeProfiles = '{}', propertySourceLocations = '{}', propertySourceProperties = '{}', contextCustomizers = set[org.springframework.boot.test.autoconfigure.actuate.metrics.MetricsExportContextCustomizerFactory$DisableMetricExportContextCustomizer@4c596bb4, org.springframework.boot.test.autoconfigure.properties.PropertyMappingContextCustomizer@0, org.springframework.boot.test.autoconfigure.web.servlet.WebDriverContextCustomizerFactory$Customizer@de4aa03, org.springframework.boot.test.context.filter.ExcludeFilterContextCustomizer@6e0c30e0, org.springframework.boot.test.json.DuplicateJsonObjectContextCustomizerFactory$DuplicateJsonObjectContextCustomizer@616df5e9, org.springframework.boot.test.mock.mockito.MockitoContextCustomizer@0], contextLoader = 'org.springframework.test.context.support.DelegatingSmartContextLoader', parent = [null]], attributes = map['org.springframework.test.context.event.ApplicationEventsTestExecutionListener.recordApplicationEvents' -> false]]].
03:16:27.629 [Test worker] DEBUG org.springframework.test.context.cache.DefaultCacheAwareContextLoaderDelegate - Retrieved ApplicationContext [271043915] from cache with key [[MergedContextConfiguration@5806f229 testClass = TagServiceImplTest, locations = '{}', classes = '{class com.epam.esm.configuration.ServiceTestConfiguration}', contextInitializerClasses = '[]', activeProfiles = '{}', propertySourceLocations = '{}', propertySourceProperties = '{}', contextCustomizers = set[org.springframework.boot.test.autoconfigure.actuate.metrics.MetricsExportContextCustomizerFactory$DisableMetricExportContextCustomizer@4c596bb4, org.springframework.boot.test.autoconfigure.properties.PropertyMappingContextCustomizer@0, org.springframework.boot.test.autoconfigure.web.servlet.WebDriverContextCustomizerFactory$Customizer@de4aa03, org.springframework.boot.test.context.filter.ExcludeFilterContextCustomizer@6e0c30e0, org.springframework.boot.test.json.DuplicateJsonObjectContextCustomizerFactory$DuplicateJsonObjectContextCustomizer@616df5e9, org.springframework.boot.test.mock.mockito.MockitoContextCustomizer@0], contextLoader = 'org.springframework.test.context.support.DelegatingSmartContextLoader', parent = [null]]]
03:16:27.629 [Test worker] DEBUG org.springframework.test.context.cache - Spring test ApplicationContext cache statistics: [DefaultContextCache@3d4f3eac size = 1, maxSize = 32, parentContextCount = 0, hitCount = 102, missCount = 1]
03:16:27.631 [Test worker] DEBUG org.springframework.test.context.cache.DefaultCacheAwareContextLoaderDelegate - Retrieved ApplicationContext [271043915] from cache with key [[MergedContextConfiguration@5806f229 testClass = TagServiceImplTest, locations = '{}', classes = '{class com.epam.esm.configuration.ServiceTestConfiguration}', contextInitializerClasses = '[]', activeProfiles = '{}', propertySourceLocations = '{}', propertySourceProperties = '{}', contextCustomizers = set[org.springframework.boot.test.autoconfigure.actuate.metrics.MetricsExportContextCustomizerFactory$DisableMetricExportContextCustomizer@4c596bb4, org.springframework.boot.test.autoconfigure.properties.PropertyMappingContextCustomizer@0, org.springframework.boot.test.autoconfigure.web.servlet.WebDriverContextCustomizerFactory$Customizer@de4aa03, org.springframework.boot.test.context.filter.ExcludeFilterContextCustomizer@6e0c30e0, org.springframework.boot.test.json.DuplicateJsonObjectContextCustomizerFactory$DuplicateJsonObjectContextCustomizer@616df5e9, org.springframework.boot.test.mock.mockito.MockitoContextCustomizer@0], contextLoader = 'org.springframework.test.context.support.DelegatingSmartContextLoader', parent = [null]]]
03:16:27.631 [Test worker] DEBUG org.springframework.test.context.cache - Spring test ApplicationContext cache statistics: [DefaultContextCache@3d4f3eac size = 1, maxSize = 32, parentContextCount = 0, hitCount = 103, missCount = 1]
03:16:27.632 [Test worker] DEBUG org.springframework.test.context.support.AbstractDirtiesContextTestExecutionListener - Before test method: context [DefaultTestContext@31340e8e testClass = TagServiceImplTest, testInstance = com.epam.esm.service.impl.TagServiceImplTest@78125c78, testMethod = getAllTest@TagServiceImplTest, testException = [null], mergedContextConfiguration = [MergedContextConfiguration@5806f229 testClass = TagServiceImplTest, locations = '{}', classes = '{class com.epam.esm.configuration.ServiceTestConfiguration}', contextInitializerClasses = '[]', activeProfiles = '{}', propertySourceLocations = '{}', propertySourceProperties = '{}', contextCustomizers = set[org.springframework.boot.test.autoconfigure.actuate.metrics.MetricsExportContextCustomizerFactory$DisableMetricExportContextCustomizer@4c596bb4, org.springframework.boot.test.autoconfigure.properties.PropertyMappingContextCustomizer@0, org.springframework.boot.test.autoconfigure.web.servlet.WebDriverContextCustomizerFactory$Customizer@de4aa03, org.springframework.boot.test.context.filter.ExcludeFilterContextCustomizer@6e0c30e0, org.springframework.boot.test.json.DuplicateJsonObjectContextCustomizerFactory$DuplicateJsonObjectContextCustomizer@616df5e9, org.springframework.boot.test.mock.mockito.MockitoContextCustomizer@0], contextLoader = 'org.springframework.test.context.support.DelegatingSmartContextLoader', parent = [null]], attributes = map['org.springframework.test.context.event.ApplicationEventsTestExecutionListener.recordApplicationEvents' -> false]], class annotated with @DirtiesContext [false] with mode [null], method annotated with @DirtiesContext [false] with mode [null].
03:16:27.633 [Test worker] DEBUG org.springframework.test.context.transaction.TransactionalTestExecutionListener - Explicit transaction definition [PROPAGATION_REQUIRED,ISOLATION_DEFAULT] found for test context [DefaultTestContext@31340e8e testClass = TagServiceImplTest, testInstance = com.epam.esm.service.impl.TagServiceImplTest@78125c78, testMethod = getAllTest@TagServiceImplTest, testException = [null], mergedContextConfiguration = [MergedContextConfiguration@5806f229 testClass = TagServiceImplTest, locations = '{}', classes = '{class com.epam.esm.configuration.ServiceTestConfiguration}', contextInitializerClasses = '[]', activeProfiles = '{}', propertySourceLocations = '{}', propertySourceProperties = '{}', contextCustomizers = set[org.springframework.boot.test.autoconfigure.actuate.metrics.MetricsExportContextCustomizerFactory$DisableMetricExportContextCustomizer@4c596bb4, org.springframework.boot.test.autoconfigure.properties.PropertyMappingContextCustomizer@0, org.springframework.boot.test.autoconfigure.web.servlet.WebDriverContextCustomizerFactory$Customizer@de4aa03, org.springframework.boot.test.context.filter.ExcludeFilterContextCustomizer@6e0c30e0, org.springframework.boot.test.json.DuplicateJsonObjectContextCustomizerFactory$DuplicateJsonObjectContextCustomizer@616df5e9, org.springframework.boot.test.mock.mockito.MockitoContextCustomizer@0], contextLoader = 'org.springframework.test.context.support.DelegatingSmartContextLoader', parent = [null]], attributes = map['org.springframework.test.context.event.ApplicationEventsTestExecutionListener.recordApplicationEvents' -> false]]
03:16:27.633 [Test worker] DEBUG org.springframework.test.context.cache.DefaultCacheAwareContextLoaderDelegate - Retrieved ApplicationContext [271043915] from cache with key [[MergedContextConfiguration@5806f229 testClass = TagServiceImplTest, locations = '{}', classes = '{class com.epam.esm.configuration.ServiceTestConfiguration}', contextInitializerClasses = '[]', activeProfiles = '{}', propertySourceLocations = '{}', propertySourceProperties = '{}', contextCustomizers = set[org.springframework.boot.test.autoconfigure.actuate.metrics.MetricsExportContextCustomizerFactory$DisableMetricExportContextCustomizer@4c596bb4, org.springframework.boot.test.autoconfigure.properties.PropertyMappingContextCustomizer@0, org.springframework.boot.test.autoconfigure.web.servlet.WebDriverContextCustomizerFactory$Customizer@de4aa03, org.springframework.boot.test.context.filter.ExcludeFilterContextCustomizer@6e0c30e0, org.springframework.boot.test.json.DuplicateJsonObjectContextCustomizerFactory$DuplicateJsonObjectContextCustomizer@616df5e9, org.springframework.boot.test.mock.mockito.MockitoContextCustomizer@0], contextLoader = 'org.springframework.test.context.support.DelegatingSmartContextLoader', parent = [null]]]
03:16:27.633 [Test worker] DEBUG org.springframework.test.context.cache - Spring test ApplicationContext cache statistics: [DefaultContextCache@3d4f3eac size = 1, maxSize = 32, parentContextCount = 0, hitCount = 104, missCount = 1]
03:16:27.633 [Test worker] DEBUG org.springframework.test.context.transaction.TransactionalTestExecutionListener - No method-level @Rollback override: using default rollback [true] for test context [DefaultTestContext@31340e8e testClass = TagServiceImplTest, testInstance = com.epam.esm.service.impl.TagServiceImplTest@78125c78, testMethod = getAllTest@TagServiceImplTest, testException = [null], mergedContextConfiguration = [MergedContextConfiguration@5806f229 testClass = TagServiceImplTest, locations = '{}', classes = '{class com.epam.esm.configuration.ServiceTestConfiguration}', contextInitializerClasses = '[]', activeProfiles = '{}', propertySourceLocations = '{}', propertySourceProperties = '{}', contextCustomizers = set[org.springframework.boot.test.autoconfigure.actuate.metrics.MetricsExportContextCustomizerFactory$DisableMetricExportContextCustomizer@4c596bb4, org.springframework.boot.test.autoconfigure.properties.PropertyMappingContextCustomizer@0, org.springframework.boot.test.autoconfigure.web.servlet.WebDriverContextCustomizerFactory$Customizer@de4aa03, org.springframework.boot.test.context.filter.ExcludeFilterContextCustomizer@6e0c30e0, org.springframework.boot.test.json.DuplicateJsonObjectContextCustomizerFactory$DuplicateJsonObjectContextCustomizer@616df5e9, org.springframework.boot.test.mock.mockito.MockitoContextCustomizer@0], contextLoader = 'org.springframework.test.context.support.DelegatingSmartContextLoader', parent = [null]], attributes = map['org.springframework.test.context.event.ApplicationEventsTestExecutionListener.recordApplicationEvents' -> false]].
03:16:27.633 [Test worker] DEBUG org.springframework.orm.jpa.JpaTransactionManager - Creating new transaction with name [com.epam.esm.service.impl.TagServiceImplTest.getAllTest]: PROPAGATION_REQUIRED,ISOLATION_DEFAULT
03:16:27.633 [Test worker] DEBUG org.springframework.orm.jpa.JpaTransactionManager - Opened new EntityManager [SessionImpl(2130405883<open>)] for JPA transaction
03:16:27.633 [Test worker] DEBUG org.hibernate.engine.transaction.internal.TransactionImpl - On TransactionImpl creation, JpaCompliance#isJpaTransactionComplianceEnabled == false
03:16:27.633 [Test worker] DEBUG org.hibernate.engine.transaction.internal.TransactionImpl - begin
03:16:27.633 [Test worker] DEBUG org.springframework.jdbc.datasource.DriverManagerDataSource - Creating new JDBC DriverManager Connection to [jdbc:h2:mem:second;DB_CLOSE_DELAY=-1]
03:16:27.634 [Test worker] DEBUG org.springframework.orm.jpa.JpaTransactionManager - Exposing JPA transaction as JDBC [org.springframework.orm.jpa.vendor.HibernateJpaDialect$HibernateConnectionHandle@32fa1cda]
03:16:27.634 [Test worker] INFO org.springframework.test.context.transaction.TransactionContext - Began transaction (1) for test context [DefaultTestContext@31340e8e testClass = TagServiceImplTest, testInstance = com.epam.esm.service.impl.TagServiceImplTest@78125c78, testMethod = getAllTest@TagServiceImplTest, testException = [null], mergedContextConfiguration = [MergedContextConfiguration@5806f229 testClass = TagServiceImplTest, locations = '{}', classes = '{class com.epam.esm.configuration.ServiceTestConfiguration}', contextInitializerClasses = '[]', activeProfiles = '{}', propertySourceLocations = '{}', propertySourceProperties = '{}', contextCustomizers = set[org.springframework.boot.test.autoconfigure.actuate.metrics.MetricsExportContextCustomizerFactory$DisableMetricExportContextCustomizer@4c596bb4, org.springframework.boot.test.autoconfigure.properties.PropertyMappingContextCustomizer@0, org.springframework.boot.test.autoconfigure.web.servlet.WebDriverContextCustomizerFactory$Customizer@de4aa03, org.springframework.boot.test.context.filter.ExcludeFilterContextCustomizer@6e0c30e0, org.springframework.boot.test.json.DuplicateJsonObjectContextCustomizerFactory$DuplicateJsonObjectContextCustomizer@616df5e9, org.springframework.boot.test.mock.mockito.MockitoContextCustomizer@0], contextLoader = 'org.springframework.test.context.support.DelegatingSmartContextLoader', parent = [null]], attributes = map['org.springframework.test.context.event.ApplicationEventsTestExecutionListener.recordApplicationEvents' -> false]]; transaction manager [org.springframework.orm.jpa.JpaTransactionManager@3998dc6]; rollback [true]
03:16:27.634 [Test worker] DEBUG org.springframework.test.context.cache.DefaultCacheAwareContextLoaderDelegate - Retrieved ApplicationContext [271043915] from cache with key [[MergedContextConfiguration@5806f229 testClass = TagServiceImplTest, locations = '{}', classes = '{class com.epam.esm.configuration.ServiceTestConfiguration}', contextInitializerClasses = '[]', activeProfiles = '{}', propertySourceLocations = '{}', propertySourceProperties = '{}', contextCustomizers = set[org.springframework.boot.test.autoconfigure.actuate.metrics.MetricsExportContextCustomizerFactory$DisableMetricExportContextCustomizer@4c596bb4, org.springframework.boot.test.autoconfigure.properties.PropertyMappingContextCustomizer@0, org.springframework.boot.test.autoconfigure.web.servlet.WebDriverContextCustomizerFactory$Customizer@de4aa03, org.springframework.boot.test.context.filter.ExcludeFilterContextCustomizer@6e0c30e0, org.springframework.boot.test.json.DuplicateJsonObjectContextCustomizerFactory$DuplicateJsonObjectContextCustomizer@616df5e9, org.springframework.boot.test.mock.mockito.MockitoContextCustomizer@0], contextLoader = 'org.springframework.test.context.support.DelegatingSmartContextLoader', parent = [null]]]
03:16:27.634 [Test worker] DEBUG org.springframework.test.context.cache - Spring test ApplicationContext cache statistics: [DefaultContextCache@3d4f3eac size = 1, maxSize = 32, parentContextCount = 0, hitCount = 105, missCount = 1]
03:16:27.634 [Test worker] DEBUG org.springframework.test.context.cache.DefaultCacheAwareContextLoaderDelegate - Retrieved ApplicationContext [271043915] from cache with key [[MergedContextConfiguration@5806f229 testClass = TagServiceImplTest, locations = '{}', classes = '{class com.epam.esm.configuration.ServiceTestConfiguration}', contextInitializerClasses = '[]', activeProfiles = '{}', propertySourceLocations = '{}', propertySourceProperties = '{}', contextCustomizers = set[org.springframework.boot.test.autoconfigure.actuate.metrics.MetricsExportContextCustomizerFactory$DisableMetricExportContextCustomizer@4c596bb4, org.springframework.boot.test.autoconfigure.properties.PropertyMappingContextCustomizer@0, org.springframework.boot.test.autoconfigure.web.servlet.WebDriverContextCustomizerFactory$Customizer@de4aa03, org.springframework.boot.test.context.filter.ExcludeFilterContextCustomizer@6e0c30e0, org.springframework.boot.test.json.DuplicateJsonObjectContextCustomizerFactory$DuplicateJsonObjectContextCustomizer@616df5e9, org.springframework.boot.test.mock.mockito.MockitoContextCustomizer@0], contextLoader = 'org.springframework.test.context.support.DelegatingSmartContextLoader', parent = [null]]]
03:16:27.634 [Test worker] DEBUG org.springframework.test.context.cache - Spring test ApplicationContext cache statistics: [DefaultContextCache@3d4f3eac size = 1, maxSize = 32, parentContextCount = 0, hitCount = 106, missCount = 1]
03:16:27.635 [Test worker] DEBUG org.springframework.test.context.cache.DefaultCacheAwareContextLoaderDelegate - Retrieved ApplicationContext [271043915] from cache with key [[MergedContextConfiguration@5806f229 testClass = TagServiceImplTest, locations = '{}', classes = '{class com.epam.esm.configuration.ServiceTestConfiguration}', contextInitializerClasses = '[]', activeProfiles = '{}', propertySourceLocations = '{}', propertySourceProperties = '{}', contextCustomizers = set[org.springframework.boot.test.autoconfigure.actuate.metrics.MetricsExportContextCustomizerFactory$DisableMetricExportContextCustomizer@4c596bb4, org.springframework.boot.test.autoconfigure.properties.PropertyMappingContextCustomizer@0, org.springframework.boot.test.autoconfigure.web.servlet.WebDriverContextCustomizerFactory$Customizer@de4aa03, org.springframework.boot.test.context.filter.ExcludeFilterContextCustomizer@6e0c30e0, org.springframework.boot.test.json.DuplicateJsonObjectContextCustomizerFactory$DuplicateJsonObjectContextCustomizer@616df5e9, org.springframework.boot.test.mock.mockito.MockitoContextCustomizer@0], contextLoader = 'org.springframework.test.context.support.DelegatingSmartContextLoader', parent = [null]]]
03:16:27.635 [Test worker] DEBUG org.springframework.test.context.cache - Spring test ApplicationContext cache statistics: [DefaultContextCache@3d4f3eac size = 1, maxSize = 32, parentContextCount = 0, hitCount = 107, missCount = 1]
03:16:27.635 [Test worker] DEBUG org.hibernate.hql.internal.ast.QueryTranslatorImpl - parse() - HQL: SELECT tag from com.epam.esm.model.entity.TagEntity tag where tag.name = ?1
03:16:27.636 [Test worker] DEBUG org.hibernate.hql.internal.ast.ErrorTracker - throwQueryException() : no errors
03:16:27.636 [Test worker] DEBUG org.hibernate.hql.internal.ast.QueryTranslatorImpl - --- HQL AST ---
 \-[QUERY] Node: 'query'
    +-[SELECT_FROM] Node: 'SELECT_FROM'
    |  +-[FROM] Node: 'from'
    |  |  \-[RANGE] Node: 'RANGE'
    |  |     +-[DOT] Node: '.'
    |  |     |  +-[DOT] Node: '.'
    |  |     |  |  +-[DOT] Node: '.'
    |  |     |  |  |  +-[DOT] Node: '.'
    |  |     |  |  |  |  +-[DOT] Node: '.'
    |  |     |  |  |  |  |  +-[IDENT] Node: 'com'
    |  |     |  |  |  |  |  \-[IDENT] Node: 'epam'
    |  |     |  |  |  |  \-[IDENT] Node: 'esm'
    |  |     |  |  |  \-[IDENT] Node: 'model'
    |  |     |  |  \-[IDENT] Node: 'entity'
    |  |     |  \-[IDENT] Node: 'TagEntity'
    |  |     \-[ALIAS] Node: 'tag'
    |  \-[SELECT] Node: 'SELECT'
    |     \-[IDENT] Node: 'tag'
    \-[WHERE] Node: 'where'
       \-[EQ] Node: '='
          +-[DOT] Node: '.'
          |  +-[IDENT] Node: 'tag'
          |  \-[IDENT] Node: 'name'
          \-[PARAM] Node: '?'
             \-[NUM_INT] Node: '1'

03:16:27.636 [Test worker] DEBUG org.hibernate.hql.internal.antlr.HqlSqlBaseWalker - select << begin [level=1, statement=select]
03:16:27.636 [Test worker] DEBUG org.hibernate.hql.internal.ast.tree.FromElement - FromClause{level=1} : com.epam.esm.model.entity.TagEntity (tag) -> tagentity0_
03:16:27.639 [Test worker] DEBUG org.hibernate.hql.internal.ast.tree.FromReferenceNode - Resolved : tag -> tagentity0_.id
03:16:27.639 [Test worker] DEBUG org.hibernate.hql.internal.ast.tree.FromReferenceNode - Resolved : tag -> tagentity0_.id
03:16:27.639 [Test worker] DEBUG org.hibernate.hql.internal.ast.tree.DotNode - getDataType() : name -> org.hibernate.type.StringType@30baee82
03:16:27.639 [Test worker] DEBUG org.hibernate.hql.internal.ast.tree.FromReferenceNode - Resolved : tag.name -> tagentity0_.name
03:16:27.639 [Test worker] DEBUG org.hibernate.hql.internal.antlr.HqlSqlBaseWalker - select : finishing up [level=1, statement=select]
03:16:27.639 [Test worker] DEBUG org.hibernate.hql.internal.ast.HqlSqlWalker - processQuery() :  ( SELECT ( {select clause} tagentity0_.id ) ( FromClause{level=1} TagEntity tagentity0_ ) ( where ( = ( tagentity0_.name tagentity0_.id name ) ? ) ) )
03:16:27.640 [Test worker] DEBUG org.hibernate.hql.internal.ast.util.JoinProcessor - Tables referenced from query nodes:
 \-QueryNode
    +-SelectClause
    | referencedTables(entity TagEntity): [TagEntity]
    |  +-IdentNode
    |  | persister: SingleTableEntityPersister(com.epam.esm.model.entity.TagEntity)
    |  | originalText: tag
    |  \-SqlFragment
    +-FromClause
    |  \-FromElement
    \-SqlNode
       \-BinaryLogicOperatorNode
          +-DotNode
          | persister: SingleTableEntityPersister(com.epam.esm.model.entity.TagEntity)
          | path: tag.name
          |  +-IdentNode
          |  | persister: SingleTableEntityPersister(com.epam.esm.model.entity.TagEntity)
          |  | originalText: tag
          |  \-IdentNode
          |    persister: null
          |    originalText: name
          \-ParameterNode

03:16:27.640 [Test worker] DEBUG org.hibernate.hql.internal.ast.util.JoinProcessor - Using FROM fragment [TagEntity tagentity0_]
03:16:27.640 [Test worker] DEBUG org.hibernate.hql.internal.antlr.HqlSqlBaseWalker - select >> end [level=1, statement=select]
03:16:27.640 [Test worker] DEBUG org.hibernate.hql.internal.ast.QueryTranslatorImpl - --- SQL AST ---
 \-[SELECT] QueryNode: 'SELECT'  querySpaces (TagEntity)
    +-[SELECT_CLAUSE] SelectClause: '{select clause}'
    |  +-[ALIAS_REF] IdentNode: 'tagentity0_.id as id1_4_' {alias=tag, className=com.epam.esm.model.entity.TagEntity, tableAlias=tagentity0_}
    |  \-[SQL_TOKEN] SqlFragment: 'tagentity0_.name as name2_4_'
    +-[FROM] FromClause: 'from' FromClause{level=1, fromElementCounter=1, fromElements=1, fromElementByClassAlias=[tag], fromElementByTableAlias=[tagentity0_], fromElementsByPath=[], collectionJoinFromElementsByPath=[], impliedElements=[]}
    |  \-[FROM_FRAGMENT] FromElement: 'TagEntity tagentity0_' FromElement{explicit,not a collection join,not a fetch join,fetch non-lazy properties,classAlias=tag,role=null,tableName=TagEntity,tableAlias=tagentity0_,origin=null,columns={,className=com.epam.esm.model.entity.TagEntity}}
    \-[WHERE] SqlNode: 'where'
       \-[EQ] BinaryLogicOperatorNode: '='
          +-[DOT] DotNode: 'tagentity0_.name' {propertyName=name,dereferenceType=PRIMITIVE,getPropertyPath=name,path=tag.name,tableAlias=tagentity0_,className=com.epam.esm.model.entity.TagEntity,classAlias=tag}
          |  +-[ALIAS_REF] IdentNode: 'tagentity0_.id' {alias=tag, className=com.epam.esm.model.entity.TagEntity, tableAlias=tagentity0_}
          |  \-[IDENT] IdentNode: 'name' {originalText=name}
          \-[PARAM] ParameterNode: '?' {label=1, expectedType=org.hibernate.type.StringType@30baee82}

03:16:27.640 [Test worker] DEBUG org.hibernate.hql.internal.ast.ErrorTracker - throwQueryException() : no errors
03:16:27.640 [Test worker] DEBUG org.hibernate.hql.internal.ast.QueryTranslatorImpl - HQL: SELECT tag from com.epam.esm.model.entity.TagEntity tag where tag.name = ?1
03:16:27.640 [Test worker] DEBUG org.hibernate.hql.internal.ast.QueryTranslatorImpl - SQL: select tagentity0_.id as id1_4_, tagentity0_.name as name2_4_ from TagEntity tagentity0_ where tagentity0_.name=?
03:16:27.640 [Test worker] DEBUG org.hibernate.hql.internal.ast.ErrorTracker - throwQueryException() : no errors
03:16:27.641 [Test worker] DEBUG org.hibernate.SQL - select tagentity0_.id as id1_4_, tagentity0_.name as name2_4_ from TagEntity tagentity0_ where tagentity0_.name=?
Hibernate: select tagentity0_.id as id1_4_, tagentity0_.name as name2_4_ from TagEntity tagentity0_ where tagentity0_.name=?
03:16:27.642 [Test worker] DEBUG org.hibernate.stat.internal.StatisticsImpl - HHH000117: HQL: SELECT tag from TagEntity tag where tag.name = ?1, time: 0ms, rows: 0
03:16:27.642 [Test worker] DEBUG org.hibernate.engine.spi.ActionQueue - Executing identity-insert immediately
03:16:27.642 [Test worker] DEBUG org.hibernate.SQL - insert into TagEntity (id, name) values (null, ?)
Hibernate: insert into TagEntity (id, name) values (null, ?)
03:16:27.642 [Test worker] DEBUG org.hibernate.id.IdentifierGeneratorHelper - Natively generated identity: 1
03:16:27.642 [Test worker] DEBUG org.hibernate.resource.jdbc.internal.ResourceRegistryStandardImpl - HHH000387: ResultSet's statement was not registered
03:16:27.643 [Test worker] DEBUG org.hibernate.event.internal.AbstractFlushingEventListener - Processing flush-time cascades
03:16:27.643 [Test worker] DEBUG org.hibernate.event.internal.AbstractFlushingEventListener - Dirty checking collections
03:16:27.643 [Test worker] DEBUG org.hibernate.event.internal.AbstractFlushingEventListener - Flushed: 0 insertions, 0 updates, 0 deletions to 1 objects
03:16:27.643 [Test worker] DEBUG org.hibernate.event.internal.AbstractFlushingEventListener - Flushed: 0 (re)creations, 0 updates, 0 removals to 0 collections
03:16:27.643 [Test worker] DEBUG org.hibernate.internal.util.EntityPrinter - Listing entities:
03:16:27.643 [Test worker] DEBUG org.hibernate.internal.util.EntityPrinter - com.epam.esm.model.entity.TagEntity{name=Tag0, id=1}
03:16:27.643 [Test worker] DEBUG org.hibernate.SQL - select tagentity0_.id as id1_4_, tagentity0_.name as name2_4_ from TagEntity tagentity0_ where tagentity0_.name=?
Hibernate: select tagentity0_.id as id1_4_, tagentity0_.name as name2_4_ from TagEntity tagentity0_ where tagentity0_.name=?
03:16:27.643 [Test worker] DEBUG org.hibernate.stat.internal.StatisticsImpl - HHH000117: HQL: SELECT tag from TagEntity tag where tag.name = ?1, time: 0ms, rows: 0
03:16:27.643 [Test worker] DEBUG org.hibernate.engine.spi.ActionQueue - Executing identity-insert immediately
03:16:27.643 [Test worker] DEBUG org.hibernate.SQL - insert into TagEntity (id, name) values (null, ?)
Hibernate: insert into TagEntity (id, name) values (null, ?)
03:16:27.644 [Test worker] DEBUG org.hibernate.id.IdentifierGeneratorHelper - Natively generated identity: 2
03:16:27.644 [Test worker] DEBUG org.hibernate.resource.jdbc.internal.ResourceRegistryStandardImpl - HHH000387: ResultSet's statement was not registered
03:16:27.644 [Test worker] DEBUG org.hibernate.event.internal.AbstractFlushingEventListener - Processing flush-time cascades
03:16:27.644 [Test worker] DEBUG org.hibernate.event.internal.AbstractFlushingEventListener - Dirty checking collections
03:16:27.644 [Test worker] DEBUG org.hibernate.event.internal.AbstractFlushingEventListener - Flushed: 0 insertions, 0 updates, 0 deletions to 2 objects
03:16:27.644 [Test worker] DEBUG org.hibernate.event.internal.AbstractFlushingEventListener - Flushed: 0 (re)creations, 0 updates, 0 removals to 0 collections
03:16:27.644 [Test worker] DEBUG org.hibernate.internal.util.EntityPrinter - Listing entities:
03:16:27.644 [Test worker] DEBUG org.hibernate.internal.util.EntityPrinter - com.epam.esm.model.entity.TagEntity{name=Tag0, id=1}
03:16:27.644 [Test worker] DEBUG org.hibernate.internal.util.EntityPrinter - com.epam.esm.model.entity.TagEntity{name=Tag1, id=2}
03:16:27.644 [Test worker] DEBUG org.hibernate.SQL - select tagentity0_.id as id1_4_, tagentity0_.name as name2_4_ from TagEntity tagentity0_ where tagentity0_.name=?
Hibernate: select tagentity0_.id as id1_4_, tagentity0_.name as name2_4_ from TagEntity tagentity0_ where tagentity0_.name=?
03:16:27.644 [Test worker] DEBUG org.hibernate.stat.internal.StatisticsImpl - HHH000117: HQL: SELECT tag from TagEntity tag where tag.name = ?1, time: 0ms, rows: 0
03:16:27.644 [Test worker] DEBUG org.hibernate.engine.spi.ActionQueue - Executing identity-insert immediately
03:16:27.644 [Test worker] DEBUG org.hibernate.SQL - insert into TagEntity (id, name) values (null, ?)
Hibernate: insert into TagEntity (id, name) values (null, ?)
03:16:27.645 [Test worker] DEBUG org.hibernate.id.IdentifierGeneratorHelper - Natively generated identity: 3
03:16:27.645 [Test worker] DEBUG org.hibernate.resource.jdbc.internal.ResourceRegistryStandardImpl - HHH000387: ResultSet's statement was not registered
03:16:27.645 [Test worker] DEBUG org.hibernate.event.internal.AbstractFlushingEventListener - Processing flush-time cascades
03:16:27.645 [Test worker] DEBUG org.hibernate.event.internal.AbstractFlushingEventListener - Dirty checking collections
03:16:27.645 [Test worker] DEBUG org.hibernate.event.internal.AbstractFlushingEventListener - Flushed: 0 insertions, 0 updates, 0 deletions to 3 objects
03:16:27.645 [Test worker] DEBUG org.hibernate.event.internal.AbstractFlushingEventListener - Flushed: 0 (re)creations, 0 updates, 0 removals to 0 collections
03:16:27.645 [Test worker] DEBUG org.hibernate.internal.util.EntityPrinter - Listing entities:
03:16:27.645 [Test worker] DEBUG org.hibernate.internal.util.EntityPrinter - com.epam.esm.model.entity.TagEntity{name=Tag0, id=1}
03:16:27.645 [Test worker] DEBUG org.hibernate.internal.util.EntityPrinter - com.epam.esm.model.entity.TagEntity{name=Tag1, id=2}
03:16:27.645 [Test worker] DEBUG org.hibernate.internal.util.EntityPrinter - com.epam.esm.model.entity.TagEntity{name=Tag2, id=3}
03:16:27.645 [Test worker] DEBUG org.hibernate.SQL - select tagentity0_.id as id1_4_, tagentity0_.name as name2_4_ from TagEntity tagentity0_ where tagentity0_.name=?
Hibernate: select tagentity0_.id as id1_4_, tagentity0_.name as name2_4_ from TagEntity tagentity0_ where tagentity0_.name=?
03:16:27.645 [Test worker] DEBUG org.hibernate.stat.internal.StatisticsImpl - HHH000117: HQL: SELECT tag from TagEntity tag where tag.name = ?1, time: 0ms, rows: 0
03:16:27.646 [Test worker] DEBUG org.hibernate.engine.spi.ActionQueue - Executing identity-insert immediately
03:16:27.646 [Test worker] DEBUG org.hibernate.SQL - insert into TagEntity (id, name) values (null, ?)
Hibernate: insert into TagEntity (id, name) values (null, ?)
03:16:27.646 [Test worker] DEBUG org.hibernate.id.IdentifierGeneratorHelper - Natively generated identity: 4
03:16:27.646 [Test worker] DEBUG org.hibernate.resource.jdbc.internal.ResourceRegistryStandardImpl - HHH000387: ResultSet's statement was not registered
03:16:27.646 [Test worker] DEBUG org.hibernate.event.internal.AbstractFlushingEventListener - Processing flush-time cascades
03:16:27.646 [Test worker] DEBUG org.hibernate.event.internal.AbstractFlushingEventListener - Dirty checking collections
03:16:27.646 [Test worker] DEBUG org.hibernate.event.internal.AbstractFlushingEventListener - Flushed: 0 insertions, 0 updates, 0 deletions to 4 objects
03:16:27.646 [Test worker] DEBUG org.hibernate.event.internal.AbstractFlushingEventListener - Flushed: 0 (re)creations, 0 updates, 0 removals to 0 collections
03:16:27.646 [Test worker] DEBUG org.hibernate.internal.util.EntityPrinter - Listing entities:
03:16:27.646 [Test worker] DEBUG org.hibernate.internal.util.EntityPrinter - com.epam.esm.model.entity.TagEntity{name=Tag0, id=1}
03:16:27.646 [Test worker] DEBUG org.hibernate.internal.util.EntityPrinter - com.epam.esm.model.entity.TagEntity{name=Tag1, id=2}
03:16:27.646 [Test worker] DEBUG org.hibernate.internal.util.EntityPrinter - com.epam.esm.model.entity.TagEntity{name=Tag2, id=3}
03:16:27.646 [Test worker] DEBUG org.hibernate.internal.util.EntityPrinter - com.epam.esm.model.entity.TagEntity{name=Tag3, id=4}
03:16:27.646 [Test worker] DEBUG org.hibernate.SQL - select tagentity0_.id as id1_4_, tagentity0_.name as name2_4_ from TagEntity tagentity0_ where tagentity0_.name=?
Hibernate: select tagentity0_.id as id1_4_, tagentity0_.name as name2_4_ from TagEntity tagentity0_ where tagentity0_.name=?
03:16:27.647 [Test worker] DEBUG org.hibernate.stat.internal.StatisticsImpl - HHH000117: HQL: SELECT tag from TagEntity tag where tag.name = ?1, time: 0ms, rows: 0
03:16:27.647 [Test worker] DEBUG org.hibernate.engine.spi.ActionQueue - Executing identity-insert immediately
03:16:27.647 [Test worker] DEBUG org.hibernate.SQL - insert into TagEntity (id, name) values (null, ?)
Hibernate: insert into TagEntity (id, name) values (null, ?)
03:16:27.647 [Test worker] DEBUG org.hibernate.id.IdentifierGeneratorHelper - Natively generated identity: 5
03:16:27.647 [Test worker] DEBUG org.hibernate.resource.jdbc.internal.ResourceRegistryStandardImpl - HHH000387: ResultSet's statement was not registered
03:16:27.648 [Test worker] DEBUG org.hibernate.event.internal.AbstractFlushingEventListener - Processing flush-time cascades
03:16:27.648 [Test worker] DEBUG org.hibernate.event.internal.AbstractFlushingEventListener - Dirty checking collections
03:16:27.648 [Test worker] DEBUG org.hibernate.event.internal.AbstractFlushingEventListener - Flushed: 0 insertions, 0 updates, 0 deletions to 5 objects
03:16:27.648 [Test worker] DEBUG org.hibernate.event.internal.AbstractFlushingEventListener - Flushed: 0 (re)creations, 0 updates, 0 removals to 0 collections
03:16:27.648 [Test worker] DEBUG org.hibernate.internal.util.EntityPrinter - Listing entities:
03:16:27.648 [Test worker] DEBUG org.hibernate.internal.util.EntityPrinter - com.epam.esm.model.entity.TagEntity{name=Tag0, id=1}
03:16:27.648 [Test worker] DEBUG org.hibernate.internal.util.EntityPrinter - com.epam.esm.model.entity.TagEntity{name=Tag1, id=2}
03:16:27.648 [Test worker] DEBUG org.hibernate.internal.util.EntityPrinter - com.epam.esm.model.entity.TagEntity{name=Tag2, id=3}
03:16:27.648 [Test worker] DEBUG org.hibernate.internal.util.EntityPrinter - com.epam.esm.model.entity.TagEntity{name=Tag3, id=4}
03:16:27.648 [Test worker] DEBUG org.hibernate.internal.util.EntityPrinter - com.epam.esm.model.entity.TagEntity{name=Tag4, id=5}
03:16:27.648 [Test worker] DEBUG org.hibernate.SQL - select tagentity0_.id as id1_4_, tagentity0_.name as name2_4_ from TagEntity tagentity0_ where tagentity0_.name=?
Hibernate: select tagentity0_.id as id1_4_, tagentity0_.name as name2_4_ from TagEntity tagentity0_ where tagentity0_.name=?
03:16:27.649 [Test worker] DEBUG org.hibernate.stat.internal.StatisticsImpl - HHH000117: HQL: SELECT tag from TagEntity tag where tag.name = ?1, time: 0ms, rows: 0
03:16:27.649 [Test worker] DEBUG org.hibernate.engine.spi.ActionQueue - Executing identity-insert immediately
03:16:27.649 [Test worker] DEBUG org.hibernate.SQL - insert into TagEntity (id, name) values (null, ?)
Hibernate: insert into TagEntity (id, name) values (null, ?)
03:16:27.649 [Test worker] DEBUG org.hibernate.id.IdentifierGeneratorHelper - Natively generated identity: 6
03:16:27.649 [Test worker] DEBUG org.hibernate.resource.jdbc.internal.ResourceRegistryStandardImpl - HHH000387: ResultSet's statement was not registered
03:16:27.650 [Test worker] DEBUG org.hibernate.event.internal.AbstractFlushingEventListener - Processing flush-time cascades
03:16:27.650 [Test worker] DEBUG org.hibernate.event.internal.AbstractFlushingEventListener - Dirty checking collections
03:16:27.650 [Test worker] DEBUG org.hibernate.event.internal.AbstractFlushingEventListener - Flushed: 0 insertions, 0 updates, 0 deletions to 6 objects
03:16:27.650 [Test worker] DEBUG org.hibernate.event.internal.AbstractFlushingEventListener - Flushed: 0 (re)creations, 0 updates, 0 removals to 0 collections
03:16:27.650 [Test worker] DEBUG org.hibernate.internal.util.EntityPrinter - Listing entities:
03:16:27.650 [Test worker] DEBUG org.hibernate.internal.util.EntityPrinter - com.epam.esm.model.entity.TagEntity{name=Tag0, id=1}
03:16:27.650 [Test worker] DEBUG org.hibernate.internal.util.EntityPrinter - com.epam.esm.model.entity.TagEntity{name=Tag1, id=2}
03:16:27.650 [Test worker] DEBUG org.hibernate.internal.util.EntityPrinter - com.epam.esm.model.entity.TagEntity{name=Tag2, id=3}
03:16:27.650 [Test worker] DEBUG org.hibernate.internal.util.EntityPrinter - com.epam.esm.model.entity.TagEntity{name=Tag3, id=4}
03:16:27.650 [Test worker] DEBUG org.hibernate.internal.util.EntityPrinter - com.epam.esm.model.entity.TagEntity{name=Tag4, id=5}
03:16:27.650 [Test worker] DEBUG org.hibernate.internal.util.EntityPrinter - com.epam.esm.model.entity.TagEntity{name=Tag5, id=6}
03:16:27.650 [Test worker] DEBUG org.hibernate.SQL - select tagentity0_.id as id1_4_, tagentity0_.name as name2_4_ from TagEntity tagentity0_ where tagentity0_.name=?
Hibernate: select tagentity0_.id as id1_4_, tagentity0_.name as name2_4_ from TagEntity tagentity0_ where tagentity0_.name=?
03:16:27.650 [Test worker] DEBUG org.hibernate.stat.internal.StatisticsImpl - HHH000117: HQL: SELECT tag from TagEntity tag where tag.name = ?1, time: 0ms, rows: 0
03:16:27.650 [Test worker] DEBUG org.hibernate.engine.spi.ActionQueue - Executing identity-insert immediately
03:16:27.650 [Test worker] DEBUG org.hibernate.SQL - insert into TagEntity (id, name) values (null, ?)
Hibernate: insert into TagEntity (id, name) values (null, ?)
03:16:27.651 [Test worker] DEBUG org.hibernate.id.IdentifierGeneratorHelper - Natively generated identity: 7
03:16:27.651 [Test worker] DEBUG org.hibernate.resource.jdbc.internal.ResourceRegistryStandardImpl - HHH000387: ResultSet's statement was not registered
03:16:27.651 [Test worker] DEBUG org.hibernate.event.internal.AbstractFlushingEventListener - Processing flush-time cascades
03:16:27.651 [Test worker] DEBUG org.hibernate.event.internal.AbstractFlushingEventListener - Dirty checking collections
03:16:27.651 [Test worker] DEBUG org.hibernate.event.internal.AbstractFlushingEventListener - Flushed: 0 insertions, 0 updates, 0 deletions to 7 objects
03:16:27.652 [Test worker] DEBUG org.hibernate.event.internal.AbstractFlushingEventListener - Flushed: 0 (re)creations, 0 updates, 0 removals to 0 collections
03:16:27.652 [Test worker] DEBUG org.hibernate.internal.util.EntityPrinter - Listing entities:
03:16:27.652 [Test worker] DEBUG org.hibernate.internal.util.EntityPrinter - com.epam.esm.model.entity.TagEntity{name=Tag0, id=1}
03:16:27.652 [Test worker] DEBUG org.hibernate.internal.util.EntityPrinter - com.epam.esm.model.entity.TagEntity{name=Tag1, id=2}
03:16:27.652 [Test worker] DEBUG org.hibernate.internal.util.EntityPrinter - com.epam.esm.model.entity.TagEntity{name=Tag2, id=3}
03:16:27.652 [Test worker] DEBUG org.hibernate.internal.util.EntityPrinter - com.epam.esm.model.entity.TagEntity{name=Tag3, id=4}
03:16:27.652 [Test worker] DEBUG org.hibernate.internal.util.EntityPrinter - com.epam.esm.model.entity.TagEntity{name=Tag4, id=5}
03:16:27.652 [Test worker] DEBUG org.hibernate.internal.util.EntityPrinter - com.epam.esm.model.entity.TagEntity{name=Tag5, id=6}
03:16:27.652 [Test worker] DEBUG org.hibernate.internal.util.EntityPrinter - com.epam.esm.model.entity.TagEntity{name=Tag6, id=7}
03:16:27.652 [Test worker] DEBUG org.hibernate.SQL - select tagentity0_.id as id1_4_, tagentity0_.name as name2_4_ from TagEntity tagentity0_ where tagentity0_.name=?
Hibernate: select tagentity0_.id as id1_4_, tagentity0_.name as name2_4_ from TagEntity tagentity0_ where tagentity0_.name=?
03:16:27.652 [Test worker] DEBUG org.hibernate.stat.internal.StatisticsImpl - HHH000117: HQL: SELECT tag from TagEntity tag where tag.name = ?1, time: 0ms, rows: 0
03:16:27.652 [Test worker] DEBUG org.hibernate.engine.spi.ActionQueue - Executing identity-insert immediately
03:16:27.653 [Test worker] DEBUG org.hibernate.SQL - insert into TagEntity (id, name) values (null, ?)
Hibernate: insert into TagEntity (id, name) values (null, ?)
03:16:27.653 [Test worker] DEBUG org.hibernate.id.IdentifierGeneratorHelper - Natively generated identity: 8
03:16:27.653 [Test worker] DEBUG org.hibernate.resource.jdbc.internal.ResourceRegistryStandardImpl - HHH000387: ResultSet's statement was not registered
03:16:27.654 [Test worker] DEBUG org.hibernate.event.internal.AbstractFlushingEventListener - Processing flush-time cascades
03:16:27.654 [Test worker] DEBUG org.hibernate.event.internal.AbstractFlushingEventListener - Dirty checking collections
03:16:27.654 [Test worker] DEBUG org.hibernate.event.internal.AbstractFlushingEventListener - Flushed: 0 insertions, 0 updates, 0 deletions to 8 objects
03:16:27.654 [Test worker] DEBUG org.hibernate.event.internal.AbstractFlushingEventListener - Flushed: 0 (re)creations, 0 updates, 0 removals to 0 collections
03:16:27.654 [Test worker] DEBUG org.hibernate.internal.util.EntityPrinter - Listing entities:
03:16:27.654 [Test worker] DEBUG org.hibernate.internal.util.EntityPrinter - com.epam.esm.model.entity.TagEntity{name=Tag0, id=1}
03:16:27.654 [Test worker] DEBUG org.hibernate.internal.util.EntityPrinter - com.epam.esm.model.entity.TagEntity{name=Tag1, id=2}
03:16:27.654 [Test worker] DEBUG org.hibernate.internal.util.EntityPrinter - com.epam.esm.model.entity.TagEntity{name=Tag2, id=3}
03:16:27.654 [Test worker] DEBUG org.hibernate.internal.util.EntityPrinter - com.epam.esm.model.entity.TagEntity{name=Tag3, id=4}
03:16:27.654 [Test worker] DEBUG org.hibernate.internal.util.EntityPrinter - com.epam.esm.model.entity.TagEntity{name=Tag4, id=5}
03:16:27.654 [Test worker] DEBUG org.hibernate.internal.util.EntityPrinter - com.epam.esm.model.entity.TagEntity{name=Tag5, id=6}
03:16:27.654 [Test worker] DEBUG org.hibernate.internal.util.EntityPrinter - com.epam.esm.model.entity.TagEntity{name=Tag6, id=7}
03:16:27.654 [Test worker] DEBUG org.hibernate.internal.util.EntityPrinter - com.epam.esm.model.entity.TagEntity{name=Tag7, id=8}
03:16:27.654 [Test worker] DEBUG org.hibernate.SQL - select tagentity0_.id as id1_4_, tagentity0_.name as name2_4_ from TagEntity tagentity0_ where tagentity0_.name=?
Hibernate: select tagentity0_.id as id1_4_, tagentity0_.name as name2_4_ from TagEntity tagentity0_ where tagentity0_.name=?
03:16:27.655 [Test worker] DEBUG org.hibernate.stat.internal.StatisticsImpl - HHH000117: HQL: SELECT tag from TagEntity tag where tag.name = ?1, time: 0ms, rows: 0
03:16:27.655 [Test worker] DEBUG org.hibernate.engine.spi.ActionQueue - Executing identity-insert immediately
03:16:27.655 [Test worker] DEBUG org.hibernate.SQL - insert into TagEntity (id, name) values (null, ?)
Hibernate: insert into TagEntity (id, name) values (null, ?)
03:16:27.656 [Test worker] DEBUG org.hibernate.id.IdentifierGeneratorHelper - Natively generated identity: 9
03:16:27.656 [Test worker] DEBUG org.hibernate.resource.jdbc.internal.ResourceRegistryStandardImpl - HHH000387: ResultSet's statement was not registered
03:16:27.657 [Test worker] DEBUG org.hibernate.event.internal.AbstractFlushingEventListener - Processing flush-time cascades
03:16:27.657 [Test worker] DEBUG org.hibernate.event.internal.AbstractFlushingEventListener - Dirty checking collections
03:16:27.657 [Test worker] DEBUG org.hibernate.event.internal.AbstractFlushingEventListener - Flushed: 0 insertions, 0 updates, 0 deletions to 9 objects
03:16:27.657 [Test worker] DEBUG org.hibernate.event.internal.AbstractFlushingEventListener - Flushed: 0 (re)creations, 0 updates, 0 removals to 0 collections
03:16:27.657 [Test worker] DEBUG org.hibernate.internal.util.EntityPrinter - Listing entities:
03:16:27.657 [Test worker] DEBUG org.hibernate.internal.util.EntityPrinter - com.epam.esm.model.entity.TagEntity{name=Tag0, id=1}
03:16:27.657 [Test worker] DEBUG org.hibernate.internal.util.EntityPrinter - com.epam.esm.model.entity.TagEntity{name=Tag1, id=2}
03:16:27.657 [Test worker] DEBUG org.hibernate.internal.util.EntityPrinter - com.epam.esm.model.entity.TagEntity{name=Tag2, id=3}
03:16:27.657 [Test worker] DEBUG org.hibernate.internal.util.EntityPrinter - com.epam.esm.model.entity.TagEntity{name=Tag3, id=4}
03:16:27.657 [Test worker] DEBUG org.hibernate.internal.util.EntityPrinter - com.epam.esm.model.entity.TagEntity{name=Tag4, id=5}
03:16:27.657 [Test worker] DEBUG org.hibernate.internal.util.EntityPrinter - com.epam.esm.model.entity.TagEntity{name=Tag5, id=6}
03:16:27.657 [Test worker] DEBUG org.hibernate.internal.util.EntityPrinter - com.epam.esm.model.entity.TagEntity{name=Tag6, id=7}
03:16:27.657 [Test worker] DEBUG org.hibernate.internal.util.EntityPrinter - com.epam.esm.model.entity.TagEntity{name=Tag7, id=8}
03:16:27.657 [Test worker] DEBUG org.hibernate.internal.util.EntityPrinter - com.epam.esm.model.entity.TagEntity{name=Tag8, id=9}
03:16:27.658 [Test worker] DEBUG org.hibernate.SQL - select tagentity0_.id as id1_4_, tagentity0_.name as name2_4_ from TagEntity tagentity0_ where tagentity0_.name=?
Hibernate: select tagentity0_.id as id1_4_, tagentity0_.name as name2_4_ from TagEntity tagentity0_ where tagentity0_.name=?
03:16:27.658 [Test worker] DEBUG org.hibernate.stat.internal.StatisticsImpl - HHH000117: HQL: SELECT tag from TagEntity tag where tag.name = ?1, time: 0ms, rows: 0
03:16:27.658 [Test worker] DEBUG org.hibernate.engine.spi.ActionQueue - Executing identity-insert immediately
03:16:27.658 [Test worker] DEBUG org.hibernate.SQL - insert into TagEntity (id, name) values (null, ?)
Hibernate: insert into TagEntity (id, name) values (null, ?)
03:16:27.659 [Test worker] DEBUG org.hibernate.id.IdentifierGeneratorHelper - Natively generated identity: 10
03:16:27.659 [Test worker] DEBUG org.hibernate.resource.jdbc.internal.ResourceRegistryStandardImpl - HHH000387: ResultSet's statement was not registered
03:16:27.659 [Test worker] DEBUG org.hibernate.hql.internal.ast.QueryTranslatorImpl - parse() - HQL: SELECT tag FROM com.epam.esm.model.entity.TagEntity tag
03:16:27.659 [Test worker] DEBUG org.hibernate.hql.internal.ast.ErrorTracker - throwQueryException() : no errors
03:16:27.660 [Test worker] DEBUG org.hibernate.hql.internal.ast.QueryTranslatorImpl - --- HQL AST ---
 \-[QUERY] Node: 'query'
    \-[SELECT_FROM] Node: 'SELECT_FROM'
       +-[FROM] Node: 'FROM'
       |  \-[RANGE] Node: 'RANGE'
       |     +-[DOT] Node: '.'
       |     |  +-[DOT] Node: '.'
       |     |  |  +-[DOT] Node: '.'
       |     |  |  |  +-[DOT] Node: '.'
       |     |  |  |  |  +-[DOT] Node: '.'
       |     |  |  |  |  |  +-[IDENT] Node: 'com'
       |     |  |  |  |  |  \-[IDENT] Node: 'epam'
       |     |  |  |  |  \-[IDENT] Node: 'esm'
       |     |  |  |  \-[IDENT] Node: 'model'
       |     |  |  \-[IDENT] Node: 'entity'
       |     |  \-[IDENT] Node: 'TagEntity'
       |     \-[ALIAS] Node: 'tag'
       \-[SELECT] Node: 'SELECT'
          \-[IDENT] Node: 'tag'

03:16:27.660 [Test worker] DEBUG org.hibernate.hql.internal.antlr.HqlSqlBaseWalker - select << begin [level=1, statement=select]
03:16:27.660 [Test worker] DEBUG org.hibernate.hql.internal.ast.tree.FromElement - FromClause{level=1} : com.epam.esm.model.entity.TagEntity (tag) -> tagentity0_
03:16:27.660 [Test worker] DEBUG org.hibernate.hql.internal.ast.tree.FromReferenceNode - Resolved : tag -> tagentity0_.id
03:16:27.660 [Test worker] DEBUG org.hibernate.hql.internal.antlr.HqlSqlBaseWalker - select : finishing up [level=1, statement=select]
03:16:27.660 [Test worker] DEBUG org.hibernate.hql.internal.ast.HqlSqlWalker - processQuery() :  ( SELECT ( {select clause} tagentity0_.id ) ( FromClause{level=1} TagEntity tagentity0_ ) )
03:16:27.661 [Test worker] DEBUG org.hibernate.hql.internal.ast.util.JoinProcessor - Tables referenced from query nodes:
 \-QueryNode
    +-SelectClause
    | referencedTables(entity TagEntity): [TagEntity]
    |  +-IdentNode
    |  | persister: SingleTableEntityPersister(com.epam.esm.model.entity.TagEntity)
    |  | originalText: tag
    |  \-SqlFragment
    \-FromClause
       \-FromElement

03:16:27.661 [Test worker] DEBUG org.hibernate.hql.internal.ast.util.JoinProcessor - Using FROM fragment [TagEntity tagentity0_]
03:16:27.661 [Test worker] DEBUG org.hibernate.hql.internal.antlr.HqlSqlBaseWalker - select >> end [level=1, statement=select]
03:16:27.661 [Test worker] DEBUG org.hibernate.hql.internal.ast.QueryTranslatorImpl - --- SQL AST ---
 \-[SELECT] QueryNode: 'SELECT'  querySpaces (TagEntity)
    +-[SELECT_CLAUSE] SelectClause: '{select clause}'
    |  +-[ALIAS_REF] IdentNode: 'tagentity0_.id as id1_4_' {alias=tag, className=com.epam.esm.model.entity.TagEntity, tableAlias=tagentity0_}
    |  \-[SQL_TOKEN] SqlFragment: 'tagentity0_.name as name2_4_'
    \-[FROM] FromClause: 'FROM' FromClause{level=1, fromElementCounter=1, fromElements=1, fromElementByClassAlias=[tag], fromElementByTableAlias=[tagentity0_], fromElementsByPath=[], collectionJoinFromElementsByPath=[], impliedElements=[]}
       \-[FROM_FRAGMENT] FromElement: 'TagEntity tagentity0_' FromElement{explicit,not a collection join,not a fetch join,fetch non-lazy properties,classAlias=tag,role=null,tableName=TagEntity,tableAlias=tagentity0_,origin=null,columns={,className=com.epam.esm.model.entity.TagEntity}}

03:16:27.661 [Test worker] DEBUG org.hibernate.hql.internal.ast.ErrorTracker - throwQueryException() : no errors
03:16:27.661 [Test worker] DEBUG org.hibernate.hql.internal.ast.QueryTranslatorImpl - HQL: SELECT tag FROM com.epam.esm.model.entity.TagEntity tag
03:16:27.661 [Test worker] DEBUG org.hibernate.hql.internal.ast.QueryTranslatorImpl - SQL: select tagentity0_.id as id1_4_, tagentity0_.name as name2_4_ from TagEntity tagentity0_
03:16:27.661 [Test worker] DEBUG org.hibernate.hql.internal.ast.ErrorTracker - throwQueryException() : no errors
03:16:27.661 [Test worker] DEBUG org.hibernate.event.internal.AbstractFlushingEventListener - Processing flush-time cascades
03:16:27.661 [Test worker] DEBUG org.hibernate.event.internal.AbstractFlushingEventListener - Dirty checking collections
03:16:27.662 [Test worker] DEBUG org.hibernate.event.internal.AbstractFlushingEventListener - Flushed: 0 insertions, 0 updates, 0 deletions to 10 objects
03:16:27.662 [Test worker] DEBUG org.hibernate.event.internal.AbstractFlushingEventListener - Flushed: 0 (re)creations, 0 updates, 0 removals to 0 collections
03:16:27.662 [Test worker] DEBUG org.hibernate.internal.util.EntityPrinter - Listing entities:
03:16:27.662 [Test worker] DEBUG org.hibernate.internal.util.EntityPrinter - com.epam.esm.model.entity.TagEntity{name=Tag0, id=1}
03:16:27.662 [Test worker] DEBUG org.hibernate.internal.util.EntityPrinter - com.epam.esm.model.entity.TagEntity{name=Tag1, id=2}
03:16:27.662 [Test worker] DEBUG org.hibernate.internal.util.EntityPrinter - com.epam.esm.model.entity.TagEntity{name=Tag2, id=3}
03:16:27.662 [Test worker] DEBUG org.hibernate.internal.util.EntityPrinter - com.epam.esm.model.entity.TagEntity{name=Tag3, id=4}
03:16:27.662 [Test worker] DEBUG org.hibernate.internal.util.EntityPrinter - com.epam.esm.model.entity.TagEntity{name=Tag4, id=5}
03:16:27.662 [Test worker] DEBUG org.hibernate.internal.util.EntityPrinter - com.epam.esm.model.entity.TagEntity{name=Tag5, id=6}
03:16:27.662 [Test worker] DEBUG org.hibernate.internal.util.EntityPrinter - com.epam.esm.model.entity.TagEntity{name=Tag6, id=7}
03:16:27.662 [Test worker] DEBUG org.hibernate.internal.util.EntityPrinter - com.epam.esm.model.entity.TagEntity{name=Tag7, id=8}
03:16:27.662 [Test worker] DEBUG org.hibernate.internal.util.EntityPrinter - com.epam.esm.model.entity.TagEntity{name=Tag8, id=9}
03:16:27.662 [Test worker] DEBUG org.hibernate.internal.util.EntityPrinter - com.epam.esm.model.entity.TagEntity{name=Tag9, id=10}
03:16:27.662 [Test worker] DEBUG org.hibernate.SQL - select tagentity0_.id as id1_4_, tagentity0_.name as name2_4_ from TagEntity tagentity0_
Hibernate: select tagentity0_.id as id1_4_, tagentity0_.name as name2_4_ from TagEntity tagentity0_
03:16:27.663 [Test worker] DEBUG org.hibernate.loader.Loader - Result set row: 0
03:16:27.663 [Test worker] DEBUG org.hibernate.loader.Loader - Result row: EntityKey[com.epam.esm.model.entity.TagEntity#1]
03:16:27.663 [Test worker] DEBUG org.hibernate.loader.Loader - Result set row: 1
03:16:27.663 [Test worker] DEBUG org.hibernate.loader.Loader - Result row: EntityKey[com.epam.esm.model.entity.TagEntity#2]
03:16:27.663 [Test worker] DEBUG org.hibernate.loader.Loader - Result set row: 2
03:16:27.663 [Test worker] DEBUG org.hibernate.loader.Loader - Result row: EntityKey[com.epam.esm.model.entity.TagEntity#3]
03:16:27.663 [Test worker] DEBUG org.hibernate.loader.Loader - Result set row: 3
03:16:27.663 [Test worker] DEBUG org.hibernate.loader.Loader - Result row: EntityKey[com.epam.esm.model.entity.TagEntity#4]
03:16:27.663 [Test worker] DEBUG org.hibernate.loader.Loader - Result set row: 4
03:16:27.663 [Test worker] DEBUG org.hibernate.loader.Loader - Result row: EntityKey[com.epam.esm.model.entity.TagEntity#5]
03:16:27.663 [Test worker] DEBUG org.hibernate.loader.Loader - Result set row: 5
03:16:27.663 [Test worker] DEBUG org.hibernate.loader.Loader - Result row: EntityKey[com.epam.esm.model.entity.TagEntity#6]
03:16:27.663 [Test worker] DEBUG org.hibernate.loader.Loader - Result set row: 6
03:16:27.663 [Test worker] DEBUG org.hibernate.loader.Loader - Result row: EntityKey[com.epam.esm.model.entity.TagEntity#7]
03:16:27.663 [Test worker] DEBUG org.hibernate.loader.Loader - Result set row: 7
03:16:27.663 [Test worker] DEBUG org.hibernate.loader.Loader - Result row: EntityKey[com.epam.esm.model.entity.TagEntity#8]
03:16:27.663 [Test worker] DEBUG org.hibernate.loader.Loader - Result set row: 8
03:16:27.663 [Test worker] DEBUG org.hibernate.loader.Loader - Result row: EntityKey[com.epam.esm.model.entity.TagEntity#9]
03:16:27.663 [Test worker] DEBUG org.hibernate.loader.Loader - Result set row: 9
03:16:27.663 [Test worker] DEBUG org.hibernate.loader.Loader - Result row: EntityKey[com.epam.esm.model.entity.TagEntity#10]
03:16:27.663 [Test worker] DEBUG org.hibernate.stat.internal.StatisticsImpl - HHH000117: HQL: SELECT tag FROM TagEntity tag, time: 1ms, rows: 10
03:16:27.664 [Test worker] DEBUG org.springframework.test.context.cache.DefaultCacheAwareContextLoaderDelegate - Retrieved ApplicationContext [271043915] from cache with key [[MergedContextConfiguration@5806f229 testClass = TagServiceImplTest, locations = '{}', classes = '{class com.epam.esm.configuration.ServiceTestConfiguration}', contextInitializerClasses = '[]', activeProfiles = '{}', propertySourceLocations = '{}', propertySourceProperties = '{}', contextCustomizers = set[org.springframework.boot.test.autoconfigure.actuate.metrics.MetricsExportContextCustomizerFactory$DisableMetricExportContextCustomizer@4c596bb4, org.springframework.boot.test.autoconfigure.properties.PropertyMappingContextCustomizer@0, org.springframework.boot.test.autoconfigure.web.servlet.WebDriverContextCustomizerFactory$Customizer@de4aa03, org.springframework.boot.test.context.filter.ExcludeFilterContextCustomizer@6e0c30e0, org.springframework.boot.test.json.DuplicateJsonObjectContextCustomizerFactory$DuplicateJsonObjectContextCustomizer@616df5e9, org.springframework.boot.test.mock.mockito.MockitoContextCustomizer@0], contextLoader = 'org.springframework.test.context.support.DelegatingSmartContextLoader', parent = [null]]]
03:16:27.664 [Test worker] DEBUG org.springframework.test.context.cache - Spring test ApplicationContext cache statistics: [DefaultContextCache@3d4f3eac size = 1, maxSize = 32, parentContextCount = 0, hitCount = 108, missCount = 1]
03:16:27.664 [Test worker] DEBUG org.springframework.test.context.cache.DefaultCacheAwareContextLoaderDelegate - Retrieved ApplicationContext [271043915] from cache with key [[MergedContextConfiguration@5806f229 testClass = TagServiceImplTest, locations = '{}', classes = '{class com.epam.esm.configuration.ServiceTestConfiguration}', contextInitializerClasses = '[]', activeProfiles = '{}', propertySourceLocations = '{}', propertySourceProperties = '{}', contextCustomizers = set[org.springframework.boot.test.autoconfigure.actuate.metrics.MetricsExportContextCustomizerFactory$DisableMetricExportContextCustomizer@4c596bb4, org.springframework.boot.test.autoconfigure.properties.PropertyMappingContextCustomizer@0, org.springframework.boot.test.autoconfigure.web.servlet.WebDriverContextCustomizerFactory$Customizer@de4aa03, org.springframework.boot.test.context.filter.ExcludeFilterContextCustomizer@6e0c30e0, org.springframework.boot.test.json.DuplicateJsonObjectContextCustomizerFactory$DuplicateJsonObjectContextCustomizer@616df5e9, org.springframework.boot.test.mock.mockito.MockitoContextCustomizer@0], contextLoader = 'org.springframework.test.context.support.DelegatingSmartContextLoader', parent = [null]]]
03:16:27.664 [Test worker] DEBUG org.springframework.test.context.cache - Spring test ApplicationContext cache statistics: [DefaultContextCache@3d4f3eac size = 1, maxSize = 32, parentContextCount = 0, hitCount = 109, missCount = 1]
03:16:27.664 [Test worker] DEBUG org.springframework.test.context.cache.DefaultCacheAwareContextLoaderDelegate - Retrieved ApplicationContext [271043915] from cache with key [[MergedContextConfiguration@5806f229 testClass = TagServiceImplTest, locations = '{}', classes = '{class com.epam.esm.configuration.ServiceTestConfiguration}', contextInitializerClasses = '[]', activeProfiles = '{}', propertySourceLocations = '{}', propertySourceProperties = '{}', contextCustomizers = set[org.springframework.boot.test.autoconfigure.actuate.metrics.MetricsExportContextCustomizerFactory$DisableMetricExportContextCustomizer@4c596bb4, org.springframework.boot.test.autoconfigure.properties.PropertyMappingContextCustomizer@0, org.springframework.boot.test.autoconfigure.web.servlet.WebDriverContextCustomizerFactory$Customizer@de4aa03, org.springframework.boot.test.context.filter.ExcludeFilterContextCustomizer@6e0c30e0, org.springframework.boot.test.json.DuplicateJsonObjectContextCustomizerFactory$DuplicateJsonObjectContextCustomizer@616df5e9, org.springframework.boot.test.mock.mockito.MockitoContextCustomizer@0], contextLoader = 'org.springframework.test.context.support.DelegatingSmartContextLoader', parent = [null]]]
03:16:27.664 [Test worker] DEBUG org.springframework.test.context.cache - Spring test ApplicationContext cache statistics: [DefaultContextCache@3d4f3eac size = 1, maxSize = 32, parentContextCount = 0, hitCount = 110, missCount = 1]
03:16:27.664 [Test worker] DEBUG org.springframework.test.context.cache.DefaultCacheAwareContextLoaderDelegate - Retrieved ApplicationContext [271043915] from cache with key [[MergedContextConfiguration@5806f229 testClass = TagServiceImplTest, locations = '{}', classes = '{class com.epam.esm.configuration.ServiceTestConfiguration}', contextInitializerClasses = '[]', activeProfiles = '{}', propertySourceLocations = '{}', propertySourceProperties = '{}', contextCustomizers = set[org.springframework.boot.test.autoconfigure.actuate.metrics.MetricsExportContextCustomizerFactory$DisableMetricExportContextCustomizer@4c596bb4, org.springframework.boot.test.autoconfigure.properties.PropertyMappingContextCustomizer@0, org.springframework.boot.test.autoconfigure.web.servlet.WebDriverContextCustomizerFactory$Customizer@de4aa03, org.springframework.boot.test.context.filter.ExcludeFilterContextCustomizer@6e0c30e0, org.springframework.boot.test.json.DuplicateJsonObjectContextCustomizerFactory$DuplicateJsonObjectContextCustomizer@616df5e9, org.springframework.boot.test.mock.mockito.MockitoContextCustomizer@0], contextLoader = 'org.springframework.test.context.support.DelegatingSmartContextLoader', parent = [null]]]
03:16:27.665 [Test worker] DEBUG org.springframework.test.context.cache - Spring test ApplicationContext cache statistics: [DefaultContextCache@3d4f3eac size = 1, maxSize = 32, parentContextCount = 0, hitCount = 111, missCount = 1]
03:16:27.665 [Test worker] DEBUG org.springframework.test.context.cache.DefaultCacheAwareContextLoaderDelegate - Retrieved ApplicationContext [271043915] from cache with key [[MergedContextConfiguration@5806f229 testClass = TagServiceImplTest, locations = '{}', classes = '{class com.epam.esm.configuration.ServiceTestConfiguration}', contextInitializerClasses = '[]', activeProfiles = '{}', propertySourceLocations = '{}', propertySourceProperties = '{}', contextCustomizers = set[org.springframework.boot.test.autoconfigure.actuate.metrics.MetricsExportContextCustomizerFactory$DisableMetricExportContextCustomizer@4c596bb4, org.springframework.boot.test.autoconfigure.properties.PropertyMappingContextCustomizer@0, org.springframework.boot.test.autoconfigure.web.servlet.WebDriverContextCustomizerFactory$Customizer@de4aa03, org.springframework.boot.test.context.filter.ExcludeFilterContextCustomizer@6e0c30e0, org.springframework.boot.test.json.DuplicateJsonObjectContextCustomizerFactory$DuplicateJsonObjectContextCustomizer@616df5e9, org.springframework.boot.test.mock.mockito.MockitoContextCustomizer@0], contextLoader = 'org.springframework.test.context.support.DelegatingSmartContextLoader', parent = [null]]]
03:16:27.665 [Test worker] DEBUG org.springframework.test.context.cache - Spring test ApplicationContext cache statistics: [DefaultContextCache@3d4f3eac size = 1, maxSize = 32, parentContextCount = 0, hitCount = 112, missCount = 1]
03:16:27.665 [Test worker] DEBUG org.springframework.test.context.cache.DefaultCacheAwareContextLoaderDelegate - Retrieved ApplicationContext [271043915] from cache with key [[MergedContextConfiguration@5806f229 testClass = TagServiceImplTest, locations = '{}', classes = '{class com.epam.esm.configuration.ServiceTestConfiguration}', contextInitializerClasses = '[]', activeProfiles = '{}', propertySourceLocations = '{}', propertySourceProperties = '{}', contextCustomizers = set[org.springframework.boot.test.autoconfigure.actuate.metrics.MetricsExportContextCustomizerFactory$DisableMetricExportContextCustomizer@4c596bb4, org.springframework.boot.test.autoconfigure.properties.PropertyMappingContextCustomizer@0, org.springframework.boot.test.autoconfigure.web.servlet.WebDriverContextCustomizerFactory$Customizer@de4aa03, org.springframework.boot.test.context.filter.ExcludeFilterContextCustomizer@6e0c30e0, org.springframework.boot.test.json.DuplicateJsonObjectContextCustomizerFactory$DuplicateJsonObjectContextCustomizer@616df5e9, org.springframework.boot.test.mock.mockito.MockitoContextCustomizer@0], contextLoader = 'org.springframework.test.context.support.DelegatingSmartContextLoader', parent = [null]]]
03:16:27.665 [Test worker] DEBUG org.springframework.test.context.cache - Spring test ApplicationContext cache statistics: [DefaultContextCache@3d4f3eac size = 1, maxSize = 32, parentContextCount = 0, hitCount = 113, missCount = 1]
03:16:27.665 [Test worker] DEBUG org.springframework.orm.jpa.JpaTransactionManager - Initiating transaction rollback
03:16:27.665 [Test worker] DEBUG org.springframework.orm.jpa.JpaTransactionManager - Rolling back JPA transaction on EntityManager [SessionImpl(2130405883<open>)]
03:16:27.665 [Test worker] DEBUG org.hibernate.engine.transaction.internal.TransactionImpl - rolling back
03:16:27.666 [Test worker] DEBUG org.springframework.orm.jpa.JpaTransactionManager - Closing JPA EntityManager [SessionImpl(2130405883<open>)] after transaction
03:16:27.666 [Test worker] INFO org.hibernate.engine.internal.StatisticalLoggingSessionEventListener - Session Metrics {
    432476 nanoseconds spent acquiring 1 JDBC connections;
    0 nanoseconds spent releasing 0 JDBC connections;
    981477 nanoseconds spent preparing 21 JDBC statements;
    3835490 nanoseconds spent executing 21 JDBC statements;
    0 nanoseconds spent executing 0 JDBC batches;
    0 nanoseconds spent performing 0 L2C puts;
    0 nanoseconds spent performing 0 L2C hits;
    0 nanoseconds spent performing 0 L2C misses;
    0 nanoseconds spent executing 0 flushes (flushing a total of 0 entities and 0 collections);
    4509666 nanoseconds spent executing 11 partial-flushes (flushing a total of 55 entities and 55 collections)
}
03:16:27.667 [Test worker] INFO org.springframework.test.context.transaction.TransactionContext - Rolled back transaction for test: [DefaultTestContext@31340e8e testClass = TagServiceImplTest, testInstance = com.epam.esm.service.impl.TagServiceImplTest@78125c78, testMethod = getAllTest@TagServiceImplTest, testException = [null], mergedContextConfiguration = [MergedContextConfiguration@5806f229 testClass = TagServiceImplTest, locations = '{}', classes = '{class com.epam.esm.configuration.ServiceTestConfiguration}', contextInitializerClasses = '[]', activeProfiles = '{}', propertySourceLocations = '{}', propertySourceProperties = '{}', contextCustomizers = set[org.springframework.boot.test.autoconfigure.actuate.metrics.MetricsExportContextCustomizerFactory$DisableMetricExportContextCustomizer@4c596bb4, org.springframework.boot.test.autoconfigure.properties.PropertyMappingContextCustomizer@0, org.springframework.boot.test.autoconfigure.web.servlet.WebDriverContextCustomizerFactory$Customizer@de4aa03, org.springframework.boot.test.context.filter.ExcludeFilterContextCustomizer@6e0c30e0, org.springframework.boot.test.json.DuplicateJsonObjectContextCustomizerFactory$DuplicateJsonObjectContextCustomizer@616df5e9, org.springframework.boot.test.mock.mockito.MockitoContextCustomizer@0], contextLoader = 'org.springframework.test.context.support.DelegatingSmartContextLoader', parent = [null]], attributes = map['org.springframework.test.context.event.ApplicationEventsTestExecutionListener.recordApplicationEvents' -> false]]
03:16:27.667 [Test worker] DEBUG org.springframework.test.context.support.AbstractDirtiesContextTestExecutionListener - After test method: context [DefaultTestContext@31340e8e testClass = TagServiceImplTest, testInstance = com.epam.esm.service.impl.TagServiceImplTest@78125c78, testMethod = getAllTest@TagServiceImplTest, testException = [null], mergedContextConfiguration = [MergedContextConfiguration@5806f229 testClass = TagServiceImplTest, locations = '{}', classes = '{class com.epam.esm.configuration.ServiceTestConfiguration}', contextInitializerClasses = '[]', activeProfiles = '{}', propertySourceLocations = '{}', propertySourceProperties = '{}', contextCustomizers = set[org.springframework.boot.test.autoconfigure.actuate.metrics.MetricsExportContextCustomizerFactory$DisableMetricExportContextCustomizer@4c596bb4, org.springframework.boot.test.autoconfigure.properties.PropertyMappingContextCustomizer@0, org.springframework.boot.test.autoconfigure.web.servlet.WebDriverContextCustomizerFactory$Customizer@de4aa03, org.springframework.boot.test.context.filter.ExcludeFilterContextCustomizer@6e0c30e0, org.springframework.boot.test.json.DuplicateJsonObjectContextCustomizerFactory$DuplicateJsonObjectContextCustomizer@616df5e9, org.springframework.boot.test.mock.mockito.MockitoContextCustomizer@0], contextLoader = 'org.springframework.test.context.support.DelegatingSmartContextLoader', parent = [null]], attributes = map['org.springframework.test.context.event.ApplicationEventsTestExecutionListener.recordApplicationEvents' -> false]], class annotated with @DirtiesContext [false] with mode [null], method annotated with @DirtiesContext [false] with mode [null].
03:16:27.668 [Test worker] DEBUG org.springframework.test.context.support.DependencyInjectionTestExecutionListener - Performing dependency injection for test context [[DefaultTestContext@31340e8e testClass = TagServiceImplTest, testInstance = com.epam.esm.service.impl.TagServiceImplTest@1a81a48d, testMethod = [null], testException = [null], mergedContextConfiguration = [MergedContextConfiguration@5806f229 testClass = TagServiceImplTest, locations = '{}', classes = '{class com.epam.esm.configuration.ServiceTestConfiguration}', contextInitializerClasses = '[]', activeProfiles = '{}', propertySourceLocations = '{}', propertySourceProperties = '{}', contextCustomizers = set[org.springframework.boot.test.autoconfigure.actuate.metrics.MetricsExportContextCustomizerFactory$DisableMetricExportContextCustomizer@4c596bb4, org.springframework.boot.test.autoconfigure.properties.PropertyMappingContextCustomizer@0, org.springframework.boot.test.autoconfigure.web.servlet.WebDriverContextCustomizerFactory$Customizer@de4aa03, org.springframework.boot.test.context.filter.ExcludeFilterContextCustomizer@6e0c30e0, org.springframework.boot.test.json.DuplicateJsonObjectContextCustomizerFactory$DuplicateJsonObjectContextCustomizer@616df5e9, org.springframework.boot.test.mock.mockito.MockitoContextCustomizer@0], contextLoader = 'org.springframework.test.context.support.DelegatingSmartContextLoader', parent = [null]], attributes = map['org.springframework.test.context.event.ApplicationEventsTestExecutionListener.recordApplicationEvents' -> false]]].
03:16:27.668 [Test worker] DEBUG org.springframework.test.context.cache.DefaultCacheAwareContextLoaderDelegate - Retrieved ApplicationContext [271043915] from cache with key [[MergedContextConfiguration@5806f229 testClass = TagServiceImplTest, locations = '{}', classes = '{class com.epam.esm.configuration.ServiceTestConfiguration}', contextInitializerClasses = '[]', activeProfiles = '{}', propertySourceLocations = '{}', propertySourceProperties = '{}', contextCustomizers = set[org.springframework.boot.test.autoconfigure.actuate.metrics.MetricsExportContextCustomizerFactory$DisableMetricExportContextCustomizer@4c596bb4, org.springframework.boot.test.autoconfigure.properties.PropertyMappingContextCustomizer@0, org.springframework.boot.test.autoconfigure.web.servlet.WebDriverContextCustomizerFactory$Customizer@de4aa03, org.springframework.boot.test.context.filter.ExcludeFilterContextCustomizer@6e0c30e0, org.springframework.boot.test.json.DuplicateJsonObjectContextCustomizerFactory$DuplicateJsonObjectContextCustomizer@616df5e9, org.springframework.boot.test.mock.mockito.MockitoContextCustomizer@0], contextLoader = 'org.springframework.test.context.support.DelegatingSmartContextLoader', parent = [null]]]
03:16:27.668 [Test worker] DEBUG org.springframework.test.context.cache - Spring test ApplicationContext cache statistics: [DefaultContextCache@3d4f3eac size = 1, maxSize = 32, parentContextCount = 0, hitCount = 114, missCount = 1]
03:16:27.668 [Test worker] DEBUG org.springframework.test.context.cache.DefaultCacheAwareContextLoaderDelegate - Retrieved ApplicationContext [271043915] from cache with key [[MergedContextConfiguration@5806f229 testClass = TagServiceImplTest, locations = '{}', classes = '{class com.epam.esm.configuration.ServiceTestConfiguration}', contextInitializerClasses = '[]', activeProfiles = '{}', propertySourceLocations = '{}', propertySourceProperties = '{}', contextCustomizers = set[org.springframework.boot.test.autoconfigure.actuate.metrics.MetricsExportContextCustomizerFactory$DisableMetricExportContextCustomizer@4c596bb4, org.springframework.boot.test.autoconfigure.properties.PropertyMappingContextCustomizer@0, org.springframework.boot.test.autoconfigure.web.servlet.WebDriverContextCustomizerFactory$Customizer@de4aa03, org.springframework.boot.test.context.filter.ExcludeFilterContextCustomizer@6e0c30e0, org.springframework.boot.test.json.DuplicateJsonObjectContextCustomizerFactory$DuplicateJsonObjectContextCustomizer@616df5e9, org.springframework.boot.test.mock.mockito.MockitoContextCustomizer@0], contextLoader = 'org.springframework.test.context.support.DelegatingSmartContextLoader', parent = [null]]]
03:16:27.668 [Test worker] DEBUG org.springframework.test.context.cache - Spring test ApplicationContext cache statistics: [DefaultContextCache@3d4f3eac size = 1, maxSize = 32, parentContextCount = 0, hitCount = 115, missCount = 1]
03:16:27.669 [Test worker] DEBUG org.springframework.test.context.support.AbstractDirtiesContextTestExecutionListener - Before test method: context [DefaultTestContext@31340e8e testClass = TagServiceImplTest, testInstance = com.epam.esm.service.impl.TagServiceImplTest@1a81a48d, testMethod = createTest@TagServiceImplTest, testException = [null], mergedContextConfiguration = [MergedContextConfiguration@5806f229 testClass = TagServiceImplTest, locations = '{}', classes = '{class com.epam.esm.configuration.ServiceTestConfiguration}', contextInitializerClasses = '[]', activeProfiles = '{}', propertySourceLocations = '{}', propertySourceProperties = '{}', contextCustomizers = set[org.springframework.boot.test.autoconfigure.actuate.metrics.MetricsExportContextCustomizerFactory$DisableMetricExportContextCustomizer@4c596bb4, org.springframework.boot.test.autoconfigure.properties.PropertyMappingContextCustomizer@0, org.springframework.boot.test.autoconfigure.web.servlet.WebDriverContextCustomizerFactory$Customizer@de4aa03, org.springframework.boot.test.context.filter.ExcludeFilterContextCustomizer@6e0c30e0, org.springframework.boot.test.json.DuplicateJsonObjectContextCustomizerFactory$DuplicateJsonObjectContextCustomizer@616df5e9, org.springframework.boot.test.mock.mockito.MockitoContextCustomizer@0], contextLoader = 'org.springframework.test.context.support.DelegatingSmartContextLoader', parent = [null]], attributes = map['org.springframework.test.context.event.ApplicationEventsTestExecutionListener.recordApplicationEvents' -> false]], class annotated with @DirtiesContext [false] with mode [null], method annotated with @DirtiesContext [false] with mode [null].
03:16:27.669 [Test worker] DEBUG org.springframework.test.context.transaction.TransactionalTestExecutionListener - Explicit transaction definition [PROPAGATION_REQUIRED,ISOLATION_DEFAULT] found for test context [DefaultTestContext@31340e8e testClass = TagServiceImplTest, testInstance = com.epam.esm.service.impl.TagServiceImplTest@1a81a48d, testMethod = createTest@TagServiceImplTest, testException = [null], mergedContextConfiguration = [MergedContextConfiguration@5806f229 testClass = TagServiceImplTest, locations = '{}', classes = '{class com.epam.esm.configuration.ServiceTestConfiguration}', contextInitializerClasses = '[]', activeProfiles = '{}', propertySourceLocations = '{}', propertySourceProperties = '{}', contextCustomizers = set[org.springframework.boot.test.autoconfigure.actuate.metrics.MetricsExportContextCustomizerFactory$DisableMetricExportContextCustomizer@4c596bb4, org.springframework.boot.test.autoconfigure.properties.PropertyMappingContextCustomizer@0, org.springframework.boot.test.autoconfigure.web.servlet.WebDriverContextCustomizerFactory$Customizer@de4aa03, org.springframework.boot.test.context.filter.ExcludeFilterContextCustomizer@6e0c30e0, org.springframework.boot.test.json.DuplicateJsonObjectContextCustomizerFactory$DuplicateJsonObjectContextCustomizer@616df5e9, org.springframework.boot.test.mock.mockito.MockitoContextCustomizer@0], contextLoader = 'org.springframework.test.context.support.DelegatingSmartContextLoader', parent = [null]], attributes = map['org.springframework.test.context.event.ApplicationEventsTestExecutionListener.recordApplicationEvents' -> false]]
03:16:27.669 [Test worker] DEBUG org.springframework.test.context.cache.DefaultCacheAwareContextLoaderDelegate - Retrieved ApplicationContext [271043915] from cache with key [[MergedContextConfiguration@5806f229 testClass = TagServiceImplTest, locations = '{}', classes = '{class com.epam.esm.configuration.ServiceTestConfiguration}', contextInitializerClasses = '[]', activeProfiles = '{}', propertySourceLocations = '{}', propertySourceProperties = '{}', contextCustomizers = set[org.springframework.boot.test.autoconfigure.actuate.metrics.MetricsExportContextCustomizerFactory$DisableMetricExportContextCustomizer@4c596bb4, org.springframework.boot.test.autoconfigure.properties.PropertyMappingContextCustomizer@0, org.springframework.boot.test.autoconfigure.web.servlet.WebDriverContextCustomizerFactory$Customizer@de4aa03, org.springframework.boot.test.context.filter.ExcludeFilterContextCustomizer@6e0c30e0, org.springframework.boot.test.json.DuplicateJsonObjectContextCustomizerFactory$DuplicateJsonObjectContextCustomizer@616df5e9, org.springframework.boot.test.mock.mockito.MockitoContextCustomizer@0], contextLoader = 'org.springframework.test.context.support.DelegatingSmartContextLoader', parent = [null]]]
03:16:27.669 [Test worker] DEBUG org.springframework.test.context.cache - Spring test ApplicationContext cache statistics: [DefaultContextCache@3d4f3eac size = 1, maxSize = 32, parentContextCount = 0, hitCount = 116, missCount = 1]
03:16:27.670 [Test worker] DEBUG org.springframework.test.context.transaction.TransactionalTestExecutionListener - No method-level @Rollback override: using default rollback [true] for test context [DefaultTestContext@31340e8e testClass = TagServiceImplTest, testInstance = com.epam.esm.service.impl.TagServiceImplTest@1a81a48d, testMethod = createTest@TagServiceImplTest, testException = [null], mergedContextConfiguration = [MergedContextConfiguration@5806f229 testClass = TagServiceImplTest, locations = '{}', classes = '{class com.epam.esm.configuration.ServiceTestConfiguration}', contextInitializerClasses = '[]', activeProfiles = '{}', propertySourceLocations = '{}', propertySourceProperties = '{}', contextCustomizers = set[org.springframework.boot.test.autoconfigure.actuate.metrics.MetricsExportContextCustomizerFactory$DisableMetricExportContextCustomizer@4c596bb4, org.springframework.boot.test.autoconfigure.properties.PropertyMappingContextCustomizer@0, org.springframework.boot.test.autoconfigure.web.servlet.WebDriverContextCustomizerFactory$Customizer@de4aa03, org.springframework.boot.test.context.filter.ExcludeFilterContextCustomizer@6e0c30e0, org.springframework.boot.test.json.DuplicateJsonObjectContextCustomizerFactory$DuplicateJsonObjectContextCustomizer@616df5e9, org.springframework.boot.test.mock.mockito.MockitoContextCustomizer@0], contextLoader = 'org.springframework.test.context.support.DelegatingSmartContextLoader', parent = [null]], attributes = map['org.springframework.test.context.event.ApplicationEventsTestExecutionListener.recordApplicationEvents' -> false]].
03:16:27.670 [Test worker] DEBUG org.springframework.orm.jpa.JpaTransactionManager - Creating new transaction with name [com.epam.esm.service.impl.TagServiceImplTest.createTest]: PROPAGATION_REQUIRED,ISOLATION_DEFAULT
03:16:27.670 [Test worker] DEBUG org.springframework.orm.jpa.JpaTransactionManager - Opened new EntityManager [SessionImpl(61847186<open>)] for JPA transaction
03:16:27.670 [Test worker] DEBUG org.hibernate.engine.transaction.internal.TransactionImpl - On TransactionImpl creation, JpaCompliance#isJpaTransactionComplianceEnabled == false
03:16:27.670 [Test worker] DEBUG org.hibernate.engine.transaction.internal.TransactionImpl - begin
03:16:27.670 [Test worker] DEBUG org.springframework.jdbc.datasource.DriverManagerDataSource - Creating new JDBC DriverManager Connection to [jdbc:h2:mem:second;DB_CLOSE_DELAY=-1]
03:16:27.671 [Test worker] DEBUG org.springframework.orm.jpa.JpaTransactionManager - Exposing JPA transaction as JDBC [org.springframework.orm.jpa.vendor.HibernateJpaDialect$HibernateConnectionHandle@5d05a4cf]
03:16:27.671 [Test worker] INFO org.springframework.test.context.transaction.TransactionContext - Began transaction (1) for test context [DefaultTestContext@31340e8e testClass = TagServiceImplTest, testInstance = com.epam.esm.service.impl.TagServiceImplTest@1a81a48d, testMethod = createTest@TagServiceImplTest, testException = [null], mergedContextConfiguration = [MergedContextConfiguration@5806f229 testClass = TagServiceImplTest, locations = '{}', classes = '{class com.epam.esm.configuration.ServiceTestConfiguration}', contextInitializerClasses = '[]', activeProfiles = '{}', propertySourceLocations = '{}', propertySourceProperties = '{}', contextCustomizers = set[org.springframework.boot.test.autoconfigure.actuate.metrics.MetricsExportContextCustomizerFactory$DisableMetricExportContextCustomizer@4c596bb4, org.springframework.boot.test.autoconfigure.properties.PropertyMappingContextCustomizer@0, org.springframework.boot.test.autoconfigure.web.servlet.WebDriverContextCustomizerFactory$Customizer@de4aa03, org.springframework.boot.test.context.filter.ExcludeFilterContextCustomizer@6e0c30e0, org.springframework.boot.test.json.DuplicateJsonObjectContextCustomizerFactory$DuplicateJsonObjectContextCustomizer@616df5e9, org.springframework.boot.test.mock.mockito.MockitoContextCustomizer@0], contextLoader = 'org.springframework.test.context.support.DelegatingSmartContextLoader', parent = [null]], attributes = map['org.springframework.test.context.event.ApplicationEventsTestExecutionListener.recordApplicationEvents' -> false]]; transaction manager [org.springframework.orm.jpa.JpaTransactionManager@3998dc6]; rollback [true]
03:16:27.671 [Test worker] DEBUG org.springframework.test.context.cache.DefaultCacheAwareContextLoaderDelegate - Retrieved ApplicationContext [271043915] from cache with key [[MergedContextConfiguration@5806f229 testClass = TagServiceImplTest, locations = '{}', classes = '{class com.epam.esm.configuration.ServiceTestConfiguration}', contextInitializerClasses = '[]', activeProfiles = '{}', propertySourceLocations = '{}', propertySourceProperties = '{}', contextCustomizers = set[org.springframework.boot.test.autoconfigure.actuate.metrics.MetricsExportContextCustomizerFactory$DisableMetricExportContextCustomizer@4c596bb4, org.springframework.boot.test.autoconfigure.properties.PropertyMappingContextCustomizer@0, org.springframework.boot.test.autoconfigure.web.servlet.WebDriverContextCustomizerFactory$Customizer@de4aa03, org.springframework.boot.test.context.filter.ExcludeFilterContextCustomizer@6e0c30e0, org.springframework.boot.test.json.DuplicateJsonObjectContextCustomizerFactory$DuplicateJsonObjectContextCustomizer@616df5e9, org.springframework.boot.test.mock.mockito.MockitoContextCustomizer@0], contextLoader = 'org.springframework.test.context.support.DelegatingSmartContextLoader', parent = [null]]]
03:16:27.671 [Test worker] DEBUG org.springframework.test.context.cache - Spring test ApplicationContext cache statistics: [DefaultContextCache@3d4f3eac size = 1, maxSize = 32, parentContextCount = 0, hitCount = 117, missCount = 1]
03:16:27.672 [Test worker] DEBUG org.springframework.test.context.cache.DefaultCacheAwareContextLoaderDelegate - Retrieved ApplicationContext [271043915] from cache with key [[MergedContextConfiguration@5806f229 testClass = TagServiceImplTest, locations = '{}', classes = '{class com.epam.esm.configuration.ServiceTestConfiguration}', contextInitializerClasses = '[]', activeProfiles = '{}', propertySourceLocations = '{}', propertySourceProperties = '{}', contextCustomizers = set[org.springframework.boot.test.autoconfigure.actuate.metrics.MetricsExportContextCustomizerFactory$DisableMetricExportContextCustomizer@4c596bb4, org.springframework.boot.test.autoconfigure.properties.PropertyMappingContextCustomizer@0, org.springframework.boot.test.autoconfigure.web.servlet.WebDriverContextCustomizerFactory$Customizer@de4aa03, org.springframework.boot.test.context.filter.ExcludeFilterContextCustomizer@6e0c30e0, org.springframework.boot.test.json.DuplicateJsonObjectContextCustomizerFactory$DuplicateJsonObjectContextCustomizer@616df5e9, org.springframework.boot.test.mock.mockito.MockitoContextCustomizer@0], contextLoader = 'org.springframework.test.context.support.DelegatingSmartContextLoader', parent = [null]]]
03:16:27.672 [Test worker] DEBUG org.springframework.test.context.cache - Spring test ApplicationContext cache statistics: [DefaultContextCache@3d4f3eac size = 1, maxSize = 32, parentContextCount = 0, hitCount = 118, missCount = 1]
03:16:27.672 [Test worker] DEBUG org.springframework.test.context.cache.DefaultCacheAwareContextLoaderDelegate - Retrieved ApplicationContext [271043915] from cache with key [[MergedContextConfiguration@5806f229 testClass = TagServiceImplTest, locations = '{}', classes = '{class com.epam.esm.configuration.ServiceTestConfiguration}', contextInitializerClasses = '[]', activeProfiles = '{}', propertySourceLocations = '{}', propertySourceProperties = '{}', contextCustomizers = set[org.springframework.boot.test.autoconfigure.actuate.metrics.MetricsExportContextCustomizerFactory$DisableMetricExportContextCustomizer@4c596bb4, org.springframework.boot.test.autoconfigure.properties.PropertyMappingContextCustomizer@0, org.springframework.boot.test.autoconfigure.web.servlet.WebDriverContextCustomizerFactory$Customizer@de4aa03, org.springframework.boot.test.context.filter.ExcludeFilterContextCustomizer@6e0c30e0, org.springframework.boot.test.json.DuplicateJsonObjectContextCustomizerFactory$DuplicateJsonObjectContextCustomizer@616df5e9, org.springframework.boot.test.mock.mockito.MockitoContextCustomizer@0], contextLoader = 'org.springframework.test.context.support.DelegatingSmartContextLoader', parent = [null]]]
03:16:27.672 [Test worker] DEBUG org.springframework.test.context.cache - Spring test ApplicationContext cache statistics: [DefaultContextCache@3d4f3eac size = 1, maxSize = 32, parentContextCount = 0, hitCount = 119, missCount = 1]
03:16:27.672 [Test worker] DEBUG org.hibernate.SQL - select tagentity0_.id as id1_4_, tagentity0_.name as name2_4_ from TagEntity tagentity0_ where tagentity0_.name=?
Hibernate: select tagentity0_.id as id1_4_, tagentity0_.name as name2_4_ from TagEntity tagentity0_ where tagentity0_.name=?
03:16:27.674 [Test worker] DEBUG org.hibernate.stat.internal.StatisticsImpl - HHH000117: HQL: SELECT tag from TagEntity tag where tag.name = ?1, time: 1ms, rows: 0
03:16:27.674 [Test worker] DEBUG org.hibernate.engine.spi.ActionQueue - Executing identity-insert immediately
03:16:27.674 [Test worker] DEBUG org.hibernate.SQL - insert into TagEntity (id, name) values (null, ?)
Hibernate: insert into TagEntity (id, name) values (null, ?)
03:16:27.674 [Test worker] DEBUG org.hibernate.id.IdentifierGeneratorHelper - Natively generated identity: 11
03:16:27.674 [Test worker] DEBUG org.hibernate.resource.jdbc.internal.ResourceRegistryStandardImpl - HHH000387: ResultSet's statement was not registered
03:16:27.675 [Test worker] DEBUG org.hibernate.hql.internal.ast.QueryTranslatorImpl - parse() - HQL: SELECT tag FROM com.epam.esm.model.entity.TagEntity tag WHERE tag.name = ?1
03:16:27.675 [Test worker] DEBUG org.hibernate.hql.internal.ast.ErrorTracker - throwQueryException() : no errors
03:16:27.675 [Test worker] DEBUG org.hibernate.hql.internal.ast.QueryTranslatorImpl - --- HQL AST ---
 \-[QUERY] Node: 'query'
    +-[SELECT_FROM] Node: 'SELECT_FROM'
    |  +-[FROM] Node: 'FROM'
    |  |  \-[RANGE] Node: 'RANGE'
    |  |     +-[DOT] Node: '.'
    |  |     |  +-[DOT] Node: '.'
    |  |     |  |  +-[DOT] Node: '.'
    |  |     |  |  |  +-[DOT] Node: '.'
    |  |     |  |  |  |  +-[DOT] Node: '.'
    |  |     |  |  |  |  |  +-[IDENT] Node: 'com'
    |  |     |  |  |  |  |  \-[IDENT] Node: 'epam'
    |  |     |  |  |  |  \-[IDENT] Node: 'esm'
    |  |     |  |  |  \-[IDENT] Node: 'model'
    |  |     |  |  \-[IDENT] Node: 'entity'
    |  |     |  \-[IDENT] Node: 'TagEntity'
    |  |     \-[ALIAS] Node: 'tag'
    |  \-[SELECT] Node: 'SELECT'
    |     \-[IDENT] Node: 'tag'
    \-[WHERE] Node: 'WHERE'
       \-[EQ] Node: '='
          +-[DOT] Node: '.'
          |  +-[IDENT] Node: 'tag'
          |  \-[IDENT] Node: 'name'
          \-[PARAM] Node: '?'
             \-[NUM_INT] Node: '1'

03:16:27.676 [Test worker] DEBUG org.hibernate.hql.internal.antlr.HqlSqlBaseWalker - select << begin [level=1, statement=select]
03:16:27.676 [Test worker] DEBUG org.hibernate.hql.internal.ast.tree.FromElement - FromClause{level=1} : com.epam.esm.model.entity.TagEntity (tag) -> tagentity0_
03:16:27.676 [Test worker] DEBUG org.hibernate.hql.internal.ast.tree.FromReferenceNode - Resolved : tag -> tagentity0_.id
03:16:27.676 [Test worker] DEBUG org.hibernate.hql.internal.ast.tree.FromReferenceNode - Resolved : tag -> tagentity0_.id
03:16:27.676 [Test worker] DEBUG org.hibernate.hql.internal.ast.tree.DotNode - getDataType() : name -> org.hibernate.type.StringType@30baee82
03:16:27.676 [Test worker] DEBUG org.hibernate.hql.internal.ast.tree.FromReferenceNode - Resolved : tag.name -> tagentity0_.name
03:16:27.676 [Test worker] DEBUG org.hibernate.hql.internal.antlr.HqlSqlBaseWalker - select : finishing up [level=1, statement=select]
03:16:27.676 [Test worker] DEBUG org.hibernate.hql.internal.ast.HqlSqlWalker - processQuery() :  ( SELECT ( {select clause} tagentity0_.id ) ( FromClause{level=1} TagEntity tagentity0_ ) ( WHERE ( = ( tagentity0_.name tagentity0_.id name ) ? ) ) )
03:16:27.677 [Test worker] DEBUG org.hibernate.hql.internal.ast.util.JoinProcessor - Tables referenced from query nodes:
 \-QueryNode
    +-SelectClause
    | referencedTables(entity TagEntity): [TagEntity]
    |  +-IdentNode
    |  | persister: SingleTableEntityPersister(com.epam.esm.model.entity.TagEntity)
    |  | originalText: tag
    |  \-SqlFragment
    +-FromClause
    |  \-FromElement
    \-SqlNode
       \-BinaryLogicOperatorNode
          +-DotNode
          | persister: SingleTableEntityPersister(com.epam.esm.model.entity.TagEntity)
          | path: tag.name
          |  +-IdentNode
          |  | persister: SingleTableEntityPersister(com.epam.esm.model.entity.TagEntity)
          |  | originalText: tag
          |  \-IdentNode
          |    persister: null
          |    originalText: name
          \-ParameterNode

03:16:27.677 [Test worker] DEBUG org.hibernate.hql.internal.ast.util.JoinProcessor - Using FROM fragment [TagEntity tagentity0_]
03:16:27.677 [Test worker] DEBUG org.hibernate.hql.internal.antlr.HqlSqlBaseWalker - select >> end [level=1, statement=select]
03:16:27.677 [Test worker] DEBUG org.hibernate.hql.internal.ast.QueryTranslatorImpl - --- SQL AST ---
 \-[SELECT] QueryNode: 'SELECT'  querySpaces (TagEntity)
    +-[SELECT_CLAUSE] SelectClause: '{select clause}'
    |  +-[ALIAS_REF] IdentNode: 'tagentity0_.id as id1_4_' {alias=tag, className=com.epam.esm.model.entity.TagEntity, tableAlias=tagentity0_}
    |  \-[SQL_TOKEN] SqlFragment: 'tagentity0_.name as name2_4_'
    +-[FROM] FromClause: 'FROM' FromClause{level=1, fromElementCounter=1, fromElements=1, fromElementByClassAlias=[tag], fromElementByTableAlias=[tagentity0_], fromElementsByPath=[], collectionJoinFromElementsByPath=[], impliedElements=[]}
    |  \-[FROM_FRAGMENT] FromElement: 'TagEntity tagentity0_' FromElement{explicit,not a collection join,not a fetch join,fetch non-lazy properties,classAlias=tag,role=null,tableName=TagEntity,tableAlias=tagentity0_,origin=null,columns={,className=com.epam.esm.model.entity.TagEntity}}
    \-[WHERE] SqlNode: 'WHERE'
       \-[EQ] BinaryLogicOperatorNode: '='
          +-[DOT] DotNode: 'tagentity0_.name' {propertyName=name,dereferenceType=PRIMITIVE,getPropertyPath=name,path=tag.name,tableAlias=tagentity0_,className=com.epam.esm.model.entity.TagEntity,classAlias=tag}
          |  +-[ALIAS_REF] IdentNode: 'tagentity0_.id' {alias=tag, className=com.epam.esm.model.entity.TagEntity, tableAlias=tagentity0_}
          |  \-[IDENT] IdentNode: 'name' {originalText=name}
          \-[PARAM] ParameterNode: '?' {label=1, expectedType=org.hibernate.type.StringType@30baee82}

03:16:27.677 [Test worker] DEBUG org.hibernate.hql.internal.ast.ErrorTracker - throwQueryException() : no errors
03:16:27.677 [Test worker] DEBUG org.hibernate.hql.internal.ast.QueryTranslatorImpl - HQL: SELECT tag FROM com.epam.esm.model.entity.TagEntity tag WHERE tag.name = ?1
03:16:27.677 [Test worker] DEBUG org.hibernate.hql.internal.ast.QueryTranslatorImpl - SQL: select tagentity0_.id as id1_4_, tagentity0_.name as name2_4_ from TagEntity tagentity0_ where tagentity0_.name=?
03:16:27.677 [Test worker] DEBUG org.hibernate.hql.internal.ast.ErrorTracker - throwQueryException() : no errors
03:16:27.677 [Test worker] DEBUG org.hibernate.event.internal.AbstractFlushingEventListener - Processing flush-time cascades
03:16:27.677 [Test worker] DEBUG org.hibernate.event.internal.AbstractFlushingEventListener - Dirty checking collections
03:16:27.677 [Test worker] DEBUG org.hibernate.event.internal.AbstractFlushingEventListener - Flushed: 0 insertions, 0 updates, 0 deletions to 1 objects
03:16:27.678 [Test worker] DEBUG org.hibernate.event.internal.AbstractFlushingEventListener - Flushed: 0 (re)creations, 0 updates, 0 removals to 0 collections
03:16:27.678 [Test worker] DEBUG org.hibernate.internal.util.EntityPrinter - Listing entities:
03:16:27.678 [Test worker] DEBUG org.hibernate.internal.util.EntityPrinter - com.epam.esm.model.entity.TagEntity{name=TEST, id=11}
03:16:27.678 [Test worker] DEBUG org.hibernate.SQL - select tagentity0_.id as id1_4_, tagentity0_.name as name2_4_ from TagEntity tagentity0_ where tagentity0_.name=?
Hibernate: select tagentity0_.id as id1_4_, tagentity0_.name as name2_4_ from TagEntity tagentity0_ where tagentity0_.name=?
03:16:27.678 [Test worker] DEBUG org.hibernate.loader.Loader - Result set row: 0
03:16:27.678 [Test worker] DEBUG org.hibernate.loader.Loader - Result row: EntityKey[com.epam.esm.model.entity.TagEntity#11]
03:16:27.678 [Test worker] DEBUG org.hibernate.stat.internal.StatisticsImpl - HHH000117: HQL: SELECT tag FROM TagEntity tag WHERE tag.name = ?1, time: 0ms, rows: 1
03:16:27.678 [Test worker] DEBUG org.springframework.test.context.cache.DefaultCacheAwareContextLoaderDelegate - Retrieved ApplicationContext [271043915] from cache with key [[MergedContextConfiguration@5806f229 testClass = TagServiceImplTest, locations = '{}', classes = '{class com.epam.esm.configuration.ServiceTestConfiguration}', contextInitializerClasses = '[]', activeProfiles = '{}', propertySourceLocations = '{}', propertySourceProperties = '{}', contextCustomizers = set[org.springframework.boot.test.autoconfigure.actuate.metrics.MetricsExportContextCustomizerFactory$DisableMetricExportContextCustomizer@4c596bb4, org.springframework.boot.test.autoconfigure.properties.PropertyMappingContextCustomizer@0, org.springframework.boot.test.autoconfigure.web.servlet.WebDriverContextCustomizerFactory$Customizer@de4aa03, org.springframework.boot.test.context.filter.ExcludeFilterContextCustomizer@6e0c30e0, org.springframework.boot.test.json.DuplicateJsonObjectContextCustomizerFactory$DuplicateJsonObjectContextCustomizer@616df5e9, org.springframework.boot.test.mock.mockito.MockitoContextCustomizer@0], contextLoader = 'org.springframework.test.context.support.DelegatingSmartContextLoader', parent = [null]]]
03:16:27.678 [Test worker] DEBUG org.springframework.test.context.cache - Spring test ApplicationContext cache statistics: [DefaultContextCache@3d4f3eac size = 1, maxSize = 32, parentContextCount = 0, hitCount = 120, missCount = 1]
03:16:27.679 [Test worker] DEBUG org.springframework.test.context.cache.DefaultCacheAwareContextLoaderDelegate - Retrieved ApplicationContext [271043915] from cache with key [[MergedContextConfiguration@5806f229 testClass = TagServiceImplTest, locations = '{}', classes = '{class com.epam.esm.configuration.ServiceTestConfiguration}', contextInitializerClasses = '[]', activeProfiles = '{}', propertySourceLocations = '{}', propertySourceProperties = '{}', contextCustomizers = set[org.springframework.boot.test.autoconfigure.actuate.metrics.MetricsExportContextCustomizerFactory$DisableMetricExportContextCustomizer@4c596bb4, org.springframework.boot.test.autoconfigure.properties.PropertyMappingContextCustomizer@0, org.springframework.boot.test.autoconfigure.web.servlet.WebDriverContextCustomizerFactory$Customizer@de4aa03, org.springframework.boot.test.context.filter.ExcludeFilterContextCustomizer@6e0c30e0, org.springframework.boot.test.json.DuplicateJsonObjectContextCustomizerFactory$DuplicateJsonObjectContextCustomizer@616df5e9, org.springframework.boot.test.mock.mockito.MockitoContextCustomizer@0], contextLoader = 'org.springframework.test.context.support.DelegatingSmartContextLoader', parent = [null]]]
03:16:27.679 [Test worker] DEBUG org.springframework.test.context.cache - Spring test ApplicationContext cache statistics: [DefaultContextCache@3d4f3eac size = 1, maxSize = 32, parentContextCount = 0, hitCount = 121, missCount = 1]
03:16:27.679 [Test worker] DEBUG org.springframework.test.context.cache.DefaultCacheAwareContextLoaderDelegate - Retrieved ApplicationContext [271043915] from cache with key [[MergedContextConfiguration@5806f229 testClass = TagServiceImplTest, locations = '{}', classes = '{class com.epam.esm.configuration.ServiceTestConfiguration}', contextInitializerClasses = '[]', activeProfiles = '{}', propertySourceLocations = '{}', propertySourceProperties = '{}', contextCustomizers = set[org.springframework.boot.test.autoconfigure.actuate.metrics.MetricsExportContextCustomizerFactory$DisableMetricExportContextCustomizer@4c596bb4, org.springframework.boot.test.autoconfigure.properties.PropertyMappingContextCustomizer@0, org.springframework.boot.test.autoconfigure.web.servlet.WebDriverContextCustomizerFactory$Customizer@de4aa03, org.springframework.boot.test.context.filter.ExcludeFilterContextCustomizer@6e0c30e0, org.springframework.boot.test.json.DuplicateJsonObjectContextCustomizerFactory$DuplicateJsonObjectContextCustomizer@616df5e9, org.springframework.boot.test.mock.mockito.MockitoContextCustomizer@0], contextLoader = 'org.springframework.test.context.support.DelegatingSmartContextLoader', parent = [null]]]
03:16:27.679 [Test worker] DEBUG org.springframework.test.context.cache - Spring test ApplicationContext cache statistics: [DefaultContextCache@3d4f3eac size = 1, maxSize = 32, parentContextCount = 0, hitCount = 122, missCount = 1]
03:16:27.679 [Test worker] DEBUG org.springframework.test.context.cache.DefaultCacheAwareContextLoaderDelegate - Retrieved ApplicationContext [271043915] from cache with key [[MergedContextConfiguration@5806f229 testClass = TagServiceImplTest, locations = '{}', classes = '{class com.epam.esm.configuration.ServiceTestConfiguration}', contextInitializerClasses = '[]', activeProfiles = '{}', propertySourceLocations = '{}', propertySourceProperties = '{}', contextCustomizers = set[org.springframework.boot.test.autoconfigure.actuate.metrics.MetricsExportContextCustomizerFactory$DisableMetricExportContextCustomizer@4c596bb4, org.springframework.boot.test.autoconfigure.properties.PropertyMappingContextCustomizer@0, org.springframework.boot.test.autoconfigure.web.servlet.WebDriverContextCustomizerFactory$Customizer@de4aa03, org.springframework.boot.test.context.filter.ExcludeFilterContextCustomizer@6e0c30e0, org.springframework.boot.test.json.DuplicateJsonObjectContextCustomizerFactory$DuplicateJsonObjectContextCustomizer@616df5e9, org.springframework.boot.test.mock.mockito.MockitoContextCustomizer@0], contextLoader = 'org.springframework.test.context.support.DelegatingSmartContextLoader', parent = [null]]]
03:16:27.679 [Test worker] DEBUG org.springframework.test.context.cache - Spring test ApplicationContext cache statistics: [DefaultContextCache@3d4f3eac size = 1, maxSize = 32, parentContextCount = 0, hitCount = 123, missCount = 1]
03:16:27.679 [Test worker] DEBUG org.springframework.test.context.cache.DefaultCacheAwareContextLoaderDelegate - Retrieved ApplicationContext [271043915] from cache with key [[MergedContextConfiguration@5806f229 testClass = TagServiceImplTest, locations = '{}', classes = '{class com.epam.esm.configuration.ServiceTestConfiguration}', contextInitializerClasses = '[]', activeProfiles = '{}', propertySourceLocations = '{}', propertySourceProperties = '{}', contextCustomizers = set[org.springframework.boot.test.autoconfigure.actuate.metrics.MetricsExportContextCustomizerFactory$DisableMetricExportContextCustomizer@4c596bb4, org.springframework.boot.test.autoconfigure.properties.PropertyMappingContextCustomizer@0, org.springframework.boot.test.autoconfigure.web.servlet.WebDriverContextCustomizerFactory$Customizer@de4aa03, org.springframework.boot.test.context.filter.ExcludeFilterContextCustomizer@6e0c30e0, org.springframework.boot.test.json.DuplicateJsonObjectContextCustomizerFactory$DuplicateJsonObjectContextCustomizer@616df5e9, org.springframework.boot.test.mock.mockito.MockitoContextCustomizer@0], contextLoader = 'org.springframework.test.context.support.DelegatingSmartContextLoader', parent = [null]]]
03:16:27.679 [Test worker] DEBUG org.springframework.test.context.cache - Spring test ApplicationContext cache statistics: [DefaultContextCache@3d4f3eac size = 1, maxSize = 32, parentContextCount = 0, hitCount = 124, missCount = 1]
03:16:27.680 [Test worker] DEBUG org.springframework.test.context.cache.DefaultCacheAwareContextLoaderDelegate - Retrieved ApplicationContext [271043915] from cache with key [[MergedContextConfiguration@5806f229 testClass = TagServiceImplTest, locations = '{}', classes = '{class com.epam.esm.configuration.ServiceTestConfiguration}', contextInitializerClasses = '[]', activeProfiles = '{}', propertySourceLocations = '{}', propertySourceProperties = '{}', contextCustomizers = set[org.springframework.boot.test.autoconfigure.actuate.metrics.MetricsExportContextCustomizerFactory$DisableMetricExportContextCustomizer@4c596bb4, org.springframework.boot.test.autoconfigure.properties.PropertyMappingContextCustomizer@0, org.springframework.boot.test.autoconfigure.web.servlet.WebDriverContextCustomizerFactory$Customizer@de4aa03, org.springframework.boot.test.context.filter.ExcludeFilterContextCustomizer@6e0c30e0, org.springframework.boot.test.json.DuplicateJsonObjectContextCustomizerFactory$DuplicateJsonObjectContextCustomizer@616df5e9, org.springframework.boot.test.mock.mockito.MockitoContextCustomizer@0], contextLoader = 'org.springframework.test.context.support.DelegatingSmartContextLoader', parent = [null]]]
03:16:27.680 [Test worker] DEBUG org.springframework.test.context.cache - Spring test ApplicationContext cache statistics: [DefaultContextCache@3d4f3eac size = 1, maxSize = 32, parentContextCount = 0, hitCount = 125, missCount = 1]
03:16:27.680 [Test worker] DEBUG org.springframework.orm.jpa.JpaTransactionManager - Initiating transaction rollback
03:16:27.680 [Test worker] DEBUG org.springframework.orm.jpa.JpaTransactionManager - Rolling back JPA transaction on EntityManager [SessionImpl(61847186<open>)]
03:16:27.680 [Test worker] DEBUG org.hibernate.engine.transaction.internal.TransactionImpl - rolling back
03:16:27.681 [Test worker] DEBUG org.springframework.orm.jpa.JpaTransactionManager - Closing JPA EntityManager [SessionImpl(61847186<open>)] after transaction
03:16:27.681 [Test worker] INFO org.hibernate.engine.internal.StatisticalLoggingSessionEventListener - Session Metrics {
    441737 nanoseconds spent acquiring 1 JDBC connections;
    0 nanoseconds spent releasing 0 JDBC connections;
    390707 nanoseconds spent preparing 3 JDBC statements;
    583614 nanoseconds spent executing 3 JDBC statements;
    0 nanoseconds spent executing 0 JDBC batches;
    0 nanoseconds spent performing 0 L2C puts;
    0 nanoseconds spent performing 0 L2C hits;
    0 nanoseconds spent performing 0 L2C misses;
    0 nanoseconds spent executing 0 flushes (flushing a total of 0 entities and 0 collections);
    274336 nanoseconds spent executing 2 partial-flushes (flushing a total of 1 entities and 1 collections)
}
03:16:27.681 [Test worker] INFO org.springframework.test.context.transaction.TransactionContext - Rolled back transaction for test: [DefaultTestContext@31340e8e testClass = TagServiceImplTest, testInstance = com.epam.esm.service.impl.TagServiceImplTest@1a81a48d, testMethod = createTest@TagServiceImplTest, testException = [null], mergedContextConfiguration = [MergedContextConfiguration@5806f229 testClass = TagServiceImplTest, locations = '{}', classes = '{class com.epam.esm.configuration.ServiceTestConfiguration}', contextInitializerClasses = '[]', activeProfiles = '{}', propertySourceLocations = '{}', propertySourceProperties = '{}', contextCustomizers = set[org.springframework.boot.test.autoconfigure.actuate.metrics.MetricsExportContextCustomizerFactory$DisableMetricExportContextCustomizer@4c596bb4, org.springframework.boot.test.autoconfigure.properties.PropertyMappingContextCustomizer@0, org.springframework.boot.test.autoconfigure.web.servlet.WebDriverContextCustomizerFactory$Customizer@de4aa03, org.springframework.boot.test.context.filter.ExcludeFilterContextCustomizer@6e0c30e0, org.springframework.boot.test.json.DuplicateJsonObjectContextCustomizerFactory$DuplicateJsonObjectContextCustomizer@616df5e9, org.springframework.boot.test.mock.mockito.MockitoContextCustomizer@0], contextLoader = 'org.springframework.test.context.support.DelegatingSmartContextLoader', parent = [null]], attributes = map['org.springframework.test.context.event.ApplicationEventsTestExecutionListener.recordApplicationEvents' -> false]]
03:16:27.681 [Test worker] DEBUG org.springframework.test.context.support.AbstractDirtiesContextTestExecutionListener - After test method: context [DefaultTestContext@31340e8e testClass = TagServiceImplTest, testInstance = com.epam.esm.service.impl.TagServiceImplTest@1a81a48d, testMethod = createTest@TagServiceImplTest, testException = [null], mergedContextConfiguration = [MergedContextConfiguration@5806f229 testClass = TagServiceImplTest, locations = '{}', classes = '{class com.epam.esm.configuration.ServiceTestConfiguration}', contextInitializerClasses = '[]', activeProfiles = '{}', propertySourceLocations = '{}', propertySourceProperties = '{}', contextCustomizers = set[org.springframework.boot.test.autoconfigure.actuate.metrics.MetricsExportContextCustomizerFactory$DisableMetricExportContextCustomizer@4c596bb4, org.springframework.boot.test.autoconfigure.properties.PropertyMappingContextCustomizer@0, org.springframework.boot.test.autoconfigure.web.servlet.WebDriverContextCustomizerFactory$Customizer@de4aa03, org.springframework.boot.test.context.filter.ExcludeFilterContextCustomizer@6e0c30e0, org.springframework.boot.test.json.DuplicateJsonObjectContextCustomizerFactory$DuplicateJsonObjectContextCustomizer@616df5e9, org.springframework.boot.test.mock.mockito.MockitoContextCustomizer@0], contextLoader = 'org.springframework.test.context.support.DelegatingSmartContextLoader', parent = [null]], attributes = map['org.springframework.test.context.event.ApplicationEventsTestExecutionListener.recordApplicationEvents' -> false]], class annotated with @DirtiesContext [false] with mode [null], method annotated with @DirtiesContext [false] with mode [null].
03:16:27.682 [Test worker] DEBUG org.springframework.test.context.cache.DefaultCacheAwareContextLoaderDelegate - Retrieved ApplicationContext [271043915] from cache with key [[MergedContextConfiguration@5806f229 testClass = TagServiceImplTest, locations = '{}', classes = '{class com.epam.esm.configuration.ServiceTestConfiguration}', contextInitializerClasses = '[]', activeProfiles = '{}', propertySourceLocations = '{}', propertySourceProperties = '{}', contextCustomizers = set[org.springframework.boot.test.autoconfigure.actuate.metrics.MetricsExportContextCustomizerFactory$DisableMetricExportContextCustomizer@4c596bb4, org.springframework.boot.test.autoconfigure.properties.PropertyMappingContextCustomizer@0, org.springframework.boot.test.autoconfigure.web.servlet.WebDriverContextCustomizerFactory$Customizer@de4aa03, org.springframework.boot.test.context.filter.ExcludeFilterContextCustomizer@6e0c30e0, org.springframework.boot.test.json.DuplicateJsonObjectContextCustomizerFactory$DuplicateJsonObjectContextCustomizer@616df5e9, org.springframework.boot.test.mock.mockito.MockitoContextCustomizer@0], contextLoader = 'org.springframework.test.context.support.DelegatingSmartContextLoader', parent = [null]]]
03:16:27.682 [Test worker] DEBUG org.springframework.test.context.cache - Spring test ApplicationContext cache statistics: [DefaultContextCache@3d4f3eac size = 1, maxSize = 32, parentContextCount = 0, hitCount = 126, missCount = 1]
03:16:27.682 [Test worker] DEBUG org.springframework.test.context.support.AbstractDirtiesContextTestExecutionListener - After test class: context [DefaultTestContext@31340e8e testClass = TagServiceImplTest, testInstance = [null], testMethod = [null], testException = [null], mergedContextConfiguration = [MergedContextConfiguration@5806f229 testClass = TagServiceImplTest, locations = '{}', classes = '{class com.epam.esm.configuration.ServiceTestConfiguration}', contextInitializerClasses = '[]', activeProfiles = '{}', propertySourceLocations = '{}', propertySourceProperties = '{}', contextCustomizers = set[org.springframework.boot.test.autoconfigure.actuate.metrics.MetricsExportContextCustomizerFactory$DisableMetricExportContextCustomizer@4c596bb4, org.springframework.boot.test.autoconfigure.properties.PropertyMappingContextCustomizer@0, org.springframework.boot.test.autoconfigure.web.servlet.WebDriverContextCustomizerFactory$Customizer@de4aa03, org.springframework.boot.test.context.filter.ExcludeFilterContextCustomizer@6e0c30e0, org.springframework.boot.test.json.DuplicateJsonObjectContextCustomizerFactory$DuplicateJsonObjectContextCustomizer@616df5e9, org.springframework.boot.test.mock.mockito.MockitoContextCustomizer@0], contextLoader = 'org.springframework.test.context.support.DelegatingSmartContextLoader', parent = [null]], attributes = map['org.springframework.test.context.event.ApplicationEventsTestExecutionListener.recordApplicationEvents' -> false]], class annotated with @DirtiesContext [false] with mode [null].
]]></system-out>
  <system-err><![CDATA[]]></system-err>
</testsuite>
