<?xml version="1.0" encoding="UTF-8"?>
<testsuite name="com.epam.esm.service.impl.OrderServiceImplTest" tests="2" skipped="0" failures="0" errors="0" timestamp="2021-11-06T00:14:15" hostname="RazorLTP" time="0.444">
  <properties/>
  <testcase name="findOrdersByOwnerTest()" classname="com.epam.esm.service.impl.OrderServiceImplTest" time="0.424"/>
  <testcase name="addOrderForUserFailTest()" classname="com.epam.esm.service.impl.OrderServiceImplTest" time="0.018"/>
  <system-out><![CDATA[03:14:13.083 [Test worker] DEBUG org.springframework.test.context.BootstrapUtils - Instantiating CacheAwareContextLoaderDelegate from class [org.springframework.test.context.cache.DefaultCacheAwareContextLoaderDelegate]
03:14:13.093 [Test worker] DEBUG org.springframework.test.context.BootstrapUtils - Instantiating BootstrapContext using constructor [public org.springframework.test.context.support.DefaultBootstrapContext(java.lang.Class,org.springframework.test.context.CacheAwareContextLoaderDelegate)]
03:14:13.114 [Test worker] DEBUG org.springframework.test.context.BootstrapUtils - Instantiating TestContextBootstrapper for test class [com.epam.esm.service.impl.OrderServiceImplTest] from class [org.springframework.test.context.support.DefaultTestContextBootstrapper]
03:14:13.130 [Test worker] DEBUG org.springframework.test.context.support.AbstractDelegatingSmartContextLoader - Delegating to AnnotationConfigContextLoader to process context configuration [ContextConfigurationAttributes@496c81d3 declaringClass = 'com.epam.esm.service.impl.OrderServiceImplTest', classes = '{class com.epam.esm.configuration.ServiceTestConfiguration}', locations = '{}', inheritLocations = true, initializers = '{}', inheritInitializers = true, name = [null], contextLoaderClass = 'org.springframework.test.context.ContextLoader'].
03:14:13.168 [Test worker] DEBUG org.springframework.test.context.support.ActiveProfilesUtils - Could not find an 'annotation declaring class' for annotation type [org.springframework.test.context.ActiveProfiles] and class [com.epam.esm.service.impl.OrderServiceImplTest]
03:14:13.168 [Test worker] DEBUG org.springframework.test.context.support.DefaultTestContextBootstrapper - @TestExecutionListeners is not present for class [com.epam.esm.service.impl.OrderServiceImplTest]: using defaults.
03:14:13.169 [Test worker] INFO org.springframework.test.context.support.DefaultTestContextBootstrapper - Loaded default TestExecutionListener class names from location [META-INF/spring.factories]: [org.springframework.boot.test.autoconfigure.restdocs.RestDocsTestExecutionListener, org.springframework.boot.test.autoconfigure.web.client.MockRestServiceServerResetTestExecutionListener, org.springframework.boot.test.autoconfigure.web.servlet.MockMvcPrintOnlyOnFailureTestExecutionListener, org.springframework.boot.test.autoconfigure.web.servlet.WebDriverTestExecutionListener, org.springframework.boot.test.autoconfigure.webservices.client.MockWebServiceServerTestExecutionListener, org.springframework.boot.test.mock.mockito.MockitoTestExecutionListener, org.springframework.boot.test.mock.mockito.ResetMocksTestExecutionListener, org.springframework.test.context.web.ServletTestExecutionListener, org.springframework.test.context.support.DirtiesContextBeforeModesTestExecutionListener, org.springframework.test.context.event.ApplicationEventsTestExecutionListener, org.springframework.test.context.support.DependencyInjectionTestExecutionListener, org.springframework.test.context.support.DirtiesContextTestExecutionListener, org.springframework.test.context.transaction.TransactionalTestExecutionListener, org.springframework.test.context.jdbc.SqlScriptsTestExecutionListener, org.springframework.test.context.event.EventPublishingTestExecutionListener]
03:14:13.175 [Test worker] DEBUG org.springframework.test.context.support.DefaultTestContextBootstrapper - Skipping candidate TestExecutionListener [org.springframework.test.context.web.ServletTestExecutionListener] due to a missing dependency. Specify custom listener classes or make the default listener classes and their required dependencies available. Offending class: [javax/servlet/ServletContext]
03:14:13.181 [Test worker] INFO org.springframework.test.context.support.DefaultTestContextBootstrapper - Using TestExecutionListeners: [org.springframework.test.context.support.DirtiesContextBeforeModesTestExecutionListener@4917a9c9, org.springframework.test.context.event.ApplicationEventsTestExecutionListener@527aac16, org.springframework.boot.test.mock.mockito.MockitoTestExecutionListener@5f773e51, org.springframework.test.context.support.DependencyInjectionTestExecutionListener@7f10f9f2, org.springframework.test.context.support.DirtiesContextTestExecutionListener@bbd5e38, org.springframework.test.context.transaction.TransactionalTestExecutionListener@c205945, org.springframework.test.context.jdbc.SqlScriptsTestExecutionListener@6ac37b26, org.springframework.test.context.event.EventPublishingTestExecutionListener@1264d0e5, org.springframework.boot.test.autoconfigure.restdocs.RestDocsTestExecutionListener@73c9100f, org.springframework.boot.test.autoconfigure.web.client.MockRestServiceServerResetTestExecutionListener@7dad8542, org.springframework.boot.test.autoconfigure.web.servlet.MockMvcPrintOnlyOnFailureTestExecutionListener@c46cb9a, org.springframework.boot.test.autoconfigure.web.servlet.WebDriverTestExecutionListener@3811d10f, org.springframework.boot.test.autoconfigure.webservices.client.MockWebServiceServerTestExecutionListener@363e76a, org.springframework.boot.test.mock.mockito.ResetMocksTestExecutionListener@1275e5d1]
03:14:13.182 [Test worker] DEBUG org.springframework.test.context.support.AbstractDirtiesContextTestExecutionListener - Before test class: context [DefaultTestContext@7cc87f3d testClass = OrderServiceImplTest, testInstance = [null], testMethod = [null], testException = [null], mergedContextConfiguration = [MergedContextConfiguration@17f49ab1 testClass = OrderServiceImplTest, locations = '{}', classes = '{class com.epam.esm.configuration.ServiceTestConfiguration}', contextInitializerClasses = '[]', activeProfiles = '{}', propertySourceLocations = '{}', propertySourceProperties = '{}', contextCustomizers = set[org.springframework.boot.test.autoconfigure.actuate.metrics.MetricsExportContextCustomizerFactory$DisableMetricExportContextCustomizer@6875a0b1, org.springframework.boot.test.autoconfigure.properties.PropertyMappingContextCustomizer@0, org.springframework.boot.test.autoconfigure.web.servlet.WebDriverContextCustomizerFactory$Customizer@3db8a836, org.springframework.boot.test.context.filter.ExcludeFilterContextCustomizer@186c1848, org.springframework.boot.test.json.DuplicateJsonObjectContextCustomizerFactory$DuplicateJsonObjectContextCustomizer@19bb00ce, org.springframework.boot.test.mock.mockito.MockitoContextCustomizer@0], contextLoader = 'org.springframework.test.context.support.DelegatingSmartContextLoader', parent = [null]], attributes = map[[empty]]], class annotated with @DirtiesContext [false] with mode [null].
03:14:13.193 [Test worker] DEBUG org.springframework.test.context.support.DependencyInjectionTestExecutionListener - Performing dependency injection for test context [[DefaultTestContext@7cc87f3d testClass = OrderServiceImplTest, testInstance = com.epam.esm.service.impl.OrderServiceImplTest@7ca21903, testMethod = [null], testException = [null], mergedContextConfiguration = [MergedContextConfiguration@17f49ab1 testClass = OrderServiceImplTest, locations = '{}', classes = '{class com.epam.esm.configuration.ServiceTestConfiguration}', contextInitializerClasses = '[]', activeProfiles = '{}', propertySourceLocations = '{}', propertySourceProperties = '{}', contextCustomizers = set[org.springframework.boot.test.autoconfigure.actuate.metrics.MetricsExportContextCustomizerFactory$DisableMetricExportContextCustomizer@6875a0b1, org.springframework.boot.test.autoconfigure.properties.PropertyMappingContextCustomizer@0, org.springframework.boot.test.autoconfigure.web.servlet.WebDriverContextCustomizerFactory$Customizer@3db8a836, org.springframework.boot.test.context.filter.ExcludeFilterContextCustomizer@186c1848, org.springframework.boot.test.json.DuplicateJsonObjectContextCustomizerFactory$DuplicateJsonObjectContextCustomizer@19bb00ce, org.springframework.boot.test.mock.mockito.MockitoContextCustomizer@0], contextLoader = 'org.springframework.test.context.support.DelegatingSmartContextLoader', parent = [null]], attributes = map['org.springframework.test.context.event.ApplicationEventsTestExecutionListener.recordApplicationEvents' -> false]]].
03:14:13.194 [Test worker] DEBUG org.springframework.test.context.support.AbstractDelegatingSmartContextLoader - Delegating to AnnotationConfigContextLoader to load context from [MergedContextConfiguration@17f49ab1 testClass = OrderServiceImplTest, locations = '{}', classes = '{class com.epam.esm.configuration.ServiceTestConfiguration}', contextInitializerClasses = '[]', activeProfiles = '{}', propertySourceLocations = '{}', propertySourceProperties = '{}', contextCustomizers = set[org.springframework.boot.test.autoconfigure.actuate.metrics.MetricsExportContextCustomizerFactory$DisableMetricExportContextCustomizer@6875a0b1, org.springframework.boot.test.autoconfigure.properties.PropertyMappingContextCustomizer@0, org.springframework.boot.test.autoconfigure.web.servlet.WebDriverContextCustomizerFactory$Customizer@3db8a836, org.springframework.boot.test.context.filter.ExcludeFilterContextCustomizer@186c1848, org.springframework.boot.test.json.DuplicateJsonObjectContextCustomizerFactory$DuplicateJsonObjectContextCustomizer@19bb00ce, org.springframework.boot.test.mock.mockito.MockitoContextCustomizer@0], contextLoader = 'org.springframework.test.context.support.DelegatingSmartContextLoader', parent = [null]].
03:14:13.194 [Test worker] DEBUG org.springframework.test.context.support.AbstractGenericContextLoader - Loading ApplicationContext for merged context configuration [[MergedContextConfiguration@17f49ab1 testClass = OrderServiceImplTest, locations = '{}', classes = '{class com.epam.esm.configuration.ServiceTestConfiguration}', contextInitializerClasses = '[]', activeProfiles = '{}', propertySourceLocations = '{}', propertySourceProperties = '{}', contextCustomizers = set[org.springframework.boot.test.autoconfigure.actuate.metrics.MetricsExportContextCustomizerFactory$DisableMetricExportContextCustomizer@6875a0b1, org.springframework.boot.test.autoconfigure.properties.PropertyMappingContextCustomizer@0, org.springframework.boot.test.autoconfigure.web.servlet.WebDriverContextCustomizerFactory$Customizer@3db8a836, org.springframework.boot.test.context.filter.ExcludeFilterContextCustomizer@186c1848, org.springframework.boot.test.json.DuplicateJsonObjectContextCustomizerFactory$DuplicateJsonObjectContextCustomizer@19bb00ce, org.springframework.boot.test.mock.mockito.MockitoContextCustomizer@0], contextLoader = 'org.springframework.test.context.support.DelegatingSmartContextLoader', parent = [null]]].
03:14:13.221 [Test worker] DEBUG org.springframework.core.env.StandardEnvironment - Activating profiles []
03:14:13.221 [Test worker] DEBUG org.springframework.test.context.support.AnnotationConfigContextLoader - Registering component classes: {class com.epam.esm.configuration.ServiceTestConfiguration}
03:14:13.253 [Test worker] DEBUG org.springframework.context.support.GenericApplicationContext - Refreshing org.springframework.context.support.GenericApplicationContext@5ab38518
03:14:13.262 [Test worker] DEBUG org.springframework.beans.factory.support.DefaultListableBeanFactory - Creating shared instance of singleton bean 'org.springframework.context.annotation.internalConfigurationAnnotationProcessor'
03:14:13.312 [Test worker] DEBUG org.springframework.context.annotation.ClassPathBeanDefinitionScanner - Identified candidate component class: file [/home/razor/Lab/task3/ThirdModule/core/build/classes/java/test/com/epam/esm/configuration/ServiceTestConfiguration.class]
03:14:13.316 [Test worker] DEBUG org.springframework.context.annotation.ClassPathBeanDefinitionScanner - Ignored because not a concrete top-level class: file [/home/razor/Lab/task3/ThirdModule/core/build/classes/java/main/com/epam/esm/service/CertificateService.class]
03:14:13.316 [Test worker] DEBUG org.springframework.context.annotation.ClassPathBeanDefinitionScanner - Ignored because not a concrete top-level class: file [/home/razor/Lab/task3/ThirdModule/core/build/classes/java/main/com/epam/esm/service/OrderService.class]
03:14:13.316 [Test worker] DEBUG org.springframework.context.annotation.ClassPathBeanDefinitionScanner - Ignored because not a concrete top-level class: file [/home/razor/Lab/task3/ThirdModule/core/build/classes/java/main/com/epam/esm/service/TagService.class]
03:14:13.316 [Test worker] DEBUG org.springframework.context.annotation.ClassPathBeanDefinitionScanner - Ignored because not a concrete top-level class: file [/home/razor/Lab/task3/ThirdModule/core/build/classes/java/main/com/epam/esm/service/UserService.class]
03:14:13.317 [Test worker] DEBUG org.springframework.context.annotation.ClassPathBeanDefinitionScanner - Identified candidate component class: file [/home/razor/Lab/task3/ThirdModule/core/build/classes/java/main/com/epam/esm/service/impl/CertificateServiceImpl.class]
03:14:13.317 [Test worker] DEBUG org.springframework.context.annotation.ClassPathBeanDefinitionScanner - Identified candidate component class: file [/home/razor/Lab/task3/ThirdModule/core/build/classes/java/main/com/epam/esm/service/impl/OrderServiceImpl.class]
03:14:13.317 [Test worker] DEBUG org.springframework.context.annotation.ClassPathBeanDefinitionScanner - Identified candidate component class: file [/home/razor/Lab/task3/ThirdModule/core/build/classes/java/main/com/epam/esm/service/impl/TagServiceImpl.class]
03:14:13.318 [Test worker] DEBUG org.springframework.context.annotation.ClassPathBeanDefinitionScanner - Identified candidate component class: file [/home/razor/Lab/task3/ThirdModule/core/build/classes/java/main/com/epam/esm/service/impl/UserServiceImpl.class]
03:14:13.318 [Test worker] DEBUG org.springframework.context.annotation.ClassPathBeanDefinitionScanner - Identified candidate component class: file [/home/razor/Lab/task3/ThirdModule/dao/build/classes/java/main/com/epam/esm/configuration/DaoConfiguration.class]
03:14:13.319 [Test worker] DEBUG org.springframework.context.annotation.ClassPathBeanDefinitionScanner - Ignored because not a concrete top-level class: file [/home/razor/Lab/task3/ThirdModule/dao/build/classes/java/main/com/epam/esm/dao/CertificateDao.class]
03:14:13.319 [Test worker] DEBUG org.springframework.context.annotation.ClassPathBeanDefinitionScanner - Ignored because not a concrete top-level class: file [/home/razor/Lab/task3/ThirdModule/dao/build/classes/java/main/com/epam/esm/dao/OrderDao.class]
03:14:13.319 [Test worker] DEBUG org.springframework.context.annotation.ClassPathBeanDefinitionScanner - Ignored because not a concrete top-level class: file [/home/razor/Lab/task3/ThirdModule/dao/build/classes/java/main/com/epam/esm/dao/TagDao.class]
03:14:13.319 [Test worker] DEBUG org.springframework.context.annotation.ClassPathBeanDefinitionScanner - Ignored because not a concrete top-level class: file [/home/razor/Lab/task3/ThirdModule/dao/build/classes/java/main/com/epam/esm/dao/UserDao.class]
03:14:13.320 [Test worker] DEBUG org.springframework.context.annotation.ClassPathBeanDefinitionScanner - Identified candidate component class: file [/home/razor/Lab/task3/ThirdModule/dao/build/classes/java/main/com/epam/esm/dao/impl/CertificateDaoImpl.class]
03:14:13.320 [Test worker] DEBUG org.springframework.context.annotation.ClassPathBeanDefinitionScanner - Identified candidate component class: file [/home/razor/Lab/task3/ThirdModule/dao/build/classes/java/main/com/epam/esm/dao/impl/OrderDaoImpl.class]
03:14:13.320 [Test worker] DEBUG org.springframework.context.annotation.ClassPathBeanDefinitionScanner - Identified candidate component class: file [/home/razor/Lab/task3/ThirdModule/dao/build/classes/java/main/com/epam/esm/dao/impl/TagDaoImpl.class]
03:14:13.321 [Test worker] DEBUG org.springframework.context.annotation.ClassPathBeanDefinitionScanner - Identified candidate component class: file [/home/razor/Lab/task3/ThirdModule/dao/build/classes/java/main/com/epam/esm/dao/impl/UserDaoImpl.class]
03:14:13.446 [Test worker] DEBUG org.springframework.beans.factory.support.DefaultListableBeanFactory - Creating shared instance of singleton bean 'org.springframework.boot.test.mock.mockito.MockitoPostProcessor'
03:14:13.465 [Test worker] DEBUG org.springframework.beans.factory.support.DefaultListableBeanFactory - Creating shared instance of singleton bean 'org.springframework.context.event.internalEventListenerProcessor'
03:14:13.466 [Test worker] DEBUG org.springframework.beans.factory.support.DefaultListableBeanFactory - Creating shared instance of singleton bean 'org.springframework.context.event.internalEventListenerFactory'
03:14:13.467 [Test worker] DEBUG org.springframework.beans.factory.support.DefaultListableBeanFactory - Creating shared instance of singleton bean 'org.springframework.transaction.config.internalTransactionalEventListenerFactory'
03:14:13.469 [Test worker] DEBUG org.springframework.beans.factory.support.DefaultListableBeanFactory - Creating shared instance of singleton bean 'org.springframework.context.annotation.internalAutowiredAnnotationProcessor'
03:14:13.470 [Test worker] DEBUG org.springframework.beans.factory.support.DefaultListableBeanFactory - Creating shared instance of singleton bean 'org.springframework.context.annotation.internalCommonAnnotationProcessor'
03:14:13.473 [Test worker] DEBUG org.springframework.beans.factory.support.DefaultListableBeanFactory - Creating shared instance of singleton bean 'org.springframework.context.annotation.internalPersistenceAnnotationProcessor'
03:14:13.474 [Test worker] DEBUG org.springframework.beans.factory.support.DefaultListableBeanFactory - Creating shared instance of singleton bean 'org.springframework.boot.test.mock.mockito.MockitoPostProcessor$SpyPostProcessor'
03:14:13.475 [Test worker] DEBUG org.springframework.beans.factory.support.DefaultListableBeanFactory - Creating shared instance of singleton bean 'org.springframework.aop.config.internalAutoProxyCreator'
03:14:13.510 [Test worker] DEBUG org.springframework.beans.factory.support.DefaultListableBeanFactory - Creating shared instance of singleton bean 'entityManagerFactory'
03:14:13.510 [Test worker] DEBUG org.springframework.beans.factory.support.DefaultListableBeanFactory - Creating shared instance of singleton bean 'com.epam.esm.configuration.DaoTestConfiguration'
03:14:13.515 [Test worker] DEBUG org.springframework.beans.factory.support.DefaultListableBeanFactory - Creating shared instance of singleton bean 'org.springframework.transaction.config.internalTransactionAdvisor'
03:14:13.515 [Test worker] DEBUG org.springframework.beans.factory.support.DefaultListableBeanFactory - Creating shared instance of singleton bean 'org.springframework.transaction.annotation.ProxyTransactionManagementConfiguration'
03:14:13.525 [Test worker] DEBUG org.springframework.beans.factory.support.DefaultListableBeanFactory - Creating shared instance of singleton bean 'transactionAttributeSource'
03:14:13.530 [Test worker] DEBUG org.springframework.beans.factory.support.DefaultListableBeanFactory - Creating shared instance of singleton bean 'transactionInterceptor'
03:14:13.531 [Test worker] DEBUG org.springframework.beans.factory.support.DefaultListableBeanFactory - Autowiring by type from bean name 'transactionInterceptor' via factory method to bean named 'transactionAttributeSource'
03:14:13.540 [Test worker] DEBUG org.springframework.beans.factory.support.DefaultListableBeanFactory - Autowiring by type from bean name 'org.springframework.transaction.config.internalTransactionAdvisor' via factory method to bean named 'transactionAttributeSource'
03:14:13.540 [Test worker] DEBUG org.springframework.beans.factory.support.DefaultListableBeanFactory - Autowiring by type from bean name 'org.springframework.transaction.config.internalTransactionAdvisor' via factory method to bean named 'transactionInterceptor'
03:14:13.561 [Test worker] DEBUG org.springframework.beans.factory.support.DefaultListableBeanFactory - Creating shared instance of singleton bean 'dataSource'
03:14:13.566 [Test worker] DEBUG org.springframework.jdbc.datasource.DriverManagerDataSource - Loaded JDBC driver: org.h2.Driver
03:14:13.634 [Test worker] DEBUG org.jboss.logging - Logging Provider: org.jboss.logging.Log4j2LoggerProvider
03:14:13.655 [Test worker] DEBUG org.springframework.orm.jpa.LocalContainerEntityManagerFactoryBean - Building JPA container EntityManagerFactory for persistence unit 'default'
03:14:13.671 [Test worker] DEBUG org.hibernate.jpa.internal.util.LogHelper - PersistenceUnitInfo [
	name: default
	persistence provider classname: null
	classloader: jdk.internal.loader.ClassLoaders$AppClassLoader@68de145
	excludeUnlistedClasses: true
	JTA datasource: null
	Non JTA datasource: org.springframework.jdbc.datasource.DriverManagerDataSource@1a5e49fc
	Transaction type: RESOURCE_LOCAL
	PU root URL: file:/home/razor/Lab/task3/ThirdModule/core/build/classes/java/test/
	Shared Cache Mode: UNSPECIFIED
	Validation Mode: AUTO
	Jar files URLs []
	Managed classes names [
		com.epam.esm.model.entity.CertificateEntity
		com.epam.esm.model.entity.OrderEntity
		com.epam.esm.model.entity.TagEntity
		com.epam.esm.model.entity.UserEntity]
	Mapping files names []
	Properties []
03:14:13.681 [Test worker] DEBUG org.hibernate.integrator.internal.IntegratorServiceImpl - Adding Integrator [org.hibernate.cfg.beanvalidation.BeanValidationIntegrator].
03:14:13.682 [Test worker] DEBUG org.hibernate.integrator.internal.IntegratorServiceImpl - Adding Integrator [org.hibernate.secure.spi.JaccIntegrator].
03:14:13.684 [Test worker] DEBUG org.hibernate.integrator.internal.IntegratorServiceImpl - Adding Integrator [org.hibernate.cache.internal.CollectionCacheInvalidator].
03:14:13.714 [Test worker] INFO org.hibernate.Version - HHH000412: Hibernate ORM core version 5.4.32.Final
03:14:13.716 [Test worker] DEBUG org.hibernate.cfg.Environment - HHH000206: hibernate.properties not found
03:14:13.806 [Test worker] DEBUG org.hibernate.service.spi.ServiceBinding - Overriding existing service binding [org.hibernate.secure.spi.JaccService]
03:14:13.814 [Test worker] DEBUG org.hibernate.cache.internal.RegionFactoryInitiator - Cannot default RegionFactory based on registered strategies as `[]` RegionFactory strategies were registered
03:14:13.815 [Test worker] DEBUG org.hibernate.cache.internal.RegionFactoryInitiator - Cache region factory : org.hibernate.cache.internal.NoCachingRegionFactory
03:14:13.827 [Test worker] INFO org.hibernate.annotations.common.Version - HCANN000001: Hibernate Commons Annotations {5.1.2.Final}
03:14:13.849 [Test worker] DEBUG org.hibernate.type.BasicTypeRegistry - Adding type registration boolean -> org.hibernate.type.BooleanType@298af39f
03:14:13.850 [Test worker] DEBUG org.hibernate.type.BasicTypeRegistry - Adding type registration boolean -> org.hibernate.type.BooleanType@298af39f
03:14:13.850 [Test worker] DEBUG org.hibernate.type.BasicTypeRegistry - Adding type registration java.lang.Boolean -> org.hibernate.type.BooleanType@298af39f
03:14:13.850 [Test worker] DEBUG org.hibernate.type.BasicTypeRegistry - Adding type registration numeric_boolean -> org.hibernate.type.NumericBooleanType@4fcf6188
03:14:13.851 [Test worker] DEBUG org.hibernate.type.BasicTypeRegistry - Adding type registration true_false -> org.hibernate.type.TrueFalseType@1f28e628
03:14:13.851 [Test worker] DEBUG org.hibernate.type.BasicTypeRegistry - Adding type registration yes_no -> org.hibernate.type.YesNoType@b0ca2ae
03:14:13.852 [Test worker] DEBUG org.hibernate.type.BasicTypeRegistry - Adding type registration byte -> org.hibernate.type.ByteType@1e4af6cc
03:14:13.852 [Test worker] DEBUG org.hibernate.type.BasicTypeRegistry - Adding type registration byte -> org.hibernate.type.ByteType@1e4af6cc
03:14:13.852 [Test worker] DEBUG org.hibernate.type.BasicTypeRegistry - Adding type registration java.lang.Byte -> org.hibernate.type.ByteType@1e4af6cc
03:14:13.853 [Test worker] DEBUG org.hibernate.type.BasicTypeRegistry - Adding type registration character -> org.hibernate.type.CharacterType@18340b1d
03:14:13.853 [Test worker] DEBUG org.hibernate.type.BasicTypeRegistry - Adding type registration char -> org.hibernate.type.CharacterType@18340b1d
03:14:13.853 [Test worker] DEBUG org.hibernate.type.BasicTypeRegistry - Adding type registration java.lang.Character -> org.hibernate.type.CharacterType@18340b1d
03:14:13.854 [Test worker] DEBUG org.hibernate.type.BasicTypeRegistry - Adding type registration short -> org.hibernate.type.ShortType@68e395b
03:14:13.854 [Test worker] DEBUG org.hibernate.type.BasicTypeRegistry - Adding type registration short -> org.hibernate.type.ShortType@68e395b
03:14:13.854 [Test worker] DEBUG org.hibernate.type.BasicTypeRegistry - Adding type registration java.lang.Short -> org.hibernate.type.ShortType@68e395b
03:14:13.855 [Test worker] DEBUG org.hibernate.type.BasicTypeRegistry - Adding type registration integer -> org.hibernate.type.IntegerType@66265e27
03:14:13.855 [Test worker] DEBUG org.hibernate.type.BasicTypeRegistry - Adding type registration int -> org.hibernate.type.IntegerType@66265e27
03:14:13.856 [Test worker] DEBUG org.hibernate.type.BasicTypeRegistry - Adding type registration java.lang.Integer -> org.hibernate.type.IntegerType@66265e27
03:14:13.856 [Test worker] DEBUG org.hibernate.type.BasicTypeRegistry - Adding type registration long -> org.hibernate.type.LongType@7dbb8d7
03:14:13.856 [Test worker] DEBUG org.hibernate.type.BasicTypeRegistry - Adding type registration long -> org.hibernate.type.LongType@7dbb8d7
03:14:13.856 [Test worker] DEBUG org.hibernate.type.BasicTypeRegistry - Adding type registration java.lang.Long -> org.hibernate.type.LongType@7dbb8d7
03:14:13.857 [Test worker] DEBUG org.hibernate.type.BasicTypeRegistry - Adding type registration float -> org.hibernate.type.FloatType@3caf9cbf
03:14:13.857 [Test worker] DEBUG org.hibernate.type.BasicTypeRegistry - Adding type registration float -> org.hibernate.type.FloatType@3caf9cbf
03:14:13.857 [Test worker] DEBUG org.hibernate.type.BasicTypeRegistry - Adding type registration java.lang.Float -> org.hibernate.type.FloatType@3caf9cbf
03:14:13.858 [Test worker] DEBUG org.hibernate.type.BasicTypeRegistry - Adding type registration double -> org.hibernate.type.DoubleType@6f0690d8
03:14:13.858 [Test worker] DEBUG org.hibernate.type.BasicTypeRegistry - Adding type registration double -> org.hibernate.type.DoubleType@6f0690d8
03:14:13.858 [Test worker] DEBUG org.hibernate.type.BasicTypeRegistry - Adding type registration java.lang.Double -> org.hibernate.type.DoubleType@6f0690d8
03:14:13.860 [Test worker] DEBUG org.hibernate.type.BasicTypeRegistry - Adding type registration big_decimal -> org.hibernate.type.BigDecimalType@2df84422
03:14:13.860 [Test worker] DEBUG org.hibernate.type.BasicTypeRegistry - Adding type registration java.math.BigDecimal -> org.hibernate.type.BigDecimalType@2df84422
03:14:13.861 [Test worker] DEBUG org.hibernate.type.BasicTypeRegistry - Adding type registration big_integer -> org.hibernate.type.BigIntegerType@330a4f8f
03:14:13.861 [Test worker] DEBUG org.hibernate.type.BasicTypeRegistry - Adding type registration java.math.BigInteger -> org.hibernate.type.BigIntegerType@330a4f8f
03:14:13.862 [Test worker] DEBUG org.hibernate.type.BasicTypeRegistry - Adding type registration string -> org.hibernate.type.StringType@30baee82
03:14:13.862 [Test worker] DEBUG org.hibernate.type.BasicTypeRegistry - Adding type registration java.lang.String -> org.hibernate.type.StringType@30baee82
03:14:13.862 [Test worker] DEBUG org.hibernate.type.BasicTypeRegistry - Adding type registration nstring -> org.hibernate.type.StringNVarcharType@f44f01c
03:14:13.863 [Test worker] DEBUG org.hibernate.type.BasicTypeRegistry - Adding type registration ncharacter -> org.hibernate.type.CharacterNCharType@b3e76bd
03:14:13.864 [Test worker] DEBUG org.hibernate.type.BasicTypeRegistry - Adding type registration url -> org.hibernate.type.UrlType@3bad04e6
03:14:13.864 [Test worker] DEBUG org.hibernate.type.BasicTypeRegistry - Adding type registration java.net.URL -> org.hibernate.type.UrlType@3bad04e6
03:14:13.865 [Test worker] DEBUG org.hibernate.type.BasicTypeRegistry - Adding type registration Duration -> org.hibernate.type.DurationType@6b381c5b
03:14:13.865 [Test worker] DEBUG org.hibernate.type.BasicTypeRegistry - Adding type registration java.time.Duration -> org.hibernate.type.DurationType@6b381c5b
03:14:13.872 [Test worker] DEBUG org.hibernate.type.BasicTypeRegistry - Adding type registration Instant -> org.hibernate.type.InstantType@6eb7a0d2
03:14:13.873 [Test worker] DEBUG org.hibernate.type.BasicTypeRegistry - Adding type registration java.time.Instant -> org.hibernate.type.InstantType@6eb7a0d2
03:14:13.874 [Test worker] DEBUG org.hibernate.type.BasicTypeRegistry - Adding type registration LocalDateTime -> org.hibernate.type.LocalDateTimeType@3b234432
03:14:13.874 [Test worker] DEBUG org.hibernate.type.BasicTypeRegistry - Adding type registration java.time.LocalDateTime -> org.hibernate.type.LocalDateTimeType@3b234432
03:14:13.875 [Test worker] DEBUG org.hibernate.type.BasicTypeRegistry - Adding type registration LocalDate -> org.hibernate.type.LocalDateType@7cef6ab8
03:14:13.875 [Test worker] DEBUG org.hibernate.type.BasicTypeRegistry - Adding type registration java.time.LocalDate -> org.hibernate.type.LocalDateType@7cef6ab8
03:14:13.876 [Test worker] DEBUG org.hibernate.type.BasicTypeRegistry - Adding type registration LocalTime -> org.hibernate.type.LocalTimeType@502935b
03:14:13.877 [Test worker] DEBUG org.hibernate.type.BasicTypeRegistry - Adding type registration java.time.LocalTime -> org.hibernate.type.LocalTimeType@502935b
03:14:13.878 [Test worker] DEBUG org.hibernate.type.BasicTypeRegistry - Adding type registration OffsetDateTime -> org.hibernate.type.OffsetDateTimeType@2d59d312
03:14:13.878 [Test worker] DEBUG org.hibernate.type.BasicTypeRegistry - Adding type registration java.time.OffsetDateTime -> org.hibernate.type.OffsetDateTimeType@2d59d312
03:14:13.879 [Test worker] DEBUG org.hibernate.type.BasicTypeRegistry - Adding type registration OffsetTime -> org.hibernate.type.OffsetTimeType@791c75aa
03:14:13.879 [Test worker] DEBUG org.hibernate.type.BasicTypeRegistry - Adding type registration java.time.OffsetTime -> org.hibernate.type.OffsetTimeType@791c75aa
03:14:13.881 [Test worker] DEBUG org.hibernate.type.BasicTypeRegistry - Adding type registration ZonedDateTime -> org.hibernate.type.ZonedDateTimeType@25fe1e0f
03:14:13.881 [Test worker] DEBUG org.hibernate.type.BasicTypeRegistry - Adding type registration java.time.ZonedDateTime -> org.hibernate.type.ZonedDateTimeType@25fe1e0f
03:14:13.882 [Test worker] DEBUG org.hibernate.type.BasicTypeRegistry - Adding type registration date -> org.hibernate.type.DateType@16cfcdd0
03:14:13.882 [Test worker] DEBUG org.hibernate.type.BasicTypeRegistry - Adding type registration java.sql.Date -> org.hibernate.type.DateType@16cfcdd0
03:14:13.883 [Test worker] DEBUG org.hibernate.type.BasicTypeRegistry - Adding type registration time -> org.hibernate.type.TimeType@a9ca990
03:14:13.883 [Test worker] DEBUG org.hibernate.type.BasicTypeRegistry - Adding type registration java.sql.Time -> org.hibernate.type.TimeType@a9ca990
03:14:13.884 [Test worker] DEBUG org.hibernate.type.BasicTypeRegistry - Adding type registration timestamp -> org.hibernate.type.TimestampType@30bebfad
03:14:13.884 [Test worker] DEBUG org.hibernate.type.BasicTypeRegistry - Adding type registration java.sql.Timestamp -> org.hibernate.type.TimestampType@30bebfad
03:14:13.884 [Test worker] DEBUG org.hibernate.type.BasicTypeRegistry - Adding type registration java.util.Date -> org.hibernate.type.TimestampType@30bebfad
03:14:13.886 [Test worker] DEBUG org.hibernate.type.BasicTypeRegistry - Adding type registration dbtimestamp -> org.hibernate.type.DbTimestampType@f292cef
03:14:13.887 [Test worker] DEBUG org.hibernate.type.BasicTypeRegistry - Adding type registration calendar -> org.hibernate.type.CalendarType@5d9da03c
03:14:13.887 [Test worker] DEBUG org.hibernate.type.BasicTypeRegistry - Adding type registration java.util.Calendar -> org.hibernate.type.CalendarType@5d9da03c
03:14:13.887 [Test worker] DEBUG org.hibernate.type.BasicTypeRegistry - Adding type registration java.util.GregorianCalendar -> org.hibernate.type.CalendarType@5d9da03c
03:14:13.888 [Test worker] DEBUG org.hibernate.type.BasicTypeRegistry - Adding type registration calendar_date -> org.hibernate.type.CalendarDateType@6fd53c08
03:14:13.888 [Test worker] DEBUG org.hibernate.type.BasicTypeRegistry - Adding type registration calendar_time -> org.hibernate.type.CalendarTimeType@6918f000
03:14:13.889 [Test worker] DEBUG org.hibernate.type.BasicTypeRegistry - Adding type registration locale -> org.hibernate.type.LocaleType@22deb70f
03:14:13.889 [Test worker] DEBUG org.hibernate.type.BasicTypeRegistry - Adding type registration java.util.Locale -> org.hibernate.type.LocaleType@22deb70f
03:14:13.890 [Test worker] DEBUG org.hibernate.type.BasicTypeRegistry - Adding type registration currency -> org.hibernate.type.CurrencyType@40a2f363
03:14:13.890 [Test worker] DEBUG org.hibernate.type.BasicTypeRegistry - Adding type registration java.util.Currency -> org.hibernate.type.CurrencyType@40a2f363
03:14:13.890 [Test worker] DEBUG org.hibernate.type.BasicTypeRegistry - Adding type registration timezone -> org.hibernate.type.TimeZoneType@2dd6f69c
03:14:13.891 [Test worker] DEBUG org.hibernate.type.BasicTypeRegistry - Adding type registration java.util.TimeZone -> org.hibernate.type.TimeZoneType@2dd6f69c
03:14:13.891 [Test worker] DEBUG org.hibernate.type.BasicTypeRegistry - Adding type registration class -> org.hibernate.type.ClassType@1a6ad459
03:14:13.891 [Test worker] DEBUG org.hibernate.type.BasicTypeRegistry - Adding type registration java.lang.Class -> org.hibernate.type.ClassType@1a6ad459
03:14:13.892 [Test worker] DEBUG org.hibernate.type.BasicTypeRegistry - Adding type registration uuid-binary -> org.hibernate.type.UUIDBinaryType@3b5bdd7e
03:14:13.892 [Test worker] DEBUG org.hibernate.type.BasicTypeRegistry - Adding type registration java.util.UUID -> org.hibernate.type.UUIDBinaryType@3b5bdd7e
03:14:13.892 [Test worker] DEBUG org.hibernate.type.BasicTypeRegistry - Adding type registration uuid-char -> org.hibernate.type.UUIDCharType@3a4fd99b
03:14:13.893 [Test worker] DEBUG org.hibernate.type.BasicTypeRegistry - Adding type registration binary -> org.hibernate.type.BinaryType@67ccc2c7
03:14:13.893 [Test worker] DEBUG org.hibernate.type.BasicTypeRegistry - Adding type registration byte[] -> org.hibernate.type.BinaryType@67ccc2c7
03:14:13.893 [Test worker] DEBUG org.hibernate.type.BasicTypeRegistry - Adding type registration [B -> org.hibernate.type.BinaryType@67ccc2c7
03:14:13.894 [Test worker] DEBUG org.hibernate.type.BasicTypeRegistry - Adding type registration wrapper-binary -> org.hibernate.type.WrapperBinaryType@13f915eb
03:14:13.894 [Test worker] DEBUG org.hibernate.type.BasicTypeRegistry - Adding type registration Byte[] -> org.hibernate.type.WrapperBinaryType@13f915eb
03:14:13.894 [Test worker] DEBUG org.hibernate.type.BasicTypeRegistry - Adding type registration [Ljava.lang.Byte; -> org.hibernate.type.WrapperBinaryType@13f915eb
03:14:13.895 [Test worker] DEBUG org.hibernate.type.BasicTypeRegistry - Adding type registration row_version -> org.hibernate.type.RowVersionType@37727bdb
03:14:13.895 [Test worker] DEBUG org.hibernate.type.BasicTypeRegistry - Adding type registration image -> org.hibernate.type.ImageType@2f20428f
03:14:13.896 [Test worker] DEBUG org.hibernate.type.BasicTypeRegistry - Adding type registration characters -> org.hibernate.type.CharArrayType@79380dd2
03:14:13.896 [Test worker] DEBUG org.hibernate.type.BasicTypeRegistry - Adding type registration char[] -> org.hibernate.type.CharArrayType@79380dd2
03:14:13.896 [Test worker] DEBUG org.hibernate.type.BasicTypeRegistry - Adding type registration [C -> org.hibernate.type.CharArrayType@79380dd2
03:14:13.897 [Test worker] DEBUG org.hibernate.type.BasicTypeRegistry - Adding type registration wrapper-characters -> org.hibernate.type.CharacterArrayType@281a9674
03:14:13.897 [Test worker] DEBUG org.hibernate.type.BasicTypeRegistry - Adding type registration [Ljava.lang.Character; -> org.hibernate.type.CharacterArrayType@281a9674
03:14:13.897 [Test worker] DEBUG org.hibernate.type.BasicTypeRegistry - Adding type registration Character[] -> org.hibernate.type.CharacterArrayType@281a9674
03:14:13.898 [Test worker] DEBUG org.hibernate.type.BasicTypeRegistry - Adding type registration text -> org.hibernate.type.TextType@1ea7bce4
03:14:13.898 [Test worker] DEBUG org.hibernate.type.BasicTypeRegistry - Adding type registration ntext -> org.hibernate.type.NTextType@7493c54
03:14:13.899 [Test worker] DEBUG org.hibernate.type.BasicTypeRegistry - Adding type registration blob -> org.hibernate.type.BlobType@111f1840
03:14:13.899 [Test worker] DEBUG org.hibernate.type.BasicTypeRegistry - Adding type registration java.sql.Blob -> org.hibernate.type.BlobType@111f1840
03:14:13.899 [Test worker] DEBUG org.hibernate.type.BasicTypeRegistry - Adding type registration materialized_blob -> org.hibernate.type.MaterializedBlobType@697fd11e
03:14:13.900 [Test worker] DEBUG org.hibernate.type.BasicTypeRegistry - Adding type registration clob -> org.hibernate.type.ClobType@366f0b42
03:14:13.900 [Test worker] DEBUG org.hibernate.type.BasicTypeRegistry - Adding type registration java.sql.Clob -> org.hibernate.type.ClobType@366f0b42
03:14:13.901 [Test worker] DEBUG org.hibernate.type.BasicTypeRegistry - Adding type registration nclob -> org.hibernate.type.NClobType@5d9eae21
03:14:13.902 [Test worker] DEBUG org.hibernate.type.BasicTypeRegistry - Adding type registration java.sql.NClob -> org.hibernate.type.NClobType@5d9eae21
03:14:13.902 [Test worker] DEBUG org.hibernate.type.BasicTypeRegistry - Adding type registration materialized_clob -> org.hibernate.type.MaterializedClobType@241a90f1
03:14:13.902 [Test worker] DEBUG org.hibernate.type.BasicTypeRegistry - Adding type registration materialized_nclob -> org.hibernate.type.MaterializedNClobType@6c602931
03:14:13.903 [Test worker] DEBUG org.hibernate.type.BasicTypeRegistry - Adding type registration serializable -> org.hibernate.type.SerializableType@6f4bd676
03:14:13.905 [Test worker] DEBUG org.hibernate.type.BasicTypeRegistry - Adding type registration object -> org.hibernate.type.ObjectType@2e45d2d5
03:14:13.905 [Test worker] DEBUG org.hibernate.type.BasicTypeRegistry - Adding type registration java.lang.Object -> org.hibernate.type.ObjectType@2e45d2d5
03:14:13.906 [Test worker] DEBUG org.hibernate.type.BasicTypeRegistry - Adding type registration imm_date -> org.hibernate.type.AdaptedImmutableType@503620dd
03:14:13.906 [Test worker] DEBUG org.hibernate.type.BasicTypeRegistry - Adding type registration imm_time -> org.hibernate.type.AdaptedImmutableType@63fcf48b
03:14:13.906 [Test worker] DEBUG org.hibernate.type.BasicTypeRegistry - Adding type registration imm_timestamp -> org.hibernate.type.AdaptedImmutableType@48ff369c
03:14:13.906 [Test worker] DEBUG org.hibernate.type.BasicTypeRegistry - Adding type registration imm_dbtimestamp -> org.hibernate.type.AdaptedImmutableType@347d321e
03:14:13.906 [Test worker] DEBUG org.hibernate.type.BasicTypeRegistry - Adding type registration imm_calendar -> org.hibernate.type.AdaptedImmutableType@55accc84
03:14:13.906 [Test worker] DEBUG org.hibernate.type.BasicTypeRegistry - Adding type registration imm_calendar_date -> org.hibernate.type.AdaptedImmutableType@51702216
03:14:13.906 [Test worker] DEBUG org.hibernate.type.BasicTypeRegistry - Adding type registration imm_binary -> org.hibernate.type.AdaptedImmutableType@608ab572
03:14:13.906 [Test worker] DEBUG org.hibernate.type.BasicTypeRegistry - Adding type registration imm_serializable -> org.hibernate.type.AdaptedImmutableType@3dba86bf
03:14:13.914 [Test worker] DEBUG org.hibernate.boot.internal.BootstrapContextImpl - Injecting JPA temp ClassLoader [org.springframework.instrument.classloading.SimpleThrowawayClassLoader@544c2b9b] into BootstrapContext; was [null]
03:14:13.914 [Test worker] DEBUG org.hibernate.boot.internal.ClassLoaderAccessImpl - ClassLoaderAccessImpl#injectTempClassLoader(org.springframework.instrument.classloading.SimpleThrowawayClassLoader@544c2b9b) [was null]
03:14:13.915 [Test worker] DEBUG org.hibernate.boot.internal.BootstrapContextImpl - Injecting ScanEnvironment [org.hibernate.jpa.boot.internal.StandardJpaScanEnvironmentImpl@59d27c21] into BootstrapContext; was [null]
03:14:13.915 [Test worker] DEBUG org.hibernate.boot.internal.BootstrapContextImpl - Injecting ScanOptions [org.hibernate.boot.archive.scan.internal.StandardScanOptions@6e823d23] into BootstrapContext; was [org.hibernate.boot.archive.scan.internal.StandardScanOptions@7d1b3e6]
03:14:13.957 [Test worker] DEBUG org.hibernate.boot.internal.BootstrapContextImpl - Injecting JPA temp ClassLoader [null] into BootstrapContext; was [org.springframework.instrument.classloading.SimpleThrowawayClassLoader@544c2b9b]
03:14:13.957 [Test worker] DEBUG org.hibernate.boot.internal.ClassLoaderAccessImpl - ClassLoaderAccessImpl#injectTempClassLoader(null) [was org.springframework.instrument.classloading.SimpleThrowawayClassLoader@544c2b9b]
03:14:13.964 [Test worker] DEBUG org.hibernate.id.factory.internal.DefaultIdentifierGeneratorFactory - Registering IdentifierGenerator strategy [uuid2] -> [org.hibernate.id.UUIDGenerator]
03:14:13.965 [Test worker] DEBUG org.hibernate.id.factory.internal.DefaultIdentifierGeneratorFactory - Registering IdentifierGenerator strategy [guid] -> [org.hibernate.id.GUIDGenerator]
03:14:13.965 [Test worker] DEBUG org.hibernate.id.factory.internal.DefaultIdentifierGeneratorFactory - Registering IdentifierGenerator strategy [uuid] -> [org.hibernate.id.UUIDHexGenerator]
03:14:13.965 [Test worker] DEBUG org.hibernate.id.factory.internal.DefaultIdentifierGeneratorFactory - Registering IdentifierGenerator strategy [uuid.hex] -> [org.hibernate.id.UUIDHexGenerator]
03:14:13.966 [Test worker] DEBUG org.hibernate.id.factory.internal.DefaultIdentifierGeneratorFactory - Registering IdentifierGenerator strategy [assigned] -> [org.hibernate.id.Assigned]
03:14:13.966 [Test worker] DEBUG org.hibernate.id.factory.internal.DefaultIdentifierGeneratorFactory - Registering IdentifierGenerator strategy [identity] -> [org.hibernate.id.IdentityGenerator]
03:14:13.966 [Test worker] DEBUG org.hibernate.id.factory.internal.DefaultIdentifierGeneratorFactory - Registering IdentifierGenerator strategy [select] -> [org.hibernate.id.SelectGenerator]
03:14:13.967 [Test worker] DEBUG org.hibernate.id.factory.internal.DefaultIdentifierGeneratorFactory - Registering IdentifierGenerator strategy [sequence] -> [org.hibernate.id.enhanced.SequenceStyleGenerator]
03:14:13.968 [Test worker] DEBUG org.hibernate.id.factory.internal.DefaultIdentifierGeneratorFactory - Registering IdentifierGenerator strategy [seqhilo] -> [org.hibernate.id.SequenceHiLoGenerator]
03:14:13.968 [Test worker] DEBUG org.hibernate.id.factory.internal.DefaultIdentifierGeneratorFactory - Registering IdentifierGenerator strategy [increment] -> [org.hibernate.id.IncrementGenerator]
03:14:13.969 [Test worker] DEBUG org.hibernate.id.factory.internal.DefaultIdentifierGeneratorFactory - Registering IdentifierGenerator strategy [foreign] -> [org.hibernate.id.ForeignGenerator]
03:14:13.969 [Test worker] DEBUG org.hibernate.id.factory.internal.DefaultIdentifierGeneratorFactory - Registering IdentifierGenerator strategy [sequence-identity] -> [org.hibernate.id.SequenceIdentityGenerator]
03:14:13.969 [Test worker] DEBUG org.hibernate.id.factory.internal.DefaultIdentifierGeneratorFactory - Registering IdentifierGenerator strategy [enhanced-sequence] -> [org.hibernate.id.enhanced.SequenceStyleGenerator]
03:14:13.970 [Test worker] DEBUG org.hibernate.id.factory.internal.DefaultIdentifierGeneratorFactory - Registering IdentifierGenerator strategy [enhanced-table] -> [org.hibernate.id.enhanced.TableGenerator]
03:14:13.974 [Test worker] DEBUG org.springframework.jdbc.datasource.DriverManagerDataSource - Creating new JDBC DriverManager Connection to [jdbc:h2:mem:second;DB_CLOSE_DELAY=-1]
03:14:14.097 [Test worker] DEBUG org.hibernate.engine.jdbc.env.internal.JdbcEnvironmentInitiator - Database ->
       name : H2
    version : 1.4.200 (2019-10-14)
      major : 1
      minor : 4
03:14:14.097 [Test worker] DEBUG org.hibernate.engine.jdbc.env.internal.JdbcEnvironmentInitiator - Driver ->
       name : H2 JDBC Driver
    version : 1.4.200 (2019-10-14)
      major : 1
      minor : 4
03:14:14.097 [Test worker] DEBUG org.hibernate.engine.jdbc.env.internal.JdbcEnvironmentInitiator - JDBC version : 4.1
03:14:14.105 [Test worker] INFO org.hibernate.dialect.Dialect - HHH000400: Using dialect: org.hibernate.dialect.H2Dialect
03:14:14.137 [Test worker] DEBUG org.hibernate.engine.jdbc.env.spi.IdentifierHelperBuilder - JDBC driver metadata reported database stores quoted identifiers in neither upper, lower nor mixed case
03:14:14.171 [Test worker] DEBUG org.hibernate.boot.model.relational.Namespace - Created database namespace [logicalName=Name{catalog=null, schema=null}, physicalName=Name{catalog=null, schema=null}]
03:14:14.174 [Test worker] DEBUG org.hibernate.type.spi.TypeConfiguration$Scope - Scoping TypeConfiguration [org.hibernate.type.spi.TypeConfiguration@3bbb1909] to MetadataBuildingContext [org.hibernate.boot.internal.MetadataBuildingContextRootImpl@52fcedab]
03:14:14.205 [Test worker] DEBUG org.hibernate.cfg.AnnotationBinder - Binding entity from annotated class: com.epam.esm.model.entity.CertificateEntity
03:14:14.218 [Test worker] DEBUG org.hibernate.cfg.Ejb3Column - Binding column: Ejb3DiscriminatorColumn{logicalColumnName'DTYPE', discriminatorTypeName='string'}
03:14:14.221 [Test worker] DEBUG org.hibernate.cfg.annotations.EntityBinder - Import with entity name CertificateEntity
03:14:14.224 [Test worker] DEBUG org.hibernate.cfg.annotations.EntityBinder - Bind entity com.epam.esm.model.entity.CertificateEntity on table CertificateEntity
03:14:14.245 [Test worker] DEBUG org.hibernate.cfg.Ejb3Column - Binding column: Ejb3Column{table=org.hibernate.mapping.Table(CertificateEntity), mappingColumn=id, insertable=true, updatable=true, unique=false}
03:14:14.246 [Test worker] DEBUG org.hibernate.boot.internal.ClassLoaderAccessImpl - Not known whether passed class name [com.epam.esm.model.entity.CertificateEntity] is safe
03:14:14.246 [Test worker] DEBUG org.hibernate.boot.internal.ClassLoaderAccessImpl - No temp ClassLoader provided; using live ClassLoader for loading potentially unsafe class : com.epam.esm.model.entity.CertificateEntity
03:14:14.247 [Test worker] DEBUG org.hibernate.cfg.annotations.PropertyBinder - MetadataSourceProcessor property id with lazy=false
03:14:14.248 [Test worker] DEBUG org.hibernate.cfg.AbstractPropertyHolder - Attempting to locate auto-apply AttributeConverter for property [com.epam.esm.model.entity.CertificateEntity:id]
03:14:14.249 [Test worker] DEBUG org.hibernate.cfg.annotations.SimpleValueBinder - building SimpleValue for id
03:14:14.251 [Test worker] DEBUG org.hibernate.cfg.annotations.PropertyBinder - Building property id
03:14:14.252 [Test worker] DEBUG org.hibernate.cfg.BinderHelper - #makeIdGenerator(org.hibernate.mapping.SimpleValue([org.hibernate.mapping.Column(id)]), id, identity, , ...)
03:14:14.253 [Test worker] DEBUG org.hibernate.cfg.Ejb3Column - Binding column: Ejb3Column{table=org.hibernate.mapping.Table(CertificateEntity), mappingColumn=createDate, insertable=true, updatable=true, unique=false}
03:14:14.253 [Test worker] DEBUG org.hibernate.cfg.annotations.PropertyBinder - MetadataSourceProcessor property createDate with lazy=false
03:14:14.253 [Test worker] DEBUG org.hibernate.cfg.AbstractPropertyHolder - Attempting to locate auto-apply AttributeConverter for property [com.epam.esm.model.entity.CertificateEntity:createDate]
03:14:14.253 [Test worker] DEBUG org.hibernate.cfg.annotations.SimpleValueBinder - building SimpleValue for createDate
03:14:14.254 [Test worker] DEBUG org.hibernate.cfg.annotations.PropertyBinder - Building property createDate
03:14:14.254 [Test worker] DEBUG org.hibernate.cfg.Ejb3Column - Binding column: Ejb3Column{table=org.hibernate.mapping.Table(CertificateEntity), mappingColumn=description, insertable=true, updatable=true, unique=false}
03:14:14.254 [Test worker] DEBUG org.hibernate.cfg.annotations.PropertyBinder - MetadataSourceProcessor property description with lazy=false
03:14:14.254 [Test worker] DEBUG org.hibernate.cfg.AbstractPropertyHolder - Attempting to locate auto-apply AttributeConverter for property [com.epam.esm.model.entity.CertificateEntity:description]
03:14:14.254 [Test worker] DEBUG org.hibernate.cfg.annotations.SimpleValueBinder - building SimpleValue for description
03:14:14.254 [Test worker] DEBUG org.hibernate.cfg.annotations.PropertyBinder - Building property description
03:14:14.255 [Test worker] DEBUG org.hibernate.cfg.Ejb3Column - Binding column: Ejb3Column{table=org.hibernate.mapping.Table(CertificateEntity), mappingColumn=duration, insertable=true, updatable=true, unique=false}
03:14:14.255 [Test worker] DEBUG org.hibernate.cfg.annotations.PropertyBinder - MetadataSourceProcessor property duration with lazy=false
03:14:14.255 [Test worker] DEBUG org.hibernate.cfg.AbstractPropertyHolder - Attempting to locate auto-apply AttributeConverter for property [com.epam.esm.model.entity.CertificateEntity:duration]
03:14:14.255 [Test worker] DEBUG org.hibernate.cfg.annotations.SimpleValueBinder - building SimpleValue for duration
03:14:14.255 [Test worker] DEBUG org.hibernate.cfg.annotations.PropertyBinder - Building property duration
03:14:14.255 [Test worker] DEBUG org.hibernate.cfg.Ejb3Column - Binding column: Ejb3Column{table=org.hibernate.mapping.Table(CertificateEntity), mappingColumn=lastUpdateDate, insertable=true, updatable=true, unique=false}
03:14:14.255 [Test worker] DEBUG org.hibernate.cfg.annotations.PropertyBinder - MetadataSourceProcessor property lastUpdateDate with lazy=false
03:14:14.256 [Test worker] DEBUG org.hibernate.cfg.AbstractPropertyHolder - Attempting to locate auto-apply AttributeConverter for property [com.epam.esm.model.entity.CertificateEntity:lastUpdateDate]
03:14:14.256 [Test worker] DEBUG org.hibernate.cfg.annotations.SimpleValueBinder - building SimpleValue for lastUpdateDate
03:14:14.256 [Test worker] DEBUG org.hibernate.cfg.annotations.PropertyBinder - Building property lastUpdateDate
03:14:14.256 [Test worker] DEBUG org.hibernate.cfg.Ejb3Column - Binding column: Ejb3Column{table=org.hibernate.mapping.Table(CertificateEntity), mappingColumn=name, insertable=true, updatable=true, unique=true}
03:14:14.256 [Test worker] DEBUG org.hibernate.cfg.annotations.PropertyBinder - MetadataSourceProcessor property name with lazy=false
03:14:14.256 [Test worker] DEBUG org.hibernate.cfg.AbstractPropertyHolder - Attempting to locate auto-apply AttributeConverter for property [com.epam.esm.model.entity.CertificateEntity:name]
03:14:14.257 [Test worker] DEBUG org.hibernate.cfg.annotations.SimpleValueBinder - building SimpleValue for name
03:14:14.257 [Test worker] DEBUG org.hibernate.cfg.annotations.PropertyBinder - Building property name
03:14:14.257 [Test worker] DEBUG org.hibernate.cfg.Ejb3Column - Binding column: Ejb3Column{table=org.hibernate.mapping.Table(CertificateEntity), mappingColumn=price, insertable=true, updatable=true, unique=false}
03:14:14.257 [Test worker] DEBUG org.hibernate.cfg.annotations.PropertyBinder - MetadataSourceProcessor property price with lazy=false
03:14:14.257 [Test worker] DEBUG org.hibernate.cfg.AbstractPropertyHolder - Attempting to locate auto-apply AttributeConverter for property [com.epam.esm.model.entity.CertificateEntity:price]
03:14:14.257 [Test worker] DEBUG org.hibernate.cfg.annotations.SimpleValueBinder - building SimpleValue for price
03:14:14.258 [Test worker] DEBUG org.hibernate.cfg.annotations.PropertyBinder - Building property price
03:14:14.259 [Test worker] DEBUG org.hibernate.cfg.Ejb3Column - Binding column: Ejb3Column{table=org.hibernate.mapping.Table(CertificateEntity), mappingColumn=null, insertable=true, updatable=true, unique=false}
03:14:14.265 [Test worker] DEBUG org.hibernate.cfg.Ejb3Column - Binding column: Ejb3Column{table=org.hibernate.mapping.Table(CertificateEntity), mappingColumn=element, insertable=true, updatable=true, unique=false}
03:14:14.265 [Test worker] DEBUG org.hibernate.cfg.Ejb3Column - Binding column: Ejb3Column{table=org.hibernate.mapping.Table(CertificateEntity), mappingColumn=tagEntities_KEY, insertable=true, updatable=true, unique=false}
03:14:14.266 [Test worker] DEBUG org.hibernate.cfg.Ejb3Column - Binding column: Ejb3JoinColumn{logicalColumnName='tagEntities_KEY', referencedColumn='null', mappedBy='null'}
03:14:14.267 [Test worker] DEBUG org.hibernate.cfg.Ejb3Column - Binding column: Ejb3JoinColumn{logicalColumnName='null', referencedColumn='null', mappedBy=''}
03:14:14.267 [Test worker] DEBUG org.hibernate.cfg.Ejb3Column - Binding column: Ejb3JoinColumn{logicalColumnName='null', referencedColumn='null', mappedBy=''}
03:14:14.268 [Test worker] DEBUG org.hibernate.cfg.annotations.CollectionBinder - Collection role: com.epam.esm.model.entity.CertificateEntity.tagEntities
03:14:14.270 [Test worker] DEBUG org.hibernate.cfg.annotations.PropertyBinder - Building property tagEntities
03:14:14.271 [Test worker] DEBUG org.hibernate.cfg.AnnotationBinder - Binding entity from annotated class: com.epam.esm.model.entity.OrderEntity
03:14:14.272 [Test worker] DEBUG org.hibernate.cfg.Ejb3Column - Binding column: Ejb3DiscriminatorColumn{logicalColumnName'DTYPE', discriminatorTypeName='string'}
03:14:14.272 [Test worker] DEBUG org.hibernate.cfg.annotations.EntityBinder - Import with entity name OrderEntity
03:14:14.272 [Test worker] DEBUG org.hibernate.cfg.annotations.EntityBinder - Bind entity com.epam.esm.model.entity.OrderEntity on table OrderEntity
03:14:14.275 [Test worker] DEBUG org.hibernate.cfg.Ejb3Column - Binding column: Ejb3Column{table=org.hibernate.mapping.Table(OrderEntity), mappingColumn=id, insertable=true, updatable=true, unique=false}
03:14:14.275 [Test worker] DEBUG org.hibernate.boot.internal.ClassLoaderAccessImpl - Not known whether passed class name [com.epam.esm.model.entity.OrderEntity] is safe
03:14:14.275 [Test worker] DEBUG org.hibernate.boot.internal.ClassLoaderAccessImpl - No temp ClassLoader provided; using live ClassLoader for loading potentially unsafe class : com.epam.esm.model.entity.OrderEntity
03:14:14.275 [Test worker] DEBUG org.hibernate.cfg.annotations.PropertyBinder - MetadataSourceProcessor property id with lazy=false
03:14:14.275 [Test worker] DEBUG org.hibernate.cfg.AbstractPropertyHolder - Attempting to locate auto-apply AttributeConverter for property [com.epam.esm.model.entity.OrderEntity:id]
03:14:14.275 [Test worker] DEBUG org.hibernate.cfg.annotations.SimpleValueBinder - building SimpleValue for id
03:14:14.275 [Test worker] DEBUG org.hibernate.cfg.annotations.PropertyBinder - Building property id
03:14:14.276 [Test worker] DEBUG org.hibernate.cfg.BinderHelper - #makeIdGenerator(org.hibernate.mapping.SimpleValue([org.hibernate.mapping.Column(id)]), id, identity, , ...)
03:14:14.276 [Test worker] DEBUG org.hibernate.cfg.Ejb3Column - Binding column: Ejb3Column{table=org.hibernate.mapping.Table(OrderEntity), mappingColumn=null, insertable=true, updatable=true, unique=false}
03:14:14.276 [Test worker] DEBUG org.hibernate.cfg.Ejb3Column - Binding column: Ejb3Column{table=org.hibernate.mapping.Table(OrderEntity), mappingColumn=element, insertable=true, updatable=true, unique=false}
03:14:14.276 [Test worker] DEBUG org.hibernate.cfg.Ejb3Column - Binding column: Ejb3Column{table=org.hibernate.mapping.Table(OrderEntity), mappingColumn=certificateEntities_KEY, insertable=true, updatable=true, unique=false}
03:14:14.276 [Test worker] DEBUG org.hibernate.cfg.Ejb3Column - Binding column: Ejb3JoinColumn{logicalColumnName='certificateEntities_KEY', referencedColumn='null', mappedBy='null'}
03:14:14.276 [Test worker] DEBUG org.hibernate.cfg.Ejb3Column - Binding column: Ejb3JoinColumn{logicalColumnName='null', referencedColumn='null', mappedBy=''}
03:14:14.277 [Test worker] DEBUG org.hibernate.cfg.Ejb3Column - Binding column: Ejb3JoinColumn{logicalColumnName='null', referencedColumn='null', mappedBy=''}
03:14:14.277 [Test worker] DEBUG org.hibernate.cfg.annotations.CollectionBinder - Collection role: com.epam.esm.model.entity.OrderEntity.certificateEntities
03:14:14.277 [Test worker] DEBUG org.hibernate.cfg.annotations.PropertyBinder - Building property certificateEntities
03:14:14.277 [Test worker] DEBUG org.hibernate.cfg.Ejb3Column - Binding column: Ejb3JoinColumn{logicalColumnName='null', referencedColumn='null', mappedBy='null'}
03:14:14.277 [Test worker] DEBUG org.hibernate.cfg.Ejb3Column - Binding column: Ejb3Column{table=org.hibernate.mapping.Table(OrderEntity), mappingColumn=owner, insertable=true, updatable=true, unique=false}
03:14:14.279 [Test worker] DEBUG org.hibernate.cfg.annotations.PropertyBinder - Building property owner
03:14:14.279 [Test worker] DEBUG org.hibernate.cfg.Ejb3Column - Binding column: Ejb3Column{table=org.hibernate.mapping.Table(OrderEntity), mappingColumn=purchaseDate, insertable=true, updatable=true, unique=false}
03:14:14.279 [Test worker] DEBUG org.hibernate.cfg.annotations.PropertyBinder - MetadataSourceProcessor property purchaseDate with lazy=false
03:14:14.279 [Test worker] DEBUG org.hibernate.cfg.AbstractPropertyHolder - Attempting to locate auto-apply AttributeConverter for property [com.epam.esm.model.entity.OrderEntity:purchaseDate]
03:14:14.280 [Test worker] DEBUG org.hibernate.cfg.annotations.SimpleValueBinder - building SimpleValue for purchaseDate
03:14:14.280 [Test worker] DEBUG org.hibernate.cfg.annotations.PropertyBinder - Building property purchaseDate
03:14:14.280 [Test worker] DEBUG org.hibernate.cfg.Ejb3Column - Binding column: Ejb3Column{table=org.hibernate.mapping.Table(OrderEntity), mappingColumn=summary, insertable=true, updatable=true, unique=false}
03:14:14.280 [Test worker] DEBUG org.hibernate.cfg.annotations.PropertyBinder - MetadataSourceProcessor property summary with lazy=false
03:14:14.280 [Test worker] DEBUG org.hibernate.cfg.AbstractPropertyHolder - Attempting to locate auto-apply AttributeConverter for property [com.epam.esm.model.entity.OrderEntity:summary]
03:14:14.280 [Test worker] DEBUG org.hibernate.cfg.annotations.SimpleValueBinder - building SimpleValue for summary
03:14:14.280 [Test worker] DEBUG org.hibernate.cfg.annotations.PropertyBinder - Building property summary
03:14:14.281 [Test worker] DEBUG org.hibernate.cfg.AnnotationBinder - Binding entity from annotated class: com.epam.esm.model.entity.TagEntity
03:14:14.281 [Test worker] DEBUG org.hibernate.cfg.Ejb3Column - Binding column: Ejb3DiscriminatorColumn{logicalColumnName'DTYPE', discriminatorTypeName='string'}
03:14:14.281 [Test worker] DEBUG org.hibernate.cfg.annotations.EntityBinder - Import with entity name TagEntity
03:14:14.281 [Test worker] DEBUG org.hibernate.cfg.annotations.EntityBinder - Bind entity com.epam.esm.model.entity.TagEntity on table TagEntity
03:14:14.282 [Test worker] DEBUG org.hibernate.cfg.Ejb3Column - Binding column: Ejb3Column{table=org.hibernate.mapping.Table(TagEntity), mappingColumn=id, insertable=true, updatable=true, unique=false}
03:14:14.283 [Test worker] DEBUG org.hibernate.boot.internal.ClassLoaderAccessImpl - Not known whether passed class name [com.epam.esm.model.entity.TagEntity] is safe
03:14:14.283 [Test worker] DEBUG org.hibernate.boot.internal.ClassLoaderAccessImpl - No temp ClassLoader provided; using live ClassLoader for loading potentially unsafe class : com.epam.esm.model.entity.TagEntity
03:14:14.283 [Test worker] DEBUG org.hibernate.cfg.annotations.PropertyBinder - MetadataSourceProcessor property id with lazy=false
03:14:14.283 [Test worker] DEBUG org.hibernate.cfg.AbstractPropertyHolder - Attempting to locate auto-apply AttributeConverter for property [com.epam.esm.model.entity.TagEntity:id]
03:14:14.283 [Test worker] DEBUG org.hibernate.cfg.annotations.SimpleValueBinder - building SimpleValue for id
03:14:14.283 [Test worker] DEBUG org.hibernate.cfg.annotations.PropertyBinder - Building property id
03:14:14.284 [Test worker] DEBUG org.hibernate.cfg.BinderHelper - #makeIdGenerator(org.hibernate.mapping.SimpleValue([org.hibernate.mapping.Column(id)]), id, identity, , ...)
03:14:14.284 [Test worker] DEBUG org.hibernate.cfg.Ejb3Column - Binding column: Ejb3Column{table=org.hibernate.mapping.Table(TagEntity), mappingColumn=name, insertable=true, updatable=true, unique=true}
03:14:14.284 [Test worker] DEBUG org.hibernate.cfg.annotations.PropertyBinder - MetadataSourceProcessor property name with lazy=false
03:14:14.284 [Test worker] DEBUG org.hibernate.cfg.AbstractPropertyHolder - Attempting to locate auto-apply AttributeConverter for property [com.epam.esm.model.entity.TagEntity:name]
03:14:14.284 [Test worker] DEBUG org.hibernate.cfg.annotations.SimpleValueBinder - building SimpleValue for name
03:14:14.284 [Test worker] DEBUG org.hibernate.cfg.annotations.PropertyBinder - Building property name
03:14:14.284 [Test worker] DEBUG org.hibernate.cfg.AnnotationBinder - Binding entity from annotated class: com.epam.esm.model.entity.UserEntity
03:14:14.285 [Test worker] DEBUG org.hibernate.cfg.Ejb3Column - Binding column: Ejb3DiscriminatorColumn{logicalColumnName'DTYPE', discriminatorTypeName='string'}
03:14:14.285 [Test worker] DEBUG org.hibernate.cfg.annotations.EntityBinder - Import with entity name UserEntity
03:14:14.285 [Test worker] DEBUG org.hibernate.cfg.annotations.EntityBinder - Bind entity com.epam.esm.model.entity.UserEntity on table UserEntity
03:14:14.287 [Test worker] DEBUG org.hibernate.cfg.Ejb3Column - Binding column: Ejb3Column{table=org.hibernate.mapping.Table(UserEntity), mappingColumn=id, insertable=true, updatable=true, unique=false}
03:14:14.287 [Test worker] DEBUG org.hibernate.boot.internal.ClassLoaderAccessImpl - Not known whether passed class name [com.epam.esm.model.entity.UserEntity] is safe
03:14:14.287 [Test worker] DEBUG org.hibernate.boot.internal.ClassLoaderAccessImpl - No temp ClassLoader provided; using live ClassLoader for loading potentially unsafe class : com.epam.esm.model.entity.UserEntity
03:14:14.287 [Test worker] DEBUG org.hibernate.cfg.annotations.PropertyBinder - MetadataSourceProcessor property id with lazy=false
03:14:14.287 [Test worker] DEBUG org.hibernate.cfg.AbstractPropertyHolder - Attempting to locate auto-apply AttributeConverter for property [com.epam.esm.model.entity.UserEntity:id]
03:14:14.287 [Test worker] DEBUG org.hibernate.cfg.annotations.SimpleValueBinder - building SimpleValue for id
03:14:14.287 [Test worker] DEBUG org.hibernate.cfg.annotations.PropertyBinder - Building property id
03:14:14.287 [Test worker] DEBUG org.hibernate.cfg.BinderHelper - #makeIdGenerator(org.hibernate.mapping.SimpleValue([org.hibernate.mapping.Column(id)]), id, identity, , ...)
03:14:14.287 [Test worker] DEBUG org.hibernate.cfg.Ejb3Column - Binding column: Ejb3JoinColumn{logicalColumnName='null', referencedColumn='null', mappedBy='owner'}
03:14:14.288 [Test worker] DEBUG org.hibernate.cfg.Ejb3Column - Binding column: Ejb3Column{table=org.hibernate.mapping.Table(UserEntity), mappingColumn=orderEntities, insertable=true, updatable=true, unique=false}
03:14:14.288 [Test worker] DEBUG org.hibernate.cfg.Ejb3Column - Binding column: Ejb3Column{table=org.hibernate.mapping.Table(UserEntity), mappingColumn=null, insertable=true, updatable=true, unique=false}
03:14:14.288 [Test worker] DEBUG org.hibernate.cfg.Ejb3Column - Binding column: Ejb3Column{table=org.hibernate.mapping.Table(UserEntity), mappingColumn=element, insertable=true, updatable=true, unique=false}
03:14:14.288 [Test worker] DEBUG org.hibernate.cfg.Ejb3Column - Binding column: Ejb3Column{table=org.hibernate.mapping.Table(UserEntity), mappingColumn=orderEntities_KEY, insertable=true, updatable=true, unique=false}
03:14:14.288 [Test worker] DEBUG org.hibernate.cfg.Ejb3Column - Binding column: Ejb3JoinColumn{logicalColumnName='orderEntities_KEY', referencedColumn='null', mappedBy='null'}
03:14:14.288 [Test worker] DEBUG org.hibernate.cfg.Ejb3Column - Binding column: Ejb3JoinColumn{logicalColumnName='null', referencedColumn='null', mappedBy='owner'}
03:14:14.288 [Test worker] DEBUG org.hibernate.cfg.Ejb3Column - Binding column: Ejb3JoinColumn{logicalColumnName='null', referencedColumn='null', mappedBy='owner'}
03:14:14.288 [Test worker] DEBUG org.hibernate.cfg.annotations.CollectionBinder - Collection role: com.epam.esm.model.entity.UserEntity.orderEntities
03:14:14.288 [Test worker] DEBUG org.hibernate.cfg.annotations.PropertyBinder - Building property orderEntities
03:14:14.289 [Test worker] DEBUG org.hibernate.cfg.Ejb3Column - Binding column: Ejb3Column{table=org.hibernate.mapping.Table(UserEntity), mappingColumn=username, insertable=true, updatable=true, unique=false}
03:14:14.289 [Test worker] DEBUG org.hibernate.cfg.annotations.PropertyBinder - MetadataSourceProcessor property username with lazy=false
03:14:14.289 [Test worker] DEBUG org.hibernate.cfg.AbstractPropertyHolder - Attempting to locate auto-apply AttributeConverter for property [com.epam.esm.model.entity.UserEntity:username]
03:14:14.289 [Test worker] DEBUG org.hibernate.cfg.annotations.SimpleValueBinder - building SimpleValue for username
03:14:14.289 [Test worker] DEBUG org.hibernate.cfg.annotations.PropertyBinder - Building property username
03:14:14.290 [Test worker] DEBUG org.hibernate.cfg.annotations.SimpleValueBinder - Starting fillSimpleValue for id
03:14:14.290 [Test worker] DEBUG org.hibernate.cfg.annotations.SimpleValueBinder - Starting fillSimpleValue for createDate
03:14:14.290 [Test worker] DEBUG org.hibernate.cfg.annotations.SimpleValueBinder - Starting fillSimpleValue for description
03:14:14.290 [Test worker] DEBUG org.hibernate.cfg.annotations.SimpleValueBinder - Starting fillSimpleValue for duration
03:14:14.290 [Test worker] DEBUG org.hibernate.cfg.annotations.SimpleValueBinder - Starting fillSimpleValue for lastUpdateDate
03:14:14.290 [Test worker] DEBUG org.hibernate.cfg.annotations.SimpleValueBinder - Starting fillSimpleValue for name
03:14:14.290 [Test worker] DEBUG org.hibernate.cfg.annotations.SimpleValueBinder - Starting fillSimpleValue for price
03:14:14.291 [Test worker] DEBUG org.hibernate.cfg.annotations.SimpleValueBinder - Starting fillSimpleValue for id
03:14:14.291 [Test worker] DEBUG org.hibernate.cfg.annotations.SimpleValueBinder - Starting fillSimpleValue for purchaseDate
03:14:14.291 [Test worker] DEBUG org.hibernate.cfg.annotations.SimpleValueBinder - Starting fillSimpleValue for summary
03:14:14.291 [Test worker] DEBUG org.hibernate.cfg.annotations.SimpleValueBinder - Starting fillSimpleValue for id
03:14:14.291 [Test worker] DEBUG org.hibernate.cfg.annotations.SimpleValueBinder - Starting fillSimpleValue for name
03:14:14.291 [Test worker] DEBUG org.hibernate.cfg.annotations.SimpleValueBinder - Starting fillSimpleValue for id
03:14:14.291 [Test worker] DEBUG org.hibernate.cfg.annotations.SimpleValueBinder - Starting fillSimpleValue for username
03:14:14.294 [Test worker] DEBUG org.hibernate.mapping.PrimaryKey - Forcing column [id] to be non-null as it is part of the primary key for table [certificateentity]
03:14:14.294 [Test worker] DEBUG org.hibernate.mapping.PrimaryKey - Forcing column [id] to be non-null as it is part of the primary key for table [orderentity]
03:14:14.295 [Test worker] DEBUG org.hibernate.mapping.PrimaryKey - Forcing column [id] to be non-null as it is part of the primary key for table [tagentity]
03:14:14.295 [Test worker] DEBUG org.hibernate.mapping.PrimaryKey - Forcing column [id] to be non-null as it is part of the primary key for table [userentity]
03:14:14.295 [Test worker] DEBUG org.hibernate.cfg.CollectionSecondPass - Second pass for collection: com.epam.esm.model.entity.OrderEntity.certificateEntities
03:14:14.295 [Test worker] DEBUG org.hibernate.cfg.annotations.CollectionBinder - Binding as ManyToMany: com.epam.esm.model.entity.OrderEntity.certificateEntities
03:14:14.298 [Test worker] DEBUG org.hibernate.cfg.CollectionSecondPass - Mapped collection key: OrderEntity_id, element: certificateEntities_id
03:14:14.298 [Test worker] DEBUG org.hibernate.cfg.CollectionSecondPass - Second pass for collection: com.epam.esm.model.entity.CertificateEntity.tagEntities
03:14:14.298 [Test worker] DEBUG org.hibernate.cfg.annotations.CollectionBinder - Binding as ManyToMany: com.epam.esm.model.entity.CertificateEntity.tagEntities
03:14:14.299 [Test worker] DEBUG org.hibernate.cfg.CollectionSecondPass - Mapped collection key: CertificateEntity_id, element: tagEntities_id
03:14:14.299 [Test worker] DEBUG org.hibernate.cfg.CollectionSecondPass - Second pass for collection: com.epam.esm.model.entity.UserEntity.orderEntities
03:14:14.299 [Test worker] DEBUG org.hibernate.cfg.annotations.CollectionBinder - Binding a OneToMany: com.epam.esm.model.entity.UserEntity.orderEntities through a foreign key
03:14:14.300 [Test worker] DEBUG org.hibernate.cfg.annotations.CollectionBinder - Mapping collection: com.epam.esm.model.entity.UserEntity.orderEntities -> OrderEntity
03:14:14.300 [Test worker] DEBUG org.hibernate.cfg.annotations.TableBinder - Retrieving property com.epam.esm.model.entity.OrderEntity.owner
03:14:14.300 [Test worker] DEBUG org.hibernate.cfg.CollectionSecondPass - Mapped collection key: owner_id, one-to-many: com.epam.esm.model.entity.OrderEntity
03:14:14.300 [Test worker] DEBUG org.hibernate.boot.internal.InFlightMetadataCollectorImpl - Resolving reference to class: com.epam.esm.model.entity.TagEntity
03:14:14.302 [Test worker] DEBUG org.hibernate.boot.internal.InFlightMetadataCollectorImpl - Resolving reference to class: com.epam.esm.model.entity.CertificateEntity
03:14:14.302 [Test worker] DEBUG org.hibernate.boot.internal.InFlightMetadataCollectorImpl - Resolving reference to class: com.epam.esm.model.entity.UserEntity
03:14:14.302 [Test worker] DEBUG org.hibernate.boot.internal.InFlightMetadataCollectorImpl - Resolving reference to class: com.epam.esm.model.entity.CertificateEntity
03:14:14.302 [Test worker] DEBUG org.hibernate.boot.internal.InFlightMetadataCollectorImpl - Resolving reference to class: com.epam.esm.model.entity.OrderEntity
03:14:14.304 [Test worker] DEBUG org.hibernate.boot.internal.InFlightMetadataCollectorImpl - Resolving reference to class: com.epam.esm.model.entity.TagEntity
03:14:14.304 [Test worker] DEBUG org.hibernate.boot.internal.InFlightMetadataCollectorImpl - Resolving reference to class: com.epam.esm.model.entity.CertificateEntity
03:14:14.304 [Test worker] DEBUG org.hibernate.boot.internal.InFlightMetadataCollectorImpl - Resolving reference to class: com.epam.esm.model.entity.UserEntity
03:14:14.304 [Test worker] DEBUG org.hibernate.boot.internal.InFlightMetadataCollectorImpl - Resolving reference to class: com.epam.esm.model.entity.CertificateEntity
03:14:14.304 [Test worker] DEBUG org.hibernate.boot.internal.InFlightMetadataCollectorImpl - Resolving reference to class: com.epam.esm.model.entity.OrderEntity
03:14:14.327 [Test worker] DEBUG org.hibernate.internal.SessionFactoryImpl - Building session factory
03:14:14.328 [Test worker] DEBUG org.hibernate.cfg.Settings - SessionFactory name : null
03:14:14.328 [Test worker] DEBUG org.hibernate.cfg.Settings - Automatic flush during beforeCompletion(): enabled
03:14:14.328 [Test worker] DEBUG org.hibernate.cfg.Settings - Automatic session close at end of transaction: disabled
03:14:14.328 [Test worker] DEBUG org.hibernate.cfg.Settings - Statistics: enabled
03:14:14.328 [Test worker] DEBUG org.hibernate.cfg.Settings - Deleted entity synthetic identifier rollback: disabled
03:14:14.328 [Test worker] DEBUG org.hibernate.cfg.Settings - Default entity-mode: pojo
03:14:14.328 [Test worker] DEBUG org.hibernate.cfg.Settings - Check Nullability in Core (should be disabled when Bean Validation is on): enabled
03:14:14.328 [Test worker] DEBUG org.hibernate.cfg.Settings - Allow initialization of lazy state outside session : disabled
03:14:14.328 [Test worker] DEBUG org.hibernate.cfg.Settings - Using BatchFetchStyle : LEGACY
03:14:14.329 [Test worker] DEBUG org.hibernate.cfg.Settings - Default batch fetch size: -1
03:14:14.329 [Test worker] DEBUG org.hibernate.cfg.Settings - Maximum outer join fetch depth: null
03:14:14.329 [Test worker] DEBUG org.hibernate.cfg.Settings - Default null ordering: NONE
03:14:14.329 [Test worker] DEBUG org.hibernate.cfg.Settings - Order SQL updates by primary key: disabled
03:14:14.329 [Test worker] DEBUG org.hibernate.cfg.Settings - Order SQL inserts for batching: disabled
03:14:14.329 [Test worker] DEBUG org.hibernate.cfg.Settings - multi-tenancy strategy : NONE
03:14:14.329 [Test worker] DEBUG org.hibernate.cfg.Settings - JTA Track by Thread: enabled
03:14:14.329 [Test worker] DEBUG org.hibernate.cfg.Settings - Query language substitutions: {}
03:14:14.329 [Test worker] DEBUG org.hibernate.cfg.Settings - Named query checking : enabled
03:14:14.329 [Test worker] DEBUG org.hibernate.cfg.Settings - Second-level cache: disabled
03:14:14.329 [Test worker] DEBUG org.hibernate.cfg.Settings - Second-level query cache: disabled
03:14:14.329 [Test worker] DEBUG org.hibernate.cfg.Settings - Second-level query cache factory: null
03:14:14.329 [Test worker] DEBUG org.hibernate.cfg.Settings - Second-level cache region prefix: null
03:14:14.329 [Test worker] DEBUG org.hibernate.cfg.Settings - Optimize second-level cache for minimal puts: disabled
03:14:14.329 [Test worker] DEBUG org.hibernate.cfg.Settings - Structured second-level cache entries: disabled
03:14:14.329 [Test worker] DEBUG org.hibernate.cfg.Settings - Second-level cache direct-reference entries: disabled
03:14:14.329 [Test worker] DEBUG org.hibernate.cfg.Settings - Automatic eviction of collection cache: disabled
03:14:14.330 [Test worker] DEBUG org.hibernate.cfg.Settings - JDBC batch size: 15
03:14:14.330 [Test worker] DEBUG org.hibernate.cfg.Settings - JDBC batch updates for versioned data: enabled
03:14:14.330 [Test worker] DEBUG org.hibernate.cfg.Settings - Scrollable result sets: enabled
03:14:14.330 [Test worker] DEBUG org.hibernate.cfg.Settings - Wrap result sets: disabled
03:14:14.330 [Test worker] DEBUG org.hibernate.cfg.Settings - JDBC3 getGeneratedKeys(): enabled
03:14:14.330 [Test worker] DEBUG org.hibernate.cfg.Settings - JDBC result set fetch size: null
03:14:14.330 [Test worker] DEBUG org.hibernate.cfg.Settings - Connection release mode: ON_CLOSE
03:14:14.330 [Test worker] DEBUG org.hibernate.cfg.Settings - Generate SQL with comments: disabled
03:14:14.330 [Test worker] DEBUG org.hibernate.cfg.Settings - JPA compliance - query : disabled
03:14:14.330 [Test worker] DEBUG org.hibernate.cfg.Settings - JPA compliance - closed-handling : disabled
03:14:14.330 [Test worker] DEBUG org.hibernate.cfg.Settings - JPA compliance - lists : disabled
03:14:14.330 [Test worker] DEBUG org.hibernate.cfg.Settings - JPA compliance - transactions : disabled
03:14:14.376 [Test worker] DEBUG org.hibernate.internal.SessionFactoryImpl - Session factory constructed with filter configurations : {}
03:14:14.376 [Test worker] DEBUG org.hibernate.internal.SessionFactoryImpl - Instantiating session factory with properties: {java.specification.version=13, hibernate.connection.handling_mode=DELAYED_ACQUISITION_AND_HOLD, sun.jnu.encoding=UTF-8, hibernate.dialect=org.hibernate.dialect.H2Dialect, org.gradle.test.worker=10, java.class.path=/home/razor/.gradle/caches/7.1/workerMain/gradle-worker.jar:/home/razor/Lab/task3/ThirdModule/core/build/classes/java/test:/home/razor/Lab/task3/ThirdModule/core/build/resources/test:/home/razor/Lab/task3/ThirdModule/core/build/classes/java/main:/home/razor/Lab/task3/ThirdModule/core/build/resources/main:/home/razor/Lab/task3/ThirdModule/dao/build/classes/java/main:/home/razor/Lab/task3/ThirdModule/dao/build/resources/main:/home/razor/Lab/task3/ThirdModule/dao/build/classes/java/test:/home/razor/Lab/task3/ThirdModule/dao/build/resources/test:/home/razor/.gradle/caches/modules-2/files-2.1/mysql/mysql-connector-java/8.0.27/f1da9f10a3de6348725a413304aab6d0aa04f923/mysql-connector-java-8.0.27.jar:/home/razor/.gradle/caches/modules-2/files-2.1/org.projectlombok/lombok/1.18.20/18bcea7d5df4d49227b4a0743a536208ce4825bb/lombok-1.18.20.jar:/home/razor/.gradle/caches/modules-2/files-2.1/com.fasterxml.jackson.dataformat/jackson-dataformat-xml/2.13.0-rc2/3914ae3e0c89353e694721a5472dde400c9de64c/jackson-dataformat-xml-2.13.0-rc2.jar:/home/razor/.gradle/caches/modules-2/files-2.1/com.fasterxml.jackson.datatype/jackson-datatype-jsr310/2.13.0-rc2/47f3b3c44ff24e74751deca7130b2135ec34d923/jackson-datatype-jsr310-2.13.0-rc2.jar:/home/razor/.gradle/caches/modules-2/files-2.1/com.fasterxml.jackson.core/jackson-databind/2.12.3/d6153f8fc60c479ab0f9efb35c034526436a4953/jackson-databind-2.12.3.jar:/home/razor/.gradle/caches/modules-2/files-2.1/com.fasterxml.jackson.core/jackson-core/2.12.3/deb23fe2a7f2b773e18ced2b50d4acc1df8fa366/jackson-core-2.12.3.jar:/home/razor/.gradle/caches/modules-2/files-2.1/com.fasterxml.jackson.core/jackson-annotations/2.12.3/7275513412694a1aafd08c0287f48469fa0e6e17/jackson-annotations-2.12.3.jar:/home/razor/.gradle/caches/modules-2/files-2.1/junit/junit/4.13.1/cdd00374f1fee76b11e2a9d127405aa3f6be5b6a/junit-4.13.1.jar:/home/razor/.gradle/caches/modules-2/files-2.1/org.springframework.boot/spring-boot-starter-validation/2.5.5/5d9a4fc7abc28d797418013787dbc6ff548d0767/spring-boot-starter-validation-2.5.5.jar:/home/razor/.gradle/caches/modules-2/files-2.1/org.springframework.boot/spring-boot-starter-test/2.5.2/226e09262316b1ff101797346b2ca56432880353/spring-boot-starter-test-2.5.2.jar:/home/razor/.gradle/caches/modules-2/files-2.1/org.springframework.boot/spring-boot-starter-data-jpa/2.5.6/8d7fe99c33e09390316749614d9795d80b49207b/spring-boot-starter-data-jpa-2.5.6.jar:/home/razor/.gradle/caches/modules-2/files-2.1/org.springframework.boot/spring-boot-starter-aop/2.5.2/1877448bb875154c2558e385f4590c648ada5f11/spring-boot-starter-aop-2.5.2.jar:/home/razor/.gradle/caches/modules-2/files-2.1/org.springframework.boot/spring-boot-starter-jdbc/2.5.2/de9142ad6a67d2ec7d58465ab8d2fcf759f24d25/spring-boot-starter-jdbc-2.5.2.jar:/home/razor/.gradle/caches/modules-2/files-2.1/org.springframework.boot/spring-boot-starter/2.5.2/5aa5345f60cd3fbca331c05015e0700553448d66/spring-boot-starter-2.5.2.jar:/home/razor/.gradle/caches/modules-2/files-2.1/com.h2database/h2/1.4.200/f7533fe7cb8e99c87a43d325a77b4b678ad9031a/h2-1.4.200.jar:/home/razor/.gradle/caches/modules-2/files-2.1/org.hamcrest/hamcrest-core/2.2/3f2bd07716a31c395e2837254f37f21f0f0ab24b/hamcrest-core-2.2.jar:/home/razor/.gradle/caches/modules-2/files-2.1/org.springframework.boot/spring-boot-test-autoconfigure/2.5.2/223f1311f59eecfd24980f9776bb39e1fef92c0e/spring-boot-test-autoconfigure-2.5.2.jar:/home/razor/.gradle/caches/modules-2/files-2.1/org.springframework.boot/spring-boot-autoconfigure/2.5.2/aa924c5d0d375f4b2b66f211704c24d40a7e647b/spring-boot-autoconfigure-2.5.2.jar:/home/razor/.gradle/caches/modules-2/files-2.1/org.springframework.boot/spring-boot-test/2.5.2/477509ac730e2fb8fe67c0d9f2d0bca21c4316df/spring-boot-test-2.5.2.jar:/home/razor/.gradle/caches/modules-2/files-2.1/org.springframework.boot/spring-boot/2.5.2/bd6dc87b5ad870dbf635d0c7d9a3006666c9e797/spring-boot-2.5.2.jar:/home/razor/.gradle/caches/modules-2/files-2.1/org.springframework.boot/spring-boot-starter-logging/2.5.2/8b94a1e350f68f8c3a7de6460e5691a84c8c157d/spring-boot-starter-logging-2.5.2.jar:/home/razor/.gradle/caches/modules-2/files-2.1/jakarta.annotation/jakarta.annotation-api/1.3.5/59eb84ee0d616332ff44aba065f3888cf002cd2d/jakarta.annotation-api-1.3.5.jar:/home/razor/.gradle/caches/modules-2/files-2.1/org.springframework.data/spring-data-jpa/2.5.2/37a27171338da87485cdf66a40596195433d1db/spring-data-jpa-2.5.2.jar:/home/razor/.gradle/caches/modules-2/files-2.1/org.springframework/spring-test/5.3.8/4ce3ee7725d4ecd13b5c52d67bb0a76173f8a34d/spring-test-5.3.8.jar:/home/razor/.gradle/caches/modules-2/files-2.1/org.springframework/spring-context/5.3.8/c367a05423e963c222e38a6a88b97d44de3880ca/spring-context-5.3.8.jar:/home/razor/.gradle/caches/modules-2/files-2.1/org.springframework/spring-aop/5.3.8/1377f80f938b1fc7eabe9e6c4f6895e77e3bec40/spring-aop-5.3.8.jar:/home/razor/.gradle/caches/modules-2/files-2.1/org.springframework/spring-orm/5.3.8/bac8889d4621f2f47ee2b118ebbddf61dd299239/spring-orm-5.3.8.jar:/home/razor/.gradle/caches/modules-2/files-2.1/org.springframework/spring-jdbc/5.3.8/cf8b7a2be3565eed94f575ae640e22d9357c7dcd/spring-jdbc-5.3.8.jar:/home/razor/.gradle/caches/modules-2/files-2.1/org.springframework.data/spring-data-commons/2.5.2/25a00968c046736667e086ed9fd254f0e26e7ffc/spring-data-commons-2.5.2.jar:/home/razor/.gradle/caches/modules-2/files-2.1/org.springframework/spring-tx/5.3.8/3202859a7e9560110f1fe8284c28feb009c6f460/spring-tx-5.3.8.jar:/home/razor/.gradle/caches/modules-2/files-2.1/org.springframework/spring-beans/5.3.8/3d66fed1eebfcd119efcabc6218c813700a21ed/spring-beans-5.3.8.jar:/home/razor/.gradle/caches/modules-2/files-2.1/org.springframework/spring-expression/5.3.8/8a14547b76cbae3aeb02739e5b38e71835a6bbd8/spring-expression-5.3.8.jar:/home/razor/.gradle/caches/modules-2/files-2.1/org.springframework/spring-core/5.3.8/da9b87dacaa5bbf80fad0f7b483988372a00a152/spring-core-5.3.8.jar:/home/razor/.gradle/caches/modules-2/files-2.1/org.yaml/snakeyaml/1.28/7cae037c3014350c923776548e71c9feb7a69259/snakeyaml-1.28.jar:/home/razor/.gradle/caches/modules-2/files-2.1/jakarta.transaction/jakarta.transaction-api/1.3.3/c4179d48720a1e87202115fbed6089bdc4195405/jakarta.transaction-api-1.3.3.jar:/home/razor/.gradle/caches/modules-2/files-2.1/jakarta.persistence/jakarta.persistence-api/2.2.3/8f6ea5daedc614f07a3654a455660145286f024e/jakarta.persistence-api-2.2.3.jar:/home/razor/.gradle/caches/modules-2/files-2.1/org.hibernate/hibernate-core/5.4.32.Final/99a5e10bf455337014c190e141ec631e9ff71663/hibernate-core-5.4.32.Final.jar:/home/razor/.gradle/caches/modules-2/files-2.1/org.springframework/spring-aspects/5.3.8/863f531cc3ea9d82d391d17c8eb33732e7a864b6/spring-aspects-5.3.8.jar:/home/razor/.gradle/caches/modules-2/files-2.1/com.fasterxml.woodstox/woodstox-core/6.2.6/d4a055af5dcadea8d1bded5b64bc7be5bb7fea95/woodstox-core-6.2.6.jar:/home/razor/.gradle/caches/modules-2/files-2.1/org.codehaus.woodstox/stax2-api/4.2.1/a3f7325c52240418c2ba257b103c3c550e140c83/stax2-api-4.2.1.jar:/home/razor/.gradle/caches/modules-2/files-2.1/org.apache.tomcat.embed/tomcat-embed-el/9.0.48/c46a092831493ccf65674cb19235625853ceb3d4/tomcat-embed-el-9.0.48.jar:/home/razor/.gradle/caches/modules-2/files-2.1/org.hibernate.validator/hibernate-validator/6.2.0.Final/d6b0760dfffbf379cedd02f715ff4c9a2e215921/hibernate-validator-6.2.0.Final.jar:/home/razor/.gradle/caches/modules-2/files-2.1/com.jayway.jsonpath/json-path/2.5.0/c35ef29095125b51638d19120f63e2b56eff20e9/json-path-2.5.0.jar:/home/razor/.gradle/caches/modules-2/files-2.1/org.glassfish.jaxb/jaxb-runtime/2.3.4/5f3828d3a345ff3d8acb83f07ba04eccf59e15bb/jaxb-runtime-2.3.4.jar:/home/razor/.gradle/caches/modules-2/files-2.1/jakarta.xml.bind/jakarta.xml.bind-api/2.3.3/48e3b9cfc10752fba3521d6511f4165bea951801/jakarta.xml.bind-api-2.3.3.jar:/home/razor/.gradle/caches/modules-2/files-2.1/org.assertj/assertj-core/3.19.0/f64cb5690b85e68d5e1e6c6152bfb6e3840a452d/assertj-core-3.19.0.jar:/home/razor/.gradle/caches/modules-2/files-2.1/org.hamcrest/hamcrest/2.2/1820c0968dba3a11a1b30669bb1f01978a91dedc/hamcrest-2.2.jar:/home/razor/.gradle/caches/modules-2/files-2.1/org.mockito/mockito-junit-jupiter/3.9.0/871745ab6af5a269411ea3c1f99ced82ed079436/mockito-junit-jupiter-3.9.0.jar:/home/razor/.gradle/caches/modules-2/files-2.1/org.junit.jupiter/junit-jupiter-params/5.7.2/685f832f8c54dd40100f646d61aca88ed9545421/junit-jupiter-params-5.7.2.jar:/home/razor/.gradle/caches/modules-2/files-2.1/org.junit.jupiter/junit-jupiter-engine/5.7.2/9415680a889f00b8205a094c5c487bc69dc7077d/junit-jupiter-engine-5.7.2.jar:/home/razor/.gradle/caches/modules-2/files-2.1/org.junit.jupiter/junit-jupiter-api/5.7.2/f4b4079732a9c537983324cfa4e46655f21d2c56/junit-jupiter-api-5.7.2.jar:/home/razor/.gradle/caches/modules-2/files-2.1/org.junit.platform/junit-platform-engine/1.7.2/2573770b46b8a199ed5f6b0f96fb99e468bfe891/junit-platform-engine-1.7.2.jar:/home/razor/.gradle/caches/modules-2/files-2.1/org.junit.platform/junit-platform-commons/1.7.2/34adfea6c13fc4a996cf38cdad80800ce850d198/junit-platform-commons-1.7.2.jar:/home/razor/.gradle/caches/modules-2/files-2.1/org.junit.jupiter/junit-jupiter/5.7.2/62faa742964a9d8dab8fdb4a0eab7b01441c171f/junit-jupiter-5.7.2.jar:/home/razor/.gradle/caches/modules-2/files-2.1/org.mockito/mockito-core/3.9.0/b7573430aea743b26434b44f4f46272af613e660/mockito-core-3.9.0.jar:/home/razor/.gradle/caches/modules-2/files-2.1/org.skyscreamer/jsonassert/1.5.0/6c9d5fe2f59da598d9aefc1cfc6528ff3cf32df3/jsonassert-1.5.0.jar:/home/razor/.gradle/caches/modules-2/files-2.1/org.xmlunit/xmlunit-core/2.8.2/8e4e46b87afaaf9b6cfb8de778e473cf7aeb087f/xmlunit-core-2.8.2.jar:/home/razor/.gradle/caches/modules-2/files-2.1/ch.qos.logback/logback-classic/1.2.3/7c4f3c474fb2c041d8028740440937705ebb473a/logback-classic-1.2.3.jar:/home/razor/.gradle/caches/modules-2/files-2.1/org.apache.logging.log4j/log4j-to-slf4j/2.14.1/ce8a86a3f50a4304749828ce68e7478cafbc8039/log4j-to-slf4j-2.14.1.jar:/home/razor/.gradle/caches/modules-2/files-2.1/org.slf4j/jul-to-slf4j/1.7.31/f9ff62d83a25a94c1619de06d4015e2797bc849c/jul-to-slf4j-1.7.31.jar:/home/razor/.gradle/caches/modules-2/files-2.1/org.springframework/spring-jcl/5.3.8/a143c8618eb2be8674c3cf132d9a5c953bb5488/spring-jcl-5.3.8.jar:/home/razor/.gradle/caches/modules-2/files-2.1/org.aspectj/aspectjweaver/1.9.6/ee3b73aa16df35179255f17354d9dfd8e7822835/aspectjweaver-1.9.6.jar:/home/razor/.gradle/caches/modules-2/files-2.1/com.zaxxer/HikariCP/4.0.3/107cbdf0db6780a065f895ae9d8fbf3bb0e1c21f/HikariCP-4.0.3.jar:/home/razor/.gradle/caches/modules-2/files-2.1/org.hibernate.common/hibernate-commons-annotations/5.1.2.Final/e59ffdbc6ad09eeb33507b39ffcf287679a498c8/hibernate-commons-annotations-5.1.2.Final.jar:/home/razor/.gradle/caches/modules-2/files-2.1/org.jboss.logging/jboss-logging/3.4.2.Final/e517b8a93dd9962ed5481345e4d262fdd47c4217/jboss-logging-3.4.2.Final.jar:/home/razor/.gradle/caches/modules-2/files-2.1/org.javassist/javassist/3.27.0-GA/f63e6aa899e15eca8fdaa402a79af4c417252213/javassist-3.27.0-GA.jar:/home/razor/.gradle/caches/modules-2/files-2.1/net.bytebuddy/byte-buddy/1.10.22/ef45d7e2cd1c600d279704f492ed5ce2ceb6cdb5/byte-buddy-1.10.22.jar:/home/razor/.gradle/caches/modules-2/files-2.1/antlr/antlr/2.7.7/83cd2cd674a217ade95a4bb83a8a14f351f48bd0/antlr-2.7.7.jar:/home/razor/.gradle/caches/modules-2/files-2.1/org.jboss/jandex/2.2.3.Final/d3865101f0666b63586683bd811d754517f331ab/jandex-2.2.3.Final.jar:/home/razor/.gradle/caches/modules-2/files-2.1/com.fasterxml/classmate/1.5.1/3fe0bed568c62df5e89f4f174c101eab25345b6c/classmate-1.5.1.jar:/home/razor/.gradle/caches/modules-2/files-2.1/org.dom4j/dom4j/2.1.3/a75914155a9f5808963170ec20653668a2ffd2fd/dom4j-2.1.3.jar:/home/razor/.gradle/caches/modules-2/files-2.1/org.slf4j/slf4j-api/1.7.31/9545c9cb71de4c18d97a91e32ef0be6f3f6661b7/slf4j-api-1.7.31.jar:/home/razor/.gradle/caches/modules-2/files-2.1/jakarta.validation/jakarta.validation-api/2.0.2/5eacc6522521f7eacb081f95cee1e231648461e7/jakarta.validation-api-2.0.2.jar:/home/razor/.gradle/caches/modules-2/files-2.1/net.minidev/json-smart/2.4.7/8d7f4c1530c07c54930935f3da85f48b83b3c109/json-smart-2.4.7.jar:/home/razor/.gradle/caches/modules-2/files-2.1/jakarta.activation/jakarta.activation-api/1.2.2/99f53adba383cb1bf7c3862844488574b559621f/jakarta.activation-api-1.2.2.jar:/home/razor/.gradle/caches/modules-2/files-2.1/net.bytebuddy/byte-buddy-agent/1.10.22/b01df6b71a882b9fde5a608a26e641cd399a4d83/byte-buddy-agent-1.10.22.jar:/home/razor/.gradle/caches/modules-2/files-2.1/org.objenesis/objenesis/3.2/7fadf57620c8b8abdf7519533e5527367cb51f09/objenesis-3.2.jar:/home/razor/.gradle/caches/modules-2/files-2.1/com.vaadin.external.google/android-json/0.0.20131108.vaadin1/fa26d351fe62a6a17f5cda1287c1c6110dec413f/android-json-0.0.20131108.vaadin1.jar:/home/razor/.gradle/caches/modules-2/files-2.1/ch.qos.logback/logback-core/1.2.3/864344400c3d4d92dfeb0a305dc87d953677c03c/logback-core-1.2.3.jar:/home/razor/.gradle/caches/modules-2/files-2.1/org.apache.logging.log4j/log4j-api/2.14.1/cd8858fbbde69f46bce8db1152c18a43328aae78/log4j-api-2.14.1.jar:/home/razor/.gradle/caches/modules-2/files-2.1/org.glassfish.jaxb/txw2/2.3.4/257fa649d3137a1060d222aefb96b7d1dd5f1286/txw2-2.3.4.jar:/home/razor/.gradle/caches/modules-2/files-2.1/com.sun.istack/istack-commons-runtime/3.0.12/cbbe1a62b0cc6c85972e99d52aaee350153dc530/istack-commons-runtime-3.0.12.jar:/home/razor/.gradle/caches/modules-2/files-2.1/com.sun.activation/jakarta.activation/1.2.2/74548703f9851017ce2f556066659438019e7eb5/jakarta.activation-1.2.2.jar:/home/razor/.gradle/caches/modules-2/files-2.1/net.minidev/accessors-smart/2.4.7/3970cfc505e6657ca60f3aa57c849f6043000d7a/accessors-smart-2.4.7.jar:/home/razor/.gradle/caches/modules-2/files-2.1/org.apiguardian/apiguardian-api/1.1.0/fc9dff4bb36d627bdc553de77e1f17efd790876c/apiguardian-api-1.1.0.jar:/home/razor/.gradle/caches/modules-2/files-2.1/org.opentest4j/opentest4j/1.2.0/28c11eb91f9b6d8e200631d46e20a7f407f2a046/opentest4j-1.2.0.jar:/home/razor/.gradle/caches/modules-2/files-2.1/org.ow2.asm/asm/9.1/a99500cf6eea30535eeac6be73899d048f8d12a8/asm-9.1.jar, java.vm.vendor=Private Build, sun.arch.data.model=64, user.variant=, java.vendor.url=Unknown, user.timezone=Europe/Minsk, java.vm.specification.version=13, os.name=Linux, hibernate.generate_statistics=true, javax.persistence.validation.mode=AUTO, user.country=US, sun.java.launcher=SUN_STANDARD, sun.boot.library.path=/usr/lib/jvm/java-13-openjdk-amd64/lib, sun.java.command=worker.org.gradle.process.internal.worker.GradleWorkerMain 'Gradle Test Executor 10', javax.persistence.nonJtaDataSource=org.springframework.jdbc.datasource.DriverManagerDataSource@1a5e49fc, javax.persistence.sharedCache.mode=UNSPECIFIED, jdk.debug=release, sun.cpu.endian=little, user.home=/home/razor, user.language=en, java.specification.vendor=Oracle Corporation, org.gradle.native=false, java.version.date=2021-04-20, java.home=/usr/lib/jvm/java-13-openjdk-amd64, file.separator=/, java.vm.compressedOopsMode=32-bit, line.separator=
, java.vm.specification.vendor=Oracle Corporation, java.specification.name=Java Platform API Specification, hibernate.transaction.coordinator_class=class org.hibernate.resource.transaction.backend.jdbc.internal.JdbcResourceLocalTransactionCoordinatorBuilderImpl, hibernate.hbm2ddl.auto=update, sun.management.compiler=HotSpot 64-Bit Tiered Compilers, java.runtime.version=13.0.7+5-Ubuntu-0ubuntu120.04, user.name=razor, path.separator=:, os.version=5.4.0-89-generic, java.runtime.name=OpenJDK Runtime Environment, file.encoding=UTF-8, hibernate.ejb.persistenceUnitName=default, java.vm.name=OpenJDK 64-Bit Server VM, hibernate.show_sql=true, java.vendor.url.bug=Unknown, java.io.tmpdir=/tmp, java.version=13.0.7, user.dir=/home/razor/Lab/task3/ThirdModule/core, os.arch=amd64, java.vm.specification.name=Java Virtual Machine Specification, org.gradle.internal.worker.tmpdir=/home/razor/Lab/task3/ThirdModule/core/build/tmp/test/work, hibernate.boot.CfgXmlAccessService.key=org.hibernate.boot.registry.StandardServiceRegistryBuilder$1@589c1a65, java.library.path=/usr/java/packages/lib:/usr/lib/x86_64-linux-gnu/jni:/lib/x86_64-linux-gnu:/usr/lib/x86_64-linux-gnu:/usr/lib/jni:/lib:/usr/lib, java.vendor=Private Build, java.vm.info=mixed mode, java.vm.version=13.0.7+5-Ubuntu-0ubuntu120.04, hibernate.bytecode.use_reflection_optimizer=false, sun.io.unicode.encoding=UnicodeLittle, hibernate.connection.datasource=org.springframework.jdbc.datasource.DriverManagerDataSource@1a5e49fc, java.class.version=57.0}
03:14:14.402 [Test worker] INFO org.hibernate.validator.internal.util.Version - HV000001: Hibernate Validator 6.2.0.Final
03:14:14.406 [Test worker] DEBUG org.hibernate.validator.internal.xml.config.ValidationXmlParser - Trying to load META-INF/validation.xml for XML based Validator configuration.
03:14:14.407 [Test worker] DEBUG org.hibernate.validator.internal.xml.config.ResourceLoaderHelper - Trying to load META-INF/validation.xml via TCCL
03:14:14.407 [Test worker] DEBUG org.hibernate.validator.internal.xml.config.ResourceLoaderHelper - Trying to load META-INF/validation.xml via Hibernate Validator's class loader
03:14:14.407 [Test worker] DEBUG org.hibernate.validator.internal.xml.config.ValidationXmlParser - No META-INF/validation.xml found. Using annotation based configuration only.
03:14:14.412 [Test worker] DEBUG org.hibernate.validator.internal.engine.resolver.TraversableResolvers - Found javax.persistence.Persistence on classpath containing 'getPersistenceUtil'. Assuming JPA 2 environment. Trying to instantiate JPA aware TraversableResolver
03:14:14.412 [Test worker] DEBUG org.hibernate.validator.internal.engine.resolver.TraversableResolvers - Instantiated JPA aware TraversableResolver of type org.hibernate.validator.internal.engine.resolver.JPATraversableResolver.
03:14:14.433 [Test worker] DEBUG org.hibernate.validator.messageinterpolation.ResourceBundleMessageInterpolator - Loaded expression factory via original TCCL
03:14:14.497 [Test worker] DEBUG org.hibernate.validator.internal.engine.ValidatorFactoryConfigurationHelper - HV000252: Using org.hibernate.validator.internal.engine.DefaultPropertyNodeNameProvider as property node name provider.
03:14:14.501 [Test worker] DEBUG org.hibernate.validator.internal.engine.ValidatorFactoryConfigurationHelper - HV000234: Using org.hibernate.validator.messageinterpolation.ResourceBundleMessageInterpolator as ValidatorFactory-scoped message interpolator.
03:14:14.501 [Test worker] DEBUG org.hibernate.validator.internal.engine.ValidatorFactoryConfigurationHelper - HV000234: Using org.hibernate.validator.internal.engine.resolver.JPATraversableResolver as ValidatorFactory-scoped traversable resolver.
03:14:14.501 [Test worker] DEBUG org.hibernate.validator.internal.engine.ValidatorFactoryConfigurationHelper - HV000234: Using org.hibernate.validator.internal.util.ExecutableParameterNameProvider as ValidatorFactory-scoped parameter name provider.
03:14:14.501 [Test worker] DEBUG org.hibernate.validator.internal.engine.ValidatorFactoryConfigurationHelper - HV000234: Using org.hibernate.validator.internal.engine.DefaultClockProvider as ValidatorFactory-scoped clock provider.
03:14:14.501 [Test worker] DEBUG org.hibernate.validator.internal.engine.ValidatorFactoryConfigurationHelper - HV000234: Using org.hibernate.validator.internal.engine.scripting.DefaultScriptEvaluatorFactory as ValidatorFactory-scoped script evaluator factory.
03:14:14.502 [Test worker] DEBUG org.hibernate.boot.internal.ClassLoaderAccessImpl - Not known whether passed class name [com.epam.esm.model.entity.CertificateEntity] is safe
03:14:14.502 [Test worker] DEBUG org.hibernate.boot.internal.ClassLoaderAccessImpl - No temp ClassLoader provided; using live ClassLoader for loading potentially unsafe class : com.epam.esm.model.entity.CertificateEntity
03:14:14.554 [Test worker] DEBUG org.hibernate.boot.internal.ClassLoaderAccessImpl - Not known whether passed class name [com.epam.esm.model.entity.TagEntity] is safe
03:14:14.554 [Test worker] DEBUG org.hibernate.boot.internal.ClassLoaderAccessImpl - No temp ClassLoader provided; using live ClassLoader for loading potentially unsafe class : com.epam.esm.model.entity.TagEntity
03:14:14.556 [Test worker] DEBUG org.hibernate.boot.internal.ClassLoaderAccessImpl - Not known whether passed class name [com.epam.esm.model.entity.UserEntity] is safe
03:14:14.557 [Test worker] DEBUG org.hibernate.boot.internal.ClassLoaderAccessImpl - No temp ClassLoader provided; using live ClassLoader for loading potentially unsafe class : com.epam.esm.model.entity.UserEntity
03:14:14.560 [Test worker] DEBUG org.hibernate.boot.internal.ClassLoaderAccessImpl - Not known whether passed class name [com.epam.esm.model.entity.OrderEntity] is safe
03:14:14.560 [Test worker] DEBUG org.hibernate.boot.internal.ClassLoaderAccessImpl - No temp ClassLoader provided; using live ClassLoader for loading potentially unsafe class : com.epam.esm.model.entity.OrderEntity
03:14:14.566 [Test worker] DEBUG org.hibernate.secure.spi.JaccIntegrator - Skipping JACC integration as it was not enabled
03:14:14.567 [Test worker] DEBUG org.hibernate.internal.SessionFactoryImpl - Instantiated session factory
03:14:14.567 [Test worker] DEBUG org.hibernate.type.spi.TypeConfiguration$Scope - Scoping TypeConfiguration [org.hibernate.type.spi.TypeConfiguration@3bbb1909] to SessionFactoryImpl [org.hibernate.internal.SessionFactoryImpl@79a8aa95]
03:14:14.605 [Test worker] DEBUG org.hibernate.boot.internal.ClassLoaderAccessImpl - Not known whether passed class name [com.epam.esm.model.entity.CertificateEntity] is safe
03:14:14.606 [Test worker] DEBUG org.hibernate.boot.internal.ClassLoaderAccessImpl - No temp ClassLoader provided; using live ClassLoader for loading potentially unsafe class : com.epam.esm.model.entity.CertificateEntity
03:14:14.763 [Test worker] DEBUG org.hibernate.boot.internal.ClassLoaderAccessImpl - Not known whether passed class name [com.epam.esm.model.entity.TagEntity] is safe
03:14:14.763 [Test worker] DEBUG org.hibernate.boot.internal.ClassLoaderAccessImpl - No temp ClassLoader provided; using live ClassLoader for loading potentially unsafe class : com.epam.esm.model.entity.TagEntity
03:14:14.772 [Test worker] DEBUG org.hibernate.boot.internal.ClassLoaderAccessImpl - Not known whether passed class name [com.epam.esm.model.entity.UserEntity] is safe
03:14:14.772 [Test worker] DEBUG org.hibernate.boot.internal.ClassLoaderAccessImpl - No temp ClassLoader provided; using live ClassLoader for loading potentially unsafe class : com.epam.esm.model.entity.UserEntity
03:14:14.782 [Test worker] DEBUG org.hibernate.boot.internal.ClassLoaderAccessImpl - Not known whether passed class name [com.epam.esm.model.entity.OrderEntity] is safe
03:14:14.782 [Test worker] DEBUG org.hibernate.boot.internal.ClassLoaderAccessImpl - No temp ClassLoader provided; using live ClassLoader for loading potentially unsafe class : com.epam.esm.model.entity.OrderEntity
03:14:14.801 [Test worker] DEBUG org.hibernate.persister.collection.AbstractCollectionPersister - Static SQL for collection: com.epam.esm.model.entity.OrderEntity.certificateEntities
03:14:14.801 [Test worker] DEBUG org.hibernate.persister.collection.AbstractCollectionPersister -  Row insert: insert into OrderEntity_CertificateEntity (OrderEntity_id, certificateEntities_id) values (?, ?)
03:14:14.801 [Test worker] DEBUG org.hibernate.persister.collection.AbstractCollectionPersister -  Row update: update OrderEntity_CertificateEntity set certificateEntities_id=? where OrderEntity_id=? and certificateEntities_id=?
03:14:14.801 [Test worker] DEBUG org.hibernate.persister.collection.AbstractCollectionPersister -  Row delete: delete from OrderEntity_CertificateEntity where OrderEntity_id=? and certificateEntities_id=?
03:14:14.801 [Test worker] DEBUG org.hibernate.persister.collection.AbstractCollectionPersister -  One-shot delete: delete from OrderEntity_CertificateEntity where OrderEntity_id=?
03:14:14.801 [Test worker] DEBUG org.hibernate.persister.collection.AbstractCollectionPersister - Static SQL for collection: com.epam.esm.model.entity.CertificateEntity.tagEntities
03:14:14.801 [Test worker] DEBUG org.hibernate.persister.collection.AbstractCollectionPersister -  Row insert: insert into CertificateEntity_TagEntity (CertificateEntity_id, tagEntities_id) values (?, ?)
03:14:14.802 [Test worker] DEBUG org.hibernate.persister.collection.AbstractCollectionPersister -  Row update: update CertificateEntity_TagEntity set tagEntities_id=? where CertificateEntity_id=? and tagEntities_id=?
03:14:14.802 [Test worker] DEBUG org.hibernate.persister.collection.AbstractCollectionPersister -  Row delete: delete from CertificateEntity_TagEntity where CertificateEntity_id=? and tagEntities_id=?
03:14:14.802 [Test worker] DEBUG org.hibernate.persister.collection.AbstractCollectionPersister -  One-shot delete: delete from CertificateEntity_TagEntity where CertificateEntity_id=?
03:14:14.803 [Test worker] DEBUG org.hibernate.persister.collection.AbstractCollectionPersister - Static SQL for collection: com.epam.esm.model.entity.UserEntity.orderEntities
03:14:14.803 [Test worker] DEBUG org.hibernate.persister.collection.AbstractCollectionPersister -  Row insert: update OrderEntity set owner_id=? where id=?
03:14:14.803 [Test worker] DEBUG org.hibernate.persister.collection.AbstractCollectionPersister -  Row update: update OrderEntity set  where id=?
03:14:14.803 [Test worker] DEBUG org.hibernate.persister.collection.AbstractCollectionPersister -  Row delete: update OrderEntity set owner_id=null where owner_id=? and id=?
03:14:14.803 [Test worker] DEBUG org.hibernate.persister.collection.AbstractCollectionPersister -  One-shot delete: update OrderEntity set owner_id=null where owner_id=?
03:14:14.806 [Test worker] DEBUG org.hibernate.persister.entity.AbstractEntityPersister - Static SQL for entity: com.epam.esm.model.entity.CertificateEntity
03:14:14.807 [Test worker] DEBUG org.hibernate.persister.entity.AbstractEntityPersister -  Version select: select id from CertificateEntity where id =?
03:14:14.807 [Test worker] DEBUG org.hibernate.persister.entity.AbstractEntityPersister -  Snapshot select: select certificat_.id, certificat_.createDate as createda2_0_, certificat_.description as descript3_0_, certificat_.duration as duration4_0_, certificat_.lastUpdateDate as lastupda5_0_, certificat_.name as name6_0_, certificat_.price as price7_0_ from CertificateEntity certificat_ where certificat_.id=?
03:14:14.807 [Test worker] DEBUG org.hibernate.persister.entity.AbstractEntityPersister -  Insert 0: insert into CertificateEntity (createDate, description, duration, lastUpdateDate, name, price, id) values (?, ?, ?, ?, ?, ?, ?)
03:14:14.807 [Test worker] DEBUG org.hibernate.persister.entity.AbstractEntityPersister -  Update 0: update CertificateEntity set createDate=?, description=?, duration=?, lastUpdateDate=?, name=?, price=? where id=?
03:14:14.807 [Test worker] DEBUG org.hibernate.persister.entity.AbstractEntityPersister -  Delete 0: delete from CertificateEntity where id=?
03:14:14.807 [Test worker] DEBUG org.hibernate.persister.entity.AbstractEntityPersister -  Identity insert: insert into CertificateEntity (id, createDate, description, duration, lastUpdateDate, name, price) values (null, ?, ?, ?, ?, ?, ?)
03:14:14.828 [Test worker] DEBUG org.hibernate.loader.plan.build.internal.spaces.QuerySpacesImpl - Adding QuerySpace : uid = <gen:0> -> org.hibernate.loader.plan.build.internal.spaces.EntityQuerySpaceImpl@53d65e12]
03:14:14.829 [Test worker] DEBUG org.hibernate.persister.walking.spi.MetamodelGraphWalker - Visiting attribute path : createDate
03:14:14.830 [Test worker] DEBUG org.hibernate.persister.walking.spi.MetamodelGraphWalker - Visiting attribute path : description
03:14:14.830 [Test worker] DEBUG org.hibernate.persister.walking.spi.MetamodelGraphWalker - Visiting attribute path : duration
03:14:14.832 [Test worker] DEBUG org.hibernate.persister.walking.spi.MetamodelGraphWalker - Visiting attribute path : lastUpdateDate
03:14:14.832 [Test worker] DEBUG org.hibernate.persister.walking.spi.MetamodelGraphWalker - Visiting attribute path : name
03:14:14.832 [Test worker] DEBUG org.hibernate.persister.walking.spi.MetamodelGraphWalker - Visiting attribute path : price
03:14:14.832 [Test worker] DEBUG org.hibernate.persister.walking.spi.MetamodelGraphWalker - Visiting attribute path : tagEntities
03:14:14.835 [Test worker] DEBUG org.hibernate.loader.plan.build.internal.spaces.QuerySpacesImpl - Adding QuerySpace : uid = <gen:1> -> org.hibernate.loader.plan.build.internal.spaces.CollectionQuerySpaceImpl@7ab4e8ef]
03:14:14.837 [Test worker] DEBUG org.hibernate.loader.plan.build.internal.spaces.QuerySpacesImpl - Adding QuerySpace : uid = <gen:2> -> org.hibernate.loader.plan.build.internal.spaces.EntityQuerySpaceImpl@364045bd]
03:14:14.838 [Test worker] DEBUG org.hibernate.persister.walking.spi.MetamodelGraphWalker - Visiting attribute path : tagEntities.name
03:14:14.838 [Test worker] DEBUG org.hibernate.loader.plan.build.internal.FetchStyleLoadPlanBuildingAssociationVisitationStrategy - Building LoadPlan...
03:14:14.845 [Test worker] DEBUG org.hibernate.loader.plan.exec.internal.LoadQueryJoinAndFetchProcessor - processing queryspace <gen:0>
03:14:14.851 [Test worker] DEBUG org.hibernate.loader.plan.build.spi.LoadPlanTreePrinter - LoadPlan(entity=com.epam.esm.model.entity.CertificateEntity)
    - Returns
       - EntityReturnImpl(entity=com.epam.esm.model.entity.CertificateEntity, querySpaceUid=<gen:0>, path=com.epam.esm.model.entity.CertificateEntity)
          - CollectionAttributeFetchImpl(collection=com.epam.esm.model.entity.CertificateEntity.tagEntities, querySpaceUid=<gen:1>, path=com.epam.esm.model.entity.CertificateEntity.tagEntities)
             - (collection element) CollectionFetchableElementEntityGraph(entity=com.epam.esm.model.entity.TagEntity, querySpaceUid=<gen:2>, path=com.epam.esm.model.entity.CertificateEntity.tagEntities.<elements>)
    - QuerySpaces
       - EntityQuerySpaceImpl(uid=<gen:0>, entity=com.epam.esm.model.entity.CertificateEntity)
          - SQL table alias mapping - certificat0_
          - alias suffix - 0_
          - suffixed key columns - {id1_0_0_}
          - JOIN (JoinDefinedByMetadata(tagEntities)) : <gen:0> -> <gen:1>
             - CollectionQuerySpaceImpl(uid=<gen:1>, collection=com.epam.esm.model.entity.CertificateEntity.tagEntities)
                - SQL table alias mapping - tagentitie1_
                - alias suffix - 1_
                - suffixed key columns - {certific1_1_1_}
                - entity-element alias suffix - 2_
                - 2_entity-element suffixed key columns - id1_4_2_
                - JOIN (JoinDefinedByMetadata(elements)) : <gen:1> -> <gen:2>
                   - EntityQuerySpaceImpl(uid=<gen:2>, entity=com.epam.esm.model.entity.TagEntity)
                      - SQL table alias mapping - tagentity2_
                      - alias suffix - 2_
                      - suffixed key columns - {id1_4_2_}

03:14:14.853 [Test worker] DEBUG org.hibernate.loader.entity.plan.EntityLoader - Static select for entity com.epam.esm.model.entity.CertificateEntity [NONE]: select certificat0_.id as id1_0_0_, certificat0_.createDate as createda2_0_0_, certificat0_.description as descript3_0_0_, certificat0_.duration as duration4_0_0_, certificat0_.lastUpdateDate as lastupda5_0_0_, certificat0_.name as name6_0_0_, certificat0_.price as price7_0_0_, tagentitie1_.CertificateEntity_id as certific1_1_1_, tagentity2_.id as tagentit2_1_1_, tagentity2_.id as id1_4_2_, tagentity2_.name as name2_4_2_ from CertificateEntity certificat0_ left outer join CertificateEntity_TagEntity tagentitie1_ on certificat0_.id=tagentitie1_.CertificateEntity_id left outer join TagEntity tagentity2_ on tagentitie1_.tagEntities_id=tagentity2_.id where certificat0_.id=?
03:14:14.853 [Test worker] DEBUG org.hibernate.persister.entity.AbstractEntityPersister - Static SQL for entity: com.epam.esm.model.entity.TagEntity
03:14:14.853 [Test worker] DEBUG org.hibernate.persister.entity.AbstractEntityPersister -  Version select: select id from TagEntity where id =?
03:14:14.853 [Test worker] DEBUG org.hibernate.persister.entity.AbstractEntityPersister -  Snapshot select: select tagentity_.id, tagentity_.name as name2_4_ from TagEntity tagentity_ where tagentity_.id=?
03:14:14.854 [Test worker] DEBUG org.hibernate.persister.entity.AbstractEntityPersister -  Insert 0: insert into TagEntity (name, id) values (?, ?)
03:14:14.854 [Test worker] DEBUG org.hibernate.persister.entity.AbstractEntityPersister -  Update 0: update TagEntity set name=? where id=?
03:14:14.854 [Test worker] DEBUG org.hibernate.persister.entity.AbstractEntityPersister -  Delete 0: delete from TagEntity where id=?
03:14:14.854 [Test worker] DEBUG org.hibernate.persister.entity.AbstractEntityPersister -  Identity insert: insert into TagEntity (id, name) values (null, ?)
03:14:14.854 [Test worker] DEBUG org.hibernate.loader.plan.build.internal.spaces.QuerySpacesImpl - Adding QuerySpace : uid = <gen:0> -> org.hibernate.loader.plan.build.internal.spaces.EntityQuerySpaceImpl@553458a2]
03:14:14.854 [Test worker] DEBUG org.hibernate.persister.walking.spi.MetamodelGraphWalker - Visiting attribute path : name
03:14:14.854 [Test worker] DEBUG org.hibernate.loader.plan.build.internal.FetchStyleLoadPlanBuildingAssociationVisitationStrategy - Building LoadPlan...
03:14:14.854 [Test worker] DEBUG org.hibernate.loader.plan.exec.internal.LoadQueryJoinAndFetchProcessor - processing queryspace <gen:0>
03:14:14.854 [Test worker] DEBUG org.hibernate.loader.plan.build.spi.LoadPlanTreePrinter - LoadPlan(entity=com.epam.esm.model.entity.TagEntity)
    - Returns
       - EntityReturnImpl(entity=com.epam.esm.model.entity.TagEntity, querySpaceUid=<gen:0>, path=com.epam.esm.model.entity.TagEntity)
    - QuerySpaces
       - EntityQuerySpaceImpl(uid=<gen:0>, entity=com.epam.esm.model.entity.TagEntity)
          - SQL table alias mapping - tagentity0_
          - alias suffix - 0_
          - suffixed key columns - {id1_4_0_}

03:14:14.855 [Test worker] DEBUG org.hibernate.loader.entity.plan.EntityLoader - Static select for entity com.epam.esm.model.entity.TagEntity [NONE]: select tagentity0_.id as id1_4_0_, tagentity0_.name as name2_4_0_ from TagEntity tagentity0_ where tagentity0_.id=?
03:14:14.855 [Test worker] DEBUG org.hibernate.persister.entity.AbstractEntityPersister - Static SQL for entity: com.epam.esm.model.entity.UserEntity
03:14:14.855 [Test worker] DEBUG org.hibernate.persister.entity.AbstractEntityPersister -  Version select: select id from UserEntity where id =?
03:14:14.855 [Test worker] DEBUG org.hibernate.persister.entity.AbstractEntityPersister -  Snapshot select: select userentity_.id, userentity_.username as username2_5_ from UserEntity userentity_ where userentity_.id=?
03:14:14.855 [Test worker] DEBUG org.hibernate.persister.entity.AbstractEntityPersister -  Insert 0: insert into UserEntity (username, id) values (?, ?)
03:14:14.855 [Test worker] DEBUG org.hibernate.persister.entity.AbstractEntityPersister -  Update 0: update UserEntity set username=? where id=?
03:14:14.855 [Test worker] DEBUG org.hibernate.persister.entity.AbstractEntityPersister -  Delete 0: delete from UserEntity where id=?
03:14:14.855 [Test worker] DEBUG org.hibernate.persister.entity.AbstractEntityPersister -  Identity insert: insert into UserEntity (id, username) values (null, ?)
03:14:14.855 [Test worker] DEBUG org.hibernate.loader.plan.build.internal.spaces.QuerySpacesImpl - Adding QuerySpace : uid = <gen:0> -> org.hibernate.loader.plan.build.internal.spaces.EntityQuerySpaceImpl@7fb5c14f]
03:14:14.855 [Test worker] DEBUG org.hibernate.persister.walking.spi.MetamodelGraphWalker - Visiting attribute path : orderEntities
03:14:14.855 [Test worker] DEBUG org.hibernate.loader.plan.build.internal.spaces.QuerySpacesImpl - Adding QuerySpace : uid = <gen:1> -> org.hibernate.loader.plan.build.internal.spaces.CollectionQuerySpaceImpl@582e55e3]
03:14:14.856 [Test worker] DEBUG org.hibernate.loader.plan.build.internal.spaces.QuerySpacesImpl - Adding QuerySpace : uid = <gen:2> -> org.hibernate.loader.plan.build.internal.spaces.EntityQuerySpaceImpl@26bd17f2]
03:14:14.856 [Test worker] DEBUG org.hibernate.persister.walking.spi.MetamodelGraphWalker - Visiting attribute path : orderEntities.certificateEntities
03:14:14.856 [Test worker] DEBUG org.hibernate.loader.plan.build.internal.spaces.QuerySpacesImpl - Adding QuerySpace : uid = <gen:3> -> org.hibernate.loader.plan.build.internal.spaces.CollectionQuerySpaceImpl@35f73a99]
03:14:14.856 [Test worker] DEBUG org.hibernate.loader.plan.build.internal.spaces.QuerySpacesImpl - Adding QuerySpace : uid = <gen:4> -> org.hibernate.loader.plan.build.internal.spaces.EntityQuerySpaceImpl@7b3ba952]
03:14:14.856 [Test worker] DEBUG org.hibernate.persister.walking.spi.MetamodelGraphWalker - Visiting attribute path : orderEntities.owner
03:14:14.856 [Test worker] DEBUG org.hibernate.persister.walking.spi.MetamodelGraphWalker - Property path deemed to be circular : orderEntities.owner
03:14:14.857 [Test worker] DEBUG org.hibernate.persister.walking.spi.MetamodelGraphWalker - Visiting attribute path : orderEntities.purchaseDate
03:14:14.857 [Test worker] DEBUG org.hibernate.persister.walking.spi.MetamodelGraphWalker - Visiting attribute path : orderEntities.summary
03:14:14.857 [Test worker] DEBUG org.hibernate.persister.walking.spi.MetamodelGraphWalker - Visiting attribute path : username
03:14:14.857 [Test worker] DEBUG org.hibernate.loader.plan.build.internal.FetchStyleLoadPlanBuildingAssociationVisitationStrategy - Building LoadPlan...
03:14:14.857 [Test worker] DEBUG org.hibernate.loader.plan.exec.internal.LoadQueryJoinAndFetchProcessor - processing queryspace <gen:0>
03:14:14.858 [Test worker] DEBUG org.hibernate.loader.plan.build.spi.LoadPlanTreePrinter - LoadPlan(entity=com.epam.esm.model.entity.UserEntity)
    - Returns
       - EntityReturnImpl(entity=com.epam.esm.model.entity.UserEntity, querySpaceUid=<gen:0>, path=com.epam.esm.model.entity.UserEntity)
          - CollectionAttributeFetchImpl(collection=com.epam.esm.model.entity.UserEntity.orderEntities, querySpaceUid=<gen:1>, path=com.epam.esm.model.entity.UserEntity.orderEntities)
             - (collection element) CollectionFetchableElementEntityGraph(entity=com.epam.esm.model.entity.OrderEntity, querySpaceUid=<gen:2>, path=com.epam.esm.model.entity.UserEntity.orderEntities.<elements>)
                - CollectionAttributeFetchImpl(collection=com.epam.esm.model.entity.OrderEntity.certificateEntities, querySpaceUid=<gen:3>, path=com.epam.esm.model.entity.UserEntity.orderEntities.<elements>.certificateEntities)
                   - (collection element) CollectionFetchableElementEntityGraph(entity=com.epam.esm.model.entity.CertificateEntity, querySpaceUid=<gen:4>, path=com.epam.esm.model.entity.UserEntity.orderEntities.<elements>.certificateEntities.<elements>)
    - QuerySpaces
       - EntityQuerySpaceImpl(uid=<gen:0>, entity=com.epam.esm.model.entity.UserEntity)
          - SQL table alias mapping - userentity0_
          - alias suffix - 0_
          - suffixed key columns - {id1_5_0_}
          - JOIN (JoinDefinedByMetadata(orderEntities)) : <gen:0> -> <gen:1>
             - CollectionQuerySpaceImpl(uid=<gen:1>, collection=com.epam.esm.model.entity.UserEntity.orderEntities)
                - SQL table alias mapping - orderentit1_
                - alias suffix - 1_
                - suffixed key columns - {owner_id4_2_1_}
                - entity-element alias suffix - 2_
                - 2_entity-element suffixed key columns - id1_2_2_
                - JOIN (JoinDefinedByMetadata(elements)) : <gen:1> -> <gen:2>
                   - EntityQuerySpaceImpl(uid=<gen:2>, entity=com.epam.esm.model.entity.OrderEntity)
                      - SQL table alias mapping - orderentit1_
                      - alias suffix - 2_
                      - suffixed key columns - {id1_2_2_}

03:14:14.858 [Test worker] DEBUG org.hibernate.loader.entity.plan.EntityLoader - Static select for entity com.epam.esm.model.entity.UserEntity [NONE]: select userentity0_.id as id1_5_0_, userentity0_.username as username2_5_0_, orderentit1_.owner_id as owner_id4_2_1_, orderentit1_.id as id1_2_1_, orderentit1_.id as id1_2_2_, orderentit1_.owner_id as owner_id4_2_2_, orderentit1_.purchaseDate as purchase2_2_2_, orderentit1_.summary as summary3_2_2_ from UserEntity userentity0_ left outer join OrderEntity orderentit1_ on userentity0_.id=orderentit1_.owner_id where userentity0_.id=?
03:14:14.859 [Test worker] DEBUG org.hibernate.persister.entity.AbstractEntityPersister - Static SQL for entity: com.epam.esm.model.entity.OrderEntity
03:14:14.859 [Test worker] DEBUG org.hibernate.persister.entity.AbstractEntityPersister -  Version select: select id from OrderEntity where id =?
03:14:14.859 [Test worker] DEBUG org.hibernate.persister.entity.AbstractEntityPersister -  Snapshot select: select orderentit_.id, orderentit_.owner_id as owner_id4_2_, orderentit_.purchaseDate as purchase2_2_, orderentit_.summary as summary3_2_ from OrderEntity orderentit_ where orderentit_.id=?
03:14:14.859 [Test worker] DEBUG org.hibernate.persister.entity.AbstractEntityPersister -  Insert 0: insert into OrderEntity (owner_id, purchaseDate, summary, id) values (?, ?, ?, ?)
03:14:14.859 [Test worker] DEBUG org.hibernate.persister.entity.AbstractEntityPersister -  Update 0: update OrderEntity set owner_id=?, purchaseDate=?, summary=? where id=?
03:14:14.859 [Test worker] DEBUG org.hibernate.persister.entity.AbstractEntityPersister -  Delete 0: delete from OrderEntity where id=?
03:14:14.859 [Test worker] DEBUG org.hibernate.persister.entity.AbstractEntityPersister -  Identity insert: insert into OrderEntity (id, owner_id, purchaseDate, summary) values (null, ?, ?, ?)
03:14:14.859 [Test worker] DEBUG org.hibernate.loader.plan.build.internal.spaces.QuerySpacesImpl - Adding QuerySpace : uid = <gen:0> -> org.hibernate.loader.plan.build.internal.spaces.EntityQuerySpaceImpl@181f370c]
03:14:14.859 [Test worker] DEBUG org.hibernate.persister.walking.spi.MetamodelGraphWalker - Visiting attribute path : certificateEntities
03:14:14.859 [Test worker] DEBUG org.hibernate.loader.plan.build.internal.spaces.QuerySpacesImpl - Adding QuerySpace : uid = <gen:1> -> org.hibernate.loader.plan.build.internal.spaces.CollectionQuerySpaceImpl@6aa555ee]
03:14:14.859 [Test worker] DEBUG org.hibernate.loader.plan.build.internal.spaces.QuerySpacesImpl - Adding QuerySpace : uid = <gen:2> -> org.hibernate.loader.plan.build.internal.spaces.EntityQuerySpaceImpl@71b86523]
03:14:14.859 [Test worker] DEBUG org.hibernate.persister.walking.spi.MetamodelGraphWalker - Visiting attribute path : owner
03:14:14.859 [Test worker] DEBUG org.hibernate.loader.plan.build.internal.spaces.QuerySpacesImpl - Adding QuerySpace : uid = <gen:3> -> org.hibernate.loader.plan.build.internal.spaces.EntityQuerySpaceImpl@107e8b4f]
03:14:14.860 [Test worker] DEBUG org.hibernate.persister.walking.spi.MetamodelGraphWalker - Visiting attribute path : owner.orderEntities
03:14:14.860 [Test worker] DEBUG org.hibernate.persister.walking.spi.MetamodelGraphWalker - Property path deemed to be circular : owner.orderEntities
03:14:14.860 [Test worker] DEBUG org.hibernate.persister.walking.spi.MetamodelGraphWalker - Visiting attribute path : owner.username
03:14:14.860 [Test worker] DEBUG org.hibernate.persister.walking.spi.MetamodelGraphWalker - Visiting attribute path : purchaseDate
03:14:14.860 [Test worker] DEBUG org.hibernate.persister.walking.spi.MetamodelGraphWalker - Visiting attribute path : summary
03:14:14.860 [Test worker] DEBUG org.hibernate.loader.plan.build.internal.FetchStyleLoadPlanBuildingAssociationVisitationStrategy - Building LoadPlan...
03:14:14.861 [Test worker] DEBUG org.hibernate.loader.plan.exec.internal.LoadQueryJoinAndFetchProcessor - processing queryspace <gen:0>
03:14:14.861 [Test worker] DEBUG org.hibernate.loader.plan.build.spi.LoadPlanTreePrinter - LoadPlan(entity=com.epam.esm.model.entity.OrderEntity)
    - Returns
       - EntityReturnImpl(entity=com.epam.esm.model.entity.OrderEntity, querySpaceUid=<gen:0>, path=com.epam.esm.model.entity.OrderEntity)
          - CollectionAttributeFetchImpl(collection=com.epam.esm.model.entity.OrderEntity.certificateEntities, querySpaceUid=<gen:1>, path=com.epam.esm.model.entity.OrderEntity.certificateEntities)
             - (collection element) CollectionFetchableElementEntityGraph(entity=com.epam.esm.model.entity.CertificateEntity, querySpaceUid=<gen:2>, path=com.epam.esm.model.entity.OrderEntity.certificateEntities.<elements>)
          - EntityAttributeFetchImpl(entity=com.epam.esm.model.entity.UserEntity, querySpaceUid=<gen:3>, path=com.epam.esm.model.entity.OrderEntity.owner)
    - QuerySpaces
       - EntityQuerySpaceImpl(uid=<gen:0>, entity=com.epam.esm.model.entity.OrderEntity)
          - SQL table alias mapping - orderentit0_
          - alias suffix - 0_
          - suffixed key columns - {id1_2_0_}
          - JOIN (JoinDefinedByMetadata(owner)) : <gen:0> -> <gen:3>
             - EntityQuerySpaceImpl(uid=<gen:3>, entity=com.epam.esm.model.entity.UserEntity)
                - SQL table alias mapping - userentity1_
                - alias suffix - 1_
                - suffixed key columns - {id1_5_1_}

03:14:14.861 [Test worker] DEBUG org.hibernate.loader.entity.plan.EntityLoader - Static select for entity com.epam.esm.model.entity.OrderEntity [NONE]: select orderentit0_.id as id1_2_0_, orderentit0_.owner_id as owner_id4_2_0_, orderentit0_.purchaseDate as purchase2_2_0_, orderentit0_.summary as summary3_2_0_, userentity1_.id as id1_5_1_, userentity1_.username as username2_5_1_ from OrderEntity orderentit0_ left outer join UserEntity userentity1_ on orderentit0_.owner_id=userentity1_.id where orderentit0_.id=?
03:14:14.865 [Test worker] DEBUG org.hibernate.loader.plan.build.internal.spaces.QuerySpacesImpl - Adding QuerySpace : uid = <gen:0> -> org.hibernate.loader.plan.build.internal.spaces.CollectionQuerySpaceImpl@4a6e69e2]
03:14:14.866 [Test worker] DEBUG org.hibernate.loader.plan.build.internal.spaces.QuerySpacesImpl - Adding QuerySpace : uid = <gen:1> -> org.hibernate.loader.plan.build.internal.spaces.EntityQuerySpaceImpl@40dcc98d]
03:14:14.866 [Test worker] DEBUG org.hibernate.persister.walking.spi.MetamodelGraphWalker - Visiting attribute path : createDate
03:14:14.866 [Test worker] DEBUG org.hibernate.persister.walking.spi.MetamodelGraphWalker - Visiting attribute path : description
03:14:14.866 [Test worker] DEBUG org.hibernate.persister.walking.spi.MetamodelGraphWalker - Visiting attribute path : duration
03:14:14.866 [Test worker] DEBUG org.hibernate.persister.walking.spi.MetamodelGraphWalker - Visiting attribute path : lastUpdateDate
03:14:14.866 [Test worker] DEBUG org.hibernate.persister.walking.spi.MetamodelGraphWalker - Visiting attribute path : name
03:14:14.866 [Test worker] DEBUG org.hibernate.persister.walking.spi.MetamodelGraphWalker - Visiting attribute path : price
03:14:14.866 [Test worker] DEBUG org.hibernate.persister.walking.spi.MetamodelGraphWalker - Visiting attribute path : tagEntities
03:14:14.866 [Test worker] DEBUG org.hibernate.loader.plan.build.internal.spaces.QuerySpacesImpl - Adding QuerySpace : uid = <gen:2> -> org.hibernate.loader.plan.build.internal.spaces.CollectionQuerySpaceImpl@57216aa3]
03:14:14.866 [Test worker] DEBUG org.hibernate.loader.plan.build.internal.spaces.QuerySpacesImpl - Adding QuerySpace : uid = <gen:3> -> org.hibernate.loader.plan.build.internal.spaces.EntityQuerySpaceImpl@7117516b]
03:14:14.866 [Test worker] DEBUG org.hibernate.loader.plan.build.internal.FetchStyleLoadPlanBuildingAssociationVisitationStrategy - Building LoadPlan...
03:14:14.868 [Test worker] DEBUG org.hibernate.loader.plan.exec.internal.LoadQueryJoinAndFetchProcessor - processing queryspace <gen:0>
03:14:14.868 [Test worker] DEBUG org.hibernate.loader.plan.build.spi.LoadPlanTreePrinter - LoadPlan(collection=com.epam.esm.model.entity.OrderEntity.certificateEntities)
    - Returns
       - CollectionReturnImpl(collection=com.epam.esm.model.entity.OrderEntity.certificateEntities, querySpaceUid=<gen:0>, path=[com.epam.esm.model.entity.OrderEntity.certificateEntities])
          - (collection element) CollectionFetchableElementEntityGraph(entity=com.epam.esm.model.entity.CertificateEntity, querySpaceUid=<gen:1>, path=[com.epam.esm.model.entity.OrderEntity.certificateEntities].<elements>)
             - CollectionAttributeFetchImpl(collection=com.epam.esm.model.entity.CertificateEntity.tagEntities, querySpaceUid=<gen:2>, path=[com.epam.esm.model.entity.OrderEntity.certificateEntities].<elements>.tagEntities)
                - (collection element) CollectionFetchableElementEntityGraph(entity=com.epam.esm.model.entity.TagEntity, querySpaceUid=<gen:3>, path=[com.epam.esm.model.entity.OrderEntity.certificateEntities].<elements>.tagEntities.<elements>)
    - QuerySpaces
       - CollectionQuerySpaceImpl(uid=<gen:0>, collection=com.epam.esm.model.entity.OrderEntity.certificateEntities)
          - SQL table alias mapping - certificat0_
          - alias suffix - 0_
          - suffixed key columns - {orderent1_3_0_}
          - entity-element alias suffix - 1_
          - 1_entity-element suffixed key columns - id1_0_1_
          - JOIN (JoinDefinedByMetadata(elements)) : <gen:0> -> <gen:1>
             - EntityQuerySpaceImpl(uid=<gen:1>, entity=com.epam.esm.model.entity.CertificateEntity)
                - SQL table alias mapping - certificat1_
                - alias suffix - 1_
                - suffixed key columns - {id1_0_1_}

03:14:14.869 [Test worker] DEBUG org.hibernate.loader.collection.plan.CollectionLoader - Static select for collection com.epam.esm.model.entity.OrderEntity.certificateEntities: select certificat0_.OrderEntity_id as orderent1_3_0_, certificat0_.certificateEntities_id as certific2_3_0_, certificat1_.id as id1_0_1_, certificat1_.createDate as createda2_0_1_, certificat1_.description as descript3_0_1_, certificat1_.duration as duration4_0_1_, certificat1_.lastUpdateDate as lastupda5_0_1_, certificat1_.name as name6_0_1_, certificat1_.price as price7_0_1_ from OrderEntity_CertificateEntity certificat0_ inner join CertificateEntity certificat1_ on certificat0_.certificateEntities_id=certificat1_.id where certificat0_.OrderEntity_id=?
03:14:14.869 [Test worker] DEBUG org.hibernate.loader.plan.build.internal.spaces.QuerySpacesImpl - Adding QuerySpace : uid = <gen:0> -> org.hibernate.loader.plan.build.internal.spaces.CollectionQuerySpaceImpl@25024269]
03:14:14.869 [Test worker] DEBUG org.hibernate.loader.plan.build.internal.spaces.QuerySpacesImpl - Adding QuerySpace : uid = <gen:1> -> org.hibernate.loader.plan.build.internal.spaces.EntityQuerySpaceImpl@381452ef]
03:14:14.869 [Test worker] DEBUG org.hibernate.persister.walking.spi.MetamodelGraphWalker - Visiting attribute path : name
03:14:14.869 [Test worker] DEBUG org.hibernate.loader.plan.build.internal.FetchStyleLoadPlanBuildingAssociationVisitationStrategy - Building LoadPlan...
03:14:14.870 [Test worker] DEBUG org.hibernate.loader.plan.exec.internal.LoadQueryJoinAndFetchProcessor - processing queryspace <gen:0>
03:14:14.870 [Test worker] DEBUG org.hibernate.loader.plan.build.spi.LoadPlanTreePrinter - LoadPlan(collection=com.epam.esm.model.entity.CertificateEntity.tagEntities)
    - Returns
       - CollectionReturnImpl(collection=com.epam.esm.model.entity.CertificateEntity.tagEntities, querySpaceUid=<gen:0>, path=[com.epam.esm.model.entity.CertificateEntity.tagEntities])
          - (collection element) CollectionFetchableElementEntityGraph(entity=com.epam.esm.model.entity.TagEntity, querySpaceUid=<gen:1>, path=[com.epam.esm.model.entity.CertificateEntity.tagEntities].<elements>)
    - QuerySpaces
       - CollectionQuerySpaceImpl(uid=<gen:0>, collection=com.epam.esm.model.entity.CertificateEntity.tagEntities)
          - SQL table alias mapping - tagentitie0_
          - alias suffix - 0_
          - suffixed key columns - {certific1_1_0_}
          - entity-element alias suffix - 1_
          - 1_entity-element suffixed key columns - id1_4_1_
          - JOIN (JoinDefinedByMetadata(elements)) : <gen:0> -> <gen:1>
             - EntityQuerySpaceImpl(uid=<gen:1>, entity=com.epam.esm.model.entity.TagEntity)
                - SQL table alias mapping - tagentity1_
                - alias suffix - 1_
                - suffixed key columns - {id1_4_1_}

03:14:14.870 [Test worker] DEBUG org.hibernate.loader.collection.plan.CollectionLoader - Static select for collection com.epam.esm.model.entity.CertificateEntity.tagEntities: select tagentitie0_.CertificateEntity_id as certific1_1_0_, tagentitie0_.tagEntities_id as tagentit2_1_0_, tagentity1_.id as id1_4_1_, tagentity1_.name as name2_4_1_ from CertificateEntity_TagEntity tagentitie0_ inner join TagEntity tagentity1_ on tagentitie0_.tagEntities_id=tagentity1_.id where tagentitie0_.CertificateEntity_id=?
03:14:14.870 [Test worker] DEBUG org.hibernate.loader.plan.build.internal.spaces.QuerySpacesImpl - Adding QuerySpace : uid = <gen:0> -> org.hibernate.loader.plan.build.internal.spaces.CollectionQuerySpaceImpl@393962bd]
03:14:14.871 [Test worker] DEBUG org.hibernate.loader.plan.build.internal.spaces.QuerySpacesImpl - Adding QuerySpace : uid = <gen:1> -> org.hibernate.loader.plan.build.internal.spaces.EntityQuerySpaceImpl@2320cc5f]
03:14:14.871 [Test worker] DEBUG org.hibernate.persister.walking.spi.MetamodelGraphWalker - Visiting attribute path : certificateEntities
03:14:14.871 [Test worker] DEBUG org.hibernate.loader.plan.build.internal.spaces.QuerySpacesImpl - Adding QuerySpace : uid = <gen:2> -> org.hibernate.loader.plan.build.internal.spaces.CollectionQuerySpaceImpl@365ea48a]
03:14:14.871 [Test worker] DEBUG org.hibernate.loader.plan.build.internal.spaces.QuerySpacesImpl - Adding QuerySpace : uid = <gen:3> -> org.hibernate.loader.plan.build.internal.spaces.EntityQuerySpaceImpl@13b9c42a]
03:14:14.871 [Test worker] DEBUG org.hibernate.persister.walking.spi.MetamodelGraphWalker - Visiting attribute path : owner
03:14:14.871 [Test worker] DEBUG org.hibernate.persister.walking.spi.MetamodelGraphWalker - Property path deemed to be circular : owner
03:14:14.871 [Test worker] DEBUG org.hibernate.persister.walking.spi.MetamodelGraphWalker - Visiting attribute path : purchaseDate
03:14:14.871 [Test worker] DEBUG org.hibernate.persister.walking.spi.MetamodelGraphWalker - Visiting attribute path : summary
03:14:14.871 [Test worker] DEBUG org.hibernate.loader.plan.build.internal.FetchStyleLoadPlanBuildingAssociationVisitationStrategy - Building LoadPlan...
03:14:14.872 [Test worker] DEBUG org.hibernate.loader.plan.exec.internal.LoadQueryJoinAndFetchProcessor - processing queryspace <gen:0>
03:14:14.873 [Test worker] DEBUG org.hibernate.loader.plan.build.spi.LoadPlanTreePrinter - LoadPlan(collection=com.epam.esm.model.entity.UserEntity.orderEntities)
    - Returns
       - CollectionReturnImpl(collection=com.epam.esm.model.entity.UserEntity.orderEntities, querySpaceUid=<gen:0>, path=[com.epam.esm.model.entity.UserEntity.orderEntities])
          - (collection element) CollectionFetchableElementEntityGraph(entity=com.epam.esm.model.entity.OrderEntity, querySpaceUid=<gen:1>, path=[com.epam.esm.model.entity.UserEntity.orderEntities].<elements>)
             - CollectionAttributeFetchImpl(collection=com.epam.esm.model.entity.OrderEntity.certificateEntities, querySpaceUid=<gen:2>, path=[com.epam.esm.model.entity.UserEntity.orderEntities].<elements>.certificateEntities)
                - (collection element) CollectionFetchableElementEntityGraph(entity=com.epam.esm.model.entity.CertificateEntity, querySpaceUid=<gen:3>, path=[com.epam.esm.model.entity.UserEntity.orderEntities].<elements>.certificateEntities.<elements>)
    - QuerySpaces
       - CollectionQuerySpaceImpl(uid=<gen:0>, collection=com.epam.esm.model.entity.UserEntity.orderEntities)
          - SQL table alias mapping - orderentit0_
          - alias suffix - 0_
          - suffixed key columns - {owner_id4_2_0_}
          - entity-element alias suffix - 1_
          - 1_entity-element suffixed key columns - id1_2_1_
          - JOIN (JoinDefinedByMetadata(elements)) : <gen:0> -> <gen:1>
             - EntityQuerySpaceImpl(uid=<gen:1>, entity=com.epam.esm.model.entity.OrderEntity)
                - SQL table alias mapping - orderentit0_
                - alias suffix - 1_
                - suffixed key columns - {id1_2_1_}

03:14:14.873 [Test worker] DEBUG org.hibernate.loader.collection.plan.CollectionLoader - Static select for collection com.epam.esm.model.entity.UserEntity.orderEntities: select orderentit0_.owner_id as owner_id4_2_0_, orderentit0_.id as id1_2_0_, orderentit0_.id as id1_2_1_, orderentit0_.owner_id as owner_id4_2_1_, orderentit0_.purchaseDate as purchase2_2_1_, orderentit0_.summary as summary3_2_1_ from OrderEntity orderentit0_ where orderentit0_.owner_id=?
03:14:14.904 [Test worker] DEBUG org.springframework.jdbc.datasource.DriverManagerDataSource - Creating new JDBC DriverManager Connection to [jdbc:h2:mem:second;DB_CLOSE_DELAY=-1]
03:14:14.943 [Test worker] DEBUG org.hibernate.SQL - create table CertificateEntity (id bigint generated by default as identity, createDate timestamp, description varchar(255), duration integer not null, lastUpdateDate timestamp, name varchar(255), price double not null, primary key (id))
Hibernate: create table CertificateEntity (id bigint generated by default as identity, createDate timestamp, description varchar(255), duration integer not null, lastUpdateDate timestamp, name varchar(255), price double not null, primary key (id))
03:14:14.950 [Test worker] DEBUG org.hibernate.SQL - create table CertificateEntity_TagEntity (CertificateEntity_id bigint not null, tagEntities_id bigint not null)
Hibernate: create table CertificateEntity_TagEntity (CertificateEntity_id bigint not null, tagEntities_id bigint not null)
03:14:14.951 [Test worker] DEBUG org.hibernate.SQL - create table OrderEntity (id bigint generated by default as identity, purchaseDate timestamp, summary double not null, owner_id bigint, primary key (id))
Hibernate: create table OrderEntity (id bigint generated by default as identity, purchaseDate timestamp, summary double not null, owner_id bigint, primary key (id))
03:14:14.952 [Test worker] DEBUG org.hibernate.SQL - create table OrderEntity_CertificateEntity (OrderEntity_id bigint not null, certificateEntities_id bigint not null)
Hibernate: create table OrderEntity_CertificateEntity (OrderEntity_id bigint not null, certificateEntities_id bigint not null)
03:14:14.953 [Test worker] DEBUG org.hibernate.SQL - create table TagEntity (id bigint generated by default as identity, name varchar(255), primary key (id))
Hibernate: create table TagEntity (id bigint generated by default as identity, name varchar(255), primary key (id))
03:14:14.954 [Test worker] DEBUG org.hibernate.SQL - create table UserEntity (id bigint generated by default as identity, username varchar(255), primary key (id))
Hibernate: create table UserEntity (id bigint generated by default as identity, username varchar(255), primary key (id))
03:14:14.956 [Test worker] DEBUG org.hibernate.SQL - alter table CertificateEntity drop constraint if exists UK_4io0jhvdc8ko9e8bkkw0n443a
Hibernate: alter table CertificateEntity drop constraint if exists UK_4io0jhvdc8ko9e8bkkw0n443a
03:14:14.956 [Test worker] DEBUG org.hibernate.SQL - alter table CertificateEntity add constraint UK_4io0jhvdc8ko9e8bkkw0n443a unique (name)
Hibernate: alter table CertificateEntity add constraint UK_4io0jhvdc8ko9e8bkkw0n443a unique (name)
03:14:14.958 [Test worker] DEBUG org.hibernate.SQL - alter table TagEntity drop constraint if exists UK_nju473xvkvj63irbn01bhcx4t
Hibernate: alter table TagEntity drop constraint if exists UK_nju473xvkvj63irbn01bhcx4t
03:14:14.959 [Test worker] DEBUG org.hibernate.SQL - alter table TagEntity add constraint UK_nju473xvkvj63irbn01bhcx4t unique (name)
Hibernate: alter table TagEntity add constraint UK_nju473xvkvj63irbn01bhcx4t unique (name)
03:14:14.960 [Test worker] DEBUG org.hibernate.SQL - alter table CertificateEntity_TagEntity add constraint FKbvum6omumgn0swmkmk4c3657e foreign key (tagEntities_id) references TagEntity
Hibernate: alter table CertificateEntity_TagEntity add constraint FKbvum6omumgn0swmkmk4c3657e foreign key (tagEntities_id) references TagEntity
03:14:14.962 [Test worker] DEBUG org.hibernate.SQL - alter table CertificateEntity_TagEntity add constraint FK5491dmfo7v0qf5q8tc8jo7t5r foreign key (CertificateEntity_id) references CertificateEntity
Hibernate: alter table CertificateEntity_TagEntity add constraint FK5491dmfo7v0qf5q8tc8jo7t5r foreign key (CertificateEntity_id) references CertificateEntity
03:14:14.964 [Test worker] DEBUG org.hibernate.SQL - alter table OrderEntity add constraint FK9cgrikp7ml2kg2yt9epnsqufu foreign key (owner_id) references UserEntity
Hibernate: alter table OrderEntity add constraint FK9cgrikp7ml2kg2yt9epnsqufu foreign key (owner_id) references UserEntity
03:14:14.965 [Test worker] DEBUG org.hibernate.SQL - alter table OrderEntity_CertificateEntity add constraint FK29lv6m2jli6oko525tfbqiykr foreign key (certificateEntities_id) references CertificateEntity
Hibernate: alter table OrderEntity_CertificateEntity add constraint FK29lv6m2jli6oko525tfbqiykr foreign key (certificateEntities_id) references CertificateEntity
03:14:14.967 [Test worker] DEBUG org.hibernate.SQL - alter table OrderEntity_CertificateEntity add constraint FKbd3ti9u2flbdqa1fb9hgwnq2o foreign key (OrderEntity_id) references OrderEntity
Hibernate: alter table OrderEntity_CertificateEntity add constraint FKbd3ti9u2flbdqa1fb9hgwnq2o foreign key (OrderEntity_id) references OrderEntity
03:14:14.968 [Test worker] DEBUG org.hibernate.engine.transaction.jta.platform.internal.JtaPlatformInitiator - No JtaPlatform was specified, checking resolver
03:14:14.969 [Test worker] DEBUG org.hibernate.engine.transaction.jta.platform.internal.JtaPlatformResolverInitiator - No JtaPlatformResolver was specified, using default [org.hibernate.engine.transaction.jta.platform.internal.StandardJtaPlatformResolver]
03:14:14.973 [Test worker] DEBUG org.hibernate.engine.transaction.jta.platform.internal.StandardJtaPlatformResolver - Could not resolve JtaPlatform, using default [org.hibernate.engine.transaction.jta.platform.internal.NoJtaPlatform]
03:14:14.973 [Test worker] INFO org.hibernate.engine.transaction.jta.platform.internal.JtaPlatformInitiator - HHH000490: Using JtaPlatform implementation: [org.hibernate.engine.transaction.jta.platform.internal.NoJtaPlatform]
03:14:14.974 [Test worker] DEBUG org.hibernate.query.spi.NamedQueryRepository - Checking 0 named HQL queries
03:14:14.974 [Test worker] DEBUG org.hibernate.query.spi.NamedQueryRepository - Checking 0 named SQL queries
03:14:14.980 [Test worker] DEBUG org.hibernate.internal.SessionFactoryRegistry - Initializing SessionFactoryRegistry : org.hibernate.internal.SessionFactoryRegistry@f7abd3f
03:14:14.980 [Test worker] DEBUG org.hibernate.internal.SessionFactoryRegistry - Registering SessionFactory: 236aa65e-cbf2-4030-a683-7e8a920e7e42 (<unnamed>)
03:14:14.980 [Test worker] DEBUG org.hibernate.internal.SessionFactoryRegistry - Not binding SessionFactory to JNDI, no JNDI name configured
03:14:14.981 [Test worker] INFO org.springframework.orm.jpa.LocalContainerEntityManagerFactoryBean - Initialized JPA EntityManagerFactory for persistence unit 'default'
03:14:14.984 [Test worker] DEBUG org.springframework.beans.factory.support.DefaultListableBeanFactory - Creating shared instance of singleton bean 'serviceTestConfiguration'
03:14:14.987 [Test worker] DEBUG org.springframework.beans.factory.support.DefaultListableBeanFactory - Creating shared instance of singleton bean 'certificateServiceImpl'
03:14:14.988 [Test worker] DEBUG org.springframework.beans.factory.support.DefaultListableBeanFactory - Creating shared instance of singleton bean 'certificateDaoImpl'
03:14:14.989 [Test worker] DEBUG org.springframework.beans.factory.support.DefaultListableBeanFactory - Creating shared instance of singleton bean 'tagDaoImpl'
03:14:15.010 [Test worker] DEBUG org.springframework.beans.factory.support.DefaultListableBeanFactory - Autowiring by type from bean name 'certificateDaoImpl' via constructor to bean named 'tagDaoImpl'
03:14:15.013 [Test worker] DEBUG org.springframework.beans.factory.support.DefaultListableBeanFactory - Autowiring by type from bean name 'certificateServiceImpl' via constructor to bean named 'certificateDaoImpl'
03:14:15.013 [Test worker] DEBUG org.springframework.beans.factory.support.DefaultListableBeanFactory - Autowiring by type from bean name 'certificateServiceImpl' via constructor to bean named 'tagDaoImpl'
03:14:15.016 [Test worker] DEBUG org.springframework.beans.factory.support.DefaultListableBeanFactory - Creating shared instance of singleton bean 'orderServiceImpl'
03:14:15.017 [Test worker] DEBUG org.springframework.beans.factory.support.DefaultListableBeanFactory - Creating shared instance of singleton bean 'orderDaoImpl'
03:14:15.017 [Test worker] DEBUG org.springframework.beans.factory.support.DefaultListableBeanFactory - Autowiring by type from bean name 'orderDaoImpl' via constructor to bean named 'certificateDaoImpl'
03:14:15.020 [Test worker] DEBUG org.springframework.beans.factory.support.DefaultListableBeanFactory - Autowiring by type from bean name 'orderServiceImpl' via constructor to bean named 'orderDaoImpl'
03:14:15.020 [Test worker] DEBUG org.springframework.beans.factory.support.DefaultListableBeanFactory - Autowiring by type from bean name 'orderServiceImpl' via constructor to bean named 'certificateDaoImpl'
03:14:15.027 [Test worker] DEBUG org.springframework.beans.factory.support.DefaultListableBeanFactory - Creating shared instance of singleton bean 'tagServiceImpl'
03:14:15.028 [Test worker] DEBUG org.springframework.beans.factory.support.DefaultListableBeanFactory - Autowiring by type from bean name 'tagServiceImpl' via constructor to bean named 'tagDaoImpl'
03:14:15.030 [Test worker] DEBUG org.springframework.beans.factory.support.DefaultListableBeanFactory - Creating shared instance of singleton bean 'userServiceImpl'
03:14:15.031 [Test worker] DEBUG org.springframework.beans.factory.support.DefaultListableBeanFactory - Creating shared instance of singleton bean 'userDaoImpl'
03:14:15.037 [Test worker] DEBUG org.springframework.beans.factory.support.DefaultListableBeanFactory - Autowiring by type from bean name 'userServiceImpl' via constructor to bean named 'userDaoImpl'
03:14:15.037 [Test worker] DEBUG org.springframework.beans.factory.support.DefaultListableBeanFactory - Autowiring by type from bean name 'userServiceImpl' via constructor to bean named 'certificateServiceImpl'
03:14:15.037 [Test worker] DEBUG org.springframework.beans.factory.support.DefaultListableBeanFactory - Autowiring by type from bean name 'userServiceImpl' via constructor to bean named 'orderServiceImpl'
03:14:15.039 [Test worker] DEBUG org.springframework.beans.factory.support.DefaultListableBeanFactory - Creating shared instance of singleton bean 'daoConfiguration'
03:14:15.041 [Test worker] DEBUG org.springframework.beans.factory.support.DefaultListableBeanFactory - Creating shared instance of singleton bean 'transactionManager'
03:14:15.042 [Test worker] DEBUG org.springframework.beans.factory.support.DefaultListableBeanFactory - Autowiring by type from bean name 'transactionManager' via factory method to bean named 'entityManagerFactory'
03:14:15.060 [Test worker] DEBUG org.springframework.test.context.cache.DefaultCacheAwareContextLoaderDelegate - Storing ApplicationContext [1521714456] in cache under key [[MergedContextConfiguration@17f49ab1 testClass = OrderServiceImplTest, locations = '{}', classes = '{class com.epam.esm.configuration.ServiceTestConfiguration}', contextInitializerClasses = '[]', activeProfiles = '{}', propertySourceLocations = '{}', propertySourceProperties = '{}', contextCustomizers = set[org.springframework.boot.test.autoconfigure.actuate.metrics.MetricsExportContextCustomizerFactory$DisableMetricExportContextCustomizer@6875a0b1, org.springframework.boot.test.autoconfigure.properties.PropertyMappingContextCustomizer@0, org.springframework.boot.test.autoconfigure.web.servlet.WebDriverContextCustomizerFactory$Customizer@3db8a836, org.springframework.boot.test.context.filter.ExcludeFilterContextCustomizer@186c1848, org.springframework.boot.test.json.DuplicateJsonObjectContextCustomizerFactory$DuplicateJsonObjectContextCustomizer@19bb00ce, org.springframework.boot.test.mock.mockito.MockitoContextCustomizer@0], contextLoader = 'org.springframework.test.context.support.DelegatingSmartContextLoader', parent = [null]]]
03:14:15.060 [Test worker] DEBUG org.springframework.test.context.cache - Spring test ApplicationContext cache statistics: [DefaultContextCache@3d4f3eac size = 1, maxSize = 32, parentContextCount = 0, hitCount = 0, missCount = 1]
03:14:15.064 [Test worker] DEBUG org.springframework.test.context.cache.DefaultCacheAwareContextLoaderDelegate - Retrieved ApplicationContext [1521714456] from cache with key [[MergedContextConfiguration@17f49ab1 testClass = OrderServiceImplTest, locations = '{}', classes = '{class com.epam.esm.configuration.ServiceTestConfiguration}', contextInitializerClasses = '[]', activeProfiles = '{}', propertySourceLocations = '{}', propertySourceProperties = '{}', contextCustomizers = set[org.springframework.boot.test.autoconfigure.actuate.metrics.MetricsExportContextCustomizerFactory$DisableMetricExportContextCustomizer@6875a0b1, org.springframework.boot.test.autoconfigure.properties.PropertyMappingContextCustomizer@0, org.springframework.boot.test.autoconfigure.web.servlet.WebDriverContextCustomizerFactory$Customizer@3db8a836, org.springframework.boot.test.context.filter.ExcludeFilterContextCustomizer@186c1848, org.springframework.boot.test.json.DuplicateJsonObjectContextCustomizerFactory$DuplicateJsonObjectContextCustomizer@19bb00ce, org.springframework.boot.test.mock.mockito.MockitoContextCustomizer@0], contextLoader = 'org.springframework.test.context.support.DelegatingSmartContextLoader', parent = [null]]]
03:14:15.065 [Test worker] DEBUG org.springframework.test.context.cache - Spring test ApplicationContext cache statistics: [DefaultContextCache@3d4f3eac size = 1, maxSize = 32, parentContextCount = 0, hitCount = 1, missCount = 1]
03:14:15.068 [Test worker] DEBUG org.springframework.test.context.support.AbstractDirtiesContextTestExecutionListener - Before test method: context [DefaultTestContext@7cc87f3d testClass = OrderServiceImplTest, testInstance = com.epam.esm.service.impl.OrderServiceImplTest@7ca21903, testMethod = findOrdersByOwnerTest@OrderServiceImplTest, testException = [null], mergedContextConfiguration = [MergedContextConfiguration@17f49ab1 testClass = OrderServiceImplTest, locations = '{}', classes = '{class com.epam.esm.configuration.ServiceTestConfiguration}', contextInitializerClasses = '[]', activeProfiles = '{}', propertySourceLocations = '{}', propertySourceProperties = '{}', contextCustomizers = set[org.springframework.boot.test.autoconfigure.actuate.metrics.MetricsExportContextCustomizerFactory$DisableMetricExportContextCustomizer@6875a0b1, org.springframework.boot.test.autoconfigure.properties.PropertyMappingContextCustomizer@0, org.springframework.boot.test.autoconfigure.web.servlet.WebDriverContextCustomizerFactory$Customizer@3db8a836, org.springframework.boot.test.context.filter.ExcludeFilterContextCustomizer@186c1848, org.springframework.boot.test.json.DuplicateJsonObjectContextCustomizerFactory$DuplicateJsonObjectContextCustomizer@19bb00ce, org.springframework.boot.test.mock.mockito.MockitoContextCustomizer@0], contextLoader = 'org.springframework.test.context.support.DelegatingSmartContextLoader', parent = [null]], attributes = map['org.springframework.test.context.event.ApplicationEventsTestExecutionListener.recordApplicationEvents' -> false]], class annotated with @DirtiesContext [false] with mode [null], method annotated with @DirtiesContext [false] with mode [null].
03:14:15.070 [Test worker] DEBUG org.springframework.test.context.transaction.TransactionalTestExecutionListener - Explicit transaction definition [PROPAGATION_REQUIRED,ISOLATION_DEFAULT] found for test context [DefaultTestContext@7cc87f3d testClass = OrderServiceImplTest, testInstance = com.epam.esm.service.impl.OrderServiceImplTest@7ca21903, testMethod = findOrdersByOwnerTest@OrderServiceImplTest, testException = [null], mergedContextConfiguration = [MergedContextConfiguration@17f49ab1 testClass = OrderServiceImplTest, locations = '{}', classes = '{class com.epam.esm.configuration.ServiceTestConfiguration}', contextInitializerClasses = '[]', activeProfiles = '{}', propertySourceLocations = '{}', propertySourceProperties = '{}', contextCustomizers = set[org.springframework.boot.test.autoconfigure.actuate.metrics.MetricsExportContextCustomizerFactory$DisableMetricExportContextCustomizer@6875a0b1, org.springframework.boot.test.autoconfigure.properties.PropertyMappingContextCustomizer@0, org.springframework.boot.test.autoconfigure.web.servlet.WebDriverContextCustomizerFactory$Customizer@3db8a836, org.springframework.boot.test.context.filter.ExcludeFilterContextCustomizer@186c1848, org.springframework.boot.test.json.DuplicateJsonObjectContextCustomizerFactory$DuplicateJsonObjectContextCustomizer@19bb00ce, org.springframework.boot.test.mock.mockito.MockitoContextCustomizer@0], contextLoader = 'org.springframework.test.context.support.DelegatingSmartContextLoader', parent = [null]], attributes = map['org.springframework.test.context.event.ApplicationEventsTestExecutionListener.recordApplicationEvents' -> false]]
03:14:15.070 [Test worker] DEBUG org.springframework.test.context.cache.DefaultCacheAwareContextLoaderDelegate - Retrieved ApplicationContext [1521714456] from cache with key [[MergedContextConfiguration@17f49ab1 testClass = OrderServiceImplTest, locations = '{}', classes = '{class com.epam.esm.configuration.ServiceTestConfiguration}', contextInitializerClasses = '[]', activeProfiles = '{}', propertySourceLocations = '{}', propertySourceProperties = '{}', contextCustomizers = set[org.springframework.boot.test.autoconfigure.actuate.metrics.MetricsExportContextCustomizerFactory$DisableMetricExportContextCustomizer@6875a0b1, org.springframework.boot.test.autoconfigure.properties.PropertyMappingContextCustomizer@0, org.springframework.boot.test.autoconfigure.web.servlet.WebDriverContextCustomizerFactory$Customizer@3db8a836, org.springframework.boot.test.context.filter.ExcludeFilterContextCustomizer@186c1848, org.springframework.boot.test.json.DuplicateJsonObjectContextCustomizerFactory$DuplicateJsonObjectContextCustomizer@19bb00ce, org.springframework.boot.test.mock.mockito.MockitoContextCustomizer@0], contextLoader = 'org.springframework.test.context.support.DelegatingSmartContextLoader', parent = [null]]]
03:14:15.070 [Test worker] DEBUG org.springframework.test.context.cache - Spring test ApplicationContext cache statistics: [DefaultContextCache@3d4f3eac size = 1, maxSize = 32, parentContextCount = 0, hitCount = 2, missCount = 1]
03:14:15.071 [Test worker] DEBUG org.springframework.test.context.transaction.TransactionalTestExecutionListener - No method-level @Rollback override: using default rollback [true] for test context [DefaultTestContext@7cc87f3d testClass = OrderServiceImplTest, testInstance = com.epam.esm.service.impl.OrderServiceImplTest@7ca21903, testMethod = findOrdersByOwnerTest@OrderServiceImplTest, testException = [null], mergedContextConfiguration = [MergedContextConfiguration@17f49ab1 testClass = OrderServiceImplTest, locations = '{}', classes = '{class com.epam.esm.configuration.ServiceTestConfiguration}', contextInitializerClasses = '[]', activeProfiles = '{}', propertySourceLocations = '{}', propertySourceProperties = '{}', contextCustomizers = set[org.springframework.boot.test.autoconfigure.actuate.metrics.MetricsExportContextCustomizerFactory$DisableMetricExportContextCustomizer@6875a0b1, org.springframework.boot.test.autoconfigure.properties.PropertyMappingContextCustomizer@0, org.springframework.boot.test.autoconfigure.web.servlet.WebDriverContextCustomizerFactory$Customizer@3db8a836, org.springframework.boot.test.context.filter.ExcludeFilterContextCustomizer@186c1848, org.springframework.boot.test.json.DuplicateJsonObjectContextCustomizerFactory$DuplicateJsonObjectContextCustomizer@19bb00ce, org.springframework.boot.test.mock.mockito.MockitoContextCustomizer@0], contextLoader = 'org.springframework.test.context.support.DelegatingSmartContextLoader', parent = [null]], attributes = map['org.springframework.test.context.event.ApplicationEventsTestExecutionListener.recordApplicationEvents' -> false]].
03:14:15.073 [Test worker] DEBUG org.springframework.orm.jpa.JpaTransactionManager - Creating new transaction with name [com.epam.esm.service.impl.OrderServiceImplTest.findOrdersByOwnerTest]: PROPAGATION_REQUIRED,ISOLATION_DEFAULT
03:14:15.109 [Test worker] DEBUG org.hibernate.stat.internal.StatisticsInitiator - Statistics initialized [enabled=true]
03:14:15.112 [Test worker] DEBUG org.springframework.orm.jpa.JpaTransactionManager - Opened new EntityManager [SessionImpl(1511036567<open>)] for JPA transaction
03:14:15.114 [Test worker] DEBUG org.hibernate.engine.transaction.internal.TransactionImpl - On TransactionImpl creation, JpaCompliance#isJpaTransactionComplianceEnabled == false
03:14:15.114 [Test worker] DEBUG org.hibernate.engine.transaction.internal.TransactionImpl - begin
03:14:15.114 [Test worker] DEBUG org.springframework.jdbc.datasource.DriverManagerDataSource - Creating new JDBC DriverManager Connection to [jdbc:h2:mem:second;DB_CLOSE_DELAY=-1]
03:14:15.116 [Test worker] DEBUG org.springframework.orm.jpa.JpaTransactionManager - Exposing JPA transaction as JDBC [org.springframework.orm.jpa.vendor.HibernateJpaDialect$HibernateConnectionHandle@3ecce139]
03:14:15.116 [Test worker] INFO org.springframework.test.context.transaction.TransactionContext - Began transaction (1) for test context [DefaultTestContext@7cc87f3d testClass = OrderServiceImplTest, testInstance = com.epam.esm.service.impl.OrderServiceImplTest@7ca21903, testMethod = findOrdersByOwnerTest@OrderServiceImplTest, testException = [null], mergedContextConfiguration = [MergedContextConfiguration@17f49ab1 testClass = OrderServiceImplTest, locations = '{}', classes = '{class com.epam.esm.configuration.ServiceTestConfiguration}', contextInitializerClasses = '[]', activeProfiles = '{}', propertySourceLocations = '{}', propertySourceProperties = '{}', contextCustomizers = set[org.springframework.boot.test.autoconfigure.actuate.metrics.MetricsExportContextCustomizerFactory$DisableMetricExportContextCustomizer@6875a0b1, org.springframework.boot.test.autoconfigure.properties.PropertyMappingContextCustomizer@0, org.springframework.boot.test.autoconfigure.web.servlet.WebDriverContextCustomizerFactory$Customizer@3db8a836, org.springframework.boot.test.context.filter.ExcludeFilterContextCustomizer@186c1848, org.springframework.boot.test.json.DuplicateJsonObjectContextCustomizerFactory$DuplicateJsonObjectContextCustomizer@19bb00ce, org.springframework.boot.test.mock.mockito.MockitoContextCustomizer@0], contextLoader = 'org.springframework.test.context.support.DelegatingSmartContextLoader', parent = [null]], attributes = map['org.springframework.test.context.event.ApplicationEventsTestExecutionListener.recordApplicationEvents' -> false]]; transaction manager [org.springframework.orm.jpa.JpaTransactionManager@3998dc6]; rollback [true]
03:14:15.120 [Test worker] DEBUG org.springframework.test.context.cache.DefaultCacheAwareContextLoaderDelegate - Retrieved ApplicationContext [1521714456] from cache with key [[MergedContextConfiguration@17f49ab1 testClass = OrderServiceImplTest, locations = '{}', classes = '{class com.epam.esm.configuration.ServiceTestConfiguration}', contextInitializerClasses = '[]', activeProfiles = '{}', propertySourceLocations = '{}', propertySourceProperties = '{}', contextCustomizers = set[org.springframework.boot.test.autoconfigure.actuate.metrics.MetricsExportContextCustomizerFactory$DisableMetricExportContextCustomizer@6875a0b1, org.springframework.boot.test.autoconfigure.properties.PropertyMappingContextCustomizer@0, org.springframework.boot.test.autoconfigure.web.servlet.WebDriverContextCustomizerFactory$Customizer@3db8a836, org.springframework.boot.test.context.filter.ExcludeFilterContextCustomizer@186c1848, org.springframework.boot.test.json.DuplicateJsonObjectContextCustomizerFactory$DuplicateJsonObjectContextCustomizer@19bb00ce, org.springframework.boot.test.mock.mockito.MockitoContextCustomizer@0], contextLoader = 'org.springframework.test.context.support.DelegatingSmartContextLoader', parent = [null]]]
03:14:15.120 [Test worker] DEBUG org.springframework.test.context.cache - Spring test ApplicationContext cache statistics: [DefaultContextCache@3d4f3eac size = 1, maxSize = 32, parentContextCount = 0, hitCount = 3, missCount = 1]
03:14:15.120 [Test worker] DEBUG org.springframework.test.context.cache.DefaultCacheAwareContextLoaderDelegate - Retrieved ApplicationContext [1521714456] from cache with key [[MergedContextConfiguration@17f49ab1 testClass = OrderServiceImplTest, locations = '{}', classes = '{class com.epam.esm.configuration.ServiceTestConfiguration}', contextInitializerClasses = '[]', activeProfiles = '{}', propertySourceLocations = '{}', propertySourceProperties = '{}', contextCustomizers = set[org.springframework.boot.test.autoconfigure.actuate.metrics.MetricsExportContextCustomizerFactory$DisableMetricExportContextCustomizer@6875a0b1, org.springframework.boot.test.autoconfigure.properties.PropertyMappingContextCustomizer@0, org.springframework.boot.test.autoconfigure.web.servlet.WebDriverContextCustomizerFactory$Customizer@3db8a836, org.springframework.boot.test.context.filter.ExcludeFilterContextCustomizer@186c1848, org.springframework.boot.test.json.DuplicateJsonObjectContextCustomizerFactory$DuplicateJsonObjectContextCustomizer@19bb00ce, org.springframework.boot.test.mock.mockito.MockitoContextCustomizer@0], contextLoader = 'org.springframework.test.context.support.DelegatingSmartContextLoader', parent = [null]]]
03:14:15.121 [Test worker] DEBUG org.springframework.test.context.cache - Spring test ApplicationContext cache statistics: [DefaultContextCache@3d4f3eac size = 1, maxSize = 32, parentContextCount = 0, hitCount = 4, missCount = 1]
03:14:15.234 [Test worker] DEBUG org.springframework.test.context.cache.DefaultCacheAwareContextLoaderDelegate - Retrieved ApplicationContext [1521714456] from cache with key [[MergedContextConfiguration@17f49ab1 testClass = OrderServiceImplTest, locations = '{}', classes = '{class com.epam.esm.configuration.ServiceTestConfiguration}', contextInitializerClasses = '[]', activeProfiles = '{}', propertySourceLocations = '{}', propertySourceProperties = '{}', contextCustomizers = set[org.springframework.boot.test.autoconfigure.actuate.metrics.MetricsExportContextCustomizerFactory$DisableMetricExportContextCustomizer@6875a0b1, org.springframework.boot.test.autoconfigure.properties.PropertyMappingContextCustomizer@0, org.springframework.boot.test.autoconfigure.web.servlet.WebDriverContextCustomizerFactory$Customizer@3db8a836, org.springframework.boot.test.context.filter.ExcludeFilterContextCustomizer@186c1848, org.springframework.boot.test.json.DuplicateJsonObjectContextCustomizerFactory$DuplicateJsonObjectContextCustomizer@19bb00ce, org.springframework.boot.test.mock.mockito.MockitoContextCustomizer@0], contextLoader = 'org.springframework.test.context.support.DelegatingSmartContextLoader', parent = [null]]]
03:14:15.234 [Test worker] DEBUG org.springframework.test.context.cache - Spring test ApplicationContext cache statistics: [DefaultContextCache@3d4f3eac size = 1, maxSize = 32, parentContextCount = 0, hitCount = 5, missCount = 1]
03:14:15.246 [Test worker] DEBUG org.hibernate.hql.internal.QueryTranslatorFactoryInitiator - QueryTranslatorFactory: org.hibernate.hql.internal.ast.ASTQueryTranslatorFactory@217bfa4a
03:14:15.262 [Test worker] DEBUG org.hibernate.hql.internal.ast.QueryTranslatorImpl - parse() - HQL: SELECT user FROM com.epam.esm.model.entity.UserEntity user WHERE user.username = ?1
03:14:15.266 [Test worker] DEBUG org.hibernate.hql.internal.ast.ErrorTracker - throwQueryException() : no errors
03:14:15.270 [Test worker] DEBUG org.hibernate.hql.internal.ast.QueryTranslatorImpl - --- HQL AST ---
 \-[QUERY] Node: 'query'
    +-[SELECT_FROM] Node: 'SELECT_FROM'
    |  +-[FROM] Node: 'FROM'
    |  |  \-[RANGE] Node: 'RANGE'
    |  |     +-[DOT] Node: '.'
    |  |     |  +-[DOT] Node: '.'
    |  |     |  |  +-[DOT] Node: '.'
    |  |     |  |  |  +-[DOT] Node: '.'
    |  |     |  |  |  |  +-[DOT] Node: '.'
    |  |     |  |  |  |  |  +-[IDENT] Node: 'com'
    |  |     |  |  |  |  |  \-[IDENT] Node: 'epam'
    |  |     |  |  |  |  \-[IDENT] Node: 'esm'
    |  |     |  |  |  \-[IDENT] Node: 'model'
    |  |     |  |  \-[IDENT] Node: 'entity'
    |  |     |  \-[IDENT] Node: 'UserEntity'
    |  |     \-[ALIAS] Node: 'user'
    |  \-[SELECT] Node: 'SELECT'
    |     \-[IDENT] Node: 'user'
    \-[WHERE] Node: 'WHERE'
       \-[EQ] Node: '='
          +-[DOT] Node: '.'
          |  +-[IDENT] Node: 'user'
          |  \-[IDENT] Node: 'username'
          \-[PARAM] Node: '?'
             \-[NUM_INT] Node: '1'

03:14:15.284 [Test worker] DEBUG org.hibernate.hql.internal.antlr.HqlSqlBaseWalker - select << begin [level=1, statement=select]
03:14:15.293 [Test worker] DEBUG org.hibernate.hql.internal.ast.tree.FromElement - FromClause{level=1} : com.epam.esm.model.entity.UserEntity (user) -> userentity0_
03:14:15.293 [Test worker] DEBUG org.hibernate.hql.internal.ast.tree.FromReferenceNode - Resolved : user -> userentity0_.id
03:14:15.295 [Test worker] DEBUG org.hibernate.hql.internal.ast.tree.FromReferenceNode - Resolved : user -> userentity0_.id
03:14:15.296 [Test worker] DEBUG org.hibernate.hql.internal.ast.tree.DotNode - getDataType() : username -> org.hibernate.type.StringType@30baee82
03:14:15.296 [Test worker] DEBUG org.hibernate.hql.internal.ast.tree.FromReferenceNode - Resolved : user.username -> userentity0_.username
03:14:15.297 [Test worker] DEBUG org.hibernate.hql.internal.antlr.HqlSqlBaseWalker - select : finishing up [level=1, statement=select]
03:14:15.297 [Test worker] DEBUG org.hibernate.hql.internal.ast.HqlSqlWalker - processQuery() :  ( SELECT ( {select clause} userentity0_.id ) ( FromClause{level=1} UserEntity userentity0_ ) ( WHERE ( = ( userentity0_.username userentity0_.id username ) ? ) ) )
03:14:15.302 [Test worker] DEBUG org.hibernate.hql.internal.ast.util.JoinProcessor - Tables referenced from query nodes:
 \-QueryNode
    +-SelectClause
    | referencedTables(entity UserEntity): [UserEntity]
    |  +-IdentNode
    |  | persister: SingleTableEntityPersister(com.epam.esm.model.entity.UserEntity)
    |  | originalText: user
    |  \-SqlFragment
    +-FromClause
    |  \-FromElement
    \-SqlNode
       \-BinaryLogicOperatorNode
          +-DotNode
          | persister: SingleTableEntityPersister(com.epam.esm.model.entity.UserEntity)
          | path: user.username
          |  +-IdentNode
          |  | persister: SingleTableEntityPersister(com.epam.esm.model.entity.UserEntity)
          |  | originalText: user
          |  \-IdentNode
          |    persister: null
          |    originalText: username
          \-ParameterNode

03:14:15.304 [Test worker] DEBUG org.hibernate.hql.internal.ast.util.JoinProcessor - Using FROM fragment [UserEntity userentity0_]
03:14:15.305 [Test worker] DEBUG org.hibernate.hql.internal.antlr.HqlSqlBaseWalker - select >> end [level=1, statement=select]
03:14:15.305 [Test worker] DEBUG org.hibernate.hql.internal.ast.QueryTranslatorImpl - --- SQL AST ---
 \-[SELECT] QueryNode: 'SELECT'  querySpaces (UserEntity)
    +-[SELECT_CLAUSE] SelectClause: '{select clause}'
    |  +-[ALIAS_REF] IdentNode: 'userentity0_.id as id1_5_' {alias=user, className=com.epam.esm.model.entity.UserEntity, tableAlias=userentity0_}
    |  \-[SQL_TOKEN] SqlFragment: 'userentity0_.username as username2_5_'
    +-[FROM] FromClause: 'FROM' FromClause{level=1, fromElementCounter=1, fromElements=1, fromElementByClassAlias=[user], fromElementByTableAlias=[userentity0_], fromElementsByPath=[], collectionJoinFromElementsByPath=[], impliedElements=[]}
    |  \-[FROM_FRAGMENT] FromElement: 'UserEntity userentity0_' FromElement{explicit,not a collection join,not a fetch join,fetch non-lazy properties,classAlias=user,role=null,tableName=UserEntity,tableAlias=userentity0_,origin=null,columns={,className=com.epam.esm.model.entity.UserEntity}}
    \-[WHERE] SqlNode: 'WHERE'
       \-[EQ] BinaryLogicOperatorNode: '='
          +-[DOT] DotNode: 'userentity0_.username' {propertyName=username,dereferenceType=PRIMITIVE,getPropertyPath=username,path=user.username,tableAlias=userentity0_,className=com.epam.esm.model.entity.UserEntity,classAlias=user}
          |  +-[ALIAS_REF] IdentNode: 'userentity0_.id' {alias=user, className=com.epam.esm.model.entity.UserEntity, tableAlias=userentity0_}
          |  \-[IDENT] IdentNode: 'username' {originalText=username}
          \-[PARAM] ParameterNode: '?' {label=1, expectedType=org.hibernate.type.StringType@30baee82}

03:14:15.305 [Test worker] DEBUG org.hibernate.hql.internal.ast.ErrorTracker - throwQueryException() : no errors
03:14:15.310 [Test worker] DEBUG org.hibernate.hql.internal.ast.QueryTranslatorImpl - HQL: SELECT user FROM com.epam.esm.model.entity.UserEntity user WHERE user.username = ?1
03:14:15.310 [Test worker] DEBUG org.hibernate.hql.internal.ast.QueryTranslatorImpl - SQL: select userentity0_.id as id1_5_, userentity0_.username as username2_5_ from UserEntity userentity0_ where userentity0_.username=?
03:14:15.310 [Test worker] DEBUG org.hibernate.hql.internal.ast.ErrorTracker - throwQueryException() : no errors
03:14:15.323 [Test worker] DEBUG org.hibernate.SQL - select userentity0_.id as id1_5_, userentity0_.username as username2_5_ from UserEntity userentity0_ where userentity0_.username=?
Hibernate: select userentity0_.id as id1_5_, userentity0_.username as username2_5_ from UserEntity userentity0_ where userentity0_.username=?
03:14:15.325 [Test worker] DEBUG org.hibernate.stat.internal.StatisticsImpl - HHH000117: HQL: SELECT user FROM UserEntity user WHERE user.username = ?1, time: 3ms, rows: 0
03:14:15.345 [Test worker] DEBUG org.hibernate.engine.spi.ActionQueue - Executing identity-insert immediately
03:14:15.349 [Test worker] DEBUG org.hibernate.SQL - insert into UserEntity (id, username) values (null, ?)
Hibernate: insert into UserEntity (id, username) values (null, ?)
03:14:15.353 [Test worker] DEBUG org.hibernate.id.IdentifierGeneratorHelper - Natively generated identity: 1
03:14:15.353 [Test worker] DEBUG org.hibernate.resource.jdbc.internal.ResourceRegistryStandardImpl - HHH000387: ResultSet's statement was not registered
03:14:15.356 [Test worker] DEBUG org.hibernate.event.internal.AbstractFlushingEventListener - Processing flush-time cascades
03:14:15.357 [Test worker] DEBUG org.hibernate.event.internal.AbstractFlushingEventListener - Dirty checking collections
03:14:15.362 [Test worker] DEBUG org.hibernate.engine.internal.Collections - Collection found: [com.epam.esm.model.entity.UserEntity.orderEntities#1], was: [<unreferenced>] (initialized)
03:14:15.365 [Test worker] DEBUG org.hibernate.event.internal.AbstractFlushingEventListener - Flushed: 0 insertions, 0 updates, 0 deletions to 1 objects
03:14:15.365 [Test worker] DEBUG org.hibernate.event.internal.AbstractFlushingEventListener - Flushed: 1 (re)creations, 0 updates, 0 removals to 1 collections
03:14:15.366 [Test worker] DEBUG org.hibernate.internal.util.EntityPrinter - Listing entities:
03:14:15.366 [Test worker] DEBUG org.hibernate.internal.util.EntityPrinter - com.epam.esm.model.entity.UserEntity{id=1, orderEntities=[], username=Test}
03:14:15.366 [Test worker] DEBUG org.hibernate.SQL - select userentity0_.id as id1_5_, userentity0_.username as username2_5_ from UserEntity userentity0_ where userentity0_.username=?
Hibernate: select userentity0_.id as id1_5_, userentity0_.username as username2_5_ from UserEntity userentity0_ where userentity0_.username=?
03:14:15.367 [Test worker] DEBUG org.hibernate.stat.internal.StatisticsImpl - HHH000117: HQL: SELECT user FROM UserEntity user WHERE user.username = ?1, time: 0ms, rows: 0
03:14:15.367 [Test worker] DEBUG org.hibernate.engine.spi.ActionQueue - Executing identity-insert immediately
03:14:15.367 [Test worker] DEBUG org.hibernate.SQL - insert into UserEntity (id, username) values (null, ?)
Hibernate: insert into UserEntity (id, username) values (null, ?)
03:14:15.368 [Test worker] DEBUG org.hibernate.id.IdentifierGeneratorHelper - Natively generated identity: 2
03:14:15.368 [Test worker] DEBUG org.hibernate.resource.jdbc.internal.ResourceRegistryStandardImpl - HHH000387: ResultSet's statement was not registered
03:14:15.368 [Test worker] DEBUG org.hibernate.event.internal.AbstractFlushingEventListener - Processing flush-time cascades
03:14:15.368 [Test worker] DEBUG org.hibernate.event.internal.AbstractFlushingEventListener - Dirty checking collections
03:14:15.369 [Test worker] DEBUG org.hibernate.engine.internal.Collections - Collection found: [com.epam.esm.model.entity.UserEntity.orderEntities#1], was: [<unreferenced>] (initialized)
03:14:15.369 [Test worker] DEBUG org.hibernate.engine.internal.Collections - Collection found: [com.epam.esm.model.entity.UserEntity.orderEntities#2], was: [<unreferenced>] (initialized)
03:14:15.369 [Test worker] DEBUG org.hibernate.event.internal.AbstractFlushingEventListener - Flushed: 0 insertions, 0 updates, 0 deletions to 2 objects
03:14:15.369 [Test worker] DEBUG org.hibernate.event.internal.AbstractFlushingEventListener - Flushed: 2 (re)creations, 0 updates, 0 removals to 2 collections
03:14:15.369 [Test worker] DEBUG org.hibernate.internal.util.EntityPrinter - Listing entities:
03:14:15.369 [Test worker] DEBUG org.hibernate.internal.util.EntityPrinter - com.epam.esm.model.entity.UserEntity{id=2, orderEntities=[], username=TEST}
03:14:15.369 [Test worker] DEBUG org.hibernate.internal.util.EntityPrinter - com.epam.esm.model.entity.UserEntity{id=1, orderEntities=[], username=Test}
03:14:15.369 [Test worker] DEBUG org.hibernate.SQL - select userentity0_.id as id1_5_, userentity0_.username as username2_5_ from UserEntity userentity0_ where userentity0_.username=?
Hibernate: select userentity0_.id as id1_5_, userentity0_.username as username2_5_ from UserEntity userentity0_ where userentity0_.username=?
03:14:15.370 [Test worker] DEBUG org.hibernate.stat.internal.StatisticsImpl - HHH000117: HQL: SELECT user FROM UserEntity user WHERE user.username = ?1, time: 0ms, rows: 0
03:14:15.371 [Test worker] DEBUG org.hibernate.loader.Loader - Result row: EntityKey[com.epam.esm.model.entity.UserEntity#2]
03:14:15.375 [Test worker] DEBUG org.springframework.orm.jpa.JpaTransactionManager - Found thread-bound EntityManager [SessionImpl(1511036567<open>)] for JPA transaction
03:14:15.375 [Test worker] DEBUG org.springframework.orm.jpa.JpaTransactionManager - Participating in existing transaction
03:14:15.380 [Test worker] DEBUG org.hibernate.engine.spi.ActionQueue - Executing identity-insert immediately
03:14:15.381 [Test worker] DEBUG org.hibernate.SQL - insert into OrderEntity (id, owner_id, purchaseDate, summary) values (null, ?, ?, ?)
Hibernate: insert into OrderEntity (id, owner_id, purchaseDate, summary) values (null, ?, ?, ?)
03:14:15.383 [Test worker] DEBUG org.hibernate.id.IdentifierGeneratorHelper - Natively generated identity: 1
03:14:15.383 [Test worker] DEBUG org.hibernate.resource.jdbc.internal.ResourceRegistryStandardImpl - HHH000387: ResultSet's statement was not registered
03:14:15.384 [Test worker] DEBUG org.hibernate.event.internal.AbstractFlushingEventListener - Processing flush-time cascades
03:14:15.384 [Test worker] DEBUG org.hibernate.event.internal.AbstractFlushingEventListener - Dirty checking collections
03:14:15.384 [Test worker] DEBUG org.hibernate.engine.internal.Collections - Collection found: [com.epam.esm.model.entity.UserEntity.orderEntities#1], was: [<unreferenced>] (initialized)
03:14:15.384 [Test worker] DEBUG org.hibernate.engine.internal.Collections - Collection found: [com.epam.esm.model.entity.UserEntity.orderEntities#2], was: [<unreferenced>] (initialized)
03:14:15.384 [Test worker] DEBUG org.hibernate.engine.internal.Collections - Collection found: [com.epam.esm.model.entity.OrderEntity.certificateEntities#1], was: [<unreferenced>] (initialized)
03:14:15.384 [Test worker] DEBUG org.hibernate.event.internal.AbstractFlushingEventListener - Flushed: 0 insertions, 0 updates, 0 deletions to 3 objects
03:14:15.384 [Test worker] DEBUG org.hibernate.event.internal.AbstractFlushingEventListener - Flushed: 3 (re)creations, 0 updates, 0 removals to 3 collections
03:14:15.384 [Test worker] DEBUG org.hibernate.internal.util.EntityPrinter - Listing entities:
03:14:15.384 [Test worker] DEBUG org.hibernate.internal.util.EntityPrinter - com.epam.esm.model.entity.UserEntity{id=2, orderEntities=[com.epam.esm.model.entity.OrderEntity#1], username=TEST}
03:14:15.385 [Test worker] DEBUG org.hibernate.internal.util.EntityPrinter - com.epam.esm.model.entity.OrderEntity{owner=com.epam.esm.model.entity.UserEntity#2, summary=0.0, certificateEntities=[], purchaseDate=2021-11-06T03:14:15.376529, id=1}
03:14:15.385 [Test worker] DEBUG org.hibernate.internal.util.EntityPrinter - com.epam.esm.model.entity.UserEntity{id=1, orderEntities=[], username=Test}
03:14:15.385 [Test worker] DEBUG org.hibernate.SQL - select userentity0_.id as id1_5_, userentity0_.username as username2_5_ from UserEntity userentity0_ where userentity0_.username=?
Hibernate: select userentity0_.id as id1_5_, userentity0_.username as username2_5_ from UserEntity userentity0_ where userentity0_.username=?
03:14:15.385 [Test worker] DEBUG org.hibernate.stat.internal.StatisticsImpl - HHH000117: HQL: SELECT user FROM UserEntity user WHERE user.username = ?1, time: 0ms, rows: 0
03:14:15.385 [Test worker] DEBUG org.hibernate.loader.Loader - Result row: EntityKey[com.epam.esm.model.entity.UserEntity#1]
03:14:15.386 [Test worker] DEBUG org.springframework.orm.jpa.JpaTransactionManager - Found thread-bound EntityManager [SessionImpl(1511036567<open>)] for JPA transaction
03:14:15.386 [Test worker] DEBUG org.springframework.orm.jpa.JpaTransactionManager - Participating in existing transaction
03:14:15.386 [Test worker] DEBUG org.hibernate.engine.spi.ActionQueue - Executing identity-insert immediately
03:14:15.386 [Test worker] DEBUG org.hibernate.SQL - insert into OrderEntity (id, owner_id, purchaseDate, summary) values (null, ?, ?, ?)
Hibernate: insert into OrderEntity (id, owner_id, purchaseDate, summary) values (null, ?, ?, ?)
03:14:15.387 [Test worker] DEBUG org.hibernate.id.IdentifierGeneratorHelper - Natively generated identity: 2
03:14:15.387 [Test worker] DEBUG org.hibernate.resource.jdbc.internal.ResourceRegistryStandardImpl - HHH000387: ResultSet's statement was not registered
03:14:15.387 [Test worker] DEBUG org.hibernate.event.internal.AbstractFlushingEventListener - Processing flush-time cascades
03:14:15.387 [Test worker] DEBUG org.hibernate.event.internal.AbstractFlushingEventListener - Dirty checking collections
03:14:15.387 [Test worker] DEBUG org.hibernate.engine.internal.Collections - Collection found: [com.epam.esm.model.entity.UserEntity.orderEntities#1], was: [<unreferenced>] (initialized)
03:14:15.388 [Test worker] DEBUG org.hibernate.engine.internal.Collections - Collection found: [com.epam.esm.model.entity.UserEntity.orderEntities#2], was: [<unreferenced>] (initialized)
03:14:15.388 [Test worker] DEBUG org.hibernate.engine.internal.Collections - Collection found: [com.epam.esm.model.entity.OrderEntity.certificateEntities#1], was: [<unreferenced>] (initialized)
03:14:15.388 [Test worker] DEBUG org.hibernate.engine.internal.Collections - Collection found: [com.epam.esm.model.entity.OrderEntity.certificateEntities#2], was: [<unreferenced>] (initialized)
03:14:15.388 [Test worker] DEBUG org.hibernate.event.internal.AbstractFlushingEventListener - Flushed: 0 insertions, 0 updates, 0 deletions to 4 objects
03:14:15.388 [Test worker] DEBUG org.hibernate.event.internal.AbstractFlushingEventListener - Flushed: 4 (re)creations, 0 updates, 0 removals to 4 collections
03:14:15.388 [Test worker] DEBUG org.hibernate.internal.util.EntityPrinter - Listing entities:
03:14:15.388 [Test worker] DEBUG org.hibernate.internal.util.EntityPrinter - com.epam.esm.model.entity.OrderEntity{owner=com.epam.esm.model.entity.UserEntity#1, summary=0.0, certificateEntities=[], purchaseDate=2021-11-06T03:14:15.386276, id=2}
03:14:15.388 [Test worker] DEBUG org.hibernate.internal.util.EntityPrinter - com.epam.esm.model.entity.UserEntity{id=2, orderEntities=[com.epam.esm.model.entity.OrderEntity#1], username=TEST}
03:14:15.388 [Test worker] DEBUG org.hibernate.internal.util.EntityPrinter - com.epam.esm.model.entity.OrderEntity{owner=com.epam.esm.model.entity.UserEntity#2, summary=0.0, certificateEntities=[], purchaseDate=2021-11-06T03:14:15.376529, id=1}
03:14:15.388 [Test worker] DEBUG org.hibernate.internal.util.EntityPrinter - com.epam.esm.model.entity.UserEntity{id=1, orderEntities=[com.epam.esm.model.entity.OrderEntity#2], username=Test}
03:14:15.389 [Test worker] DEBUG org.hibernate.SQL - select userentity0_.id as id1_5_, userentity0_.username as username2_5_ from UserEntity userentity0_ where userentity0_.username=?
Hibernate: select userentity0_.id as id1_5_, userentity0_.username as username2_5_ from UserEntity userentity0_ where userentity0_.username=?
03:14:15.389 [Test worker] DEBUG org.hibernate.stat.internal.StatisticsImpl - HHH000117: HQL: SELECT user FROM UserEntity user WHERE user.username = ?1, time: 0ms, rows: 0
03:14:15.389 [Test worker] DEBUG org.hibernate.loader.Loader - Result row: EntityKey[com.epam.esm.model.entity.UserEntity#2]
03:14:15.389 [Test worker] DEBUG org.springframework.orm.jpa.JpaTransactionManager - Found thread-bound EntityManager [SessionImpl(1511036567<open>)] for JPA transaction
03:14:15.389 [Test worker] DEBUG org.springframework.orm.jpa.JpaTransactionManager - Participating in existing transaction
03:14:15.390 [Test worker] DEBUG org.hibernate.engine.spi.ActionQueue - Executing identity-insert immediately
03:14:15.390 [Test worker] DEBUG org.hibernate.SQL - insert into OrderEntity (id, owner_id, purchaseDate, summary) values (null, ?, ?, ?)
Hibernate: insert into OrderEntity (id, owner_id, purchaseDate, summary) values (null, ?, ?, ?)
03:14:15.391 [Test worker] DEBUG org.hibernate.id.IdentifierGeneratorHelper - Natively generated identity: 3
03:14:15.391 [Test worker] DEBUG org.hibernate.resource.jdbc.internal.ResourceRegistryStandardImpl - HHH000387: ResultSet's statement was not registered
03:14:15.391 [Test worker] DEBUG org.hibernate.event.internal.AbstractFlushingEventListener - Processing flush-time cascades
03:14:15.391 [Test worker] DEBUG org.hibernate.event.internal.AbstractFlushingEventListener - Dirty checking collections
03:14:15.391 [Test worker] DEBUG org.hibernate.engine.internal.Collections - Collection found: [com.epam.esm.model.entity.UserEntity.orderEntities#1], was: [<unreferenced>] (initialized)
03:14:15.391 [Test worker] DEBUG org.hibernate.engine.internal.Collections - Collection found: [com.epam.esm.model.entity.UserEntity.orderEntities#2], was: [<unreferenced>] (initialized)
03:14:15.391 [Test worker] DEBUG org.hibernate.engine.internal.Collections - Collection found: [com.epam.esm.model.entity.OrderEntity.certificateEntities#1], was: [<unreferenced>] (initialized)
03:14:15.391 [Test worker] DEBUG org.hibernate.engine.internal.Collections - Collection found: [com.epam.esm.model.entity.OrderEntity.certificateEntities#2], was: [<unreferenced>] (initialized)
03:14:15.392 [Test worker] DEBUG org.hibernate.engine.internal.Collections - Collection found: [com.epam.esm.model.entity.OrderEntity.certificateEntities#3], was: [<unreferenced>] (initialized)
03:14:15.392 [Test worker] DEBUG org.hibernate.event.internal.AbstractFlushingEventListener - Flushed: 0 insertions, 0 updates, 0 deletions to 5 objects
03:14:15.392 [Test worker] DEBUG org.hibernate.event.internal.AbstractFlushingEventListener - Flushed: 5 (re)creations, 0 updates, 0 removals to 5 collections
03:14:15.392 [Test worker] DEBUG org.hibernate.internal.util.EntityPrinter - Listing entities:
03:14:15.392 [Test worker] DEBUG org.hibernate.internal.util.EntityPrinter - com.epam.esm.model.entity.OrderEntity{owner=com.epam.esm.model.entity.UserEntity#1, summary=0.0, certificateEntities=[], purchaseDate=2021-11-06T03:14:15.386276, id=2}
03:14:15.392 [Test worker] DEBUG org.hibernate.internal.util.EntityPrinter - com.epam.esm.model.entity.UserEntity{id=2, orderEntities=[com.epam.esm.model.entity.OrderEntity#1, com.epam.esm.model.entity.OrderEntity#3], username=TEST}
03:14:15.392 [Test worker] DEBUG org.hibernate.internal.util.EntityPrinter - com.epam.esm.model.entity.OrderEntity{owner=com.epam.esm.model.entity.UserEntity#2, summary=0.0, certificateEntities=[], purchaseDate=2021-11-06T03:14:15.376529, id=1}
03:14:15.392 [Test worker] DEBUG org.hibernate.internal.util.EntityPrinter - com.epam.esm.model.entity.UserEntity{id=1, orderEntities=[com.epam.esm.model.entity.OrderEntity#2], username=Test}
03:14:15.392 [Test worker] DEBUG org.hibernate.internal.util.EntityPrinter - com.epam.esm.model.entity.OrderEntity{owner=com.epam.esm.model.entity.UserEntity#2, summary=0.0, certificateEntities=[], purchaseDate=2021-11-06T03:14:15.390084, id=3}
03:14:15.392 [Test worker] DEBUG org.hibernate.SQL - select userentity0_.id as id1_5_, userentity0_.username as username2_5_ from UserEntity userentity0_ where userentity0_.username=?
Hibernate: select userentity0_.id as id1_5_, userentity0_.username as username2_5_ from UserEntity userentity0_ where userentity0_.username=?
03:14:15.393 [Test worker] DEBUG org.hibernate.stat.internal.StatisticsImpl - HHH000117: HQL: SELECT user FROM UserEntity user WHERE user.username = ?1, time: 0ms, rows: 0
03:14:15.393 [Test worker] DEBUG org.hibernate.loader.Loader - Result row: EntityKey[com.epam.esm.model.entity.UserEntity#1]
03:14:15.393 [Test worker] DEBUG org.springframework.orm.jpa.JpaTransactionManager - Found thread-bound EntityManager [SessionImpl(1511036567<open>)] for JPA transaction
03:14:15.393 [Test worker] DEBUG org.springframework.orm.jpa.JpaTransactionManager - Participating in existing transaction
03:14:15.394 [Test worker] DEBUG org.hibernate.engine.spi.ActionQueue - Executing identity-insert immediately
03:14:15.394 [Test worker] DEBUG org.hibernate.SQL - insert into OrderEntity (id, owner_id, purchaseDate, summary) values (null, ?, ?, ?)
Hibernate: insert into OrderEntity (id, owner_id, purchaseDate, summary) values (null, ?, ?, ?)
03:14:15.395 [Test worker] DEBUG org.hibernate.id.IdentifierGeneratorHelper - Natively generated identity: 4
03:14:15.395 [Test worker] DEBUG org.hibernate.resource.jdbc.internal.ResourceRegistryStandardImpl - HHH000387: ResultSet's statement was not registered
03:14:15.395 [Test worker] DEBUG org.hibernate.event.internal.AbstractFlushingEventListener - Processing flush-time cascades
03:14:15.395 [Test worker] DEBUG org.hibernate.event.internal.AbstractFlushingEventListener - Dirty checking collections
03:14:15.396 [Test worker] DEBUG org.hibernate.engine.internal.Collections - Collection found: [com.epam.esm.model.entity.UserEntity.orderEntities#1], was: [<unreferenced>] (initialized)
03:14:15.396 [Test worker] DEBUG org.hibernate.engine.internal.Collections - Collection found: [com.epam.esm.model.entity.UserEntity.orderEntities#2], was: [<unreferenced>] (initialized)
03:14:15.396 [Test worker] DEBUG org.hibernate.engine.internal.Collections - Collection found: [com.epam.esm.model.entity.OrderEntity.certificateEntities#1], was: [<unreferenced>] (initialized)
03:14:15.396 [Test worker] DEBUG org.hibernate.engine.internal.Collections - Collection found: [com.epam.esm.model.entity.OrderEntity.certificateEntities#2], was: [<unreferenced>] (initialized)
03:14:15.396 [Test worker] DEBUG org.hibernate.engine.internal.Collections - Collection found: [com.epam.esm.model.entity.OrderEntity.certificateEntities#3], was: [<unreferenced>] (initialized)
03:14:15.396 [Test worker] DEBUG org.hibernate.engine.internal.Collections - Collection found: [com.epam.esm.model.entity.OrderEntity.certificateEntities#4], was: [<unreferenced>] (initialized)
03:14:15.397 [Test worker] DEBUG org.hibernate.event.internal.AbstractFlushingEventListener - Flushed: 0 insertions, 0 updates, 0 deletions to 6 objects
03:14:15.397 [Test worker] DEBUG org.hibernate.event.internal.AbstractFlushingEventListener - Flushed: 6 (re)creations, 0 updates, 0 removals to 6 collections
03:14:15.397 [Test worker] DEBUG org.hibernate.internal.util.EntityPrinter - Listing entities:
03:14:15.397 [Test worker] DEBUG org.hibernate.internal.util.EntityPrinter - com.epam.esm.model.entity.OrderEntity{owner=com.epam.esm.model.entity.UserEntity#1, summary=0.0, certificateEntities=[], purchaseDate=2021-11-06T03:14:15.386276, id=2}
03:14:15.397 [Test worker] DEBUG org.hibernate.internal.util.EntityPrinter - com.epam.esm.model.entity.UserEntity{id=2, orderEntities=[com.epam.esm.model.entity.OrderEntity#1, com.epam.esm.model.entity.OrderEntity#3], username=TEST}
03:14:15.397 [Test worker] DEBUG org.hibernate.internal.util.EntityPrinter - com.epam.esm.model.entity.OrderEntity{owner=com.epam.esm.model.entity.UserEntity#2, summary=0.0, certificateEntities=[], purchaseDate=2021-11-06T03:14:15.376529, id=1}
03:14:15.397 [Test worker] DEBUG org.hibernate.internal.util.EntityPrinter - com.epam.esm.model.entity.UserEntity{id=1, orderEntities=[com.epam.esm.model.entity.OrderEntity#2, com.epam.esm.model.entity.OrderEntity#4], username=Test}
03:14:15.397 [Test worker] DEBUG org.hibernate.internal.util.EntityPrinter - com.epam.esm.model.entity.OrderEntity{owner=com.epam.esm.model.entity.UserEntity#1, summary=0.0, certificateEntities=[], purchaseDate=2021-11-06T03:14:15.393768, id=4}
03:14:15.397 [Test worker] DEBUG org.hibernate.internal.util.EntityPrinter - com.epam.esm.model.entity.OrderEntity{owner=com.epam.esm.model.entity.UserEntity#2, summary=0.0, certificateEntities=[], purchaseDate=2021-11-06T03:14:15.390084, id=3}
03:14:15.397 [Test worker] DEBUG org.hibernate.SQL - select userentity0_.id as id1_5_, userentity0_.username as username2_5_ from UserEntity userentity0_ where userentity0_.username=?
Hibernate: select userentity0_.id as id1_5_, userentity0_.username as username2_5_ from UserEntity userentity0_ where userentity0_.username=?
03:14:15.398 [Test worker] DEBUG org.hibernate.stat.internal.StatisticsImpl - HHH000117: HQL: SELECT user FROM UserEntity user WHERE user.username = ?1, time: 0ms, rows: 0
03:14:15.398 [Test worker] DEBUG org.hibernate.loader.Loader - Result row: EntityKey[com.epam.esm.model.entity.UserEntity#2]
03:14:15.398 [Test worker] DEBUG org.springframework.orm.jpa.JpaTransactionManager - Found thread-bound EntityManager [SessionImpl(1511036567<open>)] for JPA transaction
03:14:15.398 [Test worker] DEBUG org.springframework.orm.jpa.JpaTransactionManager - Participating in existing transaction
03:14:15.399 [Test worker] DEBUG org.hibernate.engine.spi.ActionQueue - Executing identity-insert immediately
03:14:15.399 [Test worker] DEBUG org.hibernate.SQL - insert into OrderEntity (id, owner_id, purchaseDate, summary) values (null, ?, ?, ?)
Hibernate: insert into OrderEntity (id, owner_id, purchaseDate, summary) values (null, ?, ?, ?)
03:14:15.400 [Test worker] DEBUG org.hibernate.id.IdentifierGeneratorHelper - Natively generated identity: 5
03:14:15.400 [Test worker] DEBUG org.hibernate.resource.jdbc.internal.ResourceRegistryStandardImpl - HHH000387: ResultSet's statement was not registered
03:14:15.400 [Test worker] DEBUG org.hibernate.event.internal.AbstractFlushingEventListener - Processing flush-time cascades
03:14:15.400 [Test worker] DEBUG org.hibernate.event.internal.AbstractFlushingEventListener - Dirty checking collections
03:14:15.401 [Test worker] DEBUG org.hibernate.engine.internal.Collections - Collection found: [com.epam.esm.model.entity.UserEntity.orderEntities#1], was: [<unreferenced>] (initialized)
03:14:15.401 [Test worker] DEBUG org.hibernate.engine.internal.Collections - Collection found: [com.epam.esm.model.entity.UserEntity.orderEntities#2], was: [<unreferenced>] (initialized)
03:14:15.401 [Test worker] DEBUG org.hibernate.engine.internal.Collections - Collection found: [com.epam.esm.model.entity.OrderEntity.certificateEntities#1], was: [<unreferenced>] (initialized)
03:14:15.401 [Test worker] DEBUG org.hibernate.engine.internal.Collections - Collection found: [com.epam.esm.model.entity.OrderEntity.certificateEntities#2], was: [<unreferenced>] (initialized)
03:14:15.401 [Test worker] DEBUG org.hibernate.engine.internal.Collections - Collection found: [com.epam.esm.model.entity.OrderEntity.certificateEntities#3], was: [<unreferenced>] (initialized)
03:14:15.401 [Test worker] DEBUG org.hibernate.engine.internal.Collections - Collection found: [com.epam.esm.model.entity.OrderEntity.certificateEntities#4], was: [<unreferenced>] (initialized)
03:14:15.402 [Test worker] DEBUG org.hibernate.engine.internal.Collections - Collection found: [com.epam.esm.model.entity.OrderEntity.certificateEntities#5], was: [<unreferenced>] (initialized)
03:14:15.402 [Test worker] DEBUG org.hibernate.event.internal.AbstractFlushingEventListener - Flushed: 0 insertions, 0 updates, 0 deletions to 7 objects
03:14:15.402 [Test worker] DEBUG org.hibernate.event.internal.AbstractFlushingEventListener - Flushed: 7 (re)creations, 0 updates, 0 removals to 7 collections
03:14:15.402 [Test worker] DEBUG org.hibernate.internal.util.EntityPrinter - Listing entities:
03:14:15.402 [Test worker] DEBUG org.hibernate.internal.util.EntityPrinter - com.epam.esm.model.entity.OrderEntity{owner=com.epam.esm.model.entity.UserEntity#1, summary=0.0, certificateEntities=[], purchaseDate=2021-11-06T03:14:15.386276, id=2}
03:14:15.402 [Test worker] DEBUG org.hibernate.internal.util.EntityPrinter - com.epam.esm.model.entity.UserEntity{id=2, orderEntities=[com.epam.esm.model.entity.OrderEntity#1, com.epam.esm.model.entity.OrderEntity#3, com.epam.esm.model.entity.OrderEntity#5], username=TEST}
03:14:15.402 [Test worker] DEBUG org.hibernate.internal.util.EntityPrinter - com.epam.esm.model.entity.OrderEntity{owner=com.epam.esm.model.entity.UserEntity#2, summary=0.0, certificateEntities=[], purchaseDate=2021-11-06T03:14:15.376529, id=1}
03:14:15.402 [Test worker] DEBUG org.hibernate.internal.util.EntityPrinter - com.epam.esm.model.entity.UserEntity{id=1, orderEntities=[com.epam.esm.model.entity.OrderEntity#2, com.epam.esm.model.entity.OrderEntity#4], username=Test}
03:14:15.402 [Test worker] DEBUG org.hibernate.internal.util.EntityPrinter - com.epam.esm.model.entity.OrderEntity{owner=com.epam.esm.model.entity.UserEntity#2, summary=0.0, certificateEntities=[], purchaseDate=2021-11-06T03:14:15.399044, id=5}
03:14:15.402 [Test worker] DEBUG org.hibernate.internal.util.EntityPrinter - com.epam.esm.model.entity.OrderEntity{owner=com.epam.esm.model.entity.UserEntity#1, summary=0.0, certificateEntities=[], purchaseDate=2021-11-06T03:14:15.393768, id=4}
03:14:15.402 [Test worker] DEBUG org.hibernate.internal.util.EntityPrinter - com.epam.esm.model.entity.OrderEntity{owner=com.epam.esm.model.entity.UserEntity#2, summary=0.0, certificateEntities=[], purchaseDate=2021-11-06T03:14:15.390084, id=3}
03:14:15.403 [Test worker] DEBUG org.hibernate.SQL - select userentity0_.id as id1_5_, userentity0_.username as username2_5_ from UserEntity userentity0_ where userentity0_.username=?
Hibernate: select userentity0_.id as id1_5_, userentity0_.username as username2_5_ from UserEntity userentity0_ where userentity0_.username=?
03:14:15.403 [Test worker] DEBUG org.hibernate.stat.internal.StatisticsImpl - HHH000117: HQL: SELECT user FROM UserEntity user WHERE user.username = ?1, time: 0ms, rows: 0
03:14:15.403 [Test worker] DEBUG org.hibernate.loader.Loader - Result row: EntityKey[com.epam.esm.model.entity.UserEntity#1]
03:14:15.404 [Test worker] DEBUG org.springframework.orm.jpa.JpaTransactionManager - Found thread-bound EntityManager [SessionImpl(1511036567<open>)] for JPA transaction
03:14:15.404 [Test worker] DEBUG org.springframework.orm.jpa.JpaTransactionManager - Participating in existing transaction
03:14:15.404 [Test worker] DEBUG org.hibernate.engine.spi.ActionQueue - Executing identity-insert immediately
03:14:15.404 [Test worker] DEBUG org.hibernate.SQL - insert into OrderEntity (id, owner_id, purchaseDate, summary) values (null, ?, ?, ?)
Hibernate: insert into OrderEntity (id, owner_id, purchaseDate, summary) values (null, ?, ?, ?)
03:14:15.405 [Test worker] DEBUG org.hibernate.id.IdentifierGeneratorHelper - Natively generated identity: 6
03:14:15.405 [Test worker] DEBUG org.hibernate.resource.jdbc.internal.ResourceRegistryStandardImpl - HHH000387: ResultSet's statement was not registered
03:14:15.405 [Test worker] DEBUG org.hibernate.event.internal.AbstractFlushingEventListener - Processing flush-time cascades
03:14:15.405 [Test worker] DEBUG org.hibernate.event.internal.AbstractFlushingEventListener - Dirty checking collections
03:14:15.405 [Test worker] DEBUG org.hibernate.engine.internal.Collections - Collection found: [com.epam.esm.model.entity.UserEntity.orderEntities#1], was: [<unreferenced>] (initialized)
03:14:15.405 [Test worker] DEBUG org.hibernate.engine.internal.Collections - Collection found: [com.epam.esm.model.entity.UserEntity.orderEntities#2], was: [<unreferenced>] (initialized)
03:14:15.405 [Test worker] DEBUG org.hibernate.engine.internal.Collections - Collection found: [com.epam.esm.model.entity.OrderEntity.certificateEntities#1], was: [<unreferenced>] (initialized)
03:14:15.406 [Test worker] DEBUG org.hibernate.engine.internal.Collections - Collection found: [com.epam.esm.model.entity.OrderEntity.certificateEntities#2], was: [<unreferenced>] (initialized)
03:14:15.406 [Test worker] DEBUG org.hibernate.engine.internal.Collections - Collection found: [com.epam.esm.model.entity.OrderEntity.certificateEntities#3], was: [<unreferenced>] (initialized)
03:14:15.406 [Test worker] DEBUG org.hibernate.engine.internal.Collections - Collection found: [com.epam.esm.model.entity.OrderEntity.certificateEntities#4], was: [<unreferenced>] (initialized)
03:14:15.406 [Test worker] DEBUG org.hibernate.engine.internal.Collections - Collection found: [com.epam.esm.model.entity.OrderEntity.certificateEntities#5], was: [<unreferenced>] (initialized)
03:14:15.406 [Test worker] DEBUG org.hibernate.engine.internal.Collections - Collection found: [com.epam.esm.model.entity.OrderEntity.certificateEntities#6], was: [<unreferenced>] (initialized)
03:14:15.406 [Test worker] DEBUG org.hibernate.event.internal.AbstractFlushingEventListener - Flushed: 0 insertions, 0 updates, 0 deletions to 8 objects
03:14:15.406 [Test worker] DEBUG org.hibernate.event.internal.AbstractFlushingEventListener - Flushed: 8 (re)creations, 0 updates, 0 removals to 8 collections
03:14:15.406 [Test worker] DEBUG org.hibernate.internal.util.EntityPrinter - Listing entities:
03:14:15.406 [Test worker] DEBUG org.hibernate.internal.util.EntityPrinter - com.epam.esm.model.entity.OrderEntity{owner=com.epam.esm.model.entity.UserEntity#1, summary=0.0, certificateEntities=[], purchaseDate=2021-11-06T03:14:15.386276, id=2}
03:14:15.407 [Test worker] DEBUG org.hibernate.internal.util.EntityPrinter - com.epam.esm.model.entity.UserEntity{id=2, orderEntities=[com.epam.esm.model.entity.OrderEntity#1, com.epam.esm.model.entity.OrderEntity#3, com.epam.esm.model.entity.OrderEntity#5], username=TEST}
03:14:15.407 [Test worker] DEBUG org.hibernate.internal.util.EntityPrinter - com.epam.esm.model.entity.OrderEntity{owner=com.epam.esm.model.entity.UserEntity#2, summary=0.0, certificateEntities=[], purchaseDate=2021-11-06T03:14:15.376529, id=1}
03:14:15.407 [Test worker] DEBUG org.hibernate.internal.util.EntityPrinter - com.epam.esm.model.entity.UserEntity{id=1, orderEntities=[com.epam.esm.model.entity.OrderEntity#2, com.epam.esm.model.entity.OrderEntity#4, com.epam.esm.model.entity.OrderEntity#6], username=Test}
03:14:15.407 [Test worker] DEBUG org.hibernate.internal.util.EntityPrinter - com.epam.esm.model.entity.OrderEntity{owner=com.epam.esm.model.entity.UserEntity#1, summary=0.0, certificateEntities=[], purchaseDate=2021-11-06T03:14:15.404155, id=6}
03:14:15.407 [Test worker] DEBUG org.hibernate.internal.util.EntityPrinter - com.epam.esm.model.entity.OrderEntity{owner=com.epam.esm.model.entity.UserEntity#2, summary=0.0, certificateEntities=[], purchaseDate=2021-11-06T03:14:15.399044, id=5}
03:14:15.407 [Test worker] DEBUG org.hibernate.internal.util.EntityPrinter - com.epam.esm.model.entity.OrderEntity{owner=com.epam.esm.model.entity.UserEntity#1, summary=0.0, certificateEntities=[], purchaseDate=2021-11-06T03:14:15.393768, id=4}
03:14:15.407 [Test worker] DEBUG org.hibernate.internal.util.EntityPrinter - com.epam.esm.model.entity.OrderEntity{owner=com.epam.esm.model.entity.UserEntity#2, summary=0.0, certificateEntities=[], purchaseDate=2021-11-06T03:14:15.390084, id=3}
03:14:15.407 [Test worker] DEBUG org.hibernate.SQL - select userentity0_.id as id1_5_, userentity0_.username as username2_5_ from UserEntity userentity0_ where userentity0_.username=?
Hibernate: select userentity0_.id as id1_5_, userentity0_.username as username2_5_ from UserEntity userentity0_ where userentity0_.username=?
03:14:15.408 [Test worker] DEBUG org.hibernate.stat.internal.StatisticsImpl - HHH000117: HQL: SELECT user FROM UserEntity user WHERE user.username = ?1, time: 0ms, rows: 0
03:14:15.408 [Test worker] DEBUG org.hibernate.loader.Loader - Result row: EntityKey[com.epam.esm.model.entity.UserEntity#2]
03:14:15.408 [Test worker] DEBUG org.springframework.orm.jpa.JpaTransactionManager - Found thread-bound EntityManager [SessionImpl(1511036567<open>)] for JPA transaction
03:14:15.408 [Test worker] DEBUG org.springframework.orm.jpa.JpaTransactionManager - Participating in existing transaction
03:14:15.408 [Test worker] DEBUG org.hibernate.engine.spi.ActionQueue - Executing identity-insert immediately
03:14:15.408 [Test worker] DEBUG org.hibernate.SQL - insert into OrderEntity (id, owner_id, purchaseDate, summary) values (null, ?, ?, ?)
Hibernate: insert into OrderEntity (id, owner_id, purchaseDate, summary) values (null, ?, ?, ?)
03:14:15.409 [Test worker] DEBUG org.hibernate.id.IdentifierGeneratorHelper - Natively generated identity: 7
03:14:15.409 [Test worker] DEBUG org.hibernate.resource.jdbc.internal.ResourceRegistryStandardImpl - HHH000387: ResultSet's statement was not registered
03:14:15.409 [Test worker] DEBUG org.hibernate.event.internal.AbstractFlushingEventListener - Processing flush-time cascades
03:14:15.410 [Test worker] DEBUG org.hibernate.event.internal.AbstractFlushingEventListener - Dirty checking collections
03:14:15.410 [Test worker] DEBUG org.hibernate.engine.internal.Collections - Collection found: [com.epam.esm.model.entity.UserEntity.orderEntities#1], was: [<unreferenced>] (initialized)
03:14:15.410 [Test worker] DEBUG org.hibernate.engine.internal.Collections - Collection found: [com.epam.esm.model.entity.UserEntity.orderEntities#2], was: [<unreferenced>] (initialized)
03:14:15.410 [Test worker] DEBUG org.hibernate.engine.internal.Collections - Collection found: [com.epam.esm.model.entity.OrderEntity.certificateEntities#1], was: [<unreferenced>] (initialized)
03:14:15.410 [Test worker] DEBUG org.hibernate.engine.internal.Collections - Collection found: [com.epam.esm.model.entity.OrderEntity.certificateEntities#2], was: [<unreferenced>] (initialized)
03:14:15.410 [Test worker] DEBUG org.hibernate.engine.internal.Collections - Collection found: [com.epam.esm.model.entity.OrderEntity.certificateEntities#3], was: [<unreferenced>] (initialized)
03:14:15.411 [Test worker] DEBUG org.hibernate.engine.internal.Collections - Collection found: [com.epam.esm.model.entity.OrderEntity.certificateEntities#4], was: [<unreferenced>] (initialized)
03:14:15.411 [Test worker] DEBUG org.hibernate.engine.internal.Collections - Collection found: [com.epam.esm.model.entity.OrderEntity.certificateEntities#5], was: [<unreferenced>] (initialized)
03:14:15.411 [Test worker] DEBUG org.hibernate.engine.internal.Collections - Collection found: [com.epam.esm.model.entity.OrderEntity.certificateEntities#6], was: [<unreferenced>] (initialized)
03:14:15.411 [Test worker] DEBUG org.hibernate.engine.internal.Collections - Collection found: [com.epam.esm.model.entity.OrderEntity.certificateEntities#7], was: [<unreferenced>] (initialized)
03:14:15.411 [Test worker] DEBUG org.hibernate.event.internal.AbstractFlushingEventListener - Flushed: 0 insertions, 0 updates, 0 deletions to 9 objects
03:14:15.411 [Test worker] DEBUG org.hibernate.event.internal.AbstractFlushingEventListener - Flushed: 9 (re)creations, 0 updates, 0 removals to 9 collections
03:14:15.411 [Test worker] DEBUG org.hibernate.internal.util.EntityPrinter - Listing entities:
03:14:15.411 [Test worker] DEBUG org.hibernate.internal.util.EntityPrinter - com.epam.esm.model.entity.OrderEntity{owner=com.epam.esm.model.entity.UserEntity#1, summary=0.0, certificateEntities=[], purchaseDate=2021-11-06T03:14:15.386276, id=2}
03:14:15.411 [Test worker] DEBUG org.hibernate.internal.util.EntityPrinter - com.epam.esm.model.entity.UserEntity{id=2, orderEntities=[com.epam.esm.model.entity.OrderEntity#1, com.epam.esm.model.entity.OrderEntity#3, com.epam.esm.model.entity.OrderEntity#5, com.epam.esm.model.entity.OrderEntity#7], username=TEST}
03:14:15.411 [Test worker] DEBUG org.hibernate.internal.util.EntityPrinter - com.epam.esm.model.entity.OrderEntity{owner=com.epam.esm.model.entity.UserEntity#2, summary=0.0, certificateEntities=[], purchaseDate=2021-11-06T03:14:15.376529, id=1}
03:14:15.412 [Test worker] DEBUG org.hibernate.internal.util.EntityPrinter - com.epam.esm.model.entity.UserEntity{id=1, orderEntities=[com.epam.esm.model.entity.OrderEntity#2, com.epam.esm.model.entity.OrderEntity#4, com.epam.esm.model.entity.OrderEntity#6], username=Test}
03:14:15.412 [Test worker] DEBUG org.hibernate.internal.util.EntityPrinter - com.epam.esm.model.entity.OrderEntity{owner=com.epam.esm.model.entity.UserEntity#2, summary=0.0, certificateEntities=[], purchaseDate=2021-11-06T03:14:15.408461, id=7}
03:14:15.412 [Test worker] DEBUG org.hibernate.internal.util.EntityPrinter - com.epam.esm.model.entity.OrderEntity{owner=com.epam.esm.model.entity.UserEntity#1, summary=0.0, certificateEntities=[], purchaseDate=2021-11-06T03:14:15.404155, id=6}
03:14:15.412 [Test worker] DEBUG org.hibernate.internal.util.EntityPrinter - com.epam.esm.model.entity.OrderEntity{owner=com.epam.esm.model.entity.UserEntity#2, summary=0.0, certificateEntities=[], purchaseDate=2021-11-06T03:14:15.399044, id=5}
03:14:15.412 [Test worker] DEBUG org.hibernate.internal.util.EntityPrinter - com.epam.esm.model.entity.OrderEntity{owner=com.epam.esm.model.entity.UserEntity#1, summary=0.0, certificateEntities=[], purchaseDate=2021-11-06T03:14:15.393768, id=4}
03:14:15.412 [Test worker] DEBUG org.hibernate.internal.util.EntityPrinter - com.epam.esm.model.entity.OrderEntity{owner=com.epam.esm.model.entity.UserEntity#2, summary=0.0, certificateEntities=[], purchaseDate=2021-11-06T03:14:15.390084, id=3}
03:14:15.412 [Test worker] DEBUG org.hibernate.SQL - select userentity0_.id as id1_5_, userentity0_.username as username2_5_ from UserEntity userentity0_ where userentity0_.username=?
Hibernate: select userentity0_.id as id1_5_, userentity0_.username as username2_5_ from UserEntity userentity0_ where userentity0_.username=?
03:14:15.413 [Test worker] DEBUG org.hibernate.stat.internal.StatisticsImpl - HHH000117: HQL: SELECT user FROM UserEntity user WHERE user.username = ?1, time: 0ms, rows: 0
03:14:15.413 [Test worker] DEBUG org.hibernate.loader.Loader - Result row: EntityKey[com.epam.esm.model.entity.UserEntity#1]
03:14:15.413 [Test worker] DEBUG org.springframework.orm.jpa.JpaTransactionManager - Found thread-bound EntityManager [SessionImpl(1511036567<open>)] for JPA transaction
03:14:15.413 [Test worker] DEBUG org.springframework.orm.jpa.JpaTransactionManager - Participating in existing transaction
03:14:15.414 [Test worker] DEBUG org.hibernate.engine.spi.ActionQueue - Executing identity-insert immediately
03:14:15.414 [Test worker] DEBUG org.hibernate.SQL - insert into OrderEntity (id, owner_id, purchaseDate, summary) values (null, ?, ?, ?)
Hibernate: insert into OrderEntity (id, owner_id, purchaseDate, summary) values (null, ?, ?, ?)
03:14:15.415 [Test worker] DEBUG org.hibernate.id.IdentifierGeneratorHelper - Natively generated identity: 8
03:14:15.415 [Test worker] DEBUG org.hibernate.resource.jdbc.internal.ResourceRegistryStandardImpl - HHH000387: ResultSet's statement was not registered
03:14:15.415 [Test worker] DEBUG org.hibernate.event.internal.AbstractFlushingEventListener - Processing flush-time cascades
03:14:15.415 [Test worker] DEBUG org.hibernate.event.internal.AbstractFlushingEventListener - Dirty checking collections
03:14:15.416 [Test worker] DEBUG org.hibernate.engine.internal.Collections - Collection found: [com.epam.esm.model.entity.UserEntity.orderEntities#1], was: [<unreferenced>] (initialized)
03:14:15.416 [Test worker] DEBUG org.hibernate.engine.internal.Collections - Collection found: [com.epam.esm.model.entity.UserEntity.orderEntities#2], was: [<unreferenced>] (initialized)
03:14:15.416 [Test worker] DEBUG org.hibernate.engine.internal.Collections - Collection found: [com.epam.esm.model.entity.OrderEntity.certificateEntities#1], was: [<unreferenced>] (initialized)
03:14:15.416 [Test worker] DEBUG org.hibernate.engine.internal.Collections - Collection found: [com.epam.esm.model.entity.OrderEntity.certificateEntities#2], was: [<unreferenced>] (initialized)
03:14:15.416 [Test worker] DEBUG org.hibernate.engine.internal.Collections - Collection found: [com.epam.esm.model.entity.OrderEntity.certificateEntities#3], was: [<unreferenced>] (initialized)
03:14:15.416 [Test worker] DEBUG org.hibernate.engine.internal.Collections - Collection found: [com.epam.esm.model.entity.OrderEntity.certificateEntities#4], was: [<unreferenced>] (initialized)
03:14:15.416 [Test worker] DEBUG org.hibernate.engine.internal.Collections - Collection found: [com.epam.esm.model.entity.OrderEntity.certificateEntities#5], was: [<unreferenced>] (initialized)
03:14:15.416 [Test worker] DEBUG org.hibernate.engine.internal.Collections - Collection found: [com.epam.esm.model.entity.OrderEntity.certificateEntities#6], was: [<unreferenced>] (initialized)
03:14:15.416 [Test worker] DEBUG org.hibernate.engine.internal.Collections - Collection found: [com.epam.esm.model.entity.OrderEntity.certificateEntities#7], was: [<unreferenced>] (initialized)
03:14:15.417 [Test worker] DEBUG org.hibernate.engine.internal.Collections - Collection found: [com.epam.esm.model.entity.OrderEntity.certificateEntities#8], was: [<unreferenced>] (initialized)
03:14:15.417 [Test worker] DEBUG org.hibernate.event.internal.AbstractFlushingEventListener - Flushed: 0 insertions, 0 updates, 0 deletions to 10 objects
03:14:15.417 [Test worker] DEBUG org.hibernate.event.internal.AbstractFlushingEventListener - Flushed: 10 (re)creations, 0 updates, 0 removals to 10 collections
03:14:15.417 [Test worker] DEBUG org.hibernate.internal.util.EntityPrinter - Listing entities:
03:14:15.417 [Test worker] DEBUG org.hibernate.internal.util.EntityPrinter - com.epam.esm.model.entity.OrderEntity{owner=com.epam.esm.model.entity.UserEntity#1, summary=0.0, certificateEntities=[], purchaseDate=2021-11-06T03:14:15.386276, id=2}
03:14:15.417 [Test worker] DEBUG org.hibernate.internal.util.EntityPrinter - com.epam.esm.model.entity.UserEntity{id=2, orderEntities=[com.epam.esm.model.entity.OrderEntity#1, com.epam.esm.model.entity.OrderEntity#3, com.epam.esm.model.entity.OrderEntity#5, com.epam.esm.model.entity.OrderEntity#7], username=TEST}
03:14:15.417 [Test worker] DEBUG org.hibernate.internal.util.EntityPrinter - com.epam.esm.model.entity.OrderEntity{owner=com.epam.esm.model.entity.UserEntity#2, summary=0.0, certificateEntities=[], purchaseDate=2021-11-06T03:14:15.376529, id=1}
03:14:15.417 [Test worker] DEBUG org.hibernate.internal.util.EntityPrinter - com.epam.esm.model.entity.UserEntity{id=1, orderEntities=[com.epam.esm.model.entity.OrderEntity#2, com.epam.esm.model.entity.OrderEntity#4, com.epam.esm.model.entity.OrderEntity#6, com.epam.esm.model.entity.OrderEntity#8], username=Test}
03:14:15.417 [Test worker] DEBUG org.hibernate.internal.util.EntityPrinter - com.epam.esm.model.entity.OrderEntity{owner=com.epam.esm.model.entity.UserEntity#1, summary=0.0, certificateEntities=[], purchaseDate=2021-11-06T03:14:15.413709, id=8}
03:14:15.417 [Test worker] DEBUG org.hibernate.internal.util.EntityPrinter - com.epam.esm.model.entity.OrderEntity{owner=com.epam.esm.model.entity.UserEntity#2, summary=0.0, certificateEntities=[], purchaseDate=2021-11-06T03:14:15.408461, id=7}
03:14:15.417 [Test worker] DEBUG org.hibernate.internal.util.EntityPrinter - com.epam.esm.model.entity.OrderEntity{owner=com.epam.esm.model.entity.UserEntity#1, summary=0.0, certificateEntities=[], purchaseDate=2021-11-06T03:14:15.404155, id=6}
03:14:15.418 [Test worker] DEBUG org.hibernate.internal.util.EntityPrinter - com.epam.esm.model.entity.OrderEntity{owner=com.epam.esm.model.entity.UserEntity#2, summary=0.0, certificateEntities=[], purchaseDate=2021-11-06T03:14:15.399044, id=5}
03:14:15.418 [Test worker] DEBUG org.hibernate.internal.util.EntityPrinter - com.epam.esm.model.entity.OrderEntity{owner=com.epam.esm.model.entity.UserEntity#1, summary=0.0, certificateEntities=[], purchaseDate=2021-11-06T03:14:15.393768, id=4}
03:14:15.418 [Test worker] DEBUG org.hibernate.internal.util.EntityPrinter - com.epam.esm.model.entity.OrderEntity{owner=com.epam.esm.model.entity.UserEntity#2, summary=0.0, certificateEntities=[], purchaseDate=2021-11-06T03:14:15.390084, id=3}
03:14:15.418 [Test worker] DEBUG org.hibernate.SQL - select userentity0_.id as id1_5_, userentity0_.username as username2_5_ from UserEntity userentity0_ where userentity0_.username=?
Hibernate: select userentity0_.id as id1_5_, userentity0_.username as username2_5_ from UserEntity userentity0_ where userentity0_.username=?
03:14:15.418 [Test worker] DEBUG org.hibernate.stat.internal.StatisticsImpl - HHH000117: HQL: SELECT user FROM UserEntity user WHERE user.username = ?1, time: 0ms, rows: 0
03:14:15.419 [Test worker] DEBUG org.hibernate.loader.Loader - Result row: EntityKey[com.epam.esm.model.entity.UserEntity#2]
03:14:15.419 [Test worker] DEBUG org.springframework.orm.jpa.JpaTransactionManager - Found thread-bound EntityManager [SessionImpl(1511036567<open>)] for JPA transaction
03:14:15.419 [Test worker] DEBUG org.springframework.orm.jpa.JpaTransactionManager - Participating in existing transaction
03:14:15.419 [Test worker] DEBUG org.hibernate.engine.spi.ActionQueue - Executing identity-insert immediately
03:14:15.419 [Test worker] DEBUG org.hibernate.SQL - insert into OrderEntity (id, owner_id, purchaseDate, summary) values (null, ?, ?, ?)
Hibernate: insert into OrderEntity (id, owner_id, purchaseDate, summary) values (null, ?, ?, ?)
03:14:15.420 [Test worker] DEBUG org.hibernate.id.IdentifierGeneratorHelper - Natively generated identity: 9
03:14:15.420 [Test worker] DEBUG org.hibernate.resource.jdbc.internal.ResourceRegistryStandardImpl - HHH000387: ResultSet's statement was not registered
03:14:15.421 [Test worker] DEBUG org.hibernate.event.internal.AbstractFlushingEventListener - Processing flush-time cascades
03:14:15.421 [Test worker] DEBUG org.hibernate.event.internal.AbstractFlushingEventListener - Dirty checking collections
03:14:15.421 [Test worker] DEBUG org.hibernate.engine.internal.Collections - Collection found: [com.epam.esm.model.entity.UserEntity.orderEntities#1], was: [<unreferenced>] (initialized)
03:14:15.421 [Test worker] DEBUG org.hibernate.engine.internal.Collections - Collection found: [com.epam.esm.model.entity.UserEntity.orderEntities#2], was: [<unreferenced>] (initialized)
03:14:15.421 [Test worker] DEBUG org.hibernate.engine.internal.Collections - Collection found: [com.epam.esm.model.entity.OrderEntity.certificateEntities#1], was: [<unreferenced>] (initialized)
03:14:15.421 [Test worker] DEBUG org.hibernate.engine.internal.Collections - Collection found: [com.epam.esm.model.entity.OrderEntity.certificateEntities#2], was: [<unreferenced>] (initialized)
03:14:15.422 [Test worker] DEBUG org.hibernate.engine.internal.Collections - Collection found: [com.epam.esm.model.entity.OrderEntity.certificateEntities#3], was: [<unreferenced>] (initialized)
03:14:15.422 [Test worker] DEBUG org.hibernate.engine.internal.Collections - Collection found: [com.epam.esm.model.entity.OrderEntity.certificateEntities#4], was: [<unreferenced>] (initialized)
03:14:15.422 [Test worker] DEBUG org.hibernate.engine.internal.Collections - Collection found: [com.epam.esm.model.entity.OrderEntity.certificateEntities#5], was: [<unreferenced>] (initialized)
03:14:15.422 [Test worker] DEBUG org.hibernate.engine.internal.Collections - Collection found: [com.epam.esm.model.entity.OrderEntity.certificateEntities#6], was: [<unreferenced>] (initialized)
03:14:15.422 [Test worker] DEBUG org.hibernate.engine.internal.Collections - Collection found: [com.epam.esm.model.entity.OrderEntity.certificateEntities#7], was: [<unreferenced>] (initialized)
03:14:15.422 [Test worker] DEBUG org.hibernate.engine.internal.Collections - Collection found: [com.epam.esm.model.entity.OrderEntity.certificateEntities#8], was: [<unreferenced>] (initialized)
03:14:15.422 [Test worker] DEBUG org.hibernate.engine.internal.Collections - Collection found: [com.epam.esm.model.entity.OrderEntity.certificateEntities#9], was: [<unreferenced>] (initialized)
03:14:15.422 [Test worker] DEBUG org.hibernate.event.internal.AbstractFlushingEventListener - Flushed: 0 insertions, 0 updates, 0 deletions to 11 objects
03:14:15.422 [Test worker] DEBUG org.hibernate.event.internal.AbstractFlushingEventListener - Flushed: 11 (re)creations, 0 updates, 0 removals to 11 collections
03:14:15.422 [Test worker] DEBUG org.hibernate.internal.util.EntityPrinter - Listing entities:
03:14:15.422 [Test worker] DEBUG org.hibernate.internal.util.EntityPrinter - com.epam.esm.model.entity.OrderEntity{owner=com.epam.esm.model.entity.UserEntity#1, summary=0.0, certificateEntities=[], purchaseDate=2021-11-06T03:14:15.386276, id=2}
03:14:15.423 [Test worker] DEBUG org.hibernate.internal.util.EntityPrinter - com.epam.esm.model.entity.UserEntity{id=2, orderEntities=[com.epam.esm.model.entity.OrderEntity#1, com.epam.esm.model.entity.OrderEntity#3, com.epam.esm.model.entity.OrderEntity#5, com.epam.esm.model.entity.OrderEntity#7, com.epam.esm.model.entity.OrderEntity#9], username=TEST}
03:14:15.423 [Test worker] DEBUG org.hibernate.internal.util.EntityPrinter - com.epam.esm.model.entity.OrderEntity{owner=com.epam.esm.model.entity.UserEntity#2, summary=0.0, certificateEntities=[], purchaseDate=2021-11-06T03:14:15.376529, id=1}
03:14:15.423 [Test worker] DEBUG org.hibernate.internal.util.EntityPrinter - com.epam.esm.model.entity.UserEntity{id=1, orderEntities=[com.epam.esm.model.entity.OrderEntity#2, com.epam.esm.model.entity.OrderEntity#4, com.epam.esm.model.entity.OrderEntity#6, com.epam.esm.model.entity.OrderEntity#8], username=Test}
03:14:15.423 [Test worker] DEBUG org.hibernate.internal.util.EntityPrinter - com.epam.esm.model.entity.OrderEntity{owner=com.epam.esm.model.entity.UserEntity#2, summary=0.0, certificateEntities=[], purchaseDate=2021-11-06T03:14:15.419506, id=9}
03:14:15.423 [Test worker] DEBUG org.hibernate.internal.util.EntityPrinter - com.epam.esm.model.entity.OrderEntity{owner=com.epam.esm.model.entity.UserEntity#1, summary=0.0, certificateEntities=[], purchaseDate=2021-11-06T03:14:15.413709, id=8}
03:14:15.423 [Test worker] DEBUG org.hibernate.internal.util.EntityPrinter - com.epam.esm.model.entity.OrderEntity{owner=com.epam.esm.model.entity.UserEntity#2, summary=0.0, certificateEntities=[], purchaseDate=2021-11-06T03:14:15.408461, id=7}
03:14:15.423 [Test worker] DEBUG org.hibernate.internal.util.EntityPrinter - com.epam.esm.model.entity.OrderEntity{owner=com.epam.esm.model.entity.UserEntity#1, summary=0.0, certificateEntities=[], purchaseDate=2021-11-06T03:14:15.404155, id=6}
03:14:15.423 [Test worker] DEBUG org.hibernate.internal.util.EntityPrinter - com.epam.esm.model.entity.OrderEntity{owner=com.epam.esm.model.entity.UserEntity#2, summary=0.0, certificateEntities=[], purchaseDate=2021-11-06T03:14:15.399044, id=5}
03:14:15.423 [Test worker] DEBUG org.hibernate.internal.util.EntityPrinter - com.epam.esm.model.entity.OrderEntity{owner=com.epam.esm.model.entity.UserEntity#1, summary=0.0, certificateEntities=[], purchaseDate=2021-11-06T03:14:15.393768, id=4}
03:14:15.423 [Test worker] DEBUG org.hibernate.internal.util.EntityPrinter - com.epam.esm.model.entity.OrderEntity{owner=com.epam.esm.model.entity.UserEntity#2, summary=0.0, certificateEntities=[], purchaseDate=2021-11-06T03:14:15.390084, id=3}
03:14:15.423 [Test worker] DEBUG org.hibernate.SQL - select userentity0_.id as id1_5_, userentity0_.username as username2_5_ from UserEntity userentity0_ where userentity0_.username=?
Hibernate: select userentity0_.id as id1_5_, userentity0_.username as username2_5_ from UserEntity userentity0_ where userentity0_.username=?
03:14:15.424 [Test worker] DEBUG org.hibernate.stat.internal.StatisticsImpl - HHH000117: HQL: SELECT user FROM UserEntity user WHERE user.username = ?1, time: 0ms, rows: 0
03:14:15.424 [Test worker] DEBUG org.hibernate.loader.Loader - Result row: EntityKey[com.epam.esm.model.entity.UserEntity#1]
03:14:15.424 [Test worker] DEBUG org.springframework.orm.jpa.JpaTransactionManager - Found thread-bound EntityManager [SessionImpl(1511036567<open>)] for JPA transaction
03:14:15.424 [Test worker] DEBUG org.springframework.orm.jpa.JpaTransactionManager - Participating in existing transaction
03:14:15.424 [Test worker] DEBUG org.hibernate.engine.spi.ActionQueue - Executing identity-insert immediately
03:14:15.424 [Test worker] DEBUG org.hibernate.SQL - insert into OrderEntity (id, owner_id, purchaseDate, summary) values (null, ?, ?, ?)
Hibernate: insert into OrderEntity (id, owner_id, purchaseDate, summary) values (null, ?, ?, ?)
03:14:15.425 [Test worker] DEBUG org.hibernate.id.IdentifierGeneratorHelper - Natively generated identity: 10
03:14:15.425 [Test worker] DEBUG org.hibernate.resource.jdbc.internal.ResourceRegistryStandardImpl - HHH000387: ResultSet's statement was not registered
03:14:15.425 [Test worker] DEBUG org.hibernate.event.internal.AbstractFlushingEventListener - Processing flush-time cascades
03:14:15.425 [Test worker] DEBUG org.hibernate.event.internal.AbstractFlushingEventListener - Dirty checking collections
03:14:15.426 [Test worker] DEBUG org.hibernate.engine.internal.Collections - Collection found: [com.epam.esm.model.entity.UserEntity.orderEntities#1], was: [<unreferenced>] (initialized)
03:14:15.426 [Test worker] DEBUG org.hibernate.engine.internal.Collections - Collection found: [com.epam.esm.model.entity.UserEntity.orderEntities#2], was: [<unreferenced>] (initialized)
03:14:15.426 [Test worker] DEBUG org.hibernate.engine.internal.Collections - Collection found: [com.epam.esm.model.entity.OrderEntity.certificateEntities#1], was: [<unreferenced>] (initialized)
03:14:15.426 [Test worker] DEBUG org.hibernate.engine.internal.Collections - Collection found: [com.epam.esm.model.entity.OrderEntity.certificateEntities#2], was: [<unreferenced>] (initialized)
03:14:15.426 [Test worker] DEBUG org.hibernate.engine.internal.Collections - Collection found: [com.epam.esm.model.entity.OrderEntity.certificateEntities#3], was: [<unreferenced>] (initialized)
03:14:15.426 [Test worker] DEBUG org.hibernate.engine.internal.Collections - Collection found: [com.epam.esm.model.entity.OrderEntity.certificateEntities#4], was: [<unreferenced>] (initialized)
03:14:15.426 [Test worker] DEBUG org.hibernate.engine.internal.Collections - Collection found: [com.epam.esm.model.entity.OrderEntity.certificateEntities#5], was: [<unreferenced>] (initialized)
03:14:15.426 [Test worker] DEBUG org.hibernate.engine.internal.Collections - Collection found: [com.epam.esm.model.entity.OrderEntity.certificateEntities#6], was: [<unreferenced>] (initialized)
03:14:15.426 [Test worker] DEBUG org.hibernate.engine.internal.Collections - Collection found: [com.epam.esm.model.entity.OrderEntity.certificateEntities#7], was: [<unreferenced>] (initialized)
03:14:15.426 [Test worker] DEBUG org.hibernate.engine.internal.Collections - Collection found: [com.epam.esm.model.entity.OrderEntity.certificateEntities#8], was: [<unreferenced>] (initialized)
03:14:15.426 [Test worker] DEBUG org.hibernate.engine.internal.Collections - Collection found: [com.epam.esm.model.entity.OrderEntity.certificateEntities#9], was: [<unreferenced>] (initialized)
03:14:15.427 [Test worker] DEBUG org.hibernate.engine.internal.Collections - Collection found: [com.epam.esm.model.entity.OrderEntity.certificateEntities#10], was: [<unreferenced>] (initialized)
03:14:15.427 [Test worker] DEBUG org.hibernate.event.internal.AbstractFlushingEventListener - Flushed: 0 insertions, 0 updates, 0 deletions to 12 objects
03:14:15.427 [Test worker] DEBUG org.hibernate.event.internal.AbstractFlushingEventListener - Flushed: 12 (re)creations, 0 updates, 0 removals to 12 collections
03:14:15.427 [Test worker] DEBUG org.hibernate.internal.util.EntityPrinter - Listing entities:
03:14:15.427 [Test worker] DEBUG org.hibernate.internal.util.EntityPrinter - com.epam.esm.model.entity.OrderEntity{owner=com.epam.esm.model.entity.UserEntity#1, summary=0.0, certificateEntities=[], purchaseDate=2021-11-06T03:14:15.386276, id=2}
03:14:15.427 [Test worker] DEBUG org.hibernate.internal.util.EntityPrinter - com.epam.esm.model.entity.UserEntity{id=2, orderEntities=[com.epam.esm.model.entity.OrderEntity#1, com.epam.esm.model.entity.OrderEntity#3, com.epam.esm.model.entity.OrderEntity#5, com.epam.esm.model.entity.OrderEntity#7, com.epam.esm.model.entity.OrderEntity#9], username=TEST}
03:14:15.427 [Test worker] DEBUG org.hibernate.internal.util.EntityPrinter - com.epam.esm.model.entity.OrderEntity{owner=com.epam.esm.model.entity.UserEntity#2, summary=0.0, certificateEntities=[], purchaseDate=2021-11-06T03:14:15.376529, id=1}
03:14:15.427 [Test worker] DEBUG org.hibernate.internal.util.EntityPrinter - com.epam.esm.model.entity.UserEntity{id=1, orderEntities=[com.epam.esm.model.entity.OrderEntity#2, com.epam.esm.model.entity.OrderEntity#4, com.epam.esm.model.entity.OrderEntity#6, com.epam.esm.model.entity.OrderEntity#8, com.epam.esm.model.entity.OrderEntity#10], username=Test}
03:14:15.427 [Test worker] DEBUG org.hibernate.internal.util.EntityPrinter - com.epam.esm.model.entity.OrderEntity{owner=com.epam.esm.model.entity.UserEntity#1, summary=0.0, certificateEntities=[], purchaseDate=2021-11-06T03:14:15.424570, id=10}
03:14:15.427 [Test worker] DEBUG org.hibernate.internal.util.EntityPrinter - com.epam.esm.model.entity.OrderEntity{owner=com.epam.esm.model.entity.UserEntity#2, summary=0.0, certificateEntities=[], purchaseDate=2021-11-06T03:14:15.419506, id=9}
03:14:15.427 [Test worker] DEBUG org.hibernate.internal.util.EntityPrinter - com.epam.esm.model.entity.OrderEntity{owner=com.epam.esm.model.entity.UserEntity#1, summary=0.0, certificateEntities=[], purchaseDate=2021-11-06T03:14:15.413709, id=8}
03:14:15.427 [Test worker] DEBUG org.hibernate.internal.util.EntityPrinter - com.epam.esm.model.entity.OrderEntity{owner=com.epam.esm.model.entity.UserEntity#2, summary=0.0, certificateEntities=[], purchaseDate=2021-11-06T03:14:15.408461, id=7}
03:14:15.427 [Test worker] DEBUG org.hibernate.internal.util.EntityPrinter - com.epam.esm.model.entity.OrderEntity{owner=com.epam.esm.model.entity.UserEntity#1, summary=0.0, certificateEntities=[], purchaseDate=2021-11-06T03:14:15.404155, id=6}
03:14:15.427 [Test worker] DEBUG org.hibernate.internal.util.EntityPrinter - com.epam.esm.model.entity.OrderEntity{owner=com.epam.esm.model.entity.UserEntity#2, summary=0.0, certificateEntities=[], purchaseDate=2021-11-06T03:14:15.399044, id=5}
03:14:15.427 [Test worker] DEBUG org.hibernate.internal.util.EntityPrinter - com.epam.esm.model.entity.OrderEntity{owner=com.epam.esm.model.entity.UserEntity#1, summary=0.0, certificateEntities=[], purchaseDate=2021-11-06T03:14:15.393768, id=4}
03:14:15.427 [Test worker] DEBUG org.hibernate.internal.util.EntityPrinter - com.epam.esm.model.entity.OrderEntity{owner=com.epam.esm.model.entity.UserEntity#2, summary=0.0, certificateEntities=[], purchaseDate=2021-11-06T03:14:15.390084, id=3}
03:14:15.428 [Test worker] DEBUG org.hibernate.SQL - select userentity0_.id as id1_5_, userentity0_.username as username2_5_ from UserEntity userentity0_ where userentity0_.username=?
Hibernate: select userentity0_.id as id1_5_, userentity0_.username as username2_5_ from UserEntity userentity0_ where userentity0_.username=?
03:14:15.428 [Test worker] DEBUG org.hibernate.stat.internal.StatisticsImpl - HHH000117: HQL: SELECT user FROM UserEntity user WHERE user.username = ?1, time: 0ms, rows: 0
03:14:15.428 [Test worker] DEBUG org.hibernate.loader.Loader - Result row: EntityKey[com.epam.esm.model.entity.UserEntity#2]
03:14:15.428 [Test worker] DEBUG org.springframework.orm.jpa.JpaTransactionManager - Found thread-bound EntityManager [SessionImpl(1511036567<open>)] for JPA transaction
03:14:15.428 [Test worker] DEBUG org.springframework.orm.jpa.JpaTransactionManager - Participating in existing transaction
03:14:15.429 [Test worker] DEBUG org.hibernate.engine.spi.ActionQueue - Executing identity-insert immediately
03:14:15.429 [Test worker] DEBUG org.hibernate.SQL - insert into OrderEntity (id, owner_id, purchaseDate, summary) values (null, ?, ?, ?)
Hibernate: insert into OrderEntity (id, owner_id, purchaseDate, summary) values (null, ?, ?, ?)
03:14:15.429 [Test worker] DEBUG org.hibernate.id.IdentifierGeneratorHelper - Natively generated identity: 11
03:14:15.429 [Test worker] DEBUG org.hibernate.resource.jdbc.internal.ResourceRegistryStandardImpl - HHH000387: ResultSet's statement was not registered
03:14:15.430 [Test worker] DEBUG org.hibernate.event.internal.AbstractFlushingEventListener - Processing flush-time cascades
03:14:15.430 [Test worker] DEBUG org.hibernate.event.internal.AbstractFlushingEventListener - Dirty checking collections
03:14:15.430 [Test worker] DEBUG org.hibernate.engine.internal.Collections - Collection found: [com.epam.esm.model.entity.UserEntity.orderEntities#1], was: [<unreferenced>] (initialized)
03:14:15.430 [Test worker] DEBUG org.hibernate.engine.internal.Collections - Collection found: [com.epam.esm.model.entity.UserEntity.orderEntities#2], was: [<unreferenced>] (initialized)
03:14:15.430 [Test worker] DEBUG org.hibernate.engine.internal.Collections - Collection found: [com.epam.esm.model.entity.OrderEntity.certificateEntities#1], was: [<unreferenced>] (initialized)
03:14:15.431 [Test worker] DEBUG org.hibernate.engine.internal.Collections - Collection found: [com.epam.esm.model.entity.OrderEntity.certificateEntities#2], was: [<unreferenced>] (initialized)
03:14:15.431 [Test worker] DEBUG org.hibernate.engine.internal.Collections - Collection found: [com.epam.esm.model.entity.OrderEntity.certificateEntities#3], was: [<unreferenced>] (initialized)
03:14:15.431 [Test worker] DEBUG org.hibernate.engine.internal.Collections - Collection found: [com.epam.esm.model.entity.OrderEntity.certificateEntities#4], was: [<unreferenced>] (initialized)
03:14:15.431 [Test worker] DEBUG org.hibernate.engine.internal.Collections - Collection found: [com.epam.esm.model.entity.OrderEntity.certificateEntities#5], was: [<unreferenced>] (initialized)
03:14:15.431 [Test worker] DEBUG org.hibernate.engine.internal.Collections - Collection found: [com.epam.esm.model.entity.OrderEntity.certificateEntities#6], was: [<unreferenced>] (initialized)
03:14:15.431 [Test worker] DEBUG org.hibernate.engine.internal.Collections - Collection found: [com.epam.esm.model.entity.OrderEntity.certificateEntities#7], was: [<unreferenced>] (initialized)
03:14:15.431 [Test worker] DEBUG org.hibernate.engine.internal.Collections - Collection found: [com.epam.esm.model.entity.OrderEntity.certificateEntities#8], was: [<unreferenced>] (initialized)
03:14:15.431 [Test worker] DEBUG org.hibernate.engine.internal.Collections - Collection found: [com.epam.esm.model.entity.OrderEntity.certificateEntities#9], was: [<unreferenced>] (initialized)
03:14:15.431 [Test worker] DEBUG org.hibernate.engine.internal.Collections - Collection found: [com.epam.esm.model.entity.OrderEntity.certificateEntities#10], was: [<unreferenced>] (initialized)
03:14:15.432 [Test worker] DEBUG org.hibernate.engine.internal.Collections - Collection found: [com.epam.esm.model.entity.OrderEntity.certificateEntities#11], was: [<unreferenced>] (initialized)
03:14:15.432 [Test worker] DEBUG org.hibernate.event.internal.AbstractFlushingEventListener - Flushed: 0 insertions, 0 updates, 0 deletions to 13 objects
03:14:15.432 [Test worker] DEBUG org.hibernate.event.internal.AbstractFlushingEventListener - Flushed: 13 (re)creations, 0 updates, 0 removals to 13 collections
03:14:15.432 [Test worker] DEBUG org.hibernate.internal.util.EntityPrinter - Listing entities:
03:14:15.432 [Test worker] DEBUG org.hibernate.internal.util.EntityPrinter - com.epam.esm.model.entity.UserEntity{id=2, orderEntities=[com.epam.esm.model.entity.OrderEntity#1, com.epam.esm.model.entity.OrderEntity#3, com.epam.esm.model.entity.OrderEntity#5, com.epam.esm.model.entity.OrderEntity#7, com.epam.esm.model.entity.OrderEntity#9, com.epam.esm.model.entity.OrderEntity#11], username=TEST}
03:14:15.432 [Test worker] DEBUG org.hibernate.internal.util.EntityPrinter - com.epam.esm.model.entity.UserEntity{id=1, orderEntities=[com.epam.esm.model.entity.OrderEntity#2, com.epam.esm.model.entity.OrderEntity#4, com.epam.esm.model.entity.OrderEntity#6, com.epam.esm.model.entity.OrderEntity#8, com.epam.esm.model.entity.OrderEntity#10], username=Test}
03:14:15.432 [Test worker] DEBUG org.hibernate.internal.util.EntityPrinter - com.epam.esm.model.entity.OrderEntity{owner=com.epam.esm.model.entity.UserEntity#2, summary=0.0, certificateEntities=[], purchaseDate=2021-11-06T03:14:15.428828, id=11}
03:14:15.432 [Test worker] DEBUG org.hibernate.internal.util.EntityPrinter - com.epam.esm.model.entity.OrderEntity{owner=com.epam.esm.model.entity.UserEntity#1, summary=0.0, certificateEntities=[], purchaseDate=2021-11-06T03:14:15.424570, id=10}
03:14:15.432 [Test worker] DEBUG org.hibernate.internal.util.EntityPrinter - com.epam.esm.model.entity.OrderEntity{owner=com.epam.esm.model.entity.UserEntity#2, summary=0.0, certificateEntities=[], purchaseDate=2021-11-06T03:14:15.419506, id=9}
03:14:15.433 [Test worker] DEBUG org.hibernate.internal.util.EntityPrinter - com.epam.esm.model.entity.OrderEntity{owner=com.epam.esm.model.entity.UserEntity#1, summary=0.0, certificateEntities=[], purchaseDate=2021-11-06T03:14:15.413709, id=8}
03:14:15.433 [Test worker] DEBUG org.hibernate.internal.util.EntityPrinter - com.epam.esm.model.entity.OrderEntity{owner=com.epam.esm.model.entity.UserEntity#2, summary=0.0, certificateEntities=[], purchaseDate=2021-11-06T03:14:15.408461, id=7}
03:14:15.433 [Test worker] DEBUG org.hibernate.internal.util.EntityPrinter - com.epam.esm.model.entity.OrderEntity{owner=com.epam.esm.model.entity.UserEntity#1, summary=0.0, certificateEntities=[], purchaseDate=2021-11-06T03:14:15.404155, id=6}
03:14:15.433 [Test worker] DEBUG org.hibernate.internal.util.EntityPrinter - com.epam.esm.model.entity.OrderEntity{owner=com.epam.esm.model.entity.UserEntity#2, summary=0.0, certificateEntities=[], purchaseDate=2021-11-06T03:14:15.399044, id=5}
03:14:15.433 [Test worker] DEBUG org.hibernate.internal.util.EntityPrinter - com.epam.esm.model.entity.OrderEntity{owner=com.epam.esm.model.entity.UserEntity#1, summary=0.0, certificateEntities=[], purchaseDate=2021-11-06T03:14:15.393768, id=4}
03:14:15.433 [Test worker] DEBUG org.hibernate.internal.util.EntityPrinter - com.epam.esm.model.entity.OrderEntity{owner=com.epam.esm.model.entity.UserEntity#2, summary=0.0, certificateEntities=[], purchaseDate=2021-11-06T03:14:15.390084, id=3}
03:14:15.433 [Test worker] DEBUG org.hibernate.internal.util.EntityPrinter - com.epam.esm.model.entity.OrderEntity{owner=com.epam.esm.model.entity.UserEntity#1, summary=0.0, certificateEntities=[], purchaseDate=2021-11-06T03:14:15.386276, id=2}
03:14:15.433 [Test worker] DEBUG org.hibernate.internal.util.EntityPrinter - com.epam.esm.model.entity.OrderEntity{owner=com.epam.esm.model.entity.UserEntity#2, summary=0.0, certificateEntities=[], purchaseDate=2021-11-06T03:14:15.376529, id=1}
03:14:15.433 [Test worker] DEBUG org.hibernate.SQL - select userentity0_.id as id1_5_, userentity0_.username as username2_5_ from UserEntity userentity0_ where userentity0_.username=?
Hibernate: select userentity0_.id as id1_5_, userentity0_.username as username2_5_ from UserEntity userentity0_ where userentity0_.username=?
03:14:15.434 [Test worker] DEBUG org.hibernate.stat.internal.StatisticsImpl - HHH000117: HQL: SELECT user FROM UserEntity user WHERE user.username = ?1, time: 0ms, rows: 0
03:14:15.434 [Test worker] DEBUG org.hibernate.loader.Loader - Result row: EntityKey[com.epam.esm.model.entity.UserEntity#1]
03:14:15.434 [Test worker] DEBUG org.springframework.orm.jpa.JpaTransactionManager - Found thread-bound EntityManager [SessionImpl(1511036567<open>)] for JPA transaction
03:14:15.434 [Test worker] DEBUG org.springframework.orm.jpa.JpaTransactionManager - Participating in existing transaction
03:14:15.434 [Test worker] DEBUG org.hibernate.engine.spi.ActionQueue - Executing identity-insert immediately
03:14:15.435 [Test worker] DEBUG org.hibernate.SQL - insert into OrderEntity (id, owner_id, purchaseDate, summary) values (null, ?, ?, ?)
Hibernate: insert into OrderEntity (id, owner_id, purchaseDate, summary) values (null, ?, ?, ?)
03:14:15.435 [Test worker] DEBUG org.hibernate.id.IdentifierGeneratorHelper - Natively generated identity: 12
03:14:15.435 [Test worker] DEBUG org.hibernate.resource.jdbc.internal.ResourceRegistryStandardImpl - HHH000387: ResultSet's statement was not registered
03:14:15.435 [Test worker] DEBUG org.hibernate.event.internal.AbstractFlushingEventListener - Processing flush-time cascades
03:14:15.435 [Test worker] DEBUG org.hibernate.event.internal.AbstractFlushingEventListener - Dirty checking collections
03:14:15.436 [Test worker] DEBUG org.hibernate.engine.internal.Collections - Collection found: [com.epam.esm.model.entity.UserEntity.orderEntities#1], was: [<unreferenced>] (initialized)
03:14:15.436 [Test worker] DEBUG org.hibernate.engine.internal.Collections - Collection found: [com.epam.esm.model.entity.UserEntity.orderEntities#2], was: [<unreferenced>] (initialized)
03:14:15.436 [Test worker] DEBUG org.hibernate.engine.internal.Collections - Collection found: [com.epam.esm.model.entity.OrderEntity.certificateEntities#1], was: [<unreferenced>] (initialized)
03:14:15.436 [Test worker] DEBUG org.hibernate.engine.internal.Collections - Collection found: [com.epam.esm.model.entity.OrderEntity.certificateEntities#2], was: [<unreferenced>] (initialized)
03:14:15.436 [Test worker] DEBUG org.hibernate.engine.internal.Collections - Collection found: [com.epam.esm.model.entity.OrderEntity.certificateEntities#3], was: [<unreferenced>] (initialized)
03:14:15.436 [Test worker] DEBUG org.hibernate.engine.internal.Collections - Collection found: [com.epam.esm.model.entity.OrderEntity.certificateEntities#4], was: [<unreferenced>] (initialized)
03:14:15.436 [Test worker] DEBUG org.hibernate.engine.internal.Collections - Collection found: [com.epam.esm.model.entity.OrderEntity.certificateEntities#5], was: [<unreferenced>] (initialized)
03:14:15.436 [Test worker] DEBUG org.hibernate.engine.internal.Collections - Collection found: [com.epam.esm.model.entity.OrderEntity.certificateEntities#6], was: [<unreferenced>] (initialized)
03:14:15.436 [Test worker] DEBUG org.hibernate.engine.internal.Collections - Collection found: [com.epam.esm.model.entity.OrderEntity.certificateEntities#7], was: [<unreferenced>] (initialized)
03:14:15.436 [Test worker] DEBUG org.hibernate.engine.internal.Collections - Collection found: [com.epam.esm.model.entity.OrderEntity.certificateEntities#8], was: [<unreferenced>] (initialized)
03:14:15.437 [Test worker] DEBUG org.hibernate.engine.internal.Collections - Collection found: [com.epam.esm.model.entity.OrderEntity.certificateEntities#9], was: [<unreferenced>] (initialized)
03:14:15.437 [Test worker] DEBUG org.hibernate.engine.internal.Collections - Collection found: [com.epam.esm.model.entity.OrderEntity.certificateEntities#10], was: [<unreferenced>] (initialized)
03:14:15.437 [Test worker] DEBUG org.hibernate.engine.internal.Collections - Collection found: [com.epam.esm.model.entity.OrderEntity.certificateEntities#11], was: [<unreferenced>] (initialized)
03:14:15.437 [Test worker] DEBUG org.hibernate.engine.internal.Collections - Collection found: [com.epam.esm.model.entity.OrderEntity.certificateEntities#12], was: [<unreferenced>] (initialized)
03:14:15.437 [Test worker] DEBUG org.hibernate.event.internal.AbstractFlushingEventListener - Flushed: 0 insertions, 0 updates, 0 deletions to 14 objects
03:14:15.437 [Test worker] DEBUG org.hibernate.event.internal.AbstractFlushingEventListener - Flushed: 14 (re)creations, 0 updates, 0 removals to 14 collections
03:14:15.437 [Test worker] DEBUG org.hibernate.internal.util.EntityPrinter - Listing entities:
03:14:15.437 [Test worker] DEBUG org.hibernate.internal.util.EntityPrinter - com.epam.esm.model.entity.UserEntity{id=2, orderEntities=[com.epam.esm.model.entity.OrderEntity#1, com.epam.esm.model.entity.OrderEntity#3, com.epam.esm.model.entity.OrderEntity#5, com.epam.esm.model.entity.OrderEntity#7, com.epam.esm.model.entity.OrderEntity#9, com.epam.esm.model.entity.OrderEntity#11], username=TEST}
03:14:15.437 [Test worker] DEBUG org.hibernate.internal.util.EntityPrinter - com.epam.esm.model.entity.UserEntity{id=1, orderEntities=[com.epam.esm.model.entity.OrderEntity#2, com.epam.esm.model.entity.OrderEntity#4, com.epam.esm.model.entity.OrderEntity#6, com.epam.esm.model.entity.OrderEntity#8, com.epam.esm.model.entity.OrderEntity#10, com.epam.esm.model.entity.OrderEntity#12], username=Test}
03:14:15.437 [Test worker] DEBUG org.hibernate.internal.util.EntityPrinter - com.epam.esm.model.entity.OrderEntity{owner=com.epam.esm.model.entity.UserEntity#1, summary=0.0, certificateEntities=[], purchaseDate=2021-11-06T03:14:15.434678, id=12}
03:14:15.437 [Test worker] DEBUG org.hibernate.internal.util.EntityPrinter - com.epam.esm.model.entity.OrderEntity{owner=com.epam.esm.model.entity.UserEntity#2, summary=0.0, certificateEntities=[], purchaseDate=2021-11-06T03:14:15.428828, id=11}
03:14:15.437 [Test worker] DEBUG org.hibernate.internal.util.EntityPrinter - com.epam.esm.model.entity.OrderEntity{owner=com.epam.esm.model.entity.UserEntity#1, summary=0.0, certificateEntities=[], purchaseDate=2021-11-06T03:14:15.424570, id=10}
03:14:15.438 [Test worker] DEBUG org.hibernate.internal.util.EntityPrinter - com.epam.esm.model.entity.OrderEntity{owner=com.epam.esm.model.entity.UserEntity#2, summary=0.0, certificateEntities=[], purchaseDate=2021-11-06T03:14:15.419506, id=9}
03:14:15.438 [Test worker] DEBUG org.hibernate.internal.util.EntityPrinter - com.epam.esm.model.entity.OrderEntity{owner=com.epam.esm.model.entity.UserEntity#1, summary=0.0, certificateEntities=[], purchaseDate=2021-11-06T03:14:15.413709, id=8}
03:14:15.438 [Test worker] DEBUG org.hibernate.internal.util.EntityPrinter - com.epam.esm.model.entity.OrderEntity{owner=com.epam.esm.model.entity.UserEntity#2, summary=0.0, certificateEntities=[], purchaseDate=2021-11-06T03:14:15.408461, id=7}
03:14:15.438 [Test worker] DEBUG org.hibernate.internal.util.EntityPrinter - com.epam.esm.model.entity.OrderEntity{owner=com.epam.esm.model.entity.UserEntity#1, summary=0.0, certificateEntities=[], purchaseDate=2021-11-06T03:14:15.404155, id=6}
03:14:15.438 [Test worker] DEBUG org.hibernate.internal.util.EntityPrinter - com.epam.esm.model.entity.OrderEntity{owner=com.epam.esm.model.entity.UserEntity#2, summary=0.0, certificateEntities=[], purchaseDate=2021-11-06T03:14:15.399044, id=5}
03:14:15.438 [Test worker] DEBUG org.hibernate.internal.util.EntityPrinter - com.epam.esm.model.entity.OrderEntity{owner=com.epam.esm.model.entity.UserEntity#1, summary=0.0, certificateEntities=[], purchaseDate=2021-11-06T03:14:15.393768, id=4}
03:14:15.438 [Test worker] DEBUG org.hibernate.internal.util.EntityPrinter - com.epam.esm.model.entity.OrderEntity{owner=com.epam.esm.model.entity.UserEntity#2, summary=0.0, certificateEntities=[], purchaseDate=2021-11-06T03:14:15.390084, id=3}
03:14:15.438 [Test worker] DEBUG org.hibernate.internal.util.EntityPrinter - com.epam.esm.model.entity.OrderEntity{owner=com.epam.esm.model.entity.UserEntity#1, summary=0.0, certificateEntities=[], purchaseDate=2021-11-06T03:14:15.386276, id=2}
03:14:15.438 [Test worker] DEBUG org.hibernate.internal.util.EntityPrinter - com.epam.esm.model.entity.OrderEntity{owner=com.epam.esm.model.entity.UserEntity#2, summary=0.0, certificateEntities=[], purchaseDate=2021-11-06T03:14:15.376529, id=1}
03:14:15.438 [Test worker] DEBUG org.hibernate.SQL - select userentity0_.id as id1_5_, userentity0_.username as username2_5_ from UserEntity userentity0_ where userentity0_.username=?
Hibernate: select userentity0_.id as id1_5_, userentity0_.username as username2_5_ from UserEntity userentity0_ where userentity0_.username=?
03:14:15.438 [Test worker] DEBUG org.hibernate.stat.internal.StatisticsImpl - HHH000117: HQL: SELECT user FROM UserEntity user WHERE user.username = ?1, time: 0ms, rows: 0
03:14:15.439 [Test worker] DEBUG org.hibernate.loader.Loader - Result row: EntityKey[com.epam.esm.model.entity.UserEntity#2]
03:14:15.439 [Test worker] DEBUG org.springframework.orm.jpa.JpaTransactionManager - Found thread-bound EntityManager [SessionImpl(1511036567<open>)] for JPA transaction
03:14:15.439 [Test worker] DEBUG org.springframework.orm.jpa.JpaTransactionManager - Participating in existing transaction
03:14:15.439 [Test worker] DEBUG org.hibernate.engine.spi.ActionQueue - Executing identity-insert immediately
03:14:15.439 [Test worker] DEBUG org.hibernate.SQL - insert into OrderEntity (id, owner_id, purchaseDate, summary) values (null, ?, ?, ?)
Hibernate: insert into OrderEntity (id, owner_id, purchaseDate, summary) values (null, ?, ?, ?)
03:14:15.440 [Test worker] DEBUG org.hibernate.id.IdentifierGeneratorHelper - Natively generated identity: 13
03:14:15.440 [Test worker] DEBUG org.hibernate.resource.jdbc.internal.ResourceRegistryStandardImpl - HHH000387: ResultSet's statement was not registered
03:14:15.440 [Test worker] DEBUG org.hibernate.event.internal.AbstractFlushingEventListener - Processing flush-time cascades
03:14:15.441 [Test worker] DEBUG org.hibernate.event.internal.AbstractFlushingEventListener - Dirty checking collections
03:14:15.441 [Test worker] DEBUG org.hibernate.engine.internal.Collections - Collection found: [com.epam.esm.model.entity.UserEntity.orderEntities#1], was: [<unreferenced>] (initialized)
03:14:15.441 [Test worker] DEBUG org.hibernate.engine.internal.Collections - Collection found: [com.epam.esm.model.entity.UserEntity.orderEntities#2], was: [<unreferenced>] (initialized)
03:14:15.441 [Test worker] DEBUG org.hibernate.engine.internal.Collections - Collection found: [com.epam.esm.model.entity.OrderEntity.certificateEntities#1], was: [<unreferenced>] (initialized)
03:14:15.441 [Test worker] DEBUG org.hibernate.engine.internal.Collections - Collection found: [com.epam.esm.model.entity.OrderEntity.certificateEntities#2], was: [<unreferenced>] (initialized)
03:14:15.441 [Test worker] DEBUG org.hibernate.engine.internal.Collections - Collection found: [com.epam.esm.model.entity.OrderEntity.certificateEntities#3], was: [<unreferenced>] (initialized)
03:14:15.441 [Test worker] DEBUG org.hibernate.engine.internal.Collections - Collection found: [com.epam.esm.model.entity.OrderEntity.certificateEntities#4], was: [<unreferenced>] (initialized)
03:14:15.441 [Test worker] DEBUG org.hibernate.engine.internal.Collections - Collection found: [com.epam.esm.model.entity.OrderEntity.certificateEntities#5], was: [<unreferenced>] (initialized)
03:14:15.441 [Test worker] DEBUG org.hibernate.engine.internal.Collections - Collection found: [com.epam.esm.model.entity.OrderEntity.certificateEntities#6], was: [<unreferenced>] (initialized)
03:14:15.441 [Test worker] DEBUG org.hibernate.engine.internal.Collections - Collection found: [com.epam.esm.model.entity.OrderEntity.certificateEntities#7], was: [<unreferenced>] (initialized)
03:14:15.441 [Test worker] DEBUG org.hibernate.engine.internal.Collections - Collection found: [com.epam.esm.model.entity.OrderEntity.certificateEntities#8], was: [<unreferenced>] (initialized)
03:14:15.442 [Test worker] DEBUG org.hibernate.engine.internal.Collections - Collection found: [com.epam.esm.model.entity.OrderEntity.certificateEntities#9], was: [<unreferenced>] (initialized)
03:14:15.442 [Test worker] DEBUG org.hibernate.engine.internal.Collections - Collection found: [com.epam.esm.model.entity.OrderEntity.certificateEntities#10], was: [<unreferenced>] (initialized)
03:14:15.442 [Test worker] DEBUG org.hibernate.engine.internal.Collections - Collection found: [com.epam.esm.model.entity.OrderEntity.certificateEntities#11], was: [<unreferenced>] (initialized)
03:14:15.442 [Test worker] DEBUG org.hibernate.engine.internal.Collections - Collection found: [com.epam.esm.model.entity.OrderEntity.certificateEntities#12], was: [<unreferenced>] (initialized)
03:14:15.442 [Test worker] DEBUG org.hibernate.engine.internal.Collections - Collection found: [com.epam.esm.model.entity.OrderEntity.certificateEntities#13], was: [<unreferenced>] (initialized)
03:14:15.442 [Test worker] DEBUG org.hibernate.event.internal.AbstractFlushingEventListener - Flushed: 0 insertions, 0 updates, 0 deletions to 15 objects
03:14:15.442 [Test worker] DEBUG org.hibernate.event.internal.AbstractFlushingEventListener - Flushed: 15 (re)creations, 0 updates, 0 removals to 15 collections
03:14:15.442 [Test worker] DEBUG org.hibernate.internal.util.EntityPrinter - Listing entities:
03:14:15.442 [Test worker] DEBUG org.hibernate.internal.util.EntityPrinter - com.epam.esm.model.entity.UserEntity{id=2, orderEntities=[com.epam.esm.model.entity.OrderEntity#1, com.epam.esm.model.entity.OrderEntity#3, com.epam.esm.model.entity.OrderEntity#5, com.epam.esm.model.entity.OrderEntity#7, com.epam.esm.model.entity.OrderEntity#9, com.epam.esm.model.entity.OrderEntity#11, com.epam.esm.model.entity.OrderEntity#13], username=TEST}
03:14:15.442 [Test worker] DEBUG org.hibernate.internal.util.EntityPrinter - com.epam.esm.model.entity.UserEntity{id=1, orderEntities=[com.epam.esm.model.entity.OrderEntity#2, com.epam.esm.model.entity.OrderEntity#4, com.epam.esm.model.entity.OrderEntity#6, com.epam.esm.model.entity.OrderEntity#8, com.epam.esm.model.entity.OrderEntity#10, com.epam.esm.model.entity.OrderEntity#12], username=Test}
03:14:15.442 [Test worker] DEBUG org.hibernate.internal.util.EntityPrinter - com.epam.esm.model.entity.OrderEntity{owner=com.epam.esm.model.entity.UserEntity#2, summary=0.0, certificateEntities=[], purchaseDate=2021-11-06T03:14:15.439417, id=13}
03:14:15.442 [Test worker] DEBUG org.hibernate.internal.util.EntityPrinter - com.epam.esm.model.entity.OrderEntity{owner=com.epam.esm.model.entity.UserEntity#1, summary=0.0, certificateEntities=[], purchaseDate=2021-11-06T03:14:15.434678, id=12}
03:14:15.442 [Test worker] DEBUG org.hibernate.internal.util.EntityPrinter - com.epam.esm.model.entity.OrderEntity{owner=com.epam.esm.model.entity.UserEntity#2, summary=0.0, certificateEntities=[], purchaseDate=2021-11-06T03:14:15.428828, id=11}
03:14:15.442 [Test worker] DEBUG org.hibernate.internal.util.EntityPrinter - com.epam.esm.model.entity.OrderEntity{owner=com.epam.esm.model.entity.UserEntity#1, summary=0.0, certificateEntities=[], purchaseDate=2021-11-06T03:14:15.424570, id=10}
03:14:15.442 [Test worker] DEBUG org.hibernate.internal.util.EntityPrinter - com.epam.esm.model.entity.OrderEntity{owner=com.epam.esm.model.entity.UserEntity#2, summary=0.0, certificateEntities=[], purchaseDate=2021-11-06T03:14:15.419506, id=9}
03:14:15.442 [Test worker] DEBUG org.hibernate.internal.util.EntityPrinter - com.epam.esm.model.entity.OrderEntity{owner=com.epam.esm.model.entity.UserEntity#1, summary=0.0, certificateEntities=[], purchaseDate=2021-11-06T03:14:15.413709, id=8}
03:14:15.442 [Test worker] DEBUG org.hibernate.internal.util.EntityPrinter - com.epam.esm.model.entity.OrderEntity{owner=com.epam.esm.model.entity.UserEntity#2, summary=0.0, certificateEntities=[], purchaseDate=2021-11-06T03:14:15.408461, id=7}
03:14:15.442 [Test worker] DEBUG org.hibernate.internal.util.EntityPrinter - com.epam.esm.model.entity.OrderEntity{owner=com.epam.esm.model.entity.UserEntity#1, summary=0.0, certificateEntities=[], purchaseDate=2021-11-06T03:14:15.404155, id=6}
03:14:15.443 [Test worker] DEBUG org.hibernate.internal.util.EntityPrinter - com.epam.esm.model.entity.OrderEntity{owner=com.epam.esm.model.entity.UserEntity#2, summary=0.0, certificateEntities=[], purchaseDate=2021-11-06T03:14:15.399044, id=5}
03:14:15.443 [Test worker] DEBUG org.hibernate.internal.util.EntityPrinter - com.epam.esm.model.entity.OrderEntity{owner=com.epam.esm.model.entity.UserEntity#1, summary=0.0, certificateEntities=[], purchaseDate=2021-11-06T03:14:15.393768, id=4}
03:14:15.443 [Test worker] DEBUG org.hibernate.internal.util.EntityPrinter - com.epam.esm.model.entity.OrderEntity{owner=com.epam.esm.model.entity.UserEntity#2, summary=0.0, certificateEntities=[], purchaseDate=2021-11-06T03:14:15.390084, id=3}
03:14:15.443 [Test worker] DEBUG org.hibernate.internal.util.EntityPrinter - com.epam.esm.model.entity.OrderEntity{owner=com.epam.esm.model.entity.UserEntity#1, summary=0.0, certificateEntities=[], purchaseDate=2021-11-06T03:14:15.386276, id=2}
03:14:15.443 [Test worker] DEBUG org.hibernate.internal.util.EntityPrinter - com.epam.esm.model.entity.OrderEntity{owner=com.epam.esm.model.entity.UserEntity#2, summary=0.0, certificateEntities=[], purchaseDate=2021-11-06T03:14:15.376529, id=1}
03:14:15.443 [Test worker] DEBUG org.hibernate.SQL - select userentity0_.id as id1_5_, userentity0_.username as username2_5_ from UserEntity userentity0_ where userentity0_.username=?
Hibernate: select userentity0_.id as id1_5_, userentity0_.username as username2_5_ from UserEntity userentity0_ where userentity0_.username=?
03:14:15.443 [Test worker] DEBUG org.hibernate.stat.internal.StatisticsImpl - HHH000117: HQL: SELECT user FROM UserEntity user WHERE user.username = ?1, time: 0ms, rows: 0
03:14:15.443 [Test worker] DEBUG org.hibernate.loader.Loader - Result row: EntityKey[com.epam.esm.model.entity.UserEntity#1]
03:14:15.443 [Test worker] DEBUG org.springframework.orm.jpa.JpaTransactionManager - Found thread-bound EntityManager [SessionImpl(1511036567<open>)] for JPA transaction
03:14:15.443 [Test worker] DEBUG org.springframework.orm.jpa.JpaTransactionManager - Participating in existing transaction
03:14:15.444 [Test worker] DEBUG org.hibernate.engine.spi.ActionQueue - Executing identity-insert immediately
03:14:15.444 [Test worker] DEBUG org.hibernate.SQL - insert into OrderEntity (id, owner_id, purchaseDate, summary) values (null, ?, ?, ?)
Hibernate: insert into OrderEntity (id, owner_id, purchaseDate, summary) values (null, ?, ?, ?)
03:14:15.445 [Test worker] DEBUG org.hibernate.id.IdentifierGeneratorHelper - Natively generated identity: 14
03:14:15.445 [Test worker] DEBUG org.hibernate.resource.jdbc.internal.ResourceRegistryStandardImpl - HHH000387: ResultSet's statement was not registered
03:14:15.445 [Test worker] DEBUG org.hibernate.event.internal.AbstractFlushingEventListener - Processing flush-time cascades
03:14:15.445 [Test worker] DEBUG org.hibernate.event.internal.AbstractFlushingEventListener - Dirty checking collections
03:14:15.445 [Test worker] DEBUG org.hibernate.engine.internal.Collections - Collection found: [com.epam.esm.model.entity.UserEntity.orderEntities#1], was: [<unreferenced>] (initialized)
03:14:15.445 [Test worker] DEBUG org.hibernate.engine.internal.Collections - Collection found: [com.epam.esm.model.entity.UserEntity.orderEntities#2], was: [<unreferenced>] (initialized)
03:14:15.445 [Test worker] DEBUG org.hibernate.engine.internal.Collections - Collection found: [com.epam.esm.model.entity.OrderEntity.certificateEntities#1], was: [<unreferenced>] (initialized)
03:14:15.445 [Test worker] DEBUG org.hibernate.engine.internal.Collections - Collection found: [com.epam.esm.model.entity.OrderEntity.certificateEntities#2], was: [<unreferenced>] (initialized)
03:14:15.445 [Test worker] DEBUG org.hibernate.engine.internal.Collections - Collection found: [com.epam.esm.model.entity.OrderEntity.certificateEntities#3], was: [<unreferenced>] (initialized)
03:14:15.446 [Test worker] DEBUG org.hibernate.engine.internal.Collections - Collection found: [com.epam.esm.model.entity.OrderEntity.certificateEntities#4], was: [<unreferenced>] (initialized)
03:14:15.446 [Test worker] DEBUG org.hibernate.engine.internal.Collections - Collection found: [com.epam.esm.model.entity.OrderEntity.certificateEntities#5], was: [<unreferenced>] (initialized)
03:14:15.446 [Test worker] DEBUG org.hibernate.engine.internal.Collections - Collection found: [com.epam.esm.model.entity.OrderEntity.certificateEntities#6], was: [<unreferenced>] (initialized)
03:14:15.446 [Test worker] DEBUG org.hibernate.engine.internal.Collections - Collection found: [com.epam.esm.model.entity.OrderEntity.certificateEntities#7], was: [<unreferenced>] (initialized)
03:14:15.446 [Test worker] DEBUG org.hibernate.engine.internal.Collections - Collection found: [com.epam.esm.model.entity.OrderEntity.certificateEntities#8], was: [<unreferenced>] (initialized)
03:14:15.446 [Test worker] DEBUG org.hibernate.engine.internal.Collections - Collection found: [com.epam.esm.model.entity.OrderEntity.certificateEntities#9], was: [<unreferenced>] (initialized)
03:14:15.446 [Test worker] DEBUG org.hibernate.engine.internal.Collections - Collection found: [com.epam.esm.model.entity.OrderEntity.certificateEntities#10], was: [<unreferenced>] (initialized)
03:14:15.446 [Test worker] DEBUG org.hibernate.engine.internal.Collections - Collection found: [com.epam.esm.model.entity.OrderEntity.certificateEntities#11], was: [<unreferenced>] (initialized)
03:14:15.446 [Test worker] DEBUG org.hibernate.engine.internal.Collections - Collection found: [com.epam.esm.model.entity.OrderEntity.certificateEntities#12], was: [<unreferenced>] (initialized)
03:14:15.446 [Test worker] DEBUG org.hibernate.engine.internal.Collections - Collection found: [com.epam.esm.model.entity.OrderEntity.certificateEntities#13], was: [<unreferenced>] (initialized)
03:14:15.446 [Test worker] DEBUG org.hibernate.engine.internal.Collections - Collection found: [com.epam.esm.model.entity.OrderEntity.certificateEntities#14], was: [<unreferenced>] (initialized)
03:14:15.446 [Test worker] DEBUG org.hibernate.event.internal.AbstractFlushingEventListener - Flushed: 0 insertions, 0 updates, 0 deletions to 16 objects
03:14:15.446 [Test worker] DEBUG org.hibernate.event.internal.AbstractFlushingEventListener - Flushed: 16 (re)creations, 0 updates, 0 removals to 16 collections
03:14:15.446 [Test worker] DEBUG org.hibernate.internal.util.EntityPrinter - Listing entities:
03:14:15.446 [Test worker] DEBUG org.hibernate.internal.util.EntityPrinter - com.epam.esm.model.entity.UserEntity{id=2, orderEntities=[com.epam.esm.model.entity.OrderEntity#1, com.epam.esm.model.entity.OrderEntity#3, com.epam.esm.model.entity.OrderEntity#5, com.epam.esm.model.entity.OrderEntity#7, com.epam.esm.model.entity.OrderEntity#9, com.epam.esm.model.entity.OrderEntity#11, com.epam.esm.model.entity.OrderEntity#13], username=TEST}
03:14:15.447 [Test worker] DEBUG org.hibernate.internal.util.EntityPrinter - com.epam.esm.model.entity.UserEntity{id=1, orderEntities=[com.epam.esm.model.entity.OrderEntity#2, com.epam.esm.model.entity.OrderEntity#4, com.epam.esm.model.entity.OrderEntity#6, com.epam.esm.model.entity.OrderEntity#8, com.epam.esm.model.entity.OrderEntity#10, com.epam.esm.model.entity.OrderEntity#12, com.epam.esm.model.entity.OrderEntity#14], username=Test}
03:14:15.447 [Test worker] DEBUG org.hibernate.internal.util.EntityPrinter - com.epam.esm.model.entity.OrderEntity{owner=com.epam.esm.model.entity.UserEntity#1, summary=0.0, certificateEntities=[], purchaseDate=2021-11-06T03:14:15.443924, id=14}
03:14:15.447 [Test worker] DEBUG org.hibernate.internal.util.EntityPrinter - com.epam.esm.model.entity.OrderEntity{owner=com.epam.esm.model.entity.UserEntity#2, summary=0.0, certificateEntities=[], purchaseDate=2021-11-06T03:14:15.439417, id=13}
03:14:15.447 [Test worker] DEBUG org.hibernate.internal.util.EntityPrinter - com.epam.esm.model.entity.OrderEntity{owner=com.epam.esm.model.entity.UserEntity#1, summary=0.0, certificateEntities=[], purchaseDate=2021-11-06T03:14:15.434678, id=12}
03:14:15.447 [Test worker] DEBUG org.hibernate.internal.util.EntityPrinter - com.epam.esm.model.entity.OrderEntity{owner=com.epam.esm.model.entity.UserEntity#2, summary=0.0, certificateEntities=[], purchaseDate=2021-11-06T03:14:15.428828, id=11}
03:14:15.447 [Test worker] DEBUG org.hibernate.internal.util.EntityPrinter - com.epam.esm.model.entity.OrderEntity{owner=com.epam.esm.model.entity.UserEntity#1, summary=0.0, certificateEntities=[], purchaseDate=2021-11-06T03:14:15.424570, id=10}
03:14:15.447 [Test worker] DEBUG org.hibernate.internal.util.EntityPrinter - com.epam.esm.model.entity.OrderEntity{owner=com.epam.esm.model.entity.UserEntity#2, summary=0.0, certificateEntities=[], purchaseDate=2021-11-06T03:14:15.419506, id=9}
03:14:15.447 [Test worker] DEBUG org.hibernate.internal.util.EntityPrinter - com.epam.esm.model.entity.OrderEntity{owner=com.epam.esm.model.entity.UserEntity#1, summary=0.0, certificateEntities=[], purchaseDate=2021-11-06T03:14:15.413709, id=8}
03:14:15.447 [Test worker] DEBUG org.hibernate.internal.util.EntityPrinter - com.epam.esm.model.entity.OrderEntity{owner=com.epam.esm.model.entity.UserEntity#2, summary=0.0, certificateEntities=[], purchaseDate=2021-11-06T03:14:15.408461, id=7}
03:14:15.447 [Test worker] DEBUG org.hibernate.internal.util.EntityPrinter - com.epam.esm.model.entity.OrderEntity{owner=com.epam.esm.model.entity.UserEntity#1, summary=0.0, certificateEntities=[], purchaseDate=2021-11-06T03:14:15.404155, id=6}
03:14:15.447 [Test worker] DEBUG org.hibernate.internal.util.EntityPrinter - com.epam.esm.model.entity.OrderEntity{owner=com.epam.esm.model.entity.UserEntity#2, summary=0.0, certificateEntities=[], purchaseDate=2021-11-06T03:14:15.399044, id=5}
03:14:15.447 [Test worker] DEBUG org.hibernate.internal.util.EntityPrinter - com.epam.esm.model.entity.OrderEntity{owner=com.epam.esm.model.entity.UserEntity#1, summary=0.0, certificateEntities=[], purchaseDate=2021-11-06T03:14:15.393768, id=4}
03:14:15.447 [Test worker] DEBUG org.hibernate.internal.util.EntityPrinter - com.epam.esm.model.entity.OrderEntity{owner=com.epam.esm.model.entity.UserEntity#2, summary=0.0, certificateEntities=[], purchaseDate=2021-11-06T03:14:15.390084, id=3}
03:14:15.447 [Test worker] DEBUG org.hibernate.internal.util.EntityPrinter - com.epam.esm.model.entity.OrderEntity{owner=com.epam.esm.model.entity.UserEntity#1, summary=0.0, certificateEntities=[], purchaseDate=2021-11-06T03:14:15.386276, id=2}
03:14:15.448 [Test worker] DEBUG org.hibernate.internal.util.EntityPrinter - com.epam.esm.model.entity.OrderEntity{owner=com.epam.esm.model.entity.UserEntity#2, summary=0.0, certificateEntities=[], purchaseDate=2021-11-06T03:14:15.376529, id=1}
03:14:15.448 [Test worker] DEBUG org.hibernate.SQL - select userentity0_.id as id1_5_, userentity0_.username as username2_5_ from UserEntity userentity0_ where userentity0_.username=?
Hibernate: select userentity0_.id as id1_5_, userentity0_.username as username2_5_ from UserEntity userentity0_ where userentity0_.username=?
03:14:15.448 [Test worker] DEBUG org.hibernate.stat.internal.StatisticsImpl - HHH000117: HQL: SELECT user FROM UserEntity user WHERE user.username = ?1, time: 0ms, rows: 0
03:14:15.448 [Test worker] DEBUG org.hibernate.loader.Loader - Result row: EntityKey[com.epam.esm.model.entity.UserEntity#2]
03:14:15.448 [Test worker] DEBUG org.springframework.orm.jpa.JpaTransactionManager - Found thread-bound EntityManager [SessionImpl(1511036567<open>)] for JPA transaction
03:14:15.448 [Test worker] DEBUG org.springframework.orm.jpa.JpaTransactionManager - Participating in existing transaction
03:14:15.449 [Test worker] DEBUG org.hibernate.engine.spi.ActionQueue - Executing identity-insert immediately
03:14:15.449 [Test worker] DEBUG org.hibernate.SQL - insert into OrderEntity (id, owner_id, purchaseDate, summary) values (null, ?, ?, ?)
Hibernate: insert into OrderEntity (id, owner_id, purchaseDate, summary) values (null, ?, ?, ?)
03:14:15.449 [Test worker] DEBUG org.hibernate.id.IdentifierGeneratorHelper - Natively generated identity: 15
03:14:15.449 [Test worker] DEBUG org.hibernate.resource.jdbc.internal.ResourceRegistryStandardImpl - HHH000387: ResultSet's statement was not registered
03:14:15.449 [Test worker] DEBUG org.hibernate.event.internal.AbstractFlushingEventListener - Processing flush-time cascades
03:14:15.450 [Test worker] DEBUG org.hibernate.event.internal.AbstractFlushingEventListener - Dirty checking collections
03:14:15.450 [Test worker] DEBUG org.hibernate.engine.internal.Collections - Collection found: [com.epam.esm.model.entity.UserEntity.orderEntities#1], was: [<unreferenced>] (initialized)
03:14:15.450 [Test worker] DEBUG org.hibernate.engine.internal.Collections - Collection found: [com.epam.esm.model.entity.UserEntity.orderEntities#2], was: [<unreferenced>] (initialized)
03:14:15.450 [Test worker] DEBUG org.hibernate.engine.internal.Collections - Collection found: [com.epam.esm.model.entity.OrderEntity.certificateEntities#1], was: [<unreferenced>] (initialized)
03:14:15.450 [Test worker] DEBUG org.hibernate.engine.internal.Collections - Collection found: [com.epam.esm.model.entity.OrderEntity.certificateEntities#2], was: [<unreferenced>] (initialized)
03:14:15.450 [Test worker] DEBUG org.hibernate.engine.internal.Collections - Collection found: [com.epam.esm.model.entity.OrderEntity.certificateEntities#3], was: [<unreferenced>] (initialized)
03:14:15.450 [Test worker] DEBUG org.hibernate.engine.internal.Collections - Collection found: [com.epam.esm.model.entity.OrderEntity.certificateEntities#4], was: [<unreferenced>] (initialized)
03:14:15.450 [Test worker] DEBUG org.hibernate.engine.internal.Collections - Collection found: [com.epam.esm.model.entity.OrderEntity.certificateEntities#5], was: [<unreferenced>] (initialized)
03:14:15.450 [Test worker] DEBUG org.hibernate.engine.internal.Collections - Collection found: [com.epam.esm.model.entity.OrderEntity.certificateEntities#6], was: [<unreferenced>] (initialized)
03:14:15.450 [Test worker] DEBUG org.hibernate.engine.internal.Collections - Collection found: [com.epam.esm.model.entity.OrderEntity.certificateEntities#7], was: [<unreferenced>] (initialized)
03:14:15.451 [Test worker] DEBUG org.hibernate.engine.internal.Collections - Collection found: [com.epam.esm.model.entity.OrderEntity.certificateEntities#8], was: [<unreferenced>] (initialized)
03:14:15.451 [Test worker] DEBUG org.hibernate.engine.internal.Collections - Collection found: [com.epam.esm.model.entity.OrderEntity.certificateEntities#9], was: [<unreferenced>] (initialized)
03:14:15.451 [Test worker] DEBUG org.hibernate.engine.internal.Collections - Collection found: [com.epam.esm.model.entity.OrderEntity.certificateEntities#10], was: [<unreferenced>] (initialized)
03:14:15.451 [Test worker] DEBUG org.hibernate.engine.internal.Collections - Collection found: [com.epam.esm.model.entity.OrderEntity.certificateEntities#11], was: [<unreferenced>] (initialized)
03:14:15.451 [Test worker] DEBUG org.hibernate.engine.internal.Collections - Collection found: [com.epam.esm.model.entity.OrderEntity.certificateEntities#12], was: [<unreferenced>] (initialized)
03:14:15.451 [Test worker] DEBUG org.hibernate.engine.internal.Collections - Collection found: [com.epam.esm.model.entity.OrderEntity.certificateEntities#13], was: [<unreferenced>] (initialized)
03:14:15.451 [Test worker] DEBUG org.hibernate.engine.internal.Collections - Collection found: [com.epam.esm.model.entity.OrderEntity.certificateEntities#14], was: [<unreferenced>] (initialized)
03:14:15.451 [Test worker] DEBUG org.hibernate.engine.internal.Collections - Collection found: [com.epam.esm.model.entity.OrderEntity.certificateEntities#15], was: [<unreferenced>] (initialized)
03:14:15.451 [Test worker] DEBUG org.hibernate.event.internal.AbstractFlushingEventListener - Flushed: 0 insertions, 0 updates, 0 deletions to 17 objects
03:14:15.451 [Test worker] DEBUG org.hibernate.event.internal.AbstractFlushingEventListener - Flushed: 17 (re)creations, 0 updates, 0 removals to 17 collections
03:14:15.451 [Test worker] DEBUG org.hibernate.internal.util.EntityPrinter - Listing entities:
03:14:15.451 [Test worker] DEBUG org.hibernate.internal.util.EntityPrinter - com.epam.esm.model.entity.UserEntity{id=2, orderEntities=[com.epam.esm.model.entity.OrderEntity#1, com.epam.esm.model.entity.OrderEntity#3, com.epam.esm.model.entity.OrderEntity#5, com.epam.esm.model.entity.OrderEntity#7, com.epam.esm.model.entity.OrderEntity#9, com.epam.esm.model.entity.OrderEntity#11, com.epam.esm.model.entity.OrderEntity#13, com.epam.esm.model.entity.OrderEntity#15], username=TEST}
03:14:15.451 [Test worker] DEBUG org.hibernate.internal.util.EntityPrinter - com.epam.esm.model.entity.UserEntity{id=1, orderEntities=[com.epam.esm.model.entity.OrderEntity#2, com.epam.esm.model.entity.OrderEntity#4, com.epam.esm.model.entity.OrderEntity#6, com.epam.esm.model.entity.OrderEntity#8, com.epam.esm.model.entity.OrderEntity#10, com.epam.esm.model.entity.OrderEntity#12, com.epam.esm.model.entity.OrderEntity#14], username=Test}
03:14:15.451 [Test worker] DEBUG org.hibernate.internal.util.EntityPrinter - com.epam.esm.model.entity.OrderEntity{owner=com.epam.esm.model.entity.UserEntity#2, summary=0.0, certificateEntities=[], purchaseDate=2021-11-06T03:14:15.448829, id=15}
03:14:15.451 [Test worker] DEBUG org.hibernate.internal.util.EntityPrinter - com.epam.esm.model.entity.OrderEntity{owner=com.epam.esm.model.entity.UserEntity#1, summary=0.0, certificateEntities=[], purchaseDate=2021-11-06T03:14:15.443924, id=14}
03:14:15.452 [Test worker] DEBUG org.hibernate.internal.util.EntityPrinter - com.epam.esm.model.entity.OrderEntity{owner=com.epam.esm.model.entity.UserEntity#2, summary=0.0, certificateEntities=[], purchaseDate=2021-11-06T03:14:15.439417, id=13}
03:14:15.452 [Test worker] DEBUG org.hibernate.internal.util.EntityPrinter - com.epam.esm.model.entity.OrderEntity{owner=com.epam.esm.model.entity.UserEntity#1, summary=0.0, certificateEntities=[], purchaseDate=2021-11-06T03:14:15.434678, id=12}
03:14:15.452 [Test worker] DEBUG org.hibernate.internal.util.EntityPrinter - com.epam.esm.model.entity.OrderEntity{owner=com.epam.esm.model.entity.UserEntity#2, summary=0.0, certificateEntities=[], purchaseDate=2021-11-06T03:14:15.428828, id=11}
03:14:15.452 [Test worker] DEBUG org.hibernate.internal.util.EntityPrinter - com.epam.esm.model.entity.OrderEntity{owner=com.epam.esm.model.entity.UserEntity#1, summary=0.0, certificateEntities=[], purchaseDate=2021-11-06T03:14:15.424570, id=10}
03:14:15.452 [Test worker] DEBUG org.hibernate.internal.util.EntityPrinter - com.epam.esm.model.entity.OrderEntity{owner=com.epam.esm.model.entity.UserEntity#2, summary=0.0, certificateEntities=[], purchaseDate=2021-11-06T03:14:15.419506, id=9}
03:14:15.452 [Test worker] DEBUG org.hibernate.internal.util.EntityPrinter - com.epam.esm.model.entity.OrderEntity{owner=com.epam.esm.model.entity.UserEntity#1, summary=0.0, certificateEntities=[], purchaseDate=2021-11-06T03:14:15.413709, id=8}
03:14:15.452 [Test worker] DEBUG org.hibernate.internal.util.EntityPrinter - com.epam.esm.model.entity.OrderEntity{owner=com.epam.esm.model.entity.UserEntity#2, summary=0.0, certificateEntities=[], purchaseDate=2021-11-06T03:14:15.408461, id=7}
03:14:15.452 [Test worker] DEBUG org.hibernate.internal.util.EntityPrinter - com.epam.esm.model.entity.OrderEntity{owner=com.epam.esm.model.entity.UserEntity#1, summary=0.0, certificateEntities=[], purchaseDate=2021-11-06T03:14:15.404155, id=6}
03:14:15.452 [Test worker] DEBUG org.hibernate.internal.util.EntityPrinter - com.epam.esm.model.entity.OrderEntity{owner=com.epam.esm.model.entity.UserEntity#2, summary=0.0, certificateEntities=[], purchaseDate=2021-11-06T03:14:15.399044, id=5}
03:14:15.452 [Test worker] DEBUG org.hibernate.internal.util.EntityPrinter - com.epam.esm.model.entity.OrderEntity{owner=com.epam.esm.model.entity.UserEntity#1, summary=0.0, certificateEntities=[], purchaseDate=2021-11-06T03:14:15.393768, id=4}
03:14:15.452 [Test worker] DEBUG org.hibernate.internal.util.EntityPrinter - com.epam.esm.model.entity.OrderEntity{owner=com.epam.esm.model.entity.UserEntity#2, summary=0.0, certificateEntities=[], purchaseDate=2021-11-06T03:14:15.390084, id=3}
03:14:15.452 [Test worker] DEBUG org.hibernate.internal.util.EntityPrinter - com.epam.esm.model.entity.OrderEntity{owner=com.epam.esm.model.entity.UserEntity#1, summary=0.0, certificateEntities=[], purchaseDate=2021-11-06T03:14:15.386276, id=2}
03:14:15.452 [Test worker] DEBUG org.hibernate.internal.util.EntityPrinter - com.epam.esm.model.entity.OrderEntity{owner=com.epam.esm.model.entity.UserEntity#2, summary=0.0, certificateEntities=[], purchaseDate=2021-11-06T03:14:15.376529, id=1}
03:14:15.452 [Test worker] DEBUG org.hibernate.SQL - select userentity0_.id as id1_5_, userentity0_.username as username2_5_ from UserEntity userentity0_ where userentity0_.username=?
Hibernate: select userentity0_.id as id1_5_, userentity0_.username as username2_5_ from UserEntity userentity0_ where userentity0_.username=?
03:14:15.452 [Test worker] DEBUG org.hibernate.stat.internal.StatisticsImpl - HHH000117: HQL: SELECT user FROM UserEntity user WHERE user.username = ?1, time: 0ms, rows: 0
03:14:15.453 [Test worker] DEBUG org.hibernate.loader.Loader - Result row: EntityKey[com.epam.esm.model.entity.UserEntity#1]
03:14:15.453 [Test worker] DEBUG org.springframework.orm.jpa.JpaTransactionManager - Found thread-bound EntityManager [SessionImpl(1511036567<open>)] for JPA transaction
03:14:15.453 [Test worker] DEBUG org.springframework.orm.jpa.JpaTransactionManager - Participating in existing transaction
03:14:15.453 [Test worker] DEBUG org.hibernate.engine.spi.ActionQueue - Executing identity-insert immediately
03:14:15.453 [Test worker] DEBUG org.hibernate.SQL - insert into OrderEntity (id, owner_id, purchaseDate, summary) values (null, ?, ?, ?)
Hibernate: insert into OrderEntity (id, owner_id, purchaseDate, summary) values (null, ?, ?, ?)
03:14:15.454 [Test worker] DEBUG org.hibernate.id.IdentifierGeneratorHelper - Natively generated identity: 16
03:14:15.454 [Test worker] DEBUG org.hibernate.resource.jdbc.internal.ResourceRegistryStandardImpl - HHH000387: ResultSet's statement was not registered
03:14:15.454 [Test worker] DEBUG org.springframework.orm.jpa.JpaTransactionManager - Found thread-bound EntityManager [SessionImpl(1511036567<open>)] for JPA transaction
03:14:15.454 [Test worker] DEBUG org.springframework.orm.jpa.JpaTransactionManager - Participating in existing transaction
03:14:15.455 [Test worker] DEBUG org.hibernate.hql.internal.ast.QueryTranslatorImpl - parse() - HQL: SELECT ord FROM com.epam.esm.model.entity.OrderEntity ord WHERE ord.owner.username = ?1
03:14:15.455 [Test worker] DEBUG org.hibernate.hql.internal.ast.ErrorTracker - throwQueryException() : no errors
03:14:15.456 [Test worker] DEBUG org.hibernate.hql.internal.ast.QueryTranslatorImpl - --- HQL AST ---
 \-[QUERY] Node: 'query'
    +-[SELECT_FROM] Node: 'SELECT_FROM'
    |  +-[FROM] Node: 'FROM'
    |  |  \-[RANGE] Node: 'RANGE'
    |  |     +-[DOT] Node: '.'
    |  |     |  +-[DOT] Node: '.'
    |  |     |  |  +-[DOT] Node: '.'
    |  |     |  |  |  +-[DOT] Node: '.'
    |  |     |  |  |  |  +-[DOT] Node: '.'
    |  |     |  |  |  |  |  +-[IDENT] Node: 'com'
    |  |     |  |  |  |  |  \-[IDENT] Node: 'epam'
    |  |     |  |  |  |  \-[IDENT] Node: 'esm'
    |  |     |  |  |  \-[IDENT] Node: 'model'
    |  |     |  |  \-[IDENT] Node: 'entity'
    |  |     |  \-[IDENT] Node: 'OrderEntity'
    |  |     \-[ALIAS] Node: 'ord'
    |  \-[SELECT] Node: 'SELECT'
    |     \-[IDENT] Node: 'ord'
    \-[WHERE] Node: 'WHERE'
       \-[EQ] Node: '='
          +-[DOT] Node: '.'
          |  +-[DOT] Node: '.'
          |  |  +-[IDENT] Node: 'ord'
          |  |  \-[IDENT] Node: 'owner'
          |  \-[IDENT] Node: 'username'
          \-[PARAM] Node: '?'
             \-[NUM_INT] Node: '1'

03:14:15.456 [Test worker] DEBUG org.hibernate.hql.internal.antlr.HqlSqlBaseWalker - select << begin [level=1, statement=select]
03:14:15.456 [Test worker] DEBUG org.hibernate.hql.internal.ast.tree.FromElement - FromClause{level=1} : com.epam.esm.model.entity.OrderEntity (ord) -> orderentit0_
03:14:15.456 [Test worker] DEBUG org.hibernate.hql.internal.ast.tree.FromReferenceNode - Resolved : ord -> orderentit0_.id
03:14:15.456 [Test worker] DEBUG org.hibernate.hql.internal.ast.tree.FromReferenceNode - Resolved : ord -> orderentit0_.id
03:14:15.457 [Test worker] DEBUG org.hibernate.hql.internal.ast.tree.DotNode - getDataType() : owner -> org.hibernate.type.ManyToOneType(com.epam.esm.model.entity.UserEntity)
03:14:15.457 [Test worker] DEBUG org.hibernate.hql.internal.ast.tree.DotNode - dereferenceEntityJoin() : generating join for owner in com.epam.esm.model.entity.OrderEntity (<no alias>) parent = [  ( . ( . orderentit0_.id owner ) username ) ]
03:14:15.457 [Test worker] DEBUG org.hibernate.hql.internal.ast.tree.FromElement - FromClause{level=1} : com.epam.esm.model.entity.UserEntity (<no alias>) -> userentity1_
03:14:15.457 [Test worker] DEBUG org.hibernate.hql.internal.ast.tree.FromClause - addJoinByPathMap() : ord.owner -> ImpliedFromElement{implied,not a collection join,not a fetch join,fetch non-lazy properties,classAlias=null,role=null,tableName=UserEntity,tableAlias=userentity1_,origin=OrderEntity orderentit0_,columns={orderentit0_.owner_id,className=com.epam.esm.model.entity.UserEntity}}
03:14:15.458 [Test worker] DEBUG org.hibernate.hql.internal.ast.tree.FromReferenceNode - Resolved : ord.owner -> orderentit0_.owner_id
03:14:15.458 [Test worker] DEBUG org.hibernate.hql.internal.ast.tree.DotNode - getDataType() : username -> org.hibernate.type.StringType@30baee82
03:14:15.458 [Test worker] DEBUG org.hibernate.hql.internal.ast.tree.FromReferenceNode - Resolved : ord.owner.username -> userentity1_.username
03:14:15.458 [Test worker] DEBUG org.hibernate.hql.internal.antlr.HqlSqlBaseWalker - select : finishing up [level=1, statement=select]
03:14:15.458 [Test worker] DEBUG org.hibernate.hql.internal.ast.HqlSqlWalker - processQuery() :  ( SELECT ( {select clause} orderentit0_.id ) ( FromClause{level=1} OrderEntity orderentit0_ UserEntity userentity1_ ) ( WHERE ( = ( userentity1_.username ( orderentit0_.owner_id orderentit0_.id owner ) username ) ? ) ) )
03:14:15.458 [Test worker] DEBUG org.hibernate.hql.internal.ast.util.JoinProcessor - Tables referenced from query nodes:
 \-QueryNode
    +-SelectClause
    | referencedTables(entity OrderEntity): [OrderEntity]
    |  +-IdentNode
    |  | persister: SingleTableEntityPersister(com.epam.esm.model.entity.OrderEntity)
    |  | originalText: ord
    |  \-SqlFragment
    +-FromClause
    |  +-FromElement
    |  \-ImpliedFromElement
    \-SqlNode
       \-BinaryLogicOperatorNode
          +-DotNode
          | persister: SingleTableEntityPersister(com.epam.esm.model.entity.UserEntity)
          | path: ord.owner.username
          |  +-DotNode
          |  | persister: SingleTableEntityPersister(com.epam.esm.model.entity.UserEntity)
          |  | path: ord.owner
          |  |  +-IdentNode
          |  |  | persister: SingleTableEntityPersister(com.epam.esm.model.entity.OrderEntity)
          |  |  | originalText: ord
          |  |  \-IdentNode
          |  |    persister: null
          |  |    originalText: owner
          |  \-IdentNode
          |    persister: null
          |    originalText: username
          \-ParameterNode

03:14:15.458 [Test worker] DEBUG org.hibernate.hql.internal.ast.util.JoinProcessor - Using FROM fragment [OrderEntity orderentit0_]
03:14:15.459 [Test worker] DEBUG org.hibernate.hql.internal.ast.util.SyntheticAndFactory - Using unprocessed WHERE-fragment [orderentit0_.owner_id=userentity1_.id]
03:14:15.459 [Test worker] DEBUG org.hibernate.hql.internal.ast.util.SyntheticAndFactory - Using processed WHERE-fragment [orderentit0_.owner_id=userentity1_.id]
03:14:15.459 [Test worker] DEBUG org.hibernate.hql.internal.antlr.HqlSqlBaseWalker - select >> end [level=1, statement=select]
03:14:15.459 [Test worker] DEBUG org.hibernate.hql.internal.ast.QueryTranslatorImpl - --- SQL AST ---
 \-[SELECT] QueryNode: 'SELECT'  querySpaces (OrderEntity,UserEntity)
    +-[SELECT_CLAUSE] SelectClause: '{select clause}'
    |  +-[ALIAS_REF] IdentNode: 'orderentit0_.id as id1_2_' {alias=ord, className=com.epam.esm.model.entity.OrderEntity, tableAlias=orderentit0_}
    |  \-[SQL_TOKEN] SqlFragment: 'orderentit0_.owner_id as owner_id4_2_, orderentit0_.purchaseDate as purchase2_2_, orderentit0_.summary as summary3_2_'
    +-[FROM] FromClause: 'FROM' FromClause{level=1, fromElementCounter=2, fromElements=2, fromElementByClassAlias=[ord], fromElementByTableAlias=[orderentit0_, userentity1_], fromElementsByPath=[ord.owner], collectionJoinFromElementsByPath=[], impliedElements=[]}
    |  +-[FROM_FRAGMENT] FromElement: 'OrderEntity orderentit0_' FromElement{explicit,not a collection join,not a fetch join,fetch non-lazy properties,classAlias=ord,role=null,tableName=OrderEntity,tableAlias=orderentit0_,origin=null,columns={,className=com.epam.esm.model.entity.OrderEntity}}
    |  \-[FROM_FRAGMENT] ImpliedFromElement: 'UserEntity userentity1_' ImpliedFromElement{implied,not a collection join,not a fetch join,fetch non-lazy properties,classAlias=null,role=com.epam.esm.model.entity.OrderEntity.owner,tableName=UserEntity,tableAlias=userentity1_,origin=OrderEntity orderentit0_,columns={orderentit0_.owner_id,className=com.epam.esm.model.entity.UserEntity}}
    \-[WHERE] SqlNode: 'WHERE'
       +-[THETA_JOINS] SqlNode: '{theta joins}'
       |  \-[SQL_TOKEN] SqlFragment: 'orderentit0_.owner_id=userentity1_.id'
       \-[EQ] BinaryLogicOperatorNode: '='
          +-[DOT] DotNode: 'userentity1_.username' {propertyName=username,dereferenceType=PRIMITIVE,getPropertyPath=username,path=ord.owner.username,tableAlias=userentity1_,className=com.epam.esm.model.entity.UserEntity,classAlias=null}
          |  +-[DOT] DotNode: 'orderentit0_.owner_id' {propertyName=owner,dereferenceType=ENTITY,getPropertyPath=owner,path=ord.owner,tableAlias=userentity1_,className=com.epam.esm.model.entity.UserEntity,classAlias=null}
          |  |  +-[ALIAS_REF] IdentNode: 'orderentit0_.id' {alias=ord, className=com.epam.esm.model.entity.OrderEntity, tableAlias=orderentit0_}
          |  |  \-[IDENT] IdentNode: 'owner' {originalText=owner}
          |  \-[IDENT] IdentNode: 'username' {originalText=username}
          \-[PARAM] ParameterNode: '?' {label=1, expectedType=org.hibernate.type.StringType@30baee82}

03:14:15.459 [Test worker] DEBUG org.hibernate.hql.internal.ast.ErrorTracker - throwQueryException() : no errors
03:14:15.459 [Test worker] DEBUG org.hibernate.hql.internal.ast.QueryTranslatorImpl - HQL: SELECT ord FROM com.epam.esm.model.entity.OrderEntity ord WHERE ord.owner.username = ?1
03:14:15.459 [Test worker] DEBUG org.hibernate.hql.internal.ast.QueryTranslatorImpl - SQL: select orderentit0_.id as id1_2_, orderentit0_.owner_id as owner_id4_2_, orderentit0_.purchaseDate as purchase2_2_, orderentit0_.summary as summary3_2_ from OrderEntity orderentit0_ cross join UserEntity userentity1_ where orderentit0_.owner_id=userentity1_.id and userentity1_.username=?
03:14:15.459 [Test worker] DEBUG org.hibernate.hql.internal.ast.ErrorTracker - throwQueryException() : no errors
03:14:15.460 [Test worker] DEBUG org.hibernate.event.internal.AbstractFlushingEventListener - Processing flush-time cascades
03:14:15.460 [Test worker] DEBUG org.hibernate.event.internal.AbstractFlushingEventListener - Dirty checking collections
03:14:15.460 [Test worker] DEBUG org.hibernate.engine.internal.Collections - Collection found: [com.epam.esm.model.entity.UserEntity.orderEntities#1], was: [<unreferenced>] (initialized)
03:14:15.460 [Test worker] DEBUG org.hibernate.engine.internal.Collections - Collection found: [com.epam.esm.model.entity.UserEntity.orderEntities#2], was: [<unreferenced>] (initialized)
03:14:15.460 [Test worker] DEBUG org.hibernate.engine.internal.Collections - Collection found: [com.epam.esm.model.entity.OrderEntity.certificateEntities#1], was: [<unreferenced>] (initialized)
03:14:15.460 [Test worker] DEBUG org.hibernate.engine.internal.Collections - Collection found: [com.epam.esm.model.entity.OrderEntity.certificateEntities#2], was: [<unreferenced>] (initialized)
03:14:15.460 [Test worker] DEBUG org.hibernate.engine.internal.Collections - Collection found: [com.epam.esm.model.entity.OrderEntity.certificateEntities#3], was: [<unreferenced>] (initialized)
03:14:15.460 [Test worker] DEBUG org.hibernate.engine.internal.Collections - Collection found: [com.epam.esm.model.entity.OrderEntity.certificateEntities#4], was: [<unreferenced>] (initialized)
03:14:15.460 [Test worker] DEBUG org.hibernate.engine.internal.Collections - Collection found: [com.epam.esm.model.entity.OrderEntity.certificateEntities#5], was: [<unreferenced>] (initialized)
03:14:15.461 [Test worker] DEBUG org.hibernate.engine.internal.Collections - Collection found: [com.epam.esm.model.entity.OrderEntity.certificateEntities#6], was: [<unreferenced>] (initialized)
03:14:15.461 [Test worker] DEBUG org.hibernate.engine.internal.Collections - Collection found: [com.epam.esm.model.entity.OrderEntity.certificateEntities#7], was: [<unreferenced>] (initialized)
03:14:15.461 [Test worker] DEBUG org.hibernate.engine.internal.Collections - Collection found: [com.epam.esm.model.entity.OrderEntity.certificateEntities#8], was: [<unreferenced>] (initialized)
03:14:15.461 [Test worker] DEBUG org.hibernate.engine.internal.Collections - Collection found: [com.epam.esm.model.entity.OrderEntity.certificateEntities#9], was: [<unreferenced>] (initialized)
03:14:15.461 [Test worker] DEBUG org.hibernate.engine.internal.Collections - Collection found: [com.epam.esm.model.entity.OrderEntity.certificateEntities#10], was: [<unreferenced>] (initialized)
03:14:15.461 [Test worker] DEBUG org.hibernate.engine.internal.Collections - Collection found: [com.epam.esm.model.entity.OrderEntity.certificateEntities#11], was: [<unreferenced>] (initialized)
03:14:15.461 [Test worker] DEBUG org.hibernate.engine.internal.Collections - Collection found: [com.epam.esm.model.entity.OrderEntity.certificateEntities#12], was: [<unreferenced>] (initialized)
03:14:15.461 [Test worker] DEBUG org.hibernate.engine.internal.Collections - Collection found: [com.epam.esm.model.entity.OrderEntity.certificateEntities#13], was: [<unreferenced>] (initialized)
03:14:15.461 [Test worker] DEBUG org.hibernate.engine.internal.Collections - Collection found: [com.epam.esm.model.entity.OrderEntity.certificateEntities#14], was: [<unreferenced>] (initialized)
03:14:15.461 [Test worker] DEBUG org.hibernate.engine.internal.Collections - Collection found: [com.epam.esm.model.entity.OrderEntity.certificateEntities#15], was: [<unreferenced>] (initialized)
03:14:15.462 [Test worker] DEBUG org.hibernate.engine.internal.Collections - Collection found: [com.epam.esm.model.entity.OrderEntity.certificateEntities#16], was: [<unreferenced>] (initialized)
03:14:15.462 [Test worker] DEBUG org.hibernate.event.internal.AbstractFlushingEventListener - Flushed: 0 insertions, 0 updates, 0 deletions to 18 objects
03:14:15.462 [Test worker] DEBUG org.hibernate.event.internal.AbstractFlushingEventListener - Flushed: 18 (re)creations, 0 updates, 0 removals to 18 collections
03:14:15.462 [Test worker] DEBUG org.hibernate.internal.util.EntityPrinter - Listing entities:
03:14:15.462 [Test worker] DEBUG org.hibernate.internal.util.EntityPrinter - com.epam.esm.model.entity.UserEntity{id=2, orderEntities=[com.epam.esm.model.entity.OrderEntity#1, com.epam.esm.model.entity.OrderEntity#3, com.epam.esm.model.entity.OrderEntity#5, com.epam.esm.model.entity.OrderEntity#7, com.epam.esm.model.entity.OrderEntity#9, com.epam.esm.model.entity.OrderEntity#11, com.epam.esm.model.entity.OrderEntity#13, com.epam.esm.model.entity.OrderEntity#15], username=TEST}
03:14:15.462 [Test worker] DEBUG org.hibernate.internal.util.EntityPrinter - com.epam.esm.model.entity.UserEntity{id=1, orderEntities=[com.epam.esm.model.entity.OrderEntity#2, com.epam.esm.model.entity.OrderEntity#4, com.epam.esm.model.entity.OrderEntity#6, com.epam.esm.model.entity.OrderEntity#8, com.epam.esm.model.entity.OrderEntity#10, com.epam.esm.model.entity.OrderEntity#12, com.epam.esm.model.entity.OrderEntity#14, com.epam.esm.model.entity.OrderEntity#16], username=Test}
03:14:15.462 [Test worker] DEBUG org.hibernate.internal.util.EntityPrinter - com.epam.esm.model.entity.OrderEntity{owner=com.epam.esm.model.entity.UserEntity#1, summary=0.0, certificateEntities=[], purchaseDate=2021-11-06T03:14:15.453601, id=16}
03:14:15.462 [Test worker] DEBUG org.hibernate.internal.util.EntityPrinter - com.epam.esm.model.entity.OrderEntity{owner=com.epam.esm.model.entity.UserEntity#2, summary=0.0, certificateEntities=[], purchaseDate=2021-11-06T03:14:15.448829, id=15}
03:14:15.462 [Test worker] DEBUG org.hibernate.internal.util.EntityPrinter - com.epam.esm.model.entity.OrderEntity{owner=com.epam.esm.model.entity.UserEntity#1, summary=0.0, certificateEntities=[], purchaseDate=2021-11-06T03:14:15.443924, id=14}
03:14:15.462 [Test worker] DEBUG org.hibernate.internal.util.EntityPrinter - com.epam.esm.model.entity.OrderEntity{owner=com.epam.esm.model.entity.UserEntity#2, summary=0.0, certificateEntities=[], purchaseDate=2021-11-06T03:14:15.439417, id=13}
03:14:15.462 [Test worker] DEBUG org.hibernate.internal.util.EntityPrinter - com.epam.esm.model.entity.OrderEntity{owner=com.epam.esm.model.entity.UserEntity#1, summary=0.0, certificateEntities=[], purchaseDate=2021-11-06T03:14:15.434678, id=12}
03:14:15.462 [Test worker] DEBUG org.hibernate.internal.util.EntityPrinter - com.epam.esm.model.entity.OrderEntity{owner=com.epam.esm.model.entity.UserEntity#2, summary=0.0, certificateEntities=[], purchaseDate=2021-11-06T03:14:15.428828, id=11}
03:14:15.462 [Test worker] DEBUG org.hibernate.internal.util.EntityPrinter - com.epam.esm.model.entity.OrderEntity{owner=com.epam.esm.model.entity.UserEntity#1, summary=0.0, certificateEntities=[], purchaseDate=2021-11-06T03:14:15.424570, id=10}
03:14:15.462 [Test worker] DEBUG org.hibernate.internal.util.EntityPrinter - com.epam.esm.model.entity.OrderEntity{owner=com.epam.esm.model.entity.UserEntity#2, summary=0.0, certificateEntities=[], purchaseDate=2021-11-06T03:14:15.419506, id=9}
03:14:15.462 [Test worker] DEBUG org.hibernate.internal.util.EntityPrinter - com.epam.esm.model.entity.OrderEntity{owner=com.epam.esm.model.entity.UserEntity#1, summary=0.0, certificateEntities=[], purchaseDate=2021-11-06T03:14:15.413709, id=8}
03:14:15.462 [Test worker] DEBUG org.hibernate.internal.util.EntityPrinter - com.epam.esm.model.entity.OrderEntity{owner=com.epam.esm.model.entity.UserEntity#2, summary=0.0, certificateEntities=[], purchaseDate=2021-11-06T03:14:15.408461, id=7}
03:14:15.463 [Test worker] DEBUG org.hibernate.internal.util.EntityPrinter - com.epam.esm.model.entity.OrderEntity{owner=com.epam.esm.model.entity.UserEntity#1, summary=0.0, certificateEntities=[], purchaseDate=2021-11-06T03:14:15.404155, id=6}
03:14:15.463 [Test worker] DEBUG org.hibernate.internal.util.EntityPrinter - com.epam.esm.model.entity.OrderEntity{owner=com.epam.esm.model.entity.UserEntity#2, summary=0.0, certificateEntities=[], purchaseDate=2021-11-06T03:14:15.399044, id=5}
03:14:15.463 [Test worker] DEBUG org.hibernate.internal.util.EntityPrinter - com.epam.esm.model.entity.OrderEntity{owner=com.epam.esm.model.entity.UserEntity#1, summary=0.0, certificateEntities=[], purchaseDate=2021-11-06T03:14:15.393768, id=4}
03:14:15.463 [Test worker] DEBUG org.hibernate.internal.util.EntityPrinter - com.epam.esm.model.entity.OrderEntity{owner=com.epam.esm.model.entity.UserEntity#2, summary=0.0, certificateEntities=[], purchaseDate=2021-11-06T03:14:15.390084, id=3}
03:14:15.463 [Test worker] DEBUG org.hibernate.internal.util.EntityPrinter - com.epam.esm.model.entity.OrderEntity{owner=com.epam.esm.model.entity.UserEntity#1, summary=0.0, certificateEntities=[], purchaseDate=2021-11-06T03:14:15.386276, id=2}
03:14:15.463 [Test worker] DEBUG org.hibernate.internal.util.EntityPrinter - com.epam.esm.model.entity.OrderEntity{owner=com.epam.esm.model.entity.UserEntity#2, summary=0.0, certificateEntities=[], purchaseDate=2021-11-06T03:14:15.376529, id=1}
03:14:15.463 [Test worker] DEBUG org.hibernate.engine.spi.ActionQueue - Changes must be flushed to space: OrderEntity
03:14:15.465 [Test worker] DEBUG org.hibernate.persister.collection.AbstractCollectionPersister - Inserting collection: [com.epam.esm.model.entity.OrderEntity.certificateEntities#1]
03:14:15.465 [Test worker] DEBUG org.hibernate.persister.collection.AbstractCollectionPersister - Collection was empty
03:14:15.465 [Test worker] DEBUG org.hibernate.persister.collection.AbstractCollectionPersister - Inserting collection: [com.epam.esm.model.entity.OrderEntity.certificateEntities#2]
03:14:15.465 [Test worker] DEBUG org.hibernate.persister.collection.AbstractCollectionPersister - Collection was empty
03:14:15.465 [Test worker] DEBUG org.hibernate.persister.collection.AbstractCollectionPersister - Inserting collection: [com.epam.esm.model.entity.OrderEntity.certificateEntities#3]
03:14:15.465 [Test worker] DEBUG org.hibernate.persister.collection.AbstractCollectionPersister - Collection was empty
03:14:15.465 [Test worker] DEBUG org.hibernate.persister.collection.AbstractCollectionPersister - Inserting collection: [com.epam.esm.model.entity.OrderEntity.certificateEntities#4]
03:14:15.465 [Test worker] DEBUG org.hibernate.persister.collection.AbstractCollectionPersister - Collection was empty
03:14:15.465 [Test worker] DEBUG org.hibernate.persister.collection.AbstractCollectionPersister - Inserting collection: [com.epam.esm.model.entity.OrderEntity.certificateEntities#5]
03:14:15.466 [Test worker] DEBUG org.hibernate.persister.collection.AbstractCollectionPersister - Collection was empty
03:14:15.466 [Test worker] DEBUG org.hibernate.persister.collection.AbstractCollectionPersister - Inserting collection: [com.epam.esm.model.entity.OrderEntity.certificateEntities#6]
03:14:15.466 [Test worker] DEBUG org.hibernate.persister.collection.AbstractCollectionPersister - Collection was empty
03:14:15.466 [Test worker] DEBUG org.hibernate.persister.collection.AbstractCollectionPersister - Inserting collection: [com.epam.esm.model.entity.OrderEntity.certificateEntities#7]
03:14:15.466 [Test worker] DEBUG org.hibernate.persister.collection.AbstractCollectionPersister - Collection was empty
03:14:15.466 [Test worker] DEBUG org.hibernate.persister.collection.AbstractCollectionPersister - Inserting collection: [com.epam.esm.model.entity.OrderEntity.certificateEntities#8]
03:14:15.466 [Test worker] DEBUG org.hibernate.persister.collection.AbstractCollectionPersister - Collection was empty
03:14:15.466 [Test worker] DEBUG org.hibernate.persister.collection.AbstractCollectionPersister - Inserting collection: [com.epam.esm.model.entity.OrderEntity.certificateEntities#9]
03:14:15.466 [Test worker] DEBUG org.hibernate.persister.collection.AbstractCollectionPersister - Collection was empty
03:14:15.466 [Test worker] DEBUG org.hibernate.persister.collection.AbstractCollectionPersister - Inserting collection: [com.epam.esm.model.entity.OrderEntity.certificateEntities#10]
03:14:15.466 [Test worker] DEBUG org.hibernate.persister.collection.AbstractCollectionPersister - Collection was empty
03:14:15.466 [Test worker] DEBUG org.hibernate.persister.collection.AbstractCollectionPersister - Inserting collection: [com.epam.esm.model.entity.OrderEntity.certificateEntities#11]
03:14:15.466 [Test worker] DEBUG org.hibernate.persister.collection.AbstractCollectionPersister - Collection was empty
03:14:15.466 [Test worker] DEBUG org.hibernate.persister.collection.AbstractCollectionPersister - Inserting collection: [com.epam.esm.model.entity.OrderEntity.certificateEntities#12]
03:14:15.466 [Test worker] DEBUG org.hibernate.persister.collection.AbstractCollectionPersister - Collection was empty
03:14:15.466 [Test worker] DEBUG org.hibernate.persister.collection.AbstractCollectionPersister - Inserting collection: [com.epam.esm.model.entity.OrderEntity.certificateEntities#13]
03:14:15.466 [Test worker] DEBUG org.hibernate.persister.collection.AbstractCollectionPersister - Collection was empty
03:14:15.466 [Test worker] DEBUG org.hibernate.persister.collection.AbstractCollectionPersister - Inserting collection: [com.epam.esm.model.entity.OrderEntity.certificateEntities#14]
03:14:15.466 [Test worker] DEBUG org.hibernate.persister.collection.AbstractCollectionPersister - Collection was empty
03:14:15.466 [Test worker] DEBUG org.hibernate.persister.collection.AbstractCollectionPersister - Inserting collection: [com.epam.esm.model.entity.OrderEntity.certificateEntities#15]
03:14:15.466 [Test worker] DEBUG org.hibernate.persister.collection.AbstractCollectionPersister - Collection was empty
03:14:15.466 [Test worker] DEBUG org.hibernate.persister.collection.AbstractCollectionPersister - Inserting collection: [com.epam.esm.model.entity.OrderEntity.certificateEntities#16]
03:14:15.466 [Test worker] DEBUG org.hibernate.persister.collection.AbstractCollectionPersister - Collection was empty
03:14:15.468 [Test worker] DEBUG org.hibernate.SQL - select orderentit0_.id as id1_2_, orderentit0_.owner_id as owner_id4_2_, orderentit0_.purchaseDate as purchase2_2_, orderentit0_.summary as summary3_2_ from OrderEntity orderentit0_ cross join UserEntity userentity1_ where orderentit0_.owner_id=userentity1_.id and userentity1_.username=?
Hibernate: select orderentit0_.id as id1_2_, orderentit0_.owner_id as owner_id4_2_, orderentit0_.purchaseDate as purchase2_2_, orderentit0_.summary as summary3_2_ from OrderEntity orderentit0_ cross join UserEntity userentity1_ where orderentit0_.owner_id=userentity1_.id and userentity1_.username=?
03:14:15.469 [Test worker] DEBUG org.hibernate.loader.Loader - Result set row: 0
03:14:15.469 [Test worker] DEBUG org.hibernate.loader.Loader - Result row: EntityKey[com.epam.esm.model.entity.OrderEntity#2]
03:14:15.469 [Test worker] DEBUG org.hibernate.loader.Loader - Result set row: 1
03:14:15.469 [Test worker] DEBUG org.hibernate.loader.Loader - Result row: EntityKey[com.epam.esm.model.entity.OrderEntity#4]
03:14:15.469 [Test worker] DEBUG org.hibernate.loader.Loader - Result set row: 2
03:14:15.469 [Test worker] DEBUG org.hibernate.loader.Loader - Result row: EntityKey[com.epam.esm.model.entity.OrderEntity#6]
03:14:15.469 [Test worker] DEBUG org.hibernate.loader.Loader - Result set row: 3
03:14:15.469 [Test worker] DEBUG org.hibernate.loader.Loader - Result row: EntityKey[com.epam.esm.model.entity.OrderEntity#8]
03:14:15.469 [Test worker] DEBUG org.hibernate.loader.Loader - Result set row: 4
03:14:15.469 [Test worker] DEBUG org.hibernate.loader.Loader - Result row: EntityKey[com.epam.esm.model.entity.OrderEntity#10]
03:14:15.469 [Test worker] DEBUG org.hibernate.loader.Loader - Result set row: 5
03:14:15.469 [Test worker] DEBUG org.hibernate.loader.Loader - Result row: EntityKey[com.epam.esm.model.entity.OrderEntity#12]
03:14:15.469 [Test worker] DEBUG org.hibernate.loader.Loader - Result set row: 6
03:14:15.469 [Test worker] DEBUG org.hibernate.loader.Loader - Result row: EntityKey[com.epam.esm.model.entity.OrderEntity#14]
03:14:15.469 [Test worker] DEBUG org.hibernate.loader.Loader - Result set row: 7
03:14:15.470 [Test worker] DEBUG org.hibernate.loader.Loader - Result row: EntityKey[com.epam.esm.model.entity.OrderEntity#16]
03:14:15.470 [Test worker] DEBUG org.hibernate.stat.internal.StatisticsImpl - HHH000117: HQL: SELECT ord FROM OrderEntity ord WHERE ord.owner.username = ?1, time: 2ms, rows: 8
03:14:15.473 [Test worker] DEBUG org.springframework.test.context.cache.DefaultCacheAwareContextLoaderDelegate - Retrieved ApplicationContext [1521714456] from cache with key [[MergedContextConfiguration@17f49ab1 testClass = OrderServiceImplTest, locations = '{}', classes = '{class com.epam.esm.configuration.ServiceTestConfiguration}', contextInitializerClasses = '[]', activeProfiles = '{}', propertySourceLocations = '{}', propertySourceProperties = '{}', contextCustomizers = set[org.springframework.boot.test.autoconfigure.actuate.metrics.MetricsExportContextCustomizerFactory$DisableMetricExportContextCustomizer@6875a0b1, org.springframework.boot.test.autoconfigure.properties.PropertyMappingContextCustomizer@0, org.springframework.boot.test.autoconfigure.web.servlet.WebDriverContextCustomizerFactory$Customizer@3db8a836, org.springframework.boot.test.context.filter.ExcludeFilterContextCustomizer@186c1848, org.springframework.boot.test.json.DuplicateJsonObjectContextCustomizerFactory$DuplicateJsonObjectContextCustomizer@19bb00ce, org.springframework.boot.test.mock.mockito.MockitoContextCustomizer@0], contextLoader = 'org.springframework.test.context.support.DelegatingSmartContextLoader', parent = [null]]]
03:14:15.473 [Test worker] DEBUG org.springframework.test.context.cache - Spring test ApplicationContext cache statistics: [DefaultContextCache@3d4f3eac size = 1, maxSize = 32, parentContextCount = 0, hitCount = 6, missCount = 1]
03:14:15.474 [Test worker] DEBUG org.springframework.test.context.cache.DefaultCacheAwareContextLoaderDelegate - Retrieved ApplicationContext [1521714456] from cache with key [[MergedContextConfiguration@17f49ab1 testClass = OrderServiceImplTest, locations = '{}', classes = '{class com.epam.esm.configuration.ServiceTestConfiguration}', contextInitializerClasses = '[]', activeProfiles = '{}', propertySourceLocations = '{}', propertySourceProperties = '{}', contextCustomizers = set[org.springframework.boot.test.autoconfigure.actuate.metrics.MetricsExportContextCustomizerFactory$DisableMetricExportContextCustomizer@6875a0b1, org.springframework.boot.test.autoconfigure.properties.PropertyMappingContextCustomizer@0, org.springframework.boot.test.autoconfigure.web.servlet.WebDriverContextCustomizerFactory$Customizer@3db8a836, org.springframework.boot.test.context.filter.ExcludeFilterContextCustomizer@186c1848, org.springframework.boot.test.json.DuplicateJsonObjectContextCustomizerFactory$DuplicateJsonObjectContextCustomizer@19bb00ce, org.springframework.boot.test.mock.mockito.MockitoContextCustomizer@0], contextLoader = 'org.springframework.test.context.support.DelegatingSmartContextLoader', parent = [null]]]
03:14:15.474 [Test worker] DEBUG org.springframework.test.context.cache - Spring test ApplicationContext cache statistics: [DefaultContextCache@3d4f3eac size = 1, maxSize = 32, parentContextCount = 0, hitCount = 7, missCount = 1]
03:14:15.474 [Test worker] DEBUG org.springframework.test.context.cache.DefaultCacheAwareContextLoaderDelegate - Retrieved ApplicationContext [1521714456] from cache with key [[MergedContextConfiguration@17f49ab1 testClass = OrderServiceImplTest, locations = '{}', classes = '{class com.epam.esm.configuration.ServiceTestConfiguration}', contextInitializerClasses = '[]', activeProfiles = '{}', propertySourceLocations = '{}', propertySourceProperties = '{}', contextCustomizers = set[org.springframework.boot.test.autoconfigure.actuate.metrics.MetricsExportContextCustomizerFactory$DisableMetricExportContextCustomizer@6875a0b1, org.springframework.boot.test.autoconfigure.properties.PropertyMappingContextCustomizer@0, org.springframework.boot.test.autoconfigure.web.servlet.WebDriverContextCustomizerFactory$Customizer@3db8a836, org.springframework.boot.test.context.filter.ExcludeFilterContextCustomizer@186c1848, org.springframework.boot.test.json.DuplicateJsonObjectContextCustomizerFactory$DuplicateJsonObjectContextCustomizer@19bb00ce, org.springframework.boot.test.mock.mockito.MockitoContextCustomizer@0], contextLoader = 'org.springframework.test.context.support.DelegatingSmartContextLoader', parent = [null]]]
03:14:15.475 [Test worker] DEBUG org.springframework.test.context.cache - Spring test ApplicationContext cache statistics: [DefaultContextCache@3d4f3eac size = 1, maxSize = 32, parentContextCount = 0, hitCount = 8, missCount = 1]
03:14:15.475 [Test worker] DEBUG org.springframework.test.context.cache.DefaultCacheAwareContextLoaderDelegate - Retrieved ApplicationContext [1521714456] from cache with key [[MergedContextConfiguration@17f49ab1 testClass = OrderServiceImplTest, locations = '{}', classes = '{class com.epam.esm.configuration.ServiceTestConfiguration}', contextInitializerClasses = '[]', activeProfiles = '{}', propertySourceLocations = '{}', propertySourceProperties = '{}', contextCustomizers = set[org.springframework.boot.test.autoconfigure.actuate.metrics.MetricsExportContextCustomizerFactory$DisableMetricExportContextCustomizer@6875a0b1, org.springframework.boot.test.autoconfigure.properties.PropertyMappingContextCustomizer@0, org.springframework.boot.test.autoconfigure.web.servlet.WebDriverContextCustomizerFactory$Customizer@3db8a836, org.springframework.boot.test.context.filter.ExcludeFilterContextCustomizer@186c1848, org.springframework.boot.test.json.DuplicateJsonObjectContextCustomizerFactory$DuplicateJsonObjectContextCustomizer@19bb00ce, org.springframework.boot.test.mock.mockito.MockitoContextCustomizer@0], contextLoader = 'org.springframework.test.context.support.DelegatingSmartContextLoader', parent = [null]]]
03:14:15.475 [Test worker] DEBUG org.springframework.test.context.cache - Spring test ApplicationContext cache statistics: [DefaultContextCache@3d4f3eac size = 1, maxSize = 32, parentContextCount = 0, hitCount = 9, missCount = 1]
03:14:15.475 [Test worker] DEBUG org.springframework.test.context.cache.DefaultCacheAwareContextLoaderDelegate - Retrieved ApplicationContext [1521714456] from cache with key [[MergedContextConfiguration@17f49ab1 testClass = OrderServiceImplTest, locations = '{}', classes = '{class com.epam.esm.configuration.ServiceTestConfiguration}', contextInitializerClasses = '[]', activeProfiles = '{}', propertySourceLocations = '{}', propertySourceProperties = '{}', contextCustomizers = set[org.springframework.boot.test.autoconfigure.actuate.metrics.MetricsExportContextCustomizerFactory$DisableMetricExportContextCustomizer@6875a0b1, org.springframework.boot.test.autoconfigure.properties.PropertyMappingContextCustomizer@0, org.springframework.boot.test.autoconfigure.web.servlet.WebDriverContextCustomizerFactory$Customizer@3db8a836, org.springframework.boot.test.context.filter.ExcludeFilterContextCustomizer@186c1848, org.springframework.boot.test.json.DuplicateJsonObjectContextCustomizerFactory$DuplicateJsonObjectContextCustomizer@19bb00ce, org.springframework.boot.test.mock.mockito.MockitoContextCustomizer@0], contextLoader = 'org.springframework.test.context.support.DelegatingSmartContextLoader', parent = [null]]]
03:14:15.476 [Test worker] DEBUG org.springframework.test.context.cache - Spring test ApplicationContext cache statistics: [DefaultContextCache@3d4f3eac size = 1, maxSize = 32, parentContextCount = 0, hitCount = 10, missCount = 1]
03:14:15.481 [Test worker] DEBUG org.springframework.test.context.cache.DefaultCacheAwareContextLoaderDelegate - Retrieved ApplicationContext [1521714456] from cache with key [[MergedContextConfiguration@17f49ab1 testClass = OrderServiceImplTest, locations = '{}', classes = '{class com.epam.esm.configuration.ServiceTestConfiguration}', contextInitializerClasses = '[]', activeProfiles = '{}', propertySourceLocations = '{}', propertySourceProperties = '{}', contextCustomizers = set[org.springframework.boot.test.autoconfigure.actuate.metrics.MetricsExportContextCustomizerFactory$DisableMetricExportContextCustomizer@6875a0b1, org.springframework.boot.test.autoconfigure.properties.PropertyMappingContextCustomizer@0, org.springframework.boot.test.autoconfigure.web.servlet.WebDriverContextCustomizerFactory$Customizer@3db8a836, org.springframework.boot.test.context.filter.ExcludeFilterContextCustomizer@186c1848, org.springframework.boot.test.json.DuplicateJsonObjectContextCustomizerFactory$DuplicateJsonObjectContextCustomizer@19bb00ce, org.springframework.boot.test.mock.mockito.MockitoContextCustomizer@0], contextLoader = 'org.springframework.test.context.support.DelegatingSmartContextLoader', parent = [null]]]
03:14:15.481 [Test worker] DEBUG org.springframework.test.context.cache - Spring test ApplicationContext cache statistics: [DefaultContextCache@3d4f3eac size = 1, maxSize = 32, parentContextCount = 0, hitCount = 11, missCount = 1]
03:14:15.482 [Test worker] DEBUG org.springframework.orm.jpa.JpaTransactionManager - Initiating transaction rollback
03:14:15.482 [Test worker] DEBUG org.springframework.orm.jpa.JpaTransactionManager - Rolling back JPA transaction on EntityManager [SessionImpl(1511036567<open>)]
03:14:15.482 [Test worker] DEBUG org.hibernate.engine.transaction.internal.TransactionImpl - rolling back
03:14:15.485 [Test worker] DEBUG org.springframework.orm.jpa.JpaTransactionManager - Closing JPA EntityManager [SessionImpl(1511036567<open>)] after transaction
03:14:15.485 [Test worker] INFO org.hibernate.engine.internal.StatisticalLoggingSessionEventListener - Session Metrics {
    693743 nanoseconds spent acquiring 1 JDBC connections;
    0 nanoseconds spent releasing 0 JDBC connections;
    2861168 nanoseconds spent preparing 37 JDBC statements;
    10378974 nanoseconds spent executing 37 JDBC statements;
    0 nanoseconds spent executing 0 JDBC batches;
    0 nanoseconds spent performing 0 L2C puts;
    0 nanoseconds spent performing 0 L2C hits;
    0 nanoseconds spent performing 0 L2C misses;
    0 nanoseconds spent executing 0 flushes (flushing a total of 0 entities and 0 collections);
    53094093 nanoseconds spent executing 19 partial-flushes (flushing a total of 171 entities and 171 collections)
}
03:14:15.485 [Test worker] INFO org.springframework.test.context.transaction.TransactionContext - Rolled back transaction for test: [DefaultTestContext@7cc87f3d testClass = OrderServiceImplTest, testInstance = com.epam.esm.service.impl.OrderServiceImplTest@7ca21903, testMethod = findOrdersByOwnerTest@OrderServiceImplTest, testException = [null], mergedContextConfiguration = [MergedContextConfiguration@17f49ab1 testClass = OrderServiceImplTest, locations = '{}', classes = '{class com.epam.esm.configuration.ServiceTestConfiguration}', contextInitializerClasses = '[]', activeProfiles = '{}', propertySourceLocations = '{}', propertySourceProperties = '{}', contextCustomizers = set[org.springframework.boot.test.autoconfigure.actuate.metrics.MetricsExportContextCustomizerFactory$DisableMetricExportContextCustomizer@6875a0b1, org.springframework.boot.test.autoconfigure.properties.PropertyMappingContextCustomizer@0, org.springframework.boot.test.autoconfigure.web.servlet.WebDriverContextCustomizerFactory$Customizer@3db8a836, org.springframework.boot.test.context.filter.ExcludeFilterContextCustomizer@186c1848, org.springframework.boot.test.json.DuplicateJsonObjectContextCustomizerFactory$DuplicateJsonObjectContextCustomizer@19bb00ce, org.springframework.boot.test.mock.mockito.MockitoContextCustomizer@0], contextLoader = 'org.springframework.test.context.support.DelegatingSmartContextLoader', parent = [null]], attributes = map['org.springframework.test.context.event.ApplicationEventsTestExecutionListener.recordApplicationEvents' -> false]]
03:14:15.486 [Test worker] DEBUG org.springframework.test.context.support.AbstractDirtiesContextTestExecutionListener - After test method: context [DefaultTestContext@7cc87f3d testClass = OrderServiceImplTest, testInstance = com.epam.esm.service.impl.OrderServiceImplTest@7ca21903, testMethod = findOrdersByOwnerTest@OrderServiceImplTest, testException = [null], mergedContextConfiguration = [MergedContextConfiguration@17f49ab1 testClass = OrderServiceImplTest, locations = '{}', classes = '{class com.epam.esm.configuration.ServiceTestConfiguration}', contextInitializerClasses = '[]', activeProfiles = '{}', propertySourceLocations = '{}', propertySourceProperties = '{}', contextCustomizers = set[org.springframework.boot.test.autoconfigure.actuate.metrics.MetricsExportContextCustomizerFactory$DisableMetricExportContextCustomizer@6875a0b1, org.springframework.boot.test.autoconfigure.properties.PropertyMappingContextCustomizer@0, org.springframework.boot.test.autoconfigure.web.servlet.WebDriverContextCustomizerFactory$Customizer@3db8a836, org.springframework.boot.test.context.filter.ExcludeFilterContextCustomizer@186c1848, org.springframework.boot.test.json.DuplicateJsonObjectContextCustomizerFactory$DuplicateJsonObjectContextCustomizer@19bb00ce, org.springframework.boot.test.mock.mockito.MockitoContextCustomizer@0], contextLoader = 'org.springframework.test.context.support.DelegatingSmartContextLoader', parent = [null]], attributes = map['org.springframework.test.context.event.ApplicationEventsTestExecutionListener.recordApplicationEvents' -> false]], class annotated with @DirtiesContext [false] with mode [null], method annotated with @DirtiesContext [false] with mode [null].
03:14:15.490 [Test worker] DEBUG org.springframework.test.context.support.DependencyInjectionTestExecutionListener - Performing dependency injection for test context [[DefaultTestContext@7cc87f3d testClass = OrderServiceImplTest, testInstance = com.epam.esm.service.impl.OrderServiceImplTest@14a5a0cc, testMethod = [null], testException = [null], mergedContextConfiguration = [MergedContextConfiguration@17f49ab1 testClass = OrderServiceImplTest, locations = '{}', classes = '{class com.epam.esm.configuration.ServiceTestConfiguration}', contextInitializerClasses = '[]', activeProfiles = '{}', propertySourceLocations = '{}', propertySourceProperties = '{}', contextCustomizers = set[org.springframework.boot.test.autoconfigure.actuate.metrics.MetricsExportContextCustomizerFactory$DisableMetricExportContextCustomizer@6875a0b1, org.springframework.boot.test.autoconfigure.properties.PropertyMappingContextCustomizer@0, org.springframework.boot.test.autoconfigure.web.servlet.WebDriverContextCustomizerFactory$Customizer@3db8a836, org.springframework.boot.test.context.filter.ExcludeFilterContextCustomizer@186c1848, org.springframework.boot.test.json.DuplicateJsonObjectContextCustomizerFactory$DuplicateJsonObjectContextCustomizer@19bb00ce, org.springframework.boot.test.mock.mockito.MockitoContextCustomizer@0], contextLoader = 'org.springframework.test.context.support.DelegatingSmartContextLoader', parent = [null]], attributes = map['org.springframework.test.context.event.ApplicationEventsTestExecutionListener.recordApplicationEvents' -> false]]].
03:14:15.491 [Test worker] DEBUG org.springframework.test.context.cache.DefaultCacheAwareContextLoaderDelegate - Retrieved ApplicationContext [1521714456] from cache with key [[MergedContextConfiguration@17f49ab1 testClass = OrderServiceImplTest, locations = '{}', classes = '{class com.epam.esm.configuration.ServiceTestConfiguration}', contextInitializerClasses = '[]', activeProfiles = '{}', propertySourceLocations = '{}', propertySourceProperties = '{}', contextCustomizers = set[org.springframework.boot.test.autoconfigure.actuate.metrics.MetricsExportContextCustomizerFactory$DisableMetricExportContextCustomizer@6875a0b1, org.springframework.boot.test.autoconfigure.properties.PropertyMappingContextCustomizer@0, org.springframework.boot.test.autoconfigure.web.servlet.WebDriverContextCustomizerFactory$Customizer@3db8a836, org.springframework.boot.test.context.filter.ExcludeFilterContextCustomizer@186c1848, org.springframework.boot.test.json.DuplicateJsonObjectContextCustomizerFactory$DuplicateJsonObjectContextCustomizer@19bb00ce, org.springframework.boot.test.mock.mockito.MockitoContextCustomizer@0], contextLoader = 'org.springframework.test.context.support.DelegatingSmartContextLoader', parent = [null]]]
03:14:15.491 [Test worker] DEBUG org.springframework.test.context.cache - Spring test ApplicationContext cache statistics: [DefaultContextCache@3d4f3eac size = 1, maxSize = 32, parentContextCount = 0, hitCount = 12, missCount = 1]
03:14:15.491 [Test worker] DEBUG org.springframework.test.context.cache.DefaultCacheAwareContextLoaderDelegate - Retrieved ApplicationContext [1521714456] from cache with key [[MergedContextConfiguration@17f49ab1 testClass = OrderServiceImplTest, locations = '{}', classes = '{class com.epam.esm.configuration.ServiceTestConfiguration}', contextInitializerClasses = '[]', activeProfiles = '{}', propertySourceLocations = '{}', propertySourceProperties = '{}', contextCustomizers = set[org.springframework.boot.test.autoconfigure.actuate.metrics.MetricsExportContextCustomizerFactory$DisableMetricExportContextCustomizer@6875a0b1, org.springframework.boot.test.autoconfigure.properties.PropertyMappingContextCustomizer@0, org.springframework.boot.test.autoconfigure.web.servlet.WebDriverContextCustomizerFactory$Customizer@3db8a836, org.springframework.boot.test.context.filter.ExcludeFilterContextCustomizer@186c1848, org.springframework.boot.test.json.DuplicateJsonObjectContextCustomizerFactory$DuplicateJsonObjectContextCustomizer@19bb00ce, org.springframework.boot.test.mock.mockito.MockitoContextCustomizer@0], contextLoader = 'org.springframework.test.context.support.DelegatingSmartContextLoader', parent = [null]]]
03:14:15.491 [Test worker] DEBUG org.springframework.test.context.cache - Spring test ApplicationContext cache statistics: [DefaultContextCache@3d4f3eac size = 1, maxSize = 32, parentContextCount = 0, hitCount = 13, missCount = 1]
03:14:15.492 [Test worker] DEBUG org.springframework.test.context.support.AbstractDirtiesContextTestExecutionListener - Before test method: context [DefaultTestContext@7cc87f3d testClass = OrderServiceImplTest, testInstance = com.epam.esm.service.impl.OrderServiceImplTest@14a5a0cc, testMethod = addOrderForUserFailTest@OrderServiceImplTest, testException = [null], mergedContextConfiguration = [MergedContextConfiguration@17f49ab1 testClass = OrderServiceImplTest, locations = '{}', classes = '{class com.epam.esm.configuration.ServiceTestConfiguration}', contextInitializerClasses = '[]', activeProfiles = '{}', propertySourceLocations = '{}', propertySourceProperties = '{}', contextCustomizers = set[org.springframework.boot.test.autoconfigure.actuate.metrics.MetricsExportContextCustomizerFactory$DisableMetricExportContextCustomizer@6875a0b1, org.springframework.boot.test.autoconfigure.properties.PropertyMappingContextCustomizer@0, org.springframework.boot.test.autoconfigure.web.servlet.WebDriverContextCustomizerFactory$Customizer@3db8a836, org.springframework.boot.test.context.filter.ExcludeFilterContextCustomizer@186c1848, org.springframework.boot.test.json.DuplicateJsonObjectContextCustomizerFactory$DuplicateJsonObjectContextCustomizer@19bb00ce, org.springframework.boot.test.mock.mockito.MockitoContextCustomizer@0], contextLoader = 'org.springframework.test.context.support.DelegatingSmartContextLoader', parent = [null]], attributes = map['org.springframework.test.context.event.ApplicationEventsTestExecutionListener.recordApplicationEvents' -> false]], class annotated with @DirtiesContext [false] with mode [null], method annotated with @DirtiesContext [false] with mode [null].
03:14:15.493 [Test worker] DEBUG org.springframework.test.context.transaction.TransactionalTestExecutionListener - Explicit transaction definition [PROPAGATION_REQUIRED,ISOLATION_DEFAULT] found for test context [DefaultTestContext@7cc87f3d testClass = OrderServiceImplTest, testInstance = com.epam.esm.service.impl.OrderServiceImplTest@14a5a0cc, testMethod = addOrderForUserFailTest@OrderServiceImplTest, testException = [null], mergedContextConfiguration = [MergedContextConfiguration@17f49ab1 testClass = OrderServiceImplTest, locations = '{}', classes = '{class com.epam.esm.configuration.ServiceTestConfiguration}', contextInitializerClasses = '[]', activeProfiles = '{}', propertySourceLocations = '{}', propertySourceProperties = '{}', contextCustomizers = set[org.springframework.boot.test.autoconfigure.actuate.metrics.MetricsExportContextCustomizerFactory$DisableMetricExportContextCustomizer@6875a0b1, org.springframework.boot.test.autoconfigure.properties.PropertyMappingContextCustomizer@0, org.springframework.boot.test.autoconfigure.web.servlet.WebDriverContextCustomizerFactory$Customizer@3db8a836, org.springframework.boot.test.context.filter.ExcludeFilterContextCustomizer@186c1848, org.springframework.boot.test.json.DuplicateJsonObjectContextCustomizerFactory$DuplicateJsonObjectContextCustomizer@19bb00ce, org.springframework.boot.test.mock.mockito.MockitoContextCustomizer@0], contextLoader = 'org.springframework.test.context.support.DelegatingSmartContextLoader', parent = [null]], attributes = map['org.springframework.test.context.event.ApplicationEventsTestExecutionListener.recordApplicationEvents' -> false]]
03:14:15.493 [Test worker] DEBUG org.springframework.test.context.cache.DefaultCacheAwareContextLoaderDelegate - Retrieved ApplicationContext [1521714456] from cache with key [[MergedContextConfiguration@17f49ab1 testClass = OrderServiceImplTest, locations = '{}', classes = '{class com.epam.esm.configuration.ServiceTestConfiguration}', contextInitializerClasses = '[]', activeProfiles = '{}', propertySourceLocations = '{}', propertySourceProperties = '{}', contextCustomizers = set[org.springframework.boot.test.autoconfigure.actuate.metrics.MetricsExportContextCustomizerFactory$DisableMetricExportContextCustomizer@6875a0b1, org.springframework.boot.test.autoconfigure.properties.PropertyMappingContextCustomizer@0, org.springframework.boot.test.autoconfigure.web.servlet.WebDriverContextCustomizerFactory$Customizer@3db8a836, org.springframework.boot.test.context.filter.ExcludeFilterContextCustomizer@186c1848, org.springframework.boot.test.json.DuplicateJsonObjectContextCustomizerFactory$DuplicateJsonObjectContextCustomizer@19bb00ce, org.springframework.boot.test.mock.mockito.MockitoContextCustomizer@0], contextLoader = 'org.springframework.test.context.support.DelegatingSmartContextLoader', parent = [null]]]
03:14:15.493 [Test worker] DEBUG org.springframework.test.context.cache - Spring test ApplicationContext cache statistics: [DefaultContextCache@3d4f3eac size = 1, maxSize = 32, parentContextCount = 0, hitCount = 14, missCount = 1]
03:14:15.493 [Test worker] DEBUG org.springframework.test.context.transaction.TransactionalTestExecutionListener - No method-level @Rollback override: using default rollback [true] for test context [DefaultTestContext@7cc87f3d testClass = OrderServiceImplTest, testInstance = com.epam.esm.service.impl.OrderServiceImplTest@14a5a0cc, testMethod = addOrderForUserFailTest@OrderServiceImplTest, testException = [null], mergedContextConfiguration = [MergedContextConfiguration@17f49ab1 testClass = OrderServiceImplTest, locations = '{}', classes = '{class com.epam.esm.configuration.ServiceTestConfiguration}', contextInitializerClasses = '[]', activeProfiles = '{}', propertySourceLocations = '{}', propertySourceProperties = '{}', contextCustomizers = set[org.springframework.boot.test.autoconfigure.actuate.metrics.MetricsExportContextCustomizerFactory$DisableMetricExportContextCustomizer@6875a0b1, org.springframework.boot.test.autoconfigure.properties.PropertyMappingContextCustomizer@0, org.springframework.boot.test.autoconfigure.web.servlet.WebDriverContextCustomizerFactory$Customizer@3db8a836, org.springframework.boot.test.context.filter.ExcludeFilterContextCustomizer@186c1848, org.springframework.boot.test.json.DuplicateJsonObjectContextCustomizerFactory$DuplicateJsonObjectContextCustomizer@19bb00ce, org.springframework.boot.test.mock.mockito.MockitoContextCustomizer@0], contextLoader = 'org.springframework.test.context.support.DelegatingSmartContextLoader', parent = [null]], attributes = map['org.springframework.test.context.event.ApplicationEventsTestExecutionListener.recordApplicationEvents' -> false]].
03:14:15.494 [Test worker] DEBUG org.springframework.orm.jpa.JpaTransactionManager - Creating new transaction with name [com.epam.esm.service.impl.OrderServiceImplTest.addOrderForUserFailTest]: PROPAGATION_REQUIRED,ISOLATION_DEFAULT
03:14:15.494 [Test worker] DEBUG org.springframework.orm.jpa.JpaTransactionManager - Opened new EntityManager [SessionImpl(364911667<open>)] for JPA transaction
03:14:15.494 [Test worker] DEBUG org.hibernate.engine.transaction.internal.TransactionImpl - On TransactionImpl creation, JpaCompliance#isJpaTransactionComplianceEnabled == false
03:14:15.494 [Test worker] DEBUG org.hibernate.engine.transaction.internal.TransactionImpl - begin
03:14:15.494 [Test worker] DEBUG org.springframework.jdbc.datasource.DriverManagerDataSource - Creating new JDBC DriverManager Connection to [jdbc:h2:mem:second;DB_CLOSE_DELAY=-1]
03:14:15.494 [Test worker] DEBUG org.springframework.orm.jpa.JpaTransactionManager - Exposing JPA transaction as JDBC [org.springframework.orm.jpa.vendor.HibernateJpaDialect$HibernateConnectionHandle@58068c06]
03:14:15.495 [Test worker] INFO org.springframework.test.context.transaction.TransactionContext - Began transaction (1) for test context [DefaultTestContext@7cc87f3d testClass = OrderServiceImplTest, testInstance = com.epam.esm.service.impl.OrderServiceImplTest@14a5a0cc, testMethod = addOrderForUserFailTest@OrderServiceImplTest, testException = [null], mergedContextConfiguration = [MergedContextConfiguration@17f49ab1 testClass = OrderServiceImplTest, locations = '{}', classes = '{class com.epam.esm.configuration.ServiceTestConfiguration}', contextInitializerClasses = '[]', activeProfiles = '{}', propertySourceLocations = '{}', propertySourceProperties = '{}', contextCustomizers = set[org.springframework.boot.test.autoconfigure.actuate.metrics.MetricsExportContextCustomizerFactory$DisableMetricExportContextCustomizer@6875a0b1, org.springframework.boot.test.autoconfigure.properties.PropertyMappingContextCustomizer@0, org.springframework.boot.test.autoconfigure.web.servlet.WebDriverContextCustomizerFactory$Customizer@3db8a836, org.springframework.boot.test.context.filter.ExcludeFilterContextCustomizer@186c1848, org.springframework.boot.test.json.DuplicateJsonObjectContextCustomizerFactory$DuplicateJsonObjectContextCustomizer@19bb00ce, org.springframework.boot.test.mock.mockito.MockitoContextCustomizer@0], contextLoader = 'org.springframework.test.context.support.DelegatingSmartContextLoader', parent = [null]], attributes = map['org.springframework.test.context.event.ApplicationEventsTestExecutionListener.recordApplicationEvents' -> false]]; transaction manager [org.springframework.orm.jpa.JpaTransactionManager@3998dc6]; rollback [true]
03:14:15.495 [Test worker] DEBUG org.springframework.test.context.cache.DefaultCacheAwareContextLoaderDelegate - Retrieved ApplicationContext [1521714456] from cache with key [[MergedContextConfiguration@17f49ab1 testClass = OrderServiceImplTest, locations = '{}', classes = '{class com.epam.esm.configuration.ServiceTestConfiguration}', contextInitializerClasses = '[]', activeProfiles = '{}', propertySourceLocations = '{}', propertySourceProperties = '{}', contextCustomizers = set[org.springframework.boot.test.autoconfigure.actuate.metrics.MetricsExportContextCustomizerFactory$DisableMetricExportContextCustomizer@6875a0b1, org.springframework.boot.test.autoconfigure.properties.PropertyMappingContextCustomizer@0, org.springframework.boot.test.autoconfigure.web.servlet.WebDriverContextCustomizerFactory$Customizer@3db8a836, org.springframework.boot.test.context.filter.ExcludeFilterContextCustomizer@186c1848, org.springframework.boot.test.json.DuplicateJsonObjectContextCustomizerFactory$DuplicateJsonObjectContextCustomizer@19bb00ce, org.springframework.boot.test.mock.mockito.MockitoContextCustomizer@0], contextLoader = 'org.springframework.test.context.support.DelegatingSmartContextLoader', parent = [null]]]
03:14:15.495 [Test worker] DEBUG org.springframework.test.context.cache - Spring test ApplicationContext cache statistics: [DefaultContextCache@3d4f3eac size = 1, maxSize = 32, parentContextCount = 0, hitCount = 15, missCount = 1]
03:14:15.495 [Test worker] DEBUG org.springframework.test.context.cache.DefaultCacheAwareContextLoaderDelegate - Retrieved ApplicationContext [1521714456] from cache with key [[MergedContextConfiguration@17f49ab1 testClass = OrderServiceImplTest, locations = '{}', classes = '{class com.epam.esm.configuration.ServiceTestConfiguration}', contextInitializerClasses = '[]', activeProfiles = '{}', propertySourceLocations = '{}', propertySourceProperties = '{}', contextCustomizers = set[org.springframework.boot.test.autoconfigure.actuate.metrics.MetricsExportContextCustomizerFactory$DisableMetricExportContextCustomizer@6875a0b1, org.springframework.boot.test.autoconfigure.properties.PropertyMappingContextCustomizer@0, org.springframework.boot.test.autoconfigure.web.servlet.WebDriverContextCustomizerFactory$Customizer@3db8a836, org.springframework.boot.test.context.filter.ExcludeFilterContextCustomizer@186c1848, org.springframework.boot.test.json.DuplicateJsonObjectContextCustomizerFactory$DuplicateJsonObjectContextCustomizer@19bb00ce, org.springframework.boot.test.mock.mockito.MockitoContextCustomizer@0], contextLoader = 'org.springframework.test.context.support.DelegatingSmartContextLoader', parent = [null]]]
03:14:15.495 [Test worker] DEBUG org.springframework.test.context.cache - Spring test ApplicationContext cache statistics: [DefaultContextCache@3d4f3eac size = 1, maxSize = 32, parentContextCount = 0, hitCount = 16, missCount = 1]
03:14:15.496 [Test worker] DEBUG org.springframework.test.context.cache.DefaultCacheAwareContextLoaderDelegate - Retrieved ApplicationContext [1521714456] from cache with key [[MergedContextConfiguration@17f49ab1 testClass = OrderServiceImplTest, locations = '{}', classes = '{class com.epam.esm.configuration.ServiceTestConfiguration}', contextInitializerClasses = '[]', activeProfiles = '{}', propertySourceLocations = '{}', propertySourceProperties = '{}', contextCustomizers = set[org.springframework.boot.test.autoconfigure.actuate.metrics.MetricsExportContextCustomizerFactory$DisableMetricExportContextCustomizer@6875a0b1, org.springframework.boot.test.autoconfigure.properties.PropertyMappingContextCustomizer@0, org.springframework.boot.test.autoconfigure.web.servlet.WebDriverContextCustomizerFactory$Customizer@3db8a836, org.springframework.boot.test.context.filter.ExcludeFilterContextCustomizer@186c1848, org.springframework.boot.test.json.DuplicateJsonObjectContextCustomizerFactory$DuplicateJsonObjectContextCustomizer@19bb00ce, org.springframework.boot.test.mock.mockito.MockitoContextCustomizer@0], contextLoader = 'org.springframework.test.context.support.DelegatingSmartContextLoader', parent = [null]]]
03:14:15.496 [Test worker] DEBUG org.springframework.test.context.cache - Spring test ApplicationContext cache statistics: [DefaultContextCache@3d4f3eac size = 1, maxSize = 32, parentContextCount = 0, hitCount = 17, missCount = 1]
03:14:15.496 [Test worker] DEBUG org.springframework.orm.jpa.JpaTransactionManager - Found thread-bound EntityManager [SessionImpl(364911667<open>)] for JPA transaction
03:14:15.496 [Test worker] DEBUG org.springframework.orm.jpa.JpaTransactionManager - Participating in existing transaction
03:14:15.500 [Test worker] DEBUG org.hibernate.SQL - select certificat0_.id as id1_0_0_, certificat0_.createDate as createda2_0_0_, certificat0_.description as descript3_0_0_, certificat0_.duration as duration4_0_0_, certificat0_.lastUpdateDate as lastupda5_0_0_, certificat0_.name as name6_0_0_, certificat0_.price as price7_0_0_, tagentitie1_.CertificateEntity_id as certific1_1_1_, tagentity2_.id as tagentit2_1_1_, tagentity2_.id as id1_4_2_, tagentity2_.name as name2_4_2_ from CertificateEntity certificat0_ left outer join CertificateEntity_TagEntity tagentitie1_ on certificat0_.id=tagentitie1_.CertificateEntity_id left outer join TagEntity tagentity2_ on tagentitie1_.tagEntities_id=tagentity2_.id where certificat0_.id=?
Hibernate: select certificat0_.id as id1_0_0_, certificat0_.createDate as createda2_0_0_, certificat0_.description as descript3_0_0_, certificat0_.duration as duration4_0_0_, certificat0_.lastUpdateDate as lastupda5_0_0_, certificat0_.name as name6_0_0_, certificat0_.price as price7_0_0_, tagentitie1_.CertificateEntity_id as certific1_1_1_, tagentity2_.id as tagentit2_1_1_, tagentity2_.id as id1_4_2_, tagentity2_.name as name2_4_2_ from CertificateEntity certificat0_ left outer join CertificateEntity_TagEntity tagentitie1_ on certificat0_.id=tagentitie1_.CertificateEntity_id left outer join TagEntity tagentity2_ on tagentitie1_.tagEntities_id=tagentity2_.id where certificat0_.id=?
03:14:15.503 [Test worker] DEBUG org.hibernate.engine.loading.internal.CollectionLoadContext - No collections were found in result set for role: com.epam.esm.model.entity.CertificateEntity.tagEntities
03:14:15.504 [Test worker] DEBUG org.hibernate.loader.entity.plan.AbstractLoadPlanBasedEntityLoader - Done entity load : com.epam.esm.model.entity.CertificateEntity#1
03:14:15.505 [Test worker] DEBUG org.springframework.test.context.cache.DefaultCacheAwareContextLoaderDelegate - Retrieved ApplicationContext [1521714456] from cache with key [[MergedContextConfiguration@17f49ab1 testClass = OrderServiceImplTest, locations = '{}', classes = '{class com.epam.esm.configuration.ServiceTestConfiguration}', contextInitializerClasses = '[]', activeProfiles = '{}', propertySourceLocations = '{}', propertySourceProperties = '{}', contextCustomizers = set[org.springframework.boot.test.autoconfigure.actuate.metrics.MetricsExportContextCustomizerFactory$DisableMetricExportContextCustomizer@6875a0b1, org.springframework.boot.test.autoconfigure.properties.PropertyMappingContextCustomizer@0, org.springframework.boot.test.autoconfigure.web.servlet.WebDriverContextCustomizerFactory$Customizer@3db8a836, org.springframework.boot.test.context.filter.ExcludeFilterContextCustomizer@186c1848, org.springframework.boot.test.json.DuplicateJsonObjectContextCustomizerFactory$DuplicateJsonObjectContextCustomizer@19bb00ce, org.springframework.boot.test.mock.mockito.MockitoContextCustomizer@0], contextLoader = 'org.springframework.test.context.support.DelegatingSmartContextLoader', parent = [null]]]
03:14:15.505 [Test worker] DEBUG org.springframework.test.context.cache - Spring test ApplicationContext cache statistics: [DefaultContextCache@3d4f3eac size = 1, maxSize = 32, parentContextCount = 0, hitCount = 18, missCount = 1]
03:14:15.506 [Test worker] DEBUG org.springframework.test.context.cache.DefaultCacheAwareContextLoaderDelegate - Retrieved ApplicationContext [1521714456] from cache with key [[MergedContextConfiguration@17f49ab1 testClass = OrderServiceImplTest, locations = '{}', classes = '{class com.epam.esm.configuration.ServiceTestConfiguration}', contextInitializerClasses = '[]', activeProfiles = '{}', propertySourceLocations = '{}', propertySourceProperties = '{}', contextCustomizers = set[org.springframework.boot.test.autoconfigure.actuate.metrics.MetricsExportContextCustomizerFactory$DisableMetricExportContextCustomizer@6875a0b1, org.springframework.boot.test.autoconfigure.properties.PropertyMappingContextCustomizer@0, org.springframework.boot.test.autoconfigure.web.servlet.WebDriverContextCustomizerFactory$Customizer@3db8a836, org.springframework.boot.test.context.filter.ExcludeFilterContextCustomizer@186c1848, org.springframework.boot.test.json.DuplicateJsonObjectContextCustomizerFactory$DuplicateJsonObjectContextCustomizer@19bb00ce, org.springframework.boot.test.mock.mockito.MockitoContextCustomizer@0], contextLoader = 'org.springframework.test.context.support.DelegatingSmartContextLoader', parent = [null]]]
03:14:15.506 [Test worker] DEBUG org.springframework.test.context.cache - Spring test ApplicationContext cache statistics: [DefaultContextCache@3d4f3eac size = 1, maxSize = 32, parentContextCount = 0, hitCount = 19, missCount = 1]
03:14:15.506 [Test worker] DEBUG org.springframework.test.context.cache.DefaultCacheAwareContextLoaderDelegate - Retrieved ApplicationContext [1521714456] from cache with key [[MergedContextConfiguration@17f49ab1 testClass = OrderServiceImplTest, locations = '{}', classes = '{class com.epam.esm.configuration.ServiceTestConfiguration}', contextInitializerClasses = '[]', activeProfiles = '{}', propertySourceLocations = '{}', propertySourceProperties = '{}', contextCustomizers = set[org.springframework.boot.test.autoconfigure.actuate.metrics.MetricsExportContextCustomizerFactory$DisableMetricExportContextCustomizer@6875a0b1, org.springframework.boot.test.autoconfigure.properties.PropertyMappingContextCustomizer@0, org.springframework.boot.test.autoconfigure.web.servlet.WebDriverContextCustomizerFactory$Customizer@3db8a836, org.springframework.boot.test.context.filter.ExcludeFilterContextCustomizer@186c1848, org.springframework.boot.test.json.DuplicateJsonObjectContextCustomizerFactory$DuplicateJsonObjectContextCustomizer@19bb00ce, org.springframework.boot.test.mock.mockito.MockitoContextCustomizer@0], contextLoader = 'org.springframework.test.context.support.DelegatingSmartContextLoader', parent = [null]]]
03:14:15.507 [Test worker] DEBUG org.springframework.test.context.cache - Spring test ApplicationContext cache statistics: [DefaultContextCache@3d4f3eac size = 1, maxSize = 32, parentContextCount = 0, hitCount = 20, missCount = 1]
03:14:15.507 [Test worker] DEBUG org.springframework.test.context.cache.DefaultCacheAwareContextLoaderDelegate - Retrieved ApplicationContext [1521714456] from cache with key [[MergedContextConfiguration@17f49ab1 testClass = OrderServiceImplTest, locations = '{}', classes = '{class com.epam.esm.configuration.ServiceTestConfiguration}', contextInitializerClasses = '[]', activeProfiles = '{}', propertySourceLocations = '{}', propertySourceProperties = '{}', contextCustomizers = set[org.springframework.boot.test.autoconfigure.actuate.metrics.MetricsExportContextCustomizerFactory$DisableMetricExportContextCustomizer@6875a0b1, org.springframework.boot.test.autoconfigure.properties.PropertyMappingContextCustomizer@0, org.springframework.boot.test.autoconfigure.web.servlet.WebDriverContextCustomizerFactory$Customizer@3db8a836, org.springframework.boot.test.context.filter.ExcludeFilterContextCustomizer@186c1848, org.springframework.boot.test.json.DuplicateJsonObjectContextCustomizerFactory$DuplicateJsonObjectContextCustomizer@19bb00ce, org.springframework.boot.test.mock.mockito.MockitoContextCustomizer@0], contextLoader = 'org.springframework.test.context.support.DelegatingSmartContextLoader', parent = [null]]]
03:14:15.507 [Test worker] DEBUG org.springframework.test.context.cache - Spring test ApplicationContext cache statistics: [DefaultContextCache@3d4f3eac size = 1, maxSize = 32, parentContextCount = 0, hitCount = 21, missCount = 1]
03:14:15.507 [Test worker] DEBUG org.springframework.test.context.cache.DefaultCacheAwareContextLoaderDelegate - Retrieved ApplicationContext [1521714456] from cache with key [[MergedContextConfiguration@17f49ab1 testClass = OrderServiceImplTest, locations = '{}', classes = '{class com.epam.esm.configuration.ServiceTestConfiguration}', contextInitializerClasses = '[]', activeProfiles = '{}', propertySourceLocations = '{}', propertySourceProperties = '{}', contextCustomizers = set[org.springframework.boot.test.autoconfigure.actuate.metrics.MetricsExportContextCustomizerFactory$DisableMetricExportContextCustomizer@6875a0b1, org.springframework.boot.test.autoconfigure.properties.PropertyMappingContextCustomizer@0, org.springframework.boot.test.autoconfigure.web.servlet.WebDriverContextCustomizerFactory$Customizer@3db8a836, org.springframework.boot.test.context.filter.ExcludeFilterContextCustomizer@186c1848, org.springframework.boot.test.json.DuplicateJsonObjectContextCustomizerFactory$DuplicateJsonObjectContextCustomizer@19bb00ce, org.springframework.boot.test.mock.mockito.MockitoContextCustomizer@0], contextLoader = 'org.springframework.test.context.support.DelegatingSmartContextLoader', parent = [null]]]
03:14:15.507 [Test worker] DEBUG org.springframework.test.context.cache - Spring test ApplicationContext cache statistics: [DefaultContextCache@3d4f3eac size = 1, maxSize = 32, parentContextCount = 0, hitCount = 22, missCount = 1]
03:14:15.508 [Test worker] DEBUG org.springframework.test.context.cache.DefaultCacheAwareContextLoaderDelegate - Retrieved ApplicationContext [1521714456] from cache with key [[MergedContextConfiguration@17f49ab1 testClass = OrderServiceImplTest, locations = '{}', classes = '{class com.epam.esm.configuration.ServiceTestConfiguration}', contextInitializerClasses = '[]', activeProfiles = '{}', propertySourceLocations = '{}', propertySourceProperties = '{}', contextCustomizers = set[org.springframework.boot.test.autoconfigure.actuate.metrics.MetricsExportContextCustomizerFactory$DisableMetricExportContextCustomizer@6875a0b1, org.springframework.boot.test.autoconfigure.properties.PropertyMappingContextCustomizer@0, org.springframework.boot.test.autoconfigure.web.servlet.WebDriverContextCustomizerFactory$Customizer@3db8a836, org.springframework.boot.test.context.filter.ExcludeFilterContextCustomizer@186c1848, org.springframework.boot.test.json.DuplicateJsonObjectContextCustomizerFactory$DuplicateJsonObjectContextCustomizer@19bb00ce, org.springframework.boot.test.mock.mockito.MockitoContextCustomizer@0], contextLoader = 'org.springframework.test.context.support.DelegatingSmartContextLoader', parent = [null]]]
03:14:15.508 [Test worker] DEBUG org.springframework.test.context.cache - Spring test ApplicationContext cache statistics: [DefaultContextCache@3d4f3eac size = 1, maxSize = 32, parentContextCount = 0, hitCount = 23, missCount = 1]
03:14:15.508 [Test worker] DEBUG org.springframework.orm.jpa.JpaTransactionManager - Initiating transaction rollback
03:14:15.508 [Test worker] DEBUG org.springframework.orm.jpa.JpaTransactionManager - Rolling back JPA transaction on EntityManager [SessionImpl(364911667<open>)]
03:14:15.508 [Test worker] DEBUG org.hibernate.engine.transaction.internal.TransactionImpl - rolling back
03:14:15.508 [Test worker] DEBUG org.springframework.orm.jpa.JpaTransactionManager - Closing JPA EntityManager [SessionImpl(364911667<open>)] after transaction
03:14:15.508 [Test worker] INFO org.hibernate.engine.internal.StatisticalLoggingSessionEventListener - Session Metrics {
    583135 nanoseconds spent acquiring 1 JDBC connections;
    0 nanoseconds spent releasing 0 JDBC connections;
    793914 nanoseconds spent preparing 1 JDBC statements;
    198051 nanoseconds spent executing 1 JDBC statements;
    0 nanoseconds spent executing 0 JDBC batches;
    0 nanoseconds spent performing 0 L2C puts;
    0 nanoseconds spent performing 0 L2C hits;
    0 nanoseconds spent performing 0 L2C misses;
    0 nanoseconds spent executing 0 flushes (flushing a total of 0 entities and 0 collections);
    0 nanoseconds spent executing 0 partial-flushes (flushing a total of 0 entities and 0 collections)
}
03:14:15.508 [Test worker] INFO org.springframework.test.context.transaction.TransactionContext - Rolled back transaction for test: [DefaultTestContext@7cc87f3d testClass = OrderServiceImplTest, testInstance = com.epam.esm.service.impl.OrderServiceImplTest@14a5a0cc, testMethod = addOrderForUserFailTest@OrderServiceImplTest, testException = [null], mergedContextConfiguration = [MergedContextConfiguration@17f49ab1 testClass = OrderServiceImplTest, locations = '{}', classes = '{class com.epam.esm.configuration.ServiceTestConfiguration}', contextInitializerClasses = '[]', activeProfiles = '{}', propertySourceLocations = '{}', propertySourceProperties = '{}', contextCustomizers = set[org.springframework.boot.test.autoconfigure.actuate.metrics.MetricsExportContextCustomizerFactory$DisableMetricExportContextCustomizer@6875a0b1, org.springframework.boot.test.autoconfigure.properties.PropertyMappingContextCustomizer@0, org.springframework.boot.test.autoconfigure.web.servlet.WebDriverContextCustomizerFactory$Customizer@3db8a836, org.springframework.boot.test.context.filter.ExcludeFilterContextCustomizer@186c1848, org.springframework.boot.test.json.DuplicateJsonObjectContextCustomizerFactory$DuplicateJsonObjectContextCustomizer@19bb00ce, org.springframework.boot.test.mock.mockito.MockitoContextCustomizer@0], contextLoader = 'org.springframework.test.context.support.DelegatingSmartContextLoader', parent = [null]], attributes = map['org.springframework.test.context.event.ApplicationEventsTestExecutionListener.recordApplicationEvents' -> false]]
03:14:15.509 [Test worker] DEBUG org.springframework.test.context.support.AbstractDirtiesContextTestExecutionListener - After test method: context [DefaultTestContext@7cc87f3d testClass = OrderServiceImplTest, testInstance = com.epam.esm.service.impl.OrderServiceImplTest@14a5a0cc, testMethod = addOrderForUserFailTest@OrderServiceImplTest, testException = [null], mergedContextConfiguration = [MergedContextConfiguration@17f49ab1 testClass = OrderServiceImplTest, locations = '{}', classes = '{class com.epam.esm.configuration.ServiceTestConfiguration}', contextInitializerClasses = '[]', activeProfiles = '{}', propertySourceLocations = '{}', propertySourceProperties = '{}', contextCustomizers = set[org.springframework.boot.test.autoconfigure.actuate.metrics.MetricsExportContextCustomizerFactory$DisableMetricExportContextCustomizer@6875a0b1, org.springframework.boot.test.autoconfigure.properties.PropertyMappingContextCustomizer@0, org.springframework.boot.test.autoconfigure.web.servlet.WebDriverContextCustomizerFactory$Customizer@3db8a836, org.springframework.boot.test.context.filter.ExcludeFilterContextCustomizer@186c1848, org.springframework.boot.test.json.DuplicateJsonObjectContextCustomizerFactory$DuplicateJsonObjectContextCustomizer@19bb00ce, org.springframework.boot.test.mock.mockito.MockitoContextCustomizer@0], contextLoader = 'org.springframework.test.context.support.DelegatingSmartContextLoader', parent = [null]], attributes = map['org.springframework.test.context.event.ApplicationEventsTestExecutionListener.recordApplicationEvents' -> false]], class annotated with @DirtiesContext [false] with mode [null], method annotated with @DirtiesContext [false] with mode [null].
03:14:15.511 [Test worker] DEBUG org.springframework.test.context.cache.DefaultCacheAwareContextLoaderDelegate - Retrieved ApplicationContext [1521714456] from cache with key [[MergedContextConfiguration@17f49ab1 testClass = OrderServiceImplTest, locations = '{}', classes = '{class com.epam.esm.configuration.ServiceTestConfiguration}', contextInitializerClasses = '[]', activeProfiles = '{}', propertySourceLocations = '{}', propertySourceProperties = '{}', contextCustomizers = set[org.springframework.boot.test.autoconfigure.actuate.metrics.MetricsExportContextCustomizerFactory$DisableMetricExportContextCustomizer@6875a0b1, org.springframework.boot.test.autoconfigure.properties.PropertyMappingContextCustomizer@0, org.springframework.boot.test.autoconfigure.web.servlet.WebDriverContextCustomizerFactory$Customizer@3db8a836, org.springframework.boot.test.context.filter.ExcludeFilterContextCustomizer@186c1848, org.springframework.boot.test.json.DuplicateJsonObjectContextCustomizerFactory$DuplicateJsonObjectContextCustomizer@19bb00ce, org.springframework.boot.test.mock.mockito.MockitoContextCustomizer@0], contextLoader = 'org.springframework.test.context.support.DelegatingSmartContextLoader', parent = [null]]]
03:14:15.511 [Test worker] DEBUG org.springframework.test.context.cache - Spring test ApplicationContext cache statistics: [DefaultContextCache@3d4f3eac size = 1, maxSize = 32, parentContextCount = 0, hitCount = 24, missCount = 1]
03:14:15.511 [Test worker] DEBUG org.springframework.test.context.support.AbstractDirtiesContextTestExecutionListener - After test class: context [DefaultTestContext@7cc87f3d testClass = OrderServiceImplTest, testInstance = [null], testMethod = [null], testException = [null], mergedContextConfiguration = [MergedContextConfiguration@17f49ab1 testClass = OrderServiceImplTest, locations = '{}', classes = '{class com.epam.esm.configuration.ServiceTestConfiguration}', contextInitializerClasses = '[]', activeProfiles = '{}', propertySourceLocations = '{}', propertySourceProperties = '{}', contextCustomizers = set[org.springframework.boot.test.autoconfigure.actuate.metrics.MetricsExportContextCustomizerFactory$DisableMetricExportContextCustomizer@6875a0b1, org.springframework.boot.test.autoconfigure.properties.PropertyMappingContextCustomizer@0, org.springframework.boot.test.autoconfigure.web.servlet.WebDriverContextCustomizerFactory$Customizer@3db8a836, org.springframework.boot.test.context.filter.ExcludeFilterContextCustomizer@186c1848, org.springframework.boot.test.json.DuplicateJsonObjectContextCustomizerFactory$DuplicateJsonObjectContextCustomizer@19bb00ce, org.springframework.boot.test.mock.mockito.MockitoContextCustomizer@0], contextLoader = 'org.springframework.test.context.support.DelegatingSmartContextLoader', parent = [null]], attributes = map['org.springframework.test.context.event.ApplicationEventsTestExecutionListener.recordApplicationEvents' -> false]], class annotated with @DirtiesContext [false] with mode [null].
]]></system-out>
  <system-err><![CDATA[]]></system-err>
</testsuite>
