<?xml version="1.0" encoding="UTF-8"?>
<testsuite name="com.epam.esm.service.impl.TagServiceImplTest" tests="2" skipped="0" failures="0" errors="0" timestamp="2021-11-04T12:48:50" hostname="RazorLTP" time="0.518">
  <properties/>
  <testcase name="getAllTest()" classname="com.epam.esm.service.impl.TagServiceImplTest" time="0.493"/>
  <testcase name="createTest()" classname="com.epam.esm.service.impl.TagServiceImplTest" time="0.022"/>
  <system-out><![CDATA[15:48:47.245 [Test worker] DEBUG org.springframework.test.context.BootstrapUtils - Instantiating CacheAwareContextLoaderDelegate from class [org.springframework.test.context.cache.DefaultCacheAwareContextLoaderDelegate]
15:48:47.324 [Test worker] DEBUG org.springframework.test.context.BootstrapUtils - Instantiating BootstrapContext using constructor [public org.springframework.test.context.support.DefaultBootstrapContext(java.lang.Class,org.springframework.test.context.CacheAwareContextLoaderDelegate)]
15:48:47.408 [Test worker] DEBUG org.springframework.test.context.BootstrapUtils - Instantiating TestContextBootstrapper for test class [com.epam.esm.service.impl.TagServiceImplTest] from class [org.springframework.test.context.support.DefaultTestContextBootstrapper]
15:48:47.466 [Test worker] DEBUG org.springframework.test.context.support.AbstractDelegatingSmartContextLoader - Delegating to AnnotationConfigContextLoader to process context configuration [ContextConfigurationAttributes@35d0c5f5 declaringClass = 'com.epam.esm.service.impl.TagServiceImplTest', classes = '{class com.epam.esm.configuration.ServiceTestConfiguration}', locations = '{}', inheritLocations = true, initializers = '{}', inheritInitializers = true, name = [null], contextLoaderClass = 'org.springframework.test.context.ContextLoader'].
15:48:47.542 [Test worker] DEBUG org.springframework.test.context.support.ActiveProfilesUtils - Could not find an 'annotation declaring class' for annotation type [org.springframework.test.context.ActiveProfiles] and class [com.epam.esm.service.impl.TagServiceImplTest]
15:48:47.543 [Test worker] DEBUG org.springframework.test.context.support.DefaultTestContextBootstrapper - @TestExecutionListeners is not present for class [com.epam.esm.service.impl.TagServiceImplTest]: using defaults.
15:48:47.543 [Test worker] INFO org.springframework.test.context.support.DefaultTestContextBootstrapper - Loaded default TestExecutionListener class names from location [META-INF/spring.factories]: [org.springframework.boot.test.autoconfigure.restdocs.RestDocsTestExecutionListener, org.springframework.boot.test.autoconfigure.web.client.MockRestServiceServerResetTestExecutionListener, org.springframework.boot.test.autoconfigure.web.servlet.MockMvcPrintOnlyOnFailureTestExecutionListener, org.springframework.boot.test.autoconfigure.web.servlet.WebDriverTestExecutionListener, org.springframework.boot.test.autoconfigure.webservices.client.MockWebServiceServerTestExecutionListener, org.springframework.boot.test.mock.mockito.MockitoTestExecutionListener, org.springframework.boot.test.mock.mockito.ResetMocksTestExecutionListener, org.springframework.test.context.web.ServletTestExecutionListener, org.springframework.test.context.support.DirtiesContextBeforeModesTestExecutionListener, org.springframework.test.context.event.ApplicationEventsTestExecutionListener, org.springframework.test.context.support.DependencyInjectionTestExecutionListener, org.springframework.test.context.support.DirtiesContextTestExecutionListener, org.springframework.test.context.transaction.TransactionalTestExecutionListener, org.springframework.test.context.jdbc.SqlScriptsTestExecutionListener, org.springframework.test.context.event.EventPublishingTestExecutionListener]
15:48:47.550 [Test worker] DEBUG org.springframework.test.context.support.DefaultTestContextBootstrapper - Skipping candidate TestExecutionListener [org.springframework.test.context.web.ServletTestExecutionListener] due to a missing dependency. Specify custom listener classes or make the default listener classes and their required dependencies available. Offending class: [javax/servlet/ServletContext]
15:48:47.590 [Test worker] INFO org.springframework.test.context.support.DefaultTestContextBootstrapper - Using TestExecutionListeners: [org.springframework.test.context.support.DirtiesContextBeforeModesTestExecutionListener@4a44667e, org.springframework.test.context.event.ApplicationEventsTestExecutionListener@70820bdc, org.springframework.boot.test.mock.mockito.MockitoTestExecutionListener@1f43703, org.springframework.test.context.support.DependencyInjectionTestExecutionListener@5f48418a, org.springframework.test.context.support.DirtiesContextTestExecutionListener@3656bb8b, org.springframework.test.context.transaction.TransactionalTestExecutionListener@566a9a76, org.springframework.test.context.jdbc.SqlScriptsTestExecutionListener@7606f397, org.springframework.test.context.event.EventPublishingTestExecutionListener@6bdfa8cc, org.springframework.boot.test.autoconfigure.restdocs.RestDocsTestExecutionListener@6856dcdf, org.springframework.boot.test.autoconfigure.web.client.MockRestServiceServerResetTestExecutionListener@6aed5289, org.springframework.boot.test.autoconfigure.web.servlet.MockMvcPrintOnlyOnFailureTestExecutionListener@2b369e08, org.springframework.boot.test.autoconfigure.web.servlet.WebDriverTestExecutionListener@3db9da6a, org.springframework.boot.test.autoconfigure.webservices.client.MockWebServiceServerTestExecutionListener@63575926, org.springframework.boot.test.mock.mockito.ResetMocksTestExecutionListener@63ae26df]
15:48:47.592 [Test worker] DEBUG org.springframework.test.context.support.AbstractDirtiesContextTestExecutionListener - Before test class: context [DefaultTestContext@385181f4 testClass = TagServiceImplTest, testInstance = [null], testMethod = [null], testException = [null], mergedContextConfiguration = [MergedContextConfiguration@2b0a7799 testClass = TagServiceImplTest, locations = '{}', classes = '{class com.epam.esm.configuration.ServiceTestConfiguration}', contextInitializerClasses = '[]', activeProfiles = '{}', propertySourceLocations = '{}', propertySourceProperties = '{}', contextCustomizers = set[org.springframework.boot.test.autoconfigure.actuate.metrics.MetricsExportContextCustomizerFactory$DisableMetricExportContextCustomizer@6651816e, org.springframework.boot.test.autoconfigure.properties.PropertyMappingContextCustomizer@0, org.springframework.boot.test.autoconfigure.web.servlet.WebDriverContextCustomizerFactory$Customizer@13e8d783, org.springframework.boot.test.context.filter.ExcludeFilterContextCustomizer@17dd04d3, org.springframework.boot.test.json.DuplicateJsonObjectContextCustomizerFactory$DuplicateJsonObjectContextCustomizer@4c36dadc, org.springframework.boot.test.mock.mockito.MockitoContextCustomizer@0], contextLoader = 'org.springframework.test.context.support.DelegatingSmartContextLoader', parent = [null]], attributes = map[[empty]]], class annotated with @DirtiesContext [false] with mode [null].
15:48:47.617 [Test worker] DEBUG org.springframework.test.context.support.DependencyInjectionTestExecutionListener - Performing dependency injection for test context [[DefaultTestContext@385181f4 testClass = TagServiceImplTest, testInstance = com.epam.esm.service.impl.TagServiceImplTest@78b278f3, testMethod = [null], testException = [null], mergedContextConfiguration = [MergedContextConfiguration@2b0a7799 testClass = TagServiceImplTest, locations = '{}', classes = '{class com.epam.esm.configuration.ServiceTestConfiguration}', contextInitializerClasses = '[]', activeProfiles = '{}', propertySourceLocations = '{}', propertySourceProperties = '{}', contextCustomizers = set[org.springframework.boot.test.autoconfigure.actuate.metrics.MetricsExportContextCustomizerFactory$DisableMetricExportContextCustomizer@6651816e, org.springframework.boot.test.autoconfigure.properties.PropertyMappingContextCustomizer@0, org.springframework.boot.test.autoconfigure.web.servlet.WebDriverContextCustomizerFactory$Customizer@13e8d783, org.springframework.boot.test.context.filter.ExcludeFilterContextCustomizer@17dd04d3, org.springframework.boot.test.json.DuplicateJsonObjectContextCustomizerFactory$DuplicateJsonObjectContextCustomizer@4c36dadc, org.springframework.boot.test.mock.mockito.MockitoContextCustomizer@0], contextLoader = 'org.springframework.test.context.support.DelegatingSmartContextLoader', parent = [null]], attributes = map['org.springframework.test.context.event.ApplicationEventsTestExecutionListener.recordApplicationEvents' -> false]]].
15:48:47.619 [Test worker] DEBUG org.springframework.test.context.support.AbstractDelegatingSmartContextLoader - Delegating to AnnotationConfigContextLoader to load context from [MergedContextConfiguration@2b0a7799 testClass = TagServiceImplTest, locations = '{}', classes = '{class com.epam.esm.configuration.ServiceTestConfiguration}', contextInitializerClasses = '[]', activeProfiles = '{}', propertySourceLocations = '{}', propertySourceProperties = '{}', contextCustomizers = set[org.springframework.boot.test.autoconfigure.actuate.metrics.MetricsExportContextCustomizerFactory$DisableMetricExportContextCustomizer@6651816e, org.springframework.boot.test.autoconfigure.properties.PropertyMappingContextCustomizer@0, org.springframework.boot.test.autoconfigure.web.servlet.WebDriverContextCustomizerFactory$Customizer@13e8d783, org.springframework.boot.test.context.filter.ExcludeFilterContextCustomizer@17dd04d3, org.springframework.boot.test.json.DuplicateJsonObjectContextCustomizerFactory$DuplicateJsonObjectContextCustomizer@4c36dadc, org.springframework.boot.test.mock.mockito.MockitoContextCustomizer@0], contextLoader = 'org.springframework.test.context.support.DelegatingSmartContextLoader', parent = [null]].
15:48:47.621 [Test worker] DEBUG org.springframework.test.context.support.AbstractGenericContextLoader - Loading ApplicationContext for merged context configuration [[MergedContextConfiguration@2b0a7799 testClass = TagServiceImplTest, locations = '{}', classes = '{class com.epam.esm.configuration.ServiceTestConfiguration}', contextInitializerClasses = '[]', activeProfiles = '{}', propertySourceLocations = '{}', propertySourceProperties = '{}', contextCustomizers = set[org.springframework.boot.test.autoconfigure.actuate.metrics.MetricsExportContextCustomizerFactory$DisableMetricExportContextCustomizer@6651816e, org.springframework.boot.test.autoconfigure.properties.PropertyMappingContextCustomizer@0, org.springframework.boot.test.autoconfigure.web.servlet.WebDriverContextCustomizerFactory$Customizer@13e8d783, org.springframework.boot.test.context.filter.ExcludeFilterContextCustomizer@17dd04d3, org.springframework.boot.test.json.DuplicateJsonObjectContextCustomizerFactory$DuplicateJsonObjectContextCustomizer@4c36dadc, org.springframework.boot.test.mock.mockito.MockitoContextCustomizer@0], contextLoader = 'org.springframework.test.context.support.DelegatingSmartContextLoader', parent = [null]]].
15:48:47.728 [Test worker] DEBUG org.springframework.core.env.StandardEnvironment - Activating profiles []
15:48:47.728 [Test worker] DEBUG org.springframework.test.context.support.AnnotationConfigContextLoader - Registering component classes: {class com.epam.esm.configuration.ServiceTestConfiguration}
15:48:47.823 [Test worker] DEBUG org.springframework.context.support.GenericApplicationContext - Refreshing org.springframework.context.support.GenericApplicationContext@288d3967
15:48:47.871 [Test worker] DEBUG org.springframework.beans.factory.support.DefaultListableBeanFactory - Creating shared instance of singleton bean 'org.springframework.context.annotation.internalConfigurationAnnotationProcessor'
15:48:47.925 [Test worker] DEBUG org.springframework.context.annotation.ClassPathBeanDefinitionScanner - Identified candidate component class: file [/home/razor/Lab/task3/ThirdModule/core/build/classes/java/test/com/epam/esm/configuration/ServiceTestConfiguration.class]
15:48:47.928 [Test worker] DEBUG org.springframework.context.annotation.ClassPathBeanDefinitionScanner - Ignored because not a concrete top-level class: file [/home/razor/Lab/task3/ThirdModule/core/build/classes/java/main/com/epam/esm/service/CertificateService.class]
15:48:47.929 [Test worker] DEBUG org.springframework.context.annotation.ClassPathBeanDefinitionScanner - Ignored because not a concrete top-level class: file [/home/razor/Lab/task3/ThirdModule/core/build/classes/java/main/com/epam/esm/service/TagService.class]
15:48:47.929 [Test worker] DEBUG org.springframework.context.annotation.ClassPathBeanDefinitionScanner - Ignored because not a concrete top-level class: file [/home/razor/Lab/task3/ThirdModule/core/build/classes/java/main/com/epam/esm/service/UserService.class]
15:48:47.929 [Test worker] DEBUG org.springframework.context.annotation.ClassPathBeanDefinitionScanner - Identified candidate component class: file [/home/razor/Lab/task3/ThirdModule/core/build/classes/java/main/com/epam/esm/service/impl/CertificateServiceImpl.class]
15:48:47.929 [Test worker] DEBUG org.springframework.context.annotation.ClassPathBeanDefinitionScanner - Identified candidate component class: file [/home/razor/Lab/task3/ThirdModule/core/build/classes/java/main/com/epam/esm/service/impl/TagServiceImpl.class]
15:48:47.930 [Test worker] DEBUG org.springframework.context.annotation.ClassPathBeanDefinitionScanner - Identified candidate component class: file [/home/razor/Lab/task3/ThirdModule/core/build/classes/java/main/com/epam/esm/service/impl/UserServiceImpl.class]
15:48:47.930 [Test worker] DEBUG org.springframework.context.annotation.ClassPathBeanDefinitionScanner - Identified candidate component class: file [/home/razor/Lab/task3/ThirdModule/dao/build/classes/java/main/com/epam/esm/configuration/DaoConfiguration.class]
15:48:47.931 [Test worker] DEBUG org.springframework.context.annotation.ClassPathBeanDefinitionScanner - Ignored because not a concrete top-level class: file [/home/razor/Lab/task3/ThirdModule/dao/build/classes/java/main/com/epam/esm/dao/CertificateDao.class]
15:48:47.932 [Test worker] DEBUG org.springframework.context.annotation.ClassPathBeanDefinitionScanner - Ignored because not a concrete top-level class: file [/home/razor/Lab/task3/ThirdModule/dao/build/classes/java/main/com/epam/esm/dao/OrderDao.class]
15:48:47.932 [Test worker] DEBUG org.springframework.context.annotation.ClassPathBeanDefinitionScanner - Ignored because not a concrete top-level class: file [/home/razor/Lab/task3/ThirdModule/dao/build/classes/java/main/com/epam/esm/dao/TagDao.class]
15:48:47.932 [Test worker] DEBUG org.springframework.context.annotation.ClassPathBeanDefinitionScanner - Ignored because not a concrete top-level class: file [/home/razor/Lab/task3/ThirdModule/dao/build/classes/java/main/com/epam/esm/dao/UserDao.class]
15:48:47.934 [Test worker] DEBUG org.springframework.context.annotation.ClassPathBeanDefinitionScanner - Identified candidate component class: file [/home/razor/Lab/task3/ThirdModule/dao/build/classes/java/main/com/epam/esm/dao/impl/CertificateDaoImpl.class]
15:48:47.935 [Test worker] DEBUG org.springframework.context.annotation.ClassPathBeanDefinitionScanner - Identified candidate component class: file [/home/razor/Lab/task3/ThirdModule/dao/build/classes/java/main/com/epam/esm/dao/impl/OrderDaoImpl.class]
15:48:47.935 [Test worker] DEBUG org.springframework.context.annotation.ClassPathBeanDefinitionScanner - Identified candidate component class: file [/home/razor/Lab/task3/ThirdModule/dao/build/classes/java/main/com/epam/esm/dao/impl/TagDaoImpl.class]
15:48:47.935 [Test worker] DEBUG org.springframework.context.annotation.ClassPathBeanDefinitionScanner - Identified candidate component class: file [/home/razor/Lab/task3/ThirdModule/dao/build/classes/java/main/com/epam/esm/dao/impl/UserDaoImpl.class]
15:48:48.122 [Test worker] DEBUG org.springframework.beans.factory.support.DefaultListableBeanFactory - Creating shared instance of singleton bean 'org.springframework.boot.test.mock.mockito.MockitoPostProcessor'
15:48:48.183 [Test worker] DEBUG org.springframework.beans.factory.support.DefaultListableBeanFactory - Creating shared instance of singleton bean 'org.springframework.context.event.internalEventListenerProcessor'
15:48:48.185 [Test worker] DEBUG org.springframework.beans.factory.support.DefaultListableBeanFactory - Creating shared instance of singleton bean 'org.springframework.context.event.internalEventListenerFactory'
15:48:48.186 [Test worker] DEBUG org.springframework.beans.factory.support.DefaultListableBeanFactory - Creating shared instance of singleton bean 'org.springframework.transaction.config.internalTransactionalEventListenerFactory'
15:48:48.188 [Test worker] DEBUG org.springframework.beans.factory.support.DefaultListableBeanFactory - Creating shared instance of singleton bean 'org.springframework.context.annotation.internalAutowiredAnnotationProcessor'
15:48:48.189 [Test worker] DEBUG org.springframework.beans.factory.support.DefaultListableBeanFactory - Creating shared instance of singleton bean 'org.springframework.context.annotation.internalCommonAnnotationProcessor'
15:48:48.209 [Test worker] DEBUG org.springframework.beans.factory.support.DefaultListableBeanFactory - Creating shared instance of singleton bean 'org.springframework.context.annotation.internalPersistenceAnnotationProcessor'
15:48:48.210 [Test worker] DEBUG org.springframework.beans.factory.support.DefaultListableBeanFactory - Creating shared instance of singleton bean 'org.springframework.boot.test.mock.mockito.MockitoPostProcessor$SpyPostProcessor'
15:48:48.211 [Test worker] DEBUG org.springframework.beans.factory.support.DefaultListableBeanFactory - Creating shared instance of singleton bean 'org.springframework.aop.config.internalAutoProxyCreator'
15:48:48.248 [Test worker] DEBUG org.springframework.beans.factory.support.DefaultListableBeanFactory - Creating shared instance of singleton bean 'entityManagerFactory'
15:48:48.248 [Test worker] DEBUG org.springframework.beans.factory.support.DefaultListableBeanFactory - Creating shared instance of singleton bean 'com.epam.esm.configuration.DaoTestConfiguration'
15:48:48.253 [Test worker] DEBUG org.springframework.beans.factory.support.DefaultListableBeanFactory - Creating shared instance of singleton bean 'org.springframework.transaction.config.internalTransactionAdvisor'
15:48:48.254 [Test worker] DEBUG org.springframework.beans.factory.support.DefaultListableBeanFactory - Creating shared instance of singleton bean 'org.springframework.transaction.annotation.ProxyTransactionManagementConfiguration'
15:48:48.264 [Test worker] DEBUG org.springframework.beans.factory.support.DefaultListableBeanFactory - Creating shared instance of singleton bean 'transactionAttributeSource'
15:48:48.269 [Test worker] DEBUG org.springframework.beans.factory.support.DefaultListableBeanFactory - Creating shared instance of singleton bean 'transactionInterceptor'
15:48:48.270 [Test worker] DEBUG org.springframework.beans.factory.support.DefaultListableBeanFactory - Autowiring by type from bean name 'transactionInterceptor' via factory method to bean named 'transactionAttributeSource'
15:48:48.280 [Test worker] DEBUG org.springframework.beans.factory.support.DefaultListableBeanFactory - Autowiring by type from bean name 'org.springframework.transaction.config.internalTransactionAdvisor' via factory method to bean named 'transactionAttributeSource'
15:48:48.280 [Test worker] DEBUG org.springframework.beans.factory.support.DefaultListableBeanFactory - Autowiring by type from bean name 'org.springframework.transaction.config.internalTransactionAdvisor' via factory method to bean named 'transactionInterceptor'
15:48:48.301 [Test worker] DEBUG org.springframework.beans.factory.support.DefaultListableBeanFactory - Creating shared instance of singleton bean 'dataSource'
15:48:48.339 [Test worker] DEBUG org.springframework.jdbc.datasource.DriverManagerDataSource - Loaded JDBC driver: org.h2.Driver
15:48:48.551 [Test worker] DEBUG org.jboss.logging - Logging Provider: org.jboss.logging.Log4j2LoggerProvider
15:48:48.608 [Test worker] DEBUG org.springframework.orm.jpa.LocalContainerEntityManagerFactoryBean - Building JPA container EntityManagerFactory for persistence unit 'default'
15:48:48.637 [Test worker] DEBUG org.hibernate.jpa.internal.util.LogHelper - PersistenceUnitInfo [
	name: default
	persistence provider classname: null
	classloader: jdk.internal.loader.ClassLoaders$AppClassLoader@68de145
	excludeUnlistedClasses: true
	JTA datasource: null
	Non JTA datasource: org.springframework.jdbc.datasource.DriverManagerDataSource@30cb3156
	Transaction type: RESOURCE_LOCAL
	PU root URL: file:/home/razor/Lab/task3/ThirdModule/core/build/classes/java/test/
	Shared Cache Mode: UNSPECIFIED
	Validation Mode: AUTO
	Jar files URLs []
	Managed classes names [
		com.epam.esm.model.entity.CertificateEntity
		com.epam.esm.model.entity.OrderEntity
		com.epam.esm.model.entity.TagEntity
		com.epam.esm.model.entity.UserEntity]
	Mapping files names []
	Properties []
15:48:48.654 [Test worker] DEBUG org.hibernate.integrator.internal.IntegratorServiceImpl - Adding Integrator [org.hibernate.cfg.beanvalidation.BeanValidationIntegrator].
15:48:48.655 [Test worker] DEBUG org.hibernate.integrator.internal.IntegratorServiceImpl - Adding Integrator [org.hibernate.secure.spi.JaccIntegrator].
15:48:48.675 [Test worker] DEBUG org.hibernate.integrator.internal.IntegratorServiceImpl - Adding Integrator [org.hibernate.cache.internal.CollectionCacheInvalidator].
15:48:48.738 [Test worker] INFO org.hibernate.Version - HHH000412: Hibernate ORM core version 5.4.32.Final
15:48:48.740 [Test worker] DEBUG org.hibernate.cfg.Environment - HHH000206: hibernate.properties not found
15:48:48.940 [Test worker] DEBUG org.hibernate.service.spi.ServiceBinding - Overriding existing service binding [org.hibernate.secure.spi.JaccService]
15:48:48.949 [Test worker] DEBUG org.hibernate.cache.internal.RegionFactoryInitiator - Cannot default RegionFactory based on registered strategies as `[]` RegionFactory strategies were registered
15:48:48.950 [Test worker] DEBUG org.hibernate.cache.internal.RegionFactoryInitiator - Cache region factory : org.hibernate.cache.internal.NoCachingRegionFactory
15:48:48.975 [Test worker] INFO org.hibernate.annotations.common.Version - HCANN000001: Hibernate Commons Annotations {5.1.2.Final}
15:48:49.001 [Test worker] DEBUG org.hibernate.type.BasicTypeRegistry - Adding type registration boolean -> org.hibernate.type.BooleanType@165b1a07
15:48:49.002 [Test worker] DEBUG org.hibernate.type.BasicTypeRegistry - Adding type registration boolean -> org.hibernate.type.BooleanType@165b1a07
15:48:49.002 [Test worker] DEBUG org.hibernate.type.BasicTypeRegistry - Adding type registration java.lang.Boolean -> org.hibernate.type.BooleanType@165b1a07
15:48:49.002 [Test worker] DEBUG org.hibernate.type.BasicTypeRegistry - Adding type registration numeric_boolean -> org.hibernate.type.NumericBooleanType@5d320aa9
15:48:49.003 [Test worker] DEBUG org.hibernate.type.BasicTypeRegistry - Adding type registration true_false -> org.hibernate.type.TrueFalseType@343cfb14
15:48:49.003 [Test worker] DEBUG org.hibernate.type.BasicTypeRegistry - Adding type registration yes_no -> org.hibernate.type.YesNoType@7ac1c13c
15:48:49.004 [Test worker] DEBUG org.hibernate.type.BasicTypeRegistry - Adding type registration byte -> org.hibernate.type.ByteType@4e342499
15:48:49.004 [Test worker] DEBUG org.hibernate.type.BasicTypeRegistry - Adding type registration byte -> org.hibernate.type.ByteType@4e342499
15:48:49.004 [Test worker] DEBUG org.hibernate.type.BasicTypeRegistry - Adding type registration java.lang.Byte -> org.hibernate.type.ByteType@4e342499
15:48:49.005 [Test worker] DEBUG org.hibernate.type.BasicTypeRegistry - Adding type registration character -> org.hibernate.type.CharacterType@1f28e628
15:48:49.005 [Test worker] DEBUG org.hibernate.type.BasicTypeRegistry - Adding type registration char -> org.hibernate.type.CharacterType@1f28e628
15:48:49.005 [Test worker] DEBUG org.hibernate.type.BasicTypeRegistry - Adding type registration java.lang.Character -> org.hibernate.type.CharacterType@1f28e628
15:48:49.006 [Test worker] DEBUG org.hibernate.type.BasicTypeRegistry - Adding type registration short -> org.hibernate.type.ShortType@19070ca9
15:48:49.007 [Test worker] DEBUG org.hibernate.type.BasicTypeRegistry - Adding type registration short -> org.hibernate.type.ShortType@19070ca9
15:48:49.007 [Test worker] DEBUG org.hibernate.type.BasicTypeRegistry - Adding type registration java.lang.Short -> org.hibernate.type.ShortType@19070ca9
15:48:49.008 [Test worker] DEBUG org.hibernate.type.BasicTypeRegistry - Adding type registration integer -> org.hibernate.type.IntegerType@7beedbe7
15:48:49.008 [Test worker] DEBUG org.hibernate.type.BasicTypeRegistry - Adding type registration int -> org.hibernate.type.IntegerType@7beedbe7
15:48:49.008 [Test worker] DEBUG org.hibernate.type.BasicTypeRegistry - Adding type registration java.lang.Integer -> org.hibernate.type.IntegerType@7beedbe7
15:48:49.009 [Test worker] DEBUG org.hibernate.type.BasicTypeRegistry - Adding type registration long -> org.hibernate.type.LongType@b0c3338
15:48:49.009 [Test worker] DEBUG org.hibernate.type.BasicTypeRegistry - Adding type registration long -> org.hibernate.type.LongType@b0c3338
15:48:49.009 [Test worker] DEBUG org.hibernate.type.BasicTypeRegistry - Adding type registration java.lang.Long -> org.hibernate.type.LongType@b0c3338
15:48:49.010 [Test worker] DEBUG org.hibernate.type.BasicTypeRegistry - Adding type registration float -> org.hibernate.type.FloatType@5717afa
15:48:49.010 [Test worker] DEBUG org.hibernate.type.BasicTypeRegistry - Adding type registration float -> org.hibernate.type.FloatType@5717afa
15:48:49.010 [Test worker] DEBUG org.hibernate.type.BasicTypeRegistry - Adding type registration java.lang.Float -> org.hibernate.type.FloatType@5717afa
15:48:49.011 [Test worker] DEBUG org.hibernate.type.BasicTypeRegistry - Adding type registration double -> org.hibernate.type.DoubleType@7fa22ec0
15:48:49.011 [Test worker] DEBUG org.hibernate.type.BasicTypeRegistry - Adding type registration double -> org.hibernate.type.DoubleType@7fa22ec0
15:48:49.011 [Test worker] DEBUG org.hibernate.type.BasicTypeRegistry - Adding type registration java.lang.Double -> org.hibernate.type.DoubleType@7fa22ec0
15:48:49.012 [Test worker] DEBUG org.hibernate.type.BasicTypeRegistry - Adding type registration big_decimal -> org.hibernate.type.BigDecimalType@6eae410d
15:48:49.012 [Test worker] DEBUG org.hibernate.type.BasicTypeRegistry - Adding type registration java.math.BigDecimal -> org.hibernate.type.BigDecimalType@6eae410d
15:48:49.014 [Test worker] DEBUG org.hibernate.type.BasicTypeRegistry - Adding type registration big_integer -> org.hibernate.type.BigIntegerType@51a9502e
15:48:49.014 [Test worker] DEBUG org.hibernate.type.BasicTypeRegistry - Adding type registration java.math.BigInteger -> org.hibernate.type.BigIntegerType@51a9502e
15:48:49.015 [Test worker] DEBUG org.hibernate.type.BasicTypeRegistry - Adding type registration string -> org.hibernate.type.StringType@2426d3bc
15:48:49.016 [Test worker] DEBUG org.hibernate.type.BasicTypeRegistry - Adding type registration java.lang.String -> org.hibernate.type.StringType@2426d3bc
15:48:49.016 [Test worker] DEBUG org.hibernate.type.BasicTypeRegistry - Adding type registration nstring -> org.hibernate.type.StringNVarcharType@69f8f97
15:48:49.017 [Test worker] DEBUG org.hibernate.type.BasicTypeRegistry - Adding type registration ncharacter -> org.hibernate.type.CharacterNCharType@5d51ffef
15:48:49.018 [Test worker] DEBUG org.hibernate.type.BasicTypeRegistry - Adding type registration url -> org.hibernate.type.UrlType@4557d492
15:48:49.018 [Test worker] DEBUG org.hibernate.type.BasicTypeRegistry - Adding type registration java.net.URL -> org.hibernate.type.UrlType@4557d492
15:48:49.019 [Test worker] DEBUG org.hibernate.type.BasicTypeRegistry - Adding type registration Duration -> org.hibernate.type.DurationType@686ddd6d
15:48:49.019 [Test worker] DEBUG org.hibernate.type.BasicTypeRegistry - Adding type registration java.time.Duration -> org.hibernate.type.DurationType@686ddd6d
15:48:49.028 [Test worker] DEBUG org.hibernate.type.BasicTypeRegistry - Adding type registration Instant -> org.hibernate.type.InstantType@59435709
15:48:49.028 [Test worker] DEBUG org.hibernate.type.BasicTypeRegistry - Adding type registration java.time.Instant -> org.hibernate.type.InstantType@59435709
15:48:49.030 [Test worker] DEBUG org.hibernate.type.BasicTypeRegistry - Adding type registration LocalDateTime -> org.hibernate.type.LocalDateTimeType@731e4640
15:48:49.031 [Test worker] DEBUG org.hibernate.type.BasicTypeRegistry - Adding type registration java.time.LocalDateTime -> org.hibernate.type.LocalDateTimeType@731e4640
15:48:49.032 [Test worker] DEBUG org.hibernate.type.BasicTypeRegistry - Adding type registration LocalDate -> org.hibernate.type.LocalDateType@41bc29ee
15:48:49.033 [Test worker] DEBUG org.hibernate.type.BasicTypeRegistry - Adding type registration java.time.LocalDate -> org.hibernate.type.LocalDateType@41bc29ee
15:48:49.034 [Test worker] DEBUG org.hibernate.type.BasicTypeRegistry - Adding type registration LocalTime -> org.hibernate.type.LocalTimeType@428a455e
15:48:49.034 [Test worker] DEBUG org.hibernate.type.BasicTypeRegistry - Adding type registration java.time.LocalTime -> org.hibernate.type.LocalTimeType@428a455e
15:48:49.036 [Test worker] DEBUG org.hibernate.type.BasicTypeRegistry - Adding type registration OffsetDateTime -> org.hibernate.type.OffsetDateTimeType@3ddbd69a
15:48:49.036 [Test worker] DEBUG org.hibernate.type.BasicTypeRegistry - Adding type registration java.time.OffsetDateTime -> org.hibernate.type.OffsetDateTimeType@3ddbd69a
15:48:49.037 [Test worker] DEBUG org.hibernate.type.BasicTypeRegistry - Adding type registration OffsetTime -> org.hibernate.type.OffsetTimeType@486195a9
15:48:49.037 [Test worker] DEBUG org.hibernate.type.BasicTypeRegistry - Adding type registration java.time.OffsetTime -> org.hibernate.type.OffsetTimeType@486195a9
15:48:49.039 [Test worker] DEBUG org.hibernate.type.BasicTypeRegistry - Adding type registration ZonedDateTime -> org.hibernate.type.ZonedDateTimeType@2cf09a31
15:48:49.039 [Test worker] DEBUG org.hibernate.type.BasicTypeRegistry - Adding type registration java.time.ZonedDateTime -> org.hibernate.type.ZonedDateTimeType@2cf09a31
15:48:49.041 [Test worker] DEBUG org.hibernate.type.BasicTypeRegistry - Adding type registration date -> org.hibernate.type.DateType@1f4674a
15:48:49.041 [Test worker] DEBUG org.hibernate.type.BasicTypeRegistry - Adding type registration java.sql.Date -> org.hibernate.type.DateType@1f4674a
15:48:49.042 [Test worker] DEBUG org.hibernate.type.BasicTypeRegistry - Adding type registration time -> org.hibernate.type.TimeType@25fe1e0f
15:48:49.042 [Test worker] DEBUG org.hibernate.type.BasicTypeRegistry - Adding type registration java.sql.Time -> org.hibernate.type.TimeType@25fe1e0f
15:48:49.044 [Test worker] DEBUG org.hibernate.type.BasicTypeRegistry - Adding type registration timestamp -> org.hibernate.type.TimestampType@46d36763
15:48:49.044 [Test worker] DEBUG org.hibernate.type.BasicTypeRegistry - Adding type registration java.sql.Timestamp -> org.hibernate.type.TimestampType@46d36763
15:48:49.044 [Test worker] DEBUG org.hibernate.type.BasicTypeRegistry - Adding type registration java.util.Date -> org.hibernate.type.TimestampType@46d36763
15:48:49.046 [Test worker] DEBUG org.hibernate.type.BasicTypeRegistry - Adding type registration dbtimestamp -> org.hibernate.type.DbTimestampType@4bfa4815
15:48:49.047 [Test worker] DEBUG org.hibernate.type.BasicTypeRegistry - Adding type registration calendar -> org.hibernate.type.CalendarType@52d621fe
15:48:49.047 [Test worker] DEBUG org.hibernate.type.BasicTypeRegistry - Adding type registration java.util.Calendar -> org.hibernate.type.CalendarType@52d621fe
15:48:49.047 [Test worker] DEBUG org.hibernate.type.BasicTypeRegistry - Adding type registration java.util.GregorianCalendar -> org.hibernate.type.CalendarType@52d621fe
15:48:49.048 [Test worker] DEBUG org.hibernate.type.BasicTypeRegistry - Adding type registration calendar_date -> org.hibernate.type.CalendarDateType@200a4ddf
15:48:49.049 [Test worker] DEBUG org.hibernate.type.BasicTypeRegistry - Adding type registration calendar_time -> org.hibernate.type.CalendarTimeType@328e54a6
15:48:49.050 [Test worker] DEBUG org.hibernate.type.BasicTypeRegistry - Adding type registration locale -> org.hibernate.type.LocaleType@5d9da03c
15:48:49.050 [Test worker] DEBUG org.hibernate.type.BasicTypeRegistry - Adding type registration java.util.Locale -> org.hibernate.type.LocaleType@5d9da03c
15:48:49.051 [Test worker] DEBUG org.hibernate.type.BasicTypeRegistry - Adding type registration currency -> org.hibernate.type.CurrencyType@3c71c7e9
15:48:49.051 [Test worker] DEBUG org.hibernate.type.BasicTypeRegistry - Adding type registration java.util.Currency -> org.hibernate.type.CurrencyType@3c71c7e9
15:48:49.052 [Test worker] DEBUG org.hibernate.type.BasicTypeRegistry - Adding type registration timezone -> org.hibernate.type.TimeZoneType@7f335c52
15:48:49.052 [Test worker] DEBUG org.hibernate.type.BasicTypeRegistry - Adding type registration java.util.TimeZone -> org.hibernate.type.TimeZoneType@7f335c52
15:48:49.053 [Test worker] DEBUG org.hibernate.type.BasicTypeRegistry - Adding type registration class -> org.hibernate.type.ClassType@7927d356
15:48:49.053 [Test worker] DEBUG org.hibernate.type.BasicTypeRegistry - Adding type registration java.lang.Class -> org.hibernate.type.ClassType@7927d356
15:48:49.054 [Test worker] DEBUG org.hibernate.type.BasicTypeRegistry - Adding type registration uuid-binary -> org.hibernate.type.UUIDBinaryType@41821e92
15:48:49.054 [Test worker] DEBUG org.hibernate.type.BasicTypeRegistry - Adding type registration java.util.UUID -> org.hibernate.type.UUIDBinaryType@41821e92
15:48:49.054 [Test worker] DEBUG org.hibernate.type.BasicTypeRegistry - Adding type registration uuid-char -> org.hibernate.type.UUIDCharType@7dfec2c0
15:48:49.055 [Test worker] DEBUG org.hibernate.type.BasicTypeRegistry - Adding type registration binary -> org.hibernate.type.BinaryType@1a6ad459
15:48:49.055 [Test worker] DEBUG org.hibernate.type.BasicTypeRegistry - Adding type registration byte[] -> org.hibernate.type.BinaryType@1a6ad459
15:48:49.055 [Test worker] DEBUG org.hibernate.type.BasicTypeRegistry - Adding type registration [B -> org.hibernate.type.BinaryType@1a6ad459
15:48:49.056 [Test worker] DEBUG org.hibernate.type.BasicTypeRegistry - Adding type registration wrapper-binary -> org.hibernate.type.WrapperBinaryType@3b5bdd7e
15:48:49.056 [Test worker] DEBUG org.hibernate.type.BasicTypeRegistry - Adding type registration Byte[] -> org.hibernate.type.WrapperBinaryType@3b5bdd7e
15:48:49.057 [Test worker] DEBUG org.hibernate.type.BasicTypeRegistry - Adding type registration [Ljava.lang.Byte; -> org.hibernate.type.WrapperBinaryType@3b5bdd7e
15:48:49.057 [Test worker] DEBUG org.hibernate.type.BasicTypeRegistry - Adding type registration row_version -> org.hibernate.type.RowVersionType@610778d6
15:48:49.058 [Test worker] DEBUG org.hibernate.type.BasicTypeRegistry - Adding type registration image -> org.hibernate.type.ImageType@459d3f8e
15:48:49.059 [Test worker] DEBUG org.hibernate.type.BasicTypeRegistry - Adding type registration characters -> org.hibernate.type.CharArrayType@4ee7c9c0
15:48:49.059 [Test worker] DEBUG org.hibernate.type.BasicTypeRegistry - Adding type registration char[] -> org.hibernate.type.CharArrayType@4ee7c9c0
15:48:49.059 [Test worker] DEBUG org.hibernate.type.BasicTypeRegistry - Adding type registration [C -> org.hibernate.type.CharArrayType@4ee7c9c0
15:48:49.060 [Test worker] DEBUG org.hibernate.type.BasicTypeRegistry - Adding type registration wrapper-characters -> org.hibernate.type.CharacterArrayType@21078ec6
15:48:49.060 [Test worker] DEBUG org.hibernate.type.BasicTypeRegistry - Adding type registration [Ljava.lang.Character; -> org.hibernate.type.CharacterArrayType@21078ec6
15:48:49.060 [Test worker] DEBUG org.hibernate.type.BasicTypeRegistry - Adding type registration Character[] -> org.hibernate.type.CharacterArrayType@21078ec6
15:48:49.061 [Test worker] DEBUG org.hibernate.type.BasicTypeRegistry - Adding type registration text -> org.hibernate.type.TextType@b285c92
15:48:49.061 [Test worker] DEBUG org.hibernate.type.BasicTypeRegistry - Adding type registration ntext -> org.hibernate.type.NTextType@6cb39214
15:48:49.063 [Test worker] DEBUG org.hibernate.type.BasicTypeRegistry - Adding type registration blob -> org.hibernate.type.BlobType@3169e20d
15:48:49.063 [Test worker] DEBUG org.hibernate.type.BasicTypeRegistry - Adding type registration java.sql.Blob -> org.hibernate.type.BlobType@3169e20d
15:48:49.063 [Test worker] DEBUG org.hibernate.type.BasicTypeRegistry - Adding type registration materialized_blob -> org.hibernate.type.MaterializedBlobType@62f22ff8
15:48:49.065 [Test worker] DEBUG org.hibernate.type.BasicTypeRegistry - Adding type registration clob -> org.hibernate.type.ClobType@2a4283b6
15:48:49.065 [Test worker] DEBUG org.hibernate.type.BasicTypeRegistry - Adding type registration java.sql.Clob -> org.hibernate.type.ClobType@2a4283b6
15:48:49.066 [Test worker] DEBUG org.hibernate.type.BasicTypeRegistry - Adding type registration nclob -> org.hibernate.type.NClobType@363c0a5a
15:48:49.066 [Test worker] DEBUG org.hibernate.type.BasicTypeRegistry - Adding type registration java.sql.NClob -> org.hibernate.type.NClobType@363c0a5a
15:48:49.067 [Test worker] DEBUG org.hibernate.type.BasicTypeRegistry - Adding type registration materialized_clob -> org.hibernate.type.MaterializedClobType@4562906a
15:48:49.067 [Test worker] DEBUG org.hibernate.type.BasicTypeRegistry - Adding type registration materialized_nclob -> org.hibernate.type.MaterializedNClobType@26a37e9
15:48:49.068 [Test worker] DEBUG org.hibernate.type.BasicTypeRegistry - Adding type registration serializable -> org.hibernate.type.SerializableType@55e77002
15:48:49.071 [Test worker] DEBUG org.hibernate.type.BasicTypeRegistry - Adding type registration object -> org.hibernate.type.ObjectType@78767387
15:48:49.071 [Test worker] DEBUG org.hibernate.type.BasicTypeRegistry - Adding type registration java.lang.Object -> org.hibernate.type.ObjectType@78767387
15:48:49.072 [Test worker] DEBUG org.hibernate.type.BasicTypeRegistry - Adding type registration imm_date -> org.hibernate.type.AdaptedImmutableType@640db259
15:48:49.072 [Test worker] DEBUG org.hibernate.type.BasicTypeRegistry - Adding type registration imm_time -> org.hibernate.type.AdaptedImmutableType@6a5b69d8
15:48:49.072 [Test worker] DEBUG org.hibernate.type.BasicTypeRegistry - Adding type registration imm_timestamp -> org.hibernate.type.AdaptedImmutableType@5851a744
15:48:49.072 [Test worker] DEBUG org.hibernate.type.BasicTypeRegistry - Adding type registration imm_dbtimestamp -> org.hibernate.type.AdaptedImmutableType@178135b8
15:48:49.072 [Test worker] DEBUG org.hibernate.type.BasicTypeRegistry - Adding type registration imm_calendar -> org.hibernate.type.AdaptedImmutableType@1e17c26b
15:48:49.072 [Test worker] DEBUG org.hibernate.type.BasicTypeRegistry - Adding type registration imm_calendar_date -> org.hibernate.type.AdaptedImmutableType@2f336dd8
15:48:49.073 [Test worker] DEBUG org.hibernate.type.BasicTypeRegistry - Adding type registration imm_binary -> org.hibernate.type.AdaptedImmutableType@7a8d94fd
15:48:49.073 [Test worker] DEBUG org.hibernate.type.BasicTypeRegistry - Adding type registration imm_serializable -> org.hibernate.type.AdaptedImmutableType@643f42e1
15:48:49.085 [Test worker] DEBUG org.hibernate.boot.internal.BootstrapContextImpl - Injecting JPA temp ClassLoader [org.springframework.instrument.classloading.SimpleThrowawayClassLoader@516d5c24] into BootstrapContext; was [null]
15:48:49.085 [Test worker] DEBUG org.hibernate.boot.internal.ClassLoaderAccessImpl - ClassLoaderAccessImpl#injectTempClassLoader(org.springframework.instrument.classloading.SimpleThrowawayClassLoader@516d5c24) [was null]
15:48:49.085 [Test worker] DEBUG org.hibernate.boot.internal.BootstrapContextImpl - Injecting ScanEnvironment [org.hibernate.jpa.boot.internal.StandardJpaScanEnvironmentImpl@21c522bf] into BootstrapContext; was [null]
15:48:49.085 [Test worker] DEBUG org.hibernate.boot.internal.BootstrapContextImpl - Injecting ScanOptions [org.hibernate.boot.archive.scan.internal.StandardScanOptions@33a6ce8] into BootstrapContext; was [org.hibernate.boot.archive.scan.internal.StandardScanOptions@38d318d2]
15:48:49.128 [Test worker] DEBUG org.hibernate.boot.internal.BootstrapContextImpl - Injecting JPA temp ClassLoader [null] into BootstrapContext; was [org.springframework.instrument.classloading.SimpleThrowawayClassLoader@516d5c24]
15:48:49.128 [Test worker] DEBUG org.hibernate.boot.internal.ClassLoaderAccessImpl - ClassLoaderAccessImpl#injectTempClassLoader(null) [was org.springframework.instrument.classloading.SimpleThrowawayClassLoader@516d5c24]
15:48:49.136 [Test worker] DEBUG org.hibernate.id.factory.internal.DefaultIdentifierGeneratorFactory - Registering IdentifierGenerator strategy [uuid2] -> [org.hibernate.id.UUIDGenerator]
15:48:49.136 [Test worker] DEBUG org.hibernate.id.factory.internal.DefaultIdentifierGeneratorFactory - Registering IdentifierGenerator strategy [guid] -> [org.hibernate.id.GUIDGenerator]
15:48:49.136 [Test worker] DEBUG org.hibernate.id.factory.internal.DefaultIdentifierGeneratorFactory - Registering IdentifierGenerator strategy [uuid] -> [org.hibernate.id.UUIDHexGenerator]
15:48:49.137 [Test worker] DEBUG org.hibernate.id.factory.internal.DefaultIdentifierGeneratorFactory - Registering IdentifierGenerator strategy [uuid.hex] -> [org.hibernate.id.UUIDHexGenerator]
15:48:49.137 [Test worker] DEBUG org.hibernate.id.factory.internal.DefaultIdentifierGeneratorFactory - Registering IdentifierGenerator strategy [assigned] -> [org.hibernate.id.Assigned]
15:48:49.137 [Test worker] DEBUG org.hibernate.id.factory.internal.DefaultIdentifierGeneratorFactory - Registering IdentifierGenerator strategy [identity] -> [org.hibernate.id.IdentityGenerator]
15:48:49.138 [Test worker] DEBUG org.hibernate.id.factory.internal.DefaultIdentifierGeneratorFactory - Registering IdentifierGenerator strategy [select] -> [org.hibernate.id.SelectGenerator]
15:48:49.139 [Test worker] DEBUG org.hibernate.id.factory.internal.DefaultIdentifierGeneratorFactory - Registering IdentifierGenerator strategy [sequence] -> [org.hibernate.id.enhanced.SequenceStyleGenerator]
15:48:49.139 [Test worker] DEBUG org.hibernate.id.factory.internal.DefaultIdentifierGeneratorFactory - Registering IdentifierGenerator strategy [seqhilo] -> [org.hibernate.id.SequenceHiLoGenerator]
15:48:49.140 [Test worker] DEBUG org.hibernate.id.factory.internal.DefaultIdentifierGeneratorFactory - Registering IdentifierGenerator strategy [increment] -> [org.hibernate.id.IncrementGenerator]
15:48:49.140 [Test worker] DEBUG org.hibernate.id.factory.internal.DefaultIdentifierGeneratorFactory - Registering IdentifierGenerator strategy [foreign] -> [org.hibernate.id.ForeignGenerator]
15:48:49.140 [Test worker] DEBUG org.hibernate.id.factory.internal.DefaultIdentifierGeneratorFactory - Registering IdentifierGenerator strategy [sequence-identity] -> [org.hibernate.id.SequenceIdentityGenerator]
15:48:49.140 [Test worker] DEBUG org.hibernate.id.factory.internal.DefaultIdentifierGeneratorFactory - Registering IdentifierGenerator strategy [enhanced-sequence] -> [org.hibernate.id.enhanced.SequenceStyleGenerator]
15:48:49.141 [Test worker] DEBUG org.hibernate.id.factory.internal.DefaultIdentifierGeneratorFactory - Registering IdentifierGenerator strategy [enhanced-table] -> [org.hibernate.id.enhanced.TableGenerator]
15:48:49.145 [Test worker] DEBUG org.springframework.jdbc.datasource.DriverManagerDataSource - Creating new JDBC DriverManager Connection to [jdbc:h2:mem:second;DB_CLOSE_DELAY=-1]
15:48:49.288 [Test worker] DEBUG org.hibernate.engine.jdbc.env.internal.JdbcEnvironmentInitiator - Database ->
       name : H2
    version : 1.4.200 (2019-10-14)
      major : 1
      minor : 4
15:48:49.289 [Test worker] DEBUG org.hibernate.engine.jdbc.env.internal.JdbcEnvironmentInitiator - Driver ->
       name : H2 JDBC Driver
    version : 1.4.200 (2019-10-14)
      major : 1
      minor : 4
15:48:49.289 [Test worker] DEBUG org.hibernate.engine.jdbc.env.internal.JdbcEnvironmentInitiator - JDBC version : 4.1
15:48:49.298 [Test worker] INFO org.hibernate.dialect.Dialect - HHH000400: Using dialect: org.hibernate.dialect.H2Dialect
15:48:49.331 [Test worker] DEBUG org.hibernate.engine.jdbc.env.spi.IdentifierHelperBuilder - JDBC driver metadata reported database stores quoted identifiers in neither upper, lower nor mixed case
15:48:49.369 [Test worker] DEBUG org.hibernate.boot.model.relational.Namespace - Created database namespace [logicalName=Name{catalog=null, schema=null}, physicalName=Name{catalog=null, schema=null}]
15:48:49.372 [Test worker] DEBUG org.hibernate.type.spi.TypeConfiguration$Scope - Scoping TypeConfiguration [org.hibernate.type.spi.TypeConfiguration@6d42a483] to MetadataBuildingContext [org.hibernate.boot.internal.MetadataBuildingContextRootImpl@75d357b1]
15:48:49.410 [Test worker] DEBUG org.hibernate.cfg.AnnotationBinder - Binding entity from annotated class: com.epam.esm.model.entity.CertificateEntity
15:48:49.423 [Test worker] DEBUG org.hibernate.cfg.Ejb3Column - Binding column: Ejb3DiscriminatorColumn{logicalColumnName'DTYPE', discriminatorTypeName='string'}
15:48:49.426 [Test worker] DEBUG org.hibernate.cfg.annotations.EntityBinder - Import with entity name CertificateEntity
15:48:49.430 [Test worker] DEBUG org.hibernate.cfg.annotations.EntityBinder - Bind entity com.epam.esm.model.entity.CertificateEntity on table CertificateEntity
15:48:49.447 [Test worker] DEBUG org.hibernate.cfg.Ejb3Column - Binding column: Ejb3Column{table=org.hibernate.mapping.Table(CertificateEntity), mappingColumn=id, insertable=true, updatable=true, unique=false}
15:48:49.449 [Test worker] DEBUG org.hibernate.boot.internal.ClassLoaderAccessImpl - Not known whether passed class name [com.epam.esm.model.entity.CertificateEntity] is safe
15:48:49.449 [Test worker] DEBUG org.hibernate.boot.internal.ClassLoaderAccessImpl - No temp ClassLoader provided; using live ClassLoader for loading potentially unsafe class : com.epam.esm.model.entity.CertificateEntity
15:48:49.450 [Test worker] DEBUG org.hibernate.cfg.annotations.PropertyBinder - MetadataSourceProcessor property id with lazy=false
15:48:49.451 [Test worker] DEBUG org.hibernate.cfg.AbstractPropertyHolder - Attempting to locate auto-apply AttributeConverter for property [com.epam.esm.model.entity.CertificateEntity:id]
15:48:49.452 [Test worker] DEBUG org.hibernate.cfg.annotations.SimpleValueBinder - building SimpleValue for id
15:48:49.454 [Test worker] DEBUG org.hibernate.cfg.annotations.PropertyBinder - Building property id
15:48:49.456 [Test worker] DEBUG org.hibernate.cfg.BinderHelper - #makeIdGenerator(org.hibernate.mapping.SimpleValue([org.hibernate.mapping.Column(id)]), id, identity, , ...)
15:48:49.457 [Test worker] DEBUG org.hibernate.cfg.Ejb3Column - Binding column: Ejb3Column{table=org.hibernate.mapping.Table(CertificateEntity), mappingColumn=createDate, insertable=true, updatable=true, unique=false}
15:48:49.457 [Test worker] DEBUG org.hibernate.cfg.annotations.PropertyBinder - MetadataSourceProcessor property createDate with lazy=false
15:48:49.457 [Test worker] DEBUG org.hibernate.cfg.AbstractPropertyHolder - Attempting to locate auto-apply AttributeConverter for property [com.epam.esm.model.entity.CertificateEntity:createDate]
15:48:49.457 [Test worker] DEBUG org.hibernate.cfg.annotations.SimpleValueBinder - building SimpleValue for createDate
15:48:49.457 [Test worker] DEBUG org.hibernate.cfg.annotations.PropertyBinder - Building property createDate
15:48:49.457 [Test worker] DEBUG org.hibernate.cfg.Ejb3Column - Binding column: Ejb3Column{table=org.hibernate.mapping.Table(CertificateEntity), mappingColumn=description, insertable=true, updatable=true, unique=false}
15:48:49.457 [Test worker] DEBUG org.hibernate.cfg.annotations.PropertyBinder - MetadataSourceProcessor property description with lazy=false
15:48:49.457 [Test worker] DEBUG org.hibernate.cfg.AbstractPropertyHolder - Attempting to locate auto-apply AttributeConverter for property [com.epam.esm.model.entity.CertificateEntity:description]
15:48:49.457 [Test worker] DEBUG org.hibernate.cfg.annotations.SimpleValueBinder - building SimpleValue for description
15:48:49.458 [Test worker] DEBUG org.hibernate.cfg.annotations.PropertyBinder - Building property description
15:48:49.458 [Test worker] DEBUG org.hibernate.cfg.Ejb3Column - Binding column: Ejb3Column{table=org.hibernate.mapping.Table(CertificateEntity), mappingColumn=duration, insertable=true, updatable=true, unique=false}
15:48:49.458 [Test worker] DEBUG org.hibernate.cfg.annotations.PropertyBinder - MetadataSourceProcessor property duration with lazy=false
15:48:49.458 [Test worker] DEBUG org.hibernate.cfg.AbstractPropertyHolder - Attempting to locate auto-apply AttributeConverter for property [com.epam.esm.model.entity.CertificateEntity:duration]
15:48:49.458 [Test worker] DEBUG org.hibernate.cfg.annotations.SimpleValueBinder - building SimpleValue for duration
15:48:49.458 [Test worker] DEBUG org.hibernate.cfg.annotations.PropertyBinder - Building property duration
15:48:49.458 [Test worker] DEBUG org.hibernate.cfg.Ejb3Column - Binding column: Ejb3Column{table=org.hibernate.mapping.Table(CertificateEntity), mappingColumn=lastUpdateDate, insertable=true, updatable=true, unique=false}
15:48:49.458 [Test worker] DEBUG org.hibernate.cfg.annotations.PropertyBinder - MetadataSourceProcessor property lastUpdateDate with lazy=false
15:48:49.458 [Test worker] DEBUG org.hibernate.cfg.AbstractPropertyHolder - Attempting to locate auto-apply AttributeConverter for property [com.epam.esm.model.entity.CertificateEntity:lastUpdateDate]
15:48:49.459 [Test worker] DEBUG org.hibernate.cfg.annotations.SimpleValueBinder - building SimpleValue for lastUpdateDate
15:48:49.459 [Test worker] DEBUG org.hibernate.cfg.annotations.PropertyBinder - Building property lastUpdateDate
15:48:49.459 [Test worker] DEBUG org.hibernate.cfg.Ejb3Column - Binding column: Ejb3Column{table=org.hibernate.mapping.Table(CertificateEntity), mappingColumn=name, insertable=true, updatable=true, unique=true}
15:48:49.459 [Test worker] DEBUG org.hibernate.cfg.annotations.PropertyBinder - MetadataSourceProcessor property name with lazy=false
15:48:49.459 [Test worker] DEBUG org.hibernate.cfg.AbstractPropertyHolder - Attempting to locate auto-apply AttributeConverter for property [com.epam.esm.model.entity.CertificateEntity:name]
15:48:49.459 [Test worker] DEBUG org.hibernate.cfg.annotations.SimpleValueBinder - building SimpleValue for name
15:48:49.459 [Test worker] DEBUG org.hibernate.cfg.annotations.PropertyBinder - Building property name
15:48:49.460 [Test worker] DEBUG org.hibernate.cfg.Ejb3Column - Binding column: Ejb3Column{table=org.hibernate.mapping.Table(CertificateEntity), mappingColumn=price, insertable=true, updatable=true, unique=false}
15:48:49.460 [Test worker] DEBUG org.hibernate.cfg.annotations.PropertyBinder - MetadataSourceProcessor property price with lazy=false
15:48:49.460 [Test worker] DEBUG org.hibernate.cfg.AbstractPropertyHolder - Attempting to locate auto-apply AttributeConverter for property [com.epam.esm.model.entity.CertificateEntity:price]
15:48:49.460 [Test worker] DEBUG org.hibernate.cfg.annotations.SimpleValueBinder - building SimpleValue for price
15:48:49.460 [Test worker] DEBUG org.hibernate.cfg.annotations.PropertyBinder - Building property price
15:48:49.462 [Test worker] DEBUG org.hibernate.cfg.Ejb3Column - Binding column: Ejb3Column{table=org.hibernate.mapping.Table(CertificateEntity), mappingColumn=null, insertable=true, updatable=true, unique=false}
15:48:49.468 [Test worker] DEBUG org.hibernate.cfg.Ejb3Column - Binding column: Ejb3Column{table=org.hibernate.mapping.Table(CertificateEntity), mappingColumn=element, insertable=true, updatable=true, unique=false}
15:48:49.468 [Test worker] DEBUG org.hibernate.cfg.Ejb3Column - Binding column: Ejb3Column{table=org.hibernate.mapping.Table(CertificateEntity), mappingColumn=tagEntities_KEY, insertable=true, updatable=true, unique=false}
15:48:49.469 [Test worker] DEBUG org.hibernate.cfg.Ejb3Column - Binding column: Ejb3JoinColumn{logicalColumnName='tagEntities_KEY', referencedColumn='null', mappedBy='null'}
15:48:49.470 [Test worker] DEBUG org.hibernate.cfg.Ejb3Column - Binding column: Ejb3JoinColumn{logicalColumnName='null', referencedColumn='null', mappedBy=''}
15:48:49.470 [Test worker] DEBUG org.hibernate.cfg.Ejb3Column - Binding column: Ejb3JoinColumn{logicalColumnName='null', referencedColumn='null', mappedBy=''}
15:48:49.471 [Test worker] DEBUG org.hibernate.cfg.annotations.CollectionBinder - Collection role: com.epam.esm.model.entity.CertificateEntity.tagEntities
15:48:49.473 [Test worker] DEBUG org.hibernate.cfg.annotations.PropertyBinder - Building property tagEntities
15:48:49.474 [Test worker] DEBUG org.hibernate.cfg.AnnotationBinder - Binding entity from annotated class: com.epam.esm.model.entity.OrderEntity
15:48:49.475 [Test worker] DEBUG org.hibernate.cfg.Ejb3Column - Binding column: Ejb3DiscriminatorColumn{logicalColumnName'DTYPE', discriminatorTypeName='string'}
15:48:49.475 [Test worker] DEBUG org.hibernate.cfg.annotations.EntityBinder - Import with entity name OrderEntity
15:48:49.475 [Test worker] DEBUG org.hibernate.cfg.annotations.EntityBinder - Bind entity com.epam.esm.model.entity.OrderEntity on table OrderEntity
15:48:49.476 [Test worker] DEBUG org.hibernate.cfg.Ejb3Column - Binding column: Ejb3Column{table=org.hibernate.mapping.Table(OrderEntity), mappingColumn=id, insertable=true, updatable=true, unique=false}
15:48:49.477 [Test worker] DEBUG org.hibernate.boot.internal.ClassLoaderAccessImpl - Not known whether passed class name [com.epam.esm.model.entity.OrderEntity] is safe
15:48:49.477 [Test worker] DEBUG org.hibernate.boot.internal.ClassLoaderAccessImpl - No temp ClassLoader provided; using live ClassLoader for loading potentially unsafe class : com.epam.esm.model.entity.OrderEntity
15:48:49.477 [Test worker] DEBUG org.hibernate.cfg.annotations.PropertyBinder - MetadataSourceProcessor property id with lazy=false
15:48:49.477 [Test worker] DEBUG org.hibernate.cfg.AbstractPropertyHolder - Attempting to locate auto-apply AttributeConverter for property [com.epam.esm.model.entity.OrderEntity:id]
15:48:49.477 [Test worker] DEBUG org.hibernate.cfg.annotations.SimpleValueBinder - building SimpleValue for id
15:48:49.477 [Test worker] DEBUG org.hibernate.cfg.annotations.PropertyBinder - Building property id
15:48:49.477 [Test worker] DEBUG org.hibernate.cfg.BinderHelper - #makeIdGenerator(org.hibernate.mapping.SimpleValue([org.hibernate.mapping.Column(id)]), id, identity, , ...)
15:48:49.477 [Test worker] DEBUG org.hibernate.cfg.Ejb3Column - Binding column: Ejb3Column{table=org.hibernate.mapping.Table(OrderEntity), mappingColumn=null, insertable=true, updatable=true, unique=false}
15:48:49.477 [Test worker] DEBUG org.hibernate.cfg.Ejb3Column - Binding column: Ejb3Column{table=org.hibernate.mapping.Table(OrderEntity), mappingColumn=element, insertable=true, updatable=true, unique=false}
15:48:49.478 [Test worker] DEBUG org.hibernate.cfg.Ejb3Column - Binding column: Ejb3Column{table=org.hibernate.mapping.Table(OrderEntity), mappingColumn=certificateEntities_KEY, insertable=true, updatable=true, unique=false}
15:48:49.478 [Test worker] DEBUG org.hibernate.cfg.Ejb3Column - Binding column: Ejb3JoinColumn{logicalColumnName='certificateEntities_KEY', referencedColumn='null', mappedBy='null'}
15:48:49.478 [Test worker] DEBUG org.hibernate.cfg.Ejb3Column - Binding column: Ejb3JoinColumn{logicalColumnName='null', referencedColumn='null', mappedBy=''}
15:48:49.478 [Test worker] DEBUG org.hibernate.cfg.Ejb3Column - Binding column: Ejb3JoinColumn{logicalColumnName='null', referencedColumn='null', mappedBy=''}
15:48:49.478 [Test worker] DEBUG org.hibernate.cfg.annotations.CollectionBinder - Collection role: com.epam.esm.model.entity.OrderEntity.certificateEntities
15:48:49.478 [Test worker] DEBUG org.hibernate.cfg.annotations.PropertyBinder - Building property certificateEntities
15:48:49.478 [Test worker] DEBUG org.hibernate.cfg.Ejb3Column - Binding column: Ejb3Column{table=org.hibernate.mapping.Table(OrderEntity), mappingColumn=purchaseDate, insertable=true, updatable=true, unique=false}
15:48:49.478 [Test worker] DEBUG org.hibernate.cfg.annotations.PropertyBinder - MetadataSourceProcessor property purchaseDate with lazy=false
15:48:49.478 [Test worker] DEBUG org.hibernate.cfg.AbstractPropertyHolder - Attempting to locate auto-apply AttributeConverter for property [com.epam.esm.model.entity.OrderEntity:purchaseDate]
15:48:49.478 [Test worker] DEBUG org.hibernate.cfg.annotations.SimpleValueBinder - building SimpleValue for purchaseDate
15:48:49.479 [Test worker] DEBUG org.hibernate.cfg.annotations.PropertyBinder - Building property purchaseDate
15:48:49.479 [Test worker] DEBUG org.hibernate.cfg.Ejb3Column - Binding column: Ejb3Column{table=org.hibernate.mapping.Table(OrderEntity), mappingColumn=summary, insertable=true, updatable=true, unique=false}
15:48:49.479 [Test worker] DEBUG org.hibernate.cfg.annotations.PropertyBinder - MetadataSourceProcessor property summary with lazy=false
15:48:49.479 [Test worker] DEBUG org.hibernate.cfg.AbstractPropertyHolder - Attempting to locate auto-apply AttributeConverter for property [com.epam.esm.model.entity.OrderEntity:summary]
15:48:49.479 [Test worker] DEBUG org.hibernate.cfg.annotations.SimpleValueBinder - building SimpleValue for summary
15:48:49.479 [Test worker] DEBUG org.hibernate.cfg.annotations.PropertyBinder - Building property summary
15:48:49.479 [Test worker] DEBUG org.hibernate.cfg.AnnotationBinder - Binding entity from annotated class: com.epam.esm.model.entity.TagEntity
15:48:49.479 [Test worker] DEBUG org.hibernate.cfg.Ejb3Column - Binding column: Ejb3DiscriminatorColumn{logicalColumnName'DTYPE', discriminatorTypeName='string'}
15:48:49.479 [Test worker] DEBUG org.hibernate.cfg.annotations.EntityBinder - Import with entity name TagEntity
15:48:49.479 [Test worker] DEBUG org.hibernate.cfg.annotations.EntityBinder - Bind entity com.epam.esm.model.entity.TagEntity on table TagEntity
15:48:49.480 [Test worker] DEBUG org.hibernate.cfg.Ejb3Column - Binding column: Ejb3Column{table=org.hibernate.mapping.Table(TagEntity), mappingColumn=id, insertable=true, updatable=true, unique=false}
15:48:49.480 [Test worker] DEBUG org.hibernate.boot.internal.ClassLoaderAccessImpl - Not known whether passed class name [com.epam.esm.model.entity.TagEntity] is safe
15:48:49.480 [Test worker] DEBUG org.hibernate.boot.internal.ClassLoaderAccessImpl - No temp ClassLoader provided; using live ClassLoader for loading potentially unsafe class : com.epam.esm.model.entity.TagEntity
15:48:49.480 [Test worker] DEBUG org.hibernate.cfg.annotations.PropertyBinder - MetadataSourceProcessor property id with lazy=false
15:48:49.480 [Test worker] DEBUG org.hibernate.cfg.AbstractPropertyHolder - Attempting to locate auto-apply AttributeConverter for property [com.epam.esm.model.entity.TagEntity:id]
15:48:49.481 [Test worker] DEBUG org.hibernate.cfg.annotations.SimpleValueBinder - building SimpleValue for id
15:48:49.481 [Test worker] DEBUG org.hibernate.cfg.annotations.PropertyBinder - Building property id
15:48:49.481 [Test worker] DEBUG org.hibernate.cfg.BinderHelper - #makeIdGenerator(org.hibernate.mapping.SimpleValue([org.hibernate.mapping.Column(id)]), id, identity, , ...)
15:48:49.481 [Test worker] DEBUG org.hibernate.cfg.Ejb3Column - Binding column: Ejb3Column{table=org.hibernate.mapping.Table(TagEntity), mappingColumn=name, insertable=true, updatable=true, unique=true}
15:48:49.481 [Test worker] DEBUG org.hibernate.cfg.annotations.PropertyBinder - MetadataSourceProcessor property name with lazy=false
15:48:49.481 [Test worker] DEBUG org.hibernate.cfg.AbstractPropertyHolder - Attempting to locate auto-apply AttributeConverter for property [com.epam.esm.model.entity.TagEntity:name]
15:48:49.481 [Test worker] DEBUG org.hibernate.cfg.annotations.SimpleValueBinder - building SimpleValue for name
15:48:49.481 [Test worker] DEBUG org.hibernate.cfg.annotations.PropertyBinder - Building property name
15:48:49.481 [Test worker] DEBUG org.hibernate.cfg.AnnotationBinder - Binding entity from annotated class: com.epam.esm.model.entity.UserEntity
15:48:49.482 [Test worker] DEBUG org.hibernate.cfg.Ejb3Column - Binding column: Ejb3DiscriminatorColumn{logicalColumnName'DTYPE', discriminatorTypeName='string'}
15:48:49.482 [Test worker] DEBUG org.hibernate.cfg.annotations.EntityBinder - Import with entity name UserEntity
15:48:49.482 [Test worker] DEBUG org.hibernate.cfg.annotations.EntityBinder - Bind entity com.epam.esm.model.entity.UserEntity on table UserEntity
15:48:49.483 [Test worker] DEBUG org.hibernate.cfg.Ejb3Column - Binding column: Ejb3Column{table=org.hibernate.mapping.Table(UserEntity), mappingColumn=id, insertable=true, updatable=true, unique=false}
15:48:49.484 [Test worker] DEBUG org.hibernate.boot.internal.ClassLoaderAccessImpl - Not known whether passed class name [com.epam.esm.model.entity.UserEntity] is safe
15:48:49.484 [Test worker] DEBUG org.hibernate.boot.internal.ClassLoaderAccessImpl - No temp ClassLoader provided; using live ClassLoader for loading potentially unsafe class : com.epam.esm.model.entity.UserEntity
15:48:49.484 [Test worker] DEBUG org.hibernate.cfg.annotations.PropertyBinder - MetadataSourceProcessor property id with lazy=false
15:48:49.484 [Test worker] DEBUG org.hibernate.cfg.AbstractPropertyHolder - Attempting to locate auto-apply AttributeConverter for property [com.epam.esm.model.entity.UserEntity:id]
15:48:49.484 [Test worker] DEBUG org.hibernate.cfg.annotations.SimpleValueBinder - building SimpleValue for id
15:48:49.484 [Test worker] DEBUG org.hibernate.cfg.annotations.PropertyBinder - Building property id
15:48:49.484 [Test worker] DEBUG org.hibernate.cfg.BinderHelper - #makeIdGenerator(org.hibernate.mapping.SimpleValue([org.hibernate.mapping.Column(id)]), id, identity, , ...)
15:48:49.484 [Test worker] DEBUG org.hibernate.cfg.Ejb3Column - Binding column: Ejb3JoinColumn{logicalColumnName='null', referencedColumn='null', mappedBy=''}
15:48:49.484 [Test worker] DEBUG org.hibernate.cfg.Ejb3Column - Binding column: Ejb3Column{table=org.hibernate.mapping.Table(UserEntity), mappingColumn=orderEntities, insertable=true, updatable=true, unique=false}
15:48:49.485 [Test worker] DEBUG org.hibernate.cfg.Ejb3Column - Binding column: Ejb3Column{table=org.hibernate.mapping.Table(UserEntity), mappingColumn=null, insertable=true, updatable=true, unique=false}
15:48:49.485 [Test worker] DEBUG org.hibernate.cfg.Ejb3Column - Binding column: Ejb3Column{table=org.hibernate.mapping.Table(UserEntity), mappingColumn=element, insertable=true, updatable=true, unique=false}
15:48:49.485 [Test worker] DEBUG org.hibernate.cfg.Ejb3Column - Binding column: Ejb3Column{table=org.hibernate.mapping.Table(UserEntity), mappingColumn=orderEntities_KEY, insertable=true, updatable=true, unique=false}
15:48:49.485 [Test worker] DEBUG org.hibernate.cfg.Ejb3Column - Binding column: Ejb3JoinColumn{logicalColumnName='orderEntities_KEY', referencedColumn='null', mappedBy='null'}
15:48:49.485 [Test worker] DEBUG org.hibernate.cfg.Ejb3Column - Binding column: Ejb3JoinColumn{logicalColumnName='null', referencedColumn='null', mappedBy=''}
15:48:49.485 [Test worker] DEBUG org.hibernate.cfg.Ejb3Column - Binding column: Ejb3JoinColumn{logicalColumnName='null', referencedColumn='null', mappedBy=''}
15:48:49.485 [Test worker] DEBUG org.hibernate.cfg.annotations.CollectionBinder - Collection role: com.epam.esm.model.entity.UserEntity.orderEntities
15:48:49.485 [Test worker] DEBUG org.hibernate.cfg.annotations.PropertyBinder - Building property orderEntities
15:48:49.485 [Test worker] DEBUG org.hibernate.cfg.Ejb3Column - Binding column: Ejb3Column{table=org.hibernate.mapping.Table(UserEntity), mappingColumn=username, insertable=true, updatable=true, unique=false}
15:48:49.486 [Test worker] DEBUG org.hibernate.cfg.annotations.PropertyBinder - MetadataSourceProcessor property username with lazy=false
15:48:49.486 [Test worker] DEBUG org.hibernate.cfg.AbstractPropertyHolder - Attempting to locate auto-apply AttributeConverter for property [com.epam.esm.model.entity.UserEntity:username]
15:48:49.486 [Test worker] DEBUG org.hibernate.cfg.annotations.SimpleValueBinder - building SimpleValue for username
15:48:49.486 [Test worker] DEBUG org.hibernate.cfg.annotations.PropertyBinder - Building property username
15:48:49.487 [Test worker] DEBUG org.hibernate.cfg.annotations.SimpleValueBinder - Starting fillSimpleValue for id
15:48:49.488 [Test worker] DEBUG org.hibernate.cfg.annotations.SimpleValueBinder - Starting fillSimpleValue for createDate
15:48:49.488 [Test worker] DEBUG org.hibernate.cfg.annotations.SimpleValueBinder - Starting fillSimpleValue for description
15:48:49.488 [Test worker] DEBUG org.hibernate.cfg.annotations.SimpleValueBinder - Starting fillSimpleValue for duration
15:48:49.488 [Test worker] DEBUG org.hibernate.cfg.annotations.SimpleValueBinder - Starting fillSimpleValue for lastUpdateDate
15:48:49.488 [Test worker] DEBUG org.hibernate.cfg.annotations.SimpleValueBinder - Starting fillSimpleValue for name
15:48:49.488 [Test worker] DEBUG org.hibernate.cfg.annotations.SimpleValueBinder - Starting fillSimpleValue for price
15:48:49.488 [Test worker] DEBUG org.hibernate.cfg.annotations.SimpleValueBinder - Starting fillSimpleValue for id
15:48:49.488 [Test worker] DEBUG org.hibernate.cfg.annotations.SimpleValueBinder - Starting fillSimpleValue for purchaseDate
15:48:49.488 [Test worker] DEBUG org.hibernate.cfg.annotations.SimpleValueBinder - Starting fillSimpleValue for summary
15:48:49.488 [Test worker] DEBUG org.hibernate.cfg.annotations.SimpleValueBinder - Starting fillSimpleValue for id
15:48:49.488 [Test worker] DEBUG org.hibernate.cfg.annotations.SimpleValueBinder - Starting fillSimpleValue for name
15:48:49.488 [Test worker] DEBUG org.hibernate.cfg.annotations.SimpleValueBinder - Starting fillSimpleValue for id
15:48:49.488 [Test worker] DEBUG org.hibernate.cfg.annotations.SimpleValueBinder - Starting fillSimpleValue for username
15:48:49.490 [Test worker] DEBUG org.hibernate.mapping.PrimaryKey - Forcing column [id] to be non-null as it is part of the primary key for table [certificateentity]
15:48:49.490 [Test worker] DEBUG org.hibernate.mapping.PrimaryKey - Forcing column [id] to be non-null as it is part of the primary key for table [orderentity]
15:48:49.490 [Test worker] DEBUG org.hibernate.mapping.PrimaryKey - Forcing column [id] to be non-null as it is part of the primary key for table [tagentity]
15:48:49.490 [Test worker] DEBUG org.hibernate.mapping.PrimaryKey - Forcing column [id] to be non-null as it is part of the primary key for table [userentity]
15:48:49.490 [Test worker] DEBUG org.hibernate.cfg.CollectionSecondPass - Second pass for collection: com.epam.esm.model.entity.UserEntity.orderEntities
15:48:49.491 [Test worker] DEBUG org.hibernate.cfg.annotations.CollectionBinder - Binding a OneToMany: com.epam.esm.model.entity.UserEntity.orderEntities through an association table
15:48:49.501 [Test worker] DEBUG org.hibernate.cfg.CollectionSecondPass - Mapped collection key: UserEntity_id, element: orderEntities_id
15:48:49.501 [Test worker] DEBUG org.hibernate.cfg.CollectionSecondPass - Second pass for collection: com.epam.esm.model.entity.OrderEntity.certificateEntities
15:48:49.501 [Test worker] DEBUG org.hibernate.cfg.annotations.CollectionBinder - Binding as ManyToMany: com.epam.esm.model.entity.OrderEntity.certificateEntities
15:48:49.502 [Test worker] DEBUG org.hibernate.cfg.CollectionSecondPass - Mapped collection key: OrderEntity_id, element: certificateEntities_id
15:48:49.502 [Test worker] DEBUG org.hibernate.cfg.CollectionSecondPass - Second pass for collection: com.epam.esm.model.entity.CertificateEntity.tagEntities
15:48:49.502 [Test worker] DEBUG org.hibernate.cfg.annotations.CollectionBinder - Binding as ManyToMany: com.epam.esm.model.entity.CertificateEntity.tagEntities
15:48:49.502 [Test worker] DEBUG org.hibernate.cfg.CollectionSecondPass - Mapped collection key: CertificateEntity_id, element: tagEntities_id
15:48:49.503 [Test worker] DEBUG org.hibernate.boot.internal.InFlightMetadataCollectorImpl - Resolving reference to class: com.epam.esm.model.entity.TagEntity
15:48:49.505 [Test worker] DEBUG org.hibernate.boot.internal.InFlightMetadataCollectorImpl - Resolving reference to class: com.epam.esm.model.entity.CertificateEntity
15:48:49.505 [Test worker] DEBUG org.hibernate.boot.internal.InFlightMetadataCollectorImpl - Resolving reference to class: com.epam.esm.model.entity.CertificateEntity
15:48:49.506 [Test worker] DEBUG org.hibernate.boot.internal.InFlightMetadataCollectorImpl - Resolving reference to class: com.epam.esm.model.entity.OrderEntity
15:48:49.506 [Test worker] DEBUG org.hibernate.boot.internal.InFlightMetadataCollectorImpl - Resolving reference to class: com.epam.esm.model.entity.OrderEntity
15:48:49.506 [Test worker] DEBUG org.hibernate.boot.internal.InFlightMetadataCollectorImpl - Resolving reference to class: com.epam.esm.model.entity.UserEntity
15:48:49.509 [Test worker] DEBUG org.hibernate.boot.internal.InFlightMetadataCollectorImpl - Resolving reference to class: com.epam.esm.model.entity.TagEntity
15:48:49.509 [Test worker] DEBUG org.hibernate.boot.internal.InFlightMetadataCollectorImpl - Resolving reference to class: com.epam.esm.model.entity.CertificateEntity
15:48:49.509 [Test worker] DEBUG org.hibernate.boot.internal.InFlightMetadataCollectorImpl - Resolving reference to class: com.epam.esm.model.entity.CertificateEntity
15:48:49.509 [Test worker] DEBUG org.hibernate.boot.internal.InFlightMetadataCollectorImpl - Resolving reference to class: com.epam.esm.model.entity.OrderEntity
15:48:49.510 [Test worker] DEBUG org.hibernate.boot.internal.InFlightMetadataCollectorImpl - Resolving reference to class: com.epam.esm.model.entity.OrderEntity
15:48:49.510 [Test worker] DEBUG org.hibernate.boot.internal.InFlightMetadataCollectorImpl - Resolving reference to class: com.epam.esm.model.entity.UserEntity
15:48:49.543 [Test worker] DEBUG org.hibernate.internal.SessionFactoryImpl - Building session factory
15:48:49.544 [Test worker] DEBUG org.hibernate.cfg.Settings - SessionFactory name : null
15:48:49.544 [Test worker] DEBUG org.hibernate.cfg.Settings - Automatic flush during beforeCompletion(): enabled
15:48:49.544 [Test worker] DEBUG org.hibernate.cfg.Settings - Automatic session close at end of transaction: disabled
15:48:49.544 [Test worker] DEBUG org.hibernate.cfg.Settings - Statistics: enabled
15:48:49.544 [Test worker] DEBUG org.hibernate.cfg.Settings - Deleted entity synthetic identifier rollback: disabled
15:48:49.544 [Test worker] DEBUG org.hibernate.cfg.Settings - Default entity-mode: pojo
15:48:49.545 [Test worker] DEBUG org.hibernate.cfg.Settings - Check Nullability in Core (should be disabled when Bean Validation is on): enabled
15:48:49.545 [Test worker] DEBUG org.hibernate.cfg.Settings - Allow initialization of lazy state outside session : disabled
15:48:49.545 [Test worker] DEBUG org.hibernate.cfg.Settings - Using BatchFetchStyle : LEGACY
15:48:49.545 [Test worker] DEBUG org.hibernate.cfg.Settings - Default batch fetch size: -1
15:48:49.545 [Test worker] DEBUG org.hibernate.cfg.Settings - Maximum outer join fetch depth: null
15:48:49.545 [Test worker] DEBUG org.hibernate.cfg.Settings - Default null ordering: NONE
15:48:49.545 [Test worker] DEBUG org.hibernate.cfg.Settings - Order SQL updates by primary key: disabled
15:48:49.545 [Test worker] DEBUG org.hibernate.cfg.Settings - Order SQL inserts for batching: disabled
15:48:49.545 [Test worker] DEBUG org.hibernate.cfg.Settings - multi-tenancy strategy : NONE
15:48:49.545 [Test worker] DEBUG org.hibernate.cfg.Settings - JTA Track by Thread: enabled
15:48:49.545 [Test worker] DEBUG org.hibernate.cfg.Settings - Query language substitutions: {}
15:48:49.545 [Test worker] DEBUG org.hibernate.cfg.Settings - Named query checking : enabled
15:48:49.546 [Test worker] DEBUG org.hibernate.cfg.Settings - Second-level cache: disabled
15:48:49.546 [Test worker] DEBUG org.hibernate.cfg.Settings - Second-level query cache: disabled
15:48:49.546 [Test worker] DEBUG org.hibernate.cfg.Settings - Second-level query cache factory: null
15:48:49.546 [Test worker] DEBUG org.hibernate.cfg.Settings - Second-level cache region prefix: null
15:48:49.546 [Test worker] DEBUG org.hibernate.cfg.Settings - Optimize second-level cache for minimal puts: disabled
15:48:49.546 [Test worker] DEBUG org.hibernate.cfg.Settings - Structured second-level cache entries: disabled
15:48:49.546 [Test worker] DEBUG org.hibernate.cfg.Settings - Second-level cache direct-reference entries: disabled
15:48:49.546 [Test worker] DEBUG org.hibernate.cfg.Settings - Automatic eviction of collection cache: disabled
15:48:49.546 [Test worker] DEBUG org.hibernate.cfg.Settings - JDBC batch size: 15
15:48:49.546 [Test worker] DEBUG org.hibernate.cfg.Settings - JDBC batch updates for versioned data: enabled
15:48:49.546 [Test worker] DEBUG org.hibernate.cfg.Settings - Scrollable result sets: enabled
15:48:49.546 [Test worker] DEBUG org.hibernate.cfg.Settings - Wrap result sets: disabled
15:48:49.546 [Test worker] DEBUG org.hibernate.cfg.Settings - JDBC3 getGeneratedKeys(): enabled
15:48:49.547 [Test worker] DEBUG org.hibernate.cfg.Settings - JDBC result set fetch size: null
15:48:49.547 [Test worker] DEBUG org.hibernate.cfg.Settings - Connection release mode: ON_CLOSE
15:48:49.547 [Test worker] DEBUG org.hibernate.cfg.Settings - Generate SQL with comments: disabled
15:48:49.547 [Test worker] DEBUG org.hibernate.cfg.Settings - JPA compliance - query : disabled
15:48:49.547 [Test worker] DEBUG org.hibernate.cfg.Settings - JPA compliance - closed-handling : disabled
15:48:49.547 [Test worker] DEBUG org.hibernate.cfg.Settings - JPA compliance - lists : disabled
15:48:49.547 [Test worker] DEBUG org.hibernate.cfg.Settings - JPA compliance - transactions : disabled
15:48:49.612 [Test worker] DEBUG org.hibernate.internal.SessionFactoryImpl - Session factory constructed with filter configurations : {}
15:48:49.613 [Test worker] DEBUG org.hibernate.internal.SessionFactoryImpl - Instantiating session factory with properties: {java.specification.version=13, hibernate.connection.handling_mode=DELAYED_ACQUISITION_AND_HOLD, sun.jnu.encoding=UTF-8, hibernate.dialect=org.hibernate.dialect.H2Dialect, org.gradle.test.worker=5, java.class.path=/home/razor/.gradle/caches/7.1/workerMain/gradle-worker.jar:/home/razor/Lab/task3/ThirdModule/core/build/classes/java/test:/home/razor/Lab/task3/ThirdModule/core/build/resources/test:/home/razor/Lab/task3/ThirdModule/core/build/classes/java/main:/home/razor/Lab/task3/ThirdModule/core/build/resources/main:/home/razor/Lab/task3/ThirdModule/dao/build/classes/java/main:/home/razor/Lab/task3/ThirdModule/dao/build/resources/main:/home/razor/Lab/task3/ThirdModule/dao/build/classes/java/test:/home/razor/Lab/task3/ThirdModule/dao/build/resources/test:/home/razor/.gradle/caches/modules-2/files-2.1/mysql/mysql-connector-java/8.0.27/f1da9f10a3de6348725a413304aab6d0aa04f923/mysql-connector-java-8.0.27.jar:/home/razor/.gradle/caches/modules-2/files-2.1/org.projectlombok/lombok/1.18.20/18bcea7d5df4d49227b4a0743a536208ce4825bb/lombok-1.18.20.jar:/home/razor/.gradle/caches/modules-2/files-2.1/com.fasterxml.jackson.dataformat/jackson-dataformat-xml/2.13.0-rc2/3914ae3e0c89353e694721a5472dde400c9de64c/jackson-dataformat-xml-2.13.0-rc2.jar:/home/razor/.gradle/caches/modules-2/files-2.1/com.fasterxml.jackson.datatype/jackson-datatype-jsr310/2.13.0-rc2/47f3b3c44ff24e74751deca7130b2135ec34d923/jackson-datatype-jsr310-2.13.0-rc2.jar:/home/razor/.gradle/caches/modules-2/files-2.1/com.fasterxml.jackson.core/jackson-databind/2.12.3/d6153f8fc60c479ab0f9efb35c034526436a4953/jackson-databind-2.12.3.jar:/home/razor/.gradle/caches/modules-2/files-2.1/com.fasterxml.jackson.core/jackson-core/2.12.3/deb23fe2a7f2b773e18ced2b50d4acc1df8fa366/jackson-core-2.12.3.jar:/home/razor/.gradle/caches/modules-2/files-2.1/com.fasterxml.jackson.core/jackson-annotations/2.12.3/7275513412694a1aafd08c0287f48469fa0e6e17/jackson-annotations-2.12.3.jar:/home/razor/.gradle/caches/modules-2/files-2.1/junit/junit/4.13.1/cdd00374f1fee76b11e2a9d127405aa3f6be5b6a/junit-4.13.1.jar:/home/razor/.gradle/caches/modules-2/files-2.1/org.springframework.boot/spring-boot-starter-validation/2.5.5/5d9a4fc7abc28d797418013787dbc6ff548d0767/spring-boot-starter-validation-2.5.5.jar:/home/razor/.gradle/caches/modules-2/files-2.1/org.springframework.boot/spring-boot-starter-test/2.5.2/226e09262316b1ff101797346b2ca56432880353/spring-boot-starter-test-2.5.2.jar:/home/razor/.gradle/caches/modules-2/files-2.1/org.springframework.boot/spring-boot-starter-data-jpa/2.5.6/8d7fe99c33e09390316749614d9795d80b49207b/spring-boot-starter-data-jpa-2.5.6.jar:/home/razor/.gradle/caches/modules-2/files-2.1/org.springframework.boot/spring-boot-starter-aop/2.5.2/1877448bb875154c2558e385f4590c648ada5f11/spring-boot-starter-aop-2.5.2.jar:/home/razor/.gradle/caches/modules-2/files-2.1/org.springframework.boot/spring-boot-starter-jdbc/2.5.2/de9142ad6a67d2ec7d58465ab8d2fcf759f24d25/spring-boot-starter-jdbc-2.5.2.jar:/home/razor/.gradle/caches/modules-2/files-2.1/org.springframework.boot/spring-boot-starter/2.5.2/5aa5345f60cd3fbca331c05015e0700553448d66/spring-boot-starter-2.5.2.jar:/home/razor/.gradle/caches/modules-2/files-2.1/com.h2database/h2/1.4.200/f7533fe7cb8e99c87a43d325a77b4b678ad9031a/h2-1.4.200.jar:/home/razor/.gradle/caches/modules-2/files-2.1/org.hamcrest/hamcrest-core/2.2/3f2bd07716a31c395e2837254f37f21f0f0ab24b/hamcrest-core-2.2.jar:/home/razor/.gradle/caches/modules-2/files-2.1/org.springframework.boot/spring-boot-test-autoconfigure/2.5.2/223f1311f59eecfd24980f9776bb39e1fef92c0e/spring-boot-test-autoconfigure-2.5.2.jar:/home/razor/.gradle/caches/modules-2/files-2.1/org.springframework.boot/spring-boot-autoconfigure/2.5.2/aa924c5d0d375f4b2b66f211704c24d40a7e647b/spring-boot-autoconfigure-2.5.2.jar:/home/razor/.gradle/caches/modules-2/files-2.1/org.springframework.boot/spring-boot-test/2.5.2/477509ac730e2fb8fe67c0d9f2d0bca21c4316df/spring-boot-test-2.5.2.jar:/home/razor/.gradle/caches/modules-2/files-2.1/org.springframework.boot/spring-boot/2.5.2/bd6dc87b5ad870dbf635d0c7d9a3006666c9e797/spring-boot-2.5.2.jar:/home/razor/.gradle/caches/modules-2/files-2.1/org.springframework.boot/spring-boot-starter-logging/2.5.2/8b94a1e350f68f8c3a7de6460e5691a84c8c157d/spring-boot-starter-logging-2.5.2.jar:/home/razor/.gradle/caches/modules-2/files-2.1/jakarta.annotation/jakarta.annotation-api/1.3.5/59eb84ee0d616332ff44aba065f3888cf002cd2d/jakarta.annotation-api-1.3.5.jar:/home/razor/.gradle/caches/modules-2/files-2.1/org.springframework.data/spring-data-jpa/2.5.2/37a27171338da87485cdf66a40596195433d1db/spring-data-jpa-2.5.2.jar:/home/razor/.gradle/caches/modules-2/files-2.1/org.springframework/spring-test/5.3.8/4ce3ee7725d4ecd13b5c52d67bb0a76173f8a34d/spring-test-5.3.8.jar:/home/razor/.gradle/caches/modules-2/files-2.1/org.springframework/spring-context/5.3.8/c367a05423e963c222e38a6a88b97d44de3880ca/spring-context-5.3.8.jar:/home/razor/.gradle/caches/modules-2/files-2.1/org.springframework/spring-aop/5.3.8/1377f80f938b1fc7eabe9e6c4f6895e77e3bec40/spring-aop-5.3.8.jar:/home/razor/.gradle/caches/modules-2/files-2.1/org.springframework/spring-orm/5.3.8/bac8889d4621f2f47ee2b118ebbddf61dd299239/spring-orm-5.3.8.jar:/home/razor/.gradle/caches/modules-2/files-2.1/org.springframework/spring-jdbc/5.3.8/cf8b7a2be3565eed94f575ae640e22d9357c7dcd/spring-jdbc-5.3.8.jar:/home/razor/.gradle/caches/modules-2/files-2.1/org.springframework.data/spring-data-commons/2.5.2/25a00968c046736667e086ed9fd254f0e26e7ffc/spring-data-commons-2.5.2.jar:/home/razor/.gradle/caches/modules-2/files-2.1/org.springframework/spring-tx/5.3.8/3202859a7e9560110f1fe8284c28feb009c6f460/spring-tx-5.3.8.jar:/home/razor/.gradle/caches/modules-2/files-2.1/org.springframework/spring-beans/5.3.8/3d66fed1eebfcd119efcabc6218c813700a21ed/spring-beans-5.3.8.jar:/home/razor/.gradle/caches/modules-2/files-2.1/org.springframework/spring-expression/5.3.8/8a14547b76cbae3aeb02739e5b38e71835a6bbd8/spring-expression-5.3.8.jar:/home/razor/.gradle/caches/modules-2/files-2.1/org.springframework/spring-core/5.3.8/da9b87dacaa5bbf80fad0f7b483988372a00a152/spring-core-5.3.8.jar:/home/razor/.gradle/caches/modules-2/files-2.1/org.yaml/snakeyaml/1.28/7cae037c3014350c923776548e71c9feb7a69259/snakeyaml-1.28.jar:/home/razor/.gradle/caches/modules-2/files-2.1/jakarta.transaction/jakarta.transaction-api/1.3.3/c4179d48720a1e87202115fbed6089bdc4195405/jakarta.transaction-api-1.3.3.jar:/home/razor/.gradle/caches/modules-2/files-2.1/jakarta.persistence/jakarta.persistence-api/2.2.3/8f6ea5daedc614f07a3654a455660145286f024e/jakarta.persistence-api-2.2.3.jar:/home/razor/.gradle/caches/modules-2/files-2.1/org.hibernate/hibernate-core/5.4.32.Final/99a5e10bf455337014c190e141ec631e9ff71663/hibernate-core-5.4.32.Final.jar:/home/razor/.gradle/caches/modules-2/files-2.1/org.springframework/spring-aspects/5.3.8/863f531cc3ea9d82d391d17c8eb33732e7a864b6/spring-aspects-5.3.8.jar:/home/razor/.gradle/caches/modules-2/files-2.1/com.fasterxml.woodstox/woodstox-core/6.2.6/d4a055af5dcadea8d1bded5b64bc7be5bb7fea95/woodstox-core-6.2.6.jar:/home/razor/.gradle/caches/modules-2/files-2.1/org.codehaus.woodstox/stax2-api/4.2.1/a3f7325c52240418c2ba257b103c3c550e140c83/stax2-api-4.2.1.jar:/home/razor/.gradle/caches/modules-2/files-2.1/org.apache.tomcat.embed/tomcat-embed-el/9.0.48/c46a092831493ccf65674cb19235625853ceb3d4/tomcat-embed-el-9.0.48.jar:/home/razor/.gradle/caches/modules-2/files-2.1/org.hibernate.validator/hibernate-validator/6.2.0.Final/d6b0760dfffbf379cedd02f715ff4c9a2e215921/hibernate-validator-6.2.0.Final.jar:/home/razor/.gradle/caches/modules-2/files-2.1/com.jayway.jsonpath/json-path/2.5.0/c35ef29095125b51638d19120f63e2b56eff20e9/json-path-2.5.0.jar:/home/razor/.gradle/caches/modules-2/files-2.1/org.glassfish.jaxb/jaxb-runtime/2.3.4/5f3828d3a345ff3d8acb83f07ba04eccf59e15bb/jaxb-runtime-2.3.4.jar:/home/razor/.gradle/caches/modules-2/files-2.1/jakarta.xml.bind/jakarta.xml.bind-api/2.3.3/48e3b9cfc10752fba3521d6511f4165bea951801/jakarta.xml.bind-api-2.3.3.jar:/home/razor/.gradle/caches/modules-2/files-2.1/org.assertj/assertj-core/3.19.0/f64cb5690b85e68d5e1e6c6152bfb6e3840a452d/assertj-core-3.19.0.jar:/home/razor/.gradle/caches/modules-2/files-2.1/org.hamcrest/hamcrest/2.2/1820c0968dba3a11a1b30669bb1f01978a91dedc/hamcrest-2.2.jar:/home/razor/.gradle/caches/modules-2/files-2.1/org.mockito/mockito-junit-jupiter/3.9.0/871745ab6af5a269411ea3c1f99ced82ed079436/mockito-junit-jupiter-3.9.0.jar:/home/razor/.gradle/caches/modules-2/files-2.1/org.junit.jupiter/junit-jupiter-params/5.7.2/685f832f8c54dd40100f646d61aca88ed9545421/junit-jupiter-params-5.7.2.jar:/home/razor/.gradle/caches/modules-2/files-2.1/org.junit.jupiter/junit-jupiter-engine/5.7.2/9415680a889f00b8205a094c5c487bc69dc7077d/junit-jupiter-engine-5.7.2.jar:/home/razor/.gradle/caches/modules-2/files-2.1/org.junit.jupiter/junit-jupiter-api/5.7.2/f4b4079732a9c537983324cfa4e46655f21d2c56/junit-jupiter-api-5.7.2.jar:/home/razor/.gradle/caches/modules-2/files-2.1/org.junit.platform/junit-platform-engine/1.7.2/2573770b46b8a199ed5f6b0f96fb99e468bfe891/junit-platform-engine-1.7.2.jar:/home/razor/.gradle/caches/modules-2/files-2.1/org.junit.platform/junit-platform-commons/1.7.2/34adfea6c13fc4a996cf38cdad80800ce850d198/junit-platform-commons-1.7.2.jar:/home/razor/.gradle/caches/modules-2/files-2.1/org.junit.jupiter/junit-jupiter/5.7.2/62faa742964a9d8dab8fdb4a0eab7b01441c171f/junit-jupiter-5.7.2.jar:/home/razor/.gradle/caches/modules-2/files-2.1/org.mockito/mockito-core/3.9.0/b7573430aea743b26434b44f4f46272af613e660/mockito-core-3.9.0.jar:/home/razor/.gradle/caches/modules-2/files-2.1/org.skyscreamer/jsonassert/1.5.0/6c9d5fe2f59da598d9aefc1cfc6528ff3cf32df3/jsonassert-1.5.0.jar:/home/razor/.gradle/caches/modules-2/files-2.1/org.xmlunit/xmlunit-core/2.8.2/8e4e46b87afaaf9b6cfb8de778e473cf7aeb087f/xmlunit-core-2.8.2.jar:/home/razor/.gradle/caches/modules-2/files-2.1/ch.qos.logback/logback-classic/1.2.3/7c4f3c474fb2c041d8028740440937705ebb473a/logback-classic-1.2.3.jar:/home/razor/.gradle/caches/modules-2/files-2.1/org.apache.logging.log4j/log4j-to-slf4j/2.14.1/ce8a86a3f50a4304749828ce68e7478cafbc8039/log4j-to-slf4j-2.14.1.jar:/home/razor/.gradle/caches/modules-2/files-2.1/org.slf4j/jul-to-slf4j/1.7.31/f9ff62d83a25a94c1619de06d4015e2797bc849c/jul-to-slf4j-1.7.31.jar:/home/razor/.gradle/caches/modules-2/files-2.1/org.springframework/spring-jcl/5.3.8/a143c8618eb2be8674c3cf132d9a5c953bb5488/spring-jcl-5.3.8.jar:/home/razor/.gradle/caches/modules-2/files-2.1/org.aspectj/aspectjweaver/1.9.6/ee3b73aa16df35179255f17354d9dfd8e7822835/aspectjweaver-1.9.6.jar:/home/razor/.gradle/caches/modules-2/files-2.1/com.zaxxer/HikariCP/4.0.3/107cbdf0db6780a065f895ae9d8fbf3bb0e1c21f/HikariCP-4.0.3.jar:/home/razor/.gradle/caches/modules-2/files-2.1/org.hibernate.common/hibernate-commons-annotations/5.1.2.Final/e59ffdbc6ad09eeb33507b39ffcf287679a498c8/hibernate-commons-annotations-5.1.2.Final.jar:/home/razor/.gradle/caches/modules-2/files-2.1/org.jboss.logging/jboss-logging/3.4.2.Final/e517b8a93dd9962ed5481345e4d262fdd47c4217/jboss-logging-3.4.2.Final.jar:/home/razor/.gradle/caches/modules-2/files-2.1/org.javassist/javassist/3.27.0-GA/f63e6aa899e15eca8fdaa402a79af4c417252213/javassist-3.27.0-GA.jar:/home/razor/.gradle/caches/modules-2/files-2.1/net.bytebuddy/byte-buddy/1.10.22/ef45d7e2cd1c600d279704f492ed5ce2ceb6cdb5/byte-buddy-1.10.22.jar:/home/razor/.gradle/caches/modules-2/files-2.1/antlr/antlr/2.7.7/83cd2cd674a217ade95a4bb83a8a14f351f48bd0/antlr-2.7.7.jar:/home/razor/.gradle/caches/modules-2/files-2.1/org.jboss/jandex/2.2.3.Final/d3865101f0666b63586683bd811d754517f331ab/jandex-2.2.3.Final.jar:/home/razor/.gradle/caches/modules-2/files-2.1/com.fasterxml/classmate/1.5.1/3fe0bed568c62df5e89f4f174c101eab25345b6c/classmate-1.5.1.jar:/home/razor/.gradle/caches/modules-2/files-2.1/org.dom4j/dom4j/2.1.3/a75914155a9f5808963170ec20653668a2ffd2fd/dom4j-2.1.3.jar:/home/razor/.gradle/caches/modules-2/files-2.1/org.slf4j/slf4j-api/1.7.31/9545c9cb71de4c18d97a91e32ef0be6f3f6661b7/slf4j-api-1.7.31.jar:/home/razor/.gradle/caches/modules-2/files-2.1/jakarta.validation/jakarta.validation-api/2.0.2/5eacc6522521f7eacb081f95cee1e231648461e7/jakarta.validation-api-2.0.2.jar:/home/razor/.gradle/caches/modules-2/files-2.1/net.minidev/json-smart/2.4.7/8d7f4c1530c07c54930935f3da85f48b83b3c109/json-smart-2.4.7.jar:/home/razor/.gradle/caches/modules-2/files-2.1/jakarta.activation/jakarta.activation-api/1.2.2/99f53adba383cb1bf7c3862844488574b559621f/jakarta.activation-api-1.2.2.jar:/home/razor/.gradle/caches/modules-2/files-2.1/net.bytebuddy/byte-buddy-agent/1.10.22/b01df6b71a882b9fde5a608a26e641cd399a4d83/byte-buddy-agent-1.10.22.jar:/home/razor/.gradle/caches/modules-2/files-2.1/org.objenesis/objenesis/3.2/7fadf57620c8b8abdf7519533e5527367cb51f09/objenesis-3.2.jar:/home/razor/.gradle/caches/modules-2/files-2.1/com.vaadin.external.google/android-json/0.0.20131108.vaadin1/fa26d351fe62a6a17f5cda1287c1c6110dec413f/android-json-0.0.20131108.vaadin1.jar:/home/razor/.gradle/caches/modules-2/files-2.1/ch.qos.logback/logback-core/1.2.3/864344400c3d4d92dfeb0a305dc87d953677c03c/logback-core-1.2.3.jar:/home/razor/.gradle/caches/modules-2/files-2.1/org.apache.logging.log4j/log4j-api/2.14.1/cd8858fbbde69f46bce8db1152c18a43328aae78/log4j-api-2.14.1.jar:/home/razor/.gradle/caches/modules-2/files-2.1/org.glassfish.jaxb/txw2/2.3.4/257fa649d3137a1060d222aefb96b7d1dd5f1286/txw2-2.3.4.jar:/home/razor/.gradle/caches/modules-2/files-2.1/com.sun.istack/istack-commons-runtime/3.0.12/cbbe1a62b0cc6c85972e99d52aaee350153dc530/istack-commons-runtime-3.0.12.jar:/home/razor/.gradle/caches/modules-2/files-2.1/com.sun.activation/jakarta.activation/1.2.2/74548703f9851017ce2f556066659438019e7eb5/jakarta.activation-1.2.2.jar:/home/razor/.gradle/caches/modules-2/files-2.1/net.minidev/accessors-smart/2.4.7/3970cfc505e6657ca60f3aa57c849f6043000d7a/accessors-smart-2.4.7.jar:/home/razor/.gradle/caches/modules-2/files-2.1/org.apiguardian/apiguardian-api/1.1.0/fc9dff4bb36d627bdc553de77e1f17efd790876c/apiguardian-api-1.1.0.jar:/home/razor/.gradle/caches/modules-2/files-2.1/org.opentest4j/opentest4j/1.2.0/28c11eb91f9b6d8e200631d46e20a7f407f2a046/opentest4j-1.2.0.jar:/home/razor/.gradle/caches/modules-2/files-2.1/org.ow2.asm/asm/9.1/a99500cf6eea30535eeac6be73899d048f8d12a8/asm-9.1.jar, java.vm.vendor=Private Build, sun.arch.data.model=64, user.variant=, java.vendor.url=Unknown, user.timezone=Europe/Minsk, java.vm.specification.version=13, os.name=Linux, hibernate.generate_statistics=true, javax.persistence.validation.mode=AUTO, user.country=US, sun.java.launcher=SUN_STANDARD, sun.boot.library.path=/usr/lib/jvm/java-13-openjdk-amd64/lib, sun.java.command=worker.org.gradle.process.internal.worker.GradleWorkerMain 'Gradle Test Executor 5', javax.persistence.nonJtaDataSource=org.springframework.jdbc.datasource.DriverManagerDataSource@30cb3156, javax.persistence.sharedCache.mode=UNSPECIFIED, jdk.debug=release, sun.cpu.endian=little, user.home=/home/razor, user.language=en, java.specification.vendor=Oracle Corporation, org.gradle.native=false, java.version.date=2021-04-20, java.home=/usr/lib/jvm/java-13-openjdk-amd64, file.separator=/, java.vm.compressedOopsMode=32-bit, line.separator=
, java.vm.specification.vendor=Oracle Corporation, java.specification.name=Java Platform API Specification, hibernate.transaction.coordinator_class=class org.hibernate.resource.transaction.backend.jdbc.internal.JdbcResourceLocalTransactionCoordinatorBuilderImpl, hibernate.hbm2ddl.auto=update, sun.management.compiler=HotSpot 64-Bit Tiered Compilers, java.runtime.version=13.0.7+5-Ubuntu-0ubuntu120.04, user.name=razor, path.separator=:, os.version=5.4.0-89-generic, java.runtime.name=OpenJDK Runtime Environment, file.encoding=UTF-8, hibernate.ejb.persistenceUnitName=default, java.vm.name=OpenJDK 64-Bit Server VM, hibernate.show_sql=true, java.vendor.url.bug=Unknown, java.io.tmpdir=/tmp, java.version=13.0.7, user.dir=/home/razor/Lab/task3/ThirdModule/core, os.arch=amd64, java.vm.specification.name=Java Virtual Machine Specification, org.gradle.internal.worker.tmpdir=/home/razor/Lab/task3/ThirdModule/core/build/tmp/test/work, hibernate.boot.CfgXmlAccessService.key=org.hibernate.boot.registry.StandardServiceRegistryBuilder$1@24231b4e, java.library.path=/usr/java/packages/lib:/usr/lib/x86_64-linux-gnu/jni:/lib/x86_64-linux-gnu:/usr/lib/x86_64-linux-gnu:/usr/lib/jni:/lib:/usr/lib, java.vendor=Private Build, java.vm.info=mixed mode, java.vm.version=13.0.7+5-Ubuntu-0ubuntu120.04, hibernate.bytecode.use_reflection_optimizer=false, sun.io.unicode.encoding=UnicodeLittle, hibernate.connection.datasource=org.springframework.jdbc.datasource.DriverManagerDataSource@30cb3156, java.class.version=57.0}
15:48:49.670 [Test worker] INFO org.hibernate.validator.internal.util.Version - HV000001: Hibernate Validator 6.2.0.Final
15:48:49.677 [Test worker] DEBUG org.hibernate.validator.internal.xml.config.ValidationXmlParser - Trying to load META-INF/validation.xml for XML based Validator configuration.
15:48:49.678 [Test worker] DEBUG org.hibernate.validator.internal.xml.config.ResourceLoaderHelper - Trying to load META-INF/validation.xml via TCCL
15:48:49.678 [Test worker] DEBUG org.hibernate.validator.internal.xml.config.ResourceLoaderHelper - Trying to load META-INF/validation.xml via Hibernate Validator's class loader
15:48:49.679 [Test worker] DEBUG org.hibernate.validator.internal.xml.config.ValidationXmlParser - No META-INF/validation.xml found. Using annotation based configuration only.
15:48:49.685 [Test worker] DEBUG org.hibernate.validator.internal.engine.resolver.TraversableResolvers - Found javax.persistence.Persistence on classpath containing 'getPersistenceUtil'. Assuming JPA 2 environment. Trying to instantiate JPA aware TraversableResolver
15:48:49.686 [Test worker] DEBUG org.hibernate.validator.internal.engine.resolver.TraversableResolvers - Instantiated JPA aware TraversableResolver of type org.hibernate.validator.internal.engine.resolver.JPATraversableResolver.
15:48:49.720 [Test worker] DEBUG org.hibernate.validator.messageinterpolation.ResourceBundleMessageInterpolator - Loaded expression factory via original TCCL
15:48:49.824 [Test worker] DEBUG org.hibernate.validator.internal.engine.ValidatorFactoryConfigurationHelper - HV000252: Using org.hibernate.validator.internal.engine.DefaultPropertyNodeNameProvider as property node name provider.
15:48:49.831 [Test worker] DEBUG org.hibernate.validator.internal.engine.ValidatorFactoryConfigurationHelper - HV000234: Using org.hibernate.validator.messageinterpolation.ResourceBundleMessageInterpolator as ValidatorFactory-scoped message interpolator.
15:48:49.831 [Test worker] DEBUG org.hibernate.validator.internal.engine.ValidatorFactoryConfigurationHelper - HV000234: Using org.hibernate.validator.internal.engine.resolver.JPATraversableResolver as ValidatorFactory-scoped traversable resolver.
15:48:49.831 [Test worker] DEBUG org.hibernate.validator.internal.engine.ValidatorFactoryConfigurationHelper - HV000234: Using org.hibernate.validator.internal.util.ExecutableParameterNameProvider as ValidatorFactory-scoped parameter name provider.
15:48:49.831 [Test worker] DEBUG org.hibernate.validator.internal.engine.ValidatorFactoryConfigurationHelper - HV000234: Using org.hibernate.validator.internal.engine.DefaultClockProvider as ValidatorFactory-scoped clock provider.
15:48:49.831 [Test worker] DEBUG org.hibernate.validator.internal.engine.ValidatorFactoryConfigurationHelper - HV000234: Using org.hibernate.validator.internal.engine.scripting.DefaultScriptEvaluatorFactory as ValidatorFactory-scoped script evaluator factory.
15:48:49.832 [Test worker] DEBUG org.hibernate.boot.internal.ClassLoaderAccessImpl - Not known whether passed class name [com.epam.esm.model.entity.CertificateEntity] is safe
15:48:49.832 [Test worker] DEBUG org.hibernate.boot.internal.ClassLoaderAccessImpl - No temp ClassLoader provided; using live ClassLoader for loading potentially unsafe class : com.epam.esm.model.entity.CertificateEntity
15:48:49.887 [Test worker] DEBUG org.hibernate.boot.internal.ClassLoaderAccessImpl - Not known whether passed class name [com.epam.esm.model.entity.TagEntity] is safe
15:48:49.887 [Test worker] DEBUG org.hibernate.boot.internal.ClassLoaderAccessImpl - No temp ClassLoader provided; using live ClassLoader for loading potentially unsafe class : com.epam.esm.model.entity.TagEntity
15:48:49.891 [Test worker] DEBUG org.hibernate.boot.internal.ClassLoaderAccessImpl - Not known whether passed class name [com.epam.esm.model.entity.UserEntity] is safe
15:48:49.891 [Test worker] DEBUG org.hibernate.boot.internal.ClassLoaderAccessImpl - No temp ClassLoader provided; using live ClassLoader for loading potentially unsafe class : com.epam.esm.model.entity.UserEntity
15:48:49.895 [Test worker] DEBUG org.hibernate.boot.internal.ClassLoaderAccessImpl - Not known whether passed class name [com.epam.esm.model.entity.OrderEntity] is safe
15:48:49.895 [Test worker] DEBUG org.hibernate.boot.internal.ClassLoaderAccessImpl - No temp ClassLoader provided; using live ClassLoader for loading potentially unsafe class : com.epam.esm.model.entity.OrderEntity
15:48:49.903 [Test worker] DEBUG org.hibernate.secure.spi.JaccIntegrator - Skipping JACC integration as it was not enabled
15:48:49.903 [Test worker] DEBUG org.hibernate.internal.SessionFactoryImpl - Instantiated session factory
15:48:49.904 [Test worker] DEBUG org.hibernate.type.spi.TypeConfiguration$Scope - Scoping TypeConfiguration [org.hibernate.type.spi.TypeConfiguration@6d42a483] to SessionFactoryImpl [org.hibernate.internal.SessionFactoryImpl@4a14b554]
15:48:49.942 [Test worker] DEBUG org.hibernate.boot.internal.ClassLoaderAccessImpl - Not known whether passed class name [com.epam.esm.model.entity.CertificateEntity] is safe
15:48:49.942 [Test worker] DEBUG org.hibernate.boot.internal.ClassLoaderAccessImpl - No temp ClassLoader provided; using live ClassLoader for loading potentially unsafe class : com.epam.esm.model.entity.CertificateEntity
15:48:50.105 [Test worker] DEBUG org.hibernate.boot.internal.ClassLoaderAccessImpl - Not known whether passed class name [com.epam.esm.model.entity.TagEntity] is safe
15:48:50.106 [Test worker] DEBUG org.hibernate.boot.internal.ClassLoaderAccessImpl - No temp ClassLoader provided; using live ClassLoader for loading potentially unsafe class : com.epam.esm.model.entity.TagEntity
15:48:50.115 [Test worker] DEBUG org.hibernate.boot.internal.ClassLoaderAccessImpl - Not known whether passed class name [com.epam.esm.model.entity.UserEntity] is safe
15:48:50.115 [Test worker] DEBUG org.hibernate.boot.internal.ClassLoaderAccessImpl - No temp ClassLoader provided; using live ClassLoader for loading potentially unsafe class : com.epam.esm.model.entity.UserEntity
15:48:50.125 [Test worker] DEBUG org.hibernate.boot.internal.ClassLoaderAccessImpl - Not known whether passed class name [com.epam.esm.model.entity.OrderEntity] is safe
15:48:50.125 [Test worker] DEBUG org.hibernate.boot.internal.ClassLoaderAccessImpl - No temp ClassLoader provided; using live ClassLoader for loading potentially unsafe class : com.epam.esm.model.entity.OrderEntity
15:48:50.143 [Test worker] DEBUG org.hibernate.persister.collection.AbstractCollectionPersister - Static SQL for collection: com.epam.esm.model.entity.OrderEntity.certificateEntities
15:48:50.143 [Test worker] DEBUG org.hibernate.persister.collection.AbstractCollectionPersister -  Row insert: insert into OrderEntity_CertificateEntity (OrderEntity_id, certificateEntities_id) values (?, ?)
15:48:50.143 [Test worker] DEBUG org.hibernate.persister.collection.AbstractCollectionPersister -  Row update: update OrderEntity_CertificateEntity set certificateEntities_id=? where OrderEntity_id=? and certificateEntities_id=?
15:48:50.143 [Test worker] DEBUG org.hibernate.persister.collection.AbstractCollectionPersister -  Row delete: delete from OrderEntity_CertificateEntity where OrderEntity_id=? and certificateEntities_id=?
15:48:50.143 [Test worker] DEBUG org.hibernate.persister.collection.AbstractCollectionPersister -  One-shot delete: delete from OrderEntity_CertificateEntity where OrderEntity_id=?
15:48:50.143 [Test worker] DEBUG org.hibernate.persister.collection.AbstractCollectionPersister - Static SQL for collection: com.epam.esm.model.entity.CertificateEntity.tagEntities
15:48:50.143 [Test worker] DEBUG org.hibernate.persister.collection.AbstractCollectionPersister -  Row insert: insert into CertificateEntity_TagEntity (CertificateEntity_id, tagEntities_id) values (?, ?)
15:48:50.144 [Test worker] DEBUG org.hibernate.persister.collection.AbstractCollectionPersister -  Row update: update CertificateEntity_TagEntity set tagEntities_id=? where CertificateEntity_id=? and tagEntities_id=?
15:48:50.144 [Test worker] DEBUG org.hibernate.persister.collection.AbstractCollectionPersister -  Row delete: delete from CertificateEntity_TagEntity where CertificateEntity_id=? and tagEntities_id=?
15:48:50.144 [Test worker] DEBUG org.hibernate.persister.collection.AbstractCollectionPersister -  One-shot delete: delete from CertificateEntity_TagEntity where CertificateEntity_id=?
15:48:50.144 [Test worker] DEBUG org.hibernate.persister.collection.AbstractCollectionPersister - Static SQL for collection: com.epam.esm.model.entity.UserEntity.orderEntities
15:48:50.144 [Test worker] DEBUG org.hibernate.persister.collection.AbstractCollectionPersister -  Row insert: insert into UserEntity_OrderEntity (UserEntity_id, orderEntities_id) values (?, ?)
15:48:50.144 [Test worker] DEBUG org.hibernate.persister.collection.AbstractCollectionPersister -  Row update: update UserEntity_OrderEntity set orderEntities_id=? where UserEntity_id=? and orderEntities_id=?
15:48:50.144 [Test worker] DEBUG org.hibernate.persister.collection.AbstractCollectionPersister -  Row delete: delete from UserEntity_OrderEntity where UserEntity_id=? and orderEntities_id=?
15:48:50.144 [Test worker] DEBUG org.hibernate.persister.collection.AbstractCollectionPersister -  One-shot delete: delete from UserEntity_OrderEntity where UserEntity_id=?
15:48:50.148 [Test worker] DEBUG org.hibernate.persister.entity.AbstractEntityPersister - Static SQL for entity: com.epam.esm.model.entity.CertificateEntity
15:48:50.148 [Test worker] DEBUG org.hibernate.persister.entity.AbstractEntityPersister -  Version select: select id from CertificateEntity where id =?
15:48:50.148 [Test worker] DEBUG org.hibernate.persister.entity.AbstractEntityPersister -  Snapshot select: select certificat_.id, certificat_.createDate as createda2_0_, certificat_.description as descript3_0_, certificat_.duration as duration4_0_, certificat_.lastUpdateDate as lastupda5_0_, certificat_.name as name6_0_, certificat_.price as price7_0_ from CertificateEntity certificat_ where certificat_.id=?
15:48:50.148 [Test worker] DEBUG org.hibernate.persister.entity.AbstractEntityPersister -  Insert 0: insert into CertificateEntity (createDate, description, duration, lastUpdateDate, name, price, id) values (?, ?, ?, ?, ?, ?, ?)
15:48:50.148 [Test worker] DEBUG org.hibernate.persister.entity.AbstractEntityPersister -  Update 0: update CertificateEntity set createDate=?, description=?, duration=?, lastUpdateDate=?, name=?, price=? where id=?
15:48:50.148 [Test worker] DEBUG org.hibernate.persister.entity.AbstractEntityPersister -  Delete 0: delete from CertificateEntity where id=?
15:48:50.148 [Test worker] DEBUG org.hibernate.persister.entity.AbstractEntityPersister -  Identity insert: insert into CertificateEntity (id, createDate, description, duration, lastUpdateDate, name, price) values (null, ?, ?, ?, ?, ?, ?)
15:48:50.172 [Test worker] DEBUG org.hibernate.loader.plan.build.internal.spaces.QuerySpacesImpl - Adding QuerySpace : uid = <gen:0> -> org.hibernate.loader.plan.build.internal.spaces.EntityQuerySpaceImpl@7dbecfd0]
15:48:50.173 [Test worker] DEBUG org.hibernate.persister.walking.spi.MetamodelGraphWalker - Visiting attribute path : createDate
15:48:50.173 [Test worker] DEBUG org.hibernate.persister.walking.spi.MetamodelGraphWalker - Visiting attribute path : description
15:48:50.173 [Test worker] DEBUG org.hibernate.persister.walking.spi.MetamodelGraphWalker - Visiting attribute path : duration
15:48:50.173 [Test worker] DEBUG org.hibernate.persister.walking.spi.MetamodelGraphWalker - Visiting attribute path : lastUpdateDate
15:48:50.173 [Test worker] DEBUG org.hibernate.persister.walking.spi.MetamodelGraphWalker - Visiting attribute path : name
15:48:50.173 [Test worker] DEBUG org.hibernate.persister.walking.spi.MetamodelGraphWalker - Visiting attribute path : price
15:48:50.173 [Test worker] DEBUG org.hibernate.persister.walking.spi.MetamodelGraphWalker - Visiting attribute path : tagEntities
15:48:50.176 [Test worker] DEBUG org.hibernate.loader.plan.build.internal.spaces.QuerySpacesImpl - Adding QuerySpace : uid = <gen:1> -> org.hibernate.loader.plan.build.internal.spaces.CollectionQuerySpaceImpl@2b7e6620]
15:48:50.178 [Test worker] DEBUG org.hibernate.loader.plan.build.internal.spaces.QuerySpacesImpl - Adding QuerySpace : uid = <gen:2> -> org.hibernate.loader.plan.build.internal.spaces.EntityQuerySpaceImpl@6390e1ed]
15:48:50.179 [Test worker] DEBUG org.hibernate.persister.walking.spi.MetamodelGraphWalker - Visiting attribute path : tagEntities.name
15:48:50.179 [Test worker] DEBUG org.hibernate.loader.plan.build.internal.FetchStyleLoadPlanBuildingAssociationVisitationStrategy - Building LoadPlan...
15:48:50.187 [Test worker] DEBUG org.hibernate.loader.plan.exec.internal.LoadQueryJoinAndFetchProcessor - processing queryspace <gen:0>
15:48:50.191 [Test worker] DEBUG org.hibernate.loader.plan.build.spi.LoadPlanTreePrinter - LoadPlan(entity=com.epam.esm.model.entity.CertificateEntity)
    - Returns
       - EntityReturnImpl(entity=com.epam.esm.model.entity.CertificateEntity, querySpaceUid=<gen:0>, path=com.epam.esm.model.entity.CertificateEntity)
          - CollectionAttributeFetchImpl(collection=com.epam.esm.model.entity.CertificateEntity.tagEntities, querySpaceUid=<gen:1>, path=com.epam.esm.model.entity.CertificateEntity.tagEntities)
             - (collection element) CollectionFetchableElementEntityGraph(entity=com.epam.esm.model.entity.TagEntity, querySpaceUid=<gen:2>, path=com.epam.esm.model.entity.CertificateEntity.tagEntities.<elements>)
    - QuerySpaces
       - EntityQuerySpaceImpl(uid=<gen:0>, entity=com.epam.esm.model.entity.CertificateEntity)
          - SQL table alias mapping - certificat0_
          - alias suffix - 0_
          - suffixed key columns - {id1_0_0_}
          - JOIN (JoinDefinedByMetadata(tagEntities)) : <gen:0> -> <gen:1>
             - CollectionQuerySpaceImpl(uid=<gen:1>, collection=com.epam.esm.model.entity.CertificateEntity.tagEntities)
                - SQL table alias mapping - tagentitie1_
                - alias suffix - 1_
                - suffixed key columns - {certific1_1_1_}
                - entity-element alias suffix - 2_
                - 2_entity-element suffixed key columns - id1_4_2_
                - JOIN (JoinDefinedByMetadata(elements)) : <gen:1> -> <gen:2>
                   - EntityQuerySpaceImpl(uid=<gen:2>, entity=com.epam.esm.model.entity.TagEntity)
                      - SQL table alias mapping - tagentity2_
                      - alias suffix - 2_
                      - suffixed key columns - {id1_4_2_}

15:48:50.193 [Test worker] DEBUG org.hibernate.loader.entity.plan.EntityLoader - Static select for entity com.epam.esm.model.entity.CertificateEntity [NONE]: select certificat0_.id as id1_0_0_, certificat0_.createDate as createda2_0_0_, certificat0_.description as descript3_0_0_, certificat0_.duration as duration4_0_0_, certificat0_.lastUpdateDate as lastupda5_0_0_, certificat0_.name as name6_0_0_, certificat0_.price as price7_0_0_, tagentitie1_.CertificateEntity_id as certific1_1_1_, tagentity2_.id as tagentit2_1_1_, tagentity2_.id as id1_4_2_, tagentity2_.name as name2_4_2_ from CertificateEntity certificat0_ left outer join CertificateEntity_TagEntity tagentitie1_ on certificat0_.id=tagentitie1_.CertificateEntity_id left outer join TagEntity tagentity2_ on tagentitie1_.tagEntities_id=tagentity2_.id where certificat0_.id=?
15:48:50.193 [Test worker] DEBUG org.hibernate.persister.entity.AbstractEntityPersister - Static SQL for entity: com.epam.esm.model.entity.TagEntity
15:48:50.193 [Test worker] DEBUG org.hibernate.persister.entity.AbstractEntityPersister -  Version select: select id from TagEntity where id =?
15:48:50.193 [Test worker] DEBUG org.hibernate.persister.entity.AbstractEntityPersister -  Snapshot select: select tagentity_.id, tagentity_.name as name2_4_ from TagEntity tagentity_ where tagentity_.id=?
15:48:50.193 [Test worker] DEBUG org.hibernate.persister.entity.AbstractEntityPersister -  Insert 0: insert into TagEntity (name, id) values (?, ?)
15:48:50.194 [Test worker] DEBUG org.hibernate.persister.entity.AbstractEntityPersister -  Update 0: update TagEntity set name=? where id=?
15:48:50.194 [Test worker] DEBUG org.hibernate.persister.entity.AbstractEntityPersister -  Delete 0: delete from TagEntity where id=?
15:48:50.194 [Test worker] DEBUG org.hibernate.persister.entity.AbstractEntityPersister -  Identity insert: insert into TagEntity (id, name) values (null, ?)
15:48:50.194 [Test worker] DEBUG org.hibernate.loader.plan.build.internal.spaces.QuerySpacesImpl - Adding QuerySpace : uid = <gen:0> -> org.hibernate.loader.plan.build.internal.spaces.EntityQuerySpaceImpl@373f14df]
15:48:50.194 [Test worker] DEBUG org.hibernate.persister.walking.spi.MetamodelGraphWalker - Visiting attribute path : name
15:48:50.194 [Test worker] DEBUG org.hibernate.loader.plan.build.internal.FetchStyleLoadPlanBuildingAssociationVisitationStrategy - Building LoadPlan...
15:48:50.194 [Test worker] DEBUG org.hibernate.loader.plan.exec.internal.LoadQueryJoinAndFetchProcessor - processing queryspace <gen:0>
15:48:50.194 [Test worker] DEBUG org.hibernate.loader.plan.build.spi.LoadPlanTreePrinter - LoadPlan(entity=com.epam.esm.model.entity.TagEntity)
    - Returns
       - EntityReturnImpl(entity=com.epam.esm.model.entity.TagEntity, querySpaceUid=<gen:0>, path=com.epam.esm.model.entity.TagEntity)
    - QuerySpaces
       - EntityQuerySpaceImpl(uid=<gen:0>, entity=com.epam.esm.model.entity.TagEntity)
          - SQL table alias mapping - tagentity0_
          - alias suffix - 0_
          - suffixed key columns - {id1_4_0_}

15:48:50.195 [Test worker] DEBUG org.hibernate.loader.entity.plan.EntityLoader - Static select for entity com.epam.esm.model.entity.TagEntity [NONE]: select tagentity0_.id as id1_4_0_, tagentity0_.name as name2_4_0_ from TagEntity tagentity0_ where tagentity0_.id=?
15:48:50.195 [Test worker] DEBUG org.hibernate.persister.entity.AbstractEntityPersister - Static SQL for entity: com.epam.esm.model.entity.UserEntity
15:48:50.195 [Test worker] DEBUG org.hibernate.persister.entity.AbstractEntityPersister -  Version select: select id from UserEntity where id =?
15:48:50.195 [Test worker] DEBUG org.hibernate.persister.entity.AbstractEntityPersister -  Snapshot select: select userentity_.id, userentity_.username as username2_5_ from UserEntity userentity_ where userentity_.id=?
15:48:50.195 [Test worker] DEBUG org.hibernate.persister.entity.AbstractEntityPersister -  Insert 0: insert into UserEntity (username, id) values (?, ?)
15:48:50.195 [Test worker] DEBUG org.hibernate.persister.entity.AbstractEntityPersister -  Update 0: update UserEntity set username=? where id=?
15:48:50.195 [Test worker] DEBUG org.hibernate.persister.entity.AbstractEntityPersister -  Delete 0: delete from UserEntity where id=?
15:48:50.195 [Test worker] DEBUG org.hibernate.persister.entity.AbstractEntityPersister -  Identity insert: insert into UserEntity (id, username) values (null, ?)
15:48:50.195 [Test worker] DEBUG org.hibernate.loader.plan.build.internal.spaces.QuerySpacesImpl - Adding QuerySpace : uid = <gen:0> -> org.hibernate.loader.plan.build.internal.spaces.EntityQuerySpaceImpl@3694461b]
15:48:50.195 [Test worker] DEBUG org.hibernate.persister.walking.spi.MetamodelGraphWalker - Visiting attribute path : orderEntities
15:48:50.195 [Test worker] DEBUG org.hibernate.loader.plan.build.internal.spaces.QuerySpacesImpl - Adding QuerySpace : uid = <gen:1> -> org.hibernate.loader.plan.build.internal.spaces.CollectionQuerySpaceImpl@298ef429]
15:48:50.196 [Test worker] DEBUG org.hibernate.loader.plan.build.internal.spaces.QuerySpacesImpl - Adding QuerySpace : uid = <gen:2> -> org.hibernate.loader.plan.build.internal.spaces.EntityQuerySpaceImpl@397e9144]
15:48:50.196 [Test worker] DEBUG org.hibernate.persister.walking.spi.MetamodelGraphWalker - Visiting attribute path : orderEntities.certificateEntities
15:48:50.196 [Test worker] DEBUG org.hibernate.loader.plan.build.internal.spaces.QuerySpacesImpl - Adding QuerySpace : uid = <gen:3> -> org.hibernate.loader.plan.build.internal.spaces.CollectionQuerySpaceImpl@51ab88ed]
15:48:50.196 [Test worker] DEBUG org.hibernate.loader.plan.build.internal.spaces.QuerySpacesImpl - Adding QuerySpace : uid = <gen:4> -> org.hibernate.loader.plan.build.internal.spaces.EntityQuerySpaceImpl@1c12c72d]
15:48:50.196 [Test worker] DEBUG org.hibernate.persister.walking.spi.MetamodelGraphWalker - Visiting attribute path : orderEntities.certificateEntities.createDate
15:48:50.196 [Test worker] DEBUG org.hibernate.persister.walking.spi.MetamodelGraphWalker - Visiting attribute path : orderEntities.certificateEntities.description
15:48:50.196 [Test worker] DEBUG org.hibernate.persister.walking.spi.MetamodelGraphWalker - Visiting attribute path : orderEntities.certificateEntities.duration
15:48:50.196 [Test worker] DEBUG org.hibernate.persister.walking.spi.MetamodelGraphWalker - Visiting attribute path : orderEntities.certificateEntities.lastUpdateDate
15:48:50.196 [Test worker] DEBUG org.hibernate.persister.walking.spi.MetamodelGraphWalker - Visiting attribute path : orderEntities.certificateEntities.name
15:48:50.196 [Test worker] DEBUG org.hibernate.persister.walking.spi.MetamodelGraphWalker - Visiting attribute path : orderEntities.certificateEntities.price
15:48:50.196 [Test worker] DEBUG org.hibernate.persister.walking.spi.MetamodelGraphWalker - Visiting attribute path : orderEntities.certificateEntities.tagEntities
15:48:50.196 [Test worker] DEBUG org.hibernate.loader.plan.build.internal.spaces.QuerySpacesImpl - Adding QuerySpace : uid = <gen:5> -> org.hibernate.loader.plan.build.internal.spaces.CollectionQuerySpaceImpl@1653ba6b]
15:48:50.197 [Test worker] DEBUG org.hibernate.loader.plan.build.internal.spaces.QuerySpacesImpl - Adding QuerySpace : uid = <gen:6> -> org.hibernate.loader.plan.build.internal.spaces.EntityQuerySpaceImpl@1cf22c23]
15:48:50.197 [Test worker] DEBUG org.hibernate.persister.walking.spi.MetamodelGraphWalker - Visiting attribute path : orderEntities.certificateEntities.tagEntities.name
15:48:50.197 [Test worker] DEBUG org.hibernate.persister.walking.spi.MetamodelGraphWalker - Visiting attribute path : orderEntities.purchaseDate
15:48:50.197 [Test worker] DEBUG org.hibernate.persister.walking.spi.MetamodelGraphWalker - Visiting attribute path : orderEntities.summary
15:48:50.197 [Test worker] DEBUG org.hibernate.persister.walking.spi.MetamodelGraphWalker - Visiting attribute path : username
15:48:50.197 [Test worker] DEBUG org.hibernate.loader.plan.build.internal.FetchStyleLoadPlanBuildingAssociationVisitationStrategy - Building LoadPlan...
15:48:50.197 [Test worker] DEBUG org.hibernate.loader.plan.exec.internal.LoadQueryJoinAndFetchProcessor - processing queryspace <gen:0>
15:48:50.198 [Test worker] DEBUG org.hibernate.loader.plan.build.spi.LoadPlanTreePrinter - LoadPlan(entity=com.epam.esm.model.entity.UserEntity)
    - Returns
       - EntityReturnImpl(entity=com.epam.esm.model.entity.UserEntity, querySpaceUid=<gen:0>, path=com.epam.esm.model.entity.UserEntity)
          - CollectionAttributeFetchImpl(collection=com.epam.esm.model.entity.UserEntity.orderEntities, querySpaceUid=<gen:1>, path=com.epam.esm.model.entity.UserEntity.orderEntities)
             - (collection element) CollectionFetchableElementEntityGraph(entity=com.epam.esm.model.entity.OrderEntity, querySpaceUid=<gen:2>, path=com.epam.esm.model.entity.UserEntity.orderEntities.<elements>)
                - CollectionAttributeFetchImpl(collection=com.epam.esm.model.entity.OrderEntity.certificateEntities, querySpaceUid=<gen:3>, path=com.epam.esm.model.entity.UserEntity.orderEntities.<elements>.certificateEntities)
                   - (collection element) CollectionFetchableElementEntityGraph(entity=com.epam.esm.model.entity.CertificateEntity, querySpaceUid=<gen:4>, path=com.epam.esm.model.entity.UserEntity.orderEntities.<elements>.certificateEntities.<elements>)
                      - CollectionAttributeFetchImpl(collection=com.epam.esm.model.entity.CertificateEntity.tagEntities, querySpaceUid=<gen:5>, path=com.epam.esm.model.entity.UserEntity.orderEntities.<elements>.certificateEntities.<elements>.tagEntities)
                         - (collection element) CollectionFetchableElementEntityGraph(entity=com.epam.esm.model.entity.TagEntity, querySpaceUid=<gen:6>, path=com.epam.esm.model.entity.UserEntity.orderEntities.<elements>.certificateEntities.<elements>.tagEntities.<elements>)
    - QuerySpaces
       - EntityQuerySpaceImpl(uid=<gen:0>, entity=com.epam.esm.model.entity.UserEntity)
          - SQL table alias mapping - userentity0_
          - alias suffix - 0_
          - suffixed key columns - {id1_5_0_}
          - JOIN (JoinDefinedByMetadata(orderEntities)) : <gen:0> -> <gen:1>
             - CollectionQuerySpaceImpl(uid=<gen:1>, collection=com.epam.esm.model.entity.UserEntity.orderEntities)
                - SQL table alias mapping - orderentit1_
                - alias suffix - 1_
                - suffixed key columns - {userenti1_6_1_}
                - entity-element alias suffix - 2_
                - 2_entity-element suffixed key columns - id1_2_2_
                - JOIN (JoinDefinedByMetadata(elements)) : <gen:1> -> <gen:2>
                   - EntityQuerySpaceImpl(uid=<gen:2>, entity=com.epam.esm.model.entity.OrderEntity)
                      - SQL table alias mapping - orderentit2_
                      - alias suffix - 2_
                      - suffixed key columns - {id1_2_2_}
                      - JOIN (JoinDefinedByMetadata(certificateEntities)) : <gen:2> -> <gen:3>
                         - CollectionQuerySpaceImpl(uid=<gen:3>, collection=com.epam.esm.model.entity.OrderEntity.certificateEntities)
                            - SQL table alias mapping - certificat3_
                            - alias suffix - 3_
                            - suffixed key columns - {orderent1_3_3_}
                            - entity-element alias suffix - 4_
                            - 4_entity-element suffixed key columns - id1_0_4_
                            - JOIN (JoinDefinedByMetadata(elements)) : <gen:3> -> <gen:4>
                               - EntityQuerySpaceImpl(uid=<gen:4>, entity=com.epam.esm.model.entity.CertificateEntity)
                                  - SQL table alias mapping - certificat4_
                                  - alias suffix - 4_
                                  - suffixed key columns - {id1_0_4_}
                                  - JOIN (JoinDefinedByMetadata(tagEntities)) : <gen:4> -> <gen:5>
                                     - CollectionQuerySpaceImpl(uid=<gen:5>, collection=com.epam.esm.model.entity.CertificateEntity.tagEntities)
                                        - SQL table alias mapping - tagentitie5_
                                        - alias suffix - 5_
                                        - suffixed key columns - {certific1_1_5_}
                                        - entity-element alias suffix - 6_
                                        - 6_entity-element suffixed key columns - id1_4_6_
                                        - JOIN (JoinDefinedByMetadata(elements)) : <gen:5> -> <gen:6>
                                           - EntityQuerySpaceImpl(uid=<gen:6>, entity=com.epam.esm.model.entity.TagEntity)
                                              - SQL table alias mapping - tagentity6_
                                              - alias suffix - 6_
                                              - suffixed key columns - {id1_4_6_}

15:48:50.199 [Test worker] DEBUG org.hibernate.loader.entity.plan.EntityLoader - Static select for entity com.epam.esm.model.entity.UserEntity [NONE]: select userentity0_.id as id1_5_0_, userentity0_.username as username2_5_0_, orderentit1_.UserEntity_id as userenti1_6_1_, orderentit2_.id as orderent2_6_1_, orderentit2_.id as id1_2_2_, orderentit2_.purchaseDate as purchase2_2_2_, orderentit2_.summary as summary3_2_2_, certificat3_.OrderEntity_id as orderent1_3_3_, certificat4_.id as certific2_3_3_, certificat4_.id as id1_0_4_, certificat4_.createDate as createda2_0_4_, certificat4_.description as descript3_0_4_, certificat4_.duration as duration4_0_4_, certificat4_.lastUpdateDate as lastupda5_0_4_, certificat4_.name as name6_0_4_, certificat4_.price as price7_0_4_, tagentitie5_.CertificateEntity_id as certific1_1_5_, tagentity6_.id as tagentit2_1_5_, tagentity6_.id as id1_4_6_, tagentity6_.name as name2_4_6_ from UserEntity userentity0_ left outer join UserEntity_OrderEntity orderentit1_ on userentity0_.id=orderentit1_.UserEntity_id left outer join OrderEntity orderentit2_ on orderentit1_.orderEntities_id=orderentit2_.id left outer join OrderEntity_CertificateEntity certificat3_ on orderentit2_.id=certificat3_.OrderEntity_id left outer join CertificateEntity certificat4_ on certificat3_.certificateEntities_id=certificat4_.id left outer join CertificateEntity_TagEntity tagentitie5_ on certificat4_.id=tagentitie5_.CertificateEntity_id left outer join TagEntity tagentity6_ on tagentitie5_.tagEntities_id=tagentity6_.id where userentity0_.id=?
15:48:50.199 [Test worker] DEBUG org.hibernate.persister.entity.AbstractEntityPersister - Static SQL for entity: com.epam.esm.model.entity.OrderEntity
15:48:50.199 [Test worker] DEBUG org.hibernate.persister.entity.AbstractEntityPersister -  Version select: select id from OrderEntity where id =?
15:48:50.199 [Test worker] DEBUG org.hibernate.persister.entity.AbstractEntityPersister -  Snapshot select: select orderentit_.id, orderentit_.purchaseDate as purchase2_2_, orderentit_.summary as summary3_2_ from OrderEntity orderentit_ where orderentit_.id=?
15:48:50.199 [Test worker] DEBUG org.hibernate.persister.entity.AbstractEntityPersister -  Insert 0: insert into OrderEntity (purchaseDate, summary, id) values (?, ?, ?)
15:48:50.199 [Test worker] DEBUG org.hibernate.persister.entity.AbstractEntityPersister -  Update 0: update OrderEntity set purchaseDate=?, summary=? where id=?
15:48:50.199 [Test worker] DEBUG org.hibernate.persister.entity.AbstractEntityPersister -  Delete 0: delete from OrderEntity where id=?
15:48:50.199 [Test worker] DEBUG org.hibernate.persister.entity.AbstractEntityPersister -  Identity insert: insert into OrderEntity (id, purchaseDate, summary) values (null, ?, ?)
15:48:50.199 [Test worker] DEBUG org.hibernate.loader.plan.build.internal.spaces.QuerySpacesImpl - Adding QuerySpace : uid = <gen:0> -> org.hibernate.loader.plan.build.internal.spaces.EntityQuerySpaceImpl@44df5517]
15:48:50.200 [Test worker] DEBUG org.hibernate.persister.walking.spi.MetamodelGraphWalker - Visiting attribute path : certificateEntities
15:48:50.200 [Test worker] DEBUG org.hibernate.loader.plan.build.internal.spaces.QuerySpacesImpl - Adding QuerySpace : uid = <gen:1> -> org.hibernate.loader.plan.build.internal.spaces.CollectionQuerySpaceImpl@c8f299b]
15:48:50.200 [Test worker] DEBUG org.hibernate.loader.plan.build.internal.spaces.QuerySpacesImpl - Adding QuerySpace : uid = <gen:2> -> org.hibernate.loader.plan.build.internal.spaces.EntityQuerySpaceImpl@62c691f0]
15:48:50.200 [Test worker] DEBUG org.hibernate.persister.walking.spi.MetamodelGraphWalker - Visiting attribute path : certificateEntities.createDate
15:48:50.200 [Test worker] DEBUG org.hibernate.persister.walking.spi.MetamodelGraphWalker - Visiting attribute path : certificateEntities.description
15:48:50.200 [Test worker] DEBUG org.hibernate.persister.walking.spi.MetamodelGraphWalker - Visiting attribute path : certificateEntities.duration
15:48:50.200 [Test worker] DEBUG org.hibernate.persister.walking.spi.MetamodelGraphWalker - Visiting attribute path : certificateEntities.lastUpdateDate
15:48:50.200 [Test worker] DEBUG org.hibernate.persister.walking.spi.MetamodelGraphWalker - Visiting attribute path : certificateEntities.name
15:48:50.200 [Test worker] DEBUG org.hibernate.persister.walking.spi.MetamodelGraphWalker - Visiting attribute path : certificateEntities.price
15:48:50.200 [Test worker] DEBUG org.hibernate.persister.walking.spi.MetamodelGraphWalker - Visiting attribute path : certificateEntities.tagEntities
15:48:50.200 [Test worker] DEBUG org.hibernate.loader.plan.build.internal.spaces.QuerySpacesImpl - Adding QuerySpace : uid = <gen:3> -> org.hibernate.loader.plan.build.internal.spaces.CollectionQuerySpaceImpl@6f6a8a4b]
15:48:50.200 [Test worker] DEBUG org.hibernate.loader.plan.build.internal.spaces.QuerySpacesImpl - Adding QuerySpace : uid = <gen:4> -> org.hibernate.loader.plan.build.internal.spaces.EntityQuerySpaceImpl@39f5df47]
15:48:50.200 [Test worker] DEBUG org.hibernate.persister.walking.spi.MetamodelGraphWalker - Visiting attribute path : certificateEntities.tagEntities.name
15:48:50.200 [Test worker] DEBUG org.hibernate.persister.walking.spi.MetamodelGraphWalker - Visiting attribute path : purchaseDate
15:48:50.200 [Test worker] DEBUG org.hibernate.persister.walking.spi.MetamodelGraphWalker - Visiting attribute path : summary
15:48:50.200 [Test worker] DEBUG org.hibernate.loader.plan.build.internal.FetchStyleLoadPlanBuildingAssociationVisitationStrategy - Building LoadPlan...
15:48:50.201 [Test worker] DEBUG org.hibernate.loader.plan.exec.internal.LoadQueryJoinAndFetchProcessor - processing queryspace <gen:0>
15:48:50.201 [Test worker] DEBUG org.hibernate.loader.plan.build.spi.LoadPlanTreePrinter - LoadPlan(entity=com.epam.esm.model.entity.OrderEntity)
    - Returns
       - EntityReturnImpl(entity=com.epam.esm.model.entity.OrderEntity, querySpaceUid=<gen:0>, path=com.epam.esm.model.entity.OrderEntity)
          - CollectionAttributeFetchImpl(collection=com.epam.esm.model.entity.OrderEntity.certificateEntities, querySpaceUid=<gen:1>, path=com.epam.esm.model.entity.OrderEntity.certificateEntities)
             - (collection element) CollectionFetchableElementEntityGraph(entity=com.epam.esm.model.entity.CertificateEntity, querySpaceUid=<gen:2>, path=com.epam.esm.model.entity.OrderEntity.certificateEntities.<elements>)
                - CollectionAttributeFetchImpl(collection=com.epam.esm.model.entity.CertificateEntity.tagEntities, querySpaceUid=<gen:3>, path=com.epam.esm.model.entity.OrderEntity.certificateEntities.<elements>.tagEntities)
                   - (collection element) CollectionFetchableElementEntityGraph(entity=com.epam.esm.model.entity.TagEntity, querySpaceUid=<gen:4>, path=com.epam.esm.model.entity.OrderEntity.certificateEntities.<elements>.tagEntities.<elements>)
    - QuerySpaces
       - EntityQuerySpaceImpl(uid=<gen:0>, entity=com.epam.esm.model.entity.OrderEntity)
          - SQL table alias mapping - orderentit0_
          - alias suffix - 0_
          - suffixed key columns - {id1_2_0_}
          - JOIN (JoinDefinedByMetadata(certificateEntities)) : <gen:0> -> <gen:1>
             - CollectionQuerySpaceImpl(uid=<gen:1>, collection=com.epam.esm.model.entity.OrderEntity.certificateEntities)
                - SQL table alias mapping - certificat1_
                - alias suffix - 1_
                - suffixed key columns - {orderent1_3_1_}
                - entity-element alias suffix - 2_
                - 2_entity-element suffixed key columns - id1_0_2_
                - JOIN (JoinDefinedByMetadata(elements)) : <gen:1> -> <gen:2>
                   - EntityQuerySpaceImpl(uid=<gen:2>, entity=com.epam.esm.model.entity.CertificateEntity)
                      - SQL table alias mapping - certificat2_
                      - alias suffix - 2_
                      - suffixed key columns - {id1_0_2_}
                      - JOIN (JoinDefinedByMetadata(tagEntities)) : <gen:2> -> <gen:3>
                         - CollectionQuerySpaceImpl(uid=<gen:3>, collection=com.epam.esm.model.entity.CertificateEntity.tagEntities)
                            - SQL table alias mapping - tagentitie3_
                            - alias suffix - 3_
                            - suffixed key columns - {certific1_1_3_}
                            - entity-element alias suffix - 4_
                            - 4_entity-element suffixed key columns - id1_4_4_
                            - JOIN (JoinDefinedByMetadata(elements)) : <gen:3> -> <gen:4>
                               - EntityQuerySpaceImpl(uid=<gen:4>, entity=com.epam.esm.model.entity.TagEntity)
                                  - SQL table alias mapping - tagentity4_
                                  - alias suffix - 4_
                                  - suffixed key columns - {id1_4_4_}

15:48:50.202 [Test worker] DEBUG org.hibernate.loader.entity.plan.EntityLoader - Static select for entity com.epam.esm.model.entity.OrderEntity [NONE]: select orderentit0_.id as id1_2_0_, orderentit0_.purchaseDate as purchase2_2_0_, orderentit0_.summary as summary3_2_0_, certificat1_.OrderEntity_id as orderent1_3_1_, certificat2_.id as certific2_3_1_, certificat2_.id as id1_0_2_, certificat2_.createDate as createda2_0_2_, certificat2_.description as descript3_0_2_, certificat2_.duration as duration4_0_2_, certificat2_.lastUpdateDate as lastupda5_0_2_, certificat2_.name as name6_0_2_, certificat2_.price as price7_0_2_, tagentitie3_.CertificateEntity_id as certific1_1_3_, tagentity4_.id as tagentit2_1_3_, tagentity4_.id as id1_4_4_, tagentity4_.name as name2_4_4_ from OrderEntity orderentit0_ left outer join OrderEntity_CertificateEntity certificat1_ on orderentit0_.id=certificat1_.OrderEntity_id left outer join CertificateEntity certificat2_ on certificat1_.certificateEntities_id=certificat2_.id left outer join CertificateEntity_TagEntity tagentitie3_ on certificat2_.id=tagentitie3_.CertificateEntity_id left outer join TagEntity tagentity4_ on tagentitie3_.tagEntities_id=tagentity4_.id where orderentit0_.id=?
15:48:50.205 [Test worker] DEBUG org.hibernate.loader.plan.build.internal.spaces.QuerySpacesImpl - Adding QuerySpace : uid = <gen:0> -> org.hibernate.loader.plan.build.internal.spaces.CollectionQuerySpaceImpl@181f370c]
15:48:50.206 [Test worker] DEBUG org.hibernate.loader.plan.build.internal.spaces.QuerySpacesImpl - Adding QuerySpace : uid = <gen:1> -> org.hibernate.loader.plan.build.internal.spaces.EntityQuerySpaceImpl@6d5085a3]
15:48:50.206 [Test worker] DEBUG org.hibernate.persister.walking.spi.MetamodelGraphWalker - Visiting attribute path : createDate
15:48:50.206 [Test worker] DEBUG org.hibernate.persister.walking.spi.MetamodelGraphWalker - Visiting attribute path : description
15:48:50.206 [Test worker] DEBUG org.hibernate.persister.walking.spi.MetamodelGraphWalker - Visiting attribute path : duration
15:48:50.206 [Test worker] DEBUG org.hibernate.persister.walking.spi.MetamodelGraphWalker - Visiting attribute path : lastUpdateDate
15:48:50.206 [Test worker] DEBUG org.hibernate.persister.walking.spi.MetamodelGraphWalker - Visiting attribute path : name
15:48:50.206 [Test worker] DEBUG org.hibernate.persister.walking.spi.MetamodelGraphWalker - Visiting attribute path : price
15:48:50.206 [Test worker] DEBUG org.hibernate.persister.walking.spi.MetamodelGraphWalker - Visiting attribute path : tagEntities
15:48:50.206 [Test worker] DEBUG org.hibernate.loader.plan.build.internal.spaces.QuerySpacesImpl - Adding QuerySpace : uid = <gen:2> -> org.hibernate.loader.plan.build.internal.spaces.CollectionQuerySpaceImpl@107e8b4f]
15:48:50.206 [Test worker] DEBUG org.hibernate.loader.plan.build.internal.spaces.QuerySpacesImpl - Adding QuerySpace : uid = <gen:3> -> org.hibernate.loader.plan.build.internal.spaces.EntityQuerySpaceImpl@796a797e]
15:48:50.206 [Test worker] DEBUG org.hibernate.loader.plan.build.internal.FetchStyleLoadPlanBuildingAssociationVisitationStrategy - Building LoadPlan...
15:48:50.208 [Test worker] DEBUG org.hibernate.loader.plan.exec.internal.LoadQueryJoinAndFetchProcessor - processing queryspace <gen:0>
15:48:50.209 [Test worker] DEBUG org.hibernate.loader.plan.build.spi.LoadPlanTreePrinter - LoadPlan(collection=com.epam.esm.model.entity.OrderEntity.certificateEntities)
    - Returns
       - CollectionReturnImpl(collection=com.epam.esm.model.entity.OrderEntity.certificateEntities, querySpaceUid=<gen:0>, path=[com.epam.esm.model.entity.OrderEntity.certificateEntities])
          - (collection element) CollectionFetchableElementEntityGraph(entity=com.epam.esm.model.entity.CertificateEntity, querySpaceUid=<gen:1>, path=[com.epam.esm.model.entity.OrderEntity.certificateEntities].<elements>)
             - CollectionAttributeFetchImpl(collection=com.epam.esm.model.entity.CertificateEntity.tagEntities, querySpaceUid=<gen:2>, path=[com.epam.esm.model.entity.OrderEntity.certificateEntities].<elements>.tagEntities)
                - (collection element) CollectionFetchableElementEntityGraph(entity=com.epam.esm.model.entity.TagEntity, querySpaceUid=<gen:3>, path=[com.epam.esm.model.entity.OrderEntity.certificateEntities].<elements>.tagEntities.<elements>)
    - QuerySpaces
       - CollectionQuerySpaceImpl(uid=<gen:0>, collection=com.epam.esm.model.entity.OrderEntity.certificateEntities)
          - SQL table alias mapping - certificat0_
          - alias suffix - 0_
          - suffixed key columns - {orderent1_3_0_}
          - entity-element alias suffix - 1_
          - 1_entity-element suffixed key columns - id1_0_1_
          - JOIN (JoinDefinedByMetadata(elements)) : <gen:0> -> <gen:1>
             - EntityQuerySpaceImpl(uid=<gen:1>, entity=com.epam.esm.model.entity.CertificateEntity)
                - SQL table alias mapping - certificat1_
                - alias suffix - 1_
                - suffixed key columns - {id1_0_1_}

15:48:50.209 [Test worker] DEBUG org.hibernate.loader.collection.plan.CollectionLoader - Static select for collection com.epam.esm.model.entity.OrderEntity.certificateEntities: select certificat0_.OrderEntity_id as orderent1_3_0_, certificat0_.certificateEntities_id as certific2_3_0_, certificat1_.id as id1_0_1_, certificat1_.createDate as createda2_0_1_, certificat1_.description as descript3_0_1_, certificat1_.duration as duration4_0_1_, certificat1_.lastUpdateDate as lastupda5_0_1_, certificat1_.name as name6_0_1_, certificat1_.price as price7_0_1_ from OrderEntity_CertificateEntity certificat0_ inner join CertificateEntity certificat1_ on certificat0_.certificateEntities_id=certificat1_.id where certificat0_.OrderEntity_id=?
15:48:50.210 [Test worker] DEBUG org.hibernate.loader.plan.build.internal.spaces.QuerySpacesImpl - Adding QuerySpace : uid = <gen:0> -> org.hibernate.loader.plan.build.internal.spaces.CollectionQuerySpaceImpl@6e9b9a20]
15:48:50.210 [Test worker] DEBUG org.hibernate.loader.plan.build.internal.spaces.QuerySpacesImpl - Adding QuerySpace : uid = <gen:1> -> org.hibernate.loader.plan.build.internal.spaces.EntityQuerySpaceImpl@672b5164]
15:48:50.210 [Test worker] DEBUG org.hibernate.persister.walking.spi.MetamodelGraphWalker - Visiting attribute path : name
15:48:50.210 [Test worker] DEBUG org.hibernate.loader.plan.build.internal.FetchStyleLoadPlanBuildingAssociationVisitationStrategy - Building LoadPlan...
15:48:50.210 [Test worker] DEBUG org.hibernate.loader.plan.exec.internal.LoadQueryJoinAndFetchProcessor - processing queryspace <gen:0>
15:48:50.211 [Test worker] DEBUG org.hibernate.loader.plan.build.spi.LoadPlanTreePrinter - LoadPlan(collection=com.epam.esm.model.entity.CertificateEntity.tagEntities)
    - Returns
       - CollectionReturnImpl(collection=com.epam.esm.model.entity.CertificateEntity.tagEntities, querySpaceUid=<gen:0>, path=[com.epam.esm.model.entity.CertificateEntity.tagEntities])
          - (collection element) CollectionFetchableElementEntityGraph(entity=com.epam.esm.model.entity.TagEntity, querySpaceUid=<gen:1>, path=[com.epam.esm.model.entity.CertificateEntity.tagEntities].<elements>)
    - QuerySpaces
       - CollectionQuerySpaceImpl(uid=<gen:0>, collection=com.epam.esm.model.entity.CertificateEntity.tagEntities)
          - SQL table alias mapping - tagentitie0_
          - alias suffix - 0_
          - suffixed key columns - {certific1_1_0_}
          - entity-element alias suffix - 1_
          - 1_entity-element suffixed key columns - id1_4_1_
          - JOIN (JoinDefinedByMetadata(elements)) : <gen:0> -> <gen:1>
             - EntityQuerySpaceImpl(uid=<gen:1>, entity=com.epam.esm.model.entity.TagEntity)
                - SQL table alias mapping - tagentity1_
                - alias suffix - 1_
                - suffixed key columns - {id1_4_1_}

15:48:50.211 [Test worker] DEBUG org.hibernate.loader.collection.plan.CollectionLoader - Static select for collection com.epam.esm.model.entity.CertificateEntity.tagEntities: select tagentitie0_.CertificateEntity_id as certific1_1_0_, tagentitie0_.tagEntities_id as tagentit2_1_0_, tagentity1_.id as id1_4_1_, tagentity1_.name as name2_4_1_ from CertificateEntity_TagEntity tagentitie0_ inner join TagEntity tagentity1_ on tagentitie0_.tagEntities_id=tagentity1_.id where tagentitie0_.CertificateEntity_id=?
15:48:50.211 [Test worker] DEBUG org.hibernate.loader.plan.build.internal.spaces.QuerySpacesImpl - Adding QuerySpace : uid = <gen:0> -> org.hibernate.loader.plan.build.internal.spaces.CollectionQuerySpaceImpl@627215fa]
15:48:50.211 [Test worker] DEBUG org.hibernate.loader.plan.build.internal.spaces.QuerySpacesImpl - Adding QuerySpace : uid = <gen:1> -> org.hibernate.loader.plan.build.internal.spaces.EntityQuerySpaceImpl@5f6fd8a1]
15:48:50.211 [Test worker] DEBUG org.hibernate.persister.walking.spi.MetamodelGraphWalker - Visiting attribute path : certificateEntities
15:48:50.211 [Test worker] DEBUG org.hibernate.loader.plan.build.internal.spaces.QuerySpacesImpl - Adding QuerySpace : uid = <gen:2> -> org.hibernate.loader.plan.build.internal.spaces.CollectionQuerySpaceImpl@3dbda65e]
15:48:50.211 [Test worker] DEBUG org.hibernate.loader.plan.build.internal.spaces.QuerySpacesImpl - Adding QuerySpace : uid = <gen:3> -> org.hibernate.loader.plan.build.internal.spaces.EntityQuerySpaceImpl@1c36db98]
15:48:50.211 [Test worker] DEBUG org.hibernate.persister.walking.spi.MetamodelGraphWalker - Visiting attribute path : purchaseDate
15:48:50.211 [Test worker] DEBUG org.hibernate.persister.walking.spi.MetamodelGraphWalker - Visiting attribute path : summary
15:48:50.211 [Test worker] DEBUG org.hibernate.loader.plan.build.internal.FetchStyleLoadPlanBuildingAssociationVisitationStrategy - Building LoadPlan...
15:48:50.212 [Test worker] DEBUG org.hibernate.loader.plan.exec.internal.LoadQueryJoinAndFetchProcessor - processing queryspace <gen:0>
15:48:50.212 [Test worker] DEBUG org.hibernate.loader.plan.build.spi.LoadPlanTreePrinter - LoadPlan(collection=com.epam.esm.model.entity.UserEntity.orderEntities)
    - Returns
       - CollectionReturnImpl(collection=com.epam.esm.model.entity.UserEntity.orderEntities, querySpaceUid=<gen:0>, path=[com.epam.esm.model.entity.UserEntity.orderEntities])
          - (collection element) CollectionFetchableElementEntityGraph(entity=com.epam.esm.model.entity.OrderEntity, querySpaceUid=<gen:1>, path=[com.epam.esm.model.entity.UserEntity.orderEntities].<elements>)
             - CollectionAttributeFetchImpl(collection=com.epam.esm.model.entity.OrderEntity.certificateEntities, querySpaceUid=<gen:2>, path=[com.epam.esm.model.entity.UserEntity.orderEntities].<elements>.certificateEntities)
                - (collection element) CollectionFetchableElementEntityGraph(entity=com.epam.esm.model.entity.CertificateEntity, querySpaceUid=<gen:3>, path=[com.epam.esm.model.entity.UserEntity.orderEntities].<elements>.certificateEntities.<elements>)
    - QuerySpaces
       - CollectionQuerySpaceImpl(uid=<gen:0>, collection=com.epam.esm.model.entity.UserEntity.orderEntities)
          - SQL table alias mapping - orderentit0_
          - alias suffix - 0_
          - suffixed key columns - {userenti1_6_0_}
          - entity-element alias suffix - 1_
          - 1_entity-element suffixed key columns - id1_2_1_
          - JOIN (JoinDefinedByMetadata(elements)) : <gen:0> -> <gen:1>
             - EntityQuerySpaceImpl(uid=<gen:1>, entity=com.epam.esm.model.entity.OrderEntity)
                - SQL table alias mapping - orderentit1_
                - alias suffix - 1_
                - suffixed key columns - {id1_2_1_}

15:48:50.212 [Test worker] DEBUG org.hibernate.loader.collection.plan.CollectionLoader - Static select for collection com.epam.esm.model.entity.UserEntity.orderEntities: select orderentit0_.UserEntity_id as userenti1_6_0_, orderentit0_.orderEntities_id as orderent2_6_0_, orderentit1_.id as id1_2_1_, orderentit1_.purchaseDate as purchase2_2_1_, orderentit1_.summary as summary3_2_1_ from UserEntity_OrderEntity orderentit0_ inner join OrderEntity orderentit1_ on orderentit0_.orderEntities_id=orderentit1_.id where orderentit0_.UserEntity_id=?
15:48:50.252 [Test worker] DEBUG org.springframework.jdbc.datasource.DriverManagerDataSource - Creating new JDBC DriverManager Connection to [jdbc:h2:mem:second;DB_CLOSE_DELAY=-1]
15:48:50.304 [Test worker] DEBUG org.hibernate.SQL - create table CertificateEntity (id bigint generated by default as identity, createDate timestamp, description varchar(255), duration integer not null, lastUpdateDate timestamp, name varchar(255), price double not null, primary key (id))
Hibernate: create table CertificateEntity (id bigint generated by default as identity, createDate timestamp, description varchar(255), duration integer not null, lastUpdateDate timestamp, name varchar(255), price double not null, primary key (id))
15:48:50.329 [Test worker] DEBUG org.hibernate.SQL - create table CertificateEntity_TagEntity (CertificateEntity_id bigint not null, tagEntities_id bigint not null)
Hibernate: create table CertificateEntity_TagEntity (CertificateEntity_id bigint not null, tagEntities_id bigint not null)
15:48:50.331 [Test worker] DEBUG org.hibernate.SQL - create table OrderEntity (id bigint generated by default as identity, purchaseDate timestamp, summary double not null, primary key (id))
Hibernate: create table OrderEntity (id bigint generated by default as identity, purchaseDate timestamp, summary double not null, primary key (id))
15:48:50.340 [Test worker] DEBUG org.hibernate.SQL - create table OrderEntity_CertificateEntity (OrderEntity_id bigint not null, certificateEntities_id bigint not null)
Hibernate: create table OrderEntity_CertificateEntity (OrderEntity_id bigint not null, certificateEntities_id bigint not null)
15:48:50.341 [Test worker] DEBUG org.hibernate.SQL - create table TagEntity (id bigint generated by default as identity, name varchar(255), primary key (id))
Hibernate: create table TagEntity (id bigint generated by default as identity, name varchar(255), primary key (id))
15:48:50.346 [Test worker] DEBUG org.hibernate.SQL - create table UserEntity (id bigint generated by default as identity, username varchar(255), primary key (id))
Hibernate: create table UserEntity (id bigint generated by default as identity, username varchar(255), primary key (id))
15:48:50.356 [Test worker] DEBUG org.hibernate.SQL - create table UserEntity_OrderEntity (UserEntity_id bigint not null, orderEntities_id bigint not null)
Hibernate: create table UserEntity_OrderEntity (UserEntity_id bigint not null, orderEntities_id bigint not null)
15:48:50.357 [Test worker] DEBUG org.hibernate.SQL - alter table CertificateEntity drop constraint if exists UK_4io0jhvdc8ko9e8bkkw0n443a
Hibernate: alter table CertificateEntity drop constraint if exists UK_4io0jhvdc8ko9e8bkkw0n443a
15:48:50.358 [Test worker] DEBUG org.hibernate.SQL - alter table CertificateEntity add constraint UK_4io0jhvdc8ko9e8bkkw0n443a unique (name)
Hibernate: alter table CertificateEntity add constraint UK_4io0jhvdc8ko9e8bkkw0n443a unique (name)
15:48:50.361 [Test worker] DEBUG org.hibernate.SQL - alter table TagEntity drop constraint if exists UK_nju473xvkvj63irbn01bhcx4t
Hibernate: alter table TagEntity drop constraint if exists UK_nju473xvkvj63irbn01bhcx4t
15:48:50.362 [Test worker] DEBUG org.hibernate.SQL - alter table TagEntity add constraint UK_nju473xvkvj63irbn01bhcx4t unique (name)
Hibernate: alter table TagEntity add constraint UK_nju473xvkvj63irbn01bhcx4t unique (name)
15:48:50.363 [Test worker] DEBUG org.hibernate.SQL - alter table UserEntity_OrderEntity drop constraint if exists UK_6sdmk8f207gsxftxnqiockv16
Hibernate: alter table UserEntity_OrderEntity drop constraint if exists UK_6sdmk8f207gsxftxnqiockv16
15:48:50.363 [Test worker] DEBUG org.hibernate.SQL - alter table UserEntity_OrderEntity add constraint UK_6sdmk8f207gsxftxnqiockv16 unique (orderEntities_id)
Hibernate: alter table UserEntity_OrderEntity add constraint UK_6sdmk8f207gsxftxnqiockv16 unique (orderEntities_id)
15:48:50.364 [Test worker] DEBUG org.hibernate.SQL - alter table CertificateEntity_TagEntity add constraint FKbvum6omumgn0swmkmk4c3657e foreign key (tagEntities_id) references TagEntity
Hibernate: alter table CertificateEntity_TagEntity add constraint FKbvum6omumgn0swmkmk4c3657e foreign key (tagEntities_id) references TagEntity
15:48:50.367 [Test worker] DEBUG org.hibernate.SQL - alter table CertificateEntity_TagEntity add constraint FK5491dmfo7v0qf5q8tc8jo7t5r foreign key (CertificateEntity_id) references CertificateEntity
Hibernate: alter table CertificateEntity_TagEntity add constraint FK5491dmfo7v0qf5q8tc8jo7t5r foreign key (CertificateEntity_id) references CertificateEntity
15:48:50.370 [Test worker] DEBUG org.hibernate.SQL - alter table OrderEntity_CertificateEntity add constraint FK29lv6m2jli6oko525tfbqiykr foreign key (certificateEntities_id) references CertificateEntity
Hibernate: alter table OrderEntity_CertificateEntity add constraint FK29lv6m2jli6oko525tfbqiykr foreign key (certificateEntities_id) references CertificateEntity
15:48:50.372 [Test worker] DEBUG org.hibernate.SQL - alter table OrderEntity_CertificateEntity add constraint FKbd3ti9u2flbdqa1fb9hgwnq2o foreign key (OrderEntity_id) references OrderEntity
Hibernate: alter table OrderEntity_CertificateEntity add constraint FKbd3ti9u2flbdqa1fb9hgwnq2o foreign key (OrderEntity_id) references OrderEntity
15:48:50.375 [Test worker] DEBUG org.hibernate.SQL - alter table UserEntity_OrderEntity add constraint FKp1vfulhodxurkg8yw8bd7ip25 foreign key (orderEntities_id) references OrderEntity
Hibernate: alter table UserEntity_OrderEntity add constraint FKp1vfulhodxurkg8yw8bd7ip25 foreign key (orderEntities_id) references OrderEntity
15:48:50.377 [Test worker] DEBUG org.hibernate.SQL - alter table UserEntity_OrderEntity add constraint FKsjykgrudhedqdifpiam63jlle foreign key (UserEntity_id) references UserEntity
Hibernate: alter table UserEntity_OrderEntity add constraint FKsjykgrudhedqdifpiam63jlle foreign key (UserEntity_id) references UserEntity
15:48:50.379 [Test worker] DEBUG org.hibernate.engine.transaction.jta.platform.internal.JtaPlatformInitiator - No JtaPlatform was specified, checking resolver
15:48:50.380 [Test worker] DEBUG org.hibernate.engine.transaction.jta.platform.internal.JtaPlatformResolverInitiator - No JtaPlatformResolver was specified, using default [org.hibernate.engine.transaction.jta.platform.internal.StandardJtaPlatformResolver]
15:48:50.385 [Test worker] DEBUG org.hibernate.engine.transaction.jta.platform.internal.StandardJtaPlatformResolver - Could not resolve JtaPlatform, using default [org.hibernate.engine.transaction.jta.platform.internal.NoJtaPlatform]
15:48:50.385 [Test worker] INFO org.hibernate.engine.transaction.jta.platform.internal.JtaPlatformInitiator - HHH000490: Using JtaPlatform implementation: [org.hibernate.engine.transaction.jta.platform.internal.NoJtaPlatform]
15:48:50.386 [Test worker] DEBUG org.hibernate.query.spi.NamedQueryRepository - Checking 0 named HQL queries
15:48:50.386 [Test worker] DEBUG org.hibernate.query.spi.NamedQueryRepository - Checking 0 named SQL queries
15:48:50.393 [Test worker] DEBUG org.hibernate.internal.SessionFactoryRegistry - Initializing SessionFactoryRegistry : org.hibernate.internal.SessionFactoryRegistry@326d11fd
15:48:50.393 [Test worker] DEBUG org.hibernate.internal.SessionFactoryRegistry - Registering SessionFactory: d035c5bc-0f3d-445f-a0b9-fe220b84274a (<unnamed>)
15:48:50.393 [Test worker] DEBUG org.hibernate.internal.SessionFactoryRegistry - Not binding SessionFactory to JNDI, no JNDI name configured
15:48:50.393 [Test worker] INFO org.springframework.orm.jpa.LocalContainerEntityManagerFactoryBean - Initialized JPA EntityManagerFactory for persistence unit 'default'
15:48:50.397 [Test worker] DEBUG org.springframework.beans.factory.support.DefaultListableBeanFactory - Creating shared instance of singleton bean 'serviceTestConfiguration'
15:48:50.400 [Test worker] DEBUG org.springframework.beans.factory.support.DefaultListableBeanFactory - Creating shared instance of singleton bean 'certificateServiceImpl'
15:48:50.403 [Test worker] DEBUG org.springframework.beans.factory.support.DefaultListableBeanFactory - Creating shared instance of singleton bean 'certificateDaoImpl'
15:48:50.404 [Test worker] DEBUG org.springframework.beans.factory.support.DefaultListableBeanFactory - Creating shared instance of singleton bean 'tagDaoImpl'
15:48:50.436 [Test worker] DEBUG org.springframework.beans.factory.support.DefaultListableBeanFactory - Autowiring by type from bean name 'certificateDaoImpl' via constructor to bean named 'tagDaoImpl'
15:48:50.440 [Test worker] DEBUG org.springframework.beans.factory.support.DefaultListableBeanFactory - Autowiring by type from bean name 'certificateServiceImpl' via constructor to bean named 'certificateDaoImpl'
15:48:50.440 [Test worker] DEBUG org.springframework.beans.factory.support.DefaultListableBeanFactory - Autowiring by type from bean name 'certificateServiceImpl' via constructor to bean named 'tagDaoImpl'
15:48:50.443 [Test worker] DEBUG org.springframework.beans.factory.support.DefaultListableBeanFactory - Creating shared instance of singleton bean 'tagServiceImpl'
15:48:50.444 [Test worker] DEBUG org.springframework.beans.factory.support.DefaultListableBeanFactory - Autowiring by type from bean name 'tagServiceImpl' via constructor to bean named 'tagDaoImpl'
15:48:50.446 [Test worker] DEBUG org.springframework.beans.factory.support.DefaultListableBeanFactory - Creating shared instance of singleton bean 'userServiceImpl'
15:48:50.448 [Test worker] DEBUG org.springframework.beans.factory.support.DefaultListableBeanFactory - Creating shared instance of singleton bean 'userDaoImpl'
15:48:50.453 [Test worker] DEBUG org.springframework.beans.factory.support.DefaultListableBeanFactory - Creating shared instance of singleton bean 'orderDaoImpl'
15:48:50.453 [Test worker] DEBUG org.springframework.beans.factory.support.DefaultListableBeanFactory - Autowiring by type from bean name 'orderDaoImpl' via constructor to bean named 'certificateDaoImpl'
15:48:50.457 [Test worker] DEBUG org.springframework.beans.factory.support.DefaultListableBeanFactory - Autowiring by type from bean name 'userServiceImpl' via constructor to bean named 'userDaoImpl'
15:48:50.457 [Test worker] DEBUG org.springframework.beans.factory.support.DefaultListableBeanFactory - Autowiring by type from bean name 'userServiceImpl' via constructor to bean named 'certificateServiceImpl'
15:48:50.457 [Test worker] DEBUG org.springframework.beans.factory.support.DefaultListableBeanFactory - Autowiring by type from bean name 'userServiceImpl' via constructor to bean named 'orderDaoImpl'
15:48:50.460 [Test worker] DEBUG org.springframework.beans.factory.support.DefaultListableBeanFactory - Creating shared instance of singleton bean 'daoConfiguration'
15:48:50.462 [Test worker] DEBUG org.springframework.beans.factory.support.DefaultListableBeanFactory - Creating shared instance of singleton bean 'transactionManager'
15:48:50.463 [Test worker] DEBUG org.springframework.beans.factory.support.DefaultListableBeanFactory - Autowiring by type from bean name 'transactionManager' via factory method to bean named 'entityManagerFactory'
15:48:50.577 [Test worker] DEBUG org.springframework.test.context.cache.DefaultCacheAwareContextLoaderDelegate - Storing ApplicationContext [680343911] in cache under key [[MergedContextConfiguration@2b0a7799 testClass = TagServiceImplTest, locations = '{}', classes = '{class com.epam.esm.configuration.ServiceTestConfiguration}', contextInitializerClasses = '[]', activeProfiles = '{}', propertySourceLocations = '{}', propertySourceProperties = '{}', contextCustomizers = set[org.springframework.boot.test.autoconfigure.actuate.metrics.MetricsExportContextCustomizerFactory$DisableMetricExportContextCustomizer@6651816e, org.springframework.boot.test.autoconfigure.properties.PropertyMappingContextCustomizer@0, org.springframework.boot.test.autoconfigure.web.servlet.WebDriverContextCustomizerFactory$Customizer@13e8d783, org.springframework.boot.test.context.filter.ExcludeFilterContextCustomizer@17dd04d3, org.springframework.boot.test.json.DuplicateJsonObjectContextCustomizerFactory$DuplicateJsonObjectContextCustomizer@4c36dadc, org.springframework.boot.test.mock.mockito.MockitoContextCustomizer@0], contextLoader = 'org.springframework.test.context.support.DelegatingSmartContextLoader', parent = [null]]]
15:48:50.577 [Test worker] DEBUG org.springframework.test.context.cache - Spring test ApplicationContext cache statistics: [DefaultContextCache@3c78283c size = 1, maxSize = 32, parentContextCount = 0, hitCount = 0, missCount = 1]
15:48:50.585 [Test worker] DEBUG org.springframework.test.context.cache.DefaultCacheAwareContextLoaderDelegate - Retrieved ApplicationContext [680343911] from cache with key [[MergedContextConfiguration@2b0a7799 testClass = TagServiceImplTest, locations = '{}', classes = '{class com.epam.esm.configuration.ServiceTestConfiguration}', contextInitializerClasses = '[]', activeProfiles = '{}', propertySourceLocations = '{}', propertySourceProperties = '{}', contextCustomizers = set[org.springframework.boot.test.autoconfigure.actuate.metrics.MetricsExportContextCustomizerFactory$DisableMetricExportContextCustomizer@6651816e, org.springframework.boot.test.autoconfigure.properties.PropertyMappingContextCustomizer@0, org.springframework.boot.test.autoconfigure.web.servlet.WebDriverContextCustomizerFactory$Customizer@13e8d783, org.springframework.boot.test.context.filter.ExcludeFilterContextCustomizer@17dd04d3, org.springframework.boot.test.json.DuplicateJsonObjectContextCustomizerFactory$DuplicateJsonObjectContextCustomizer@4c36dadc, org.springframework.boot.test.mock.mockito.MockitoContextCustomizer@0], contextLoader = 'org.springframework.test.context.support.DelegatingSmartContextLoader', parent = [null]]]
15:48:50.585 [Test worker] DEBUG org.springframework.test.context.cache - Spring test ApplicationContext cache statistics: [DefaultContextCache@3c78283c size = 1, maxSize = 32, parentContextCount = 0, hitCount = 1, missCount = 1]
15:48:50.588 [Test worker] DEBUG org.springframework.test.context.support.AbstractDirtiesContextTestExecutionListener - Before test method: context [DefaultTestContext@385181f4 testClass = TagServiceImplTest, testInstance = com.epam.esm.service.impl.TagServiceImplTest@78b278f3, testMethod = getAllTest@TagServiceImplTest, testException = [null], mergedContextConfiguration = [MergedContextConfiguration@2b0a7799 testClass = TagServiceImplTest, locations = '{}', classes = '{class com.epam.esm.configuration.ServiceTestConfiguration}', contextInitializerClasses = '[]', activeProfiles = '{}', propertySourceLocations = '{}', propertySourceProperties = '{}', contextCustomizers = set[org.springframework.boot.test.autoconfigure.actuate.metrics.MetricsExportContextCustomizerFactory$DisableMetricExportContextCustomizer@6651816e, org.springframework.boot.test.autoconfigure.properties.PropertyMappingContextCustomizer@0, org.springframework.boot.test.autoconfigure.web.servlet.WebDriverContextCustomizerFactory$Customizer@13e8d783, org.springframework.boot.test.context.filter.ExcludeFilterContextCustomizer@17dd04d3, org.springframework.boot.test.json.DuplicateJsonObjectContextCustomizerFactory$DuplicateJsonObjectContextCustomizer@4c36dadc, org.springframework.boot.test.mock.mockito.MockitoContextCustomizer@0], contextLoader = 'org.springframework.test.context.support.DelegatingSmartContextLoader', parent = [null]], attributes = map['org.springframework.test.context.event.ApplicationEventsTestExecutionListener.recordApplicationEvents' -> false]], class annotated with @DirtiesContext [false] with mode [null], method annotated with @DirtiesContext [false] with mode [null].
15:48:50.592 [Test worker] DEBUG org.springframework.test.context.cache.DefaultCacheAwareContextLoaderDelegate - Retrieved ApplicationContext [680343911] from cache with key [[MergedContextConfiguration@2b0a7799 testClass = TagServiceImplTest, locations = '{}', classes = '{class com.epam.esm.configuration.ServiceTestConfiguration}', contextInitializerClasses = '[]', activeProfiles = '{}', propertySourceLocations = '{}', propertySourceProperties = '{}', contextCustomizers = set[org.springframework.boot.test.autoconfigure.actuate.metrics.MetricsExportContextCustomizerFactory$DisableMetricExportContextCustomizer@6651816e, org.springframework.boot.test.autoconfigure.properties.PropertyMappingContextCustomizer@0, org.springframework.boot.test.autoconfigure.web.servlet.WebDriverContextCustomizerFactory$Customizer@13e8d783, org.springframework.boot.test.context.filter.ExcludeFilterContextCustomizer@17dd04d3, org.springframework.boot.test.json.DuplicateJsonObjectContextCustomizerFactory$DuplicateJsonObjectContextCustomizer@4c36dadc, org.springframework.boot.test.mock.mockito.MockitoContextCustomizer@0], contextLoader = 'org.springframework.test.context.support.DelegatingSmartContextLoader', parent = [null]]]
15:48:50.592 [Test worker] DEBUG org.springframework.test.context.cache - Spring test ApplicationContext cache statistics: [DefaultContextCache@3c78283c size = 1, maxSize = 32, parentContextCount = 0, hitCount = 2, missCount = 1]
15:48:50.593 [Test worker] DEBUG org.springframework.test.context.cache.DefaultCacheAwareContextLoaderDelegate - Retrieved ApplicationContext [680343911] from cache with key [[MergedContextConfiguration@2b0a7799 testClass = TagServiceImplTest, locations = '{}', classes = '{class com.epam.esm.configuration.ServiceTestConfiguration}', contextInitializerClasses = '[]', activeProfiles = '{}', propertySourceLocations = '{}', propertySourceProperties = '{}', contextCustomizers = set[org.springframework.boot.test.autoconfigure.actuate.metrics.MetricsExportContextCustomizerFactory$DisableMetricExportContextCustomizer@6651816e, org.springframework.boot.test.autoconfigure.properties.PropertyMappingContextCustomizer@0, org.springframework.boot.test.autoconfigure.web.servlet.WebDriverContextCustomizerFactory$Customizer@13e8d783, org.springframework.boot.test.context.filter.ExcludeFilterContextCustomizer@17dd04d3, org.springframework.boot.test.json.DuplicateJsonObjectContextCustomizerFactory$DuplicateJsonObjectContextCustomizer@4c36dadc, org.springframework.boot.test.mock.mockito.MockitoContextCustomizer@0], contextLoader = 'org.springframework.test.context.support.DelegatingSmartContextLoader', parent = [null]]]
15:48:50.593 [Test worker] DEBUG org.springframework.test.context.cache - Spring test ApplicationContext cache statistics: [DefaultContextCache@3c78283c size = 1, maxSize = 32, parentContextCount = 0, hitCount = 3, missCount = 1]
15:48:50.721 [Test worker] DEBUG org.springframework.test.context.cache.DefaultCacheAwareContextLoaderDelegate - Retrieved ApplicationContext [680343911] from cache with key [[MergedContextConfiguration@2b0a7799 testClass = TagServiceImplTest, locations = '{}', classes = '{class com.epam.esm.configuration.ServiceTestConfiguration}', contextInitializerClasses = '[]', activeProfiles = '{}', propertySourceLocations = '{}', propertySourceProperties = '{}', contextCustomizers = set[org.springframework.boot.test.autoconfigure.actuate.metrics.MetricsExportContextCustomizerFactory$DisableMetricExportContextCustomizer@6651816e, org.springframework.boot.test.autoconfigure.properties.PropertyMappingContextCustomizer@0, org.springframework.boot.test.autoconfigure.web.servlet.WebDriverContextCustomizerFactory$Customizer@13e8d783, org.springframework.boot.test.context.filter.ExcludeFilterContextCustomizer@17dd04d3, org.springframework.boot.test.json.DuplicateJsonObjectContextCustomizerFactory$DuplicateJsonObjectContextCustomizer@4c36dadc, org.springframework.boot.test.mock.mockito.MockitoContextCustomizer@0], contextLoader = 'org.springframework.test.context.support.DelegatingSmartContextLoader', parent = [null]]]
15:48:50.721 [Test worker] DEBUG org.springframework.test.context.cache - Spring test ApplicationContext cache statistics: [DefaultContextCache@3c78283c size = 1, maxSize = 32, parentContextCount = 0, hitCount = 4, missCount = 1]
15:48:50.731 [Test worker] DEBUG org.springframework.orm.jpa.JpaTransactionManager - Creating new transaction with name [com.epam.esm.dao.impl.TagDaoImpl.create]: PROPAGATION_REQUIRED,ISOLATION_DEFAULT
15:48:50.771 [Test worker] DEBUG org.hibernate.stat.internal.StatisticsInitiator - Statistics initialized [enabled=true]
15:48:50.774 [Test worker] DEBUG org.springframework.orm.jpa.JpaTransactionManager - Opened new EntityManager [SessionImpl(1959879101<open>)] for JPA transaction
15:48:50.777 [Test worker] DEBUG org.hibernate.engine.transaction.internal.TransactionImpl - On TransactionImpl creation, JpaCompliance#isJpaTransactionComplianceEnabled == false
15:48:50.777 [Test worker] DEBUG org.hibernate.engine.transaction.internal.TransactionImpl - begin
15:48:50.777 [Test worker] DEBUG org.springframework.jdbc.datasource.DriverManagerDataSource - Creating new JDBC DriverManager Connection to [jdbc:h2:mem:second;DB_CLOSE_DELAY=-1]
15:48:50.778 [Test worker] DEBUG org.springframework.orm.jpa.JpaTransactionManager - Exposing JPA transaction as JDBC [org.springframework.orm.jpa.vendor.HibernateJpaDialect$HibernateConnectionHandle@298cbdde]
15:48:50.810 [Test worker] DEBUG org.hibernate.hql.internal.QueryTranslatorFactoryInitiator - QueryTranslatorFactory: org.hibernate.hql.internal.ast.ASTQueryTranslatorFactory@611cdd8f
15:48:50.871 [Test worker] DEBUG org.hibernate.hql.internal.ast.QueryTranslatorImpl - parse() - HQL: SELECT tag from com.epam.esm.model.entity.TagEntity tag where tag.name = ?1
15:48:50.875 [Test worker] DEBUG org.hibernate.hql.internal.ast.ErrorTracker - throwQueryException() : no errors
15:48:50.881 [Test worker] DEBUG org.hibernate.hql.internal.ast.QueryTranslatorImpl - --- HQL AST ---
 \-[QUERY] Node: 'query'
    +-[SELECT_FROM] Node: 'SELECT_FROM'
    |  +-[FROM] Node: 'from'
    |  |  \-[RANGE] Node: 'RANGE'
    |  |     +-[DOT] Node: '.'
    |  |     |  +-[DOT] Node: '.'
    |  |     |  |  +-[DOT] Node: '.'
    |  |     |  |  |  +-[DOT] Node: '.'
    |  |     |  |  |  |  +-[DOT] Node: '.'
    |  |     |  |  |  |  |  +-[IDENT] Node: 'com'
    |  |     |  |  |  |  |  \-[IDENT] Node: 'epam'
    |  |     |  |  |  |  \-[IDENT] Node: 'esm'
    |  |     |  |  |  \-[IDENT] Node: 'model'
    |  |     |  |  \-[IDENT] Node: 'entity'
    |  |     |  \-[IDENT] Node: 'TagEntity'
    |  |     \-[ALIAS] Node: 'tag'
    |  \-[SELECT] Node: 'SELECT'
    |     \-[IDENT] Node: 'tag'
    \-[WHERE] Node: 'where'
       \-[EQ] Node: '='
          +-[DOT] Node: '.'
          |  +-[IDENT] Node: 'tag'
          |  \-[IDENT] Node: 'name'
          \-[PARAM] Node: '?'
             \-[NUM_INT] Node: '1'

15:48:50.898 [Test worker] DEBUG org.hibernate.hql.internal.antlr.HqlSqlBaseWalker - select << begin [level=1, statement=select]
15:48:50.908 [Test worker] DEBUG org.hibernate.hql.internal.ast.tree.FromElement - FromClause{level=1} : com.epam.esm.model.entity.TagEntity (tag) -> tagentity0_
15:48:50.908 [Test worker] DEBUG org.hibernate.hql.internal.ast.tree.FromReferenceNode - Resolved : tag -> tagentity0_.id
15:48:50.911 [Test worker] DEBUG org.hibernate.hql.internal.ast.tree.FromReferenceNode - Resolved : tag -> tagentity0_.id
15:48:50.912 [Test worker] DEBUG org.hibernate.hql.internal.ast.tree.DotNode - getDataType() : name -> org.hibernate.type.StringType@2426d3bc
15:48:50.912 [Test worker] DEBUG org.hibernate.hql.internal.ast.tree.FromReferenceNode - Resolved : tag.name -> tagentity0_.name
15:48:50.914 [Test worker] DEBUG org.hibernate.hql.internal.antlr.HqlSqlBaseWalker - select : finishing up [level=1, statement=select]
15:48:50.915 [Test worker] DEBUG org.hibernate.hql.internal.ast.HqlSqlWalker - processQuery() :  ( SELECT ( {select clause} tagentity0_.id ) ( FromClause{level=1} TagEntity tagentity0_ ) ( where ( = ( tagentity0_.name tagentity0_.id name ) ? ) ) )
15:48:50.920 [Test worker] DEBUG org.hibernate.hql.internal.ast.util.JoinProcessor - Tables referenced from query nodes:
 \-QueryNode
    +-SelectClause
    | referencedTables(entity TagEntity): [TagEntity]
    |  +-IdentNode
    |  | persister: SingleTableEntityPersister(com.epam.esm.model.entity.TagEntity)
    |  | originalText: tag
    |  \-SqlFragment
    +-FromClause
    |  \-FromElement
    \-SqlNode
       \-BinaryLogicOperatorNode
          +-DotNode
          | persister: SingleTableEntityPersister(com.epam.esm.model.entity.TagEntity)
          | path: tag.name
          |  +-IdentNode
          |  | persister: SingleTableEntityPersister(com.epam.esm.model.entity.TagEntity)
          |  | originalText: tag
          |  \-IdentNode
          |    persister: null
          |    originalText: name
          \-ParameterNode

15:48:50.922 [Test worker] DEBUG org.hibernate.hql.internal.ast.util.JoinProcessor - Using FROM fragment [TagEntity tagentity0_]
15:48:50.922 [Test worker] DEBUG org.hibernate.hql.internal.antlr.HqlSqlBaseWalker - select >> end [level=1, statement=select]
15:48:50.922 [Test worker] DEBUG org.hibernate.hql.internal.ast.QueryTranslatorImpl - --- SQL AST ---
 \-[SELECT] QueryNode: 'SELECT'  querySpaces (TagEntity)
    +-[SELECT_CLAUSE] SelectClause: '{select clause}'
    |  +-[ALIAS_REF] IdentNode: 'tagentity0_.id as id1_4_' {alias=tag, className=com.epam.esm.model.entity.TagEntity, tableAlias=tagentity0_}
    |  \-[SQL_TOKEN] SqlFragment: 'tagentity0_.name as name2_4_'
    +-[FROM] FromClause: 'from' FromClause{level=1, fromElementCounter=1, fromElements=1, fromElementByClassAlias=[tag], fromElementByTableAlias=[tagentity0_], fromElementsByPath=[], collectionJoinFromElementsByPath=[], impliedElements=[]}
    |  \-[FROM_FRAGMENT] FromElement: 'TagEntity tagentity0_' FromElement{explicit,not a collection join,not a fetch join,fetch non-lazy properties,classAlias=tag,role=null,tableName=TagEntity,tableAlias=tagentity0_,origin=null,columns={,className=com.epam.esm.model.entity.TagEntity}}
    \-[WHERE] SqlNode: 'where'
       \-[EQ] BinaryLogicOperatorNode: '='
          +-[DOT] DotNode: 'tagentity0_.name' {propertyName=name,dereferenceType=PRIMITIVE,getPropertyPath=name,path=tag.name,tableAlias=tagentity0_,className=com.epam.esm.model.entity.TagEntity,classAlias=tag}
          |  +-[ALIAS_REF] IdentNode: 'tagentity0_.id' {alias=tag, className=com.epam.esm.model.entity.TagEntity, tableAlias=tagentity0_}
          |  \-[IDENT] IdentNode: 'name' {originalText=name}
          \-[PARAM] ParameterNode: '?' {label=1, expectedType=org.hibernate.type.StringType@2426d3bc}

15:48:50.922 [Test worker] DEBUG org.hibernate.hql.internal.ast.ErrorTracker - throwQueryException() : no errors
15:48:50.927 [Test worker] DEBUG org.hibernate.hql.internal.ast.QueryTranslatorImpl - HQL: SELECT tag from com.epam.esm.model.entity.TagEntity tag where tag.name = ?1
15:48:50.927 [Test worker] DEBUG org.hibernate.hql.internal.ast.QueryTranslatorImpl - SQL: select tagentity0_.id as id1_4_, tagentity0_.name as name2_4_ from TagEntity tagentity0_ where tagentity0_.name=?
15:48:50.927 [Test worker] DEBUG org.hibernate.hql.internal.ast.ErrorTracker - throwQueryException() : no errors
15:48:50.957 [Test worker] DEBUG org.hibernate.SQL - select tagentity0_.id as id1_4_, tagentity0_.name as name2_4_ from TagEntity tagentity0_ where tagentity0_.name=?
Hibernate: select tagentity0_.id as id1_4_, tagentity0_.name as name2_4_ from TagEntity tagentity0_ where tagentity0_.name=?
15:48:50.963 [Test worker] DEBUG org.hibernate.stat.internal.StatisticsImpl - HHH000117: HQL: SELECT tag from TagEntity tag where tag.name = ?1, time: 7ms, rows: 0
15:48:50.978 [Test worker] DEBUG org.hibernate.engine.spi.ActionQueue - Executing identity-insert immediately
15:48:50.981 [Test worker] DEBUG org.hibernate.SQL - insert into TagEntity (id, name) values (null, ?)
Hibernate: insert into TagEntity (id, name) values (null, ?)
15:48:50.985 [Test worker] DEBUG org.hibernate.id.IdentifierGeneratorHelper - Natively generated identity: 1
15:48:50.985 [Test worker] DEBUG org.hibernate.resource.jdbc.internal.ResourceRegistryStandardImpl - HHH000387: ResultSet's statement was not registered
15:48:50.989 [Test worker] DEBUG org.hibernate.event.internal.AbstractFlushingEventListener - Processing flush-time cascades
15:48:50.989 [Test worker] DEBUG org.hibernate.event.internal.AbstractFlushingEventListener - Dirty checking collections
15:48:50.992 [Test worker] DEBUG org.hibernate.event.internal.AbstractFlushingEventListener - Flushed: 0 insertions, 0 updates, 0 deletions to 1 objects
15:48:50.992 [Test worker] DEBUG org.hibernate.event.internal.AbstractFlushingEventListener - Flushed: 0 (re)creations, 0 updates, 0 removals to 0 collections
15:48:50.993 [Test worker] DEBUG org.hibernate.internal.util.EntityPrinter - Listing entities:
15:48:50.994 [Test worker] DEBUG org.hibernate.internal.util.EntityPrinter - com.epam.esm.model.entity.TagEntity{name=Tag0, id=1}
15:48:50.996 [Test worker] DEBUG org.springframework.orm.jpa.JpaTransactionManager - Initiating transaction commit
15:48:50.996 [Test worker] DEBUG org.springframework.orm.jpa.JpaTransactionManager - Committing JPA transaction on EntityManager [SessionImpl(1959879101<open>)]
15:48:50.996 [Test worker] DEBUG org.hibernate.engine.transaction.internal.TransactionImpl - committing
15:48:50.997 [Test worker] DEBUG org.springframework.orm.jpa.JpaTransactionManager - Closing JPA EntityManager [SessionImpl(1959879101<open>)] after transaction
15:48:50.998 [Test worker] INFO org.hibernate.engine.internal.StatisticalLoggingSessionEventListener - Session Metrics {
    578750 nanoseconds spent acquiring 1 JDBC connections;
    0 nanoseconds spent releasing 0 JDBC connections;
    926593 nanoseconds spent preparing 2 JDBC statements;
    2087862 nanoseconds spent executing 2 JDBC statements;
    0 nanoseconds spent executing 0 JDBC batches;
    0 nanoseconds spent performing 0 L2C puts;
    0 nanoseconds spent performing 0 L2C hits;
    0 nanoseconds spent performing 0 L2C misses;
    6569591 nanoseconds spent executing 1 flushes (flushing a total of 1 entities and 0 collections);
    41144 nanoseconds spent executing 1 partial-flushes (flushing a total of 0 entities and 0 collections)
}
15:48:50.998 [Test worker] DEBUG org.springframework.orm.jpa.JpaTransactionManager - Creating new transaction with name [com.epam.esm.dao.impl.TagDaoImpl.create]: PROPAGATION_REQUIRED,ISOLATION_DEFAULT
15:48:50.998 [Test worker] DEBUG org.springframework.orm.jpa.JpaTransactionManager - Opened new EntityManager [SessionImpl(1021633813<open>)] for JPA transaction
15:48:50.998 [Test worker] DEBUG org.hibernate.engine.transaction.internal.TransactionImpl - On TransactionImpl creation, JpaCompliance#isJpaTransactionComplianceEnabled == false
15:48:50.998 [Test worker] DEBUG org.hibernate.engine.transaction.internal.TransactionImpl - begin
15:48:50.998 [Test worker] DEBUG org.springframework.jdbc.datasource.DriverManagerDataSource - Creating new JDBC DriverManager Connection to [jdbc:h2:mem:second;DB_CLOSE_DELAY=-1]
15:48:50.999 [Test worker] DEBUG org.springframework.orm.jpa.JpaTransactionManager - Exposing JPA transaction as JDBC [org.springframework.orm.jpa.vendor.HibernateJpaDialect$HibernateConnectionHandle@8bf4dc8]
15:48:50.999 [Test worker] DEBUG org.hibernate.SQL - select tagentity0_.id as id1_4_, tagentity0_.name as name2_4_ from TagEntity tagentity0_ where tagentity0_.name=?
Hibernate: select tagentity0_.id as id1_4_, tagentity0_.name as name2_4_ from TagEntity tagentity0_ where tagentity0_.name=?
15:48:51.000 [Test worker] DEBUG org.hibernate.stat.internal.StatisticsImpl - HHH000117: HQL: SELECT tag from TagEntity tag where tag.name = ?1, time: 1ms, rows: 0
15:48:51.001 [Test worker] DEBUG org.hibernate.engine.spi.ActionQueue - Executing identity-insert immediately
15:48:51.001 [Test worker] DEBUG org.hibernate.SQL - insert into TagEntity (id, name) values (null, ?)
Hibernate: insert into TagEntity (id, name) values (null, ?)
15:48:51.001 [Test worker] DEBUG org.hibernate.id.IdentifierGeneratorHelper - Natively generated identity: 2
15:48:51.002 [Test worker] DEBUG org.hibernate.resource.jdbc.internal.ResourceRegistryStandardImpl - HHH000387: ResultSet's statement was not registered
15:48:51.002 [Test worker] DEBUG org.hibernate.event.internal.AbstractFlushingEventListener - Processing flush-time cascades
15:48:51.002 [Test worker] DEBUG org.hibernate.event.internal.AbstractFlushingEventListener - Dirty checking collections
15:48:51.002 [Test worker] DEBUG org.hibernate.event.internal.AbstractFlushingEventListener - Flushed: 0 insertions, 0 updates, 0 deletions to 1 objects
15:48:51.002 [Test worker] DEBUG org.hibernate.event.internal.AbstractFlushingEventListener - Flushed: 0 (re)creations, 0 updates, 0 removals to 0 collections
15:48:51.002 [Test worker] DEBUG org.hibernate.internal.util.EntityPrinter - Listing entities:
15:48:51.002 [Test worker] DEBUG org.hibernate.internal.util.EntityPrinter - com.epam.esm.model.entity.TagEntity{name=Tag1, id=2}
15:48:51.002 [Test worker] DEBUG org.springframework.orm.jpa.JpaTransactionManager - Initiating transaction commit
15:48:51.002 [Test worker] DEBUG org.springframework.orm.jpa.JpaTransactionManager - Committing JPA transaction on EntityManager [SessionImpl(1021633813<open>)]
15:48:51.002 [Test worker] DEBUG org.hibernate.engine.transaction.internal.TransactionImpl - committing
15:48:51.003 [Test worker] DEBUG org.springframework.orm.jpa.JpaTransactionManager - Closing JPA EntityManager [SessionImpl(1021633813<open>)] after transaction
15:48:51.003 [Test worker] INFO org.hibernate.engine.internal.StatisticalLoggingSessionEventListener - Session Metrics {
    412849 nanoseconds spent acquiring 1 JDBC connections;
    0 nanoseconds spent releasing 0 JDBC connections;
    315473 nanoseconds spent preparing 2 JDBC statements;
    405217 nanoseconds spent executing 2 JDBC statements;
    0 nanoseconds spent executing 0 JDBC batches;
    0 nanoseconds spent performing 0 L2C puts;
    0 nanoseconds spent performing 0 L2C hits;
    0 nanoseconds spent performing 0 L2C misses;
    397923 nanoseconds spent executing 1 flushes (flushing a total of 1 entities and 0 collections);
    4809 nanoseconds spent executing 1 partial-flushes (flushing a total of 0 entities and 0 collections)
}
15:48:51.003 [Test worker] DEBUG org.springframework.orm.jpa.JpaTransactionManager - Creating new transaction with name [com.epam.esm.dao.impl.TagDaoImpl.create]: PROPAGATION_REQUIRED,ISOLATION_DEFAULT
15:48:51.003 [Test worker] DEBUG org.springframework.orm.jpa.JpaTransactionManager - Opened new EntityManager [SessionImpl(1631902969<open>)] for JPA transaction
15:48:51.003 [Test worker] DEBUG org.hibernate.engine.transaction.internal.TransactionImpl - On TransactionImpl creation, JpaCompliance#isJpaTransactionComplianceEnabled == false
15:48:51.003 [Test worker] DEBUG org.hibernate.engine.transaction.internal.TransactionImpl - begin
15:48:51.003 [Test worker] DEBUG org.springframework.jdbc.datasource.DriverManagerDataSource - Creating new JDBC DriverManager Connection to [jdbc:h2:mem:second;DB_CLOSE_DELAY=-1]
15:48:51.004 [Test worker] DEBUG org.springframework.orm.jpa.JpaTransactionManager - Exposing JPA transaction as JDBC [org.springframework.orm.jpa.vendor.HibernateJpaDialect$HibernateConnectionHandle@2e0f2406]
15:48:51.004 [Test worker] DEBUG org.hibernate.SQL - select tagentity0_.id as id1_4_, tagentity0_.name as name2_4_ from TagEntity tagentity0_ where tagentity0_.name=?
Hibernate: select tagentity0_.id as id1_4_, tagentity0_.name as name2_4_ from TagEntity tagentity0_ where tagentity0_.name=?
15:48:51.005 [Test worker] DEBUG org.hibernate.stat.internal.StatisticsImpl - HHH000117: HQL: SELECT tag from TagEntity tag where tag.name = ?1, time: 1ms, rows: 0
15:48:51.005 [Test worker] DEBUG org.hibernate.engine.spi.ActionQueue - Executing identity-insert immediately
15:48:51.006 [Test worker] DEBUG org.hibernate.SQL - insert into TagEntity (id, name) values (null, ?)
Hibernate: insert into TagEntity (id, name) values (null, ?)
15:48:51.006 [Test worker] DEBUG org.hibernate.id.IdentifierGeneratorHelper - Natively generated identity: 3
15:48:51.006 [Test worker] DEBUG org.hibernate.resource.jdbc.internal.ResourceRegistryStandardImpl - HHH000387: ResultSet's statement was not registered
15:48:51.007 [Test worker] DEBUG org.hibernate.event.internal.AbstractFlushingEventListener - Processing flush-time cascades
15:48:51.007 [Test worker] DEBUG org.hibernate.event.internal.AbstractFlushingEventListener - Dirty checking collections
15:48:51.007 [Test worker] DEBUG org.hibernate.event.internal.AbstractFlushingEventListener - Flushed: 0 insertions, 0 updates, 0 deletions to 1 objects
15:48:51.007 [Test worker] DEBUG org.hibernate.event.internal.AbstractFlushingEventListener - Flushed: 0 (re)creations, 0 updates, 0 removals to 0 collections
15:48:51.007 [Test worker] DEBUG org.hibernate.internal.util.EntityPrinter - Listing entities:
15:48:51.007 [Test worker] DEBUG org.hibernate.internal.util.EntityPrinter - com.epam.esm.model.entity.TagEntity{name=Tag2, id=3}
15:48:51.007 [Test worker] DEBUG org.springframework.orm.jpa.JpaTransactionManager - Initiating transaction commit
15:48:51.007 [Test worker] DEBUG org.springframework.orm.jpa.JpaTransactionManager - Committing JPA transaction on EntityManager [SessionImpl(1631902969<open>)]
15:48:51.007 [Test worker] DEBUG org.hibernate.engine.transaction.internal.TransactionImpl - committing
15:48:51.008 [Test worker] DEBUG org.springframework.orm.jpa.JpaTransactionManager - Closing JPA EntityManager [SessionImpl(1631902969<open>)] after transaction
15:48:51.008 [Test worker] INFO org.hibernate.engine.internal.StatisticalLoggingSessionEventListener - Session Metrics {
    389209 nanoseconds spent acquiring 1 JDBC connections;
    0 nanoseconds spent releasing 0 JDBC connections;
    291638 nanoseconds spent preparing 2 JDBC statements;
    462596 nanoseconds spent executing 2 JDBC statements;
    0 nanoseconds spent executing 0 JDBC batches;
    0 nanoseconds spent performing 0 L2C puts;
    0 nanoseconds spent performing 0 L2C hits;
    0 nanoseconds spent performing 0 L2C misses;
    531405 nanoseconds spent executing 1 flushes (flushing a total of 1 entities and 0 collections);
    3583 nanoseconds spent executing 1 partial-flushes (flushing a total of 0 entities and 0 collections)
}
15:48:51.009 [Test worker] DEBUG org.springframework.orm.jpa.JpaTransactionManager - Creating new transaction with name [com.epam.esm.dao.impl.TagDaoImpl.create]: PROPAGATION_REQUIRED,ISOLATION_DEFAULT
15:48:51.009 [Test worker] DEBUG org.springframework.orm.jpa.JpaTransactionManager - Opened new EntityManager [SessionImpl(534880726<open>)] for JPA transaction
15:48:51.009 [Test worker] DEBUG org.hibernate.engine.transaction.internal.TransactionImpl - On TransactionImpl creation, JpaCompliance#isJpaTransactionComplianceEnabled == false
15:48:51.009 [Test worker] DEBUG org.hibernate.engine.transaction.internal.TransactionImpl - begin
15:48:51.009 [Test worker] DEBUG org.springframework.jdbc.datasource.DriverManagerDataSource - Creating new JDBC DriverManager Connection to [jdbc:h2:mem:second;DB_CLOSE_DELAY=-1]
15:48:51.010 [Test worker] DEBUG org.springframework.orm.jpa.JpaTransactionManager - Exposing JPA transaction as JDBC [org.springframework.orm.jpa.vendor.HibernateJpaDialect$HibernateConnectionHandle@12bc3531]
15:48:51.010 [Test worker] DEBUG org.hibernate.SQL - select tagentity0_.id as id1_4_, tagentity0_.name as name2_4_ from TagEntity tagentity0_ where tagentity0_.name=?
Hibernate: select tagentity0_.id as id1_4_, tagentity0_.name as name2_4_ from TagEntity tagentity0_ where tagentity0_.name=?
15:48:51.011 [Test worker] DEBUG org.hibernate.stat.internal.StatisticsImpl - HHH000117: HQL: SELECT tag from TagEntity tag where tag.name = ?1, time: 1ms, rows: 0
15:48:51.012 [Test worker] DEBUG org.hibernate.engine.spi.ActionQueue - Executing identity-insert immediately
15:48:51.012 [Test worker] DEBUG org.hibernate.SQL - insert into TagEntity (id, name) values (null, ?)
Hibernate: insert into TagEntity (id, name) values (null, ?)
15:48:51.013 [Test worker] DEBUG org.hibernate.id.IdentifierGeneratorHelper - Natively generated identity: 4
15:48:51.013 [Test worker] DEBUG org.hibernate.resource.jdbc.internal.ResourceRegistryStandardImpl - HHH000387: ResultSet's statement was not registered
15:48:51.013 [Test worker] DEBUG org.hibernate.event.internal.AbstractFlushingEventListener - Processing flush-time cascades
15:48:51.013 [Test worker] DEBUG org.hibernate.event.internal.AbstractFlushingEventListener - Dirty checking collections
15:48:51.014 [Test worker] DEBUG org.hibernate.event.internal.AbstractFlushingEventListener - Flushed: 0 insertions, 0 updates, 0 deletions to 1 objects
15:48:51.014 [Test worker] DEBUG org.hibernate.event.internal.AbstractFlushingEventListener - Flushed: 0 (re)creations, 0 updates, 0 removals to 0 collections
15:48:51.014 [Test worker] DEBUG org.hibernate.internal.util.EntityPrinter - Listing entities:
15:48:51.014 [Test worker] DEBUG org.hibernate.internal.util.EntityPrinter - com.epam.esm.model.entity.TagEntity{name=Tag3, id=4}
15:48:51.014 [Test worker] DEBUG org.springframework.orm.jpa.JpaTransactionManager - Initiating transaction commit
15:48:51.014 [Test worker] DEBUG org.springframework.orm.jpa.JpaTransactionManager - Committing JPA transaction on EntityManager [SessionImpl(534880726<open>)]
15:48:51.014 [Test worker] DEBUG org.hibernate.engine.transaction.internal.TransactionImpl - committing
15:48:51.014 [Test worker] DEBUG org.springframework.orm.jpa.JpaTransactionManager - Closing JPA EntityManager [SessionImpl(534880726<open>)] after transaction
15:48:51.015 [Test worker] INFO org.hibernate.engine.internal.StatisticalLoggingSessionEventListener - Session Metrics {
    571175 nanoseconds spent acquiring 1 JDBC connections;
    0 nanoseconds spent releasing 0 JDBC connections;
    406534 nanoseconds spent preparing 2 JDBC statements;
    688156 nanoseconds spent executing 2 JDBC statements;
    0 nanoseconds spent executing 0 JDBC batches;
    0 nanoseconds spent performing 0 L2C puts;
    0 nanoseconds spent performing 0 L2C hits;
    0 nanoseconds spent performing 0 L2C misses;
    501841 nanoseconds spent executing 1 flushes (flushing a total of 1 entities and 0 collections);
    5941 nanoseconds spent executing 1 partial-flushes (flushing a total of 0 entities and 0 collections)
}
15:48:51.015 [Test worker] DEBUG org.springframework.orm.jpa.JpaTransactionManager - Creating new transaction with name [com.epam.esm.dao.impl.TagDaoImpl.create]: PROPAGATION_REQUIRED,ISOLATION_DEFAULT
15:48:51.015 [Test worker] DEBUG org.springframework.orm.jpa.JpaTransactionManager - Opened new EntityManager [SessionImpl(1355235603<open>)] for JPA transaction
15:48:51.015 [Test worker] DEBUG org.hibernate.engine.transaction.internal.TransactionImpl - On TransactionImpl creation, JpaCompliance#isJpaTransactionComplianceEnabled == false
15:48:51.015 [Test worker] DEBUG org.hibernate.engine.transaction.internal.TransactionImpl - begin
15:48:51.015 [Test worker] DEBUG org.springframework.jdbc.datasource.DriverManagerDataSource - Creating new JDBC DriverManager Connection to [jdbc:h2:mem:second;DB_CLOSE_DELAY=-1]
15:48:51.016 [Test worker] DEBUG org.springframework.orm.jpa.JpaTransactionManager - Exposing JPA transaction as JDBC [org.springframework.orm.jpa.vendor.HibernateJpaDialect$HibernateConnectionHandle@5c2cc818]
15:48:51.016 [Test worker] DEBUG org.hibernate.SQL - select tagentity0_.id as id1_4_, tagentity0_.name as name2_4_ from TagEntity tagentity0_ where tagentity0_.name=?
Hibernate: select tagentity0_.id as id1_4_, tagentity0_.name as name2_4_ from TagEntity tagentity0_ where tagentity0_.name=?
15:48:51.018 [Test worker] DEBUG org.hibernate.stat.internal.StatisticsImpl - HHH000117: HQL: SELECT tag from TagEntity tag where tag.name = ?1, time: 1ms, rows: 0
15:48:51.018 [Test worker] DEBUG org.hibernate.engine.spi.ActionQueue - Executing identity-insert immediately
15:48:51.018 [Test worker] DEBUG org.hibernate.SQL - insert into TagEntity (id, name) values (null, ?)
Hibernate: insert into TagEntity (id, name) values (null, ?)
15:48:51.019 [Test worker] DEBUG org.hibernate.id.IdentifierGeneratorHelper - Natively generated identity: 5
15:48:51.019 [Test worker] DEBUG org.hibernate.resource.jdbc.internal.ResourceRegistryStandardImpl - HHH000387: ResultSet's statement was not registered
15:48:51.019 [Test worker] DEBUG org.hibernate.event.internal.AbstractFlushingEventListener - Processing flush-time cascades
15:48:51.019 [Test worker] DEBUG org.hibernate.event.internal.AbstractFlushingEventListener - Dirty checking collections
15:48:51.019 [Test worker] DEBUG org.hibernate.event.internal.AbstractFlushingEventListener - Flushed: 0 insertions, 0 updates, 0 deletions to 1 objects
15:48:51.019 [Test worker] DEBUG org.hibernate.event.internal.AbstractFlushingEventListener - Flushed: 0 (re)creations, 0 updates, 0 removals to 0 collections
15:48:51.020 [Test worker] DEBUG org.hibernate.internal.util.EntityPrinter - Listing entities:
15:48:51.020 [Test worker] DEBUG org.hibernate.internal.util.EntityPrinter - com.epam.esm.model.entity.TagEntity{name=Tag4, id=5}
15:48:51.020 [Test worker] DEBUG org.springframework.orm.jpa.JpaTransactionManager - Initiating transaction commit
15:48:51.020 [Test worker] DEBUG org.springframework.orm.jpa.JpaTransactionManager - Committing JPA transaction on EntityManager [SessionImpl(1355235603<open>)]
15:48:51.020 [Test worker] DEBUG org.hibernate.engine.transaction.internal.TransactionImpl - committing
15:48:51.020 [Test worker] DEBUG org.springframework.orm.jpa.JpaTransactionManager - Closing JPA EntityManager [SessionImpl(1355235603<open>)] after transaction
15:48:51.021 [Test worker] INFO org.hibernate.engine.internal.StatisticalLoggingSessionEventListener - Session Metrics {
    534817 nanoseconds spent acquiring 1 JDBC connections;
    0 nanoseconds spent releasing 0 JDBC connections;
    392761 nanoseconds spent preparing 2 JDBC statements;
    534036 nanoseconds spent executing 2 JDBC statements;
    0 nanoseconds spent executing 0 JDBC batches;
    0 nanoseconds spent performing 0 L2C puts;
    0 nanoseconds spent performing 0 L2C hits;
    0 nanoseconds spent performing 0 L2C misses;
    488226 nanoseconds spent executing 1 flushes (flushing a total of 1 entities and 0 collections);
    5993 nanoseconds spent executing 1 partial-flushes (flushing a total of 0 entities and 0 collections)
}
15:48:51.021 [Test worker] DEBUG org.springframework.orm.jpa.JpaTransactionManager - Creating new transaction with name [com.epam.esm.dao.impl.TagDaoImpl.create]: PROPAGATION_REQUIRED,ISOLATION_DEFAULT
15:48:51.021 [Test worker] DEBUG org.springframework.orm.jpa.JpaTransactionManager - Opened new EntityManager [SessionImpl(1905438439<open>)] for JPA transaction
15:48:51.021 [Test worker] DEBUG org.hibernate.engine.transaction.internal.TransactionImpl - On TransactionImpl creation, JpaCompliance#isJpaTransactionComplianceEnabled == false
15:48:51.021 [Test worker] DEBUG org.hibernate.engine.transaction.internal.TransactionImpl - begin
15:48:51.021 [Test worker] DEBUG org.springframework.jdbc.datasource.DriverManagerDataSource - Creating new JDBC DriverManager Connection to [jdbc:h2:mem:second;DB_CLOSE_DELAY=-1]
15:48:51.022 [Test worker] DEBUG org.springframework.orm.jpa.JpaTransactionManager - Exposing JPA transaction as JDBC [org.springframework.orm.jpa.vendor.HibernateJpaDialect$HibernateConnectionHandle@2f3e4303]
15:48:51.022 [Test worker] DEBUG org.hibernate.SQL - select tagentity0_.id as id1_4_, tagentity0_.name as name2_4_ from TagEntity tagentity0_ where tagentity0_.name=?
Hibernate: select tagentity0_.id as id1_4_, tagentity0_.name as name2_4_ from TagEntity tagentity0_ where tagentity0_.name=?
15:48:51.024 [Test worker] DEBUG org.hibernate.stat.internal.StatisticsImpl - HHH000117: HQL: SELECT tag from TagEntity tag where tag.name = ?1, time: 1ms, rows: 0
15:48:51.024 [Test worker] DEBUG org.hibernate.engine.spi.ActionQueue - Executing identity-insert immediately
15:48:51.024 [Test worker] DEBUG org.hibernate.SQL - insert into TagEntity (id, name) values (null, ?)
Hibernate: insert into TagEntity (id, name) values (null, ?)
15:48:51.025 [Test worker] DEBUG org.hibernate.id.IdentifierGeneratorHelper - Natively generated identity: 6
15:48:51.025 [Test worker] DEBUG org.hibernate.resource.jdbc.internal.ResourceRegistryStandardImpl - HHH000387: ResultSet's statement was not registered
15:48:51.025 [Test worker] DEBUG org.hibernate.event.internal.AbstractFlushingEventListener - Processing flush-time cascades
15:48:51.025 [Test worker] DEBUG org.hibernate.event.internal.AbstractFlushingEventListener - Dirty checking collections
15:48:51.025 [Test worker] DEBUG org.hibernate.event.internal.AbstractFlushingEventListener - Flushed: 0 insertions, 0 updates, 0 deletions to 1 objects
15:48:51.026 [Test worker] DEBUG org.hibernate.event.internal.AbstractFlushingEventListener - Flushed: 0 (re)creations, 0 updates, 0 removals to 0 collections
15:48:51.026 [Test worker] DEBUG org.hibernate.internal.util.EntityPrinter - Listing entities:
15:48:51.026 [Test worker] DEBUG org.hibernate.internal.util.EntityPrinter - com.epam.esm.model.entity.TagEntity{name=Tag5, id=6}
15:48:51.026 [Test worker] DEBUG org.springframework.orm.jpa.JpaTransactionManager - Initiating transaction commit
15:48:51.026 [Test worker] DEBUG org.springframework.orm.jpa.JpaTransactionManager - Committing JPA transaction on EntityManager [SessionImpl(1905438439<open>)]
15:48:51.026 [Test worker] DEBUG org.hibernate.engine.transaction.internal.TransactionImpl - committing
15:48:51.026 [Test worker] DEBUG org.springframework.orm.jpa.JpaTransactionManager - Closing JPA EntityManager [SessionImpl(1905438439<open>)] after transaction
15:48:51.027 [Test worker] INFO org.hibernate.engine.internal.StatisticalLoggingSessionEventListener - Session Metrics {
    846051 nanoseconds spent acquiring 1 JDBC connections;
    0 nanoseconds spent releasing 0 JDBC connections;
    460374 nanoseconds spent preparing 2 JDBC statements;
    482460 nanoseconds spent executing 2 JDBC statements;
    0 nanoseconds spent executing 0 JDBC batches;
    0 nanoseconds spent performing 0 L2C puts;
    0 nanoseconds spent performing 0 L2C hits;
    0 nanoseconds spent performing 0 L2C misses;
    431173 nanoseconds spent executing 1 flushes (flushing a total of 1 entities and 0 collections);
    5824 nanoseconds spent executing 1 partial-flushes (flushing a total of 0 entities and 0 collections)
}
15:48:51.027 [Test worker] DEBUG org.springframework.orm.jpa.JpaTransactionManager - Creating new transaction with name [com.epam.esm.dao.impl.TagDaoImpl.create]: PROPAGATION_REQUIRED,ISOLATION_DEFAULT
15:48:51.027 [Test worker] DEBUG org.springframework.orm.jpa.JpaTransactionManager - Opened new EntityManager [SessionImpl(1929671405<open>)] for JPA transaction
15:48:51.027 [Test worker] DEBUG org.hibernate.engine.transaction.internal.TransactionImpl - On TransactionImpl creation, JpaCompliance#isJpaTransactionComplianceEnabled == false
15:48:51.027 [Test worker] DEBUG org.hibernate.engine.transaction.internal.TransactionImpl - begin
15:48:51.027 [Test worker] DEBUG org.springframework.jdbc.datasource.DriverManagerDataSource - Creating new JDBC DriverManager Connection to [jdbc:h2:mem:second;DB_CLOSE_DELAY=-1]
15:48:51.028 [Test worker] DEBUG org.springframework.orm.jpa.JpaTransactionManager - Exposing JPA transaction as JDBC [org.springframework.orm.jpa.vendor.HibernateJpaDialect$HibernateConnectionHandle@d5cf6c1]
15:48:51.028 [Test worker] DEBUG org.hibernate.SQL - select tagentity0_.id as id1_4_, tagentity0_.name as name2_4_ from TagEntity tagentity0_ where tagentity0_.name=?
Hibernate: select tagentity0_.id as id1_4_, tagentity0_.name as name2_4_ from TagEntity tagentity0_ where tagentity0_.name=?
15:48:51.030 [Test worker] DEBUG org.hibernate.stat.internal.StatisticsImpl - HHH000117: HQL: SELECT tag from TagEntity tag where tag.name = ?1, time: 1ms, rows: 0
15:48:51.030 [Test worker] DEBUG org.hibernate.engine.spi.ActionQueue - Executing identity-insert immediately
15:48:51.030 [Test worker] DEBUG org.hibernate.SQL - insert into TagEntity (id, name) values (null, ?)
Hibernate: insert into TagEntity (id, name) values (null, ?)
15:48:51.031 [Test worker] DEBUG org.hibernate.id.IdentifierGeneratorHelper - Natively generated identity: 7
15:48:51.031 [Test worker] DEBUG org.hibernate.resource.jdbc.internal.ResourceRegistryStandardImpl - HHH000387: ResultSet's statement was not registered
15:48:51.031 [Test worker] DEBUG org.hibernate.event.internal.AbstractFlushingEventListener - Processing flush-time cascades
15:48:51.031 [Test worker] DEBUG org.hibernate.event.internal.AbstractFlushingEventListener - Dirty checking collections
15:48:51.032 [Test worker] DEBUG org.hibernate.event.internal.AbstractFlushingEventListener - Flushed: 0 insertions, 0 updates, 0 deletions to 1 objects
15:48:51.032 [Test worker] DEBUG org.hibernate.event.internal.AbstractFlushingEventListener - Flushed: 0 (re)creations, 0 updates, 0 removals to 0 collections
15:48:51.032 [Test worker] DEBUG org.hibernate.internal.util.EntityPrinter - Listing entities:
15:48:51.032 [Test worker] DEBUG org.hibernate.internal.util.EntityPrinter - com.epam.esm.model.entity.TagEntity{name=Tag6, id=7}
15:48:51.032 [Test worker] DEBUG org.springframework.orm.jpa.JpaTransactionManager - Initiating transaction commit
15:48:51.032 [Test worker] DEBUG org.springframework.orm.jpa.JpaTransactionManager - Committing JPA transaction on EntityManager [SessionImpl(1929671405<open>)]
15:48:51.032 [Test worker] DEBUG org.hibernate.engine.transaction.internal.TransactionImpl - committing
15:48:51.032 [Test worker] DEBUG org.springframework.orm.jpa.JpaTransactionManager - Closing JPA EntityManager [SessionImpl(1929671405<open>)] after transaction
15:48:51.033 [Test worker] INFO org.hibernate.engine.internal.StatisticalLoggingSessionEventListener - Session Metrics {
    591926 nanoseconds spent acquiring 1 JDBC connections;
    0 nanoseconds spent releasing 0 JDBC connections;
    385032 nanoseconds spent preparing 2 JDBC statements;
    540741 nanoseconds spent executing 2 JDBC statements;
    0 nanoseconds spent executing 0 JDBC batches;
    0 nanoseconds spent performing 0 L2C puts;
    0 nanoseconds spent performing 0 L2C hits;
    0 nanoseconds spent performing 0 L2C misses;
    404309 nanoseconds spent executing 1 flushes (flushing a total of 1 entities and 0 collections);
    6050 nanoseconds spent executing 1 partial-flushes (flushing a total of 0 entities and 0 collections)
}
15:48:51.033 [Test worker] DEBUG org.springframework.orm.jpa.JpaTransactionManager - Creating new transaction with name [com.epam.esm.dao.impl.TagDaoImpl.create]: PROPAGATION_REQUIRED,ISOLATION_DEFAULT
15:48:51.033 [Test worker] DEBUG org.springframework.orm.jpa.JpaTransactionManager - Opened new EntityManager [SessionImpl(1522849571<open>)] for JPA transaction
15:48:51.033 [Test worker] DEBUG org.hibernate.engine.transaction.internal.TransactionImpl - On TransactionImpl creation, JpaCompliance#isJpaTransactionComplianceEnabled == false
15:48:51.033 [Test worker] DEBUG org.hibernate.engine.transaction.internal.TransactionImpl - begin
15:48:51.033 [Test worker] DEBUG org.springframework.jdbc.datasource.DriverManagerDataSource - Creating new JDBC DriverManager Connection to [jdbc:h2:mem:second;DB_CLOSE_DELAY=-1]
15:48:51.034 [Test worker] DEBUG org.springframework.orm.jpa.JpaTransactionManager - Exposing JPA transaction as JDBC [org.springframework.orm.jpa.vendor.HibernateJpaDialect$HibernateConnectionHandle@60565c2e]
15:48:51.034 [Test worker] DEBUG org.hibernate.SQL - select tagentity0_.id as id1_4_, tagentity0_.name as name2_4_ from TagEntity tagentity0_ where tagentity0_.name=?
Hibernate: select tagentity0_.id as id1_4_, tagentity0_.name as name2_4_ from TagEntity tagentity0_ where tagentity0_.name=?
15:48:51.035 [Test worker] DEBUG org.hibernate.stat.internal.StatisticsImpl - HHH000117: HQL: SELECT tag from TagEntity tag where tag.name = ?1, time: 1ms, rows: 0
15:48:51.036 [Test worker] DEBUG org.hibernate.engine.spi.ActionQueue - Executing identity-insert immediately
15:48:51.036 [Test worker] DEBUG org.hibernate.SQL - insert into TagEntity (id, name) values (null, ?)
Hibernate: insert into TagEntity (id, name) values (null, ?)
15:48:51.036 [Test worker] DEBUG org.hibernate.id.IdentifierGeneratorHelper - Natively generated identity: 8
15:48:51.036 [Test worker] DEBUG org.hibernate.resource.jdbc.internal.ResourceRegistryStandardImpl - HHH000387: ResultSet's statement was not registered
15:48:51.037 [Test worker] DEBUG org.hibernate.event.internal.AbstractFlushingEventListener - Processing flush-time cascades
15:48:51.037 [Test worker] DEBUG org.hibernate.event.internal.AbstractFlushingEventListener - Dirty checking collections
15:48:51.037 [Test worker] DEBUG org.hibernate.event.internal.AbstractFlushingEventListener - Flushed: 0 insertions, 0 updates, 0 deletions to 1 objects
15:48:51.037 [Test worker] DEBUG org.hibernate.event.internal.AbstractFlushingEventListener - Flushed: 0 (re)creations, 0 updates, 0 removals to 0 collections
15:48:51.037 [Test worker] DEBUG org.hibernate.internal.util.EntityPrinter - Listing entities:
15:48:51.037 [Test worker] DEBUG org.hibernate.internal.util.EntityPrinter - com.epam.esm.model.entity.TagEntity{name=Tag7, id=8}
15:48:51.037 [Test worker] DEBUG org.springframework.orm.jpa.JpaTransactionManager - Initiating transaction commit
15:48:51.037 [Test worker] DEBUG org.springframework.orm.jpa.JpaTransactionManager - Committing JPA transaction on EntityManager [SessionImpl(1522849571<open>)]
15:48:51.037 [Test worker] DEBUG org.hibernate.engine.transaction.internal.TransactionImpl - committing
15:48:51.038 [Test worker] DEBUG org.springframework.orm.jpa.JpaTransactionManager - Closing JPA EntityManager [SessionImpl(1522849571<open>)] after transaction
15:48:51.038 [Test worker] INFO org.hibernate.engine.internal.StatisticalLoggingSessionEventListener - Session Metrics {
    484280 nanoseconds spent acquiring 1 JDBC connections;
    0 nanoseconds spent releasing 0 JDBC connections;
    344511 nanoseconds spent preparing 2 JDBC statements;
    475700 nanoseconds spent executing 2 JDBC statements;
    0 nanoseconds spent executing 0 JDBC batches;
    0 nanoseconds spent performing 0 L2C puts;
    0 nanoseconds spent performing 0 L2C hits;
    0 nanoseconds spent performing 0 L2C misses;
    448591 nanoseconds spent executing 1 flushes (flushing a total of 1 entities and 0 collections);
    5797 nanoseconds spent executing 1 partial-flushes (flushing a total of 0 entities and 0 collections)
}
15:48:51.038 [Test worker] DEBUG org.springframework.orm.jpa.JpaTransactionManager - Creating new transaction with name [com.epam.esm.dao.impl.TagDaoImpl.create]: PROPAGATION_REQUIRED,ISOLATION_DEFAULT
15:48:51.038 [Test worker] DEBUG org.springframework.orm.jpa.JpaTransactionManager - Opened new EntityManager [SessionImpl(68913810<open>)] for JPA transaction
15:48:51.039 [Test worker] DEBUG org.hibernate.engine.transaction.internal.TransactionImpl - On TransactionImpl creation, JpaCompliance#isJpaTransactionComplianceEnabled == false
15:48:51.039 [Test worker] DEBUG org.hibernate.engine.transaction.internal.TransactionImpl - begin
15:48:51.039 [Test worker] DEBUG org.springframework.jdbc.datasource.DriverManagerDataSource - Creating new JDBC DriverManager Connection to [jdbc:h2:mem:second;DB_CLOSE_DELAY=-1]
15:48:51.039 [Test worker] DEBUG org.springframework.orm.jpa.JpaTransactionManager - Exposing JPA transaction as JDBC [org.springframework.orm.jpa.vendor.HibernateJpaDialect$HibernateConnectionHandle@452557cf]
15:48:51.040 [Test worker] DEBUG org.hibernate.SQL - select tagentity0_.id as id1_4_, tagentity0_.name as name2_4_ from TagEntity tagentity0_ where tagentity0_.name=?
Hibernate: select tagentity0_.id as id1_4_, tagentity0_.name as name2_4_ from TagEntity tagentity0_ where tagentity0_.name=?
15:48:51.041 [Test worker] DEBUG org.hibernate.stat.internal.StatisticsImpl - HHH000117: HQL: SELECT tag from TagEntity tag where tag.name = ?1, time: 1ms, rows: 0
15:48:51.041 [Test worker] DEBUG org.hibernate.engine.spi.ActionQueue - Executing identity-insert immediately
15:48:51.041 [Test worker] DEBUG org.hibernate.SQL - insert into TagEntity (id, name) values (null, ?)
Hibernate: insert into TagEntity (id, name) values (null, ?)
15:48:51.041 [Test worker] DEBUG org.hibernate.id.IdentifierGeneratorHelper - Natively generated identity: 9
15:48:51.041 [Test worker] DEBUG org.hibernate.resource.jdbc.internal.ResourceRegistryStandardImpl - HHH000387: ResultSet's statement was not registered
15:48:51.042 [Test worker] DEBUG org.hibernate.event.internal.AbstractFlushingEventListener - Processing flush-time cascades
15:48:51.042 [Test worker] DEBUG org.hibernate.event.internal.AbstractFlushingEventListener - Dirty checking collections
15:48:51.042 [Test worker] DEBUG org.hibernate.event.internal.AbstractFlushingEventListener - Flushed: 0 insertions, 0 updates, 0 deletions to 1 objects
15:48:51.042 [Test worker] DEBUG org.hibernate.event.internal.AbstractFlushingEventListener - Flushed: 0 (re)creations, 0 updates, 0 removals to 0 collections
15:48:51.042 [Test worker] DEBUG org.hibernate.internal.util.EntityPrinter - Listing entities:
15:48:51.042 [Test worker] DEBUG org.hibernate.internal.util.EntityPrinter - com.epam.esm.model.entity.TagEntity{name=Tag8, id=9}
15:48:51.042 [Test worker] DEBUG org.springframework.orm.jpa.JpaTransactionManager - Initiating transaction commit
15:48:51.042 [Test worker] DEBUG org.springframework.orm.jpa.JpaTransactionManager - Committing JPA transaction on EntityManager [SessionImpl(68913810<open>)]
15:48:51.042 [Test worker] DEBUG org.hibernate.engine.transaction.internal.TransactionImpl - committing
15:48:51.042 [Test worker] DEBUG org.springframework.orm.jpa.JpaTransactionManager - Closing JPA EntityManager [SessionImpl(68913810<open>)] after transaction
15:48:51.043 [Test worker] INFO org.hibernate.engine.internal.StatisticalLoggingSessionEventListener - Session Metrics {
    550266 nanoseconds spent acquiring 1 JDBC connections;
    0 nanoseconds spent releasing 0 JDBC connections;
    335315 nanoseconds spent preparing 2 JDBC statements;
    364912 nanoseconds spent executing 2 JDBC statements;
    0 nanoseconds spent executing 0 JDBC batches;
    0 nanoseconds spent performing 0 L2C puts;
    0 nanoseconds spent performing 0 L2C hits;
    0 nanoseconds spent performing 0 L2C misses;
    304943 nanoseconds spent executing 1 flushes (flushing a total of 1 entities and 0 collections);
    5849 nanoseconds spent executing 1 partial-flushes (flushing a total of 0 entities and 0 collections)
}
15:48:51.043 [Test worker] DEBUG org.springframework.orm.jpa.JpaTransactionManager - Creating new transaction with name [com.epam.esm.dao.impl.TagDaoImpl.create]: PROPAGATION_REQUIRED,ISOLATION_DEFAULT
15:48:51.043 [Test worker] DEBUG org.springframework.orm.jpa.JpaTransactionManager - Opened new EntityManager [SessionImpl(273947875<open>)] for JPA transaction
15:48:51.043 [Test worker] DEBUG org.hibernate.engine.transaction.internal.TransactionImpl - On TransactionImpl creation, JpaCompliance#isJpaTransactionComplianceEnabled == false
15:48:51.043 [Test worker] DEBUG org.hibernate.engine.transaction.internal.TransactionImpl - begin
15:48:51.043 [Test worker] DEBUG org.springframework.jdbc.datasource.DriverManagerDataSource - Creating new JDBC DriverManager Connection to [jdbc:h2:mem:second;DB_CLOSE_DELAY=-1]
15:48:51.044 [Test worker] DEBUG org.springframework.orm.jpa.JpaTransactionManager - Exposing JPA transaction as JDBC [org.springframework.orm.jpa.vendor.HibernateJpaDialect$HibernateConnectionHandle@720224e2]
15:48:51.044 [Test worker] DEBUG org.hibernate.SQL - select tagentity0_.id as id1_4_, tagentity0_.name as name2_4_ from TagEntity tagentity0_ where tagentity0_.name=?
Hibernate: select tagentity0_.id as id1_4_, tagentity0_.name as name2_4_ from TagEntity tagentity0_ where tagentity0_.name=?
15:48:51.045 [Test worker] DEBUG org.hibernate.stat.internal.StatisticsImpl - HHH000117: HQL: SELECT tag from TagEntity tag where tag.name = ?1, time: 0ms, rows: 0
15:48:51.045 [Test worker] DEBUG org.hibernate.engine.spi.ActionQueue - Executing identity-insert immediately
15:48:51.045 [Test worker] DEBUG org.hibernate.SQL - insert into TagEntity (id, name) values (null, ?)
Hibernate: insert into TagEntity (id, name) values (null, ?)
15:48:51.046 [Test worker] DEBUG org.hibernate.id.IdentifierGeneratorHelper - Natively generated identity: 10
15:48:51.046 [Test worker] DEBUG org.hibernate.resource.jdbc.internal.ResourceRegistryStandardImpl - HHH000387: ResultSet's statement was not registered
15:48:51.046 [Test worker] DEBUG org.hibernate.event.internal.AbstractFlushingEventListener - Processing flush-time cascades
15:48:51.046 [Test worker] DEBUG org.hibernate.event.internal.AbstractFlushingEventListener - Dirty checking collections
15:48:51.046 [Test worker] DEBUG org.hibernate.event.internal.AbstractFlushingEventListener - Flushed: 0 insertions, 0 updates, 0 deletions to 1 objects
15:48:51.046 [Test worker] DEBUG org.hibernate.event.internal.AbstractFlushingEventListener - Flushed: 0 (re)creations, 0 updates, 0 removals to 0 collections
15:48:51.046 [Test worker] DEBUG org.hibernate.internal.util.EntityPrinter - Listing entities:
15:48:51.046 [Test worker] DEBUG org.hibernate.internal.util.EntityPrinter - com.epam.esm.model.entity.TagEntity{name=Tag9, id=10}
15:48:51.047 [Test worker] DEBUG org.springframework.orm.jpa.JpaTransactionManager - Initiating transaction commit
15:48:51.047 [Test worker] DEBUG org.springframework.orm.jpa.JpaTransactionManager - Committing JPA transaction on EntityManager [SessionImpl(273947875<open>)]
15:48:51.047 [Test worker] DEBUG org.hibernate.engine.transaction.internal.TransactionImpl - committing
15:48:51.047 [Test worker] DEBUG org.springframework.orm.jpa.JpaTransactionManager - Closing JPA EntityManager [SessionImpl(273947875<open>)] after transaction
15:48:51.047 [Test worker] INFO org.hibernate.engine.internal.StatisticalLoggingSessionEventListener - Session Metrics {
    488959 nanoseconds spent acquiring 1 JDBC connections;
    0 nanoseconds spent releasing 0 JDBC connections;
    260503 nanoseconds spent preparing 2 JDBC statements;
    331999 nanoseconds spent executing 2 JDBC statements;
    0 nanoseconds spent executing 0 JDBC batches;
    0 nanoseconds spent performing 0 L2C puts;
    0 nanoseconds spent performing 0 L2C hits;
    0 nanoseconds spent performing 0 L2C misses;
    337428 nanoseconds spent executing 1 flushes (flushing a total of 1 entities and 0 collections);
    4507 nanoseconds spent executing 1 partial-flushes (flushing a total of 0 entities and 0 collections)
}
15:48:51.048 [Test worker] DEBUG org.springframework.orm.jpa.JpaTransactionManager - Creating new transaction with name [com.epam.esm.dao.impl.TagDaoImpl.loadAll]: PROPAGATION_REQUIRED,ISOLATION_DEFAULT
15:48:51.048 [Test worker] DEBUG org.springframework.orm.jpa.JpaTransactionManager - Opened new EntityManager [SessionImpl(1459705254<open>)] for JPA transaction
15:48:51.049 [Test worker] DEBUG org.hibernate.engine.transaction.internal.TransactionImpl - On TransactionImpl creation, JpaCompliance#isJpaTransactionComplianceEnabled == false
15:48:51.049 [Test worker] DEBUG org.hibernate.engine.transaction.internal.TransactionImpl - begin
15:48:51.049 [Test worker] DEBUG org.springframework.jdbc.datasource.DriverManagerDataSource - Creating new JDBC DriverManager Connection to [jdbc:h2:mem:second;DB_CLOSE_DELAY=-1]
15:48:51.049 [Test worker] DEBUG org.springframework.orm.jpa.JpaTransactionManager - Exposing JPA transaction as JDBC [org.springframework.orm.jpa.vendor.HibernateJpaDialect$HibernateConnectionHandle@6d90cd01]
15:48:51.049 [Test worker] DEBUG org.hibernate.hql.internal.ast.QueryTranslatorImpl - parse() - HQL: SELECT tag FROM com.epam.esm.model.entity.TagEntity tag
15:48:51.050 [Test worker] DEBUG org.hibernate.hql.internal.ast.ErrorTracker - throwQueryException() : no errors
15:48:51.051 [Test worker] DEBUG org.hibernate.hql.internal.ast.QueryTranslatorImpl - --- HQL AST ---
 \-[QUERY] Node: 'query'
    \-[SELECT_FROM] Node: 'SELECT_FROM'
       +-[FROM] Node: 'FROM'
       |  \-[RANGE] Node: 'RANGE'
       |     +-[DOT] Node: '.'
       |     |  +-[DOT] Node: '.'
       |     |  |  +-[DOT] Node: '.'
       |     |  |  |  +-[DOT] Node: '.'
       |     |  |  |  |  +-[DOT] Node: '.'
       |     |  |  |  |  |  +-[IDENT] Node: 'com'
       |     |  |  |  |  |  \-[IDENT] Node: 'epam'
       |     |  |  |  |  \-[IDENT] Node: 'esm'
       |     |  |  |  \-[IDENT] Node: 'model'
       |     |  |  \-[IDENT] Node: 'entity'
       |     |  \-[IDENT] Node: 'TagEntity'
       |     \-[ALIAS] Node: 'tag'
       \-[SELECT] Node: 'SELECT'
          \-[IDENT] Node: 'tag'

15:48:51.051 [Test worker] DEBUG org.hibernate.hql.internal.antlr.HqlSqlBaseWalker - select << begin [level=1, statement=select]
15:48:51.051 [Test worker] DEBUG org.hibernate.hql.internal.ast.tree.FromElement - FromClause{level=1} : com.epam.esm.model.entity.TagEntity (tag) -> tagentity0_
15:48:51.052 [Test worker] DEBUG org.hibernate.hql.internal.ast.tree.FromReferenceNode - Resolved : tag -> tagentity0_.id
15:48:51.052 [Test worker] DEBUG org.hibernate.hql.internal.antlr.HqlSqlBaseWalker - select : finishing up [level=1, statement=select]
15:48:51.052 [Test worker] DEBUG org.hibernate.hql.internal.ast.HqlSqlWalker - processQuery() :  ( SELECT ( {select clause} tagentity0_.id ) ( FromClause{level=1} TagEntity tagentity0_ ) )
15:48:51.052 [Test worker] DEBUG org.hibernate.hql.internal.ast.util.JoinProcessor - Tables referenced from query nodes:
 \-QueryNode
    +-SelectClause
    | referencedTables(entity TagEntity): [TagEntity]
    |  +-IdentNode
    |  | persister: SingleTableEntityPersister(com.epam.esm.model.entity.TagEntity)
    |  | originalText: tag
    |  \-SqlFragment
    \-FromClause
       \-FromElement

15:48:51.052 [Test worker] DEBUG org.hibernate.hql.internal.ast.util.JoinProcessor - Using FROM fragment [TagEntity tagentity0_]
15:48:51.053 [Test worker] DEBUG org.hibernate.hql.internal.antlr.HqlSqlBaseWalker - select >> end [level=1, statement=select]
15:48:51.053 [Test worker] DEBUG org.hibernate.hql.internal.ast.QueryTranslatorImpl - --- SQL AST ---
 \-[SELECT] QueryNode: 'SELECT'  querySpaces (TagEntity)
    +-[SELECT_CLAUSE] SelectClause: '{select clause}'
    |  +-[ALIAS_REF] IdentNode: 'tagentity0_.id as id1_4_' {alias=tag, className=com.epam.esm.model.entity.TagEntity, tableAlias=tagentity0_}
    |  \-[SQL_TOKEN] SqlFragment: 'tagentity0_.name as name2_4_'
    \-[FROM] FromClause: 'FROM' FromClause{level=1, fromElementCounter=1, fromElements=1, fromElementByClassAlias=[tag], fromElementByTableAlias=[tagentity0_], fromElementsByPath=[], collectionJoinFromElementsByPath=[], impliedElements=[]}
       \-[FROM_FRAGMENT] FromElement: 'TagEntity tagentity0_' FromElement{explicit,not a collection join,not a fetch join,fetch non-lazy properties,classAlias=tag,role=null,tableName=TagEntity,tableAlias=tagentity0_,origin=null,columns={,className=com.epam.esm.model.entity.TagEntity}}

15:48:51.053 [Test worker] DEBUG org.hibernate.hql.internal.ast.ErrorTracker - throwQueryException() : no errors
15:48:51.053 [Test worker] DEBUG org.hibernate.hql.internal.ast.QueryTranslatorImpl - HQL: SELECT tag FROM com.epam.esm.model.entity.TagEntity tag
15:48:51.053 [Test worker] DEBUG org.hibernate.hql.internal.ast.QueryTranslatorImpl - SQL: select tagentity0_.id as id1_4_, tagentity0_.name as name2_4_ from TagEntity tagentity0_
15:48:51.053 [Test worker] DEBUG org.hibernate.hql.internal.ast.ErrorTracker - throwQueryException() : no errors
15:48:51.054 [Test worker] DEBUG org.hibernate.SQL - select tagentity0_.id as id1_4_, tagentity0_.name as name2_4_ from TagEntity tagentity0_
Hibernate: select tagentity0_.id as id1_4_, tagentity0_.name as name2_4_ from TagEntity tagentity0_
15:48:51.054 [Test worker] DEBUG org.hibernate.loader.Loader - Result set row: 0
15:48:51.056 [Test worker] DEBUG org.hibernate.loader.Loader - Result row: EntityKey[com.epam.esm.model.entity.TagEntity#1]
15:48:51.058 [Test worker] DEBUG org.hibernate.loader.Loader - Result set row: 1
15:48:51.059 [Test worker] DEBUG org.hibernate.loader.Loader - Result row: EntityKey[com.epam.esm.model.entity.TagEntity#2]
15:48:51.059 [Test worker] DEBUG org.hibernate.loader.Loader - Result set row: 2
15:48:51.059 [Test worker] DEBUG org.hibernate.loader.Loader - Result row: EntityKey[com.epam.esm.model.entity.TagEntity#3]
15:48:51.059 [Test worker] DEBUG org.hibernate.loader.Loader - Result set row: 3
15:48:51.059 [Test worker] DEBUG org.hibernate.loader.Loader - Result row: EntityKey[com.epam.esm.model.entity.TagEntity#4]
15:48:51.059 [Test worker] DEBUG org.hibernate.loader.Loader - Result set row: 4
15:48:51.059 [Test worker] DEBUG org.hibernate.loader.Loader - Result row: EntityKey[com.epam.esm.model.entity.TagEntity#5]
15:48:51.059 [Test worker] DEBUG org.hibernate.loader.Loader - Result set row: 5
15:48:51.059 [Test worker] DEBUG org.hibernate.loader.Loader - Result row: EntityKey[com.epam.esm.model.entity.TagEntity#6]
15:48:51.059 [Test worker] DEBUG org.hibernate.loader.Loader - Result set row: 6
15:48:51.059 [Test worker] DEBUG org.hibernate.loader.Loader - Result row: EntityKey[com.epam.esm.model.entity.TagEntity#7]
15:48:51.059 [Test worker] DEBUG org.hibernate.loader.Loader - Result set row: 7
15:48:51.059 [Test worker] DEBUG org.hibernate.loader.Loader - Result row: EntityKey[com.epam.esm.model.entity.TagEntity#8]
15:48:51.060 [Test worker] DEBUG org.hibernate.loader.Loader - Result set row: 8
15:48:51.060 [Test worker] DEBUG org.hibernate.loader.Loader - Result row: EntityKey[com.epam.esm.model.entity.TagEntity#9]
15:48:51.060 [Test worker] DEBUG org.hibernate.loader.Loader - Result set row: 9
15:48:51.060 [Test worker] DEBUG org.hibernate.loader.Loader - Result row: EntityKey[com.epam.esm.model.entity.TagEntity#10]
15:48:51.061 [Test worker] DEBUG org.hibernate.engine.internal.TwoPhaseLoad - Resolving attributes for [com.epam.esm.model.entity.TagEntity#1]
15:48:51.061 [Test worker] DEBUG org.hibernate.engine.internal.TwoPhaseLoad - Processing attribute `name` : value = Tag0
15:48:51.061 [Test worker] DEBUG org.hibernate.engine.internal.TwoPhaseLoad - Attribute (`name`)  - enhanced for lazy-loading? - false
15:48:51.061 [Test worker] DEBUG org.hibernate.engine.internal.TwoPhaseLoad - Done materializing entity [com.epam.esm.model.entity.TagEntity#1]
15:48:51.061 [Test worker] DEBUG org.hibernate.engine.internal.TwoPhaseLoad - Resolving attributes for [com.epam.esm.model.entity.TagEntity#2]
15:48:51.061 [Test worker] DEBUG org.hibernate.engine.internal.TwoPhaseLoad - Processing attribute `name` : value = Tag1
15:48:51.061 [Test worker] DEBUG org.hibernate.engine.internal.TwoPhaseLoad - Attribute (`name`)  - enhanced for lazy-loading? - false
15:48:51.061 [Test worker] DEBUG org.hibernate.engine.internal.TwoPhaseLoad - Done materializing entity [com.epam.esm.model.entity.TagEntity#2]
15:48:51.061 [Test worker] DEBUG org.hibernate.engine.internal.TwoPhaseLoad - Resolving attributes for [com.epam.esm.model.entity.TagEntity#3]
15:48:51.061 [Test worker] DEBUG org.hibernate.engine.internal.TwoPhaseLoad - Processing attribute `name` : value = Tag2
15:48:51.061 [Test worker] DEBUG org.hibernate.engine.internal.TwoPhaseLoad - Attribute (`name`)  - enhanced for lazy-loading? - false
15:48:51.061 [Test worker] DEBUG org.hibernate.engine.internal.TwoPhaseLoad - Done materializing entity [com.epam.esm.model.entity.TagEntity#3]
15:48:51.062 [Test worker] DEBUG org.hibernate.engine.internal.TwoPhaseLoad - Resolving attributes for [com.epam.esm.model.entity.TagEntity#4]
15:48:51.062 [Test worker] DEBUG org.hibernate.engine.internal.TwoPhaseLoad - Processing attribute `name` : value = Tag3
15:48:51.062 [Test worker] DEBUG org.hibernate.engine.internal.TwoPhaseLoad - Attribute (`name`)  - enhanced for lazy-loading? - false
15:48:51.062 [Test worker] DEBUG org.hibernate.engine.internal.TwoPhaseLoad - Done materializing entity [com.epam.esm.model.entity.TagEntity#4]
15:48:51.062 [Test worker] DEBUG org.hibernate.engine.internal.TwoPhaseLoad - Resolving attributes for [com.epam.esm.model.entity.TagEntity#5]
15:48:51.062 [Test worker] DEBUG org.hibernate.engine.internal.TwoPhaseLoad - Processing attribute `name` : value = Tag4
15:48:51.062 [Test worker] DEBUG org.hibernate.engine.internal.TwoPhaseLoad - Attribute (`name`)  - enhanced for lazy-loading? - false
15:48:51.062 [Test worker] DEBUG org.hibernate.engine.internal.TwoPhaseLoad - Done materializing entity [com.epam.esm.model.entity.TagEntity#5]
15:48:51.062 [Test worker] DEBUG org.hibernate.engine.internal.TwoPhaseLoad - Resolving attributes for [com.epam.esm.model.entity.TagEntity#6]
15:48:51.062 [Test worker] DEBUG org.hibernate.engine.internal.TwoPhaseLoad - Processing attribute `name` : value = Tag5
15:48:51.062 [Test worker] DEBUG org.hibernate.engine.internal.TwoPhaseLoad - Attribute (`name`)  - enhanced for lazy-loading? - false
15:48:51.062 [Test worker] DEBUG org.hibernate.engine.internal.TwoPhaseLoad - Done materializing entity [com.epam.esm.model.entity.TagEntity#6]
15:48:51.062 [Test worker] DEBUG org.hibernate.engine.internal.TwoPhaseLoad - Resolving attributes for [com.epam.esm.model.entity.TagEntity#7]
15:48:51.062 [Test worker] DEBUG org.hibernate.engine.internal.TwoPhaseLoad - Processing attribute `name` : value = Tag6
15:48:51.062 [Test worker] DEBUG org.hibernate.engine.internal.TwoPhaseLoad - Attribute (`name`)  - enhanced for lazy-loading? - false
15:48:51.062 [Test worker] DEBUG org.hibernate.engine.internal.TwoPhaseLoad - Done materializing entity [com.epam.esm.model.entity.TagEntity#7]
15:48:51.062 [Test worker] DEBUG org.hibernate.engine.internal.TwoPhaseLoad - Resolving attributes for [com.epam.esm.model.entity.TagEntity#8]
15:48:51.062 [Test worker] DEBUG org.hibernate.engine.internal.TwoPhaseLoad - Processing attribute `name` : value = Tag7
15:48:51.062 [Test worker] DEBUG org.hibernate.engine.internal.TwoPhaseLoad - Attribute (`name`)  - enhanced for lazy-loading? - false
15:48:51.062 [Test worker] DEBUG org.hibernate.engine.internal.TwoPhaseLoad - Done materializing entity [com.epam.esm.model.entity.TagEntity#8]
15:48:51.062 [Test worker] DEBUG org.hibernate.engine.internal.TwoPhaseLoad - Resolving attributes for [com.epam.esm.model.entity.TagEntity#9]
15:48:51.062 [Test worker] DEBUG org.hibernate.engine.internal.TwoPhaseLoad - Processing attribute `name` : value = Tag8
15:48:51.062 [Test worker] DEBUG org.hibernate.engine.internal.TwoPhaseLoad - Attribute (`name`)  - enhanced for lazy-loading? - false
15:48:51.062 [Test worker] DEBUG org.hibernate.engine.internal.TwoPhaseLoad - Done materializing entity [com.epam.esm.model.entity.TagEntity#9]
15:48:51.062 [Test worker] DEBUG org.hibernate.engine.internal.TwoPhaseLoad - Resolving attributes for [com.epam.esm.model.entity.TagEntity#10]
15:48:51.062 [Test worker] DEBUG org.hibernate.engine.internal.TwoPhaseLoad - Processing attribute `name` : value = Tag9
15:48:51.062 [Test worker] DEBUG org.hibernate.engine.internal.TwoPhaseLoad - Attribute (`name`)  - enhanced for lazy-loading? - false
15:48:51.062 [Test worker] DEBUG org.hibernate.engine.internal.TwoPhaseLoad - Done materializing entity [com.epam.esm.model.entity.TagEntity#10]
15:48:51.063 [Test worker] DEBUG org.hibernate.stat.internal.StatisticsImpl - HHH000117: HQL: SELECT tag FROM TagEntity tag, time: 9ms, rows: 10
15:48:51.063 [Test worker] DEBUG org.springframework.orm.jpa.JpaTransactionManager - Initiating transaction commit
15:48:51.064 [Test worker] DEBUG org.springframework.orm.jpa.JpaTransactionManager - Committing JPA transaction on EntityManager [SessionImpl(1459705254<open>)]
15:48:51.064 [Test worker] DEBUG org.hibernate.engine.transaction.internal.TransactionImpl - committing
15:48:51.064 [Test worker] DEBUG org.hibernate.event.internal.AbstractFlushingEventListener - Processing flush-time cascades
15:48:51.064 [Test worker] DEBUG org.hibernate.event.internal.AbstractFlushingEventListener - Dirty checking collections
15:48:51.064 [Test worker] DEBUG org.hibernate.event.internal.AbstractFlushingEventListener - Flushed: 0 insertions, 0 updates, 0 deletions to 10 objects
15:48:51.064 [Test worker] DEBUG org.hibernate.event.internal.AbstractFlushingEventListener - Flushed: 0 (re)creations, 0 updates, 0 removals to 0 collections
15:48:51.064 [Test worker] DEBUG org.hibernate.internal.util.EntityPrinter - Listing entities:
15:48:51.064 [Test worker] DEBUG org.hibernate.internal.util.EntityPrinter - com.epam.esm.model.entity.TagEntity{name=Tag0, id=1}
15:48:51.064 [Test worker] DEBUG org.hibernate.internal.util.EntityPrinter - com.epam.esm.model.entity.TagEntity{name=Tag1, id=2}
15:48:51.064 [Test worker] DEBUG org.hibernate.internal.util.EntityPrinter - com.epam.esm.model.entity.TagEntity{name=Tag2, id=3}
15:48:51.064 [Test worker] DEBUG org.hibernate.internal.util.EntityPrinter - com.epam.esm.model.entity.TagEntity{name=Tag3, id=4}
15:48:51.064 [Test worker] DEBUG org.hibernate.internal.util.EntityPrinter - com.epam.esm.model.entity.TagEntity{name=Tag4, id=5}
15:48:51.064 [Test worker] DEBUG org.hibernate.internal.util.EntityPrinter - com.epam.esm.model.entity.TagEntity{name=Tag5, id=6}
15:48:51.065 [Test worker] DEBUG org.hibernate.internal.util.EntityPrinter - com.epam.esm.model.entity.TagEntity{name=Tag6, id=7}
15:48:51.065 [Test worker] DEBUG org.hibernate.internal.util.EntityPrinter - com.epam.esm.model.entity.TagEntity{name=Tag7, id=8}
15:48:51.065 [Test worker] DEBUG org.hibernate.internal.util.EntityPrinter - com.epam.esm.model.entity.TagEntity{name=Tag8, id=9}
15:48:51.065 [Test worker] DEBUG org.hibernate.internal.util.EntityPrinter - com.epam.esm.model.entity.TagEntity{name=Tag9, id=10}
15:48:51.065 [Test worker] DEBUG org.springframework.orm.jpa.JpaTransactionManager - Closing JPA EntityManager [SessionImpl(1459705254<open>)] after transaction
15:48:51.065 [Test worker] INFO org.hibernate.engine.internal.StatisticalLoggingSessionEventListener - Session Metrics {
    481583 nanoseconds spent acquiring 1 JDBC connections;
    0 nanoseconds spent releasing 0 JDBC connections;
    234454 nanoseconds spent preparing 1 JDBC statements;
    341717 nanoseconds spent executing 1 JDBC statements;
    0 nanoseconds spent executing 0 JDBC batches;
    0 nanoseconds spent performing 0 L2C puts;
    0 nanoseconds spent performing 0 L2C hits;
    0 nanoseconds spent performing 0 L2C misses;
    1149509 nanoseconds spent executing 1 flushes (flushing a total of 10 entities and 0 collections);
    5953 nanoseconds spent executing 1 partial-flushes (flushing a total of 0 entities and 0 collections)
}
15:48:51.068 [Test worker] DEBUG org.springframework.test.context.cache.DefaultCacheAwareContextLoaderDelegate - Retrieved ApplicationContext [680343911] from cache with key [[MergedContextConfiguration@2b0a7799 testClass = TagServiceImplTest, locations = '{}', classes = '{class com.epam.esm.configuration.ServiceTestConfiguration}', contextInitializerClasses = '[]', activeProfiles = '{}', propertySourceLocations = '{}', propertySourceProperties = '{}', contextCustomizers = set[org.springframework.boot.test.autoconfigure.actuate.metrics.MetricsExportContextCustomizerFactory$DisableMetricExportContextCustomizer@6651816e, org.springframework.boot.test.autoconfigure.properties.PropertyMappingContextCustomizer@0, org.springframework.boot.test.autoconfigure.web.servlet.WebDriverContextCustomizerFactory$Customizer@13e8d783, org.springframework.boot.test.context.filter.ExcludeFilterContextCustomizer@17dd04d3, org.springframework.boot.test.json.DuplicateJsonObjectContextCustomizerFactory$DuplicateJsonObjectContextCustomizer@4c36dadc, org.springframework.boot.test.mock.mockito.MockitoContextCustomizer@0], contextLoader = 'org.springframework.test.context.support.DelegatingSmartContextLoader', parent = [null]]]
15:48:51.068 [Test worker] DEBUG org.springframework.test.context.cache - Spring test ApplicationContext cache statistics: [DefaultContextCache@3c78283c size = 1, maxSize = 32, parentContextCount = 0, hitCount = 5, missCount = 1]
15:48:51.069 [Test worker] DEBUG org.springframework.test.context.cache.DefaultCacheAwareContextLoaderDelegate - Retrieved ApplicationContext [680343911] from cache with key [[MergedContextConfiguration@2b0a7799 testClass = TagServiceImplTest, locations = '{}', classes = '{class com.epam.esm.configuration.ServiceTestConfiguration}', contextInitializerClasses = '[]', activeProfiles = '{}', propertySourceLocations = '{}', propertySourceProperties = '{}', contextCustomizers = set[org.springframework.boot.test.autoconfigure.actuate.metrics.MetricsExportContextCustomizerFactory$DisableMetricExportContextCustomizer@6651816e, org.springframework.boot.test.autoconfigure.properties.PropertyMappingContextCustomizer@0, org.springframework.boot.test.autoconfigure.web.servlet.WebDriverContextCustomizerFactory$Customizer@13e8d783, org.springframework.boot.test.context.filter.ExcludeFilterContextCustomizer@17dd04d3, org.springframework.boot.test.json.DuplicateJsonObjectContextCustomizerFactory$DuplicateJsonObjectContextCustomizer@4c36dadc, org.springframework.boot.test.mock.mockito.MockitoContextCustomizer@0], contextLoader = 'org.springframework.test.context.support.DelegatingSmartContextLoader', parent = [null]]]
15:48:51.070 [Test worker] DEBUG org.springframework.test.context.cache - Spring test ApplicationContext cache statistics: [DefaultContextCache@3c78283c size = 1, maxSize = 32, parentContextCount = 0, hitCount = 6, missCount = 1]
15:48:51.071 [Test worker] DEBUG org.springframework.test.context.cache.DefaultCacheAwareContextLoaderDelegate - Retrieved ApplicationContext [680343911] from cache with key [[MergedContextConfiguration@2b0a7799 testClass = TagServiceImplTest, locations = '{}', classes = '{class com.epam.esm.configuration.ServiceTestConfiguration}', contextInitializerClasses = '[]', activeProfiles = '{}', propertySourceLocations = '{}', propertySourceProperties = '{}', contextCustomizers = set[org.springframework.boot.test.autoconfigure.actuate.metrics.MetricsExportContextCustomizerFactory$DisableMetricExportContextCustomizer@6651816e, org.springframework.boot.test.autoconfigure.properties.PropertyMappingContextCustomizer@0, org.springframework.boot.test.autoconfigure.web.servlet.WebDriverContextCustomizerFactory$Customizer@13e8d783, org.springframework.boot.test.context.filter.ExcludeFilterContextCustomizer@17dd04d3, org.springframework.boot.test.json.DuplicateJsonObjectContextCustomizerFactory$DuplicateJsonObjectContextCustomizer@4c36dadc, org.springframework.boot.test.mock.mockito.MockitoContextCustomizer@0], contextLoader = 'org.springframework.test.context.support.DelegatingSmartContextLoader', parent = [null]]]
15:48:51.071 [Test worker] DEBUG org.springframework.test.context.cache - Spring test ApplicationContext cache statistics: [DefaultContextCache@3c78283c size = 1, maxSize = 32, parentContextCount = 0, hitCount = 7, missCount = 1]
15:48:51.071 [Test worker] DEBUG org.springframework.test.context.cache.DefaultCacheAwareContextLoaderDelegate - Retrieved ApplicationContext [680343911] from cache with key [[MergedContextConfiguration@2b0a7799 testClass = TagServiceImplTest, locations = '{}', classes = '{class com.epam.esm.configuration.ServiceTestConfiguration}', contextInitializerClasses = '[]', activeProfiles = '{}', propertySourceLocations = '{}', propertySourceProperties = '{}', contextCustomizers = set[org.springframework.boot.test.autoconfigure.actuate.metrics.MetricsExportContextCustomizerFactory$DisableMetricExportContextCustomizer@6651816e, org.springframework.boot.test.autoconfigure.properties.PropertyMappingContextCustomizer@0, org.springframework.boot.test.autoconfigure.web.servlet.WebDriverContextCustomizerFactory$Customizer@13e8d783, org.springframework.boot.test.context.filter.ExcludeFilterContextCustomizer@17dd04d3, org.springframework.boot.test.json.DuplicateJsonObjectContextCustomizerFactory$DuplicateJsonObjectContextCustomizer@4c36dadc, org.springframework.boot.test.mock.mockito.MockitoContextCustomizer@0], contextLoader = 'org.springframework.test.context.support.DelegatingSmartContextLoader', parent = [null]]]
15:48:51.071 [Test worker] DEBUG org.springframework.test.context.cache - Spring test ApplicationContext cache statistics: [DefaultContextCache@3c78283c size = 1, maxSize = 32, parentContextCount = 0, hitCount = 8, missCount = 1]
15:48:51.072 [Test worker] DEBUG org.springframework.test.context.cache.DefaultCacheAwareContextLoaderDelegate - Retrieved ApplicationContext [680343911] from cache with key [[MergedContextConfiguration@2b0a7799 testClass = TagServiceImplTest, locations = '{}', classes = '{class com.epam.esm.configuration.ServiceTestConfiguration}', contextInitializerClasses = '[]', activeProfiles = '{}', propertySourceLocations = '{}', propertySourceProperties = '{}', contextCustomizers = set[org.springframework.boot.test.autoconfigure.actuate.metrics.MetricsExportContextCustomizerFactory$DisableMetricExportContextCustomizer@6651816e, org.springframework.boot.test.autoconfigure.properties.PropertyMappingContextCustomizer@0, org.springframework.boot.test.autoconfigure.web.servlet.WebDriverContextCustomizerFactory$Customizer@13e8d783, org.springframework.boot.test.context.filter.ExcludeFilterContextCustomizer@17dd04d3, org.springframework.boot.test.json.DuplicateJsonObjectContextCustomizerFactory$DuplicateJsonObjectContextCustomizer@4c36dadc, org.springframework.boot.test.mock.mockito.MockitoContextCustomizer@0], contextLoader = 'org.springframework.test.context.support.DelegatingSmartContextLoader', parent = [null]]]
15:48:51.072 [Test worker] DEBUG org.springframework.test.context.cache - Spring test ApplicationContext cache statistics: [DefaultContextCache@3c78283c size = 1, maxSize = 32, parentContextCount = 0, hitCount = 9, missCount = 1]
15:48:51.074 [Test worker] DEBUG org.springframework.test.context.cache.DefaultCacheAwareContextLoaderDelegate - Retrieved ApplicationContext [680343911] from cache with key [[MergedContextConfiguration@2b0a7799 testClass = TagServiceImplTest, locations = '{}', classes = '{class com.epam.esm.configuration.ServiceTestConfiguration}', contextInitializerClasses = '[]', activeProfiles = '{}', propertySourceLocations = '{}', propertySourceProperties = '{}', contextCustomizers = set[org.springframework.boot.test.autoconfigure.actuate.metrics.MetricsExportContextCustomizerFactory$DisableMetricExportContextCustomizer@6651816e, org.springframework.boot.test.autoconfigure.properties.PropertyMappingContextCustomizer@0, org.springframework.boot.test.autoconfigure.web.servlet.WebDriverContextCustomizerFactory$Customizer@13e8d783, org.springframework.boot.test.context.filter.ExcludeFilterContextCustomizer@17dd04d3, org.springframework.boot.test.json.DuplicateJsonObjectContextCustomizerFactory$DuplicateJsonObjectContextCustomizer@4c36dadc, org.springframework.boot.test.mock.mockito.MockitoContextCustomizer@0], contextLoader = 'org.springframework.test.context.support.DelegatingSmartContextLoader', parent = [null]]]
15:48:51.074 [Test worker] DEBUG org.springframework.test.context.cache - Spring test ApplicationContext cache statistics: [DefaultContextCache@3c78283c size = 1, maxSize = 32, parentContextCount = 0, hitCount = 10, missCount = 1]
15:48:51.075 [Test worker] DEBUG org.springframework.test.context.support.AbstractDirtiesContextTestExecutionListener - After test method: context [DefaultTestContext@385181f4 testClass = TagServiceImplTest, testInstance = com.epam.esm.service.impl.TagServiceImplTest@78b278f3, testMethod = getAllTest@TagServiceImplTest, testException = [null], mergedContextConfiguration = [MergedContextConfiguration@2b0a7799 testClass = TagServiceImplTest, locations = '{}', classes = '{class com.epam.esm.configuration.ServiceTestConfiguration}', contextInitializerClasses = '[]', activeProfiles = '{}', propertySourceLocations = '{}', propertySourceProperties = '{}', contextCustomizers = set[org.springframework.boot.test.autoconfigure.actuate.metrics.MetricsExportContextCustomizerFactory$DisableMetricExportContextCustomizer@6651816e, org.springframework.boot.test.autoconfigure.properties.PropertyMappingContextCustomizer@0, org.springframework.boot.test.autoconfigure.web.servlet.WebDriverContextCustomizerFactory$Customizer@13e8d783, org.springframework.boot.test.context.filter.ExcludeFilterContextCustomizer@17dd04d3, org.springframework.boot.test.json.DuplicateJsonObjectContextCustomizerFactory$DuplicateJsonObjectContextCustomizer@4c36dadc, org.springframework.boot.test.mock.mockito.MockitoContextCustomizer@0], contextLoader = 'org.springframework.test.context.support.DelegatingSmartContextLoader', parent = [null]], attributes = map['org.springframework.test.context.event.ApplicationEventsTestExecutionListener.recordApplicationEvents' -> false]], class annotated with @DirtiesContext [false] with mode [null], method annotated with @DirtiesContext [false] with mode [null].
15:48:51.080 [Test worker] DEBUG org.springframework.test.context.support.DependencyInjectionTestExecutionListener - Performing dependency injection for test context [[DefaultTestContext@385181f4 testClass = TagServiceImplTest, testInstance = com.epam.esm.service.impl.TagServiceImplTest@26c24da7, testMethod = [null], testException = [null], mergedContextConfiguration = [MergedContextConfiguration@2b0a7799 testClass = TagServiceImplTest, locations = '{}', classes = '{class com.epam.esm.configuration.ServiceTestConfiguration}', contextInitializerClasses = '[]', activeProfiles = '{}', propertySourceLocations = '{}', propertySourceProperties = '{}', contextCustomizers = set[org.springframework.boot.test.autoconfigure.actuate.metrics.MetricsExportContextCustomizerFactory$DisableMetricExportContextCustomizer@6651816e, org.springframework.boot.test.autoconfigure.properties.PropertyMappingContextCustomizer@0, org.springframework.boot.test.autoconfigure.web.servlet.WebDriverContextCustomizerFactory$Customizer@13e8d783, org.springframework.boot.test.context.filter.ExcludeFilterContextCustomizer@17dd04d3, org.springframework.boot.test.json.DuplicateJsonObjectContextCustomizerFactory$DuplicateJsonObjectContextCustomizer@4c36dadc, org.springframework.boot.test.mock.mockito.MockitoContextCustomizer@0], contextLoader = 'org.springframework.test.context.support.DelegatingSmartContextLoader', parent = [null]], attributes = map['org.springframework.test.context.event.ApplicationEventsTestExecutionListener.recordApplicationEvents' -> false]]].
15:48:51.081 [Test worker] DEBUG org.springframework.test.context.cache.DefaultCacheAwareContextLoaderDelegate - Retrieved ApplicationContext [680343911] from cache with key [[MergedContextConfiguration@2b0a7799 testClass = TagServiceImplTest, locations = '{}', classes = '{class com.epam.esm.configuration.ServiceTestConfiguration}', contextInitializerClasses = '[]', activeProfiles = '{}', propertySourceLocations = '{}', propertySourceProperties = '{}', contextCustomizers = set[org.springframework.boot.test.autoconfigure.actuate.metrics.MetricsExportContextCustomizerFactory$DisableMetricExportContextCustomizer@6651816e, org.springframework.boot.test.autoconfigure.properties.PropertyMappingContextCustomizer@0, org.springframework.boot.test.autoconfigure.web.servlet.WebDriverContextCustomizerFactory$Customizer@13e8d783, org.springframework.boot.test.context.filter.ExcludeFilterContextCustomizer@17dd04d3, org.springframework.boot.test.json.DuplicateJsonObjectContextCustomizerFactory$DuplicateJsonObjectContextCustomizer@4c36dadc, org.springframework.boot.test.mock.mockito.MockitoContextCustomizer@0], contextLoader = 'org.springframework.test.context.support.DelegatingSmartContextLoader', parent = [null]]]
15:48:51.081 [Test worker] DEBUG org.springframework.test.context.cache - Spring test ApplicationContext cache statistics: [DefaultContextCache@3c78283c size = 1, maxSize = 32, parentContextCount = 0, hitCount = 11, missCount = 1]
15:48:51.081 [Test worker] DEBUG org.springframework.test.context.cache.DefaultCacheAwareContextLoaderDelegate - Retrieved ApplicationContext [680343911] from cache with key [[MergedContextConfiguration@2b0a7799 testClass = TagServiceImplTest, locations = '{}', classes = '{class com.epam.esm.configuration.ServiceTestConfiguration}', contextInitializerClasses = '[]', activeProfiles = '{}', propertySourceLocations = '{}', propertySourceProperties = '{}', contextCustomizers = set[org.springframework.boot.test.autoconfigure.actuate.metrics.MetricsExportContextCustomizerFactory$DisableMetricExportContextCustomizer@6651816e, org.springframework.boot.test.autoconfigure.properties.PropertyMappingContextCustomizer@0, org.springframework.boot.test.autoconfigure.web.servlet.WebDriverContextCustomizerFactory$Customizer@13e8d783, org.springframework.boot.test.context.filter.ExcludeFilterContextCustomizer@17dd04d3, org.springframework.boot.test.json.DuplicateJsonObjectContextCustomizerFactory$DuplicateJsonObjectContextCustomizer@4c36dadc, org.springframework.boot.test.mock.mockito.MockitoContextCustomizer@0], contextLoader = 'org.springframework.test.context.support.DelegatingSmartContextLoader', parent = [null]]]
15:48:51.081 [Test worker] DEBUG org.springframework.test.context.cache - Spring test ApplicationContext cache statistics: [DefaultContextCache@3c78283c size = 1, maxSize = 32, parentContextCount = 0, hitCount = 12, missCount = 1]
15:48:51.083 [Test worker] DEBUG org.springframework.test.context.support.AbstractDirtiesContextTestExecutionListener - Before test method: context [DefaultTestContext@385181f4 testClass = TagServiceImplTest, testInstance = com.epam.esm.service.impl.TagServiceImplTest@26c24da7, testMethod = createTest@TagServiceImplTest, testException = [null], mergedContextConfiguration = [MergedContextConfiguration@2b0a7799 testClass = TagServiceImplTest, locations = '{}', classes = '{class com.epam.esm.configuration.ServiceTestConfiguration}', contextInitializerClasses = '[]', activeProfiles = '{}', propertySourceLocations = '{}', propertySourceProperties = '{}', contextCustomizers = set[org.springframework.boot.test.autoconfigure.actuate.metrics.MetricsExportContextCustomizerFactory$DisableMetricExportContextCustomizer@6651816e, org.springframework.boot.test.autoconfigure.properties.PropertyMappingContextCustomizer@0, org.springframework.boot.test.autoconfigure.web.servlet.WebDriverContextCustomizerFactory$Customizer@13e8d783, org.springframework.boot.test.context.filter.ExcludeFilterContextCustomizer@17dd04d3, org.springframework.boot.test.json.DuplicateJsonObjectContextCustomizerFactory$DuplicateJsonObjectContextCustomizer@4c36dadc, org.springframework.boot.test.mock.mockito.MockitoContextCustomizer@0], contextLoader = 'org.springframework.test.context.support.DelegatingSmartContextLoader', parent = [null]], attributes = map['org.springframework.test.context.event.ApplicationEventsTestExecutionListener.recordApplicationEvents' -> false]], class annotated with @DirtiesContext [false] with mode [null], method annotated with @DirtiesContext [false] with mode [null].
15:48:51.083 [Test worker] DEBUG org.springframework.test.context.cache.DefaultCacheAwareContextLoaderDelegate - Retrieved ApplicationContext [680343911] from cache with key [[MergedContextConfiguration@2b0a7799 testClass = TagServiceImplTest, locations = '{}', classes = '{class com.epam.esm.configuration.ServiceTestConfiguration}', contextInitializerClasses = '[]', activeProfiles = '{}', propertySourceLocations = '{}', propertySourceProperties = '{}', contextCustomizers = set[org.springframework.boot.test.autoconfigure.actuate.metrics.MetricsExportContextCustomizerFactory$DisableMetricExportContextCustomizer@6651816e, org.springframework.boot.test.autoconfigure.properties.PropertyMappingContextCustomizer@0, org.springframework.boot.test.autoconfigure.web.servlet.WebDriverContextCustomizerFactory$Customizer@13e8d783, org.springframework.boot.test.context.filter.ExcludeFilterContextCustomizer@17dd04d3, org.springframework.boot.test.json.DuplicateJsonObjectContextCustomizerFactory$DuplicateJsonObjectContextCustomizer@4c36dadc, org.springframework.boot.test.mock.mockito.MockitoContextCustomizer@0], contextLoader = 'org.springframework.test.context.support.DelegatingSmartContextLoader', parent = [null]]]
15:48:51.083 [Test worker] DEBUG org.springframework.test.context.cache - Spring test ApplicationContext cache statistics: [DefaultContextCache@3c78283c size = 1, maxSize = 32, parentContextCount = 0, hitCount = 13, missCount = 1]
15:48:51.084 [Test worker] DEBUG org.springframework.test.context.cache.DefaultCacheAwareContextLoaderDelegate - Retrieved ApplicationContext [680343911] from cache with key [[MergedContextConfiguration@2b0a7799 testClass = TagServiceImplTest, locations = '{}', classes = '{class com.epam.esm.configuration.ServiceTestConfiguration}', contextInitializerClasses = '[]', activeProfiles = '{}', propertySourceLocations = '{}', propertySourceProperties = '{}', contextCustomizers = set[org.springframework.boot.test.autoconfigure.actuate.metrics.MetricsExportContextCustomizerFactory$DisableMetricExportContextCustomizer@6651816e, org.springframework.boot.test.autoconfigure.properties.PropertyMappingContextCustomizer@0, org.springframework.boot.test.autoconfigure.web.servlet.WebDriverContextCustomizerFactory$Customizer@13e8d783, org.springframework.boot.test.context.filter.ExcludeFilterContextCustomizer@17dd04d3, org.springframework.boot.test.json.DuplicateJsonObjectContextCustomizerFactory$DuplicateJsonObjectContextCustomizer@4c36dadc, org.springframework.boot.test.mock.mockito.MockitoContextCustomizer@0], contextLoader = 'org.springframework.test.context.support.DelegatingSmartContextLoader', parent = [null]]]
15:48:51.084 [Test worker] DEBUG org.springframework.test.context.cache - Spring test ApplicationContext cache statistics: [DefaultContextCache@3c78283c size = 1, maxSize = 32, parentContextCount = 0, hitCount = 14, missCount = 1]
15:48:51.085 [Test worker] DEBUG org.springframework.test.context.cache.DefaultCacheAwareContextLoaderDelegate - Retrieved ApplicationContext [680343911] from cache with key [[MergedContextConfiguration@2b0a7799 testClass = TagServiceImplTest, locations = '{}', classes = '{class com.epam.esm.configuration.ServiceTestConfiguration}', contextInitializerClasses = '[]', activeProfiles = '{}', propertySourceLocations = '{}', propertySourceProperties = '{}', contextCustomizers = set[org.springframework.boot.test.autoconfigure.actuate.metrics.MetricsExportContextCustomizerFactory$DisableMetricExportContextCustomizer@6651816e, org.springframework.boot.test.autoconfigure.properties.PropertyMappingContextCustomizer@0, org.springframework.boot.test.autoconfigure.web.servlet.WebDriverContextCustomizerFactory$Customizer@13e8d783, org.springframework.boot.test.context.filter.ExcludeFilterContextCustomizer@17dd04d3, org.springframework.boot.test.json.DuplicateJsonObjectContextCustomizerFactory$DuplicateJsonObjectContextCustomizer@4c36dadc, org.springframework.boot.test.mock.mockito.MockitoContextCustomizer@0], contextLoader = 'org.springframework.test.context.support.DelegatingSmartContextLoader', parent = [null]]]
15:48:51.085 [Test worker] DEBUG org.springframework.test.context.cache - Spring test ApplicationContext cache statistics: [DefaultContextCache@3c78283c size = 1, maxSize = 32, parentContextCount = 0, hitCount = 15, missCount = 1]
15:48:51.085 [Test worker] DEBUG org.springframework.orm.jpa.JpaTransactionManager - Creating new transaction with name [com.epam.esm.dao.impl.TagDaoImpl.create]: PROPAGATION_REQUIRED,ISOLATION_DEFAULT
15:48:51.085 [Test worker] DEBUG org.springframework.orm.jpa.JpaTransactionManager - Opened new EntityManager [SessionImpl(334388789<open>)] for JPA transaction
15:48:51.086 [Test worker] DEBUG org.hibernate.engine.transaction.internal.TransactionImpl - On TransactionImpl creation, JpaCompliance#isJpaTransactionComplianceEnabled == false
15:48:51.086 [Test worker] DEBUG org.hibernate.engine.transaction.internal.TransactionImpl - begin
15:48:51.086 [Test worker] DEBUG org.springframework.jdbc.datasource.DriverManagerDataSource - Creating new JDBC DriverManager Connection to [jdbc:h2:mem:second;DB_CLOSE_DELAY=-1]
15:48:51.086 [Test worker] DEBUG org.springframework.orm.jpa.JpaTransactionManager - Exposing JPA transaction as JDBC [org.springframework.orm.jpa.vendor.HibernateJpaDialect$HibernateConnectionHandle@15865c80]
15:48:51.087 [Test worker] DEBUG org.hibernate.SQL - select tagentity0_.id as id1_4_, tagentity0_.name as name2_4_ from TagEntity tagentity0_ where tagentity0_.name=?
Hibernate: select tagentity0_.id as id1_4_, tagentity0_.name as name2_4_ from TagEntity tagentity0_ where tagentity0_.name=?
15:48:51.088 [Test worker] DEBUG org.hibernate.stat.internal.StatisticsImpl - HHH000117: HQL: SELECT tag from TagEntity tag where tag.name = ?1, time: 1ms, rows: 0
15:48:51.088 [Test worker] DEBUG org.hibernate.engine.spi.ActionQueue - Executing identity-insert immediately
15:48:51.088 [Test worker] DEBUG org.hibernate.SQL - insert into TagEntity (id, name) values (null, ?)
Hibernate: insert into TagEntity (id, name) values (null, ?)
15:48:51.089 [Test worker] DEBUG org.hibernate.id.IdentifierGeneratorHelper - Natively generated identity: 11
15:48:51.089 [Test worker] DEBUG org.hibernate.resource.jdbc.internal.ResourceRegistryStandardImpl - HHH000387: ResultSet's statement was not registered
15:48:51.089 [Test worker] DEBUG org.hibernate.event.internal.AbstractFlushingEventListener - Processing flush-time cascades
15:48:51.089 [Test worker] DEBUG org.hibernate.event.internal.AbstractFlushingEventListener - Dirty checking collections
15:48:51.089 [Test worker] DEBUG org.hibernate.event.internal.AbstractFlushingEventListener - Flushed: 0 insertions, 0 updates, 0 deletions to 1 objects
15:48:51.089 [Test worker] DEBUG org.hibernate.event.internal.AbstractFlushingEventListener - Flushed: 0 (re)creations, 0 updates, 0 removals to 0 collections
15:48:51.089 [Test worker] DEBUG org.hibernate.internal.util.EntityPrinter - Listing entities:
15:48:51.090 [Test worker] DEBUG org.hibernate.internal.util.EntityPrinter - com.epam.esm.model.entity.TagEntity{name=TEST, id=11}
15:48:51.090 [Test worker] DEBUG org.springframework.orm.jpa.JpaTransactionManager - Initiating transaction commit
15:48:51.090 [Test worker] DEBUG org.springframework.orm.jpa.JpaTransactionManager - Committing JPA transaction on EntityManager [SessionImpl(334388789<open>)]
15:48:51.090 [Test worker] DEBUG org.hibernate.engine.transaction.internal.TransactionImpl - committing
15:48:51.090 [Test worker] DEBUG org.springframework.orm.jpa.JpaTransactionManager - Closing JPA EntityManager [SessionImpl(334388789<open>)] after transaction
15:48:51.090 [Test worker] INFO org.hibernate.engine.internal.StatisticalLoggingSessionEventListener - Session Metrics {
    606700 nanoseconds spent acquiring 1 JDBC connections;
    0 nanoseconds spent releasing 0 JDBC connections;
    355381 nanoseconds spent preparing 2 JDBC statements;
    471237 nanoseconds spent executing 2 JDBC statements;
    0 nanoseconds spent executing 0 JDBC batches;
    0 nanoseconds spent performing 0 L2C puts;
    0 nanoseconds spent performing 0 L2C hits;
    0 nanoseconds spent performing 0 L2C misses;
    414957 nanoseconds spent executing 1 flushes (flushing a total of 1 entities and 0 collections);
    6326 nanoseconds spent executing 1 partial-flushes (flushing a total of 0 entities and 0 collections)
}
15:48:51.091 [Test worker] DEBUG org.springframework.orm.jpa.JpaTransactionManager - Creating new transaction with name [com.epam.esm.dao.impl.TagDaoImpl.loadByName]: PROPAGATION_REQUIRED,ISOLATION_DEFAULT
15:48:51.091 [Test worker] DEBUG org.springframework.orm.jpa.JpaTransactionManager - Opened new EntityManager [SessionImpl(1186192766<open>)] for JPA transaction
15:48:51.091 [Test worker] DEBUG org.hibernate.engine.transaction.internal.TransactionImpl - On TransactionImpl creation, JpaCompliance#isJpaTransactionComplianceEnabled == false
15:48:51.091 [Test worker] DEBUG org.hibernate.engine.transaction.internal.TransactionImpl - begin
15:48:51.091 [Test worker] DEBUG org.springframework.jdbc.datasource.DriverManagerDataSource - Creating new JDBC DriverManager Connection to [jdbc:h2:mem:second;DB_CLOSE_DELAY=-1]
15:48:51.092 [Test worker] DEBUG org.springframework.orm.jpa.JpaTransactionManager - Exposing JPA transaction as JDBC [org.springframework.orm.jpa.vendor.HibernateJpaDialect$HibernateConnectionHandle@441d7dba]
15:48:51.092 [Test worker] DEBUG org.hibernate.hql.internal.ast.QueryTranslatorImpl - parse() - HQL: SELECT tag FROM com.epam.esm.model.entity.TagEntity tag WHERE tag.name = ?1
15:48:51.093 [Test worker] DEBUG org.hibernate.hql.internal.ast.ErrorTracker - throwQueryException() : no errors
15:48:51.094 [Test worker] DEBUG org.hibernate.hql.internal.ast.QueryTranslatorImpl - --- HQL AST ---
 \-[QUERY] Node: 'query'
    +-[SELECT_FROM] Node: 'SELECT_FROM'
    |  +-[FROM] Node: 'FROM'
    |  |  \-[RANGE] Node: 'RANGE'
    |  |     +-[DOT] Node: '.'
    |  |     |  +-[DOT] Node: '.'
    |  |     |  |  +-[DOT] Node: '.'
    |  |     |  |  |  +-[DOT] Node: '.'
    |  |     |  |  |  |  +-[DOT] Node: '.'
    |  |     |  |  |  |  |  +-[IDENT] Node: 'com'
    |  |     |  |  |  |  |  \-[IDENT] Node: 'epam'
    |  |     |  |  |  |  \-[IDENT] Node: 'esm'
    |  |     |  |  |  \-[IDENT] Node: 'model'
    |  |     |  |  \-[IDENT] Node: 'entity'
    |  |     |  \-[IDENT] Node: 'TagEntity'
    |  |     \-[ALIAS] Node: 'tag'
    |  \-[SELECT] Node: 'SELECT'
    |     \-[IDENT] Node: 'tag'
    \-[WHERE] Node: 'WHERE'
       \-[EQ] Node: '='
          +-[DOT] Node: '.'
          |  +-[IDENT] Node: 'tag'
          |  \-[IDENT] Node: 'name'
          \-[PARAM] Node: '?'
             \-[NUM_INT] Node: '1'

15:48:51.094 [Test worker] DEBUG org.hibernate.hql.internal.antlr.HqlSqlBaseWalker - select << begin [level=1, statement=select]
15:48:51.095 [Test worker] DEBUG org.hibernate.hql.internal.ast.tree.FromElement - FromClause{level=1} : com.epam.esm.model.entity.TagEntity (tag) -> tagentity0_
15:48:51.095 [Test worker] DEBUG org.hibernate.hql.internal.ast.tree.FromReferenceNode - Resolved : tag -> tagentity0_.id
15:48:51.095 [Test worker] DEBUG org.hibernate.hql.internal.ast.tree.FromReferenceNode - Resolved : tag -> tagentity0_.id
15:48:51.095 [Test worker] DEBUG org.hibernate.hql.internal.ast.tree.DotNode - getDataType() : name -> org.hibernate.type.StringType@2426d3bc
15:48:51.095 [Test worker] DEBUG org.hibernate.hql.internal.ast.tree.FromReferenceNode - Resolved : tag.name -> tagentity0_.name
15:48:51.096 [Test worker] DEBUG org.hibernate.hql.internal.antlr.HqlSqlBaseWalker - select : finishing up [level=1, statement=select]
15:48:51.096 [Test worker] DEBUG org.hibernate.hql.internal.ast.HqlSqlWalker - processQuery() :  ( SELECT ( {select clause} tagentity0_.id ) ( FromClause{level=1} TagEntity tagentity0_ ) ( WHERE ( = ( tagentity0_.name tagentity0_.id name ) ? ) ) )
15:48:51.096 [Test worker] DEBUG org.hibernate.hql.internal.ast.util.JoinProcessor - Tables referenced from query nodes:
 \-QueryNode
    +-SelectClause
    | referencedTables(entity TagEntity): [TagEntity]
    |  +-IdentNode
    |  | persister: SingleTableEntityPersister(com.epam.esm.model.entity.TagEntity)
    |  | originalText: tag
    |  \-SqlFragment
    +-FromClause
    |  \-FromElement
    \-SqlNode
       \-BinaryLogicOperatorNode
          +-DotNode
          | persister: SingleTableEntityPersister(com.epam.esm.model.entity.TagEntity)
          | path: tag.name
          |  +-IdentNode
          |  | persister: SingleTableEntityPersister(com.epam.esm.model.entity.TagEntity)
          |  | originalText: tag
          |  \-IdentNode
          |    persister: null
          |    originalText: name
          \-ParameterNode

15:48:51.096 [Test worker] DEBUG org.hibernate.hql.internal.ast.util.JoinProcessor - Using FROM fragment [TagEntity tagentity0_]
15:48:51.096 [Test worker] DEBUG org.hibernate.hql.internal.antlr.HqlSqlBaseWalker - select >> end [level=1, statement=select]
15:48:51.097 [Test worker] DEBUG org.hibernate.hql.internal.ast.QueryTranslatorImpl - --- SQL AST ---
 \-[SELECT] QueryNode: 'SELECT'  querySpaces (TagEntity)
    +-[SELECT_CLAUSE] SelectClause: '{select clause}'
    |  +-[ALIAS_REF] IdentNode: 'tagentity0_.id as id1_4_' {alias=tag, className=com.epam.esm.model.entity.TagEntity, tableAlias=tagentity0_}
    |  \-[SQL_TOKEN] SqlFragment: 'tagentity0_.name as name2_4_'
    +-[FROM] FromClause: 'FROM' FromClause{level=1, fromElementCounter=1, fromElements=1, fromElementByClassAlias=[tag], fromElementByTableAlias=[tagentity0_], fromElementsByPath=[], collectionJoinFromElementsByPath=[], impliedElements=[]}
    |  \-[FROM_FRAGMENT] FromElement: 'TagEntity tagentity0_' FromElement{explicit,not a collection join,not a fetch join,fetch non-lazy properties,classAlias=tag,role=null,tableName=TagEntity,tableAlias=tagentity0_,origin=null,columns={,className=com.epam.esm.model.entity.TagEntity}}
    \-[WHERE] SqlNode: 'WHERE'
       \-[EQ] BinaryLogicOperatorNode: '='
          +-[DOT] DotNode: 'tagentity0_.name' {propertyName=name,dereferenceType=PRIMITIVE,getPropertyPath=name,path=tag.name,tableAlias=tagentity0_,className=com.epam.esm.model.entity.TagEntity,classAlias=tag}
          |  +-[ALIAS_REF] IdentNode: 'tagentity0_.id' {alias=tag, className=com.epam.esm.model.entity.TagEntity, tableAlias=tagentity0_}
          |  \-[IDENT] IdentNode: 'name' {originalText=name}
          \-[PARAM] ParameterNode: '?' {label=1, expectedType=org.hibernate.type.StringType@2426d3bc}

15:48:51.097 [Test worker] DEBUG org.hibernate.hql.internal.ast.ErrorTracker - throwQueryException() : no errors
15:48:51.097 [Test worker] DEBUG org.hibernate.hql.internal.ast.QueryTranslatorImpl - HQL: SELECT tag FROM com.epam.esm.model.entity.TagEntity tag WHERE tag.name = ?1
15:48:51.097 [Test worker] DEBUG org.hibernate.hql.internal.ast.QueryTranslatorImpl - SQL: select tagentity0_.id as id1_4_, tagentity0_.name as name2_4_ from TagEntity tagentity0_ where tagentity0_.name=?
15:48:51.097 [Test worker] DEBUG org.hibernate.hql.internal.ast.ErrorTracker - throwQueryException() : no errors
15:48:51.097 [Test worker] DEBUG org.hibernate.SQL - select tagentity0_.id as id1_4_, tagentity0_.name as name2_4_ from TagEntity tagentity0_ where tagentity0_.name=?
Hibernate: select tagentity0_.id as id1_4_, tagentity0_.name as name2_4_ from TagEntity tagentity0_ where tagentity0_.name=?
15:48:51.098 [Test worker] DEBUG org.hibernate.loader.Loader - Result set row: 0
15:48:51.098 [Test worker] DEBUG org.hibernate.loader.Loader - Result row: EntityKey[com.epam.esm.model.entity.TagEntity#11]
15:48:51.098 [Test worker] DEBUG org.hibernate.engine.internal.TwoPhaseLoad - Resolving attributes for [com.epam.esm.model.entity.TagEntity#11]
15:48:51.098 [Test worker] DEBUG org.hibernate.engine.internal.TwoPhaseLoad - Processing attribute `name` : value = TEST
15:48:51.098 [Test worker] DEBUG org.hibernate.engine.internal.TwoPhaseLoad - Attribute (`name`)  - enhanced for lazy-loading? - false
15:48:51.098 [Test worker] DEBUG org.hibernate.engine.internal.TwoPhaseLoad - Done materializing entity [com.epam.esm.model.entity.TagEntity#11]
15:48:51.099 [Test worker] DEBUG org.hibernate.stat.internal.StatisticsImpl - HHH000117: HQL: SELECT tag FROM TagEntity tag WHERE tag.name = ?1, time: 1ms, rows: 1
15:48:51.099 [Test worker] DEBUG org.springframework.orm.jpa.JpaTransactionManager - Initiating transaction commit
15:48:51.099 [Test worker] DEBUG org.springframework.orm.jpa.JpaTransactionManager - Committing JPA transaction on EntityManager [SessionImpl(1186192766<open>)]
15:48:51.099 [Test worker] DEBUG org.hibernate.engine.transaction.internal.TransactionImpl - committing
15:48:51.100 [Test worker] DEBUG org.springframework.orm.jpa.JpaTransactionManager - Closing JPA EntityManager [SessionImpl(1186192766<open>)] after transaction
15:48:51.100 [Test worker] INFO org.hibernate.engine.internal.StatisticalLoggingSessionEventListener - Session Metrics {
    578803 nanoseconds spent acquiring 1 JDBC connections;
    0 nanoseconds spent releasing 0 JDBC connections;
    213599 nanoseconds spent preparing 1 JDBC statements;
    186518 nanoseconds spent executing 1 JDBC statements;
    0 nanoseconds spent executing 0 JDBC batches;
    0 nanoseconds spent performing 0 L2C puts;
    0 nanoseconds spent performing 0 L2C hits;
    0 nanoseconds spent performing 0 L2C misses;
    0 nanoseconds spent executing 0 flushes (flushing a total of 0 entities and 0 collections);
    6186 nanoseconds spent executing 1 partial-flushes (flushing a total of 0 entities and 0 collections)
}
15:48:51.100 [Test worker] DEBUG org.springframework.test.context.cache.DefaultCacheAwareContextLoaderDelegate - Retrieved ApplicationContext [680343911] from cache with key [[MergedContextConfiguration@2b0a7799 testClass = TagServiceImplTest, locations = '{}', classes = '{class com.epam.esm.configuration.ServiceTestConfiguration}', contextInitializerClasses = '[]', activeProfiles = '{}', propertySourceLocations = '{}', propertySourceProperties = '{}', contextCustomizers = set[org.springframework.boot.test.autoconfigure.actuate.metrics.MetricsExportContextCustomizerFactory$DisableMetricExportContextCustomizer@6651816e, org.springframework.boot.test.autoconfigure.properties.PropertyMappingContextCustomizer@0, org.springframework.boot.test.autoconfigure.web.servlet.WebDriverContextCustomizerFactory$Customizer@13e8d783, org.springframework.boot.test.context.filter.ExcludeFilterContextCustomizer@17dd04d3, org.springframework.boot.test.json.DuplicateJsonObjectContextCustomizerFactory$DuplicateJsonObjectContextCustomizer@4c36dadc, org.springframework.boot.test.mock.mockito.MockitoContextCustomizer@0], contextLoader = 'org.springframework.test.context.support.DelegatingSmartContextLoader', parent = [null]]]
15:48:51.100 [Test worker] DEBUG org.springframework.test.context.cache - Spring test ApplicationContext cache statistics: [DefaultContextCache@3c78283c size = 1, maxSize = 32, parentContextCount = 0, hitCount = 16, missCount = 1]
15:48:51.101 [Test worker] DEBUG org.springframework.test.context.cache.DefaultCacheAwareContextLoaderDelegate - Retrieved ApplicationContext [680343911] from cache with key [[MergedContextConfiguration@2b0a7799 testClass = TagServiceImplTest, locations = '{}', classes = '{class com.epam.esm.configuration.ServiceTestConfiguration}', contextInitializerClasses = '[]', activeProfiles = '{}', propertySourceLocations = '{}', propertySourceProperties = '{}', contextCustomizers = set[org.springframework.boot.test.autoconfigure.actuate.metrics.MetricsExportContextCustomizerFactory$DisableMetricExportContextCustomizer@6651816e, org.springframework.boot.test.autoconfigure.properties.PropertyMappingContextCustomizer@0, org.springframework.boot.test.autoconfigure.web.servlet.WebDriverContextCustomizerFactory$Customizer@13e8d783, org.springframework.boot.test.context.filter.ExcludeFilterContextCustomizer@17dd04d3, org.springframework.boot.test.json.DuplicateJsonObjectContextCustomizerFactory$DuplicateJsonObjectContextCustomizer@4c36dadc, org.springframework.boot.test.mock.mockito.MockitoContextCustomizer@0], contextLoader = 'org.springframework.test.context.support.DelegatingSmartContextLoader', parent = [null]]]
15:48:51.101 [Test worker] DEBUG org.springframework.test.context.cache - Spring test ApplicationContext cache statistics: [DefaultContextCache@3c78283c size = 1, maxSize = 32, parentContextCount = 0, hitCount = 17, missCount = 1]
15:48:51.102 [Test worker] DEBUG org.springframework.test.context.cache.DefaultCacheAwareContextLoaderDelegate - Retrieved ApplicationContext [680343911] from cache with key [[MergedContextConfiguration@2b0a7799 testClass = TagServiceImplTest, locations = '{}', classes = '{class com.epam.esm.configuration.ServiceTestConfiguration}', contextInitializerClasses = '[]', activeProfiles = '{}', propertySourceLocations = '{}', propertySourceProperties = '{}', contextCustomizers = set[org.springframework.boot.test.autoconfigure.actuate.metrics.MetricsExportContextCustomizerFactory$DisableMetricExportContextCustomizer@6651816e, org.springframework.boot.test.autoconfigure.properties.PropertyMappingContextCustomizer@0, org.springframework.boot.test.autoconfigure.web.servlet.WebDriverContextCustomizerFactory$Customizer@13e8d783, org.springframework.boot.test.context.filter.ExcludeFilterContextCustomizer@17dd04d3, org.springframework.boot.test.json.DuplicateJsonObjectContextCustomizerFactory$DuplicateJsonObjectContextCustomizer@4c36dadc, org.springframework.boot.test.mock.mockito.MockitoContextCustomizer@0], contextLoader = 'org.springframework.test.context.support.DelegatingSmartContextLoader', parent = [null]]]
15:48:51.103 [Test worker] DEBUG org.springframework.test.context.cache - Spring test ApplicationContext cache statistics: [DefaultContextCache@3c78283c size = 1, maxSize = 32, parentContextCount = 0, hitCount = 18, missCount = 1]
15:48:51.103 [Test worker] DEBUG org.springframework.test.context.cache.DefaultCacheAwareContextLoaderDelegate - Retrieved ApplicationContext [680343911] from cache with key [[MergedContextConfiguration@2b0a7799 testClass = TagServiceImplTest, locations = '{}', classes = '{class com.epam.esm.configuration.ServiceTestConfiguration}', contextInitializerClasses = '[]', activeProfiles = '{}', propertySourceLocations = '{}', propertySourceProperties = '{}', contextCustomizers = set[org.springframework.boot.test.autoconfigure.actuate.metrics.MetricsExportContextCustomizerFactory$DisableMetricExportContextCustomizer@6651816e, org.springframework.boot.test.autoconfigure.properties.PropertyMappingContextCustomizer@0, org.springframework.boot.test.autoconfigure.web.servlet.WebDriverContextCustomizerFactory$Customizer@13e8d783, org.springframework.boot.test.context.filter.ExcludeFilterContextCustomizer@17dd04d3, org.springframework.boot.test.json.DuplicateJsonObjectContextCustomizerFactory$DuplicateJsonObjectContextCustomizer@4c36dadc, org.springframework.boot.test.mock.mockito.MockitoContextCustomizer@0], contextLoader = 'org.springframework.test.context.support.DelegatingSmartContextLoader', parent = [null]]]
15:48:51.103 [Test worker] DEBUG org.springframework.test.context.cache - Spring test ApplicationContext cache statistics: [DefaultContextCache@3c78283c size = 1, maxSize = 32, parentContextCount = 0, hitCount = 19, missCount = 1]
15:48:51.103 [Test worker] DEBUG org.springframework.test.context.cache.DefaultCacheAwareContextLoaderDelegate - Retrieved ApplicationContext [680343911] from cache with key [[MergedContextConfiguration@2b0a7799 testClass = TagServiceImplTest, locations = '{}', classes = '{class com.epam.esm.configuration.ServiceTestConfiguration}', contextInitializerClasses = '[]', activeProfiles = '{}', propertySourceLocations = '{}', propertySourceProperties = '{}', contextCustomizers = set[org.springframework.boot.test.autoconfigure.actuate.metrics.MetricsExportContextCustomizerFactory$DisableMetricExportContextCustomizer@6651816e, org.springframework.boot.test.autoconfigure.properties.PropertyMappingContextCustomizer@0, org.springframework.boot.test.autoconfigure.web.servlet.WebDriverContextCustomizerFactory$Customizer@13e8d783, org.springframework.boot.test.context.filter.ExcludeFilterContextCustomizer@17dd04d3, org.springframework.boot.test.json.DuplicateJsonObjectContextCustomizerFactory$DuplicateJsonObjectContextCustomizer@4c36dadc, org.springframework.boot.test.mock.mockito.MockitoContextCustomizer@0], contextLoader = 'org.springframework.test.context.support.DelegatingSmartContextLoader', parent = [null]]]
15:48:51.103 [Test worker] DEBUG org.springframework.test.context.cache - Spring test ApplicationContext cache statistics: [DefaultContextCache@3c78283c size = 1, maxSize = 32, parentContextCount = 0, hitCount = 20, missCount = 1]
15:48:51.103 [Test worker] DEBUG org.springframework.test.context.cache.DefaultCacheAwareContextLoaderDelegate - Retrieved ApplicationContext [680343911] from cache with key [[MergedContextConfiguration@2b0a7799 testClass = TagServiceImplTest, locations = '{}', classes = '{class com.epam.esm.configuration.ServiceTestConfiguration}', contextInitializerClasses = '[]', activeProfiles = '{}', propertySourceLocations = '{}', propertySourceProperties = '{}', contextCustomizers = set[org.springframework.boot.test.autoconfigure.actuate.metrics.MetricsExportContextCustomizerFactory$DisableMetricExportContextCustomizer@6651816e, org.springframework.boot.test.autoconfigure.properties.PropertyMappingContextCustomizer@0, org.springframework.boot.test.autoconfigure.web.servlet.WebDriverContextCustomizerFactory$Customizer@13e8d783, org.springframework.boot.test.context.filter.ExcludeFilterContextCustomizer@17dd04d3, org.springframework.boot.test.json.DuplicateJsonObjectContextCustomizerFactory$DuplicateJsonObjectContextCustomizer@4c36dadc, org.springframework.boot.test.mock.mockito.MockitoContextCustomizer@0], contextLoader = 'org.springframework.test.context.support.DelegatingSmartContextLoader', parent = [null]]]
15:48:51.103 [Test worker] DEBUG org.springframework.test.context.cache - Spring test ApplicationContext cache statistics: [DefaultContextCache@3c78283c size = 1, maxSize = 32, parentContextCount = 0, hitCount = 21, missCount = 1]
15:48:51.104 [Test worker] DEBUG org.springframework.test.context.support.AbstractDirtiesContextTestExecutionListener - After test method: context [DefaultTestContext@385181f4 testClass = TagServiceImplTest, testInstance = com.epam.esm.service.impl.TagServiceImplTest@26c24da7, testMethod = createTest@TagServiceImplTest, testException = [null], mergedContextConfiguration = [MergedContextConfiguration@2b0a7799 testClass = TagServiceImplTest, locations = '{}', classes = '{class com.epam.esm.configuration.ServiceTestConfiguration}', contextInitializerClasses = '[]', activeProfiles = '{}', propertySourceLocations = '{}', propertySourceProperties = '{}', contextCustomizers = set[org.springframework.boot.test.autoconfigure.actuate.metrics.MetricsExportContextCustomizerFactory$DisableMetricExportContextCustomizer@6651816e, org.springframework.boot.test.autoconfigure.properties.PropertyMappingContextCustomizer@0, org.springframework.boot.test.autoconfigure.web.servlet.WebDriverContextCustomizerFactory$Customizer@13e8d783, org.springframework.boot.test.context.filter.ExcludeFilterContextCustomizer@17dd04d3, org.springframework.boot.test.json.DuplicateJsonObjectContextCustomizerFactory$DuplicateJsonObjectContextCustomizer@4c36dadc, org.springframework.boot.test.mock.mockito.MockitoContextCustomizer@0], contextLoader = 'org.springframework.test.context.support.DelegatingSmartContextLoader', parent = [null]], attributes = map['org.springframework.test.context.event.ApplicationEventsTestExecutionListener.recordApplicationEvents' -> false]], class annotated with @DirtiesContext [false] with mode [null], method annotated with @DirtiesContext [false] with mode [null].
15:48:51.106 [Test worker] DEBUG org.springframework.test.context.cache.DefaultCacheAwareContextLoaderDelegate - Retrieved ApplicationContext [680343911] from cache with key [[MergedContextConfiguration@2b0a7799 testClass = TagServiceImplTest, locations = '{}', classes = '{class com.epam.esm.configuration.ServiceTestConfiguration}', contextInitializerClasses = '[]', activeProfiles = '{}', propertySourceLocations = '{}', propertySourceProperties = '{}', contextCustomizers = set[org.springframework.boot.test.autoconfigure.actuate.metrics.MetricsExportContextCustomizerFactory$DisableMetricExportContextCustomizer@6651816e, org.springframework.boot.test.autoconfigure.properties.PropertyMappingContextCustomizer@0, org.springframework.boot.test.autoconfigure.web.servlet.WebDriverContextCustomizerFactory$Customizer@13e8d783, org.springframework.boot.test.context.filter.ExcludeFilterContextCustomizer@17dd04d3, org.springframework.boot.test.json.DuplicateJsonObjectContextCustomizerFactory$DuplicateJsonObjectContextCustomizer@4c36dadc, org.springframework.boot.test.mock.mockito.MockitoContextCustomizer@0], contextLoader = 'org.springframework.test.context.support.DelegatingSmartContextLoader', parent = [null]]]
15:48:51.106 [Test worker] DEBUG org.springframework.test.context.cache - Spring test ApplicationContext cache statistics: [DefaultContextCache@3c78283c size = 1, maxSize = 32, parentContextCount = 0, hitCount = 22, missCount = 1]
15:48:51.107 [Test worker] DEBUG org.springframework.test.context.support.AbstractDirtiesContextTestExecutionListener - After test class: context [DefaultTestContext@385181f4 testClass = TagServiceImplTest, testInstance = [null], testMethod = [null], testException = [null], mergedContextConfiguration = [MergedContextConfiguration@2b0a7799 testClass = TagServiceImplTest, locations = '{}', classes = '{class com.epam.esm.configuration.ServiceTestConfiguration}', contextInitializerClasses = '[]', activeProfiles = '{}', propertySourceLocations = '{}', propertySourceProperties = '{}', contextCustomizers = set[org.springframework.boot.test.autoconfigure.actuate.metrics.MetricsExportContextCustomizerFactory$DisableMetricExportContextCustomizer@6651816e, org.springframework.boot.test.autoconfigure.properties.PropertyMappingContextCustomizer@0, org.springframework.boot.test.autoconfigure.web.servlet.WebDriverContextCustomizerFactory$Customizer@13e8d783, org.springframework.boot.test.context.filter.ExcludeFilterContextCustomizer@17dd04d3, org.springframework.boot.test.json.DuplicateJsonObjectContextCustomizerFactory$DuplicateJsonObjectContextCustomizer@4c36dadc, org.springframework.boot.test.mock.mockito.MockitoContextCustomizer@0], contextLoader = 'org.springframework.test.context.support.DelegatingSmartContextLoader', parent = [null]], attributes = map['org.springframework.test.context.event.ApplicationEventsTestExecutionListener.recordApplicationEvents' -> false]], class annotated with @DirtiesContext [false] with mode [null].
]]></system-out>
  <system-err><![CDATA[]]></system-err>
</testsuite>
